data before
[0.00000000e+00 0.00000000e+00 0.00000000e+00 0.00000000e+00
 0.00000000e+00 0.00000000e+00 0.00000000e+00 0.00000000e+00
 0.00000000e+00 0.00000000e+00 0.00000000e+00 0.00000000e+00
 0.00000000e+00 0.00000000e+00 0.00000000e+00 0.00000000e+00
 0.00000000e+00 0.00000000e+00 0.00000000e+00 0.00000000e+00
 0.00000000e+00 0.00000000e+00 0.00000000e+00 0.00000000e+00
 0.00000000e+00 0.00000000e+00 0.00000000e+00 0.00000000e+00
 0.00000000e+00 0.00000000e+00 0.00000000e+00 0.00000000e+00
 0.00000000e+00 0.00000000e+00 0.00000000e+00 0.00000000e+00
 0.00000000e+00 0.00000000e+00 0.00000000e+00 0.00000000e+00
 0.00000000e+00 0.00000000e+00 0.00000000e+00 0.00000000e+00
 0.00000000e+00 0.00000000e+00 0.00000000e+00 0.00000000e+00
 0.00000000e+00 0.00000000e+00 0.00000000e+00 0.00000000e+00
 0.00000000e+00 0.00000000e+00 0.00000000e+00 0.00000000e+00
 0.00000000e+00 0.00000000e+00 0.00000000e+00 0.00000000e+00
 0.00000000e+00 0.00000000e+00 0.00000000e+00 0.00000000e+00
 0.00000000e+00 0.00000000e+00 0.00000000e+00 0.00000000e+00
 0.00000000e+00 0.00000000e+00 0.00000000e+00 0.00000000e+00
 0.00000000e+00 0.00000000e+00 0.00000000e+00 0.00000000e+00
 0.00000000e+00 0.00000000e+00 0.00000000e+00 0.00000000e+00
 0.00000000e+00 0.00000000e+00 0.00000000e+00 0.00000000e+00
 0.00000000e+00 0.00000000e+00 0.00000000e+00 0.00000000e+00
 0.00000000e+00 0.00000000e+00 0.00000000e+00 0.00000000e+00
 0.00000000e+00 0.00000000e+00 0.00000000e+00 0.00000000e+00
 0.00000000e+00 0.00000000e+00 0.00000000e+00 0.00000000e+00
 3.99917285e+03 4.09349307e+03 4.18900919e+03 4.31761486e+03
 4.46858124e+03 4.67214498e+03 4.77040354e+03 4.78990898e+03
 4.99249271e+03 5.09890959e+03 5.16257346e+03 5.33621830e+03
 5.46901496e+03 5.50925597e+03 5.71845049e+03 5.81377899e+03
 5.95499518e+03 5.99846194e+03 6.12520484e+03 6.20136950e+03
 6.36030222e+03 6.46620880e+03 6.55786221e+03 6.65638113e+03
 6.73027045e+03 6.79599240e+03 6.77075421e+03 6.85627622e+03
 6.86751745e+03 6.93362963e+03 6.97398978e+03 6.99102463e+03
 7.02194552e+03 7.01510865e+03 6.91348295e+03 6.90618433e+03
 6.88736804e+03 6.85222686e+03 6.83607985e+03 6.74953048e+03
 6.63129537e+03 6.49702784e+03 6.33064651e+03 6.24349259e+03
 6.12486547e+03 5.96797485e+03 5.81289482e+03 5.64500456e+03
 5.46445199e+03 5.28570721e+03 5.07112051e+03 4.88662006e+03
 4.71410164e+03 4.43596625e+03 4.22275235e+03 4.04409316e+03
 3.78567216e+03 3.55706684e+03 3.37276675e+03 3.18573196e+03
 2.95298609e+03 2.77170255e+03 2.56364505e+03 2.36076223e+03
 2.14762994e+03 1.95972088e+03 1.78405415e+03 1.63717694e+03
 1.48212717e+03 1.30862759e+03 1.15881785e+03 1.01973555e+03
 8.82572782e+02 7.69731047e+02 6.55579332e+02 5.56825612e+02
 4.65788875e+02 3.72412625e+02 3.02654031e+02 2.35827382e+02
 1.84919251e+02 1.51748449e+02 1.20339923e+02 9.51942940e+01
 6.98915359e+01 4.97278668e+01 3.50183706e+01 2.27935627e+01
 1.67224834e+01 6.11254536e+00 2.13772191e-01 0.00000000e+00
 0.00000000e+00 0.00000000e+00 0.00000000e+00 0.00000000e+00
 0.00000000e+00 0.00000000e+00 0.00000000e+00 0.00000000e+00
 0.00000000e+00]
11
data after
[3999.172853990216, 4093.4930679617564, 4189.009186950694, 4317.614862069198, 4468.581244980631, 4672.14498396161, 4770.403539529381, 4789.908982225598, 4992.4927111342095, 5098.909585106079, 5162.573457747849, 5336.218298014386, 5469.0149597177315, 5509.2559725793435, 5718.45048557639, 5813.778985874477, 5954.995177961661, 5998.4619416566375, 6125.204837122925, 6201.3695033776285, 6360.302222248993, 6466.2088037369, 6557.862207685114, 6656.381129803694, 6730.270452696272, 6795.9924020571225, 6770.7542059695415, 6856.276223225938, 6867.51745248695, 6933.629633867718, 6973.989777905922, 6991.024634719257, 7021.945515468467, 7015.10865205828, 6913.482947139102, 6906.184333525683, 6887.368040462674, 6852.226857707736, 6836.079850301795, 6749.530478621285, 6631.295374865141, 6497.027837117781, 6330.646505500835, 6243.492588721901, 6124.865469135418, 5967.974854497105, 5812.89481761292, 5645.0045595941865, 5464.451989655234, 5285.707205782858, 5071.120510259974, 4886.6200607872415, 4714.101638130021, 4435.966247861008, 4222.7523526978375, 4044.0931593391174, 3785.672155598102, 3557.0668384849773, 3372.766747817556, 3185.7319563724063, 2952.9860921182244, 2771.7025545072506, 2563.6450484441666, 2360.7622294012963, 2147.6299393595787, 1959.7208755913837, 1784.0541493253472, 1637.1769434108212, 1482.1271663498176, 1308.627592907726, 1158.8178497061658, 1019.7355476341888, 882.5727819812581, 769.7310468790099, 655.5793316375116, 556.8256123217536, 465.78887510781067, 372.4126250548374, 302.6540305397017, 235.82738249113035, 184.9192511929056, 151.74844850173486, 120.33992349047594, 95.19429401027713, 69.89153594805428, 49.727866765873046, 35.01837056810998, 22.793562691953895, 23.048800915341364]
17
data,sig_tot
[3999.17285399 4093.49306796 4189.00918695 4317.61486207 4468.58124498
 4672.14498396 4770.40353953 4789.90898223 4992.49271113 5098.90958511
 5162.57345775 5336.21829801 5469.01495972 5509.25597258 5718.45048558
 5813.77898587 5954.99517796 5998.46194166 6125.20483712 6201.36950338
 6360.30222225 6466.20880374 6557.86220769 6656.3811298  6730.2704527
 6795.99240206 6770.75420597 6856.27622323 6867.51745249 6933.62963387
 6973.98977791 6991.02463472 7021.94551547 7015.10865206 6913.48294714
 6906.18433353 6887.36804046 6852.22685771 6836.0798503  6749.53047862
 6631.29537487 6497.02783712 6330.6465055  6243.49258872 6124.86546914
 5967.9748545  5812.89481761 5645.00455959 5464.45198966 5285.70720578
 5071.12051026 4886.62006079 4714.10163813 4435.96624786 4222.7523527
 4044.09315934 3785.6721556  3557.06683848 3372.76674782 3185.73195637
 2952.98609212 2771.70255451 2563.64504844 2360.7622294  2147.62993936
 1959.72087559 1784.05414933 1637.17694341 1482.12716635 1308.62759291
 1158.81784971 1019.73554763  882.57278198  769.73104688  655.57933164
  556.82561232  465.78887511  372.41262505  302.65403054  235.82738249
  184.91925119  151.7484485   120.33992349   95.19429401   69.89153595
   49.72786677   35.01837057   22.79356269   23.04880092  573.1436874
  603.79489472  631.05573529  655.40962781  672.24402913  699.02747651
  732.23805934  769.00827711  790.18637722  808.42985995  842.30515638
  863.7593593   913.19289361  915.52032569  968.69163291  991.637138
 1007.43296418 1038.30017656 1080.1833786  1095.55652063 1123.14568643
 1155.84492328 1178.45794324 1214.31853403 1224.89240197 1226.01054277
 1259.60171201 1273.95491271 1286.54032426 1306.7678866  1316.75930566
 1322.60851819 1338.00322713 1335.94047679 1340.65369346 1326.88026875
 1323.44727481 1314.62219199 1292.95375127 1296.30441677 1279.44456291
 1257.1801007  1225.58386077 1199.59280425 1180.85433805 1135.71006714
 1112.88059028 1075.41181626 1039.96097342  995.45870338  950.47090402
  901.37289244  859.49711452  807.33746422  762.55759869  706.58901582
  657.40893761  613.44347661  562.2454875   516.61910935  472.60484671
  423.66312885  384.25763245  340.01415764  300.88719732  263.15014207
  231.59569911  202.0479232   173.77056482  145.27741205  121.07690242
   97.65623543   78.7396764    62.93550825   52.50849306   42.54736837
   32.45089191   23.95386191   27.41271738   28.25799328]
[3999.17285399 4093.49306796 4189.00918695 4317.61486207 4468.58124498
 4672.14498396 4770.40353953 4789.90898223 4992.49271113 5098.90958511
 5162.57345775 5336.21829801 5469.01495972 5509.25597258 5718.45048558
 5813.77898587 5954.99517796 5998.46194166 6125.20483712 6201.36950338
 6360.30222225 6466.20880374 6557.86220769 6656.3811298  6730.2704527
 6795.99240206 6770.75420597 6856.27622323 6867.51745249 6933.62963387
 6973.98977791 6991.02463472 7021.94551547 7015.10865206 6913.48294714
 6906.18433353 6887.36804046 6852.22685771 6836.0798503  6749.53047862
 6631.29537487 6497.02783712 6330.6465055  6243.49258872 6124.86546914
 5967.9748545  5812.89481761 5645.00455959 5464.45198966 5285.70720578
 5071.12051026 4886.62006079 4714.10163813 4435.96624786 4222.7523527
 4044.09315934 3785.6721556  3557.06683848 3372.76674782 3185.73195637
 2952.98609212 2771.70255451 2563.64504844 2360.7622294  2147.62993936
 1959.72087559 1784.05414933 1637.17694341 1482.12716635 1308.62759291
 1158.81784971 1019.73554763  882.57278198  769.73104688  655.57933164
  556.82561232  465.78887511  372.41262505  302.65403054  235.82738249
  184.91925119  151.7484485   120.33992349   95.19429401   69.89153595
   49.72786677   35.01837057   22.79356269   23.04880092  573.1436874
  603.79489472  631.05573529  655.40962781  672.24402913  699.02747651
  732.23805934  769.00827711  790.18637722  808.42985995  842.30515638
  863.7593593   913.19289361  915.52032569  968.69163291  991.637138
 1007.43296418 1038.30017656 1080.1833786  1095.55652063 1123.14568643
 1155.84492328 1178.45794324 1214.31853403 1224.89240197 1226.01054277
 1259.60171201 1273.95491271 1286.54032426 1306.7678866  1316.75930566
 1322.60851819 1338.00322713 1335.94047679 1340.65369346 1326.88026875
 1323.44727481 1314.62219199 1292.95375127 1296.30441677 1279.44456291
 1257.1801007  1225.58386077 1199.59280425 1180.85433805 1135.71006714
 1112.88059028 1075.41181626 1039.96097342  995.45870338  950.47090402
  901.37289244  859.49711452  807.33746422  762.55759869  706.58901582
  657.40893761  613.44347661  562.2454875   516.61910935  472.60484671
  423.66312885  384.25763245  340.01415764  300.88719732  263.15014207
  231.59569911  202.0479232   173.77056482  145.27741205  121.07690242
   97.65623543   78.7396764    62.93550825   52.50849306   42.54736837
   32.45089191   23.95386191   27.41271738   28.25799328]
2.472756211543436 16.92720201245698 92.79494123134316
val isze = 16
idinces = [ 52  43 133  19  67 108 110 140  10 130  97  83 105 103  59  58 160 102
  49  20  66 112 111  55  39 159 136 104  47  24 109   1  21 119  81 137
  91 142  76 132  35  56 124   2  63  90  38  70 148  78 135  95  60  98
  87 138  68 128  26  61  72  41 165  32  69  48  25  53  82 114  51  14
 154  29   3  23 127 161  37 158 162  45  99 152  42  79 134 147  12 155
  22  85   6 149 145 129 121  34 144  50 101 106 117   4   5  44 116  96
  84 146 167  75   7  46  17 141 163  71 118  80 131 166 168 150  74  28
  11 120  94 143  93  18  27  36  57  31  65  89  30  86  92 126  13  77
 151 153  33  62 122 107  88  54 139 100  16 115  40   0  73   8 164 157
 156 123 113  64  15 125   9]
we are doing training validation split
training loss = 60.45929718017578 500
val loss = 61.985816955566406
training loss = 10.418571472167969 1000
val loss = 11.03416633605957
training loss = 3.551002264022827 1500
val loss = 5.798573970794678
training loss = 3.2372100353240967 2000
val loss = 5.122763156890869
training loss = 3.177497386932373 2500
val loss = 4.9323954582214355
training loss = 3.1300435066223145 3000
val loss = 4.826015472412109
training loss = 3.0855631828308105 3500
val loss = 4.744596481323242
training loss = 3.757917881011963 4000
val loss = 5.587831497192383
training loss = 2.981403112411499 4500
val loss = 4.530036449432373
training loss = 2.9124412536621094 5000
val loss = 4.39896297454834
training loss = 2.821152448654175 5500
val loss = 4.2106733322143555
training loss = 2.6754226684570312 6000
val loss = 3.888479232788086
training loss = 2.427793264389038 6500
val loss = 3.333988666534424
training loss = 2.223308801651001 7000
val loss = 2.8635196685791016
training loss = 2.1602776050567627 7500
val loss = 2.841714382171631
training loss = 2.141622304916382 8000
val loss = 2.7845540046691895
training loss = 2.132786273956299 8500
val loss = 2.744933605194092
training loss = 2.1258089542388916 9000
val loss = 2.7277281284332275
training loss = 2.1195645332336426 9500
val loss = 2.727618455886841
training loss = 2.115413188934326 10000
val loss = 2.7406117916107178
training loss = 4.90725040435791 10500
val loss = 5.600707054138184
training loss = 2.1032063961029053 11000
val loss = 2.6924986839294434
training loss = 2.100384473800659 11500
val loss = 2.6900172233581543
training loss = 2.0982203483581543 12000
val loss = 2.681276321411133
training loss = 2.096688985824585 12500
val loss = 2.6757702827453613
training loss = 2.0955331325531006 13000
val loss = 2.6716408729553223
training loss = 2.0946502685546875 13500
val loss = 2.6694531440734863
training loss = 2.093858480453491 14000
val loss = 2.665518283843994
training loss = 2.093449592590332 14500
val loss = 2.65740966796875
training loss = 2.092655897140503 15000
val loss = 2.6553003787994385
training loss = 2.0945234298706055 15500
val loss = 2.6471967697143555
training loss = 2.093777894973755 16000
val loss = 2.644721508026123
training loss = 2.0907645225524902 16500
val loss = 2.6497509479522705
training loss = 2.0902137756347656 17000
val loss = 2.6470375061035156
training loss = 2.0926692485809326 17500
val loss = 2.6355767250061035
training loss = 2.08921217918396 18000
val loss = 2.6422953605651855
training loss = 2.0886051654815674 18500
val loss = 2.6388602256774902
training loss = 2.088078260421753 19000
val loss = 2.6360161304473877
training loss = 2.087447166442871 19500
val loss = 2.6300737857818604
training loss = 2.0868961811065674 20000
val loss = 2.626183032989502
training loss = 2.0868186950683594 20500
val loss = 2.6200296878814697
training loss = 2.2078514099121094 21000
val loss = 2.6709022521972656
training loss = 2.1031713485717773 21500
val loss = 2.6212081909179688
training loss = 2.0850884914398193 22000
val loss = 2.620105266571045
training loss = 2.0845282077789307 22500
val loss = 2.6135406494140625
training loss = 2.0840981006622314 23000
val loss = 2.6101856231689453
training loss = 2.086171865463257 23500
val loss = 2.601088523864746
training loss = 2.118955373764038 24000
val loss = 2.6190237998962402
training loss = 2.086895227432251 24500
val loss = 2.6001944541931152
training loss = 2.0827178955078125 25000
val loss = 2.60476016998291
training loss = 2.0824100971221924 25500
val loss = 2.603482723236084
training loss = 2.082073211669922 26000
val loss = 2.601287841796875
training loss = 2.081753730773926 26500
val loss = 2.5996761322021484
training loss = 2.081346035003662 27000
val loss = 2.596320629119873
training loss = 3.104409694671631 27500
val loss = 3.7409706115722656
training loss = 2.0811235904693604 28000
val loss = 2.5975570678710938
training loss = 2.080584764480591 28500
val loss = 2.5950822830200195
training loss = 2.0803117752075195 29000
val loss = 2.5937981605529785
training loss = 2.080017328262329 29500
val loss = 2.5922319889068604
training loss = 2.2173852920532227 30000
val loss = 2.7661495208740234
reduced chi^2 level 2 = 2.3093552589416504
Constrained alpha: 2.187854290008545
Constrained beta: 2.945688009262085
Constrained gamma: 27.13681411743164
(1, 153)
(1, 16)
