data before
[ 0.00000000e+00  0.00000000e+00  0.00000000e+00  0.00000000e+00
  0.00000000e+00  0.00000000e+00  0.00000000e+00  0.00000000e+00
  0.00000000e+00  0.00000000e+00  0.00000000e+00  0.00000000e+00
  0.00000000e+00  0.00000000e+00  0.00000000e+00  0.00000000e+00
  0.00000000e+00  0.00000000e+00  0.00000000e+00  0.00000000e+00
  0.00000000e+00  0.00000000e+00  0.00000000e+00  0.00000000e+00
  0.00000000e+00  0.00000000e+00  0.00000000e+00  0.00000000e+00
  0.00000000e+00  0.00000000e+00  0.00000000e+00  0.00000000e+00
  0.00000000e+00  0.00000000e+00  0.00000000e+00  0.00000000e+00
  0.00000000e+00  0.00000000e+00  0.00000000e+00  0.00000000e+00
  0.00000000e+00  0.00000000e+00  0.00000000e+00  0.00000000e+00
  0.00000000e+00  0.00000000e+00  0.00000000e+00  0.00000000e+00
  0.00000000e+00  0.00000000e+00  0.00000000e+00  0.00000000e+00
  0.00000000e+00  0.00000000e+00  4.38357839e-02  0.00000000e+00
  3.24850123e-01 -1.40573708e-01  4.81974546e-01  5.46325291e-01
  6.84972483e-01  1.94993704e+00  4.19802247e+00  9.24700881e+00
  1.62501430e+01  2.85869505e+01  4.29116919e+01  5.53773307e+01
  6.46463736e+01  9.26122364e+01  1.05980434e+02  1.25108156e+02
  1.43473331e+02  1.60365023e+02  2.15621171e+02  2.30265552e+02
  2.52061145e+02  2.72741123e+02  3.00133103e+02  3.12398947e+02
  3.46169270e+02  3.97945601e+02  4.37725245e+02  4.93528488e+02
  5.65412666e+02  6.21876567e+02  6.71989216e+02  7.06380517e+02
  7.53292108e+02  8.18732299e+02  8.72129298e+02  9.58422040e+02
  1.02507805e+03  1.10234791e+03  1.20454510e+03  1.30995702e+03
  1.43137909e+03  1.57479073e+03  1.67008497e+03  1.83991360e+03
  2.02970423e+03  2.14669403e+03  2.28397653e+03  2.47029139e+03
  2.61132959e+03  2.72993867e+03  2.92793277e+03  3.05132480e+03
  3.19560579e+03  3.50007442e+03  3.65688785e+03  3.85510279e+03
  4.00796097e+03  4.72853609e+03  5.21459797e+03  5.71968778e+03
  6.08710205e+03  6.40526758e+03  6.67474238e+03  6.75823741e+03
  6.87729886e+03  7.06602385e+03  7.20476525e+03  7.04679710e+03
  6.88983639e+03  7.01950362e+03  6.97544557e+03  6.99514055e+03
  6.94741355e+03  6.89254747e+03  6.84429243e+03  6.80068467e+03
  6.84621597e+03  6.80536304e+03  6.73608915e+03  6.57559775e+03
  6.53135800e+03  6.39074646e+03  6.34367590e+03  6.19218157e+03
  6.04322917e+03  5.85248691e+03  5.82859505e+03  5.67437746e+03
  5.54190158e+03  5.32040736e+03  5.16609123e+03  4.90055874e+03
  4.68453850e+03  4.40788579e+03  4.21294169e+03  4.05500929e+03
  3.80222073e+03  3.63965689e+03  3.39334894e+03  3.16131855e+03
  2.96100475e+03  2.73349814e+03  2.51996014e+03  2.34257098e+03
  2.18770219e+03  2.01254560e+03  1.81297106e+03  1.63335983e+03
  1.48984585e+03  1.34045493e+03  1.19411149e+03  1.04743845e+03
  9.26691641e+02  8.08634618e+02  6.90952625e+02  5.80887621e+02
  5.03206876e+02  4.19937300e+02  3.50231964e+02  2.94863120e+02
  2.38239124e+02  1.86435497e+02  1.44280369e+02  1.09128253e+02
  8.16035600e+01  6.44190588e+01  5.01220757e+01  3.78945624e+01
  2.74721893e+01  1.94758049e+01  1.31084280e+01  8.79443232e+00
  6.33636203e+00  3.04679814e+00 -1.80259116e-02  0.00000000e+00
  0.00000000e+00  0.00000000e+00  0.00000000e+00  0.00000000e+00
  0.00000000e+00  0.00000000e+00  0.00000000e+00  0.00000000e+00
  0.00000000e+00]
14
data after
[33.58649587988061, 28.586950459039883, 42.91169189648772, 55.377330703651246, 64.64637364201484, 92.61223644524496, 105.98043442437728, 125.10815568719856, 143.47333055828855, 160.36502328214536, 215.6211709685434, 230.2655516438276, 252.06114543358765, 272.7411232458751, 300.13310311191185, 312.39894734139517, 346.16926981325804, 397.94560088296834, 437.72524517942736, 493.5284884439179, 565.412665583878, 621.8765673915163, 671.9892155106746, 706.3805165817832, 753.2921078481248, 818.7322991470967, 872.1292982787887, 958.4220395120738, 1025.0780530846762, 1102.3479137869758, 1204.5450961790343, 1309.9570203115773, 1431.379088552909, 1574.790725869207, 1670.0849651229812, 1839.9136046038257, 2029.7042270841207, 2146.6940292718928, 2283.9765272141112, 2470.291385983383, 2611.3295858536726, 2729.9386738804114, 2927.9327680405527, 3051.3248016591156, 3195.6057936389284, 3500.0744164883067, 3656.887849831864, 3855.1027904145203, 4007.960966624818, 4728.536088905014, 5214.5979729608525, 5719.687776303024, 6087.102046222669, 6405.267583881798, 6674.742375213295, 6758.237405137072, 6877.298860645807, 7066.023847536428, 7204.765247406352, 7046.797104258553, 6889.836386366878, 7019.503620016053, 6975.445572716888, 6995.140553962419, 6947.41354798103, 6892.547471517269, 6844.292431137908, 6800.684673209002, 6846.215971674236, 6805.363044789377, 6736.089149182234, 6575.597752306596, 6531.357996244666, 6390.746456391771, 6343.675899717654, 6192.181571678404, 6043.229171369781, 5852.486909334989, 5828.595045660896, 5674.377456979226, 5541.901583082557, 5320.407364985972, 5166.0912269789815, 4900.558739545265, 4684.538502946444, 4407.885792843548, 4212.941694442261, 4055.009288278539, 3802.2207255977482, 3639.6568878773437, 3393.348941114419, 3161.3185483185516, 2961.00475480586, 2733.4981395286914, 2519.960136720215, 2342.5709847402914, 2187.7021903423583, 2012.5456027810674, 1812.9710582010414, 1633.3598310396815, 1489.8458477159897, 1340.4549258863137, 1194.1114915763585, 1047.4384549560334, 926.6916409181523, 808.6346183488298, 690.9526251660441, 580.8876210187838, 503.206875510546, 419.93730029557906, 350.23196426298045, 294.86312013436947, 238.23912394816304, 186.43549747538773, 144.28036853561153, 109.12825304202148, 81.6035600170363, 64.41905875412318, 50.12207574740447, 37.89456242861384, 27.472189300801098, 50.7437994689501]
15
data,sig_tot
[  33.58649588   28.58695046   42.9116919    55.3773307    64.64637364
   92.61223645  105.98043442  125.10815569  143.47333056  160.36502328
  215.62117097  230.26555164  252.06114543  272.74112325  300.13310311
  312.39894734  346.16926981  397.94560088  437.72524518  493.52848844
  565.41266558  621.87656739  671.98921551  706.38051658  753.29210785
  818.73229915  872.12929828  958.42203951 1025.07805308 1102.34791379
 1204.54509618 1309.95702031 1431.37908855 1574.79072587 1670.08496512
 1839.9136046  2029.70422708 2146.69402927 2283.97652721 2470.29138598
 2611.32958585 2729.93867388 2927.93276804 3051.32480166 3195.60579364
 3500.07441649 3656.88784983 3855.10279041 4007.96096662 4728.53608891
 5214.59797296 5719.6877763  6087.10204622 6405.26758388 6674.74237521
 6758.23740514 6877.29886065 7066.02384754 7204.76524741 7046.79710426
 6889.83638637 7019.50362002 6975.44557272 6995.14055396 6947.41354798
 6892.54747152 6844.29243114 6800.68467321 6846.21597167 6805.36304479
 6736.08914918 6575.59775231 6531.35799624 6390.74645639 6343.67589972
 6192.18157168 6043.22917137 5852.48690933 5828.59504566 5674.37745698
 5541.90158308 5320.40736499 5166.09122698 4900.55873955 4684.53850295
 4407.88579284 4212.94169444 4055.00928828 3802.2207256  3639.65688788
 3393.34894111 3161.31854832 2961.00475481 2733.49813953 2519.96013672
 2342.57098474 2187.70219034 2012.54560278 1812.9710582  1633.35983104
 1489.84584772 1340.45492589 1194.11149158 1047.43845496  926.69164092
  808.63461835  690.95262517  580.88762102  503.20687551  419.9373003
  350.23196426  294.86312013  238.23912395  186.43549748  144.28036854
  109.12825304   81.60356002   64.41905875   50.12207575   37.89456243
   27.4721893    50.74379947   22.14283232   30.02241475   45.22982084
   34.80406396   43.32603919   55.86190522   65.48166925   81.85025775
  100.26829669  113.6917653   140.28241184  152.52650466  178.14702814
  201.01942373  223.44392491  250.19869593  268.96323871  284.19196445
  314.25019673  344.6506949   359.26000433  390.70366065  407.10049631
  427.73157711  459.07411653  464.3469874   503.8518393   533.27634304
  560.02275072  581.33599385  643.0673951   662.51264208  704.5651728
  753.33317575  798.3461116   841.04322384  869.62726666  917.3288104
  956.39336843 1016.89277565 1058.8929729  1105.90612179 1120.30283524
 1178.01550794 1390.40108692 1584.75208781 1655.44957409 1716.97836344
 1705.62931064 1700.25409994 1666.36764868 1615.79377615 1542.59228024
 1538.78113518 1461.04516989 1435.99285233 1459.92597929 1506.66698106
 1515.51367388 1482.23693283 1498.87706945 1488.76209871 1460.5392633
 1431.48383572 1366.85551985 1349.47368164 1306.29402449 1261.17208616
 1215.3014808  1175.55572747 1131.3181679  1082.17925589 1034.65081585
  984.35116989  953.71356577  907.99193931  846.35902161  790.80113687
  741.05611494  681.81940276  642.42394518  602.75484625  560.9245811
  521.06633778  481.77152643  444.01440891  411.02530636  389.02749434
  354.18452636  322.17622852  289.78690696  264.95297325  242.13832516
  221.89616726  198.78281395  179.56602561  158.48792344  142.26450748
  122.02295449  105.95161801   90.74226418   78.09956546   65.79587596
   55.49735184   47.69956412   40.29738241   34.74758269   29.41501582
   23.89521179   34.27331812   21.97760298   26.07299175]
[  33.58649588   28.58695046   42.9116919    55.3773307    64.64637364
   92.61223645  105.98043442  125.10815569  143.47333056  160.36502328
  215.62117097  230.26555164  252.06114543  272.74112325  300.13310311
  312.39894734  346.16926981  397.94560088  437.72524518  493.52848844
  565.41266558  621.87656739  671.98921551  706.38051658  753.29210785
  818.73229915  872.12929828  958.42203951 1025.07805308 1102.34791379
 1204.54509618 1309.95702031 1431.37908855 1574.79072587 1670.08496512
 1839.9136046  2029.70422708 2146.69402927 2283.97652721 2470.29138598
 2611.32958585 2729.93867388 2927.93276804 3051.32480166 3195.60579364
 3500.07441649 3656.88784983 3855.10279041 4007.96096662 4728.53608891
 5214.59797296 5719.6877763  6087.10204622 6405.26758388 6674.74237521
 6758.23740514 6877.29886065 7066.02384754 7204.76524741 7046.79710426
 6889.83638637 7019.50362002 6975.44557272 6995.14055396 6947.41354798
 6892.54747152 6844.29243114 6800.68467321 6846.21597167 6805.36304479
 6736.08914918 6575.59775231 6531.35799624 6390.74645639 6343.67589972
 6192.18157168 6043.22917137 5852.48690933 5828.59504566 5674.37745698
 5541.90158308 5320.40736499 5166.09122698 4900.55873955 4684.53850295
 4407.88579284 4212.94169444 4055.00928828 3802.2207256  3639.65688788
 3393.34894111 3161.31854832 2961.00475481 2733.49813953 2519.96013672
 2342.57098474 2187.70219034 2012.54560278 1812.9710582  1633.35983104
 1489.84584772 1340.45492589 1194.11149158 1047.43845496  926.69164092
  808.63461835  690.95262517  580.88762102  503.20687551  419.9373003
  350.23196426  294.86312013  238.23912395  186.43549748  144.28036854
  109.12825304   81.60356002   64.41905875   50.12207575   37.89456243
   27.4721893    50.74379947   22.14283232   30.02241475   45.22982084
   34.80406396   43.32603919   55.86190522   65.48166925   81.85025775
  100.26829669  113.6917653   140.28241184  152.52650466  178.14702814
  201.01942373  223.44392491  250.19869593  268.96323871  284.19196445
  314.25019673  344.6506949   359.26000433  390.70366065  407.10049631
  427.73157711  459.07411653  464.3469874   503.8518393   533.27634304
  560.02275072  581.33599385  643.0673951   662.51264208  704.5651728
  753.33317575  798.3461116   841.04322384  869.62726666  917.3288104
  956.39336843 1016.89277565 1058.8929729  1105.90612179 1120.30283524
 1178.01550794 1390.40108692 1584.75208781 1655.44957409 1716.97836344
 1705.62931064 1700.25409994 1666.36764868 1615.79377615 1542.59228024
 1538.78113518 1461.04516989 1435.99285233 1459.92597929 1506.66698106
 1515.51367388 1482.23693283 1498.87706945 1488.76209871 1460.5392633
 1431.48383572 1366.85551985 1349.47368164 1306.29402449 1261.17208616
 1215.3014808  1175.55572747 1131.3181679  1082.17925589 1034.65081585
  984.35116989  953.71356577  907.99193931  846.35902161  790.80113687
  741.05611494  681.81940276  642.42394518  602.75484625  560.9245811
  521.06633778  481.77152643  444.01440891  411.02530636  389.02749434
  354.18452636  322.17622852  289.78690696  264.95297325  242.13832516
  221.89616726  198.78281395  179.56602561  158.48792344  142.26450748
  122.02295449  105.95161801   90.74226418   78.09956546   65.79587596
   55.49735184   47.69956412   40.29738241   34.74758269   29.41501582
   23.89521179   34.27331812   21.97760298   26.07299175]
2.494064761014278 12.072315336974222 49.76237976831379
val isze = 23
idinces = [ 26 210 183 138 127  78  47 124 176 130 149 227 206 180 114  70 129  58
  87 119 190 175  59  56 136 198  68  24 189 186  19 203  35  55  49 173
 163 102 202  63 109 155  20 181   5 152  91 142 154   1   2  61 196  10
  60  46   6 191  69 111  52  98 167 117 205   7 233  39  76 161 132 222
 199 195 209 121 166  72 224 160  83 218 103  43 165  21 148  37 194  75
 120 182  99 131 185  95 168  67  66 225  22  38 229 220 101 188 219 162
 172 116 193 146  90  41  80 105  81  32 232 106  48 110  25  53 169  17
 216 144  51  14 147  82  84 215  29   3  23 128  45 223  97 187  42 204
  79 208  12 112  11  85 134 143 192 174 104  34 108  50 159 170 171   4
 133  44  96 207  28 135 145 178 211  71 118 184 230 137  74 226 213  94
 151 150 201  93  18  27  36  57  31  65 140  89 158  30  86  92 141 126
 153  13 197  77 212 179 177 214 200  33  62 122 107  88  54 139 100  16
 115 164  40   0  73   8 231 157 221 217 156 123 113  64  15 228 125   9]
we are doing training validation split
training loss = 12.826037406921387 500
val loss = 9.710555076599121
training loss = 11.5852689743042 1000
val loss = 9.67477035522461
training loss = 11.21146011352539 1500
val loss = 9.527120590209961
training loss = 10.907937049865723 2000
val loss = 9.281071662902832
training loss = 10.631609916687012 2500
val loss = 9.037723541259766
training loss = 9.713153839111328 3000
val loss = 8.244876861572266
training loss = 5.784672260284424 3500
val loss = 4.715236186981201
training loss = 2.640011787414551 4000
val loss = 2.7532951831817627
training loss = 2.345679759979248 4500
val loss = 2.7377285957336426
training loss = 2.2243692874908447 5000
val loss = 2.7108986377716064
training loss = 2.132261037826538 5500
val loss = 2.6272242069244385
training loss = 2.1017537117004395 6000
val loss = 2.5652055740356445
training loss = 2.5364747047424316 6500
val loss = 3.1824381351470947
training loss = 2.17794132232666 7000
val loss = 2.6224796772003174
training loss = 2.0573484897613525 7500
val loss = 2.5362706184387207
training loss = 2.0620930194854736 8000
val loss = 2.5744261741638184
training loss = 2.043776273727417 8500
val loss = 2.554917335510254
training loss = 2.0434157848358154 9000
val loss = 2.5319716930389404
training loss = 2.0232346057891846 9500
val loss = 2.526306629180908
training loss = 2.015862464904785 10000
val loss = 2.52636456489563
training loss = 2.010037660598755 10500
val loss = 2.521423578262329
training loss = 2.004700183868408 11000
val loss = 2.517033338546753
training loss = 2.0010828971862793 11500
val loss = 2.520402193069458
training loss = 1.9952564239501953 12000
val loss = 2.5110809803009033
training loss = 1.991081953048706 12500
val loss = 2.501396656036377
training loss = 1.9867900609970093 13000
val loss = 2.501959800720215
training loss = 1.9895617961883545 13500
val loss = 2.512355089187622
training loss = 1.9787737131118774 14000
val loss = 2.484361171722412
training loss = 1.9745018482208252 14500
val loss = 2.4809069633483887
training loss = 1.9710474014282227 15000
val loss = 2.472130298614502
training loss = 1.968051791191101 15500
val loss = 2.4656736850738525
training loss = 1.965362787246704 16000
val loss = 2.457679510116577
training loss = 1.9631139039993286 16500
val loss = 2.450821876525879
training loss = 1.9612780809402466 17000
val loss = 2.443263292312622
training loss = 1.9597431421279907 17500
val loss = 2.43790602684021
training loss = 2.938244581222534 18000
val loss = 3.6564853191375732
training loss = 1.9571506977081299 18500
val loss = 2.4246156215667725
training loss = 2.0111331939697266 19000
val loss = 2.4496824741363525
training loss = 1.955612301826477 19500
val loss = 2.414292335510254
training loss = 1.9550689458847046 20000
val loss = 2.4095847606658936
training loss = 1.954653024673462 20500
val loss = 2.404658079147339
training loss = 2.3325960636138916 21000
val loss = 2.7670304775238037
training loss = 1.9552513360977173 21500
val loss = 2.393648862838745
training loss = 1.970881700515747 22000
val loss = 2.4225406646728516
training loss = 2.536872386932373 22500
val loss = 2.974259853363037
training loss = 3.3015549182891846 23000
val loss = 3.7977304458618164
training loss = 1.9539121389389038 23500
val loss = 2.3823249340057373
training loss = 1.9533722400665283 24000
val loss = 2.3758575916290283
training loss = 1.9533188343048096 24500
val loss = 2.37196946144104
training loss = 1.9532368183135986 25000
val loss = 2.3681604862213135
training loss = 1.953101634979248 25500
val loss = 2.364168405532837
training loss = 1.9529914855957031 26000
val loss = 2.360140562057495
training loss = 1.9528980255126953 26500
val loss = 2.3561911582946777
training loss = 1.9527204036712646 27000
val loss = 2.3519158363342285
training loss = 1.95262610912323 27500
val loss = 2.347212791442871
training loss = 1.9524517059326172 28000
val loss = 2.342935800552368
training loss = 1.9522829055786133 28500
val loss = 2.3381435871124268
training loss = 1.9524815082550049 29000
val loss = 2.3324732780456543
training loss = 1.9521461725234985 29500
val loss = 2.331827402114868
training loss = 1.951405644416809 30000
val loss = 2.324540853500366
reduced chi^2 level 2 = 1.9513945579528809
Constrained alpha: 2.364159345626831
Constrained beta: 2.270843267440796
Constrained gamma: 16.063989639282227
(1, 211)
(1, 23)
