data before
[0.00000000e+00 0.00000000e+00 0.00000000e+00 0.00000000e+00
 0.00000000e+00 0.00000000e+00 0.00000000e+00 0.00000000e+00
 0.00000000e+00 0.00000000e+00 0.00000000e+00 0.00000000e+00
 0.00000000e+00 0.00000000e+00 0.00000000e+00 0.00000000e+00
 0.00000000e+00 0.00000000e+00 0.00000000e+00 0.00000000e+00
 0.00000000e+00 0.00000000e+00 0.00000000e+00 0.00000000e+00
 0.00000000e+00 0.00000000e+00 0.00000000e+00 0.00000000e+00
 0.00000000e+00 0.00000000e+00 0.00000000e+00 0.00000000e+00
 0.00000000e+00 0.00000000e+00 0.00000000e+00 0.00000000e+00
 0.00000000e+00 0.00000000e+00 0.00000000e+00 0.00000000e+00
 0.00000000e+00 0.00000000e+00 0.00000000e+00 0.00000000e+00
 0.00000000e+00 0.00000000e+00 0.00000000e+00 0.00000000e+00
 0.00000000e+00 0.00000000e+00 0.00000000e+00 0.00000000e+00
 0.00000000e+00 0.00000000e+00 0.00000000e+00 0.00000000e+00
 0.00000000e+00 0.00000000e+00 0.00000000e+00 0.00000000e+00
 0.00000000e+00 0.00000000e+00 0.00000000e+00 0.00000000e+00
 0.00000000e+00 0.00000000e+00 0.00000000e+00 0.00000000e+00
 0.00000000e+00 0.00000000e+00 0.00000000e+00 0.00000000e+00
 0.00000000e+00 0.00000000e+00 0.00000000e+00 0.00000000e+00
 0.00000000e+00 0.00000000e+00 0.00000000e+00 0.00000000e+00
 0.00000000e+00 0.00000000e+00 0.00000000e+00 0.00000000e+00
 0.00000000e+00 0.00000000e+00 0.00000000e+00 0.00000000e+00
 0.00000000e+00 0.00000000e+00 0.00000000e+00 0.00000000e+00
 0.00000000e+00 0.00000000e+00 0.00000000e+00 0.00000000e+00
 0.00000000e+00 0.00000000e+00 0.00000000e+00 0.00000000e+00
 0.00000000e+00 0.00000000e+00 0.00000000e+00 5.09962470e-04
 6.17681912e-03 1.90658795e-02 3.58779431e-02 5.73144858e-02
 8.36183786e-02 1.20764602e-01 1.65846256e-01 2.08717705e-01
 2.61395583e-01 3.28717764e-01 4.11505522e-01 5.00227068e-01
 6.18756863e-01 7.41616609e-01 8.86445234e-01 1.02171715e+00
 1.17019534e+00 1.36758474e+00 1.52140547e+00 1.73697089e+00
 2.00275520e+00 2.31675794e+00 2.56716587e+00 2.91471923e+00
 3.21110022e+00 3.50259648e+00 3.80061490e+00 4.12149248e+00
 4.40604205e+00 4.69953470e+00 5.04045418e+00 5.19270946e+00
 5.43637692e+00 5.68800106e+00 5.84830314e+00 6.12681790e+00
 6.29492020e+00 6.47198175e+00 6.73922476e+00 6.78402117e+00
 6.91379120e+00 7.03315520e+00 7.09295667e+00 7.23914657e+00
 7.28264852e+00 7.27081965e+00 7.28909584e+00 7.24833884e+00
 7.18323133e+00 7.08968069e+00 6.99029131e+00 6.91517258e+00
 6.81203194e+00 6.57841295e+00 6.31359192e+00 5.99613972e+00
 5.64871237e+00 5.39413461e+00 5.23139774e+00 4.99928285e+00
 4.73021059e+00 4.39794536e+00 3.98811035e+00 3.57415740e+00
 3.23875802e+00 3.10839101e+00 2.89973626e+00 2.62907599e+00
 2.33302021e+00 1.97751466e+00 1.63365443e+00 1.38954365e+00
 1.27410443e+00 1.16701871e+00 9.57448244e-01 7.76372264e-01
 5.53745310e-01 3.15630974e-01 1.87450641e-01 1.85290087e-01
 1.83373151e-01 1.36348893e-01 1.03782107e-01 7.51870915e-02
 3.76040116e-02 7.52563354e-02 3.60260527e-02 0.00000000e+00
 0.00000000e+00 0.00000000e+00 0.00000000e+00 0.00000000e+00
 0.00000000e+00 0.00000000e+00 0.00000000e+00 0.00000000e+00
 0.00000000e+00]
30
data after
[21.06582851058889, 23.741380833111567, 21.357541618200386, 24.742022989739386, 20.437037127557097, 21.365258435936546, 21.842563997344207, 21.521250857925743, 20.717495829272828, 24.53685696180709, 20.355025794679822, 37.23454564883964]
36
data,sig_tot
[21.06582851 23.74138083 21.35754162 24.74202299 20.43703713 21.36525844
 21.842564   21.52125086 20.71749583 24.53685696 20.35502579 37.23454565
 20.26304733 20.6680425  27.71182085]
[21.06582851 23.74138083 21.35754162 24.74202299 20.43703713 21.36525844
 21.842564   21.52125086 20.71749583 24.53685696 20.35502579 37.23454565
 20.26304733 20.6680425  27.71182085]
0.39957347308131774 1.3187328122034647 56.33748932704099
val isze = 0
idinces = [ 3  7 12  6  8  2 10  5 11 14  1  0  4 13  9]
training loss = 0.8428953886032104 500
training loss = 0.7666163444519043 1000
training loss = 0.5085560083389282 1500
training loss = 0.3666689097881317 2000
reduced chi^2 level 2 = 0.36324959993362427
Constrained alpha: 2.412670850753784
Constrained beta: 0.6361175179481506
Constrained gamma: 11.771881103515625
(1, 15)
(1, 0)
