data before
[  355.61478125  3387.41175     6815.5135      9293.728
 11079.3        12178.866      12863.104      13232.412
 13283.141      13249.49       12986.983      12685.435
 12310.527      11945.98       11427.244      10874.944
 10518.463       9982.133       9575.397       9042.782
  8671.202       8291.4925      7828.606       7505.164
  7094.3425      6743.164       6466.828       6160.5385
  5771.7505      5544.4475      5217.592       4946.1355
  4724.7575      4481.208       4269.212       4023.878
  3767.64775     3614.0935      3443.74875     3282.5365
  3072.28975     2921.72175     2766.99675     2631.405
  2455.72625     2370.32975     2244.58025     2092.647375
  1981.4365      1893.661625    1761.468125    1643.499875
  1543.438       1454.996625    1381.416875    1285.593375
  1197.169625    1136.841       1031.7308125   1018.99875
   946.10875      895.996875     801.7734375    732.6275
   691.8978125    640.580875     590.8483125    557.6539375
   532.53825      487.58365625   444.236375     387.11565625
   364.99984375   337.631625     321.92821875   296.88146875
   257.52320313   246.21067188   217.29904688   184.52051563
   173.11029688   155.22607813   137.88635938   125.37122656
   114.68585938    98.65473438    88.34791406    72.43759375
    68.53567969    57.48647656    55.26062891    49.58188672
    43.75491797    35.74480469    34.55396484    28.65197461
    24.62651172    19.07520313    17.71925586    14.09252441]
1
data after
[355.61478125, 3387.41175, 6815.5135, 9293.728000000001, 11079.300000000001, 12178.866, 12863.104, 13232.412, 13283.141, 13249.49, 12986.983, 12685.435, 12310.527, 11945.98, 11427.244, 10874.944, 10518.463, 9982.133, 9575.397, 9042.782000000001, 8671.202, 8291.4925, 7828.606, 7505.164, 7094.3425, 6743.164, 6466.828, 6160.538500000001, 5771.7505, 5544.4475, 5217.592000000001, 4946.1355, 4724.7575, 4481.2080000000005, 4269.212, 4023.878, 3767.64775, 3614.0935, 3443.74875, 3282.5365, 3072.28975, 2921.72175, 2766.9967500000002, 2631.405, 2455.72625, 2370.32975, 2244.58025, 2092.647375, 1981.4365, 1893.661625, 1761.468125, 1643.499875, 1543.438, 1454.996625, 1381.4168750000001, 1285.593375, 1197.169625, 1136.8410000000001, 1031.7308125, 1018.99875, 946.10875, 895.996875, 801.7734375, 732.6275, 691.8978125, 640.580875, 590.8483125, 557.6539375, 532.5382500000001, 487.58365625, 444.236375, 387.11565625000003, 364.99984375, 337.631625, 321.92821875, 296.88146875, 257.523203125, 246.210671875, 217.29904687500002, 184.520515625, 173.11029687500002, 155.22607812500002, 137.886359375, 125.3712265625, 114.685859375, 98.654734375, 88.3479140625, 72.43759375, 68.53567968750001, 57.4864765625, 55.26062890625, 49.58188671875, 43.75491796875, 35.7448046875, 34.55396484375, 28.651974609375, 24.62651171875, 50.8869833984375]
7
data,sig_tot
[  355.61478125  3387.41175     6815.5135      9293.728
 11079.3        12178.866      12863.104      13232.412
 13283.141      13249.49       12986.983      12685.435
 12310.527      11945.98       11427.244      10874.944
 10518.463       9982.133       9575.397       9042.782
  8671.202       8291.4925      7828.606       7505.164
  7094.3425      6743.164       6466.828       6160.5385
  5771.7505      5544.4475      5217.592       4946.1355
  4724.7575      4481.208       4269.212       4023.878
  3767.64775     3614.0935      3443.74875     3282.5365
  3072.28975     2921.72175     2766.99675     2631.405
  2455.72625     2370.32975     2244.58025     2092.647375
  1981.4365      1893.661625    1761.468125    1643.499875
  1543.438       1454.996625    1381.416875    1285.593375
  1197.169625    1136.841       1031.7308125   1018.99875
   946.10875      895.996875     801.7734375    732.6275
   691.8978125    640.580875     590.8483125    557.6539375
   532.53825      487.58365625   444.236375     387.11565625
   364.99984375   337.631625     321.92821875   296.88146875
   257.52320313   246.21067188   217.29904688   184.52051563
   173.11029688   155.22607813   137.88635938   125.37122656
   114.68585938    98.65473438    88.34791406    72.43759375
    68.53567969    57.48647656    55.26062891    49.58188672
    43.75491797    35.74480469    34.55396484    28.65197461
    24.62651172    50.8869834     43.4996875    692.8395
  1623.969375    2314.29225     2779.383       3026.292
  3154.31375     3196.07425     3141.4895      3052.01125
  2911.27675     2772.902       2636.348       2459.93575
  2277.0455      2153.198       2014.845       1869.897125
  1708.10925     1589.928       1485.671375    1376.144125
  1268.017375    1176.327625    1087.43575      997.87775
   925.19975      851.7011875    786.520625     731.8223125
   670.9871875    619.4935       566.22325      538.6359375
   488.69303125   460.54875      414.95015625   384.41425
   358.537125     320.71559375   302.95125      273.569625
   260.72623437   235.87495313   212.68489063   201.2825
   173.80232813   166.55128125   154.3768125    143.46390625
   133.43795313   117.11672656   107.87510938    97.55642187
    87.24704687    83.19089063    75.00121094    64.68313281
    62.8128125     58.33417969    50.04232031    43.08566797
    42.90588672    38.05053516    34.57588281    31.20304883
    30.64068945    24.23967187    24.08909375    22.46408789
    20.55732031    32.02829199    24.25775098    20.94595313
    23.45131445    21.64159082    26.71475974]
[  355.61478125  3387.41175     6815.5135      9293.728
 11079.3        12178.866      12863.104      13232.412
 13283.141      13249.49       12986.983      12685.435
 12310.527      11945.98       11427.244      10874.944
 10518.463       9982.133       9575.397       9042.782
  8671.202       8291.4925      7828.606       7505.164
  7094.3425      6743.164       6466.828       6160.5385
  5771.7505      5544.4475      5217.592       4946.1355
  4724.7575      4481.208       4269.212       4023.878
  3767.64775     3614.0935      3443.74875     3282.5365
  3072.28975     2921.72175     2766.99675     2631.405
  2455.72625     2370.32975     2244.58025     2092.647375
  1981.4365      1893.661625    1761.468125    1643.499875
  1543.438       1454.996625    1381.416875    1285.593375
  1197.169625    1136.841       1031.7308125   1018.99875
   946.10875      895.996875     801.7734375    732.6275
   691.8978125    640.580875     590.8483125    557.6539375
   532.53825      487.58365625   444.236375     387.11565625
   364.99984375   337.631625     321.92821875   296.88146875
   257.52320313   246.21067188   217.29904688   184.52051563
   173.11029688   155.22607812   137.88635938   125.37122656
   114.68585938    98.65473438    88.34791406    72.43759375
    68.53567969    57.48647656    55.26062891    49.58188672
    43.75491797    35.74480469    34.55396484    28.65197461
    24.62651172    50.8869834     43.4996875    692.8395
  1623.969375    2314.29225     2779.383       3026.292
  3154.31375     3196.07425     3141.4895      3052.01125
  2911.27675     2772.902       2636.348       2459.93575
  2277.0455      2153.198       2014.845       1869.897125
  1708.10925     1589.928       1485.671375    1376.144125
  1268.017375    1176.327625    1087.43575      997.87775
   925.19975      851.7011875    786.520625     731.8223125
   670.9871875    619.4935       566.22325      538.6359375
   488.69303125   460.54875      414.95015625   384.41425
   358.537125     320.71559375   302.95125      273.569625
   260.72623437   235.87495313   212.68489063   201.2825
   173.80232813   166.55128125   154.3768125    143.46390625
   133.43795313   117.11672656   107.87510938    97.55642187
    87.24704688    83.19089062    75.00121094    64.68313281
    62.8128125     58.33417969    50.04232031    43.08566797
    42.90588672    38.05053516    34.57588281    31.20304883
    30.64068945    24.23967187    24.08909375    22.46408789
    20.55732031    32.02829199    24.25775098    20.94595312
    23.45131445    21.64159082    26.71475974]
3.5904830935485728 15.378527787860339 88.98877769095309
val isze = 17
idinces = [ 68 101  20 114  55  91 161  39  59  10  19 146 155  60 151  58  82 121
 106 166   1 137  47  72  66  78  67 144 103  49 120  87  69 165 154  26
  61  56  24 131 119  21 169 132  90  97 102  80  43 148  83 136  35  63
  81   2  70  98  38  52 171 174  99 158 128  95 112 143 117  41  32  76
  48  25  53 142 124  51  14 160  29   3  23 129 163  37 164 162  45 109
 134  42  79 138 153 145  12 173  22  85   6 105 110 133 130 104  34 150
 108  50 111 116 127   4   5  44 147  96  84 152  28  75   7  46  17  11
 168  71 118 135 172  74  94 149  93  18  27  36  57  31  65 140  89  30
  86  92 141 126  13  77 167 159  33  62 122 107  88  54 139 100  16 115
  40   0  73   8 170 157 156 123 113  64  15 125   9]
we are doing training validation split
training loss = 11.180848121643066 500
val loss = 13.728181838989258
training loss = 10.975837707519531 1000
val loss = 13.828904151916504
training loss = 10.683328628540039 1500
val loss = 13.824992179870605
training loss = 2.1095731258392334 2000
val loss = 2.394697666168213
training loss = 2.0037338733673096 2500
val loss = 2.343264579772949
training loss = 1.9719016551971436 3000
val loss = 2.3312859535217285
training loss = 2.0176336765289307 3500
val loss = 2.3441715240478516
training loss = 1.931625247001648 4000
val loss = 2.319714307785034
training loss = 1.9152311086654663 4500
val loss = 2.305776596069336
training loss = 1.9848111867904663 5000
val loss = 2.4499125480651855
training loss = 1.8907718658447266 5500
val loss = 2.287158489227295
training loss = 1.8821017742156982 6000
val loss = 2.282928943634033
training loss = 1.8744374513626099 6500
val loss = 2.279954195022583
training loss = 1.8679219484329224 7000
val loss = 2.2783327102661133
training loss = 1.862030029296875 7500
val loss = 2.2752017974853516
training loss = 1.8957288265228271 8000
val loss = 2.358586311340332
training loss = 1.8529049158096313 8500
val loss = 2.2639448642730713
training loss = 1.8485571146011353 9000
val loss = 2.278360366821289
training loss = 1.845160961151123 9500
val loss = 2.277803659439087
training loss = 1.842137098312378 10000
val loss = 2.278167724609375
training loss = 1.8633593320846558 10500
val loss = 2.2693488597869873
training loss = 1.838618516921997 11000
val loss = 2.272614002227783
training loss = 1.838751196861267 11500
val loss = 2.259413480758667
training loss = 2.280183792114258 12000
val loss = 2.6245014667510986
training loss = 1.8229628801345825 12500
val loss = 2.265049934387207
training loss = 1.91180419921875 13000
val loss = 2.30869460105896
training loss = 1.8078360557556152 13500
val loss = 2.258931875228882
training loss = 1.7891324758529663 14000
val loss = 2.251866579055786
training loss = 1.79532790184021 14500
val loss = 2.297154426574707
training loss = 1.771285891532898 15000
val loss = 2.250101089477539
training loss = 1.7721055746078491 15500
val loss = 2.240131378173828
training loss = 1.759903907775879 16000
val loss = 2.2525808811187744
training loss = 4.357126235961914 16500
val loss = 5.39777946472168
training loss = 1.7489984035491943 17000
val loss = 2.2466180324554443
training loss = 1.7456881999969482 17500
val loss = 2.2477493286132812
training loss = 1.742299199104309 18000
val loss = 2.248133897781372
training loss = 1.7398462295532227 18500
val loss = 2.2490739822387695
training loss = 1.7382420301437378 19000
val loss = 2.249920606613159
training loss = 1.7952895164489746 19500
val loss = 2.2496752738952637
training loss = 2.4064879417419434 20000
val loss = 2.746403455734253
training loss = 1.7311251163482666 20500
val loss = 2.251314640045166
training loss = 1.7300628423690796 21000
val loss = 2.253450393676758
training loss = 1.729173183441162 21500
val loss = 2.2541229724884033
training loss = 1.7284077405929565 22000
val loss = 2.260615587234497
training loss = 1.7284083366394043 22500
val loss = 2.266178846359253
training loss = 2.1832363605499268 23000
val loss = 2.5573842525482178
training loss = 1.7245564460754395 23500
val loss = 2.2562015056610107
training loss = 1.7281895875930786 24000
val loss = 2.250469207763672
training loss = 1.7228738069534302 24500
val loss = 2.256891965866089
training loss = 1.7224581241607666 25000
val loss = 2.2576258182525635
training loss = 1.7219007015228271 25500
val loss = 2.2586772441864014
reduced chi^2 level 2 = 1.7214877605438232
Constrained alpha: 2.8451035022735596
Constrained beta: 3.5060482025146484
Constrained gamma: 26.4671688079834
(1, 158)
(1, 17)
