data before
[  355.61478125  3387.41175     6815.5135      9293.728
 11079.3        12178.866      12863.104      13232.412
 13283.141      13249.49       12986.983      12685.435
 12310.527      11945.98       11427.244      10874.944
 10518.463       9982.133       9575.397       9042.782
  8671.202       8291.4925      7828.606       7505.164
  7094.3425      6743.164       6466.828       6160.5385
  5771.7505      5544.4475      5217.592       4946.1355
  4724.7575      4481.208       4269.212       4023.878
  3767.64775     3614.0935      3443.74875     3282.5365
  3072.28975     2921.72175     2766.99675     2631.405
  2455.72625     2370.32975     2244.58025     2092.647375
  1981.4365      1893.661625    1761.468125    1643.499875
  1543.438       1454.996625    1381.416875    1285.593375
  1197.169625    1136.841       1031.7308125   1018.99875
   946.10875      895.996875     801.7734375    732.6275
   691.8978125    640.580875     590.8483125    557.6539375
   532.53825      487.58365625   444.236375     387.11565625
   364.99984375   337.631625     321.92821875   296.88146875
   257.52320313   246.21067188   217.29904688   184.52051563
   173.11029688   155.22607813   137.88635938   125.37122656
   114.68585938    98.65473438    88.34791406    72.43759375
    68.53567969    57.48647656    55.26062891    49.58188672
    43.75491797    35.74480469    34.55396484    28.65197461
    24.62651172    19.07520313    17.71925586    14.09252441]
1
data after
[355.61478125, 3387.41175, 6815.5135, 9293.728000000001, 11079.300000000001, 12178.866, 12863.104, 13232.412, 13283.141, 13249.49, 12986.983, 12685.435, 12310.527, 11945.98, 11427.244, 10874.944, 10518.463, 9982.133, 9575.397, 9042.782000000001, 8671.202, 8291.4925, 7828.606, 7505.164, 7094.3425, 6743.164, 6466.828, 6160.538500000001, 5771.7505, 5544.4475, 5217.592000000001, 4946.1355, 4724.7575, 4481.2080000000005, 4269.212, 4023.878, 3767.64775, 3614.0935, 3443.74875, 3282.5365, 3072.28975, 2921.72175, 2766.9967500000002, 2631.405, 2455.72625, 2370.32975, 2244.58025, 2092.647375, 1981.4365, 1893.661625, 1761.468125, 1643.499875, 1543.438, 1454.996625, 1381.4168750000001, 1285.593375, 1197.169625, 1136.8410000000001, 1031.7308125, 1018.99875, 946.10875, 895.996875, 801.7734375, 732.6275, 691.8978125, 640.580875, 590.8483125, 557.6539375, 532.5382500000001, 487.58365625, 444.236375, 387.11565625000003, 364.99984375, 337.631625, 321.92821875, 296.88146875, 257.523203125, 246.210671875, 217.29904687500002, 184.520515625, 173.11029687500002, 155.22607812500002, 137.886359375, 125.3712265625, 114.685859375, 98.654734375, 88.3479140625, 72.43759375, 68.53567968750001, 57.4864765625, 55.26062890625, 49.58188671875, 43.75491796875, 35.7448046875, 34.55396484375, 28.651974609375, 24.62651171875, 50.8869833984375]
7
data,sig_tot
[  355.61478125  3387.41175     6815.5135      9293.728
 11079.3        12178.866      12863.104      13232.412
 13283.141      13249.49       12986.983      12685.435
 12310.527      11945.98       11427.244      10874.944
 10518.463       9982.133       9575.397       9042.782
  8671.202       8291.4925      7828.606       7505.164
  7094.3425      6743.164       6466.828       6160.5385
  5771.7505      5544.4475      5217.592       4946.1355
  4724.7575      4481.208       4269.212       4023.878
  3767.64775     3614.0935      3443.74875     3282.5365
  3072.28975     2921.72175     2766.99675     2631.405
  2455.72625     2370.32975     2244.58025     2092.647375
  1981.4365      1893.661625    1761.468125    1643.499875
  1543.438       1454.996625    1381.416875    1285.593375
  1197.169625    1136.841       1031.7308125   1018.99875
   946.10875      895.996875     801.7734375    732.6275
   691.8978125    640.580875     590.8483125    557.6539375
   532.53825      487.58365625   444.236375     387.11565625
   364.99984375   337.631625     321.92821875   296.88146875
   257.52320313   246.21067188   217.29904688   184.52051563
   173.11029688   155.22607813   137.88635938   125.37122656
   114.68585938    98.65473438    88.34791406    72.43759375
    68.53567969    57.48647656    55.26062891    49.58188672
    43.75491797    35.74480469    34.55396484    28.65197461
    24.62651172    50.8869834     43.4996875    692.8395
  1623.969375    2314.29225     2779.383       3026.292
  3154.31375     3196.07425     3141.4895      3052.01125
  2911.27675     2772.902       2636.348       2459.93575
  2277.0455      2153.198       2014.845       1869.897125
  1708.10925     1589.928       1485.671375    1376.144125
  1268.017375    1176.327625    1087.43575      997.87775
   925.19975      851.7011875    786.520625     731.8223125
   670.9871875    619.4935       566.22325      538.6359375
   488.69303125   460.54875      414.95015625   384.41425
   358.537125     320.71559375   302.95125      273.569625
   260.72623437   235.87495313   212.68489063   201.2825
   173.80232813   166.55128125   154.3768125    143.46390625
   133.43795313   117.11672656   107.87510938    97.55642187
    87.24704687    83.19089063    75.00121094    64.68313281
    62.8128125     58.33417969    50.04232031    43.08566797
    42.90588672    38.05053516    34.57588281    31.20304883
    30.64068945    24.23967187    24.08909375    22.46408789
    20.55732031    32.02829199    24.25775098    20.94595313
    23.45131445    21.64159082    26.71475974]
[  355.61478125  3387.41175     6815.5135      9293.728
 11079.3        12178.866      12863.104      13232.412
 13283.141      13249.49       12986.983      12685.435
 12310.527      11945.98       11427.244      10874.944
 10518.463       9982.133       9575.397       9042.782
  8671.202       8291.4925      7828.606       7505.164
  7094.3425      6743.164       6466.828       6160.5385
  5771.7505      5544.4475      5217.592       4946.1355
  4724.7575      4481.208       4269.212       4023.878
  3767.64775     3614.0935      3443.74875     3282.5365
  3072.28975     2921.72175     2766.99675     2631.405
  2455.72625     2370.32975     2244.58025     2092.647375
  1981.4365      1893.661625    1761.468125    1643.499875
  1543.438       1454.996625    1381.416875    1285.593375
  1197.169625    1136.841       1031.7308125   1018.99875
   946.10875      895.996875     801.7734375    732.6275
   691.8978125    640.580875     590.8483125    557.6539375
   532.53825      487.58365625   444.236375     387.11565625
   364.99984375   337.631625     321.92821875   296.88146875
   257.52320313   246.21067188   217.29904688   184.52051563
   173.11029688   155.22607812   137.88635938   125.37122656
   114.68585938    98.65473438    88.34791406    72.43759375
    68.53567969    57.48647656    55.26062891    49.58188672
    43.75491797    35.74480469    34.55396484    28.65197461
    24.62651172    50.8869834     43.4996875    692.8395
  1623.969375    2314.29225     2779.383       3026.292
  3154.31375     3196.07425     3141.4895      3052.01125
  2911.27675     2772.902       2636.348       2459.93575
  2277.0455      2153.198       2014.845       1869.897125
  1708.10925     1589.928       1485.671375    1376.144125
  1268.017375    1176.327625    1087.43575      997.87775
   925.19975      851.7011875    786.520625     731.8223125
   670.9871875    619.4935       566.22325      538.6359375
   488.69303125   460.54875      414.95015625   384.41425
   358.537125     320.71559375   302.95125      273.569625
   260.72623437   235.87495313   212.68489063   201.2825
   173.80232813   166.55128125   154.3768125    143.46390625
   133.43795313   117.11672656   107.87510938    97.55642187
    87.24704688    83.19089062    75.00121094    64.68313281
    62.8128125     58.33417969    50.04232031    43.08566797
    42.90588672    38.05053516    34.57588281    31.20304883
    30.64068945    24.23967187    24.08909375    22.46408789
    20.55732031    32.02829199    24.25775098    20.94595312
    23.45131445    21.64159082    26.71475974]
3.430308091685277 9.730448894414874 13.159707547823373
val isze = 17
idinces = [ 68 101  20 114  55  91 161  39  59  10  19 146 155  60 151  58  82 121
 106 166   1 137  47  72  66  78  67 144 103  49 120  87  69 165 154  26
  61  56  24 131 119  21 169 132  90  97 102  80  43 148  83 136  35  63
  81   2  70  98  38  52 171 174  99 158 128  95 112 143 117  41  32  76
  48  25  53 142 124  51  14 160  29   3  23 129 163  37 164 162  45 109
 134  42  79 138 153 145  12 173  22  85   6 105 110 133 130 104  34 150
 108  50 111 116 127   4   5  44 147  96  84 152  28  75   7  46  17  11
 168  71 118 135 172  74  94 149  93  18  27  36  57  31  65 140  89  30
  86  92 141 126  13  77 167 159  33  62 122 107  88  54 139 100  16 115
  40   0  73   8 170 157 156 123 113  64  15 125   9]
we are doing training validation split
training loss = 12.721392631530762 500
val loss = 16.641008377075195
training loss = 12.112879753112793 1000
val loss = 16.000856399536133
training loss = 11.854028701782227 1500
val loss = 15.613144874572754
training loss = 11.762533187866211 2000
val loss = 15.400811195373535
training loss = 11.729287147521973 2500
val loss = 15.29317855834961
training loss = 11.708019256591797 3000
val loss = 15.243147850036621
training loss = 11.678475379943848 3500
val loss = 15.217766761779785
training loss = 11.620567321777344 4000
val loss = 15.181495666503906
training loss = 11.454556465148926 4500
val loss = 15.707865715026855
training loss = 2.601768732070923 5000
val loss = 2.7044270038604736
training loss = 2.35890793800354 5500
val loss = 2.484499216079712
training loss = 2.2269322872161865 6000
val loss = 2.3518826961517334
training loss = 2.175933599472046 6500
val loss = 2.288827896118164
training loss = 2.1551449298858643 7000
val loss = 2.2656607627868652
training loss = 2.143375873565674 7500
val loss = 2.245985269546509
training loss = 2.1392953395843506 8000
val loss = 2.332313060760498
training loss = 2.1877846717834473 8500
val loss = 2.000392198562622
training loss = 2.129995107650757 9000
val loss = 2.3265492916107178
training loss = 2.1240923404693604 9500
val loss = 2.2383077144622803
training loss = 2.1224191188812256 10000
val loss = 2.238294839859009
training loss = 2.139911651611328 10500
val loss = 2.0810117721557617
training loss = 2.1604530811309814 11000
val loss = 2.032156229019165
training loss = 2.119964361190796 11500
val loss = 2.2348923683166504
training loss = 2.1211087703704834 12000
val loss = 2.1878397464752197
training loss = 2.119260549545288 12500
val loss = 2.237074136734009
training loss = 2.119006633758545 13000
val loss = 2.2377986907958984
training loss = 2.1330223083496094 13500
val loss = 2.090151071548462
training loss = 2.1185362339019775 14000
val loss = 2.2379629611968994
training loss = 2.118354558944702 14500
val loss = 2.245054006576538
training loss = 2.322639226913452 15000
val loss = 3.0985233783721924
training loss = 2.2180142402648926 15500
val loss = 2.06954026222229
training loss = 2.194523811340332 16000
val loss = 1.9404553174972534
training loss = 2.236283302307129 16500
val loss = 1.8915306329727173
training loss = 2.1177101135253906 17000
val loss = 2.23796010017395
training loss = 2.117631196975708 17500
val loss = 2.2369375228881836
training loss = 2.117570400238037 18000
val loss = 2.236687183380127
training loss = 2.117461681365967 18500
val loss = 2.2372095584869385
training loss = 2.1174042224884033 19000
val loss = 2.237187623977661
training loss = 2.117328643798828 19500
val loss = 2.236891031265259
training loss = 2.117284059524536 20000
val loss = 2.2364323139190674
training loss = 2.1171908378601074 20500
val loss = 2.2339885234832764
training loss = 2.117467164993286 21000
val loss = 2.2139689922332764
training loss = 2.1171748638153076 21500
val loss = 2.227313756942749
training loss = 2.117011070251465 22000
val loss = 2.232543468475342
training loss = 2.1177752017974854 22500
val loss = 2.261449098587036
training loss = 2.1228668689727783 23000
val loss = 2.3099794387817383
training loss = 2.1531572341918945 23500
val loss = 2.355978012084961
training loss = 2.1851966381073 24000
val loss = 2.0778257846832275
training loss = 2.1453113555908203 24500
val loss = 2.02883243560791
training loss = 2.1165902614593506 25000
val loss = 2.2382731437683105
training loss = 2.116511583328247 25500
val loss = 2.238046169281006
training loss = 2.116441011428833 26000
val loss = 2.239867925643921
training loss = 2.1329076290130615 26500
val loss = 2.429753541946411
training loss = 2.116319179534912 27000
val loss = 2.239483118057251
reduced chi^2 level 2 = 2.1163315773010254
Constrained alpha: 2.6015477180480957
Constrained beta: 4.710625171661377
Constrained gamma: 11.740534782409668
(1, 158)
(1, 17)
