data before
[  355.61478125  3387.41175     6815.5135      9293.728
 11079.3        12178.866      12863.104      13232.412
 13283.141      13249.49       12986.983      12685.435
 12310.527      11945.98       11427.244      10874.944
 10518.463       9982.133       9575.397       9042.782
  8671.202       8291.4925      7828.606       7505.164
  7094.3425      6743.164       6466.828       6160.5385
  5771.7505      5544.4475      5217.592       4946.1355
  4724.7575      4481.208       4269.212       4023.878
  3767.64775     3614.0935      3443.74875     3282.5365
  3072.28975     2921.72175     2766.99675     2631.405
  2455.72625     2370.32975     2244.58025     2092.647375
  1981.4365      1893.661625    1761.468125    1643.499875
  1543.438       1454.996625    1381.416875    1285.593375
  1197.169625    1136.841       1031.7308125   1018.99875
   946.10875      895.996875     801.7734375    732.6275
   691.8978125    640.580875     590.8483125    557.6539375
   532.53825      487.58365625   444.236375     387.11565625
   364.99984375   337.631625     321.92821875   296.88146875
   257.52320313   246.21067188   217.29904688   184.52051563
   173.11029688   155.22607813   137.88635938   125.37122656
   114.68585938    98.65473438    88.34791406    72.43759375
    68.53567969    57.48647656    55.26062891    49.58188672
    43.75491797    35.74480469    34.55396484    28.65197461
    24.62651172    19.07520313    17.71925586    14.09252441]
1
data after
[355.61478125, 3387.41175, 6815.5135, 9293.728000000001, 11079.300000000001, 12178.866, 12863.104, 13232.412, 13283.141, 13249.49, 12986.983, 12685.435, 12310.527, 11945.98, 11427.244, 10874.944, 10518.463, 9982.133, 9575.397, 9042.782000000001, 8671.202, 8291.4925, 7828.606, 7505.164, 7094.3425, 6743.164, 6466.828, 6160.538500000001, 5771.7505, 5544.4475, 5217.592000000001, 4946.1355, 4724.7575, 4481.2080000000005, 4269.212, 4023.878, 3767.64775, 3614.0935, 3443.74875, 3282.5365, 3072.28975, 2921.72175, 2766.9967500000002, 2631.405, 2455.72625, 2370.32975, 2244.58025, 2092.647375, 1981.4365, 1893.661625, 1761.468125, 1643.499875, 1543.438, 1454.996625, 1381.4168750000001, 1285.593375, 1197.169625, 1136.8410000000001, 1031.7308125, 1018.99875, 946.10875, 895.996875, 801.7734375, 732.6275, 691.8978125, 640.580875, 590.8483125, 557.6539375, 532.5382500000001, 487.58365625, 444.236375, 387.11565625000003, 364.99984375, 337.631625, 321.92821875, 296.88146875, 257.523203125, 246.210671875, 217.29904687500002, 184.520515625, 173.11029687500002, 155.22607812500002, 137.886359375, 125.3712265625, 114.685859375, 98.654734375, 88.3479140625, 72.43759375, 68.53567968750001, 57.4864765625, 55.26062890625, 49.58188671875, 43.75491796875, 35.7448046875, 34.55396484375, 28.651974609375, 24.62651171875, 50.8869833984375]
7
data,sig_tot
[  355.61478125  3387.41175     6815.5135      9293.728
 11079.3        12178.866      12863.104      13232.412
 13283.141      13249.49       12986.983      12685.435
 12310.527      11945.98       11427.244      10874.944
 10518.463       9982.133       9575.397       9042.782
  8671.202       8291.4925      7828.606       7505.164
  7094.3425      6743.164       6466.828       6160.5385
  5771.7505      5544.4475      5217.592       4946.1355
  4724.7575      4481.208       4269.212       4023.878
  3767.64775     3614.0935      3443.74875     3282.5365
  3072.28975     2921.72175     2766.99675     2631.405
  2455.72625     2370.32975     2244.58025     2092.647375
  1981.4365      1893.661625    1761.468125    1643.499875
  1543.438       1454.996625    1381.416875    1285.593375
  1197.169625    1136.841       1031.7308125   1018.99875
   946.10875      895.996875     801.7734375    732.6275
   691.8978125    640.580875     590.8483125    557.6539375
   532.53825      487.58365625   444.236375     387.11565625
   364.99984375   337.631625     321.92821875   296.88146875
   257.52320313   246.21067188   217.29904688   184.52051563
   173.11029688   155.22607813   137.88635938   125.37122656
   114.68585938    98.65473438    88.34791406    72.43759375
    68.53567969    57.48647656    55.26062891    49.58188672
    43.75491797    35.74480469    34.55396484    28.65197461
    24.62651172    50.8869834     43.4996875    692.8395
  1623.969375    2314.29225     2779.383       3026.292
  3154.31375     3196.07425     3141.4895      3052.01125
  2911.27675     2772.902       2636.348       2459.93575
  2277.0455      2153.198       2014.845       1869.897125
  1708.10925     1589.928       1485.671375    1376.144125
  1268.017375    1176.327625    1087.43575      997.87775
   925.19975      851.7011875    786.520625     731.8223125
   670.9871875    619.4935       566.22325      538.6359375
   488.69303125   460.54875      414.95015625   384.41425
   358.537125     320.71559375   302.95125      273.569625
   260.72623437   235.87495313   212.68489063   201.2825
   173.80232813   166.55128125   154.3768125    143.46390625
   133.43795313   117.11672656   107.87510938    97.55642187
    87.24704687    83.19089063    75.00121094    64.68313281
    62.8128125     58.33417969    50.04232031    43.08566797
    42.90588672    38.05053516    34.57588281    31.20304883
    30.64068945    24.23967187    24.08909375    22.46408789
    20.55732031    32.02829199    24.25775098    20.94595313
    23.45131445    21.64159082    26.71475974]
[  355.61478125  3387.41175     6815.5135      9293.728
 11079.3        12178.866      12863.104      13232.412
 13283.141      13249.49       12986.983      12685.435
 12310.527      11945.98       11427.244      10874.944
 10518.463       9982.133       9575.397       9042.782
  8671.202       8291.4925      7828.606       7505.164
  7094.3425      6743.164       6466.828       6160.5385
  5771.7505      5544.4475      5217.592       4946.1355
  4724.7575      4481.208       4269.212       4023.878
  3767.64775     3614.0935      3443.74875     3282.5365
  3072.28975     2921.72175     2766.99675     2631.405
  2455.72625     2370.32975     2244.58025     2092.647375
  1981.4365      1893.661625    1761.468125    1643.499875
  1543.438       1454.996625    1381.416875    1285.593375
  1197.169625    1136.841       1031.7308125   1018.99875
   946.10875      895.996875     801.7734375    732.6275
   691.8978125    640.580875     590.8483125    557.6539375
   532.53825      487.58365625   444.236375     387.11565625
   364.99984375   337.631625     321.92821875   296.88146875
   257.52320313   246.21067188   217.29904688   184.52051563
   173.11029688   155.22607812   137.88635938   125.37122656
   114.68585938    98.65473438    88.34791406    72.43759375
    68.53567969    57.48647656    55.26062891    49.58188672
    43.75491797    35.74480469    34.55396484    28.65197461
    24.62651172    50.8869834     43.4996875    692.8395
  1623.969375    2314.29225     2779.383       3026.292
  3154.31375     3196.07425     3141.4895      3052.01125
  2911.27675     2772.902       2636.348       2459.93575
  2277.0455      2153.198       2014.845       1869.897125
  1708.10925     1589.928       1485.671375    1376.144125
  1268.017375    1176.327625    1087.43575      997.87775
   925.19975      851.7011875    786.520625     731.8223125
   670.9871875    619.4935       566.22325      538.6359375
   488.69303125   460.54875      414.95015625   384.41425
   358.537125     320.71559375   302.95125      273.569625
   260.72623437   235.87495313   212.68489063   201.2825
   173.80232813   166.55128125   154.3768125    143.46390625
   133.43795313   117.11672656   107.87510938    97.55642187
    87.24704688    83.19089062    75.00121094    64.68313281
    62.8128125     58.33417969    50.04232031    43.08566797
    42.90588672    38.05053516    34.57588281    31.20304883
    30.64068945    24.23967187    24.08909375    22.46408789
    20.55732031    32.02829199    24.25775098    20.94595312
    23.45131445    21.64159082    26.71475974]
4.591560000356683 0.051260354131221764 68.9150740890699
val isze = 17
idinces = [ 68 101  20 114  55  91 161  39  59  10  19 146 155  60 151  58  82 121
 106 166   1 137  47  72  66  78  67 144 103  49 120  87  69 165 154  26
  61  56  24 131 119  21 169 132  90  97 102  80  43 148  83 136  35  63
  81   2  70  98  38  52 171 174  99 158 128  95 112 143 117  41  32  76
  48  25  53 142 124  51  14 160  29   3  23 129 163  37 164 162  45 109
 134  42  79 138 153 145  12 173  22  85   6 105 110 133 130 104  34 150
 108  50 111 116 127   4   5  44 147  96  84 152  28  75   7  46  17  11
 168  71 118 135 172  74  94 149  93  18  27  36  57  31  65 140  89  30
  86  92 141 126  13  77 167 159  33  62 122 107  88  54 139 100  16 115
  40   0  73   8 170 157 156 123 113  64  15 125   9]
we are doing training validation split
training loss = 5.420802593231201 500
val loss = 1.5138050317764282
training loss = 2.3526928424835205 1000
val loss = 1.703482747077942
training loss = 2.196164846420288 1500
val loss = 1.6197668313980103
training loss = 2.1390748023986816 2000
val loss = 1.6020784378051758
training loss = 6.585982322692871 2500
val loss = 8.600875854492188
training loss = 2.081549882888794 3000
val loss = 1.5126070976257324
training loss = 2.048733711242676 3500
val loss = 1.5136781930923462
training loss = 2.026871681213379 4000
val loss = 1.3527030944824219
training loss = 2.143852472305298 4500
val loss = 1.0558977127075195
training loss = 1.9918941259384155 5000
val loss = 1.2344270944595337
training loss = 1.978563904762268 5500
val loss = 1.2329834699630737
training loss = 1.9714510440826416 6000
val loss = 1.1925280094146729
training loss = 2.009892702102661 6500
val loss = 1.0373178720474243
training loss = 2.8412153720855713 7000
val loss = 1.2070056200027466
training loss = 2.1807830333709717 7500
val loss = 1.729453206062317
training loss = 1.98504638671875 8000
val loss = 1.3091591596603394
training loss = 1.967016339302063 8500
val loss = 1.0965615510940552
training loss = 1.9602348804473877 9000
val loss = 1.1433558464050293
training loss = 1.9584590196609497 9500
val loss = 1.13810133934021
training loss = 2.3115336894989014 10000
val loss = 0.9793906807899475
training loss = 1.9595715999603271 10500
val loss = 1.1731644868850708
training loss = 1.9562382698059082 11000
val loss = 1.1290043592453003
training loss = 2.149327516555786 11500
val loss = 1.7237423658370972
training loss = 1.9554451704025269 12000
val loss = 1.1390254497528076
training loss = 1.9540389776229858 12500
val loss = 1.1294305324554443
training loss = 1.952849268913269 13000
val loss = 1.1258249282836914
training loss = 2.075369119644165 13500
val loss = 1.5079021453857422
training loss = 1.954571008682251 14000
val loss = 1.1566427946090698
training loss = 1.9517015218734741 14500
val loss = 1.1223589181900024
training loss = 1.9506847858428955 15000
val loss = 1.1223417520523071
training loss = 1.9502135515213013 15500
val loss = 1.1217705011367798
training loss = 1.949845790863037 16000
val loss = 1.1212140321731567
training loss = 2.203460454940796 16500
val loss = 0.929010808467865
training loss = 1.9489517211914062 17000
val loss = 1.123155117034912
training loss = 1.9472310543060303 17500
val loss = 1.115009069442749
training loss = 1.9496692419052124 18000
val loss = 1.1342684030532837
training loss = 1.9466105699539185 18500
val loss = 1.1199294328689575
training loss = 2.3285012245178223 19000
val loss = 0.9650413393974304
training loss = 1.9645811319351196 19500
val loss = 1.2657161951065063
training loss = 1.944178819656372 20000
val loss = 1.111316442489624
training loss = 1.9422615766525269 20500
val loss = 1.1162139177322388
training loss = 1.9419981241226196 21000
val loss = 1.1305079460144043
training loss = 1.9506932497024536 21500
val loss = 1.2073659896850586
training loss = 1.939925193786621 22000
val loss = 1.089514970779419
training loss = 1.9383070468902588 22500
val loss = 1.1076740026474
training loss = 1.9373682737350464 23000
val loss = 1.1070929765701294
training loss = 1.9365768432617188 23500
val loss = 1.1219375133514404
training loss = 1.993514060974121 24000
val loss = 1.317099690437317
training loss = 1.938053846359253 24500
val loss = 1.0630055665969849
training loss = 1.9340156316757202 25000
val loss = 1.1047567129135132
training loss = 1.9332631826400757 25500
val loss = 1.103312611579895
training loss = 1.9332642555236816 26000
val loss = 1.1137888431549072
training loss = 1.9733037948608398 26500
val loss = 1.3210341930389404
training loss = 1.9340726137161255 27000
val loss = 1.145822525024414
training loss = 1.9466081857681274 27500
val loss = 1.0036717653274536
training loss = 1.931098461151123 28000
val loss = 1.1121597290039062
training loss = 1.9308414459228516 28500
val loss = 1.1150052547454834
training loss = 1.931914210319519 29000
val loss = 1.1364712715148926
training loss = 1.9298938512802124 29500
val loss = 1.0952345132827759
training loss = 1.9445546865463257 30000
val loss = 1.2203179597854614
reduced chi^2 level 2 = 1.9474798440933228
Constrained alpha: 3.994892120361328
Constrained beta: -0.022819556295871735
Constrained gamma: 29.054180145263672
(1, 158)
(1, 17)
