data before
[  355.61478125  3387.41175     6815.5135      9293.728
 11079.3        12178.866      12863.104      13232.412
 13283.141      13249.49       12986.983      12685.435
 12310.527      11945.98       11427.244      10874.944
 10518.463       9982.133       9575.397       9042.782
  8671.202       8291.4925      7828.606       7505.164
  7094.3425      6743.164       6466.828       6160.5385
  5771.7505      5544.4475      5217.592       4946.1355
  4724.7575      4481.208       4269.212       4023.878
  3767.64775     3614.0935      3443.74875     3282.5365
  3072.28975     2921.72175     2766.99675     2631.405
  2455.72625     2370.32975     2244.58025     2092.647375
  1981.4365      1893.661625    1761.468125    1643.499875
  1543.438       1454.996625    1381.416875    1285.593375
  1197.169625    1136.841       1031.7308125   1018.99875
   946.10875      895.996875     801.7734375    732.6275
   691.8978125    640.580875     590.8483125    557.6539375
   532.53825      487.58365625   444.236375     387.11565625
   364.99984375   337.631625     321.92821875   296.88146875
   257.52320313   246.21067188   217.29904688   184.52051563
   173.11029688   155.22607813   137.88635938   125.37122656
   114.68585938    98.65473438    88.34791406    72.43759375
    68.53567969    57.48647656    55.26062891    49.58188672
    43.75491797    35.74480469    34.55396484    28.65197461
    24.62651172    19.07520313    17.71925586    14.09252441]
1
data after
[355.61478125, 3387.41175, 6815.5135, 9293.728000000001, 11079.300000000001, 12178.866, 12863.104, 13232.412, 13283.141, 13249.49, 12986.983, 12685.435, 12310.527, 11945.98, 11427.244, 10874.944, 10518.463, 9982.133, 9575.397, 9042.782000000001, 8671.202, 8291.4925, 7828.606, 7505.164, 7094.3425, 6743.164, 6466.828, 6160.538500000001, 5771.7505, 5544.4475, 5217.592000000001, 4946.1355, 4724.7575, 4481.2080000000005, 4269.212, 4023.878, 3767.64775, 3614.0935, 3443.74875, 3282.5365, 3072.28975, 2921.72175, 2766.9967500000002, 2631.405, 2455.72625, 2370.32975, 2244.58025, 2092.647375, 1981.4365, 1893.661625, 1761.468125, 1643.499875, 1543.438, 1454.996625, 1381.4168750000001, 1285.593375, 1197.169625, 1136.8410000000001, 1031.7308125, 1018.99875, 946.10875, 895.996875, 801.7734375, 732.6275, 691.8978125, 640.580875, 590.8483125, 557.6539375, 532.5382500000001, 487.58365625, 444.236375, 387.11565625000003, 364.99984375, 337.631625, 321.92821875, 296.88146875, 257.523203125, 246.210671875, 217.29904687500002, 184.520515625, 173.11029687500002, 155.22607812500002, 137.886359375, 125.3712265625, 114.685859375, 98.654734375, 88.3479140625, 72.43759375, 68.53567968750001, 57.4864765625, 55.26062890625, 49.58188671875, 43.75491796875, 35.7448046875, 34.55396484375, 28.651974609375, 24.62651171875, 50.8869833984375]
7
data,sig_tot
[  355.61478125  3387.41175     6815.5135      9293.728
 11079.3        12178.866      12863.104      13232.412
 13283.141      13249.49       12986.983      12685.435
 12310.527      11945.98       11427.244      10874.944
 10518.463       9982.133       9575.397       9042.782
  8671.202       8291.4925      7828.606       7505.164
  7094.3425      6743.164       6466.828       6160.5385
  5771.7505      5544.4475      5217.592       4946.1355
  4724.7575      4481.208       4269.212       4023.878
  3767.64775     3614.0935      3443.74875     3282.5365
  3072.28975     2921.72175     2766.99675     2631.405
  2455.72625     2370.32975     2244.58025     2092.647375
  1981.4365      1893.661625    1761.468125    1643.499875
  1543.438       1454.996625    1381.416875    1285.593375
  1197.169625    1136.841       1031.7308125   1018.99875
   946.10875      895.996875     801.7734375    732.6275
   691.8978125    640.580875     590.8483125    557.6539375
   532.53825      487.58365625   444.236375     387.11565625
   364.99984375   337.631625     321.92821875   296.88146875
   257.52320313   246.21067188   217.29904688   184.52051563
   173.11029688   155.22607813   137.88635938   125.37122656
   114.68585938    98.65473438    88.34791406    72.43759375
    68.53567969    57.48647656    55.26062891    49.58188672
    43.75491797    35.74480469    34.55396484    28.65197461
    24.62651172    50.8869834     43.4996875    692.8395
  1623.969375    2314.29225     2779.383       3026.292
  3154.31375     3196.07425     3141.4895      3052.01125
  2911.27675     2772.902       2636.348       2459.93575
  2277.0455      2153.198       2014.845       1869.897125
  1708.10925     1589.928       1485.671375    1376.144125
  1268.017375    1176.327625    1087.43575      997.87775
   925.19975      851.7011875    786.520625     731.8223125
   670.9871875    619.4935       566.22325      538.6359375
   488.69303125   460.54875      414.95015625   384.41425
   358.537125     320.71559375   302.95125      273.569625
   260.72623437   235.87495313   212.68489063   201.2825
   173.80232813   166.55128125   154.3768125    143.46390625
   133.43795313   117.11672656   107.87510938    97.55642187
    87.24704687    83.19089063    75.00121094    64.68313281
    62.8128125     58.33417969    50.04232031    43.08566797
    42.90588672    38.05053516    34.57588281    31.20304883
    30.64068945    24.23967187    24.08909375    22.46408789
    20.55732031    32.02829199    24.25775098    20.94595313
    23.45131445    21.64159082    26.71475974]
[  355.61478125  3387.41175     6815.5135      9293.728
 11079.3        12178.866      12863.104      13232.412
 13283.141      13249.49       12986.983      12685.435
 12310.527      11945.98       11427.244      10874.944
 10518.463       9982.133       9575.397       9042.782
  8671.202       8291.4925      7828.606       7505.164
  7094.3425      6743.164       6466.828       6160.5385
  5771.7505      5544.4475      5217.592       4946.1355
  4724.7575      4481.208       4269.212       4023.878
  3767.64775     3614.0935      3443.74875     3282.5365
  3072.28975     2921.72175     2766.99675     2631.405
  2455.72625     2370.32975     2244.58025     2092.647375
  1981.4365      1893.661625    1761.468125    1643.499875
  1543.438       1454.996625    1381.416875    1285.593375
  1197.169625    1136.841       1031.7308125   1018.99875
   946.10875      895.996875     801.7734375    732.6275
   691.8978125    640.580875     590.8483125    557.6539375
   532.53825      487.58365625   444.236375     387.11565625
   364.99984375   337.631625     321.92821875   296.88146875
   257.52320313   246.21067188   217.29904688   184.52051563
   173.11029688   155.22607812   137.88635938   125.37122656
   114.68585938    98.65473438    88.34791406    72.43759375
    68.53567969    57.48647656    55.26062891    49.58188672
    43.75491797    35.74480469    34.55396484    28.65197461
    24.62651172    50.8869834     43.4996875    692.8395
  1623.969375    2314.29225     2779.383       3026.292
  3154.31375     3196.07425     3141.4895      3052.01125
  2911.27675     2772.902       2636.348       2459.93575
  2277.0455      2153.198       2014.845       1869.897125
  1708.10925     1589.928       1485.671375    1376.144125
  1268.017375    1176.327625    1087.43575      997.87775
   925.19975      851.7011875    786.520625     731.8223125
   670.9871875    619.4935       566.22325      538.6359375
   488.69303125   460.54875      414.95015625   384.41425
   358.537125     320.71559375   302.95125      273.569625
   260.72623437   235.87495313   212.68489063   201.2825
   173.80232813   166.55128125   154.3768125    143.46390625
   133.43795313   117.11672656   107.87510938    97.55642187
    87.24704688    83.19089062    75.00121094    64.68313281
    62.8128125     58.33417969    50.04232031    43.08566797
    42.90588672    38.05053516    34.57588281    31.20304883
    30.64068945    24.23967187    24.08909375    22.46408789
    20.55732031    32.02829199    24.25775098    20.94595312
    23.45131445    21.64159082    26.71475974]
1.6896259526536472 2.7811030970118633 96.69813494425861
val isze = 17
idinces = [ 68 101  20 114  55  91 161  39  59  10  19 146 155  60 151  58  82 121
 106 166   1 137  47  72  66  78  67 144 103  49 120  87  69 165 154  26
  61  56  24 131 119  21 169 132  90  97 102  80  43 148  83 136  35  63
  81   2  70  98  38  52 171 174  99 158 128  95 112 143 117  41  32  76
  48  25  53 142 124  51  14 160  29   3  23 129 163  37 164 162  45 109
 134  42  79 138 153 145  12 173  22  85   6 105 110 133 130 104  34 150
 108  50 111 116 127   4   5  44 147  96  84 152  28  75   7  46  17  11
 168  71 118 135 172  74  94 149  93  18  27  36  57  31  65 140  89  30
  86  92 141 126  13  77 167 159  33  62 122 107  88  54 139 100  16 115
  40   0  73   8 170 157 156 123 113  64  15 125   9]
we are doing training validation split
training loss = 14.055132865905762 500
val loss = 17.52458953857422
training loss = 12.990373611450195 1000
val loss = 16.52530288696289
training loss = 12.30519962310791 1500
val loss = 15.731998443603516
training loss = 11.93868350982666 2000
val loss = 15.170088768005371
training loss = 11.764558792114258 2500
val loss = 14.792046546936035
training loss = 11.688572883605957 3000
val loss = 14.548605918884277
training loss = 11.653404235839844 3500
val loss = 14.399027824401855
training loss = 12.237189292907715 4000
val loss = 14.230956077575684
training loss = 11.77712345123291 4500
val loss = 14.901750564575195
training loss = 11.176852226257324 5000
val loss = 13.779802322387695
training loss = 1.6959106922149658 5500
val loss = 2.290278911590576
training loss = 1.684843897819519 6000
val loss = 2.241938591003418
training loss = 1.6798903942108154 6500
val loss = 2.224558115005493
training loss = 1.6766377687454224 7000
val loss = 2.1840291023254395
training loss = 1.6853176355361938 7500
val loss = 2.1082923412323
training loss = 1.7183425426483154 8000
val loss = 2.454805374145508
training loss = 1.693499207496643 8500
val loss = 2.0608253479003906
training loss = 1.663394808769226 9000
val loss = 2.1803314685821533
training loss = 1.6630330085754395 9500
val loss = 2.2171733379364014
training loss = 2.3544695377349854 10000
val loss = 2.1359541416168213
training loss = 1.675342321395874 10500
val loss = 2.3110830783843994
training loss = 1.6615612506866455 11000
val loss = 2.1106832027435303
training loss = 1.6553537845611572 11500
val loss = 2.1774513721466064
training loss = 1.6551660299301147 12000
val loss = 2.2011611461639404
training loss = 3.0838255882263184 12500
val loss = 2.571802854537964
training loss = 1.6522237062454224 13000
val loss = 2.1780037879943848
training loss = 1.660872459411621 13500
val loss = 2.271711826324463
training loss = 1.6578452587127686 14000
val loss = 2.2586429119110107
training loss = 1.6494140625 14500
val loss = 2.1703054904937744
training loss = 1.6568537950515747 15000
val loss = 2.262467861175537
training loss = 1.6478723287582397 15500
val loss = 2.1711831092834473
training loss = 2.7969541549682617 16000
val loss = 4.381937026977539
training loss = 1.647994875907898 16500
val loss = 2.134625196456909
training loss = 1.8056695461273193 17000
val loss = 2.7089011669158936
training loss = 1.6452722549438477 17500
val loss = 2.1684494018554688
training loss = 1.6446701288223267 18000
val loss = 2.1681981086730957
training loss = 1.6441450119018555 18500
val loss = 2.1680352687835693
training loss = 1.643662691116333 19000
val loss = 2.1677708625793457
training loss = 1.6431905031204224 19500
val loss = 2.167774200439453
training loss = 1.6427487134933472 20000
val loss = 2.1677348613739014
training loss = 1.642332673072815 20500
val loss = 2.1674656867980957
training loss = 1.6419293880462646 21000
val loss = 2.167239189147949
training loss = 1.6415289640426636 21500
val loss = 2.1670725345611572
training loss = 1.6411477327346802 22000
val loss = 2.166818857192993
training loss = 1.6408004760742188 22500
val loss = 2.1647961139678955
training loss = 1.6404948234558105 23000
val loss = 2.15911865234375
training loss = 1.640177845954895 23500
val loss = 2.171111583709717
training loss = 1.6398321390151978 24000
val loss = 2.1636149883270264
training loss = 1.6395375728607178 24500
val loss = 2.1624062061309814
training loss = 1.6393213272094727 25000
val loss = 2.171954870223999
training loss = 1.6390395164489746 25500
val loss = 2.1603891849517822
training loss = 1.638803243637085 26000
val loss = 2.1585428714752197
training loss = 1.6396585702896118 26500
val loss = 2.1976048946380615
training loss = 1.6389813423156738 27000
val loss = 2.1903107166290283
training loss = 1.6570574045181274 27500
val loss = 2.312382459640503
training loss = 1.6538649797439575 28000
val loss = 2.299729108810425
training loss = 1.6378910541534424 28500
val loss = 2.1798980236053467
training loss = 1.6374703645706177 29000
val loss = 2.1733131408691406
training loss = 1.6597784757614136 29500
val loss = 2.0500433444976807
training loss = 1.6374317407608032 30000
val loss = 2.1814539432525635
reduced chi^2 level 2 = 1.6375925540924072
Constrained alpha: 2.3937442302703857
Constrained beta: 3.4202685356140137
Constrained gamma: 21.418716430664062
(1, 158)
(1, 17)
