data before
[  355.61478125  3387.41175     6815.5135      9293.728
 11079.3        12178.866      12863.104      13232.412
 13283.141      13249.49       12986.983      12685.435
 12310.527      11945.98       11427.244      10874.944
 10518.463       9982.133       9575.397       9042.782
  8671.202       8291.4925      7828.606       7505.164
  7094.3425      6743.164       6466.828       6160.5385
  5771.7505      5544.4475      5217.592       4946.1355
  4724.7575      4481.208       4269.212       4023.878
  3767.64775     3614.0935      3443.74875     3282.5365
  3072.28975     2921.72175     2766.99675     2631.405
  2455.72625     2370.32975     2244.58025     2092.647375
  1981.4365      1893.661625    1761.468125    1643.499875
  1543.438       1454.996625    1381.416875    1285.593375
  1197.169625    1136.841       1031.7308125   1018.99875
   946.10875      895.996875     801.7734375    732.6275
   691.8978125    640.580875     590.8483125    557.6539375
   532.53825      487.58365625   444.236375     387.11565625
   364.99984375   337.631625     321.92821875   296.88146875
   257.52320313   246.21067188   217.29904688   184.52051563
   173.11029688   155.22607813   137.88635938   125.37122656
   114.68585938    98.65473438    88.34791406    72.43759375
    68.53567969    57.48647656    55.26062891    49.58188672
    43.75491797    35.74480469    34.55396484    28.65197461
    24.62651172    19.07520313    17.71925586    14.09252441]
1
data after
[355.61478125, 3387.41175, 6815.5135, 9293.728000000001, 11079.300000000001, 12178.866, 12863.104, 13232.412, 13283.141, 13249.49, 12986.983, 12685.435, 12310.527, 11945.98, 11427.244, 10874.944, 10518.463, 9982.133, 9575.397, 9042.782000000001, 8671.202, 8291.4925, 7828.606, 7505.164, 7094.3425, 6743.164, 6466.828, 6160.538500000001, 5771.7505, 5544.4475, 5217.592000000001, 4946.1355, 4724.7575, 4481.2080000000005, 4269.212, 4023.878, 3767.64775, 3614.0935, 3443.74875, 3282.5365, 3072.28975, 2921.72175, 2766.9967500000002, 2631.405, 2455.72625, 2370.32975, 2244.58025, 2092.647375, 1981.4365, 1893.661625, 1761.468125, 1643.499875, 1543.438, 1454.996625, 1381.4168750000001, 1285.593375, 1197.169625, 1136.8410000000001, 1031.7308125, 1018.99875, 946.10875, 895.996875, 801.7734375, 732.6275, 691.8978125, 640.580875, 590.8483125, 557.6539375, 532.5382500000001, 487.58365625, 444.236375, 387.11565625000003, 364.99984375, 337.631625, 321.92821875, 296.88146875, 257.523203125, 246.210671875, 217.29904687500002, 184.520515625, 173.11029687500002, 155.22607812500002, 137.886359375, 125.3712265625, 114.685859375, 98.654734375, 88.3479140625, 72.43759375, 68.53567968750001, 57.4864765625, 55.26062890625, 49.58188671875, 43.75491796875, 35.7448046875, 34.55396484375, 28.651974609375, 24.62651171875, 50.8869833984375]
7
data,sig_tot
[  355.61478125  3387.41175     6815.5135      9293.728
 11079.3        12178.866      12863.104      13232.412
 13283.141      13249.49       12986.983      12685.435
 12310.527      11945.98       11427.244      10874.944
 10518.463       9982.133       9575.397       9042.782
  8671.202       8291.4925      7828.606       7505.164
  7094.3425      6743.164       6466.828       6160.5385
  5771.7505      5544.4475      5217.592       4946.1355
  4724.7575      4481.208       4269.212       4023.878
  3767.64775     3614.0935      3443.74875     3282.5365
  3072.28975     2921.72175     2766.99675     2631.405
  2455.72625     2370.32975     2244.58025     2092.647375
  1981.4365      1893.661625    1761.468125    1643.499875
  1543.438       1454.996625    1381.416875    1285.593375
  1197.169625    1136.841       1031.7308125   1018.99875
   946.10875      895.996875     801.7734375    732.6275
   691.8978125    640.580875     590.8483125    557.6539375
   532.53825      487.58365625   444.236375     387.11565625
   364.99984375   337.631625     321.92821875   296.88146875
   257.52320313   246.21067188   217.29904688   184.52051563
   173.11029688   155.22607813   137.88635938   125.37122656
   114.68585938    98.65473438    88.34791406    72.43759375
    68.53567969    57.48647656    55.26062891    49.58188672
    43.75491797    35.74480469    34.55396484    28.65197461
    24.62651172    50.8869834     43.4996875    692.8395
  1623.969375    2314.29225     2779.383       3026.292
  3154.31375     3196.07425     3141.4895      3052.01125
  2911.27675     2772.902       2636.348       2459.93575
  2277.0455      2153.198       2014.845       1869.897125
  1708.10925     1589.928       1485.671375    1376.144125
  1268.017375    1176.327625    1087.43575      997.87775
   925.19975      851.7011875    786.520625     731.8223125
   670.9871875    619.4935       566.22325      538.6359375
   488.69303125   460.54875      414.95015625   384.41425
   358.537125     320.71559375   302.95125      273.569625
   260.72623437   235.87495313   212.68489063   201.2825
   173.80232813   166.55128125   154.3768125    143.46390625
   133.43795313   117.11672656   107.87510938    97.55642187
    87.24704687    83.19089063    75.00121094    64.68313281
    62.8128125     58.33417969    50.04232031    43.08566797
    42.90588672    38.05053516    34.57588281    31.20304883
    30.64068945    24.23967187    24.08909375    22.46408789
    20.55732031    32.02829199    24.25775098    20.94595313
    23.45131445    21.64159082    26.71475974]
[  355.61478125  3387.41175     6815.5135      9293.728
 11079.3        12178.866      12863.104      13232.412
 13283.141      13249.49       12986.983      12685.435
 12310.527      11945.98       11427.244      10874.944
 10518.463       9982.133       9575.397       9042.782
  8671.202       8291.4925      7828.606       7505.164
  7094.3425      6743.164       6466.828       6160.5385
  5771.7505      5544.4475      5217.592       4946.1355
  4724.7575      4481.208       4269.212       4023.878
  3767.64775     3614.0935      3443.74875     3282.5365
  3072.28975     2921.72175     2766.99675     2631.405
  2455.72625     2370.32975     2244.58025     2092.647375
  1981.4365      1893.661625    1761.468125    1643.499875
  1543.438       1454.996625    1381.416875    1285.593375
  1197.169625    1136.841       1031.7308125   1018.99875
   946.10875      895.996875     801.7734375    732.6275
   691.8978125    640.580875     590.8483125    557.6539375
   532.53825      487.58365625   444.236375     387.11565625
   364.99984375   337.631625     321.92821875   296.88146875
   257.52320313   246.21067188   217.29904688   184.52051563
   173.11029688   155.22607812   137.88635938   125.37122656
   114.68585938    98.65473438    88.34791406    72.43759375
    68.53567969    57.48647656    55.26062891    49.58188672
    43.75491797    35.74480469    34.55396484    28.65197461
    24.62651172    50.8869834     43.4996875    692.8395
  1623.969375    2314.29225     2779.383       3026.292
  3154.31375     3196.07425     3141.4895      3052.01125
  2911.27675     2772.902       2636.348       2459.93575
  2277.0455      2153.198       2014.845       1869.897125
  1708.10925     1589.928       1485.671375    1376.144125
  1268.017375    1176.327625    1087.43575      997.87775
   925.19975      851.7011875    786.520625     731.8223125
   670.9871875    619.4935       566.22325      538.6359375
   488.69303125   460.54875      414.95015625   384.41425
   358.537125     320.71559375   302.95125      273.569625
   260.72623437   235.87495313   212.68489063   201.2825
   173.80232813   166.55128125   154.3768125    143.46390625
   133.43795313   117.11672656   107.87510938    97.55642187
    87.24704688    83.19089062    75.00121094    64.68313281
    62.8128125     58.33417969    50.04232031    43.08566797
    42.90588672    38.05053516    34.57588281    31.20304883
    30.64068945    24.23967187    24.08909375    22.46408789
    20.55732031    32.02829199    24.25775098    20.94595312
    23.45131445    21.64159082    26.71475974]
4.530526536103253 9.291458855551793 51.71860594851272
val isze = 17
idinces = [ 68 101  20 114  55  91 161  39  59  10  19 146 155  60 151  58  82 121
 106 166   1 137  47  72  66  78  67 144 103  49 120  87  69 165 154  26
  61  56  24 131 119  21 169 132  90  97 102  80  43 148  83 136  35  63
  81   2  70  98  38  52 171 174  99 158 128  95 112 143 117  41  32  76
  48  25  53 142 124  51  14 160  29   3  23 129 163  37 164 162  45 109
 134  42  79 138 153 145  12 173  22  85   6 105 110 133 130 104  34 150
 108  50 111 116 127   4   5  44 147  96  84 152  28  75   7  46  17  11
 168  71 118 135 172  74  94 149  93  18  27  36  57  31  65 140  89  30
  86  92 141 126  13  77 167 159  33  62 122 107  88  54 139 100  16 115
  40   0  73   8 170 157 156 123 113  64  15 125   9]
we are doing training validation split
training loss = 13.786445617675781 500
val loss = 19.841337203979492
training loss = 12.212931632995605 1000
val loss = 17.31917381286621
training loss = 3.268913984298706 1500
val loss = 4.750448703765869
training loss = 3.0762665271759033 2000
val loss = 4.51225471496582
training loss = 2.694918155670166 2500
val loss = 4.03211784362793
training loss = 2.3650691509246826 3000
val loss = 3.625293254852295
training loss = 2.439650535583496 3500
val loss = 4.190414905548096
training loss = 2.262293577194214 4000
val loss = 3.516932487487793
training loss = 2.222219467163086 4500
val loss = 3.496361017227173
training loss = 2.19107985496521 5000
val loss = 3.481705665588379
training loss = 2.1669840812683105 5500
val loss = 3.4563798904418945
training loss = 2.1498944759368896 6000
val loss = 3.4046833515167236
training loss = 2.142038583755493 6500
val loss = 3.3403940200805664
training loss = 2.127255916595459 7000
val loss = 3.3732030391693115
training loss = 2.111759662628174 7500
val loss = 3.440133571624756
training loss = 2.104517698287964 8000
val loss = 3.4163131713867188
training loss = 2.0975937843322754 8500
val loss = 3.4208173751831055
training loss = 2.086451768875122 9000
val loss = 3.4232819080352783
training loss = 2.072683572769165 9500
val loss = 3.431919813156128
training loss = 2.0576441287994385 10000
val loss = 3.4304115772247314
training loss = 2.0467464923858643 10500
val loss = 3.429473638534546
training loss = 2.041137218475342 11000
val loss = 3.4110219478607178
training loss = 2.051193952560425 11500
val loss = 3.615805149078369
training loss = 2.039407968521118 12000
val loss = 3.3567183017730713
training loss = 2.0425169467926025 12500
val loss = 3.571665048599243
training loss = 2.0576603412628174 13000
val loss = 3.2345128059387207
training loss = 3.778773069381714 13500
val loss = 7.219834327697754
training loss = 2.030869245529175 14000
val loss = 3.4325718879699707
training loss = 2.0969078540802 14500
val loss = 3.1272566318511963
training loss = 2.029478073120117 15000
val loss = 3.391104221343994
training loss = 2.0265934467315674 15500
val loss = 3.457059860229492
training loss = 2.026395797729492 16000
val loss = 3.43094801902771
training loss = 2.02829647064209 16500
val loss = 3.3797097206115723
training loss = 2.0273098945617676 17000
val loss = 3.3848986625671387
training loss = 2.026127815246582 17500
val loss = 3.4635658264160156
training loss = 2.036538600921631 18000
val loss = 3.295736074447632
training loss = 2.0287702083587646 18500
val loss = 3.3840415477752686
training loss = 2.0255825519561768 19000
val loss = 3.4699437618255615
training loss = 2.0289957523345947 19500
val loss = 3.3506431579589844
training loss = 2.112295389175415 20000
val loss = 3.0910980701446533
training loss = 2.122910976409912 20500
val loss = 3.9836268424987793
training loss = 2.0831167697906494 21000
val loss = 3.1561007499694824
training loss = 2.0255227088928223 21500
val loss = 3.3913698196411133
training loss = 2.041921615600586 22000
val loss = 3.650315999984741
training loss = 2.0359485149383545 22500
val loss = 3.599663496017456
training loss = 2.430361032485962 23000
val loss = 4.806962966918945
training loss = 2.028032064437866 23500
val loss = 3.362840175628662
training loss = 2.029998540878296 24000
val loss = 3.5695292949676514
training loss = 3.0488481521606445 24500
val loss = 6.010411739349365
training loss = 2.078120231628418 25000
val loss = 3.820927381515503
training loss = 2.0506298542022705 25500
val loss = 3.7195816040039062
training loss = 2.5341129302978516 26000
val loss = 2.90631365776062
training loss = 2.052229881286621 26500
val loss = 3.216026782989502
training loss = 2.023841381072998 27000
val loss = 3.413015604019165
training loss = 2.1278200149536133 27500
val loss = 3.0496885776519775
training loss = 2.0580086708068848 28000
val loss = 3.1950111389160156
training loss = 2.0271034240722656 28500
val loss = 3.527496814727783
training loss = 2.152634382247925 29000
val loss = 3.04970645904541
training loss = 2.3169655799865723 29500
val loss = 2.9477148056030273
training loss = 2.4343745708465576 30000
val loss = 4.8343048095703125
reduced chi^2 level 2 = 2.3773033618927
Constrained alpha: 3.5415380001068115
Constrained beta: 3.054668426513672
Constrained gamma: 20.983488082885742
(1, 158)
(1, 17)
