data before
[  355.61478125  3387.41175     6815.5135      9293.728
 11079.3        12178.866      12863.104      13232.412
 13283.141      13249.49       12986.983      12685.435
 12310.527      11945.98       11427.244      10874.944
 10518.463       9982.133       9575.397       9042.782
  8671.202       8291.4925      7828.606       7505.164
  7094.3425      6743.164       6466.828       6160.5385
  5771.7505      5544.4475      5217.592       4946.1355
  4724.7575      4481.208       4269.212       4023.878
  3767.64775     3614.0935      3443.74875     3282.5365
  3072.28975     2921.72175     2766.99675     2631.405
  2455.72625     2370.32975     2244.58025     2092.647375
  1981.4365      1893.661625    1761.468125    1643.499875
  1543.438       1454.996625    1381.416875    1285.593375
  1197.169625    1136.841       1031.7308125   1018.99875
   946.10875      895.996875     801.7734375    732.6275
   691.8978125    640.580875     590.8483125    557.6539375
   532.53825      487.58365625   444.236375     387.11565625
   364.99984375   337.631625     321.92821875   296.88146875
   257.52320313   246.21067188   217.29904688   184.52051563
   173.11029688   155.22607813   137.88635938   125.37122656
   114.68585938    98.65473438    88.34791406    72.43759375
    68.53567969    57.48647656    55.26062891    49.58188672
    43.75491797    35.74480469    34.55396484    28.65197461
    24.62651172    19.07520313    17.71925586    14.09252441]
1
data after
[355.61478125, 3387.41175, 6815.5135, 9293.728000000001, 11079.300000000001, 12178.866, 12863.104, 13232.412, 13283.141, 13249.49, 12986.983, 12685.435, 12310.527, 11945.98, 11427.244, 10874.944, 10518.463, 9982.133, 9575.397, 9042.782000000001, 8671.202, 8291.4925, 7828.606, 7505.164, 7094.3425, 6743.164, 6466.828, 6160.538500000001, 5771.7505, 5544.4475, 5217.592000000001, 4946.1355, 4724.7575, 4481.2080000000005, 4269.212, 4023.878, 3767.64775, 3614.0935, 3443.74875, 3282.5365, 3072.28975, 2921.72175, 2766.9967500000002, 2631.405, 2455.72625, 2370.32975, 2244.58025, 2092.647375, 1981.4365, 1893.661625, 1761.468125, 1643.499875, 1543.438, 1454.996625, 1381.4168750000001, 1285.593375, 1197.169625, 1136.8410000000001, 1031.7308125, 1018.99875, 946.10875, 895.996875, 801.7734375, 732.6275, 691.8978125, 640.580875, 590.8483125, 557.6539375, 532.5382500000001, 487.58365625, 444.236375, 387.11565625000003, 364.99984375, 337.631625, 321.92821875, 296.88146875, 257.523203125, 246.210671875, 217.29904687500002, 184.520515625, 173.11029687500002, 155.22607812500002, 137.886359375, 125.3712265625, 114.685859375, 98.654734375, 88.3479140625, 72.43759375, 68.53567968750001, 57.4864765625, 55.26062890625, 49.58188671875, 43.75491796875, 35.7448046875, 34.55396484375, 28.651974609375, 24.62651171875, 50.8869833984375]
7
data,sig_tot
[  355.61478125  3387.41175     6815.5135      9293.728
 11079.3        12178.866      12863.104      13232.412
 13283.141      13249.49       12986.983      12685.435
 12310.527      11945.98       11427.244      10874.944
 10518.463       9982.133       9575.397       9042.782
  8671.202       8291.4925      7828.606       7505.164
  7094.3425      6743.164       6466.828       6160.5385
  5771.7505      5544.4475      5217.592       4946.1355
  4724.7575      4481.208       4269.212       4023.878
  3767.64775     3614.0935      3443.74875     3282.5365
  3072.28975     2921.72175     2766.99675     2631.405
  2455.72625     2370.32975     2244.58025     2092.647375
  1981.4365      1893.661625    1761.468125    1643.499875
  1543.438       1454.996625    1381.416875    1285.593375
  1197.169625    1136.841       1031.7308125   1018.99875
   946.10875      895.996875     801.7734375    732.6275
   691.8978125    640.580875     590.8483125    557.6539375
   532.53825      487.58365625   444.236375     387.11565625
   364.99984375   337.631625     321.92821875   296.88146875
   257.52320313   246.21067188   217.29904688   184.52051563
   173.11029688   155.22607813   137.88635938   125.37122656
   114.68585938    98.65473438    88.34791406    72.43759375
    68.53567969    57.48647656    55.26062891    49.58188672
    43.75491797    35.74480469    34.55396484    28.65197461
    24.62651172    50.8869834     43.4996875    692.8395
  1623.969375    2314.29225     2779.383       3026.292
  3154.31375     3196.07425     3141.4895      3052.01125
  2911.27675     2772.902       2636.348       2459.93575
  2277.0455      2153.198       2014.845       1869.897125
  1708.10925     1589.928       1485.671375    1376.144125
  1268.017375    1176.327625    1087.43575      997.87775
   925.19975      851.7011875    786.520625     731.8223125
   670.9871875    619.4935       566.22325      538.6359375
   488.69303125   460.54875      414.95015625   384.41425
   358.537125     320.71559375   302.95125      273.569625
   260.72623437   235.87495313   212.68489063   201.2825
   173.80232813   166.55128125   154.3768125    143.46390625
   133.43795313   117.11672656   107.87510938    97.55642187
    87.24704687    83.19089063    75.00121094    64.68313281
    62.8128125     58.33417969    50.04232031    43.08566797
    42.90588672    38.05053516    34.57588281    31.20304883
    30.64068945    24.23967187    24.08909375    22.46408789
    20.55732031    32.02829199    24.25775098    20.94595313
    23.45131445    21.64159082    26.71475974]
[  355.61478125  3387.41175     6815.5135      9293.728
 11079.3        12178.866      12863.104      13232.412
 13283.141      13249.49       12986.983      12685.435
 12310.527      11945.98       11427.244      10874.944
 10518.463       9982.133       9575.397       9042.782
  8671.202       8291.4925      7828.606       7505.164
  7094.3425      6743.164       6466.828       6160.5385
  5771.7505      5544.4475      5217.592       4946.1355
  4724.7575      4481.208       4269.212       4023.878
  3767.64775     3614.0935      3443.74875     3282.5365
  3072.28975     2921.72175     2766.99675     2631.405
  2455.72625     2370.32975     2244.58025     2092.647375
  1981.4365      1893.661625    1761.468125    1643.499875
  1543.438       1454.996625    1381.416875    1285.593375
  1197.169625    1136.841       1031.7308125   1018.99875
   946.10875      895.996875     801.7734375    732.6275
   691.8978125    640.580875     590.8483125    557.6539375
   532.53825      487.58365625   444.236375     387.11565625
   364.99984375   337.631625     321.92821875   296.88146875
   257.52320313   246.21067188   217.29904688   184.52051563
   173.11029688   155.22607812   137.88635938   125.37122656
   114.68585938    98.65473438    88.34791406    72.43759375
    68.53567969    57.48647656    55.26062891    49.58188672
    43.75491797    35.74480469    34.55396484    28.65197461
    24.62651172    50.8869834     43.4996875    692.8395
  1623.969375    2314.29225     2779.383       3026.292
  3154.31375     3196.07425     3141.4895      3052.01125
  2911.27675     2772.902       2636.348       2459.93575
  2277.0455      2153.198       2014.845       1869.897125
  1708.10925     1589.928       1485.671375    1376.144125
  1268.017375    1176.327625    1087.43575      997.87775
   925.19975      851.7011875    786.520625     731.8223125
   670.9871875    619.4935       566.22325      538.6359375
   488.69303125   460.54875      414.95015625   384.41425
   358.537125     320.71559375   302.95125      273.569625
   260.72623437   235.87495313   212.68489063   201.2825
   173.80232813   166.55128125   154.3768125    143.46390625
   133.43795313   117.11672656   107.87510938    97.55642187
    87.24704688    83.19089062    75.00121094    64.68313281
    62.8128125     58.33417969    50.04232031    43.08566797
    42.90588672    38.05053516    34.57588281    31.20304883
    30.64068945    24.23967187    24.08909375    22.46408789
    20.55732031    32.02829199    24.25775098    20.94595312
    23.45131445    21.64159082    26.71475974]
1.786398061645268 10.25301658243058 36.68503331497695
val isze = 17
idinces = [ 68 101  20 114  55  91 161  39  59  10  19 146 155  60 151  58  82 121
 106 166   1 137  47  72  66  78  67 144 103  49 120  87  69 165 154  26
  61  56  24 131 119  21 169 132  90  97 102  80  43 148  83 136  35  63
  81   2  70  98  38  52 171 174  99 158 128  95 112 143 117  41  32  76
  48  25  53 142 124  51  14 160  29   3  23 129 163  37 164 162  45 109
 134  42  79 138 153 145  12 173  22  85   6 105 110 133 130 104  34 150
 108  50 111 116 127   4   5  44 147  96  84 152  28  75   7  46  17  11
 168  71 118 135 172  74  94 149  93  18  27  36  57  31  65 140  89  30
  86  92 141 126  13  77 167 159  33  62 122 107  88  54 139 100  16 115
  40   0  73   8 170 157 156 123 113  64  15 125   9]
we are doing training validation split
training loss = 11.638507843017578 500
val loss = 14.06514835357666
training loss = 11.590903282165527 1000
val loss = 14.142326354980469
training loss = 11.538168907165527 1500
val loss = 14.242774963378906
training loss = 11.489192008972168 2000
val loss = 14.351503372192383
training loss = 11.445549011230469 2500
val loss = 14.448290824890137
training loss = 11.398576736450195 3000
val loss = 14.511876106262207
training loss = 11.323359489440918 3500
val loss = 14.521810531616211
training loss = 11.099238395690918 4000
val loss = 14.38594913482666
training loss = 2.7857418060302734 4500
val loss = 2.9146218299865723
training loss = 2.370854377746582 5000
val loss = 2.5068507194519043
training loss = 2.7446508407592773 5500
val loss = 2.213348150253296
training loss = 2.285299301147461 6000
val loss = 2.5447752475738525
training loss = 2.225707530975342 6500
val loss = 2.415461301803589
training loss = 2.177499532699585 7000
val loss = 2.2379729747772217
training loss = 2.1588640213012695 7500
val loss = 2.2303831577301025
training loss = 2.146514654159546 8000
val loss = 2.222109317779541
training loss = 2.1391913890838623 8500
val loss = 2.217986822128296
training loss = 2.134913921356201 9000
val loss = 2.2170448303222656
training loss = 2.132162094116211 9500
val loss = 2.215686559677124
training loss = 2.13020396232605 10000
val loss = 2.2156949043273926
training loss = 2.1286723613739014 10500
val loss = 2.2158892154693604
training loss = 2.127424955368042 11000
val loss = 2.21567964553833
training loss = 2.126384973526001 11500
val loss = 2.216341257095337
training loss = 2.125500202178955 12000
val loss = 2.2168843746185303
training loss = 2.1247646808624268 12500
val loss = 2.2160043716430664
training loss = 2.1241586208343506 13000
val loss = 2.212196111679077
training loss = 2.1422698497772217 13500
val loss = 2.3401615619659424
training loss = 2.2741026878356934 14000
val loss = 2.078328847885132
training loss = 3.2861433029174805 14500
val loss = 4.237498760223389
training loss = 2.19800066947937 15000
val loss = 2.0721750259399414
training loss = 2.1628901958465576 15500
val loss = 2.08644700050354
training loss = 2.1216788291931152 16000
val loss = 2.217423677444458
training loss = 2.1745052337646484 16500
val loss = 2.4488937854766846
training loss = 2.343541145324707 17000
val loss = 2.847735643386841
training loss = 2.123629093170166 17500
val loss = 2.247080087661743
training loss = 2.2315890789031982 18000
val loss = 2.6184799671173096
training loss = 2.1294362545013428 18500
val loss = 2.1604251861572266
training loss = 2.122192859649658 19000
val loss = 2.1822292804718018
reduced chi^2 level 2 = 2.1203439235687256
Constrained alpha: 2.5853452682495117
Constrained beta: 4.98428201675415
Constrained gamma: 21.242584228515625
(1, 158)
(1, 17)
