data before
[  355.61478125  3387.41175     6815.5135      9293.728
 11079.3        12178.866      12863.104      13232.412
 13283.141      13249.49       12986.983      12685.435
 12310.527      11945.98       11427.244      10874.944
 10518.463       9982.133       9575.397       9042.782
  8671.202       8291.4925      7828.606       7505.164
  7094.3425      6743.164       6466.828       6160.5385
  5771.7505      5544.4475      5217.592       4946.1355
  4724.7575      4481.208       4269.212       4023.878
  3767.64775     3614.0935      3443.74875     3282.5365
  3072.28975     2921.72175     2766.99675     2631.405
  2455.72625     2370.32975     2244.58025     2092.647375
  1981.4365      1893.661625    1761.468125    1643.499875
  1543.438       1454.996625    1381.416875    1285.593375
  1197.169625    1136.841       1031.7308125   1018.99875
   946.10875      895.996875     801.7734375    732.6275
   691.8978125    640.580875     590.8483125    557.6539375
   532.53825      487.58365625   444.236375     387.11565625
   364.99984375   337.631625     321.92821875   296.88146875
   257.52320313   246.21067188   217.29904688   184.52051563
   173.11029688   155.22607813   137.88635938   125.37122656
   114.68585938    98.65473438    88.34791406    72.43759375
    68.53567969    57.48647656    55.26062891    49.58188672
    43.75491797    35.74480469    34.55396484    28.65197461
    24.62651172    19.07520313    17.71925586    14.09252441]
1
data after
[355.61478125, 3387.41175, 6815.5135, 9293.728000000001, 11079.300000000001, 12178.866, 12863.104, 13232.412, 13283.141, 13249.49, 12986.983, 12685.435, 12310.527, 11945.98, 11427.244, 10874.944, 10518.463, 9982.133, 9575.397, 9042.782000000001, 8671.202, 8291.4925, 7828.606, 7505.164, 7094.3425, 6743.164, 6466.828, 6160.538500000001, 5771.7505, 5544.4475, 5217.592000000001, 4946.1355, 4724.7575, 4481.2080000000005, 4269.212, 4023.878, 3767.64775, 3614.0935, 3443.74875, 3282.5365, 3072.28975, 2921.72175, 2766.9967500000002, 2631.405, 2455.72625, 2370.32975, 2244.58025, 2092.647375, 1981.4365, 1893.661625, 1761.468125, 1643.499875, 1543.438, 1454.996625, 1381.4168750000001, 1285.593375, 1197.169625, 1136.8410000000001, 1031.7308125, 1018.99875, 946.10875, 895.996875, 801.7734375, 732.6275, 691.8978125, 640.580875, 590.8483125, 557.6539375, 532.5382500000001, 487.58365625, 444.236375, 387.11565625000003, 364.99984375, 337.631625, 321.92821875, 296.88146875, 257.523203125, 246.210671875, 217.29904687500002, 184.520515625, 173.11029687500002, 155.22607812500002, 137.886359375, 125.3712265625, 114.685859375, 98.654734375, 88.3479140625, 72.43759375, 68.53567968750001, 57.4864765625, 55.26062890625, 49.58188671875, 43.75491796875, 35.7448046875, 34.55396484375, 28.651974609375, 24.62651171875, 50.8869833984375]
7
data,sig_tot
[  355.61478125  3387.41175     6815.5135      9293.728
 11079.3        12178.866      12863.104      13232.412
 13283.141      13249.49       12986.983      12685.435
 12310.527      11945.98       11427.244      10874.944
 10518.463       9982.133       9575.397       9042.782
  8671.202       8291.4925      7828.606       7505.164
  7094.3425      6743.164       6466.828       6160.5385
  5771.7505      5544.4475      5217.592       4946.1355
  4724.7575      4481.208       4269.212       4023.878
  3767.64775     3614.0935      3443.74875     3282.5365
  3072.28975     2921.72175     2766.99675     2631.405
  2455.72625     2370.32975     2244.58025     2092.647375
  1981.4365      1893.661625    1761.468125    1643.499875
  1543.438       1454.996625    1381.416875    1285.593375
  1197.169625    1136.841       1031.7308125   1018.99875
   946.10875      895.996875     801.7734375    732.6275
   691.8978125    640.580875     590.8483125    557.6539375
   532.53825      487.58365625   444.236375     387.11565625
   364.99984375   337.631625     321.92821875   296.88146875
   257.52320313   246.21067188   217.29904688   184.52051563
   173.11029688   155.22607813   137.88635938   125.37122656
   114.68585938    98.65473438    88.34791406    72.43759375
    68.53567969    57.48647656    55.26062891    49.58188672
    43.75491797    35.74480469    34.55396484    28.65197461
    24.62651172    50.8869834     43.4996875    692.8395
  1623.969375    2314.29225     2779.383       3026.292
  3154.31375     3196.07425     3141.4895      3052.01125
  2911.27675     2772.902       2636.348       2459.93575
  2277.0455      2153.198       2014.845       1869.897125
  1708.10925     1589.928       1485.671375    1376.144125
  1268.017375    1176.327625    1087.43575      997.87775
   925.19975      851.7011875    786.520625     731.8223125
   670.9871875    619.4935       566.22325      538.6359375
   488.69303125   460.54875      414.95015625   384.41425
   358.537125     320.71559375   302.95125      273.569625
   260.72623437   235.87495313   212.68489063   201.2825
   173.80232813   166.55128125   154.3768125    143.46390625
   133.43795313   117.11672656   107.87510938    97.55642187
    87.24704687    83.19089063    75.00121094    64.68313281
    62.8128125     58.33417969    50.04232031    43.08566797
    42.90588672    38.05053516    34.57588281    31.20304883
    30.64068945    24.23967187    24.08909375    22.46408789
    20.55732031    32.02829199    24.25775098    20.94595313
    23.45131445    21.64159082    26.71475974]
[  355.61478125  3387.41175     6815.5135      9293.728
 11079.3        12178.866      12863.104      13232.412
 13283.141      13249.49       12986.983      12685.435
 12310.527      11945.98       11427.244      10874.944
 10518.463       9982.133       9575.397       9042.782
  8671.202       8291.4925      7828.606       7505.164
  7094.3425      6743.164       6466.828       6160.5385
  5771.7505      5544.4475      5217.592       4946.1355
  4724.7575      4481.208       4269.212       4023.878
  3767.64775     3614.0935      3443.74875     3282.5365
  3072.28975     2921.72175     2766.99675     2631.405
  2455.72625     2370.32975     2244.58025     2092.647375
  1981.4365      1893.661625    1761.468125    1643.499875
  1543.438       1454.996625    1381.416875    1285.593375
  1197.169625    1136.841       1031.7308125   1018.99875
   946.10875      895.996875     801.7734375    732.6275
   691.8978125    640.580875     590.8483125    557.6539375
   532.53825      487.58365625   444.236375     387.11565625
   364.99984375   337.631625     321.92821875   296.88146875
   257.52320313   246.21067188   217.29904688   184.52051563
   173.11029688   155.22607812   137.88635938   125.37122656
   114.68585938    98.65473438    88.34791406    72.43759375
    68.53567969    57.48647656    55.26062891    49.58188672
    43.75491797    35.74480469    34.55396484    28.65197461
    24.62651172    50.8869834     43.4996875    692.8395
  1623.969375    2314.29225     2779.383       3026.292
  3154.31375     3196.07425     3141.4895      3052.01125
  2911.27675     2772.902       2636.348       2459.93575
  2277.0455      2153.198       2014.845       1869.897125
  1708.10925     1589.928       1485.671375    1376.144125
  1268.017375    1176.327625    1087.43575      997.87775
   925.19975      851.7011875    786.520625     731.8223125
   670.9871875    619.4935       566.22325      538.6359375
   488.69303125   460.54875      414.95015625   384.41425
   358.537125     320.71559375   302.95125      273.569625
   260.72623437   235.87495313   212.68489063   201.2825
   173.80232813   166.55128125   154.3768125    143.46390625
   133.43795313   117.11672656   107.87510938    97.55642187
    87.24704688    83.19089062    75.00121094    64.68313281
    62.8128125     58.33417969    50.04232031    43.08566797
    42.90588672    38.05053516    34.57588281    31.20304883
    30.64068945    24.23967187    24.08909375    22.46408789
    20.55732031    32.02829199    24.25775098    20.94595312
    23.45131445    21.64159082    26.71475974]
3.44507926470302 15.125341978028363 82.63755559970836
val isze = 17
idinces = [ 68 101  20 114  55  91 161  39  59  10  19 146 155  60 151  58  82 121
 106 166   1 137  47  72  66  78  67 144 103  49 120  87  69 165 154  26
  61  56  24 131 119  21 169 132  90  97 102  80  43 148  83 136  35  63
  81   2  70  98  38  52 171 174  99 158 128  95 112 143 117  41  32  76
  48  25  53 142 124  51  14 160  29   3  23 129 163  37 164 162  45 109
 134  42  79 138 153 145  12 173  22  85   6 105 110 133 130 104  34 150
 108  50 111 116 127   4   5  44 147  96  84 152  28  75   7  46  17  11
 168  71 118 135 172  74  94 149  93  18  27  36  57  31  65 140  89  30
  86  92 141 126  13  77 167 159  33  62 122 107  88  54 139 100  16 115
  40   0  73   8 170 157 156 123 113  64  15 125   9]
we are doing training validation split
training loss = 12.828190803527832 500
val loss = 14.310578346252441
training loss = 12.66665267944336 1000
val loss = 14.480729103088379
training loss = 12.49317741394043 1500
val loss = 14.706170082092285
training loss = 12.339223861694336 2000
val loss = 14.940895080566406
training loss = 12.190630912780762 2500
val loss = 15.10788345336914
training loss = 11.922114372253418 3000
val loss = 15.07752513885498
training loss = 3.0324065685272217 3500
val loss = 3.0183420181274414
training loss = 2.6952097415924072 4000
val loss = 2.3530490398406982
training loss = 2.3565926551818848 4500
val loss = 1.8810291290283203
training loss = 2.379814386367798 5000
val loss = 1.7943931818008423
training loss = 2.3362536430358887 5500
val loss = 2.019815683364868
training loss = 2.310389995574951 6000
val loss = 1.8368504047393799
training loss = 2.290325164794922 6500
val loss = 1.8163185119628906
training loss = 2.2731845378875732 7000
val loss = 1.793845295906067
training loss = 2.2656373977661133 7500
val loss = 1.7621104717254639
training loss = 2.2566189765930176 8000
val loss = 1.7628728151321411
training loss = 2.25882887840271 8500
val loss = 1.8434854745864868
training loss = 2.2486379146575928 9000
val loss = 1.7645140886306763
training loss = 2.2455081939697266 9500
val loss = 1.757128357887268
training loss = 2.2434165477752686 10000
val loss = 1.7569494247436523
training loss = 2.35087251663208 10500
val loss = 2.1719391345977783
training loss = 2.2454373836517334 11000
val loss = 1.8165985345840454
training loss = 2.249086856842041 11500
val loss = 1.843820333480835
training loss = 2.2390196323394775 12000
val loss = 1.7551238536834717
training loss = 2.238631010055542 12500
val loss = 1.7509117126464844
training loss = 2.2376246452331543 13000
val loss = 1.7429585456848145
training loss = 2.2359790802001953 13500
val loss = 1.7449572086334229
training loss = 2.248852014541626 14000
val loss = 1.8550817966461182
training loss = 2.2376596927642822 14500
val loss = 1.778444766998291
training loss = 2.2539620399475098 15000
val loss = 1.8870292901992798
training loss = 2.2445616722106934 15500
val loss = 1.8399403095245361
training loss = 2.235639810562134 16000
val loss = 1.7539831399917603
training loss = 2.2352523803710938 16500
val loss = 1.7357474565505981
training loss = 2.233981132507324 17000
val loss = 1.7398604154586792
training loss = 2.23368239402771 17500
val loss = 1.7392351627349854
training loss = 2.2347798347473145 18000
val loss = 1.7765547037124634
training loss = 2.451183557510376 18500
val loss = 2.418917179107666
training loss = 2.235499858856201 19000
val loss = 1.722579002380371
training loss = 2.2336084842681885 19500
val loss = 1.739048957824707
training loss = 2.232889413833618 20000
val loss = 1.7362923622131348
training loss = 2.2926084995269775 20500
val loss = 1.561720371246338
training loss = 2.3970024585723877 21000
val loss = 1.6490769386291504
training loss = 2.2553300857543945 21500
val loss = 1.6300435066223145
training loss = 2.2345731258392334 22000
val loss = 1.7186723947525024
training loss = 2.2343926429748535 22500
val loss = 1.7579612731933594
training loss = 2.2331480979919434 23000
val loss = 1.7364287376403809
training loss = 2.2323012351989746 23500
val loss = 1.73513925075531
training loss = 2.232823371887207 24000
val loss = 1.7390878200531006
training loss = 2.232847213745117 24500
val loss = 1.7380924224853516
training loss = 2.232304811477661 25000
val loss = 1.7368193864822388
training loss = 2.231938600540161 25500
val loss = 1.742642879486084
training loss = 2.2321248054504395 26000
val loss = 1.735266089439392
training loss = 2.23184871673584 26500
val loss = 1.7265323400497437
training loss = 2.6439287662506104 27000
val loss = 2.8097171783447266
training loss = 2.23215389251709 27500
val loss = 1.73672354221344
training loss = 2.231839895248413 28000
val loss = 1.7349203824996948
training loss = 2.232496976852417 28500
val loss = 1.7405754327774048
training loss = 2.2320797443389893 29000
val loss = 1.736578106880188
training loss = 2.2320470809936523 29500
val loss = 1.7366472482681274
training loss = 2.2318363189697266 30000
val loss = 1.7360572814941406
reduced chi^2 level 2 = 2.231823682785034
Constrained alpha: 3.050464630126953
Constrained beta: 4.230264186859131
Constrained gamma: 24.775127410888672
(1, 158)
(1, 17)
