data before
[  355.61478125  3387.41175     6815.5135      9293.728
 11079.3        12178.866      12863.104      13232.412
 13283.141      13249.49       12986.983      12685.435
 12310.527      11945.98       11427.244      10874.944
 10518.463       9982.133       9575.397       9042.782
  8671.202       8291.4925      7828.606       7505.164
  7094.3425      6743.164       6466.828       6160.5385
  5771.7505      5544.4475      5217.592       4946.1355
  4724.7575      4481.208       4269.212       4023.878
  3767.64775     3614.0935      3443.74875     3282.5365
  3072.28975     2921.72175     2766.99675     2631.405
  2455.72625     2370.32975     2244.58025     2092.647375
  1981.4365      1893.661625    1761.468125    1643.499875
  1543.438       1454.996625    1381.416875    1285.593375
  1197.169625    1136.841       1031.7308125   1018.99875
   946.10875      895.996875     801.7734375    732.6275
   691.8978125    640.580875     590.8483125    557.6539375
   532.53825      487.58365625   444.236375     387.11565625
   364.99984375   337.631625     321.92821875   296.88146875
   257.52320313   246.21067188   217.29904688   184.52051563
   173.11029688   155.22607813   137.88635938   125.37122656
   114.68585938    98.65473438    88.34791406    72.43759375
    68.53567969    57.48647656    55.26062891    49.58188672
    43.75491797    35.74480469    34.55396484    28.65197461
    24.62651172    19.07520313    17.71925586    14.09252441]
1
data after
[355.61478125, 3387.41175, 6815.5135, 9293.728000000001, 11079.300000000001, 12178.866, 12863.104, 13232.412, 13283.141, 13249.49, 12986.983, 12685.435, 12310.527, 11945.98, 11427.244, 10874.944, 10518.463, 9982.133, 9575.397, 9042.782000000001, 8671.202, 8291.4925, 7828.606, 7505.164, 7094.3425, 6743.164, 6466.828, 6160.538500000001, 5771.7505, 5544.4475, 5217.592000000001, 4946.1355, 4724.7575, 4481.2080000000005, 4269.212, 4023.878, 3767.64775, 3614.0935, 3443.74875, 3282.5365, 3072.28975, 2921.72175, 2766.9967500000002, 2631.405, 2455.72625, 2370.32975, 2244.58025, 2092.647375, 1981.4365, 1893.661625, 1761.468125, 1643.499875, 1543.438, 1454.996625, 1381.4168750000001, 1285.593375, 1197.169625, 1136.8410000000001, 1031.7308125, 1018.99875, 946.10875, 895.996875, 801.7734375, 732.6275, 691.8978125, 640.580875, 590.8483125, 557.6539375, 532.5382500000001, 487.58365625, 444.236375, 387.11565625000003, 364.99984375, 337.631625, 321.92821875, 296.88146875, 257.523203125, 246.210671875, 217.29904687500002, 184.520515625, 173.11029687500002, 155.22607812500002, 137.886359375, 125.3712265625, 114.685859375, 98.654734375, 88.3479140625, 72.43759375, 68.53567968750001, 57.4864765625, 55.26062890625, 49.58188671875, 43.75491796875, 35.7448046875, 34.55396484375, 28.651974609375, 24.62651171875, 50.8869833984375]
7
data,sig_tot
[  355.61478125  3387.41175     6815.5135      9293.728
 11079.3        12178.866      12863.104      13232.412
 13283.141      13249.49       12986.983      12685.435
 12310.527      11945.98       11427.244      10874.944
 10518.463       9982.133       9575.397       9042.782
  8671.202       8291.4925      7828.606       7505.164
  7094.3425      6743.164       6466.828       6160.5385
  5771.7505      5544.4475      5217.592       4946.1355
  4724.7575      4481.208       4269.212       4023.878
  3767.64775     3614.0935      3443.74875     3282.5365
  3072.28975     2921.72175     2766.99675     2631.405
  2455.72625     2370.32975     2244.58025     2092.647375
  1981.4365      1893.661625    1761.468125    1643.499875
  1543.438       1454.996625    1381.416875    1285.593375
  1197.169625    1136.841       1031.7308125   1018.99875
   946.10875      895.996875     801.7734375    732.6275
   691.8978125    640.580875     590.8483125    557.6539375
   532.53825      487.58365625   444.236375     387.11565625
   364.99984375   337.631625     321.92821875   296.88146875
   257.52320313   246.21067188   217.29904688   184.52051563
   173.11029688   155.22607813   137.88635938   125.37122656
   114.68585938    98.65473438    88.34791406    72.43759375
    68.53567969    57.48647656    55.26062891    49.58188672
    43.75491797    35.74480469    34.55396484    28.65197461
    24.62651172    50.8869834     43.4996875    692.8395
  1623.969375    2314.29225     2779.383       3026.292
  3154.31375     3196.07425     3141.4895      3052.01125
  2911.27675     2772.902       2636.348       2459.93575
  2277.0455      2153.198       2014.845       1869.897125
  1708.10925     1589.928       1485.671375    1376.144125
  1268.017375    1176.327625    1087.43575      997.87775
   925.19975      851.7011875    786.520625     731.8223125
   670.9871875    619.4935       566.22325      538.6359375
   488.69303125   460.54875      414.95015625   384.41425
   358.537125     320.71559375   302.95125      273.569625
   260.72623437   235.87495313   212.68489063   201.2825
   173.80232813   166.55128125   154.3768125    143.46390625
   133.43795313   117.11672656   107.87510938    97.55642187
    87.24704687    83.19089063    75.00121094    64.68313281
    62.8128125     58.33417969    50.04232031    43.08566797
    42.90588672    38.05053516    34.57588281    31.20304883
    30.64068945    24.23967187    24.08909375    22.46408789
    20.55732031    32.02829199    24.25775098    20.94595313
    23.45131445    21.64159082    26.71475974]
[  355.61478125  3387.41175     6815.5135      9293.728
 11079.3        12178.866      12863.104      13232.412
 13283.141      13249.49       12986.983      12685.435
 12310.527      11945.98       11427.244      10874.944
 10518.463       9982.133       9575.397       9042.782
  8671.202       8291.4925      7828.606       7505.164
  7094.3425      6743.164       6466.828       6160.5385
  5771.7505      5544.4475      5217.592       4946.1355
  4724.7575      4481.208       4269.212       4023.878
  3767.64775     3614.0935      3443.74875     3282.5365
  3072.28975     2921.72175     2766.99675     2631.405
  2455.72625     2370.32975     2244.58025     2092.647375
  1981.4365      1893.661625    1761.468125    1643.499875
  1543.438       1454.996625    1381.416875    1285.593375
  1197.169625    1136.841       1031.7308125   1018.99875
   946.10875      895.996875     801.7734375    732.6275
   691.8978125    640.580875     590.8483125    557.6539375
   532.53825      487.58365625   444.236375     387.11565625
   364.99984375   337.631625     321.92821875   296.88146875
   257.52320313   246.21067188   217.29904688   184.52051563
   173.11029688   155.22607812   137.88635938   125.37122656
   114.68585938    98.65473438    88.34791406    72.43759375
    68.53567969    57.48647656    55.26062891    49.58188672
    43.75491797    35.74480469    34.55396484    28.65197461
    24.62651172    50.8869834     43.4996875    692.8395
  1623.969375    2314.29225     2779.383       3026.292
  3154.31375     3196.07425     3141.4895      3052.01125
  2911.27675     2772.902       2636.348       2459.93575
  2277.0455      2153.198       2014.845       1869.897125
  1708.10925     1589.928       1485.671375    1376.144125
  1268.017375    1176.327625    1087.43575      997.87775
   925.19975      851.7011875    786.520625     731.8223125
   670.9871875    619.4935       566.22325      538.6359375
   488.69303125   460.54875      414.95015625   384.41425
   358.537125     320.71559375   302.95125      273.569625
   260.72623437   235.87495313   212.68489063   201.2825
   173.80232813   166.55128125   154.3768125    143.46390625
   133.43795313   117.11672656   107.87510938    97.55642187
    87.24704688    83.19089062    75.00121094    64.68313281
    62.8128125     58.33417969    50.04232031    43.08566797
    42.90588672    38.05053516    34.57588281    31.20304883
    30.64068945    24.23967187    24.08909375    22.46408789
    20.55732031    32.02829199    24.25775098    20.94595312
    23.45131445    21.64159082    26.71475974]
2.724448328362482 8.151274946177923 49.56583588720094
val isze = 17
idinces = [ 68 101  20 114  55  91 161  39  59  10  19 146 155  60 151  58  82 121
 106 166   1 137  47  72  66  78  67 144 103  49 120  87  69 165 154  26
  61  56  24 131 119  21 169 132  90  97 102  80  43 148  83 136  35  63
  81   2  70  98  38  52 171 174  99 158 128  95 112 143 117  41  32  76
  48  25  53 142 124  51  14 160  29   3  23 129 163  37 164 162  45 109
 134  42  79 138 153 145  12 173  22  85   6 105 110 133 130 104  34 150
 108  50 111 116 127   4   5  44 147  96  84 152  28  75   7  46  17  11
 168  71 118 135 172  74  94 149  93  18  27  36  57  31  65 140  89  30
  86  92 141 126  13  77 167 159  33  62 122 107  88  54 139 100  16 115
  40   0  73   8 170 157 156 123 113  64  15 125   9]
we are doing training validation split
training loss = 12.35212230682373 500
val loss = 17.661161422729492
training loss = 12.120784759521484 1000
val loss = 17.2869815826416
training loss = 11.952735900878906 1500
val loss = 16.95537567138672
training loss = 11.833069801330566 2000
val loss = 16.69681739807129
training loss = 11.69937801361084 2500
val loss = 16.480623245239258
training loss = 11.333657264709473 3000
val loss = 16.10004425048828
training loss = 2.404057741165161 3500
val loss = 3.464885711669922
training loss = 2.2189249992370605 4000
val loss = 3.1226694583892822
training loss = 2.1738924980163574 4500
val loss = 2.998112440109253
training loss = 2.148935556411743 5000
val loss = 2.91957688331604
training loss = 2.134598731994629 5500
val loss = 2.8736236095428467
training loss = 2.1267261505126953 6000
val loss = 2.8412747383117676
training loss = 2.1225147247314453 6500
val loss = 2.815027952194214
training loss = 2.1212127208709717 7000
val loss = 2.832528591156006
training loss = 2.1190803050994873 7500
val loss = 2.798842430114746
training loss = 2.1181671619415283 8000
val loss = 2.7919933795928955
training loss = 2.1174774169921875 8500
val loss = 2.7877626419067383
training loss = 2.1168980598449707 9000
val loss = 2.7863051891326904
training loss = 2.1163723468780518 9500
val loss = 2.78391170501709
training loss = 2.115880012512207 10000
val loss = 2.782865285873413
training loss = 2.1154098510742188 10500
val loss = 2.7822861671447754
training loss = 2.1165835857391357 11000
val loss = 2.8152780532836914
training loss = 2.1172869205474854 11500
val loss = 2.8252813816070557
training loss = 2.1156399250030518 12000
val loss = 2.747678518295288
training loss = 2.228816509246826 12500
val loss = 2.618006706237793
training loss = 2.8033902645111084 13000
val loss = 2.8191707134246826
training loss = 2.2220396995544434 13500
val loss = 3.168804883956909
training loss = 2.113062620162964 14000
val loss = 2.7759430408477783
training loss = 2.428129196166992 14500
val loss = 3.57798171043396
training loss = 2.5042567253112793 15000
val loss = 3.717644214630127
training loss = 2.268510341644287 15500
val loss = 2.6175644397735596
training loss = 2.188314914703369 16000
val loss = 2.6280996799468994
training loss = 2.1140596866607666 16500
val loss = 2.8165040016174316
training loss = 2.111706256866455 17000
val loss = 2.7749032974243164
training loss = 2.1115469932556152 17500
val loss = 2.7759335041046143
training loss = 2.1113877296447754 18000
val loss = 2.7758877277374268
training loss = 2.1112608909606934 18500
val loss = 2.7739450931549072
training loss = 2.1111018657684326 19000
val loss = 2.776794672012329
training loss = 2.110964775085449 19500
val loss = 2.7759664058685303
training loss = 2.110821008682251 20000
val loss = 2.775111198425293
training loss = 2.110691547393799 20500
val loss = 2.7748687267303467
training loss = 2.1105425357818604 21000
val loss = 2.774203300476074
training loss = 2.1104393005371094 21500
val loss = 2.769852876663208
training loss = 2.1103248596191406 22000
val loss = 2.775867462158203
training loss = 2.110173463821411 22500
val loss = 2.773305654525757
training loss = 2.1146137714385986 23000
val loss = 2.7223682403564453
training loss = 2.1752963066101074 23500
val loss = 2.6288816928863525
training loss = 2.1099610328674316 24000
val loss = 2.7746336460113525
training loss = 2.1098437309265137 24500
val loss = 2.7733519077301025
training loss = 2.1097633838653564 25000
val loss = 2.774212121963501
training loss = 2.1096861362457275 25500
val loss = 2.7743773460388184
reduced chi^2 level 2 = 2.1095762252807617
Constrained alpha: 2.6677262783050537
Constrained beta: 4.770960330963135
Constrained gamma: 20.96955108642578
(1, 158)
(1, 17)
