data before
[  355.61478125  3387.41175     6815.5135      9293.728
 11079.3        12178.866      12863.104      13232.412
 13283.141      13249.49       12986.983      12685.435
 12310.527      11945.98       11427.244      10874.944
 10518.463       9982.133       9575.397       9042.782
  8671.202       8291.4925      7828.606       7505.164
  7094.3425      6743.164       6466.828       6160.5385
  5771.7505      5544.4475      5217.592       4946.1355
  4724.7575      4481.208       4269.212       4023.878
  3767.64775     3614.0935      3443.74875     3282.5365
  3072.28975     2921.72175     2766.99675     2631.405
  2455.72625     2370.32975     2244.58025     2092.647375
  1981.4365      1893.661625    1761.468125    1643.499875
  1543.438       1454.996625    1381.416875    1285.593375
  1197.169625    1136.841       1031.7308125   1018.99875
   946.10875      895.996875     801.7734375    732.6275
   691.8978125    640.580875     590.8483125    557.6539375
   532.53825      487.58365625   444.236375     387.11565625
   364.99984375   337.631625     321.92821875   296.88146875
   257.52320313   246.21067188   217.29904688   184.52051563
   173.11029688   155.22607813   137.88635938   125.37122656
   114.68585938    98.65473438    88.34791406    72.43759375
    68.53567969    57.48647656    55.26062891    49.58188672
    43.75491797    35.74480469    34.55396484    28.65197461
    24.62651172    19.07520313    17.71925586    14.09252441]
1
data after
[355.61478125, 3387.41175, 6815.5135, 9293.728000000001, 11079.300000000001, 12178.866, 12863.104, 13232.412, 13283.141, 13249.49, 12986.983, 12685.435, 12310.527, 11945.98, 11427.244, 10874.944, 10518.463, 9982.133, 9575.397, 9042.782000000001, 8671.202, 8291.4925, 7828.606, 7505.164, 7094.3425, 6743.164, 6466.828, 6160.538500000001, 5771.7505, 5544.4475, 5217.592000000001, 4946.1355, 4724.7575, 4481.2080000000005, 4269.212, 4023.878, 3767.64775, 3614.0935, 3443.74875, 3282.5365, 3072.28975, 2921.72175, 2766.9967500000002, 2631.405, 2455.72625, 2370.32975, 2244.58025, 2092.647375, 1981.4365, 1893.661625, 1761.468125, 1643.499875, 1543.438, 1454.996625, 1381.4168750000001, 1285.593375, 1197.169625, 1136.8410000000001, 1031.7308125, 1018.99875, 946.10875, 895.996875, 801.7734375, 732.6275, 691.8978125, 640.580875, 590.8483125, 557.6539375, 532.5382500000001, 487.58365625, 444.236375, 387.11565625000003, 364.99984375, 337.631625, 321.92821875, 296.88146875, 257.523203125, 246.210671875, 217.29904687500002, 184.520515625, 173.11029687500002, 155.22607812500002, 137.886359375, 125.3712265625, 114.685859375, 98.654734375, 88.3479140625, 72.43759375, 68.53567968750001, 57.4864765625, 55.26062890625, 49.58188671875, 43.75491796875, 35.7448046875, 34.55396484375, 28.651974609375, 24.62651171875, 50.8869833984375]
7
data,sig_tot
[  355.61478125  3387.41175     6815.5135      9293.728
 11079.3        12178.866      12863.104      13232.412
 13283.141      13249.49       12986.983      12685.435
 12310.527      11945.98       11427.244      10874.944
 10518.463       9982.133       9575.397       9042.782
  8671.202       8291.4925      7828.606       7505.164
  7094.3425      6743.164       6466.828       6160.5385
  5771.7505      5544.4475      5217.592       4946.1355
  4724.7575      4481.208       4269.212       4023.878
  3767.64775     3614.0935      3443.74875     3282.5365
  3072.28975     2921.72175     2766.99675     2631.405
  2455.72625     2370.32975     2244.58025     2092.647375
  1981.4365      1893.661625    1761.468125    1643.499875
  1543.438       1454.996625    1381.416875    1285.593375
  1197.169625    1136.841       1031.7308125   1018.99875
   946.10875      895.996875     801.7734375    732.6275
   691.8978125    640.580875     590.8483125    557.6539375
   532.53825      487.58365625   444.236375     387.11565625
   364.99984375   337.631625     321.92821875   296.88146875
   257.52320313   246.21067188   217.29904688   184.52051563
   173.11029688   155.22607813   137.88635938   125.37122656
   114.68585938    98.65473438    88.34791406    72.43759375
    68.53567969    57.48647656    55.26062891    49.58188672
    43.75491797    35.74480469    34.55396484    28.65197461
    24.62651172    50.8869834     43.4996875    692.8395
  1623.969375    2314.29225     2779.383       3026.292
  3154.31375     3196.07425     3141.4895      3052.01125
  2911.27675     2772.902       2636.348       2459.93575
  2277.0455      2153.198       2014.845       1869.897125
  1708.10925     1589.928       1485.671375    1376.144125
  1268.017375    1176.327625    1087.43575      997.87775
   925.19975      851.7011875    786.520625     731.8223125
   670.9871875    619.4935       566.22325      538.6359375
   488.69303125   460.54875      414.95015625   384.41425
   358.537125     320.71559375   302.95125      273.569625
   260.72623437   235.87495313   212.68489063   201.2825
   173.80232813   166.55128125   154.3768125    143.46390625
   133.43795313   117.11672656   107.87510938    97.55642187
    87.24704687    83.19089063    75.00121094    64.68313281
    62.8128125     58.33417969    50.04232031    43.08566797
    42.90588672    38.05053516    34.57588281    31.20304883
    30.64068945    24.23967187    24.08909375    22.46408789
    20.55732031    32.02829199    24.25775098    20.94595313
    23.45131445    21.64159082    26.71475974]
[  355.61478125  3387.41175     6815.5135      9293.728
 11079.3        12178.866      12863.104      13232.412
 13283.141      13249.49       12986.983      12685.435
 12310.527      11945.98       11427.244      10874.944
 10518.463       9982.133       9575.397       9042.782
  8671.202       8291.4925      7828.606       7505.164
  7094.3425      6743.164       6466.828       6160.5385
  5771.7505      5544.4475      5217.592       4946.1355
  4724.7575      4481.208       4269.212       4023.878
  3767.64775     3614.0935      3443.74875     3282.5365
  3072.28975     2921.72175     2766.99675     2631.405
  2455.72625     2370.32975     2244.58025     2092.647375
  1981.4365      1893.661625    1761.468125    1643.499875
  1543.438       1454.996625    1381.416875    1285.593375
  1197.169625    1136.841       1031.7308125   1018.99875
   946.10875      895.996875     801.7734375    732.6275
   691.8978125    640.580875     590.8483125    557.6539375
   532.53825      487.58365625   444.236375     387.11565625
   364.99984375   337.631625     321.92821875   296.88146875
   257.52320313   246.21067188   217.29904688   184.52051563
   173.11029688   155.22607812   137.88635938   125.37122656
   114.68585938    98.65473438    88.34791406    72.43759375
    68.53567969    57.48647656    55.26062891    49.58188672
    43.75491797    35.74480469    34.55396484    28.65197461
    24.62651172    50.8869834     43.4996875    692.8395
  1623.969375    2314.29225     2779.383       3026.292
  3154.31375     3196.07425     3141.4895      3052.01125
  2911.27675     2772.902       2636.348       2459.93575
  2277.0455      2153.198       2014.845       1869.897125
  1708.10925     1589.928       1485.671375    1376.144125
  1268.017375    1176.327625    1087.43575      997.87775
   925.19975      851.7011875    786.520625     731.8223125
   670.9871875    619.4935       566.22325      538.6359375
   488.69303125   460.54875      414.95015625   384.41425
   358.537125     320.71559375   302.95125      273.569625
   260.72623437   235.87495313   212.68489063   201.2825
   173.80232813   166.55128125   154.3768125    143.46390625
   133.43795313   117.11672656   107.87510938    97.55642187
    87.24704688    83.19089062    75.00121094    64.68313281
    62.8128125     58.33417969    50.04232031    43.08566797
    42.90588672    38.05053516    34.57588281    31.20304883
    30.64068945    24.23967187    24.08909375    22.46408789
    20.55732031    32.02829199    24.25775098    20.94595312
    23.45131445    21.64159082    26.71475974]
1.494366979013289 3.798635702887776 26.273873188760533
val isze = 17
idinces = [ 68 101  20 114  55  91 161  39  59  10  19 146 155  60 151  58  82 121
 106 166   1 137  47  72  66  78  67 144 103  49 120  87  69 165 154  26
  61  56  24 131 119  21 169 132  90  97 102  80  43 148  83 136  35  63
  81   2  70  98  38  52 171 174  99 158 128  95 112 143 117  41  32  76
  48  25  53 142 124  51  14 160  29   3  23 129 163  37 164 162  45 109
 134  42  79 138 153 145  12 173  22  85   6 105 110 133 130 104  34 150
 108  50 111 116 127   4   5  44 147  96  84 152  28  75   7  46  17  11
 168  71 118 135 172  74  94 149  93  18  27  36  57  31  65 140  89  30
  86  92 141 126  13  77 167 159  33  62 122 107  88  54 139 100  16 115
  40   0  73   8 170 157 156 123 113  64  15 125   9]
we are doing training validation split
training loss = 13.632064819335938 500
val loss = 18.962888717651367
training loss = 12.996675491333008 1000
val loss = 18.3316650390625
training loss = 12.5506010055542 1500
val loss = 17.78607940673828
training loss = 12.297859191894531 2000
val loss = 17.376062393188477
training loss = 12.175116539001465 2500
val loss = 17.090478897094727
training loss = 12.123910903930664 3000
val loss = 16.904897689819336
training loss = 12.105742454528809 3500
val loss = 16.795061111450195
training loss = 12.100056648254395 4000
val loss = 16.738550186157227
training loss = 12.098069190979004 4500
val loss = 16.715187072753906
training loss = 12.096774101257324 5000
val loss = 16.7064151763916
training loss = 12.095434188842773 5500
val loss = 16.705278396606445
training loss = 12.093735694885254 6000
val loss = 16.70384407043457
training loss = 12.091526985168457 6500
val loss = 16.700754165649414
training loss = 12.088756561279297 7000
val loss = 16.704376220703125
training loss = 12.085365295410156 7500
val loss = 16.707355499267578
training loss = 12.081323623657227 8000
val loss = 16.70795249938965
training loss = 12.076533317565918 8500
val loss = 16.70768928527832
training loss = 12.070918083190918 9000
val loss = 16.7098445892334
training loss = 12.064239501953125 9500
val loss = 16.710113525390625
training loss = 12.056111335754395 10000
val loss = 16.706928253173828
training loss = 12.045504570007324 10500
val loss = 16.704545974731445
training loss = 12.030193328857422 11000
val loss = 16.68144989013672
training loss = 12.002395629882812 11500
val loss = 16.690893173217773
training loss = 11.928929328918457 12000
val loss = 16.64375114440918
training loss = 11.354984283447266 12500
val loss = 16.08499526977539
training loss = 2.439680576324463 13000
val loss = 2.6779987812042236
training loss = 2.3184151649475098 13500
val loss = 2.449136734008789
training loss = 2.4782142639160156 14000
val loss = 2.6921117305755615
training loss = 2.260484457015991 14500
val loss = 2.3302254676818848
training loss = 2.2471625804901123 15000
val loss = 2.3129971027374268
training loss = 2.4665589332580566 15500
val loss = 1.9259315729141235
training loss = 2.231588125228882 16000
val loss = 2.292287588119507
training loss = 2.2352800369262695 16500
val loss = 2.329648733139038
training loss = 2.2241199016571045 17000
val loss = 2.2766621112823486
training loss = 2.222231864929199 17500
val loss = 2.2789621353149414
training loss = 2.221278667449951 18000
val loss = 2.2536158561706543
training loss = 2.2201716899871826 18500
val loss = 2.2763147354125977
training loss = 2.2292826175689697 19000
val loss = 2.256355047225952
training loss = 2.219373941421509 19500
val loss = 2.2697227001190186
training loss = 2.219351053237915 20000
val loss = 2.279670476913452
training loss = 2.220205783843994 20500
val loss = 2.3020570278167725
training loss = 2.4157896041870117 21000
val loss = 2.615140199661255
training loss = 2.248044013977051 21500
val loss = 2.193476915359497
training loss = 2.218822479248047 22000
val loss = 2.269056797027588
training loss = 2.218513250350952 22500
val loss = 2.2595295906066895
training loss = 2.2322752475738525 23000
val loss = 2.3823227882385254
training loss = 2.2272274494171143 23500
val loss = 2.2013351917266846
training loss = 2.2181272506713867 24000
val loss = 2.2591166496276855
reduced chi^2 level 2 = 2.218130350112915
Constrained alpha: 2.605576276779175
Constrained beta: 4.587843418121338
Constrained gamma: 16.600534439086914
(1, 158)
(1, 17)
