data before
[  355.61478125  3387.41175     6815.5135      9293.728
 11079.3        12178.866      12863.104      13232.412
 13283.141      13249.49       12986.983      12685.435
 12310.527      11945.98       11427.244      10874.944
 10518.463       9982.133       9575.397       9042.782
  8671.202       8291.4925      7828.606       7505.164
  7094.3425      6743.164       6466.828       6160.5385
  5771.7505      5544.4475      5217.592       4946.1355
  4724.7575      4481.208       4269.212       4023.878
  3767.64775     3614.0935      3443.74875     3282.5365
  3072.28975     2921.72175     2766.99675     2631.405
  2455.72625     2370.32975     2244.58025     2092.647375
  1981.4365      1893.661625    1761.468125    1643.499875
  1543.438       1454.996625    1381.416875    1285.593375
  1197.169625    1136.841       1031.7308125   1018.99875
   946.10875      895.996875     801.7734375    732.6275
   691.8978125    640.580875     590.8483125    557.6539375
   532.53825      487.58365625   444.236375     387.11565625
   364.99984375   337.631625     321.92821875   296.88146875
   257.52320313   246.21067188   217.29904688   184.52051563
   173.11029688   155.22607813   137.88635938   125.37122656
   114.68585938    98.65473438    88.34791406    72.43759375
    68.53567969    57.48647656    55.26062891    49.58188672
    43.75491797    35.74480469    34.55396484    28.65197461
    24.62651172    19.07520313    17.71925586    14.09252441]
1
data after
[355.61478125, 3387.41175, 6815.5135, 9293.728000000001, 11079.300000000001, 12178.866, 12863.104, 13232.412, 13283.141, 13249.49, 12986.983, 12685.435, 12310.527, 11945.98, 11427.244, 10874.944, 10518.463, 9982.133, 9575.397, 9042.782000000001, 8671.202, 8291.4925, 7828.606, 7505.164, 7094.3425, 6743.164, 6466.828, 6160.538500000001, 5771.7505, 5544.4475, 5217.592000000001, 4946.1355, 4724.7575, 4481.2080000000005, 4269.212, 4023.878, 3767.64775, 3614.0935, 3443.74875, 3282.5365, 3072.28975, 2921.72175, 2766.9967500000002, 2631.405, 2455.72625, 2370.32975, 2244.58025, 2092.647375, 1981.4365, 1893.661625, 1761.468125, 1643.499875, 1543.438, 1454.996625, 1381.4168750000001, 1285.593375, 1197.169625, 1136.8410000000001, 1031.7308125, 1018.99875, 946.10875, 895.996875, 801.7734375, 732.6275, 691.8978125, 640.580875, 590.8483125, 557.6539375, 532.5382500000001, 487.58365625, 444.236375, 387.11565625000003, 364.99984375, 337.631625, 321.92821875, 296.88146875, 257.523203125, 246.210671875, 217.29904687500002, 184.520515625, 173.11029687500002, 155.22607812500002, 137.886359375, 125.3712265625, 114.685859375, 98.654734375, 88.3479140625, 72.43759375, 68.53567968750001, 57.4864765625, 55.26062890625, 49.58188671875, 43.75491796875, 35.7448046875, 34.55396484375, 28.651974609375, 24.62651171875, 50.8869833984375]
7
data,sig_tot
[  355.61478125  3387.41175     6815.5135      9293.728
 11079.3        12178.866      12863.104      13232.412
 13283.141      13249.49       12986.983      12685.435
 12310.527      11945.98       11427.244      10874.944
 10518.463       9982.133       9575.397       9042.782
  8671.202       8291.4925      7828.606       7505.164
  7094.3425      6743.164       6466.828       6160.5385
  5771.7505      5544.4475      5217.592       4946.1355
  4724.7575      4481.208       4269.212       4023.878
  3767.64775     3614.0935      3443.74875     3282.5365
  3072.28975     2921.72175     2766.99675     2631.405
  2455.72625     2370.32975     2244.58025     2092.647375
  1981.4365      1893.661625    1761.468125    1643.499875
  1543.438       1454.996625    1381.416875    1285.593375
  1197.169625    1136.841       1031.7308125   1018.99875
   946.10875      895.996875     801.7734375    732.6275
   691.8978125    640.580875     590.8483125    557.6539375
   532.53825      487.58365625   444.236375     387.11565625
   364.99984375   337.631625     321.92821875   296.88146875
   257.52320313   246.21067188   217.29904688   184.52051563
   173.11029688   155.22607813   137.88635938   125.37122656
   114.68585938    98.65473438    88.34791406    72.43759375
    68.53567969    57.48647656    55.26062891    49.58188672
    43.75491797    35.74480469    34.55396484    28.65197461
    24.62651172    50.8869834     43.4996875    692.8395
  1623.969375    2314.29225     2779.383       3026.292
  3154.31375     3196.07425     3141.4895      3052.01125
  2911.27675     2772.902       2636.348       2459.93575
  2277.0455      2153.198       2014.845       1869.897125
  1708.10925     1589.928       1485.671375    1376.144125
  1268.017375    1176.327625    1087.43575      997.87775
   925.19975      851.7011875    786.520625     731.8223125
   670.9871875    619.4935       566.22325      538.6359375
   488.69303125   460.54875      414.95015625   384.41425
   358.537125     320.71559375   302.95125      273.569625
   260.72623437   235.87495313   212.68489063   201.2825
   173.80232813   166.55128125   154.3768125    143.46390625
   133.43795313   117.11672656   107.87510938    97.55642187
    87.24704687    83.19089063    75.00121094    64.68313281
    62.8128125     58.33417969    50.04232031    43.08566797
    42.90588672    38.05053516    34.57588281    31.20304883
    30.64068945    24.23967187    24.08909375    22.46408789
    20.55732031    32.02829199    24.25775098    20.94595313
    23.45131445    21.64159082    26.71475974]
[  355.61478125  3387.41175     6815.5135      9293.728
 11079.3        12178.866      12863.104      13232.412
 13283.141      13249.49       12986.983      12685.435
 12310.527      11945.98       11427.244      10874.944
 10518.463       9982.133       9575.397       9042.782
  8671.202       8291.4925      7828.606       7505.164
  7094.3425      6743.164       6466.828       6160.5385
  5771.7505      5544.4475      5217.592       4946.1355
  4724.7575      4481.208       4269.212       4023.878
  3767.64775     3614.0935      3443.74875     3282.5365
  3072.28975     2921.72175     2766.99675     2631.405
  2455.72625     2370.32975     2244.58025     2092.647375
  1981.4365      1893.661625    1761.468125    1643.499875
  1543.438       1454.996625    1381.416875    1285.593375
  1197.169625    1136.841       1031.7308125   1018.99875
   946.10875      895.996875     801.7734375    732.6275
   691.8978125    640.580875     590.8483125    557.6539375
   532.53825      487.58365625   444.236375     387.11565625
   364.99984375   337.631625     321.92821875   296.88146875
   257.52320313   246.21067188   217.29904688   184.52051563
   173.11029688   155.22607812   137.88635938   125.37122656
   114.68585938    98.65473438    88.34791406    72.43759375
    68.53567969    57.48647656    55.26062891    49.58188672
    43.75491797    35.74480469    34.55396484    28.65197461
    24.62651172    50.8869834     43.4996875    692.8395
  1623.969375    2314.29225     2779.383       3026.292
  3154.31375     3196.07425     3141.4895      3052.01125
  2911.27675     2772.902       2636.348       2459.93575
  2277.0455      2153.198       2014.845       1869.897125
  1708.10925     1589.928       1485.671375    1376.144125
  1268.017375    1176.327625    1087.43575      997.87775
   925.19975      851.7011875    786.520625     731.8223125
   670.9871875    619.4935       566.22325      538.6359375
   488.69303125   460.54875      414.95015625   384.41425
   358.537125     320.71559375   302.95125      273.569625
   260.72623437   235.87495313   212.68489063   201.2825
   173.80232813   166.55128125   154.3768125    143.46390625
   133.43795313   117.11672656   107.87510938    97.55642187
    87.24704688    83.19089062    75.00121094    64.68313281
    62.8128125     58.33417969    50.04232031    43.08566797
    42.90588672    38.05053516    34.57588281    31.20304883
    30.64068945    24.23967187    24.08909375    22.46408789
    20.55732031    32.02829199    24.25775098    20.94595312
    23.45131445    21.64159082    26.71475974]
4.155237663567481 0.956370650282512 28.487871370415075
val isze = 17
idinces = [ 68 101  20 114  55  91 161  39  59  10  19 146 155  60 151  58  82 121
 106 166   1 137  47  72  66  78  67 144 103  49 120  87  69 165 154  26
  61  56  24 131 119  21 169 132  90  97 102  80  43 148  83 136  35  63
  81   2  70  98  38  52 171 174  99 158 128  95 112 143 117  41  32  76
  48  25  53 142 124  51  14 160  29   3  23 129 163  37 164 162  45 109
 134  42  79 138 153 145  12 173  22  85   6 105 110 133 130 104  34 150
 108  50 111 116 127   4   5  44 147  96  84 152  28  75   7  46  17  11
 168  71 118 135 172  74  94 149  93  18  27  36  57  31  65 140  89  30
  86  92 141 126  13  77 167 159  33  62 122 107  88  54 139 100  16 115
  40   0  73   8 170 157 156 123 113  64  15 125   9]
we are doing training validation split
training loss = 50.81515884399414 500
val loss = 40.5660285949707
training loss = 4.683980464935303 1000
val loss = 7.308775424957275
training loss = 2.746140718460083 1500
val loss = 4.015147686004639
training loss = 2.4745705127716064 2000
val loss = 3.2538273334503174
training loss = 2.424619674682617 2500
val loss = 3.0279791355133057
training loss = 2.4081029891967773 3000
val loss = 2.967062473297119
training loss = 2.402221441268921 3500
val loss = 2.948533058166504
training loss = 2.399738073348999 4000
val loss = 2.9402129650115967
training loss = 2.399772882461548 4500
val loss = 2.9759116172790527
training loss = 5.315409183502197 5000
val loss = 7.903839111328125
training loss = 2.3942785263061523 5500
val loss = 2.9059553146362305
training loss = 2.3944029808044434 6000
val loss = 2.9121017456054688
training loss = 2.4056458473205566 6500
val loss = 2.8582005500793457
training loss = 2.3921749591827393 7000
val loss = 2.8877265453338623
training loss = 2.392087697982788 7500
val loss = 2.888457775115967
training loss = 2.3922877311706543 8000
val loss = 2.8959896564483643
training loss = 2.393606185913086 8500
val loss = 2.868260145187378
training loss = 2.4345269203186035 9000
val loss = 3.1679954528808594
training loss = 2.407836437225342 9500
val loss = 3.0863311290740967
training loss = 2.4078855514526367 10000
val loss = 3.103919506072998
training loss = 2.4764912128448486 10500
val loss = 3.346585988998413
training loss = 3.3240039348602295 11000
val loss = 2.938457489013672
training loss = 2.454503059387207 11500
val loss = 2.6769566535949707
training loss = 2.3966760635375977 12000
val loss = 2.9884023666381836
training loss = 2.3896634578704834 12500
val loss = 2.876321792602539
training loss = 2.3894574642181396 13000
val loss = 2.8702423572540283
training loss = 2.3891634941101074 13500
val loss = 2.8671789169311523
training loss = 2.727461814880371 14000
val loss = 3.929438829421997
training loss = 2.398589849472046 14500
val loss = 2.9818527698516846
training loss = 2.3939199447631836 15000
val loss = 2.8198342323303223
training loss = 2.3917980194091797 15500
val loss = 2.833317279815674
training loss = 2.393418312072754 16000
val loss = 2.9123127460479736
training loss = 2.3882992267608643 16500
val loss = 2.866619825363159
training loss = 2.3886287212371826 17000
val loss = 2.8951170444488525
training loss = 2.3951830863952637 17500
val loss = 2.9013407230377197
training loss = 2.387972831726074 18000
val loss = 2.851552724838257
training loss = 2.3879706859588623 18500
val loss = 2.8662431240081787
training loss = 2.3879032135009766 19000
val loss = 2.86784291267395
training loss = 2.3877389430999756 19500
val loss = 2.866044521331787
training loss = 2.388266086578369 20000
val loss = 2.8666694164276123
training loss = 2.387575626373291 20500
val loss = 2.8704049587249756
training loss = 2.387526512145996 21000
val loss = 2.864572763442993
training loss = 2.3875021934509277 21500
val loss = 2.8682570457458496
training loss = 2.356191396713257 22000
val loss = 2.819345712661743
training loss = 1.9592992067337036 22500
val loss = 2.615292549133301
training loss = 1.9146016836166382 23000
val loss = 2.62414813041687
training loss = 1.8975934982299805 23500
val loss = 2.6377320289611816
training loss = 1.8905949592590332 24000
val loss = 2.6372954845428467
training loss = 1.9580734968185425 24500
val loss = 2.32611083984375
training loss = 1.8822304010391235 25000
val loss = 2.6246261596679688
training loss = 1.8814640045166016 25500
val loss = 2.628462553024292
training loss = 1.8813585042953491 26000
val loss = 2.6348512172698975
training loss = 1.885263204574585 26500
val loss = 2.702296495437622
training loss = 1.88033926486969 27000
val loss = 2.619563341140747
training loss = 1.936457872390747 27500
val loss = 2.9584481716156006
training loss = 1.878817081451416 28000
val loss = 2.5986852645874023
training loss = 1.8770945072174072 28500
val loss = 2.6159346103668213
training loss = 1.8881701231002808 29000
val loss = 2.5166196823120117
training loss = 1.8769344091415405 29500
val loss = 2.612131118774414
training loss = 1.876621961593628 30000
val loss = 2.6096904277801514
reduced chi^2 level 2 = 1.8766603469848633
Constrained alpha: 2.701380491256714
Constrained beta: -1.473038913069047e-10
Constrained gamma: 15.815136909484863
(1, 158)
(1, 17)
