data before
[  355.61478125  3387.41175     6815.5135      9293.728
 11079.3        12178.866      12863.104      13232.412
 13283.141      13249.49       12986.983      12685.435
 12310.527      11945.98       11427.244      10874.944
 10518.463       9982.133       9575.397       9042.782
  8671.202       8291.4925      7828.606       7505.164
  7094.3425      6743.164       6466.828       6160.5385
  5771.7505      5544.4475      5217.592       4946.1355
  4724.7575      4481.208       4269.212       4023.878
  3767.64775     3614.0935      3443.74875     3282.5365
  3072.28975     2921.72175     2766.99675     2631.405
  2455.72625     2370.32975     2244.58025     2092.647375
  1981.4365      1893.661625    1761.468125    1643.499875
  1543.438       1454.996625    1381.416875    1285.593375
  1197.169625    1136.841       1031.7308125   1018.99875
   946.10875      895.996875     801.7734375    732.6275
   691.8978125    640.580875     590.8483125    557.6539375
   532.53825      487.58365625   444.236375     387.11565625
   364.99984375   337.631625     321.92821875   296.88146875
   257.52320313   246.21067188   217.29904688   184.52051563
   173.11029688   155.22607813   137.88635938   125.37122656
   114.68585938    98.65473438    88.34791406    72.43759375
    68.53567969    57.48647656    55.26062891    49.58188672
    43.75491797    35.74480469    34.55396484    28.65197461
    24.62651172    19.07520313    17.71925586    14.09252441]
1
data after
[355.61478125, 3387.41175, 6815.5135, 9293.728000000001, 11079.300000000001, 12178.866, 12863.104, 13232.412, 13283.141, 13249.49, 12986.983, 12685.435, 12310.527, 11945.98, 11427.244, 10874.944, 10518.463, 9982.133, 9575.397, 9042.782000000001, 8671.202, 8291.4925, 7828.606, 7505.164, 7094.3425, 6743.164, 6466.828, 6160.538500000001, 5771.7505, 5544.4475, 5217.592000000001, 4946.1355, 4724.7575, 4481.2080000000005, 4269.212, 4023.878, 3767.64775, 3614.0935, 3443.74875, 3282.5365, 3072.28975, 2921.72175, 2766.9967500000002, 2631.405, 2455.72625, 2370.32975, 2244.58025, 2092.647375, 1981.4365, 1893.661625, 1761.468125, 1643.499875, 1543.438, 1454.996625, 1381.4168750000001, 1285.593375, 1197.169625, 1136.8410000000001, 1031.7308125, 1018.99875, 946.10875, 895.996875, 801.7734375, 732.6275, 691.8978125, 640.580875, 590.8483125, 557.6539375, 532.5382500000001, 487.58365625, 444.236375, 387.11565625000003, 364.99984375, 337.631625, 321.92821875, 296.88146875, 257.523203125, 246.210671875, 217.29904687500002, 184.520515625, 173.11029687500002, 155.22607812500002, 137.886359375, 125.3712265625, 114.685859375, 98.654734375, 88.3479140625, 72.43759375, 68.53567968750001, 57.4864765625, 55.26062890625, 49.58188671875, 43.75491796875, 35.7448046875, 34.55396484375, 28.651974609375, 24.62651171875, 50.8869833984375]
7
data,sig_tot
[  355.61478125  3387.41175     6815.5135      9293.728
 11079.3        12178.866      12863.104      13232.412
 13283.141      13249.49       12986.983      12685.435
 12310.527      11945.98       11427.244      10874.944
 10518.463       9982.133       9575.397       9042.782
  8671.202       8291.4925      7828.606       7505.164
  7094.3425      6743.164       6466.828       6160.5385
  5771.7505      5544.4475      5217.592       4946.1355
  4724.7575      4481.208       4269.212       4023.878
  3767.64775     3614.0935      3443.74875     3282.5365
  3072.28975     2921.72175     2766.99675     2631.405
  2455.72625     2370.32975     2244.58025     2092.647375
  1981.4365      1893.661625    1761.468125    1643.499875
  1543.438       1454.996625    1381.416875    1285.593375
  1197.169625    1136.841       1031.7308125   1018.99875
   946.10875      895.996875     801.7734375    732.6275
   691.8978125    640.580875     590.8483125    557.6539375
   532.53825      487.58365625   444.236375     387.11565625
   364.99984375   337.631625     321.92821875   296.88146875
   257.52320313   246.21067188   217.29904688   184.52051563
   173.11029688   155.22607813   137.88635938   125.37122656
   114.68585938    98.65473438    88.34791406    72.43759375
    68.53567969    57.48647656    55.26062891    49.58188672
    43.75491797    35.74480469    34.55396484    28.65197461
    24.62651172    50.8869834     43.4996875    692.8395
  1623.969375    2314.29225     2779.383       3026.292
  3154.31375     3196.07425     3141.4895      3052.01125
  2911.27675     2772.902       2636.348       2459.93575
  2277.0455      2153.198       2014.845       1869.897125
  1708.10925     1589.928       1485.671375    1376.144125
  1268.017375    1176.327625    1087.43575      997.87775
   925.19975      851.7011875    786.520625     731.8223125
   670.9871875    619.4935       566.22325      538.6359375
   488.69303125   460.54875      414.95015625   384.41425
   358.537125     320.71559375   302.95125      273.569625
   260.72623437   235.87495313   212.68489063   201.2825
   173.80232813   166.55128125   154.3768125    143.46390625
   133.43795313   117.11672656   107.87510938    97.55642187
    87.24704687    83.19089063    75.00121094    64.68313281
    62.8128125     58.33417969    50.04232031    43.08566797
    42.90588672    38.05053516    34.57588281    31.20304883
    30.64068945    24.23967187    24.08909375    22.46408789
    20.55732031    32.02829199    24.25775098    20.94595313
    23.45131445    21.64159082    26.71475974]
[  355.61478125  3387.41175     6815.5135      9293.728
 11079.3        12178.866      12863.104      13232.412
 13283.141      13249.49       12986.983      12685.435
 12310.527      11945.98       11427.244      10874.944
 10518.463       9982.133       9575.397       9042.782
  8671.202       8291.4925      7828.606       7505.164
  7094.3425      6743.164       6466.828       6160.5385
  5771.7505      5544.4475      5217.592       4946.1355
  4724.7575      4481.208       4269.212       4023.878
  3767.64775     3614.0935      3443.74875     3282.5365
  3072.28975     2921.72175     2766.99675     2631.405
  2455.72625     2370.32975     2244.58025     2092.647375
  1981.4365      1893.661625    1761.468125    1643.499875
  1543.438       1454.996625    1381.416875    1285.593375
  1197.169625    1136.841       1031.7308125   1018.99875
   946.10875      895.996875     801.7734375    732.6275
   691.8978125    640.580875     590.8483125    557.6539375
   532.53825      487.58365625   444.236375     387.11565625
   364.99984375   337.631625     321.92821875   296.88146875
   257.52320313   246.21067188   217.29904688   184.52051563
   173.11029688   155.22607812   137.88635938   125.37122656
   114.68585938    98.65473438    88.34791406    72.43759375
    68.53567969    57.48647656    55.26062891    49.58188672
    43.75491797    35.74480469    34.55396484    28.65197461
    24.62651172    50.8869834     43.4996875    692.8395
  1623.969375    2314.29225     2779.383       3026.292
  3154.31375     3196.07425     3141.4895      3052.01125
  2911.27675     2772.902       2636.348       2459.93575
  2277.0455      2153.198       2014.845       1869.897125
  1708.10925     1589.928       1485.671375    1376.144125
  1268.017375    1176.327625    1087.43575      997.87775
   925.19975      851.7011875    786.520625     731.8223125
   670.9871875    619.4935       566.22325      538.6359375
   488.69303125   460.54875      414.95015625   384.41425
   358.537125     320.71559375   302.95125      273.569625
   260.72623437   235.87495313   212.68489063   201.2825
   173.80232813   166.55128125   154.3768125    143.46390625
   133.43795313   117.11672656   107.87510938    97.55642187
    87.24704688    83.19089062    75.00121094    64.68313281
    62.8128125     58.33417969    50.04232031    43.08566797
    42.90588672    38.05053516    34.57588281    31.20304883
    30.64068945    24.23967187    24.08909375    22.46408789
    20.55732031    32.02829199    24.25775098    20.94595312
    23.45131445    21.64159082    26.71475974]
4.141596973005241 14.396640396566195 74.40777871476567
val isze = 17
idinces = [ 68 101  20 114  55  91 161  39  59  10  19 146 155  60 151  58  82 121
 106 166   1 137  47  72  66  78  67 144 103  49 120  87  69 165 154  26
  61  56  24 131 119  21 169 132  90  97 102  80  43 148  83 136  35  63
  81   2  70  98  38  52 171 174  99 158 128  95 112 143 117  41  32  76
  48  25  53 142 124  51  14 160  29   3  23 129 163  37 164 162  45 109
 134  42  79 138 153 145  12 173  22  85   6 105 110 133 130 104  34 150
 108  50 111 116 127   4   5  44 147  96  84 152  28  75   7  46  17  11
 168  71 118 135 172  74  94 149  93  18  27  36  57  31  65 140  89  30
  86  92 141 126  13  77 167 159  33  62 122 107  88  54 139 100  16 115
  40   0  73   8 170 157 156 123 113  64  15 125   9]
we are doing training validation split
training loss = 11.250223159790039 500
val loss = 12.643057823181152
training loss = 10.972723007202148 1000
val loss = 12.488584518432617
training loss = 6.446979522705078 1500
val loss = 7.381434440612793
training loss = 2.656280517578125 2000
val loss = 2.1276910305023193
training loss = 2.3150322437286377 2500
val loss = 2.0963404178619385
training loss = 2.1848087310791016 3000
val loss = 2.0065460205078125
training loss = 2.1513829231262207 3500
val loss = 1.9469927549362183
training loss = 2.249697685241699 4000
val loss = 2.267979860305786
training loss = 2.1115622520446777 4500
val loss = 1.9379149675369263
training loss = 2.1003854274749756 5000
val loss = 1.9571497440338135
training loss = 2.0911638736724854 5500
val loss = 1.9395365715026855
training loss = 2.0855233669281006 6000
val loss = 1.946964979171753
training loss = 2.0813567638397217 6500
val loss = 1.9454071521759033
training loss = 2.0783863067626953 7000
val loss = 1.9442484378814697
training loss = 2.076159954071045 7500
val loss = 1.9576497077941895
training loss = 2.089261054992676 8000
val loss = 2.039562702178955
training loss = 2.084315776824951 8500
val loss = 1.8889681100845337
training loss = 2.071652412414551 9000
val loss = 1.9317418336868286
training loss = 2.06892728805542 9500
val loss = 1.9415122270584106
training loss = 2.0669329166412354 10000
val loss = 1.9430330991744995
training loss = 2.06512188911438 10500
val loss = 1.940714716911316
training loss = 2.1351919174194336 11000
val loss = 2.1751818656921387
training loss = 2.0828917026519775 11500
val loss = 1.8541077375411987
training loss = 2.3855221271514893 12000
val loss = 1.9146894216537476
training loss = 2.0810599327087402 12500
val loss = 1.8421704769134521
training loss = 2.8088631629943848 13000
val loss = 3.2002804279327393
training loss = 2.1370909214019775 13500
val loss = 1.8092371225357056
training loss = 2.049755573272705 14000
val loss = 1.9058234691619873
training loss = 2.0655765533447266 14500
val loss = 1.8417383432388306
training loss = 2.0460386276245117 15000
val loss = 1.918055772781372
training loss = 2.0436949729919434 15500
val loss = 1.9043610095977783
training loss = 2.0425941944122314 16000
val loss = 1.8802026510238647
training loss = 2.0402002334594727 16500
val loss = 1.8869905471801758
training loss = 2.0535526275634766 17000
val loss = 1.8384867906570435
training loss = 2.036764144897461 17500
val loss = 1.8915557861328125
training loss = 2.0662484169006348 18000
val loss = 2.0183939933776855
training loss = 2.0343778133392334 18500
val loss = 1.8814468383789062
training loss = 2.0334248542785645 19000
val loss = 1.8766082525253296
training loss = 2.0823302268981934 19500
val loss = 2.0669987201690674
training loss = 2.051884174346924 20000
val loss = 1.8203809261322021
training loss = 2.050802707672119 20500
val loss = 1.8110026121139526
training loss = 2.0579614639282227 21000
val loss = 2.005582094192505
training loss = 2.032350778579712 21500
val loss = 1.9117248058319092
training loss = 2.0280447006225586 22000
val loss = 1.8766084909439087
training loss = 2.027503728866577 22500
val loss = 1.8678109645843506
training loss = 2.0268590450286865 23000
val loss = 1.869341492652893
training loss = 2.027878522872925 23500
val loss = 1.8519877195358276
training loss = 2.0268807411193848 24000
val loss = 1.8853766918182373
training loss = 2.1101067066192627 24500
val loss = 1.79250168800354
training loss = 2.169666290283203 25000
val loss = 2.228499412536621
training loss = 2.028534173965454 25500
val loss = 1.9023224115371704
training loss = 2.398754358291626 26000
val loss = 2.599518299102783
training loss = 2.476241111755371 26500
val loss = 1.9590712785720825
training loss = 2.027953863143921 27000
val loss = 1.899883508682251
training loss = 2.0241270065307617 27500
val loss = 1.8528271913528442
training loss = 2.0366199016571045 28000
val loss = 1.8092505931854248
training loss = 2.135727882385254 28500
val loss = 2.165912628173828
training loss = 2.031224250793457 29000
val loss = 1.8185815811157227
training loss = 2.022371768951416 29500
val loss = 1.854131817817688
training loss = 2.0911476612091064 30000
val loss = 1.7807058095932007
reduced chi^2 level 2 = 2.0507659912109375
Constrained alpha: 3.167243242263794
Constrained beta: 3.675680637359619
Constrained gamma: 21.333498001098633
(1, 158)
(1, 17)
