data before
[  355.61478125  3387.41175     6815.5135      9293.728
 11079.3        12178.866      12863.104      13232.412
 13283.141      13249.49       12986.983      12685.435
 12310.527      11945.98       11427.244      10874.944
 10518.463       9982.133       9575.397       9042.782
  8671.202       8291.4925      7828.606       7505.164
  7094.3425      6743.164       6466.828       6160.5385
  5771.7505      5544.4475      5217.592       4946.1355
  4724.7575      4481.208       4269.212       4023.878
  3767.64775     3614.0935      3443.74875     3282.5365
  3072.28975     2921.72175     2766.99675     2631.405
  2455.72625     2370.32975     2244.58025     2092.647375
  1981.4365      1893.661625    1761.468125    1643.499875
  1543.438       1454.996625    1381.416875    1285.593375
  1197.169625    1136.841       1031.7308125   1018.99875
   946.10875      895.996875     801.7734375    732.6275
   691.8978125    640.580875     590.8483125    557.6539375
   532.53825      487.58365625   444.236375     387.11565625
   364.99984375   337.631625     321.92821875   296.88146875
   257.52320313   246.21067188   217.29904688   184.52051563
   173.11029688   155.22607813   137.88635938   125.37122656
   114.68585938    98.65473438    88.34791406    72.43759375
    68.53567969    57.48647656    55.26062891    49.58188672
    43.75491797    35.74480469    34.55396484    28.65197461
    24.62651172    19.07520313    17.71925586    14.09252441]
1
data after
[355.61478125, 3387.41175, 6815.5135, 9293.728000000001, 11079.300000000001, 12178.866, 12863.104, 13232.412, 13283.141, 13249.49, 12986.983, 12685.435, 12310.527, 11945.98, 11427.244, 10874.944, 10518.463, 9982.133, 9575.397, 9042.782000000001, 8671.202, 8291.4925, 7828.606, 7505.164, 7094.3425, 6743.164, 6466.828, 6160.538500000001, 5771.7505, 5544.4475, 5217.592000000001, 4946.1355, 4724.7575, 4481.2080000000005, 4269.212, 4023.878, 3767.64775, 3614.0935, 3443.74875, 3282.5365, 3072.28975, 2921.72175, 2766.9967500000002, 2631.405, 2455.72625, 2370.32975, 2244.58025, 2092.647375, 1981.4365, 1893.661625, 1761.468125, 1643.499875, 1543.438, 1454.996625, 1381.4168750000001, 1285.593375, 1197.169625, 1136.8410000000001, 1031.7308125, 1018.99875, 946.10875, 895.996875, 801.7734375, 732.6275, 691.8978125, 640.580875, 590.8483125, 557.6539375, 532.5382500000001, 487.58365625, 444.236375, 387.11565625000003, 364.99984375, 337.631625, 321.92821875, 296.88146875, 257.523203125, 246.210671875, 217.29904687500002, 184.520515625, 173.11029687500002, 155.22607812500002, 137.886359375, 125.3712265625, 114.685859375, 98.654734375, 88.3479140625, 72.43759375, 68.53567968750001, 57.4864765625, 55.26062890625, 49.58188671875, 43.75491796875, 35.7448046875, 34.55396484375, 28.651974609375, 24.62651171875, 50.8869833984375]
7
data,sig_tot
[  355.61478125  3387.41175     6815.5135      9293.728
 11079.3        12178.866      12863.104      13232.412
 13283.141      13249.49       12986.983      12685.435
 12310.527      11945.98       11427.244      10874.944
 10518.463       9982.133       9575.397       9042.782
  8671.202       8291.4925      7828.606       7505.164
  7094.3425      6743.164       6466.828       6160.5385
  5771.7505      5544.4475      5217.592       4946.1355
  4724.7575      4481.208       4269.212       4023.878
  3767.64775     3614.0935      3443.74875     3282.5365
  3072.28975     2921.72175     2766.99675     2631.405
  2455.72625     2370.32975     2244.58025     2092.647375
  1981.4365      1893.661625    1761.468125    1643.499875
  1543.438       1454.996625    1381.416875    1285.593375
  1197.169625    1136.841       1031.7308125   1018.99875
   946.10875      895.996875     801.7734375    732.6275
   691.8978125    640.580875     590.8483125    557.6539375
   532.53825      487.58365625   444.236375     387.11565625
   364.99984375   337.631625     321.92821875   296.88146875
   257.52320313   246.21067188   217.29904688   184.52051563
   173.11029688   155.22607813   137.88635938   125.37122656
   114.68585938    98.65473438    88.34791406    72.43759375
    68.53567969    57.48647656    55.26062891    49.58188672
    43.75491797    35.74480469    34.55396484    28.65197461
    24.62651172    50.8869834     43.4996875    692.8395
  1623.969375    2314.29225     2779.383       3026.292
  3154.31375     3196.07425     3141.4895      3052.01125
  2911.27675     2772.902       2636.348       2459.93575
  2277.0455      2153.198       2014.845       1869.897125
  1708.10925     1589.928       1485.671375    1376.144125
  1268.017375    1176.327625    1087.43575      997.87775
   925.19975      851.7011875    786.520625     731.8223125
   670.9871875    619.4935       566.22325      538.6359375
   488.69303125   460.54875      414.95015625   384.41425
   358.537125     320.71559375   302.95125      273.569625
   260.72623437   235.87495313   212.68489063   201.2825
   173.80232813   166.55128125   154.3768125    143.46390625
   133.43795313   117.11672656   107.87510938    97.55642187
    87.24704687    83.19089063    75.00121094    64.68313281
    62.8128125     58.33417969    50.04232031    43.08566797
    42.90588672    38.05053516    34.57588281    31.20304883
    30.64068945    24.23967187    24.08909375    22.46408789
    20.55732031    32.02829199    24.25775098    20.94595313
    23.45131445    21.64159082    26.71475974]
[  355.61478125  3387.41175     6815.5135      9293.728
 11079.3        12178.866      12863.104      13232.412
 13283.141      13249.49       12986.983      12685.435
 12310.527      11945.98       11427.244      10874.944
 10518.463       9982.133       9575.397       9042.782
  8671.202       8291.4925      7828.606       7505.164
  7094.3425      6743.164       6466.828       6160.5385
  5771.7505      5544.4475      5217.592       4946.1355
  4724.7575      4481.208       4269.212       4023.878
  3767.64775     3614.0935      3443.74875     3282.5365
  3072.28975     2921.72175     2766.99675     2631.405
  2455.72625     2370.32975     2244.58025     2092.647375
  1981.4365      1893.661625    1761.468125    1643.499875
  1543.438       1454.996625    1381.416875    1285.593375
  1197.169625    1136.841       1031.7308125   1018.99875
   946.10875      895.996875     801.7734375    732.6275
   691.8978125    640.580875     590.8483125    557.6539375
   532.53825      487.58365625   444.236375     387.11565625
   364.99984375   337.631625     321.92821875   296.88146875
   257.52320313   246.21067188   217.29904688   184.52051563
   173.11029688   155.22607812   137.88635938   125.37122656
   114.68585938    98.65473438    88.34791406    72.43759375
    68.53567969    57.48647656    55.26062891    49.58188672
    43.75491797    35.74480469    34.55396484    28.65197461
    24.62651172    50.8869834     43.4996875    692.8395
  1623.969375    2314.29225     2779.383       3026.292
  3154.31375     3196.07425     3141.4895      3052.01125
  2911.27675     2772.902       2636.348       2459.93575
  2277.0455      2153.198       2014.845       1869.897125
  1708.10925     1589.928       1485.671375    1376.144125
  1268.017375    1176.327625    1087.43575      997.87775
   925.19975      851.7011875    786.520625     731.8223125
   670.9871875    619.4935       566.22325      538.6359375
   488.69303125   460.54875      414.95015625   384.41425
   358.537125     320.71559375   302.95125      273.569625
   260.72623437   235.87495313   212.68489063   201.2825
   173.80232813   166.55128125   154.3768125    143.46390625
   133.43795313   117.11672656   107.87510938    97.55642187
    87.24704688    83.19089062    75.00121094    64.68313281
    62.8128125     58.33417969    50.04232031    43.08566797
    42.90588672    38.05053516    34.57588281    31.20304883
    30.64068945    24.23967187    24.08909375    22.46408789
    20.55732031    32.02829199    24.25775098    20.94595312
    23.45131445    21.64159082    26.71475974]
3.443063909716499 2.5935478422491376 59.75872621787543
val isze = 17
idinces = [ 68 101  20 114  55  91 161  39  59  10  19 146 155  60 151  58  82 121
 106 166   1 137  47  72  66  78  67 144 103  49 120  87  69 165 154  26
  61  56  24 131 119  21 169 132  90  97 102  80  43 148  83 136  35  63
  81   2  70  98  38  52 171 174  99 158 128  95 112 143 117  41  32  76
  48  25  53 142 124  51  14 160  29   3  23 129 163  37 164 162  45 109
 134  42  79 138 153 145  12 173  22  85   6 105 110 133 130 104  34 150
 108  50 111 116 127   4   5  44 147  96  84 152  28  75   7  46  17  11
 168  71 118 135 172  74  94 149  93  18  27  36  57  31  65 140  89  30
  86  92 141 126  13  77 167 159  33  62 122 107  88  54 139 100  16 115
  40   0  73   8 170 157 156 123 113  64  15 125   9]
we are doing training validation split
training loss = 21.614246368408203 500
val loss = 23.944162368774414
training loss = 14.801944732666016 1000
val loss = 19.491918563842773
training loss = 13.002371788024902 1500
val loss = 17.87925910949707
training loss = 12.495955467224121 2000
val loss = 17.16551971435547
training loss = 12.353270530700684 2500
val loss = 16.824951171875
training loss = 12.302334785461426 3000
val loss = 16.664447784423828
training loss = 12.243947982788086 3500
val loss = 16.57897186279297
training loss = 2.2604737281799316 4000
val loss = 2.5782790184020996
training loss = 2.1539487838745117 4500
val loss = 2.4650638103485107
training loss = 2.1277856826782227 5000
val loss = 2.435279130935669
training loss = 2.113077402114868 5500
val loss = 2.392704725265503
training loss = 2.103226900100708 6000
val loss = 2.3820579051971436
training loss = 2.096442461013794 6500
val loss = 2.358090877532959
training loss = 2.0989723205566406 7000
val loss = 2.25321888923645
training loss = 2.089442491531372 7500
val loss = 2.4088134765625
training loss = 2.093446731567383 8000
val loss = 2.469953775405884
training loss = 2.082235336303711 8500
val loss = 2.35538387298584
training loss = 2.080446720123291 9000
val loss = 2.335627794265747
training loss = 2.079259157180786 9500
val loss = 2.331347703933716
training loss = 2.0860722064971924 10000
val loss = 2.2250802516937256
training loss = 3.4769744873046875 10500
val loss = 2.2816202640533447
training loss = 3.461646795272827 11000
val loss = 5.244706630706787
training loss = 2.4197518825531006 11500
val loss = 1.9390007257461548
training loss = 2.0757179260253906 12000
val loss = 2.3263838291168213
training loss = 2.075376033782959 12500
val loss = 2.3207952976226807
training loss = 2.075103759765625 13000
val loss = 2.320416212081909
training loss = 2.074862241744995 13500
val loss = 2.3166983127593994
training loss = 2.0749998092651367 14000
val loss = 2.341848134994507
training loss = 2.152198553085327 14500
val loss = 2.749258279800415
training loss = 2.075033187866211 15000
val loss = 2.352198362350464
training loss = 2.1429829597473145 15500
val loss = 2.720454692840576
training loss = 2.078683614730835 16000
val loss = 2.407977342605591
training loss = 2.3733882904052734 16500
val loss = 1.934619665145874
training loss = 2.074977159500122 17000
val loss = 2.275651216506958
training loss = 2.0738487243652344 17500
val loss = 2.323125123977661
training loss = 2.0739312171936035 18000
val loss = 2.2992539405822754
training loss = 2.0763609409332275 18500
val loss = 2.3828890323638916
training loss = 2.07397198677063 19000
val loss = 2.3372974395751953
training loss = 2.0744595527648926 19500
val loss = 2.354830503463745
training loss = 2.079909086227417 20000
val loss = 2.4221441745758057
training loss = 2.0748326778411865 20500
val loss = 2.2685492038726807
training loss = 2.2318432331085205 21000
val loss = 2.981560230255127
training loss = 2.074847936630249 21500
val loss = 2.3640005588531494
training loss = 2.084174156188965 22000
val loss = 2.4574549198150635
training loss = 2.0735816955566406 22500
val loss = 2.3377864360809326
training loss = 2.073758602142334 23000
val loss = 2.342388868331909
training loss = 2.076186180114746 23500
val loss = 2.386714220046997
training loss = 2.726078510284424 24000
val loss = 4.007809162139893
training loss = 2.073168992996216 24500
val loss = 2.3037109375
training loss = 2.0738885402679443 25000
val loss = 2.350982904434204
training loss = 2.0768067836761475 25500
val loss = 2.3939526081085205
training loss = 2.077995538711548 26000
val loss = 2.228825807571411
training loss = 2.074974298477173 26500
val loss = 2.2590525150299072
training loss = 2.0734312534332275 27000
val loss = 2.285839796066284
training loss = 2.073143243789673 27500
val loss = 2.3325226306915283
training loss = 2.0954337120056152 28000
val loss = 2.5259830951690674
training loss = 2.0866994857788086 28500
val loss = 2.474139451980591
training loss = 2.0788629055023193 29000
val loss = 2.4173319339752197
training loss = 2.07511305809021 29500
val loss = 2.25388240814209
training loss = 2.0739338397979736 30000
val loss = 2.3573668003082275
reduced chi^2 level 2 = 2.074430465698242
Constrained alpha: 2.5464184284210205
Constrained beta: 3.5531728267669678
Constrained gamma: 19.63465690612793
(1, 158)
(1, 17)
