data before
[  355.61478125  3387.41175     6815.5135      9293.728
 11079.3        12178.866      12863.104      13232.412
 13283.141      13249.49       12986.983      12685.435
 12310.527      11945.98       11427.244      10874.944
 10518.463       9982.133       9575.397       9042.782
  8671.202       8291.4925      7828.606       7505.164
  7094.3425      6743.164       6466.828       6160.5385
  5771.7505      5544.4475      5217.592       4946.1355
  4724.7575      4481.208       4269.212       4023.878
  3767.64775     3614.0935      3443.74875     3282.5365
  3072.28975     2921.72175     2766.99675     2631.405
  2455.72625     2370.32975     2244.58025     2092.647375
  1981.4365      1893.661625    1761.468125    1643.499875
  1543.438       1454.996625    1381.416875    1285.593375
  1197.169625    1136.841       1031.7308125   1018.99875
   946.10875      895.996875     801.7734375    732.6275
   691.8978125    640.580875     590.8483125    557.6539375
   532.53825      487.58365625   444.236375     387.11565625
   364.99984375   337.631625     321.92821875   296.88146875
   257.52320313   246.21067188   217.29904688   184.52051563
   173.11029688   155.22607813   137.88635938   125.37122656
   114.68585938    98.65473438    88.34791406    72.43759375
    68.53567969    57.48647656    55.26062891    49.58188672
    43.75491797    35.74480469    34.55396484    28.65197461
    24.62651172    19.07520313    17.71925586    14.09252441]
1
data after
[355.61478125, 3387.41175, 6815.5135, 9293.728000000001, 11079.300000000001, 12178.866, 12863.104, 13232.412, 13283.141, 13249.49, 12986.983, 12685.435, 12310.527, 11945.98, 11427.244, 10874.944, 10518.463, 9982.133, 9575.397, 9042.782000000001, 8671.202, 8291.4925, 7828.606, 7505.164, 7094.3425, 6743.164, 6466.828, 6160.538500000001, 5771.7505, 5544.4475, 5217.592000000001, 4946.1355, 4724.7575, 4481.2080000000005, 4269.212, 4023.878, 3767.64775, 3614.0935, 3443.74875, 3282.5365, 3072.28975, 2921.72175, 2766.9967500000002, 2631.405, 2455.72625, 2370.32975, 2244.58025, 2092.647375, 1981.4365, 1893.661625, 1761.468125, 1643.499875, 1543.438, 1454.996625, 1381.4168750000001, 1285.593375, 1197.169625, 1136.8410000000001, 1031.7308125, 1018.99875, 946.10875, 895.996875, 801.7734375, 732.6275, 691.8978125, 640.580875, 590.8483125, 557.6539375, 532.5382500000001, 487.58365625, 444.236375, 387.11565625000003, 364.99984375, 337.631625, 321.92821875, 296.88146875, 257.523203125, 246.210671875, 217.29904687500002, 184.520515625, 173.11029687500002, 155.22607812500002, 137.886359375, 125.3712265625, 114.685859375, 98.654734375, 88.3479140625, 72.43759375, 68.53567968750001, 57.4864765625, 55.26062890625, 49.58188671875, 43.75491796875, 35.7448046875, 34.55396484375, 28.651974609375, 24.62651171875, 50.8869833984375]
7
data,sig_tot
[  355.61478125  3387.41175     6815.5135      9293.728
 11079.3        12178.866      12863.104      13232.412
 13283.141      13249.49       12986.983      12685.435
 12310.527      11945.98       11427.244      10874.944
 10518.463       9982.133       9575.397       9042.782
  8671.202       8291.4925      7828.606       7505.164
  7094.3425      6743.164       6466.828       6160.5385
  5771.7505      5544.4475      5217.592       4946.1355
  4724.7575      4481.208       4269.212       4023.878
  3767.64775     3614.0935      3443.74875     3282.5365
  3072.28975     2921.72175     2766.99675     2631.405
  2455.72625     2370.32975     2244.58025     2092.647375
  1981.4365      1893.661625    1761.468125    1643.499875
  1543.438       1454.996625    1381.416875    1285.593375
  1197.169625    1136.841       1031.7308125   1018.99875
   946.10875      895.996875     801.7734375    732.6275
   691.8978125    640.580875     590.8483125    557.6539375
   532.53825      487.58365625   444.236375     387.11565625
   364.99984375   337.631625     321.92821875   296.88146875
   257.52320313   246.21067188   217.29904688   184.52051563
   173.11029688   155.22607813   137.88635938   125.37122656
   114.68585938    98.65473438    88.34791406    72.43759375
    68.53567969    57.48647656    55.26062891    49.58188672
    43.75491797    35.74480469    34.55396484    28.65197461
    24.62651172    50.8869834     43.4996875    692.8395
  1623.969375    2314.29225     2779.383       3026.292
  3154.31375     3196.07425     3141.4895      3052.01125
  2911.27675     2772.902       2636.348       2459.93575
  2277.0455      2153.198       2014.845       1869.897125
  1708.10925     1589.928       1485.671375    1376.144125
  1268.017375    1176.327625    1087.43575      997.87775
   925.19975      851.7011875    786.520625     731.8223125
   670.9871875    619.4935       566.22325      538.6359375
   488.69303125   460.54875      414.95015625   384.41425
   358.537125     320.71559375   302.95125      273.569625
   260.72623437   235.87495313   212.68489063   201.2825
   173.80232813   166.55128125   154.3768125    143.46390625
   133.43795313   117.11672656   107.87510938    97.55642187
    87.24704687    83.19089063    75.00121094    64.68313281
    62.8128125     58.33417969    50.04232031    43.08566797
    42.90588672    38.05053516    34.57588281    31.20304883
    30.64068945    24.23967187    24.08909375    22.46408789
    20.55732031    32.02829199    24.25775098    20.94595313
    23.45131445    21.64159082    26.71475974]
[  355.61478125  3387.41175     6815.5135      9293.728
 11079.3        12178.866      12863.104      13232.412
 13283.141      13249.49       12986.983      12685.435
 12310.527      11945.98       11427.244      10874.944
 10518.463       9982.133       9575.397       9042.782
  8671.202       8291.4925      7828.606       7505.164
  7094.3425      6743.164       6466.828       6160.5385
  5771.7505      5544.4475      5217.592       4946.1355
  4724.7575      4481.208       4269.212       4023.878
  3767.64775     3614.0935      3443.74875     3282.5365
  3072.28975     2921.72175     2766.99675     2631.405
  2455.72625     2370.32975     2244.58025     2092.647375
  1981.4365      1893.661625    1761.468125    1643.499875
  1543.438       1454.996625    1381.416875    1285.593375
  1197.169625    1136.841       1031.7308125   1018.99875
   946.10875      895.996875     801.7734375    732.6275
   691.8978125    640.580875     590.8483125    557.6539375
   532.53825      487.58365625   444.236375     387.11565625
   364.99984375   337.631625     321.92821875   296.88146875
   257.52320313   246.21067188   217.29904688   184.52051563
   173.11029688   155.22607812   137.88635938   125.37122656
   114.68585938    98.65473438    88.34791406    72.43759375
    68.53567969    57.48647656    55.26062891    49.58188672
    43.75491797    35.74480469    34.55396484    28.65197461
    24.62651172    50.8869834     43.4996875    692.8395
  1623.969375    2314.29225     2779.383       3026.292
  3154.31375     3196.07425     3141.4895      3052.01125
  2911.27675     2772.902       2636.348       2459.93575
  2277.0455      2153.198       2014.845       1869.897125
  1708.10925     1589.928       1485.671375    1376.144125
  1268.017375    1176.327625    1087.43575      997.87775
   925.19975      851.7011875    786.520625     731.8223125
   670.9871875    619.4935       566.22325      538.6359375
   488.69303125   460.54875      414.95015625   384.41425
   358.537125     320.71559375   302.95125      273.569625
   260.72623437   235.87495313   212.68489063   201.2825
   173.80232813   166.55128125   154.3768125    143.46390625
   133.43795313   117.11672656   107.87510938    97.55642187
    87.24704688    83.19089062    75.00121094    64.68313281
    62.8128125     58.33417969    50.04232031    43.08566797
    42.90588672    38.05053516    34.57588281    31.20304883
    30.64068945    24.23967187    24.08909375    22.46408789
    20.55732031    32.02829199    24.25775098    20.94595312
    23.45131445    21.64159082    26.71475974]
1.141967125561509 1.2386672989727798 11.906548023669394
val isze = 17
idinces = [ 68 101  20 114  55  91 161  39  59  10  19 146 155  60 151  58  82 121
 106 166   1 137  47  72  66  78  67 144 103  49 120  87  69 165 154  26
  61  56  24 131 119  21 169 132  90  97 102  80  43 148  83 136  35  63
  81   2  70  98  38  52 171 174  99 158 128  95 112 143 117  41  32  76
  48  25  53 142 124  51  14 160  29   3  23 129 163  37 164 162  45 109
 134  42  79 138 153 145  12 173  22  85   6 105 110 133 130 104  34 150
 108  50 111 116 127   4   5  44 147  96  84 152  28  75   7  46  17  11
 168  71 118 135 172  74  94 149  93  18  27  36  57  31  65 140  89  30
  86  92 141 126  13  77 167 159  33  62 122 107  88  54 139 100  16 115
  40   0  73   8 170 157 156 123 113  64  15 125   9]
we are doing training validation split
training loss = 19.977676391601562 500
val loss = 19.305233001708984
training loss = 14.548148155212402 1000
val loss = 15.620634078979492
training loss = 12.618849754333496 1500
val loss = 13.873367309570312
training loss = 11.961599349975586 2000
val loss = 12.986469268798828
training loss = 11.756604194641113 2500
val loss = 12.530119895935059
training loss = 11.693166732788086 3000
val loss = 12.310189247131348
training loss = 11.656253814697266 3500
val loss = 12.197765350341797
training loss = 11.577055931091309 4000
val loss = 12.142881393432617
training loss = 8.94547176361084 4500
val loss = 9.291434288024902
training loss = 2.051041841506958 5000
val loss = 1.5160170793533325
training loss = 2.179460048675537 5500
val loss = 1.9643927812576294
training loss = 1.9882882833480835 6000
val loss = 1.3688939809799194
training loss = 1.9803019762039185 6500
val loss = 1.3737131357192993
training loss = 1.97456693649292 7000
val loss = 1.3430531024932861
training loss = 2.1872212886810303 7500
val loss = 1.1187375783920288
training loss = 1.9745569229125977 8000
val loss = 1.2705472707748413
training loss = 1.9632797241210938 8500
val loss = 1.3290683031082153
training loss = 1.9601958990097046 9000
val loss = 1.3451480865478516
training loss = 1.9579678773880005 9500
val loss = 1.3470669984817505
training loss = 1.9560848474502563 10000
val loss = 1.3407005071640015
training loss = 1.9544172286987305 10500
val loss = 1.3446227312088013
training loss = 1.9530080556869507 11000
val loss = 1.3451565504074097
training loss = 1.9517680406570435 11500
val loss = 1.34474515914917
training loss = 1.9506458044052124 12000
val loss = 1.3449383974075317
training loss = 1.9499245882034302 12500
val loss = 1.3589751720428467
training loss = 1.948989748954773 13000
val loss = 1.3300260305404663
training loss = 1.9567546844482422 13500
val loss = 1.2600688934326172
training loss = 1.992366075515747 14000
val loss = 1.1791900396347046
training loss = 1.9467411041259766 14500
val loss = 1.3409265279769897
training loss = 1.9461086988449097 15000
val loss = 1.3423947095870972
training loss = 1.9455296993255615 15500
val loss = 1.3420637845993042
training loss = 1.9449714422225952 16000
val loss = 1.3410483598709106
training loss = 1.9444626569747925 16500
val loss = 1.3422467708587646
training loss = 1.9439606666564941 17000
val loss = 1.3412636518478394
training loss = 1.9434919357299805 17500
val loss = 1.3414627313613892
training loss = 1.9429762363433838 18000
val loss = 1.3413892984390259
training loss = 1.9512947797775269 18500
val loss = 1.4416621923446655
training loss = 2.077984571456909 19000
val loss = 1.119640827178955
training loss = 1.9426640272140503 19500
val loss = 1.310272216796875
training loss = 1.9415283203125 20000
val loss = 1.35706627368927
training loss = 1.9411529302597046 20500
val loss = 1.3587661981582642
training loss = 1.944786787033081 21000
val loss = 1.2795331478118896
training loss = 1.9400547742843628 21500
val loss = 1.3326871395111084
training loss = 1.9396296739578247 22000
val loss = 1.3466944694519043
training loss = 1.940198302268982 22500
val loss = 1.3088732957839966
training loss = 1.9426113367080688 23000
val loss = 1.28152334690094
training loss = 1.9417109489440918 23500
val loss = 1.2920550107955933
training loss = 1.9476324319839478 24000
val loss = 1.2599974870681763
training loss = 1.937585473060608 24500
val loss = 1.3389111757278442
training loss = 1.9384232759475708 25000
val loss = 1.3675158023834229
training loss = 2.7839393615722656 25500
val loss = 1.2839326858520508
training loss = 3.0409555435180664 26000
val loss = 3.51249098777771
training loss = 2.3403818607330322 26500
val loss = 2.379939079284668
training loss = 1.9413825273513794 27000
val loss = 1.4139766693115234
training loss = 1.936335802078247 27500
val loss = 1.3093793392181396
training loss = 1.9348846673965454 28000
val loss = 1.3411484956741333
training loss = 1.9357398748397827 28500
val loss = 1.3048816919326782
training loss = 1.9369128942489624 29000
val loss = 1.288712501525879
training loss = 2.01481294631958 29500
val loss = 1.697312355041504
training loss = 1.952078938484192 30000
val loss = 1.2204625606536865
reduced chi^2 level 2 = 1.960248351097107
Constrained alpha: 2.481198787689209
Constrained beta: 1.864669680595398
Constrained gamma: 11.086922645568848
(1, 158)
(1, 17)
