data before
[  355.61478125  3387.41175     6815.5135      9293.728
 11079.3        12178.866      12863.104      13232.412
 13283.141      13249.49       12986.983      12685.435
 12310.527      11945.98       11427.244      10874.944
 10518.463       9982.133       9575.397       9042.782
  8671.202       8291.4925      7828.606       7505.164
  7094.3425      6743.164       6466.828       6160.5385
  5771.7505      5544.4475      5217.592       4946.1355
  4724.7575      4481.208       4269.212       4023.878
  3767.64775     3614.0935      3443.74875     3282.5365
  3072.28975     2921.72175     2766.99675     2631.405
  2455.72625     2370.32975     2244.58025     2092.647375
  1981.4365      1893.661625    1761.468125    1643.499875
  1543.438       1454.996625    1381.416875    1285.593375
  1197.169625    1136.841       1031.7308125   1018.99875
   946.10875      895.996875     801.7734375    732.6275
   691.8978125    640.580875     590.8483125    557.6539375
   532.53825      487.58365625   444.236375     387.11565625
   364.99984375   337.631625     321.92821875   296.88146875
   257.52320313   246.21067188   217.29904688   184.52051563
   173.11029688   155.22607813   137.88635938   125.37122656
   114.68585938    98.65473438    88.34791406    72.43759375
    68.53567969    57.48647656    55.26062891    49.58188672
    43.75491797    35.74480469    34.55396484    28.65197461
    24.62651172    19.07520313    17.71925586    14.09252441]
1
data after
[355.61478125, 3387.41175, 6815.5135, 9293.728000000001, 11079.300000000001, 12178.866, 12863.104, 13232.412, 13283.141, 13249.49, 12986.983, 12685.435, 12310.527, 11945.98, 11427.244, 10874.944, 10518.463, 9982.133, 9575.397, 9042.782000000001, 8671.202, 8291.4925, 7828.606, 7505.164, 7094.3425, 6743.164, 6466.828, 6160.538500000001, 5771.7505, 5544.4475, 5217.592000000001, 4946.1355, 4724.7575, 4481.2080000000005, 4269.212, 4023.878, 3767.64775, 3614.0935, 3443.74875, 3282.5365, 3072.28975, 2921.72175, 2766.9967500000002, 2631.405, 2455.72625, 2370.32975, 2244.58025, 2092.647375, 1981.4365, 1893.661625, 1761.468125, 1643.499875, 1543.438, 1454.996625, 1381.4168750000001, 1285.593375, 1197.169625, 1136.8410000000001, 1031.7308125, 1018.99875, 946.10875, 895.996875, 801.7734375, 732.6275, 691.8978125, 640.580875, 590.8483125, 557.6539375, 532.5382500000001, 487.58365625, 444.236375, 387.11565625000003, 364.99984375, 337.631625, 321.92821875, 296.88146875, 257.523203125, 246.210671875, 217.29904687500002, 184.520515625, 173.11029687500002, 155.22607812500002, 137.886359375, 125.3712265625, 114.685859375, 98.654734375, 88.3479140625, 72.43759375, 68.53567968750001, 57.4864765625, 55.26062890625, 49.58188671875, 43.75491796875, 35.7448046875, 34.55396484375, 28.651974609375, 24.62651171875, 50.8869833984375]
7
data,sig_tot
[  355.61478125  3387.41175     6815.5135      9293.728
 11079.3        12178.866      12863.104      13232.412
 13283.141      13249.49       12986.983      12685.435
 12310.527      11945.98       11427.244      10874.944
 10518.463       9982.133       9575.397       9042.782
  8671.202       8291.4925      7828.606       7505.164
  7094.3425      6743.164       6466.828       6160.5385
  5771.7505      5544.4475      5217.592       4946.1355
  4724.7575      4481.208       4269.212       4023.878
  3767.64775     3614.0935      3443.74875     3282.5365
  3072.28975     2921.72175     2766.99675     2631.405
  2455.72625     2370.32975     2244.58025     2092.647375
  1981.4365      1893.661625    1761.468125    1643.499875
  1543.438       1454.996625    1381.416875    1285.593375
  1197.169625    1136.841       1031.7308125   1018.99875
   946.10875      895.996875     801.7734375    732.6275
   691.8978125    640.580875     590.8483125    557.6539375
   532.53825      487.58365625   444.236375     387.11565625
   364.99984375   337.631625     321.92821875   296.88146875
   257.52320313   246.21067188   217.29904688   184.52051563
   173.11029688   155.22607813   137.88635938   125.37122656
   114.68585938    98.65473438    88.34791406    72.43759375
    68.53567969    57.48647656    55.26062891    49.58188672
    43.75491797    35.74480469    34.55396484    28.65197461
    24.62651172    50.8869834     43.4996875    692.8395
  1623.969375    2314.29225     2779.383       3026.292
  3154.31375     3196.07425     3141.4895      3052.01125
  2911.27675     2772.902       2636.348       2459.93575
  2277.0455      2153.198       2014.845       1869.897125
  1708.10925     1589.928       1485.671375    1376.144125
  1268.017375    1176.327625    1087.43575      997.87775
   925.19975      851.7011875    786.520625     731.8223125
   670.9871875    619.4935       566.22325      538.6359375
   488.69303125   460.54875      414.95015625   384.41425
   358.537125     320.71559375   302.95125      273.569625
   260.72623437   235.87495313   212.68489063   201.2825
   173.80232813   166.55128125   154.3768125    143.46390625
   133.43795313   117.11672656   107.87510938    97.55642187
    87.24704687    83.19089063    75.00121094    64.68313281
    62.8128125     58.33417969    50.04232031    43.08566797
    42.90588672    38.05053516    34.57588281    31.20304883
    30.64068945    24.23967187    24.08909375    22.46408789
    20.55732031    32.02829199    24.25775098    20.94595313
    23.45131445    21.64159082    26.71475974]
[  355.61478125  3387.41175     6815.5135      9293.728
 11079.3        12178.866      12863.104      13232.412
 13283.141      13249.49       12986.983      12685.435
 12310.527      11945.98       11427.244      10874.944
 10518.463       9982.133       9575.397       9042.782
  8671.202       8291.4925      7828.606       7505.164
  7094.3425      6743.164       6466.828       6160.5385
  5771.7505      5544.4475      5217.592       4946.1355
  4724.7575      4481.208       4269.212       4023.878
  3767.64775     3614.0935      3443.74875     3282.5365
  3072.28975     2921.72175     2766.99675     2631.405
  2455.72625     2370.32975     2244.58025     2092.647375
  1981.4365      1893.661625    1761.468125    1643.499875
  1543.438       1454.996625    1381.416875    1285.593375
  1197.169625    1136.841       1031.7308125   1018.99875
   946.10875      895.996875     801.7734375    732.6275
   691.8978125    640.580875     590.8483125    557.6539375
   532.53825      487.58365625   444.236375     387.11565625
   364.99984375   337.631625     321.92821875   296.88146875
   257.52320313   246.21067188   217.29904688   184.52051563
   173.11029688   155.22607812   137.88635938   125.37122656
   114.68585938    98.65473438    88.34791406    72.43759375
    68.53567969    57.48647656    55.26062891    49.58188672
    43.75491797    35.74480469    34.55396484    28.65197461
    24.62651172    50.8869834     43.4996875    692.8395
  1623.969375    2314.29225     2779.383       3026.292
  3154.31375     3196.07425     3141.4895      3052.01125
  2911.27675     2772.902       2636.348       2459.93575
  2277.0455      2153.198       2014.845       1869.897125
  1708.10925     1589.928       1485.671375    1376.144125
  1268.017375    1176.327625    1087.43575      997.87775
   925.19975      851.7011875    786.520625     731.8223125
   670.9871875    619.4935       566.22325      538.6359375
   488.69303125   460.54875      414.95015625   384.41425
   358.537125     320.71559375   302.95125      273.569625
   260.72623437   235.87495313   212.68489063   201.2825
   173.80232813   166.55128125   154.3768125    143.46390625
   133.43795313   117.11672656   107.87510938    97.55642187
    87.24704688    83.19089062    75.00121094    64.68313281
    62.8128125     58.33417969    50.04232031    43.08566797
    42.90588672    38.05053516    34.57588281    31.20304883
    30.64068945    24.23967187    24.08909375    22.46408789
    20.55732031    32.02829199    24.25775098    20.94595312
    23.45131445    21.64159082    26.71475974]
2.656983361729492 19.418062291691434 45.56736874845615
val isze = 17
idinces = [ 68 101  20 114  55  91 161  39  59  10  19 146 155  60 151  58  82 121
 106 166   1 137  47  72  66  78  67 144 103  49 120  87  69 165 154  26
  61  56  24 131 119  21 169 132  90  97 102  80  43 148  83 136  35  63
  81   2  70  98  38  52 171 174  99 158 128  95 112 143 117  41  32  76
  48  25  53 142 124  51  14 160  29   3  23 129 163  37 164 162  45 109
 134  42  79 138 153 145  12 173  22  85   6 105 110 133 130 104  34 150
 108  50 111 116 127   4   5  44 147  96  84 152  28  75   7  46  17  11
 168  71 118 135 172  74  94 149  93  18  27  36  57  31  65 140  89  30
  86  92 141 126  13  77 167 159  33  62 122 107  88  54 139 100  16 115
  40   0  73   8 170 157 156 123 113  64  15 125   9]
we are doing training validation split
training loss = 13.996850967407227 500
val loss = 13.691022872924805
training loss = 13.365104675292969 1000
val loss = 13.656670570373535
training loss = 12.529959678649902 1500
val loss = 13.675078392028809
training loss = 11.659375190734863 2000
val loss = 13.812695503234863
training loss = 11.041580200195312 2500
val loss = 14.077110290527344
training loss = 10.698551177978516 3000
val loss = 14.203078269958496
training loss = 2.6827571392059326 3500
val loss = 2.118267774581909
training loss = 2.4749436378479004 4000
val loss = 2.0214812755584717
training loss = 2.4429798126220703 4500
val loss = 1.9741452932357788
training loss = 2.424835443496704 5000
val loss = 1.9356770515441895
training loss = 2.408521890640259 5500
val loss = 1.9150186777114868
training loss = 2.394840717315674 6000
val loss = 1.9028650522232056
training loss = 2.384500026702881 6500
val loss = 1.8958964347839355
training loss = 2.3767588138580322 7000
val loss = 1.8914647102355957
training loss = 2.3702399730682373 7500
val loss = 1.886784553527832
training loss = 2.364029884338379 8000
val loss = 1.8812342882156372
training loss = 2.3582537174224854 8500
val loss = 1.8745527267456055
training loss = 2.3532822132110596 9000
val loss = 1.8715856075286865
training loss = 2.3488054275512695 9500
val loss = 1.8650362491607666
training loss = 2.3451452255249023 10000
val loss = 1.8638554811477661
training loss = 2.34193754196167 10500
val loss = 1.8565312623977661
training loss = 2.339384078979492 11000
val loss = 1.8612065315246582
training loss = 2.336817502975464 11500
val loss = 1.8526002168655396
training loss = 2.334707021713257 12000
val loss = 1.852220892906189
training loss = 2.3329100608825684 12500
val loss = 1.8499008417129517
training loss = 2.3315601348876953 13000
val loss = 1.8486571311950684
training loss = 2.3303632736206055 13500
val loss = 1.843756079673767
training loss = 2.3292243480682373 14000
val loss = 1.8425147533416748
training loss = 2.333355188369751 14500
val loss = 1.8757542371749878
training loss = 4.247739315032959 15000
val loss = 3.367173910140991
training loss = 2.3263466358184814 15500
val loss = 1.8444308042526245
training loss = 2.3257434368133545 16000
val loss = 1.8443442583084106
training loss = 2.325132369995117 16500
val loss = 1.8443726301193237
training loss = 2.324599266052246 17000
val loss = 1.8434875011444092
training loss = 2.3241493701934814 17500
val loss = 1.8427960872650146
training loss = 2.32375431060791 18000
val loss = 1.8422638177871704
training loss = 2.323456287384033 18500
val loss = 1.843041181564331
training loss = 2.3230857849121094 19000
val loss = 1.8430471420288086
training loss = 2.3228023052215576 19500
val loss = 1.8411056995391846
training loss = 2.322645425796509 20000
val loss = 1.8384900093078613
training loss = 2.3226630687713623 20500
val loss = 1.8362329006195068
training loss = 2.322249412536621 21000
val loss = 1.8376877307891846
training loss = 2.375418186187744 21500
val loss = 1.816623330116272
training loss = 2.321603536605835 22000
val loss = 1.8422456979751587
training loss = 2.3214921951293945 22500
val loss = 1.841428518295288
training loss = 2.3213250637054443 23000
val loss = 1.8414779901504517
training loss = 2.3218345642089844 23500
val loss = 1.8329541683197021
training loss = 2.321155548095703 24000
val loss = 1.8411403894424438
training loss = 2.3210649490356445 24500
val loss = 1.8420625925064087
training loss = 2.3209547996520996 25000
val loss = 1.8408961296081543
training loss = 2.320992946624756 25500
val loss = 1.842775583267212
training loss = 2.3346002101898193 26000
val loss = 1.886511206626892
training loss = 2.3210787773132324 26500
val loss = 1.8353899717330933
training loss = 2.320556879043579 27000
val loss = 1.841662049293518
training loss = 2.3206448554992676 27500
val loss = 1.8394299745559692
training loss = 2.32370662689209 28000
val loss = 1.8638805150985718
training loss = 2.384582281112671 28500
val loss = 1.8258816003799438
reduced chi^2 level 2 = 2.3207709789276123
Constrained alpha: 2.6349058151245117
Constrained beta: 4.54027795791626
Constrained gamma: 19.025096893310547
(1, 158)
(1, 17)
