data before
[  355.61478125  3387.41175     6815.5135      9293.728
 11079.3        12178.866      12863.104      13232.412
 13283.141      13249.49       12986.983      12685.435
 12310.527      11945.98       11427.244      10874.944
 10518.463       9982.133       9575.397       9042.782
  8671.202       8291.4925      7828.606       7505.164
  7094.3425      6743.164       6466.828       6160.5385
  5771.7505      5544.4475      5217.592       4946.1355
  4724.7575      4481.208       4269.212       4023.878
  3767.64775     3614.0935      3443.74875     3282.5365
  3072.28975     2921.72175     2766.99675     2631.405
  2455.72625     2370.32975     2244.58025     2092.647375
  1981.4365      1893.661625    1761.468125    1643.499875
  1543.438       1454.996625    1381.416875    1285.593375
  1197.169625    1136.841       1031.7308125   1018.99875
   946.10875      895.996875     801.7734375    732.6275
   691.8978125    640.580875     590.8483125    557.6539375
   532.53825      487.58365625   444.236375     387.11565625
   364.99984375   337.631625     321.92821875   296.88146875
   257.52320313   246.21067188   217.29904688   184.52051563
   173.11029688   155.22607813   137.88635938   125.37122656
   114.68585938    98.65473438    88.34791406    72.43759375
    68.53567969    57.48647656    55.26062891    49.58188672
    43.75491797    35.74480469    34.55396484    28.65197461
    24.62651172    19.07520313    17.71925586    14.09252441]
1
data after
[355.61478125, 3387.41175, 6815.5135, 9293.728000000001, 11079.300000000001, 12178.866, 12863.104, 13232.412, 13283.141, 13249.49, 12986.983, 12685.435, 12310.527, 11945.98, 11427.244, 10874.944, 10518.463, 9982.133, 9575.397, 9042.782000000001, 8671.202, 8291.4925, 7828.606, 7505.164, 7094.3425, 6743.164, 6466.828, 6160.538500000001, 5771.7505, 5544.4475, 5217.592000000001, 4946.1355, 4724.7575, 4481.2080000000005, 4269.212, 4023.878, 3767.64775, 3614.0935, 3443.74875, 3282.5365, 3072.28975, 2921.72175, 2766.9967500000002, 2631.405, 2455.72625, 2370.32975, 2244.58025, 2092.647375, 1981.4365, 1893.661625, 1761.468125, 1643.499875, 1543.438, 1454.996625, 1381.4168750000001, 1285.593375, 1197.169625, 1136.8410000000001, 1031.7308125, 1018.99875, 946.10875, 895.996875, 801.7734375, 732.6275, 691.8978125, 640.580875, 590.8483125, 557.6539375, 532.5382500000001, 487.58365625, 444.236375, 387.11565625000003, 364.99984375, 337.631625, 321.92821875, 296.88146875, 257.523203125, 246.210671875, 217.29904687500002, 184.520515625, 173.11029687500002, 155.22607812500002, 137.886359375, 125.3712265625, 114.685859375, 98.654734375, 88.3479140625, 72.43759375, 68.53567968750001, 57.4864765625, 55.26062890625, 49.58188671875, 43.75491796875, 35.7448046875, 34.55396484375, 28.651974609375, 24.62651171875, 50.8869833984375]
7
data,sig_tot
[  355.61478125  3387.41175     6815.5135      9293.728
 11079.3        12178.866      12863.104      13232.412
 13283.141      13249.49       12986.983      12685.435
 12310.527      11945.98       11427.244      10874.944
 10518.463       9982.133       9575.397       9042.782
  8671.202       8291.4925      7828.606       7505.164
  7094.3425      6743.164       6466.828       6160.5385
  5771.7505      5544.4475      5217.592       4946.1355
  4724.7575      4481.208       4269.212       4023.878
  3767.64775     3614.0935      3443.74875     3282.5365
  3072.28975     2921.72175     2766.99675     2631.405
  2455.72625     2370.32975     2244.58025     2092.647375
  1981.4365      1893.661625    1761.468125    1643.499875
  1543.438       1454.996625    1381.416875    1285.593375
  1197.169625    1136.841       1031.7308125   1018.99875
   946.10875      895.996875     801.7734375    732.6275
   691.8978125    640.580875     590.8483125    557.6539375
   532.53825      487.58365625   444.236375     387.11565625
   364.99984375   337.631625     321.92821875   296.88146875
   257.52320313   246.21067188   217.29904688   184.52051563
   173.11029688   155.22607813   137.88635938   125.37122656
   114.68585938    98.65473438    88.34791406    72.43759375
    68.53567969    57.48647656    55.26062891    49.58188672
    43.75491797    35.74480469    34.55396484    28.65197461
    24.62651172    50.8869834     43.4996875    692.8395
  1623.969375    2314.29225     2779.383       3026.292
  3154.31375     3196.07425     3141.4895      3052.01125
  2911.27675     2772.902       2636.348       2459.93575
  2277.0455      2153.198       2014.845       1869.897125
  1708.10925     1589.928       1485.671375    1376.144125
  1268.017375    1176.327625    1087.43575      997.87775
   925.19975      851.7011875    786.520625     731.8223125
   670.9871875    619.4935       566.22325      538.6359375
   488.69303125   460.54875      414.95015625   384.41425
   358.537125     320.71559375   302.95125      273.569625
   260.72623437   235.87495313   212.68489063   201.2825
   173.80232813   166.55128125   154.3768125    143.46390625
   133.43795313   117.11672656   107.87510938    97.55642187
    87.24704687    83.19089063    75.00121094    64.68313281
    62.8128125     58.33417969    50.04232031    43.08566797
    42.90588672    38.05053516    34.57588281    31.20304883
    30.64068945    24.23967187    24.08909375    22.46408789
    20.55732031    32.02829199    24.25775098    20.94595313
    23.45131445    21.64159082    26.71475974]
[  355.61478125  3387.41175     6815.5135      9293.728
 11079.3        12178.866      12863.104      13232.412
 13283.141      13249.49       12986.983      12685.435
 12310.527      11945.98       11427.244      10874.944
 10518.463       9982.133       9575.397       9042.782
  8671.202       8291.4925      7828.606       7505.164
  7094.3425      6743.164       6466.828       6160.5385
  5771.7505      5544.4475      5217.592       4946.1355
  4724.7575      4481.208       4269.212       4023.878
  3767.64775     3614.0935      3443.74875     3282.5365
  3072.28975     2921.72175     2766.99675     2631.405
  2455.72625     2370.32975     2244.58025     2092.647375
  1981.4365      1893.661625    1761.468125    1643.499875
  1543.438       1454.996625    1381.416875    1285.593375
  1197.169625    1136.841       1031.7308125   1018.99875
   946.10875      895.996875     801.7734375    732.6275
   691.8978125    640.580875     590.8483125    557.6539375
   532.53825      487.58365625   444.236375     387.11565625
   364.99984375   337.631625     321.92821875   296.88146875
   257.52320313   246.21067188   217.29904688   184.52051563
   173.11029688   155.22607812   137.88635938   125.37122656
   114.68585938    98.65473438    88.34791406    72.43759375
    68.53567969    57.48647656    55.26062891    49.58188672
    43.75491797    35.74480469    34.55396484    28.65197461
    24.62651172    50.8869834     43.4996875    692.8395
  1623.969375    2314.29225     2779.383       3026.292
  3154.31375     3196.07425     3141.4895      3052.01125
  2911.27675     2772.902       2636.348       2459.93575
  2277.0455      2153.198       2014.845       1869.897125
  1708.10925     1589.928       1485.671375    1376.144125
  1268.017375    1176.327625    1087.43575      997.87775
   925.19975      851.7011875    786.520625     731.8223125
   670.9871875    619.4935       566.22325      538.6359375
   488.69303125   460.54875      414.95015625   384.41425
   358.537125     320.71559375   302.95125      273.569625
   260.72623437   235.87495313   212.68489063   201.2825
   173.80232813   166.55128125   154.3768125    143.46390625
   133.43795313   117.11672656   107.87510938    97.55642187
    87.24704688    83.19089062    75.00121094    64.68313281
    62.8128125     58.33417969    50.04232031    43.08566797
    42.90588672    38.05053516    34.57588281    31.20304883
    30.64068945    24.23967187    24.08909375    22.46408789
    20.55732031    32.02829199    24.25775098    20.94595312
    23.45131445    21.64159082    26.71475974]
3.570871910923868 6.878064032038369 7.482792503616187
val isze = 17
idinces = [ 68 101  20 114  55  91 161  39  59  10  19 146 155  60 151  58  82 121
 106 166   1 137  47  72  66  78  67 144 103  49 120  87  69 165 154  26
  61  56  24 131 119  21 169 132  90  97 102  80  43 148  83 136  35  63
  81   2  70  98  38  52 171 174  99 158 128  95 112 143 117  41  32  76
  48  25  53 142 124  51  14 160  29   3  23 129 163  37 164 162  45 109
 134  42  79 138 153 145  12 173  22  85   6 105 110 133 130 104  34 150
 108  50 111 116 127   4   5  44 147  96  84 152  28  75   7  46  17  11
 168  71 118 135 172  74  94 149  93  18  27  36  57  31  65 140  89  30
  86  92 141 126  13  77 167 159  33  62 122 107  88  54 139 100  16 115
  40   0  73   8 170 157 156 123 113  64  15 125   9]
we are doing training validation split
training loss = 19.287582397460938 500
val loss = 19.62974739074707
training loss = 14.282925605773926 1000
val loss = 16.273344039916992
training loss = 12.868006706237793 1500
val loss = 15.012189865112305
training loss = 12.419920921325684 2000
val loss = 14.430030822753906
training loss = 12.274186134338379 2500
val loss = 14.138460159301758
training loss = 12.218838691711426 3000
val loss = 13.994841575622559
training loss = 2.6180999279022217 3500
val loss = 1.7970834970474243
training loss = 2.4893908500671387 4000
val loss = 1.7393302917480469
training loss = 2.4000890254974365 4500
val loss = 1.652018427848816
training loss = 2.296079158782959 5000
val loss = 1.5538663864135742
training loss = 2.18700909614563 5500
val loss = 1.4502687454223633
training loss = 2.119802713394165 6000
val loss = 1.3764376640319824
training loss = 2.1007697582244873 6500
val loss = 1.3463362455368042
training loss = 2.084578514099121 7000
val loss = 1.3260165452957153
training loss = 2.0716545581817627 7500
val loss = 1.310784935951233
training loss = 2.0615670680999756 8000
val loss = 1.3027194738388062
training loss = 2.052957534790039 8500
val loss = 1.2897099256515503
training loss = 2.0454750061035156 9000
val loss = 1.2831984758377075
training loss = 2.0389721393585205 9500
val loss = 1.2793998718261719
training loss = 2.0341084003448486 10000
val loss = 1.2760376930236816
training loss = 2.0300896167755127 10500
val loss = 1.2758961915969849
training loss = 2.0273232460021973 11000
val loss = 1.2673416137695312
training loss = 2.0243334770202637 11500
val loss = 1.265196681022644
training loss = 2.0360941886901855 12000
val loss = 1.2623331546783447
training loss = 2.0210936069488525 12500
val loss = 1.2594977617263794
training loss = 2.0156033039093018 13000
val loss = 1.2672892808914185
training loss = 2.0131053924560547 13500
val loss = 1.2612782716751099
training loss = 2.0129919052124023 14000
val loss = 1.2708587646484375
training loss = 2.0101232528686523 14500
val loss = 1.2576775550842285
training loss = 2.0076940059661865 15000
val loss = 1.2547675371170044
training loss = 2.005781412124634 15500
val loss = 1.2580029964447021
training loss = 2.004688262939453 16000
val loss = 1.2570148706436157
training loss = 2.003803253173828 16500
val loss = 1.2588473558425903
training loss = 2.002770185470581 17000
val loss = 1.256843090057373
training loss = 2.001826763153076 17500
val loss = 1.256223440170288
training loss = 2.00095796585083 18000
val loss = 1.2544809579849243
training loss = 3.6333658695220947 18500
val loss = 3.086204767227173
training loss = 1.999517560005188 19000
val loss = 1.2554564476013184
training loss = 1.9987869262695312 19500
val loss = 1.2551597356796265
training loss = 2.0079963207244873 20000
val loss = 1.2452946901321411
training loss = 1.9976158142089844 20500
val loss = 1.25428307056427
training loss = 1.9970097541809082 21000
val loss = 1.2552851438522339
training loss = 1.9965052604675293 21500
val loss = 1.2550266981124878
training loss = 1.9960277080535889 22000
val loss = 1.2552874088287354
training loss = 1.9955692291259766 22500
val loss = 1.2557045221328735
training loss = 1.9950921535491943 23000
val loss = 1.2555038928985596
training loss = 1.9946823120117188 23500
val loss = 1.2555040121078491
training loss = 1.994280457496643 24000
val loss = 1.2552529573440552
training loss = 1.9938262701034546 24500
val loss = 1.2563365697860718
training loss = 2.011615037918091 25000
val loss = 1.2895586490631104
training loss = 1.992821455001831 25500
val loss = 1.2563916444778442
training loss = 1.9924629926681519 26000
val loss = 1.2556538581848145
training loss = 2.2061679363250732 26500
val loss = 1.3925470113754272
training loss = 1.992175579071045 27000
val loss = 1.2600862979888916
training loss = 1.991957664489746 27500
val loss = 1.2616780996322632
training loss = 1.9944682121276855 28000
val loss = 1.25113046169281
training loss = 1.99466872215271 28500
val loss = 1.2518483400344849
training loss = 1.9906026124954224 29000
val loss = 1.2615703344345093
training loss = 1.989895224571228 29500
val loss = 1.2584291696548462
reduced chi^2 level 2 = 2.018918752670288
Constrained alpha: 2.5820462703704834
Constrained beta: 3.6333022117614746
Constrained gamma: 9.009170532226562
(1, 158)
(1, 17)
