data before
[  355.61478125  3387.41175     6815.5135      9293.728
 11079.3        12178.866      12863.104      13232.412
 13283.141      13249.49       12986.983      12685.435
 12310.527      11945.98       11427.244      10874.944
 10518.463       9982.133       9575.397       9042.782
  8671.202       8291.4925      7828.606       7505.164
  7094.3425      6743.164       6466.828       6160.5385
  5771.7505      5544.4475      5217.592       4946.1355
  4724.7575      4481.208       4269.212       4023.878
  3767.64775     3614.0935      3443.74875     3282.5365
  3072.28975     2921.72175     2766.99675     2631.405
  2455.72625     2370.32975     2244.58025     2092.647375
  1981.4365      1893.661625    1761.468125    1643.499875
  1543.438       1454.996625    1381.416875    1285.593375
  1197.169625    1136.841       1031.7308125   1018.99875
   946.10875      895.996875     801.7734375    732.6275
   691.8978125    640.580875     590.8483125    557.6539375
   532.53825      487.58365625   444.236375     387.11565625
   364.99984375   337.631625     321.92821875   296.88146875
   257.52320313   246.21067188   217.29904688   184.52051563
   173.11029688   155.22607813   137.88635938   125.37122656
   114.68585938    98.65473438    88.34791406    72.43759375
    68.53567969    57.48647656    55.26062891    49.58188672
    43.75491797    35.74480469    34.55396484    28.65197461
    24.62651172    19.07520313    17.71925586    14.09252441]
1
data after
[355.61478125, 3387.41175, 6815.5135, 9293.728000000001, 11079.300000000001, 12178.866, 12863.104, 13232.412, 13283.141, 13249.49, 12986.983, 12685.435, 12310.527, 11945.98, 11427.244, 10874.944, 10518.463, 9982.133, 9575.397, 9042.782000000001, 8671.202, 8291.4925, 7828.606, 7505.164, 7094.3425, 6743.164, 6466.828, 6160.538500000001, 5771.7505, 5544.4475, 5217.592000000001, 4946.1355, 4724.7575, 4481.2080000000005, 4269.212, 4023.878, 3767.64775, 3614.0935, 3443.74875, 3282.5365, 3072.28975, 2921.72175, 2766.9967500000002, 2631.405, 2455.72625, 2370.32975, 2244.58025, 2092.647375, 1981.4365, 1893.661625, 1761.468125, 1643.499875, 1543.438, 1454.996625, 1381.4168750000001, 1285.593375, 1197.169625, 1136.8410000000001, 1031.7308125, 1018.99875, 946.10875, 895.996875, 801.7734375, 732.6275, 691.8978125, 640.580875, 590.8483125, 557.6539375, 532.5382500000001, 487.58365625, 444.236375, 387.11565625000003, 364.99984375, 337.631625, 321.92821875, 296.88146875, 257.523203125, 246.210671875, 217.29904687500002, 184.520515625, 173.11029687500002, 155.22607812500002, 137.886359375, 125.3712265625, 114.685859375, 98.654734375, 88.3479140625, 72.43759375, 68.53567968750001, 57.4864765625, 55.26062890625, 49.58188671875, 43.75491796875, 35.7448046875, 34.55396484375, 28.651974609375, 24.62651171875, 50.8869833984375]
7
data,sig_tot
[  355.61478125  3387.41175     6815.5135      9293.728
 11079.3        12178.866      12863.104      13232.412
 13283.141      13249.49       12986.983      12685.435
 12310.527      11945.98       11427.244      10874.944
 10518.463       9982.133       9575.397       9042.782
  8671.202       8291.4925      7828.606       7505.164
  7094.3425      6743.164       6466.828       6160.5385
  5771.7505      5544.4475      5217.592       4946.1355
  4724.7575      4481.208       4269.212       4023.878
  3767.64775     3614.0935      3443.74875     3282.5365
  3072.28975     2921.72175     2766.99675     2631.405
  2455.72625     2370.32975     2244.58025     2092.647375
  1981.4365      1893.661625    1761.468125    1643.499875
  1543.438       1454.996625    1381.416875    1285.593375
  1197.169625    1136.841       1031.7308125   1018.99875
   946.10875      895.996875     801.7734375    732.6275
   691.8978125    640.580875     590.8483125    557.6539375
   532.53825      487.58365625   444.236375     387.11565625
   364.99984375   337.631625     321.92821875   296.88146875
   257.52320313   246.21067188   217.29904688   184.52051563
   173.11029688   155.22607813   137.88635938   125.37122656
   114.68585938    98.65473438    88.34791406    72.43759375
    68.53567969    57.48647656    55.26062891    49.58188672
    43.75491797    35.74480469    34.55396484    28.65197461
    24.62651172    50.8869834     43.4996875    692.8395
  1623.969375    2314.29225     2779.383       3026.292
  3154.31375     3196.07425     3141.4895      3052.01125
  2911.27675     2772.902       2636.348       2459.93575
  2277.0455      2153.198       2014.845       1869.897125
  1708.10925     1589.928       1485.671375    1376.144125
  1268.017375    1176.327625    1087.43575      997.87775
   925.19975      851.7011875    786.520625     731.8223125
   670.9871875    619.4935       566.22325      538.6359375
   488.69303125   460.54875      414.95015625   384.41425
   358.537125     320.71559375   302.95125      273.569625
   260.72623437   235.87495313   212.68489063   201.2825
   173.80232813   166.55128125   154.3768125    143.46390625
   133.43795313   117.11672656   107.87510938    97.55642187
    87.24704687    83.19089063    75.00121094    64.68313281
    62.8128125     58.33417969    50.04232031    43.08566797
    42.90588672    38.05053516    34.57588281    31.20304883
    30.64068945    24.23967187    24.08909375    22.46408789
    20.55732031    32.02829199    24.25775098    20.94595313
    23.45131445    21.64159082    26.71475974]
[  355.61478125  3387.41175     6815.5135      9293.728
 11079.3        12178.866      12863.104      13232.412
 13283.141      13249.49       12986.983      12685.435
 12310.527      11945.98       11427.244      10874.944
 10518.463       9982.133       9575.397       9042.782
  8671.202       8291.4925      7828.606       7505.164
  7094.3425      6743.164       6466.828       6160.5385
  5771.7505      5544.4475      5217.592       4946.1355
  4724.7575      4481.208       4269.212       4023.878
  3767.64775     3614.0935      3443.74875     3282.5365
  3072.28975     2921.72175     2766.99675     2631.405
  2455.72625     2370.32975     2244.58025     2092.647375
  1981.4365      1893.661625    1761.468125    1643.499875
  1543.438       1454.996625    1381.416875    1285.593375
  1197.169625    1136.841       1031.7308125   1018.99875
   946.10875      895.996875     801.7734375    732.6275
   691.8978125    640.580875     590.8483125    557.6539375
   532.53825      487.58365625   444.236375     387.11565625
   364.99984375   337.631625     321.92821875   296.88146875
   257.52320313   246.21067188   217.29904688   184.52051563
   173.11029688   155.22607812   137.88635938   125.37122656
   114.68585938    98.65473438    88.34791406    72.43759375
    68.53567969    57.48647656    55.26062891    49.58188672
    43.75491797    35.74480469    34.55396484    28.65197461
    24.62651172    50.8869834     43.4996875    692.8395
  1623.969375    2314.29225     2779.383       3026.292
  3154.31375     3196.07425     3141.4895      3052.01125
  2911.27675     2772.902       2636.348       2459.93575
  2277.0455      2153.198       2014.845       1869.897125
  1708.10925     1589.928       1485.671375    1376.144125
  1268.017375    1176.327625    1087.43575      997.87775
   925.19975      851.7011875    786.520625     731.8223125
   670.9871875    619.4935       566.22325      538.6359375
   488.69303125   460.54875      414.95015625   384.41425
   358.537125     320.71559375   302.95125      273.569625
   260.72623437   235.87495313   212.68489063   201.2825
   173.80232813   166.55128125   154.3768125    143.46390625
   133.43795313   117.11672656   107.87510938    97.55642187
    87.24704688    83.19089062    75.00121094    64.68313281
    62.8128125     58.33417969    50.04232031    43.08566797
    42.90588672    38.05053516    34.57588281    31.20304883
    30.64068945    24.23967187    24.08909375    22.46408789
    20.55732031    32.02829199    24.25775098    20.94595312
    23.45131445    21.64159082    26.71475974]
2.5772433510984127 18.59095109105821 93.58958255319614
val isze = 17
idinces = [ 68 101  20 114  55  91 161  39  59  10  19 146 155  60 151  58  82 121
 106 166   1 137  47  72  66  78  67 144 103  49 120  87  69 165 154  26
  61  56  24 131 119  21 169 132  90  97 102  80  43 148  83 136  35  63
  81   2  70  98  38  52 171 174  99 158 128  95 112 143 117  41  32  76
  48  25  53 142 124  51  14 160  29   3  23 129 163  37 164 162  45 109
 134  42  79 138 153 145  12 173  22  85   6 105 110 133 130 104  34 150
 108  50 111 116 127   4   5  44 147  96  84 152  28  75   7  46  17  11
 168  71 118 135 172  74  94 149  93  18  27  36  57  31  65 140  89  30
  86  92 141 126  13  77 167 159  33  62 122 107  88  54 139 100  16 115
  40   0  73   8 170 157 156 123 113  64  15 125   9]
we are doing training validation split
training loss = 13.802054405212402 500
val loss = 11.876730918884277
training loss = 13.081904411315918 1000
val loss = 11.98705768585205
training loss = 12.098485946655273 1500
val loss = 12.246447563171387
training loss = 11.044805526733398 2000
val loss = 12.770550727844238
training loss = 10.300240516662598 2500
val loss = 13.38236141204834
training loss = 2.0186357498168945 3000
val loss = 1.6593105792999268
training loss = 1.891894817352295 3500
val loss = 1.7280133962631226
training loss = 1.8788156509399414 4000
val loss = 1.6712069511413574
training loss = 1.8444091081619263 4500
val loss = 1.670697808265686
training loss = 1.8350433111190796 5000
val loss = 1.6655329465866089
training loss = 1.828568458557129 5500
val loss = 1.6710246801376343
training loss = 1.8237680196762085 6000
val loss = 1.6680907011032104
training loss = 5.077389717102051 6500
val loss = 4.193400859832764
training loss = 1.8159886598587036 7000
val loss = 1.6623129844665527
training loss = 1.813218355178833 7500
val loss = 1.6611442565917969
training loss = 1.8106440305709839 8000
val loss = 1.6597760915756226
training loss = 1.8084659576416016 8500
val loss = 1.65885329246521
training loss = 1.8066442012786865 9000
val loss = 1.6575957536697388
training loss = 1.8049325942993164 9500
val loss = 1.6574031114578247
training loss = 1.8035166263580322 10000
val loss = 1.6571723222732544
training loss = 1.805077075958252 10500
val loss = 1.6314421892166138
training loss = 1.8015905618667603 11000
val loss = 1.6440104246139526
training loss = 1.8001617193222046 11500
val loss = 1.6553726196289062
training loss = 1.7992161512374878 12000
val loss = 1.6553922891616821
training loss = 1.7984490394592285 12500
val loss = 1.6540331840515137
training loss = 3.975815534591675 13000
val loss = 3.1850366592407227
training loss = 1.8258775472640991 13500
val loss = 1.5960544347763062
training loss = 2.4780359268188477 14000
val loss = 1.9727922677993774
training loss = 1.8010025024414062 14500
val loss = 1.6261883974075317
training loss = 1.7976073026657104 15000
val loss = 1.6331182718276978
training loss = 1.8977692127227783 15500
val loss = 1.5958397388458252
training loss = 2.2368125915527344 16000
val loss = 2.472609519958496
training loss = 1.794880986213684 16500
val loss = 1.6547784805297852
training loss = 1.7946583032608032 17000
val loss = 1.6547609567642212
training loss = 1.7944363355636597 17500
val loss = 1.6546529531478882
training loss = 1.7943799495697021 18000
val loss = 1.6551320552825928
training loss = 1.7941616773605347 18500
val loss = 1.6541244983673096
training loss = 1.7940795421600342 19000
val loss = 1.6611285209655762
training loss = 1.7941091060638428 19500
val loss = 1.6459379196166992
training loss = 1.8574196100234985 20000
val loss = 1.5845561027526855
training loss = 1.7936818599700928 20500
val loss = 1.660908818244934
training loss = 1.7970337867736816 21000
val loss = 1.6910430192947388
training loss = 3.747682571411133 21500
val loss = 4.440634727478027
training loss = 1.7939928770065308 22000
val loss = 1.6703531742095947
training loss = 1.7936335802078247 22500
val loss = 1.667202115058899
training loss = 1.8043526411056519 23000
val loss = 1.7060781717300415
training loss = 1.7930430173873901 23500
val loss = 1.6527185440063477
training loss = 1.7930630445480347 24000
val loss = 1.6492069959640503
training loss = 1.8002169132232666 24500
val loss = 1.6168711185455322
training loss = 1.7926937341690063 25000
val loss = 1.6548986434936523
training loss = 1.7925419807434082 25500
val loss = 1.6526448726654053
training loss = 1.7923760414123535 26000
val loss = 1.654126763343811
training loss = 1.7922316789627075 26500
val loss = 1.653713345527649
training loss = 1.7920668125152588 27000
val loss = 1.6534507274627686
training loss = 1.7919214963912964 27500
val loss = 1.6532701253890991
training loss = 1.7917588949203491 28000
val loss = 1.6525193452835083
training loss = 1.7915785312652588 28500
val loss = 1.6538007259368896
reduced chi^2 level 2 = 1.7917619943618774
Constrained alpha: 2.6921873092651367
Constrained beta: 4.817250728607178
Constrained gamma: 22.12567138671875
(1, 158)
(1, 17)
