data before
[  355.61478125  3387.41175     6815.5135      9293.728
 11079.3        12178.866      12863.104      13232.412
 13283.141      13249.49       12986.983      12685.435
 12310.527      11945.98       11427.244      10874.944
 10518.463       9982.133       9575.397       9042.782
  8671.202       8291.4925      7828.606       7505.164
  7094.3425      6743.164       6466.828       6160.5385
  5771.7505      5544.4475      5217.592       4946.1355
  4724.7575      4481.208       4269.212       4023.878
  3767.64775     3614.0935      3443.74875     3282.5365
  3072.28975     2921.72175     2766.99675     2631.405
  2455.72625     2370.32975     2244.58025     2092.647375
  1981.4365      1893.661625    1761.468125    1643.499875
  1543.438       1454.996625    1381.416875    1285.593375
  1197.169625    1136.841       1031.7308125   1018.99875
   946.10875      895.996875     801.7734375    732.6275
   691.8978125    640.580875     590.8483125    557.6539375
   532.53825      487.58365625   444.236375     387.11565625
   364.99984375   337.631625     321.92821875   296.88146875
   257.52320313   246.21067188   217.29904688   184.52051563
   173.11029688   155.22607813   137.88635938   125.37122656
   114.68585938    98.65473438    88.34791406    72.43759375
    68.53567969    57.48647656    55.26062891    49.58188672
    43.75491797    35.74480469    34.55396484    28.65197461
    24.62651172    19.07520313    17.71925586    14.09252441]
1
data after
[355.61478125, 3387.41175, 6815.5135, 9293.728000000001, 11079.300000000001, 12178.866, 12863.104, 13232.412, 13283.141, 13249.49, 12986.983, 12685.435, 12310.527, 11945.98, 11427.244, 10874.944, 10518.463, 9982.133, 9575.397, 9042.782000000001, 8671.202, 8291.4925, 7828.606, 7505.164, 7094.3425, 6743.164, 6466.828, 6160.538500000001, 5771.7505, 5544.4475, 5217.592000000001, 4946.1355, 4724.7575, 4481.2080000000005, 4269.212, 4023.878, 3767.64775, 3614.0935, 3443.74875, 3282.5365, 3072.28975, 2921.72175, 2766.9967500000002, 2631.405, 2455.72625, 2370.32975, 2244.58025, 2092.647375, 1981.4365, 1893.661625, 1761.468125, 1643.499875, 1543.438, 1454.996625, 1381.4168750000001, 1285.593375, 1197.169625, 1136.8410000000001, 1031.7308125, 1018.99875, 946.10875, 895.996875, 801.7734375, 732.6275, 691.8978125, 640.580875, 590.8483125, 557.6539375, 532.5382500000001, 487.58365625, 444.236375, 387.11565625000003, 364.99984375, 337.631625, 321.92821875, 296.88146875, 257.523203125, 246.210671875, 217.29904687500002, 184.520515625, 173.11029687500002, 155.22607812500002, 137.886359375, 125.3712265625, 114.685859375, 98.654734375, 88.3479140625, 72.43759375, 68.53567968750001, 57.4864765625, 55.26062890625, 49.58188671875, 43.75491796875, 35.7448046875, 34.55396484375, 28.651974609375, 24.62651171875, 50.8869833984375]
7
data,sig_tot
[  355.61478125  3387.41175     6815.5135      9293.728
 11079.3        12178.866      12863.104      13232.412
 13283.141      13249.49       12986.983      12685.435
 12310.527      11945.98       11427.244      10874.944
 10518.463       9982.133       9575.397       9042.782
  8671.202       8291.4925      7828.606       7505.164
  7094.3425      6743.164       6466.828       6160.5385
  5771.7505      5544.4475      5217.592       4946.1355
  4724.7575      4481.208       4269.212       4023.878
  3767.64775     3614.0935      3443.74875     3282.5365
  3072.28975     2921.72175     2766.99675     2631.405
  2455.72625     2370.32975     2244.58025     2092.647375
  1981.4365      1893.661625    1761.468125    1643.499875
  1543.438       1454.996625    1381.416875    1285.593375
  1197.169625    1136.841       1031.7308125   1018.99875
   946.10875      895.996875     801.7734375    732.6275
   691.8978125    640.580875     590.8483125    557.6539375
   532.53825      487.58365625   444.236375     387.11565625
   364.99984375   337.631625     321.92821875   296.88146875
   257.52320313   246.21067188   217.29904688   184.52051563
   173.11029688   155.22607813   137.88635938   125.37122656
   114.68585938    98.65473438    88.34791406    72.43759375
    68.53567969    57.48647656    55.26062891    49.58188672
    43.75491797    35.74480469    34.55396484    28.65197461
    24.62651172    50.8869834     43.4996875    692.8395
  1623.969375    2314.29225     2779.383       3026.292
  3154.31375     3196.07425     3141.4895      3052.01125
  2911.27675     2772.902       2636.348       2459.93575
  2277.0455      2153.198       2014.845       1869.897125
  1708.10925     1589.928       1485.671375    1376.144125
  1268.017375    1176.327625    1087.43575      997.87775
   925.19975      851.7011875    786.520625     731.8223125
   670.9871875    619.4935       566.22325      538.6359375
   488.69303125   460.54875      414.95015625   384.41425
   358.537125     320.71559375   302.95125      273.569625
   260.72623437   235.87495313   212.68489063   201.2825
   173.80232813   166.55128125   154.3768125    143.46390625
   133.43795313   117.11672656   107.87510938    97.55642187
    87.24704687    83.19089063    75.00121094    64.68313281
    62.8128125     58.33417969    50.04232031    43.08566797
    42.90588672    38.05053516    34.57588281    31.20304883
    30.64068945    24.23967187    24.08909375    22.46408789
    20.55732031    32.02829199    24.25775098    20.94595313
    23.45131445    21.64159082    26.71475974]
[  355.61478125  3387.41175     6815.5135      9293.728
 11079.3        12178.866      12863.104      13232.412
 13283.141      13249.49       12986.983      12685.435
 12310.527      11945.98       11427.244      10874.944
 10518.463       9982.133       9575.397       9042.782
  8671.202       8291.4925      7828.606       7505.164
  7094.3425      6743.164       6466.828       6160.5385
  5771.7505      5544.4475      5217.592       4946.1355
  4724.7575      4481.208       4269.212       4023.878
  3767.64775     3614.0935      3443.74875     3282.5365
  3072.28975     2921.72175     2766.99675     2631.405
  2455.72625     2370.32975     2244.58025     2092.647375
  1981.4365      1893.661625    1761.468125    1643.499875
  1543.438       1454.996625    1381.416875    1285.593375
  1197.169625    1136.841       1031.7308125   1018.99875
   946.10875      895.996875     801.7734375    732.6275
   691.8978125    640.580875     590.8483125    557.6539375
   532.53825      487.58365625   444.236375     387.11565625
   364.99984375   337.631625     321.92821875   296.88146875
   257.52320313   246.21067188   217.29904688   184.52051563
   173.11029688   155.22607812   137.88635938   125.37122656
   114.68585938    98.65473438    88.34791406    72.43759375
    68.53567969    57.48647656    55.26062891    49.58188672
    43.75491797    35.74480469    34.55396484    28.65197461
    24.62651172    50.8869834     43.4996875    692.8395
  1623.969375    2314.29225     2779.383       3026.292
  3154.31375     3196.07425     3141.4895      3052.01125
  2911.27675     2772.902       2636.348       2459.93575
  2277.0455      2153.198       2014.845       1869.897125
  1708.10925     1589.928       1485.671375    1376.144125
  1268.017375    1176.327625    1087.43575      997.87775
   925.19975      851.7011875    786.520625     731.8223125
   670.9871875    619.4935       566.22325      538.6359375
   488.69303125   460.54875      414.95015625   384.41425
   358.537125     320.71559375   302.95125      273.569625
   260.72623437   235.87495313   212.68489063   201.2825
   173.80232813   166.55128125   154.3768125    143.46390625
   133.43795313   117.11672656   107.87510938    97.55642187
    87.24704688    83.19089062    75.00121094    64.68313281
    62.8128125     58.33417969    50.04232031    43.08566797
    42.90588672    38.05053516    34.57588281    31.20304883
    30.64068945    24.23967187    24.08909375    22.46408789
    20.55732031    32.02829199    24.25775098    20.94595312
    23.45131445    21.64159082    26.71475974]
4.508843774885954 14.278854511512133 33.867942105324914
val isze = 17
idinces = [ 68 101  20 114  55  91 161  39  59  10  19 146 155  60 151  58  82 121
 106 166   1 137  47  72  66  78  67 144 103  49 120  87  69 165 154  26
  61  56  24 131 119  21 169 132  90  97 102  80  43 148  83 136  35  63
  81   2  70  98  38  52 171 174  99 158 128  95 112 143 117  41  32  76
  48  25  53 142 124  51  14 160  29   3  23 129 163  37 164 162  45 109
 134  42  79 138 153 145  12 173  22  85   6 105 110 133 130 104  34 150
 108  50 111 116 127   4   5  44 147  96  84 152  28  75   7  46  17  11
 168  71 118 135 172  74  94 149  93  18  27  36  57  31  65 140  89  30
  86  92 141 126  13  77 167 159  33  62 122 107  88  54 139 100  16 115
  40   0  73   8 170 157 156 123 113  64  15 125   9]
we are doing training validation split
training loss = 10.33076000213623 500
val loss = 14.82762336730957
training loss = 6.768219470977783 1000
val loss = 10.018118858337402
training loss = 2.601971387863159 1500
val loss = 2.3239283561706543
training loss = 2.2267889976501465 2000
val loss = 1.9370391368865967
training loss = 2.054945230484009 2500
val loss = 1.7136751413345337
training loss = 2.026906967163086 3000
val loss = 1.6419810056686401
training loss = 1.9756354093551636 3500
val loss = 1.588114619255066
training loss = 1.9534242153167725 4000
val loss = 1.5536949634552002
training loss = 1.936474084854126 4500
val loss = 1.52959406375885
training loss = 1.924270510673523 5000
val loss = 1.4993239641189575
training loss = 1.9117324352264404 5500
val loss = 1.4869384765625
training loss = 1.9096579551696777 6000
val loss = 1.515156865119934
training loss = 1.8931012153625488 6500
val loss = 1.4741621017456055
training loss = 1.8840134143829346 7000
val loss = 1.4446288347244263
training loss = 1.8772131204605103 7500
val loss = 1.4332143068313599
training loss = 1.8720964193344116 8000
val loss = 1.4367296695709229
training loss = 1.8745330572128296 8500
val loss = 1.411020040512085
training loss = 1.8661646842956543 9000
val loss = 1.4383219480514526
training loss = 1.8571175336837769 9500
val loss = 1.4089767932891846
training loss = 2.0439116954803467 10000
val loss = 1.4913430213928223
training loss = 1.8515822887420654 10500
val loss = 1.4104167222976685
training loss = 1.850877285003662 11000
val loss = 1.395392894744873
training loss = 1.8469165563583374 11500
val loss = 1.3966615200042725
training loss = 1.8899320363998413 12000
val loss = 1.3902572393417358
training loss = 1.8426827192306519 12500
val loss = 1.4013270139694214
training loss = 1.8427244424819946 13000
val loss = 1.423043966293335
training loss = 1.8380210399627686 13500
val loss = 1.3978744745254517
training loss = 1.8394591808319092 14000
val loss = 1.4155329465866089
training loss = 1.8345947265625 14500
val loss = 1.3983718156814575
training loss = 1.8345298767089844 15000
val loss = 1.399354338645935
training loss = 3.348459005355835 15500
val loss = 2.686079978942871
training loss = 1.8314576148986816 16000
val loss = 1.4011610746383667
training loss = 1.8291574716567993 16500
val loss = 1.396482229232788
training loss = 1.8456166982650757 17000
val loss = 1.4942855834960938
training loss = 1.827304720878601 17500
val loss = 1.398198127746582
training loss = 1.825762391090393 18000
val loss = 1.3947829008102417
training loss = 1.823610782623291 18500
val loss = 1.3897162675857544
training loss = 1.8418527841567993 19000
val loss = 1.3811225891113281
training loss = 1.833085536956787 19500
val loss = 1.3841181993484497
training loss = 1.8225306272506714 20000
val loss = 1.38983154296875
training loss = 1.840428113937378 20500
val loss = 1.382127285003662
training loss = 1.8214693069458008 21000
val loss = 1.4033639430999756
training loss = 2.3669393062591553 21500
val loss = 1.8328303098678589
training loss = 1.8167970180511475 22000
val loss = 1.3812785148620605
training loss = 1.8161834478378296 22500
val loss = 1.3813053369522095
training loss = 1.8165236711502075 23000
val loss = 1.3854877948760986
training loss = 1.816636085510254 23500
val loss = 1.3845287561416626
training loss = 1.8194071054458618 24000
val loss = 1.4113837480545044
training loss = 1.9144304990768433 24500
val loss = 1.4208428859710693
training loss = 1.8313255310058594 25000
val loss = 1.4304307699203491
training loss = 1.8503438234329224 25500
val loss = 1.379467487335205
training loss = 1.8658159971237183 26000
val loss = 1.384321928024292
training loss = 1.8127020597457886 26500
val loss = 1.381556510925293
training loss = 1.8120355606079102 27000
val loss = 1.382203459739685
training loss = 1.811051607131958 27500
val loss = 1.3781476020812988
training loss = 1.8140267133712769 28000
val loss = 1.374164342880249
training loss = 1.8101277351379395 28500
val loss = 1.376660704612732
training loss = 1.809685468673706 29000
val loss = 1.377140998840332
training loss = 2.9457921981811523 29500
val loss = 2.312025547027588
training loss = 1.8095967769622803 30000
val loss = 1.3836488723754883
reduced chi^2 level 2 = 1.810427188873291
Constrained alpha: 3.670646905899048
Constrained beta: 3.9088144302368164
Constrained gamma: 17.8586483001709
(1, 158)
(1, 17)
