data before
[  355.61478125  3387.41175     6815.5135      9293.728
 11079.3        12178.866      12863.104      13232.412
 13283.141      13249.49       12986.983      12685.435
 12310.527      11945.98       11427.244      10874.944
 10518.463       9982.133       9575.397       9042.782
  8671.202       8291.4925      7828.606       7505.164
  7094.3425      6743.164       6466.828       6160.5385
  5771.7505      5544.4475      5217.592       4946.1355
  4724.7575      4481.208       4269.212       4023.878
  3767.64775     3614.0935      3443.74875     3282.5365
  3072.28975     2921.72175     2766.99675     2631.405
  2455.72625     2370.32975     2244.58025     2092.647375
  1981.4365      1893.661625    1761.468125    1643.499875
  1543.438       1454.996625    1381.416875    1285.593375
  1197.169625    1136.841       1031.7308125   1018.99875
   946.10875      895.996875     801.7734375    732.6275
   691.8978125    640.580875     590.8483125    557.6539375
   532.53825      487.58365625   444.236375     387.11565625
   364.99984375   337.631625     321.92821875   296.88146875
   257.52320313   246.21067188   217.29904688   184.52051563
   173.11029688   155.22607813   137.88635938   125.37122656
   114.68585938    98.65473438    88.34791406    72.43759375
    68.53567969    57.48647656    55.26062891    49.58188672
    43.75491797    35.74480469    34.55396484    28.65197461
    24.62651172    19.07520313    17.71925586    14.09252441]
1
data after
[355.61478125, 3387.41175, 6815.5135, 9293.728000000001, 11079.300000000001, 12178.866, 12863.104, 13232.412, 13283.141, 13249.49, 12986.983, 12685.435, 12310.527, 11945.98, 11427.244, 10874.944, 10518.463, 9982.133, 9575.397, 9042.782000000001, 8671.202, 8291.4925, 7828.606, 7505.164, 7094.3425, 6743.164, 6466.828, 6160.538500000001, 5771.7505, 5544.4475, 5217.592000000001, 4946.1355, 4724.7575, 4481.2080000000005, 4269.212, 4023.878, 3767.64775, 3614.0935, 3443.74875, 3282.5365, 3072.28975, 2921.72175, 2766.9967500000002, 2631.405, 2455.72625, 2370.32975, 2244.58025, 2092.647375, 1981.4365, 1893.661625, 1761.468125, 1643.499875, 1543.438, 1454.996625, 1381.4168750000001, 1285.593375, 1197.169625, 1136.8410000000001, 1031.7308125, 1018.99875, 946.10875, 895.996875, 801.7734375, 732.6275, 691.8978125, 640.580875, 590.8483125, 557.6539375, 532.5382500000001, 487.58365625, 444.236375, 387.11565625000003, 364.99984375, 337.631625, 321.92821875, 296.88146875, 257.523203125, 246.210671875, 217.29904687500002, 184.520515625, 173.11029687500002, 155.22607812500002, 137.886359375, 125.3712265625, 114.685859375, 98.654734375, 88.3479140625, 72.43759375, 68.53567968750001, 57.4864765625, 55.26062890625, 49.58188671875, 43.75491796875, 35.7448046875, 34.55396484375, 28.651974609375, 24.62651171875, 50.8869833984375]
7
data,sig_tot
[  355.61478125  3387.41175     6815.5135      9293.728
 11079.3        12178.866      12863.104      13232.412
 13283.141      13249.49       12986.983      12685.435
 12310.527      11945.98       11427.244      10874.944
 10518.463       9982.133       9575.397       9042.782
  8671.202       8291.4925      7828.606       7505.164
  7094.3425      6743.164       6466.828       6160.5385
  5771.7505      5544.4475      5217.592       4946.1355
  4724.7575      4481.208       4269.212       4023.878
  3767.64775     3614.0935      3443.74875     3282.5365
  3072.28975     2921.72175     2766.99675     2631.405
  2455.72625     2370.32975     2244.58025     2092.647375
  1981.4365      1893.661625    1761.468125    1643.499875
  1543.438       1454.996625    1381.416875    1285.593375
  1197.169625    1136.841       1031.7308125   1018.99875
   946.10875      895.996875     801.7734375    732.6275
   691.8978125    640.580875     590.8483125    557.6539375
   532.53825      487.58365625   444.236375     387.11565625
   364.99984375   337.631625     321.92821875   296.88146875
   257.52320313   246.21067188   217.29904688   184.52051563
   173.11029688   155.22607813   137.88635938   125.37122656
   114.68585938    98.65473438    88.34791406    72.43759375
    68.53567969    57.48647656    55.26062891    49.58188672
    43.75491797    35.74480469    34.55396484    28.65197461
    24.62651172    50.8869834     43.4996875    692.8395
  1623.969375    2314.29225     2779.383       3026.292
  3154.31375     3196.07425     3141.4895      3052.01125
  2911.27675     2772.902       2636.348       2459.93575
  2277.0455      2153.198       2014.845       1869.897125
  1708.10925     1589.928       1485.671375    1376.144125
  1268.017375    1176.327625    1087.43575      997.87775
   925.19975      851.7011875    786.520625     731.8223125
   670.9871875    619.4935       566.22325      538.6359375
   488.69303125   460.54875      414.95015625   384.41425
   358.537125     320.71559375   302.95125      273.569625
   260.72623437   235.87495313   212.68489063   201.2825
   173.80232813   166.55128125   154.3768125    143.46390625
   133.43795313   117.11672656   107.87510938    97.55642187
    87.24704687    83.19089063    75.00121094    64.68313281
    62.8128125     58.33417969    50.04232031    43.08566797
    42.90588672    38.05053516    34.57588281    31.20304883
    30.64068945    24.23967187    24.08909375    22.46408789
    20.55732031    32.02829199    24.25775098    20.94595313
    23.45131445    21.64159082    26.71475974]
[  355.61478125  3387.41175     6815.5135      9293.728
 11079.3        12178.866      12863.104      13232.412
 13283.141      13249.49       12986.983      12685.435
 12310.527      11945.98       11427.244      10874.944
 10518.463       9982.133       9575.397       9042.782
  8671.202       8291.4925      7828.606       7505.164
  7094.3425      6743.164       6466.828       6160.5385
  5771.7505      5544.4475      5217.592       4946.1355
  4724.7575      4481.208       4269.212       4023.878
  3767.64775     3614.0935      3443.74875     3282.5365
  3072.28975     2921.72175     2766.99675     2631.405
  2455.72625     2370.32975     2244.58025     2092.647375
  1981.4365      1893.661625    1761.468125    1643.499875
  1543.438       1454.996625    1381.416875    1285.593375
  1197.169625    1136.841       1031.7308125   1018.99875
   946.10875      895.996875     801.7734375    732.6275
   691.8978125    640.580875     590.8483125    557.6539375
   532.53825      487.58365625   444.236375     387.11565625
   364.99984375   337.631625     321.92821875   296.88146875
   257.52320313   246.21067188   217.29904688   184.52051563
   173.11029688   155.22607812   137.88635938   125.37122656
   114.68585938    98.65473438    88.34791406    72.43759375
    68.53567969    57.48647656    55.26062891    49.58188672
    43.75491797    35.74480469    34.55396484    28.65197461
    24.62651172    50.8869834     43.4996875    692.8395
  1623.969375    2314.29225     2779.383       3026.292
  3154.31375     3196.07425     3141.4895      3052.01125
  2911.27675     2772.902       2636.348       2459.93575
  2277.0455      2153.198       2014.845       1869.897125
  1708.10925     1589.928       1485.671375    1376.144125
  1268.017375    1176.327625    1087.43575      997.87775
   925.19975      851.7011875    786.520625     731.8223125
   670.9871875    619.4935       566.22325      538.6359375
   488.69303125   460.54875      414.95015625   384.41425
   358.537125     320.71559375   302.95125      273.569625
   260.72623437   235.87495313   212.68489063   201.2825
   173.80232813   166.55128125   154.3768125    143.46390625
   133.43795313   117.11672656   107.87510938    97.55642187
    87.24704688    83.19089062    75.00121094    64.68313281
    62.8128125     58.33417969    50.04232031    43.08566797
    42.90588672    38.05053516    34.57588281    31.20304883
    30.64068945    24.23967187    24.08909375    22.46408789
    20.55732031    32.02829199    24.25775098    20.94595312
    23.45131445    21.64159082    26.71475974]
3.5186910626458436 0.43200903216344955 7.806006425699508
val isze = 17
idinces = [ 68 101  20 114  55  91 161  39  59  10  19 146 155  60 151  58  82 121
 106 166   1 137  47  72  66  78  67 144 103  49 120  87  69 165 154  26
  61  56  24 131 119  21 169 132  90  97 102  80  43 148  83 136  35  63
  81   2  70  98  38  52 171 174  99 158 128  95 112 143 117  41  32  76
  48  25  53 142 124  51  14 160  29   3  23 129 163  37 164 162  45 109
 134  42  79 138 153 145  12 173  22  85   6 105 110 133 130 104  34 150
 108  50 111 116 127   4   5  44 147  96  84 152  28  75   7  46  17  11
 168  71 118 135 172  74  94 149  93  18  27  36  57  31  65 140  89  30
  86  92 141 126  13  77 167 159  33  62 122 107  88  54 139 100  16 115
  40   0  73   8 170 157 156 123 113  64  15 125   9]
we are doing training validation split
training loss = 51.14852523803711 500
val loss = 40.70677947998047
training loss = 21.703115463256836 1000
val loss = 22.480806350708008
training loss = 2.5066699981689453 1500
val loss = 3.0042948722839355
training loss = 2.306702136993408 2000
val loss = 2.302931308746338
training loss = 2.299877643585205 2500
val loss = 2.2535018920898438
training loss = 3.838528871536255 3000
val loss = 3.8617873191833496
training loss = 2.307049036026001 3500
val loss = 2.242642402648926
training loss = 2.306823492050171 4000
val loss = 2.2410762310028076
training loss = 2.305736780166626 4500
val loss = 2.2326676845550537
training loss = 2.304302215576172 5000
val loss = 2.225405216217041
training loss = 2.3148648738861084 5500
val loss = 2.224998950958252
training loss = 2.320484161376953 6000
val loss = 2.226148843765259
training loss = 2.3027727603912354 6500
val loss = 2.2217164039611816
training loss = 2.2996160984039307 7000
val loss = 2.220116138458252
training loss = 2.2976584434509277 7500
val loss = 2.2158331871032715
training loss = 2.2963526248931885 8000
val loss = 2.2110707759857178
training loss = 2.295595169067383 8500
val loss = 2.2086808681488037
training loss = 2.295030117034912 9000
val loss = 2.2088265419006348
training loss = 2.2952213287353516 9500
val loss = 2.2126545906066895
training loss = 2.2960660457611084 10000
val loss = 2.219456434249878
training loss = 2.2949745655059814 10500
val loss = 2.218308925628662
training loss = 2.294771194458008 11000
val loss = 2.2284271717071533
training loss = 2.294339895248413 11500
val loss = 2.227376699447632
training loss = 2.285097599029541 12000
val loss = 2.2005512714385986
training loss = 2.0466854572296143 12500
val loss = 2.2994775772094727
training loss = 1.9777108430862427 13000
val loss = 2.1504831314086914
training loss = 1.859479308128357 13500
val loss = 1.940972089767456
training loss = 1.8362129926681519 14000
val loss = 1.8959839344024658
training loss = 1.8234425783157349 14500
val loss = 1.862980604171753
training loss = 1.814541220664978 15000
val loss = 1.8373156785964966
training loss = 1.8101706504821777 15500
val loss = 1.823211908340454
training loss = 1.8085681200027466 16000
val loss = 1.813132405281067
training loss = 1.8165024518966675 16500
val loss = 1.839379906654358
training loss = 1.8064169883728027 17000
val loss = 1.8133113384246826
training loss = 1.8023438453674316 17500
val loss = 1.7991811037063599
training loss = 1.802411437034607 18000
val loss = 1.794171929359436
training loss = 1.802686095237732 18500
val loss = 1.7937941551208496
training loss = 2.878880739212036 19000
val loss = 3.1728134155273438
training loss = 1.801490306854248 19500
val loss = 1.7883800268173218
training loss = 1.801682949066162 20000
val loss = 1.7844516038894653
training loss = 1.8013825416564941 20500
val loss = 1.7892353534698486
training loss = 1.8015574216842651 21000
val loss = 1.7889392375946045
training loss = 1.8015820980072021 21500
val loss = 1.7882307767868042
training loss = 1.8018919229507446 22000
val loss = 1.7884303331375122
training loss = 1.8018507957458496 22500
val loss = 1.7885711193084717
training loss = 1.8016083240509033 23000
val loss = 1.7873480319976807
training loss = 1.8017182350158691 23500
val loss = 1.7872037887573242
training loss = 1.8017539978027344 24000
val loss = 1.7880771160125732
training loss = 1.8017477989196777 24500
val loss = 1.7890198230743408
training loss = 1.801415205001831 25000
val loss = 1.78549325466156
training loss = 1.801327109336853 25500
val loss = 1.7848759889602661
training loss = 1.8010876178741455 26000
val loss = 1.785019040107727
training loss = 1.8009462356567383 26500
val loss = 1.7842745780944824
training loss = 1.8009564876556396 27000
val loss = 1.7841204404830933
reduced chi^2 level 2 = 1.8016821146011353
Constrained alpha: 2.690028190612793
Constrained beta: -0.026930181309580803
Constrained gamma: 9.024940490722656
(1, 158)
(1, 17)
