data before
[6.50798216e+00 5.00826307e+01 9.10377319e+01 1.17166163e+02
 1.32416557e+02 1.40082627e+02 1.43731300e+02 1.42315408e+02
 1.38849496e+02 1.33924870e+02 1.28878980e+02 1.23483702e+02
 1.17862308e+02 1.11353046e+02 1.05241785e+02 9.99983002e+01
 9.41736437e+01 8.90960224e+01 8.33911736e+01 7.91537703e+01
 7.45553089e+01 6.99101591e+01 6.59296791e+01 6.21841534e+01
 5.88064558e+01 5.53632808e+01 5.21094942e+01 4.95932728e+01
 4.68398946e+01 4.41449300e+01 4.17056100e+01 3.94696808e+01
 3.66888867e+01 3.49983148e+01 3.32648940e+01 3.12871798e+01
 2.94523271e+01 2.82552027e+01 2.64431298e+01 2.49769915e+01
 2.33007514e+01 2.21690171e+01 2.11659205e+01 2.01201638e+01
 1.87772886e+01 1.78222871e+01 1.67809017e+01 1.56451400e+01
 1.48733336e+01 1.40025951e+01 1.31402442e+01 1.22690447e+01
 1.17747174e+01 1.08487447e+01 1.00509567e+01 9.56744460e+00
 8.93548371e+00 8.37663637e+00 7.88765838e+00 7.27055150e+00
 6.81951278e+00 6.43918027e+00 5.82731082e+00 5.56321958e+00
 5.30923925e+00 4.67879539e+00 4.45627205e+00 4.19972606e+00
 3.76666101e+00 3.53369073e+00 3.24541180e+00 3.03438320e+00
 2.77197881e+00 2.54478328e+00 2.27240006e+00 2.16358588e+00
 1.92887610e+00 1.77426241e+00 1.59863618e+00 1.47983262e+00
 1.32674938e+00 1.14940414e+00 1.01754900e+00 8.95745964e-01
 9.16921776e-01 7.35473056e-01 7.05851065e-01 6.25831666e-01
 4.80919256e-01 4.63208475e-01 4.33016967e-01 3.33612002e-01
 3.19000538e-01 2.54393190e-01 2.62601169e-01 2.31582597e-01
 1.96301566e-01 1.50498380e-01 1.54024535e-01 1.27511395e-01]
23
data after
[56.59061282012783, 91.03773189261868, 117.16616250485312, 132.41655671941245, 140.08262664567366, 143.7312999305836, 142.31540829520307, 138.849495753366, 133.92487019096797, 128.8789796115457, 123.4837024164281, 117.86230781209127, 111.35304635981082, 105.24178450750111, 99.99830023265211, 94.17364365602674, 89.09602235620733, 83.39117358290554, 79.1537702810393, 74.55530888297493, 69.91015912489938, 65.92967912478716, 62.18415338709503, 58.806455814935575, 55.36328082250674, 52.109494184482124, 49.59327282620059, 46.839894604642005, 44.144930043745354, 41.70560995768047, 39.469680816713144, 36.68888669900047, 34.99831475073599, 33.264893989775985, 31.287179802387243, 29.452327057140135, 28.25520266335784, 26.443129834140567, 24.97699148694953, 23.300751411931056, 22.169017140193894, 21.165920456047388, 20.120163786216605, 36.59957566869275, 32.426041673811895, 28.87592863366739, 25.409288874132912, 22.62346207157976, 28.553884963285466, 23.534846244604644, 24.649223442184645, 22.410693749342883, 37.12803718353238]
54
data,sig_tot
[ 56.59061282  91.03773189 117.1661625  132.41655672 140.08262665
 143.73129993 142.3154083  138.84949575 133.92487019 128.87897961
 123.48370242 117.86230781 111.35304636 105.24178451  99.99830023
  94.17364366  89.09602236  83.39117358  79.15377028  74.55530888
  69.91015912  65.92967912  62.18415339  58.80645581  55.36328082
  52.10949418  49.59327283  46.8398946   44.14493004  41.70560996
  39.46968082  36.6888867   34.99831475  33.26489399  31.2871798
  29.45232706  28.25520266  26.44312983  24.97699149  23.30075141
  22.16901714  21.16592046  20.12016379  36.59957567  32.42604167
  28.87592863  25.40928887  22.62346207  28.55388496  23.53484624
  24.64922344  22.41069375  37.12803718  21.75394905  34.43537227
  42.90194204  46.58427502  47.30295929  46.13905928  44.32392442
  41.67189932  38.73487542  35.66180251  32.54572212  29.97936277
  27.47196941  25.18690221  22.75109736  20.79496272  36.15567559
  29.99944168  25.13187833  20.95505808  25.19969011  24.69554532
  21.19283592  37.74321512]
[ 56.59061282  91.03773189 117.1661625  132.41655672 140.08262665
 143.73129993 142.3154083  138.84949575 133.92487019 128.87897961
 123.48370242 117.86230781 111.35304636 105.24178451  99.99830023
  94.17364366  89.09602236  83.39117358  79.15377028  74.55530888
  69.91015912  65.92967912  62.18415339  58.80645581  55.36328082
  52.10949418  49.59327283  46.8398946   44.14493004  41.70560996
  39.46968082  36.6888867   34.99831475  33.26489399  31.2871798
  29.45232706  28.25520266  26.44312983  24.97699149  23.30075141
  22.16901714  21.16592046  20.12016379  36.59957567  32.42604167
  28.87592863  25.40928887  22.62346207  28.55388496  23.53484624
  24.64922344  22.41069375  37.12803718  21.75394905  34.43537227
  42.90194204  46.58427502  47.30295929  46.13905928  44.32392442
  41.67189932  38.73487542  35.66180251  32.54572212  29.97936277
  27.47196941  25.18690221  22.75109736  20.79496272  36.15567559
  29.99944168  25.13187833  20.95505808  25.19969011  24.69554532
  21.19283592  37.74321512]
3.5421267143779978 1.0179823935352994 17.09071523752479
val isze = 0
idinces = [63  3 35 21 19 38 39 26 32  6  2 41 74 20  4 55 45 70 44 42 46 60 17 34
 43  7 37 67 69 75 76 24 10 50 66 47 23 59 53 72 18 27 61 31  1 12 52 48
 30 22 73 57 25 58 56  5 13 65 51 49 14 68 71 33 62 54 11 16 36 40  0  8
 29 28 64 15  9]
training loss = 1.7343899011611938 500
training loss = 1.6588495969772339 1000
training loss = 1.6534552574157715 1500
training loss = 1.6511696577072144 2000
reduced chi^2 level 2 = 1.6509267091751099
Constrained alpha: 2.468987226486206
Constrained beta: 2.690312623977661
Constrained gamma: 3.2693188190460205
(1, 77)
(1, 0)
