data before
341799.3120766666
13
data after
341799.3120766668
12
data,sig_tot
[4701.61488802 4794.88307404 4880.63321867 5022.96007778 5174.83210567
 5403.75702487 5484.3285967  5479.94484219 5685.56139019 5786.42431147
 5826.87977353 5997.03952734 6111.61127189 6120.00289282 6314.21918603
 6393.96946648 6488.95532514 6507.73738104 6584.88554107 6611.357542
 6727.02060846 6794.14329472 6832.33008524 6883.07023535 6889.97798261
 6892.59405288 6805.85090368 6823.13002919 6755.19764153 6760.12009368
 6724.68217864 6666.92058447 6621.02876806 6535.26290072 6361.28388017
 6274.38796295 6184.62147252 6083.25791251 5991.57607425 5831.76498353
 5653.0757575  5472.72752995 5256.93559567 5123.7074244  4954.91618422
 4767.66969394 4581.36906943 4384.37028734 4185.71288972 3987.35291917
 3772.17693952 3587.26519712 3410.17278209 3164.08533516 2970.74715477
 2808.67191304 2597.04856618 2414.5818751  2271.39044025 2134.37490034
 1969.09134909 1839.2544647  1690.72258547 1544.17473316 1392.50617358
 1256.91949139 1130.22399104 1023.21516166  912.20022068  790.05448549
  686.33353875  592.03819306  501.7262591   430.37252022  361.23753619
  302.43819468  248.36336026  193.91990061  153.43690413  116.10994345
   88.59143539   72.09509809   57.18948527   45.17032761   32.91651188
   23.26223598   37.57643872  779.76115757  819.33217103  853.43042069
  884.65267688  905.17657488  936.43865356  980.37304356 1027.01367349
 1051.38187235 1068.91684383 1110.52455855 1135.04707121 1192.86763646
 1191.06345875 1256.598203   1279.39982714 1292.55025959 1326.24235813
 1371.17906226 1383.39877461 1409.54882409 1440.35174162 1460.91223039
 1495.95384783 1499.85710062 1490.91907337 1518.89062738 1528.01817606
 1529.21479258 1539.75390574 1539.64933353 1533.97032378 1539.72900948
 1522.9274859  1516.18075167 1486.97149422 1468.42868357 1447.53539461
 1410.13886827 1401.85149154 1372.01665223 1337.1199038  1292.16995907
 1254.66423566 1225.9759354  1168.9167834  1138.15522019 1090.81463438
 1046.20720118  993.68326062  942.38183126  887.57792407  841.33509808
  786.62063997  740.35718354  685.13950905  638.57034564  599.23479559
  555.42460834  518.73884448  485.43492206  446.38917151  415.74835233
  378.13193845  345.07563002  310.85938377  281.28047609  252.35790433
  223.51141521  194.5085539   170.15787088  145.40697576  125.54449957
  107.71333166   95.97335247   83.7134781    70.73280236   59.5188732
   48.96558417   39.57817109   32.23744109   26.15284914   21.09817715
   28.97030946   23.63710235]
[4701.61488802 4794.88307404 4880.63321867 5022.96007778 5174.83210567
 5403.75702487 5484.3285967  5479.94484219 5685.56139019 5786.42431147
 5826.87977353 5997.03952734 6111.61127189 6120.00289282 6314.21918603
 6393.96946648 6488.95532514 6507.73738104 6584.88554107 6611.357542
 6727.02060846 6794.14329472 6832.33008524 6883.07023535 6889.97798261
 6892.59405288 6805.85090368 6823.13002919 6755.19764153 6760.12009368
 6724.68217864 6666.92058447 6621.02876806 6535.26290072 6361.28388017
 6274.38796295 6184.62147252 6083.25791251 5991.57607425 5831.76498353
 5653.0757575  5472.72752995 5256.93559567 5123.7074244  4954.91618422
 4767.66969394 4581.36906943 4384.37028734 4185.71288972 3987.35291917
 3772.17693952 3587.26519712 3410.17278209 3164.08533516 2970.74715477
 2808.67191304 2597.04856618 2414.5818751  2271.39044025 2134.37490034
 1969.09134909 1839.2544647  1690.72258547 1544.17473316 1392.50617358
 1256.91949139 1130.22399104 1023.21516166  912.20022068  790.05448549
  686.33353875  592.03819306  501.7262591   430.37252022  361.23753619
  302.43819468  248.36336026  193.91990061  153.43690413  116.10994345
   88.59143539   72.09509809   57.18948527   45.17032761   32.91651188
   23.26223598   37.57643872  779.76115757  819.33217103  853.43042069
  884.65267688  905.17657488  936.43865356  980.37304356 1027.01367349
 1051.38187235 1068.91684383 1110.52455855 1135.04707121 1192.86763646
 1191.06345875 1256.598203   1279.39982714 1292.55025959 1326.24235813
 1371.17906226 1383.39877461 1409.54882409 1440.35174162 1460.91223039
 1495.95384783 1499.85710062 1490.91907337 1518.89062738 1528.01817606
 1529.21479258 1539.75390574 1539.64933353 1533.97032378 1539.72900948
 1522.9274859  1516.18075167 1486.97149422 1468.42868357 1447.53539461
 1410.13886827 1401.85149154 1372.01665223 1337.1199038  1292.16995907
 1254.66423566 1225.9759354  1168.9167834  1138.15522019 1090.81463438
 1046.20720118  993.68326062  942.38183126  887.57792407  841.33509808
  786.62063997  740.35718354  685.13950905  638.57034564  599.23479559
  555.42460834  518.73884448  485.43492206  446.38917151  415.74835233
  378.13193845  345.07563002  310.85938377  281.28047609  252.35790433
  223.51141521  194.5085539   170.15787088  145.40697576  125.54449957
  107.71333166   95.97335247   83.7134781    70.73280236   59.5188732
   48.96558417   39.57817109   32.23744109   26.15284914   21.09817715
   28.97030946   23.63710235]
0.6362362231055946 15.715522292561788 65.60369715754804
val isze = 0
idinces = [111  19  68 105  66  67  90  47  10  49 148  98  59  99 168  20  81  39
 110   1  76 120 155 138 102 104  72 129 109 117 135 143 162 119  26  60
  55  24  58 116  21 112  61  56 114  87  91  43 145  82 134  35 132 144
   2  69  97  38  52  63 171 158 137  83  78  70 140  95  41  32 170  48
  25  53 101 121  51  14 164  29   3  23 127 160  37 161 159  45 106 130
  42  79 136 150 142  12 151  22  85   6 103 152 131 128  34 147  50 108
 163 124   4   5  44 166  96  84 149  28  75   7  46  17  11 153  71 118
  80 133 169  74  94 146  93  18  27  36  57  31  65  89  30  86  92 141
 126  13  77 154 165  33  62 122 107  88  54 139 100  16 115  40   0  73
   8 167 157 156 123 113  64  15 125   9]
training loss = 29.989547729492188 500
training loss = 17.466609954833984 1000
training loss = 13.828059196472168 1500
training loss = 13.370018005371094 2000
training loss = 13.190479278564453 2500
training loss = 13.005420684814453 3000
training loss = 10.389601707458496 3500
training loss = 3.1496028900146484 4000
training loss = 2.487717390060425 4500
training loss = 2.217559337615967 5000
training loss = 2.064192056655884 5500
training loss = 1.970697045326233 6000
training loss = 1.9563645124435425 6500
training loss = 1.9641971588134766 7000
training loss = 2.010021924972534 7500
training loss = 1.9466066360473633 8000
training loss = 1.9536420106887817 8500
training loss = 1.9385840892791748 9000
training loss = 1.935843825340271 9500
training loss = 1.9334440231323242 10000
training loss = 1.9313539266586304 10500
training loss = 1.9295008182525635 11000
training loss = 1.9278404712677002 11500
training loss = 1.926358938217163 12000
training loss = 1.9250253438949585 12500
training loss = 1.9253597259521484 13000
training loss = 1.9252487421035767 13500
training loss = 1.9315561056137085 14000
training loss = 1.9218449592590332 14500
training loss = 2.4875035285949707 15000
training loss = 1.9931859970092773 15500
training loss = 1.918893814086914 16000
training loss = 1.9428671598434448 16500
training loss = 1.9163357019424438 17000
training loss = 1.915388584136963 17500
training loss = 1.9144599437713623 18000
training loss = 1.913727879524231 18500
training loss = 1.9130340814590454 19000
training loss = 1.9123841524124146 19500
training loss = 1.912909746170044 20000
training loss = 2.013488292694092 20500
training loss = 1.9107084274291992 21000
training loss = 1.9153194427490234 21500
training loss = 1.9097598791122437 22000
training loss = 1.9093483686447144 22500
training loss = 1.9089725017547607 23000
training loss = 1.9086188077926636 23500
training loss = 1.9082762002944946 24000
training loss = 1.907941222190857 24500
training loss = 1.9076048135757446 25000
training loss = 1.9072542190551758 25500
training loss = 1.9068840742111206 26000
training loss = 1.906481146812439 26500
training loss = 1.906036376953125 27000
training loss = 2.7395880222320557 27500
training loss = 2.0341057777404785 28000
training loss = 2.1851115226745605 28500
training loss = 2.613675117492676 29000
training loss = 1.911084532737732 29500
training loss = 1.902732253074646 30000
reduced chi^2 level 2 = 1.9035601615905762
Constrained alpha: 2.4587883949279785
Constrained beta: 1.7818611860275269
Constrained gamma: 18.359766006469727
(1, 172)
(1, 0)
