data before
[    0.             0.             0.             0.
     0.             0.             0.             0.
     0.             0.             0.             0.
     0.             0.             0.             0.
     0.             0.             0.             0.
 24565.21387005 28604.77467091 32612.82436131 36818.82904488
 40600.64514511 44127.69422919 46580.2552759  48460.66902887
 48495.66751391 46882.06024698 43455.05131641 38210.77903779
 31004.51386974 23012.01252785 15620.0038739  10279.78088316
  8278.32338738  7468.83679258   722.70794052     0.
     0.        ]
2
data after
[24565.213870047606, 28604.774670906983, 32612.824361310424, 36818.82904487854, 40600.64514511231, 44127.694229187015, 46580.255275896605, 48460.669028872675, 48495.667513908695, 46882.060246977235, 43455.051316412355, 38210.779037788394, 31004.513869743347, 23012.01252785225, 15620.003873895836, 10279.780883155823, 8278.323387380791, 7468.836792578029, 722.707940518114]
2
data,sig_tot
[24565.21387005 28604.77467091 32612.82436131 36818.82904488
 40600.64514511 44127.69422919 46580.2552759  48460.66902887
 48495.66751391 46882.06024698 43455.05131641 38210.77903779
 31004.51386974 23012.01252785 15620.0038739  10279.78088316
  8278.32338738  7468.83679258   722.70794052  4161.45696218
  5080.62616736  6090.85151958  7290.22066015  8537.66305494
  9767.44492556 10959.02289139 11989.42474127 12498.0750052
 12436.93138504 11737.24392846 10302.86374726  8313.99665736
  6016.64511467  3859.29359     2486.56000495  2049.31432809
  2182.8129729    234.34635079]
[24565.21387005 28604.77467091 32612.82436131 36818.82904488
 40600.64514511 44127.69422919 46580.2552759  48460.66902887
 48495.66751391 46882.06024698 43455.05131641 38210.77903779
 31004.51386974 23012.01252785 15620.0038739  10279.78088316
  8278.32338738  7468.83679258   722.70794052  4161.45696218
  5080.62616736  6090.85151958  7290.22066015  8537.66305494
  9767.44492556 10959.02289139 11989.42474127 12498.0750052
 12436.93138504 11737.24392846 10302.86374726  8313.99665736
  6016.64511467  3859.29359     2486.56000495  2049.31432809
  2182.8129729    234.34635079]
3.1426509321703517 0.5189230275264256 15.296834150169225
val isze = 0
idinces = [24 32  2 12  7  5 33  3 13 18 14  1 23 20 22  6 11 35 21 30 19  4 27 10
 34 37  8 26 17 31 16 29 25 28  0 15 36  9]
training loss = 269.94989013671875 500
training loss = 32.92727279663086 1000
training loss = 29.023399353027344 1500
training loss = 15.318937301635742 2000
training loss = 4.058341026306152 2500
training loss = 2.829272985458374 3000
training loss = 2.396724224090576 3500
training loss = 2.162440776824951 4000
training loss = 1.9429160356521606 4500
training loss = 1.7542383670806885 5000
training loss = 3.5973470211029053 5500
training loss = 1.5404123067855835 6000
training loss = 1.4793485403060913 6500
training loss = 1.4236987829208374 7000
training loss = 1.3651093244552612 7500
training loss = 1.3011068105697632 8000
training loss = 1.2338407039642334 8500
training loss = 1.165513515472412 9000
training loss = 1.1013104915618896 9500
training loss = 1.042578101158142 10000
training loss = 0.9895176291465759 10500
training loss = 0.9415507316589355 11000
training loss = 0.8978263735771179 11500
training loss = 0.8590103983879089 12000
training loss = 0.8248575925827026 12500
training loss = 0.7959135174751282 13000
training loss = 0.7716516256332397 13500
training loss = 0.7517378330230713 14000
training loss = 0.7355620861053467 14500
training loss = 0.7225711345672607 15000
training loss = 0.7175612449645996 15500
training loss = 1.3225975036621094 16000
training loss = 0.6973497271537781 16500
training loss = 0.6920516490936279 17000
training loss = 0.6880171895027161 17500
training loss = 0.7124742269515991 18000
training loss = 0.6899794936180115 18500
training loss = 0.717971682548523 19000
training loss = 0.6817344427108765 19500
training loss = 0.6815168261528015 20000
training loss = 0.6899975538253784 20500
training loss = 0.6751710176467896 21000
reduced chi^2 level 2 = 0.6744628548622131
Constrained alpha: 2.3207833766937256
Constrained beta: 0.045948371291160583
Constrained gamma: 18.849592208862305
(1, 38)
(1, 0)
