data before
<<<<<<< HEAD
[0.00000000e+00 0.00000000e+00 0.00000000e+00 0.00000000e+00
 0.00000000e+00 0.00000000e+00 0.00000000e+00 0.00000000e+00
 0.00000000e+00 0.00000000e+00 0.00000000e+00 5.57657739e-04
 1.71135155e-02 1.52347393e-01 4.11047088e-01 7.62033217e-01
 1.28459682e+00 2.04822352e+00 3.04780042e+00 4.78439220e+00
 7.34570329e+00 1.02073014e+01 1.49571227e+01 2.31990165e+01
 2.72081787e+01 2.91976000e+01 3.11090995e+01 3.24987602e+01
 3.29278008e+01 3.11299224e+01 2.71913177e+01 2.21718881e+01
 1.65541988e+01 1.15686996e+01 7.49874866e+00 4.79488960e+00
 3.30518493e+00 2.81167137e+00 3.25595671e-01 0.00000000e+00
 0.00000000e+00]
7
data after
[30.061116575363595, 38.15613917980373, 27.208178735984266, 29.197599971288444, 31.10909952982128, 32.498760232516524, 32.92780081108138, 31.129922380243542, 27.191317670272294, 22.171888085323573, 46.85898872553864]
12
data,sig_tot
[30.06111658 38.15613918 27.20817874 29.19759997 31.10909953 32.49876023
 32.92780081 31.12992238 27.19131767 22.17188809 46.85898873 24.49231035
 31.84445334]
[30.06111658 38.15613918 27.20817874 29.19759997 31.10909953 32.49876023
 32.92780081 31.12992238 27.19131767 22.17188809 46.85898873 24.49231035
 31.84445334]
1.6813507306176319 2.0460948894845976 22.095909756994715
val isze = 0
idinces = [ 3  7 11  6  8  2 12  5 10  1  0  4  9]
reduced chi^2 level 2 = 0.8450220227241516
Constrained alpha: 2.72829008102417
Constrained beta: 2.5716192722320557
Constrained gamma: 15.985081672668457
=======
[ 0.00000000e+00  0.00000000e+00  0.00000000e+00  0.00000000e+00
  0.00000000e+00  0.00000000e+00  0.00000000e+00  0.00000000e+00
  0.00000000e+00  0.00000000e+00  1.53228524e-05  4.76967098e-04
  1.71009339e-02  1.50602805e-01  4.08961313e-01  7.58594370e-01
  1.27316029e+00  2.07811254e+00  3.07013205e+00  4.77240260e+00
  7.28628024e+00  1.01155072e+01  1.48800483e+01  2.29929284e+01
  2.70328114e+01  2.88643082e+01  3.08200066e+01  3.20492967e+01
  3.22537938e+01  3.03530761e+01  2.64503217e+01  2.11081081e+01
  1.51829078e+01  9.91855963e+00  5.66288735e+00  2.53770118e+00
  8.12978224e-01  1.62719304e-01 -5.24880836e-05  0.00000000e+00
  0.00000000e+00]
7
data after
[29.931346662796013, 37.8729767149812, 27.03281143286258, 28.864308203166726, 30.820006600270272, 32.049296719801724, 32.25379380016342, 30.353076136563125, 26.450321669413153, 21.108108090616764, 34.277701013913955]
12
data,sig_tot
[29.93134666 37.87297671 27.03281143 28.8643082  30.8200066  32.04929672
 32.2537938  30.35307614 26.45032167 21.10810809 34.27770101 24.36310706
 31.38378855]
[29.93134666 37.87297671 27.03281143 28.8643082  30.8200066  32.04929672
 32.2537938  30.35307614 26.45032167 21.10810809 34.27770101 24.36310706
 31.38378855]
1.3266298068605438 0.10127752132658596 66.54052375572145
val isze = 0
idinces = [ 4  0  1  9  6 12  7  8 10  5 11  2  3]
training loss = 1.2311475276947021 500
training loss = 1.1945359706878662 1000
training loss = 1.1850316524505615 1500
training loss = 1.171251893043518 2000
training loss = 1.1643774509429932 2500
training loss = 1.1594154834747314 3000
training loss = 1.1565418243408203 3500
training loss = 1.154154658317566 4000
training loss = 1.166778326034546 4500
training loss = 1.1504733562469482 5000
reduced chi^2 level 2 = 1.1504743099212646
Constrained alpha: 3.0357840061187744
Constrained beta: 0.05787665396928787
Constrained gamma: 2.008052110671997
(1, 13)
(1, 0)
data before
[ 0.00000000e+00  0.00000000e+00  0.00000000e+00  0.00000000e+00
  0.00000000e+00  0.00000000e+00  0.00000000e+00  0.00000000e+00
  0.00000000e+00  0.00000000e+00  1.53228524e-05  4.76967098e-04
  1.71009339e-02  1.50602805e-01  4.08961313e-01  7.58594370e-01
  1.27316029e+00  2.07811254e+00  3.07013205e+00  4.77240260e+00
  7.28628024e+00  1.01155072e+01  1.48800483e+01  2.29929284e+01
  2.70328114e+01  2.88643082e+01  3.08200066e+01  3.20492967e+01
  3.22537938e+01  3.03530761e+01  2.64503217e+01  2.11081081e+01
  1.51829078e+01  9.91855963e+00  5.66288735e+00  2.53770118e+00
  8.12978224e-01  1.62719304e-01 -5.24880836e-05  0.00000000e+00
  0.00000000e+00]
7
data after
[29.931346662796013, 37.8729767149812, 27.03281143286258, 28.864308203166726, 30.820006600270272, 32.049296719801724, 32.25379380016342, 30.353076136563125, 26.450321669413153, 21.108108090616764, 34.277701013913955]
12
data,sig_tot
[29.93134666 37.87297671 27.03281143 28.8643082  30.8200066  32.04929672
 32.2537938  30.35307614 26.45032167 21.10810809 34.27770101 24.36310706
 31.38378855]
[29.93134666 37.87297671 27.03281143 28.8643082  30.8200066  32.04929672
 32.2537938  30.35307614 26.45032167 21.10810809 34.27770101 24.36310706
 31.38378855]
4.984516910680031 15.332994847914064 1.8968065277809698
val isze = 0
idinces = [ 7  4  3  0  6 11  2  8  1 12 10  9  5]
training loss = 23.065229415893555 500
training loss = 19.98532485961914 1000
training loss = 19.86597442626953 1500
training loss = 19.81814956665039 2000
training loss = 19.752347946166992 2500
training loss = 19.638444900512695 3000
training loss = 19.398221969604492 3500
training loss = 18.64194679260254 4000
training loss = 13.682759284973145 4500
training loss = 10.271376609802246 5000
(1, 13)
(1, 0)
data before
[ 0.00000000e+00  0.00000000e+00  0.00000000e+00  0.00000000e+00
  0.00000000e+00  0.00000000e+00  0.00000000e+00  0.00000000e+00
  0.00000000e+00  0.00000000e+00  1.53228524e-05  4.76967098e-04
  1.71009339e-02  1.50602805e-01  4.08961313e-01  7.58594370e-01
  1.27316029e+00  2.07811254e+00  3.07013205e+00  4.77240260e+00
  7.28628024e+00  1.01155072e+01  1.48800483e+01  2.29929284e+01
  2.70328114e+01  2.88643082e+01  3.08200066e+01  3.20492967e+01
  3.22537938e+01  3.03530761e+01  2.64503217e+01  2.11081081e+01
  1.51829078e+01  9.91855963e+00  5.66288735e+00  2.53770118e+00
  8.12978224e-01  1.62719304e-01 -5.24880836e-05  0.00000000e+00
  0.00000000e+00]
7
data after
[29.931346662796013, 37.8729767149812, 27.03281143286258, 28.864308203166726, 30.820006600270272, 32.049296719801724, 32.25379380016342, 30.353076136563125, 26.450321669413153, 21.108108090616764, 34.277701013913955]
12
data,sig_tot
[29.93134666 37.87297671 27.03281143 28.8643082  30.8200066  32.04929672
 32.2537938  30.35307614 26.45032167 21.10810809 34.27770101 24.36310706
 31.38378855]
[29.93134666 37.87297671 27.03281143 28.8643082  30.8200066  32.04929672
 32.2537938  30.35307614 26.45032167 21.10810809 34.27770101 24.36310706
 31.38378855]
4.982307565335665 15.335172169090942 48.91345478611125
val isze = 0
idinces = [ 7  3  9 10  8  1  4  0 11  2  5  6 12]
(1, 13)
(1, 0)
data before
[ 0.00000000e+00  0.00000000e+00  0.00000000e+00  0.00000000e+00
  0.00000000e+00  0.00000000e+00  0.00000000e+00  0.00000000e+00
  0.00000000e+00  0.00000000e+00  1.53228524e-05  4.76967098e-04
  1.71009339e-02  1.50602805e-01  4.08961313e-01  7.58594370e-01
  1.27316029e+00  2.07811254e+00  3.07013205e+00  4.77240260e+00
  7.28628024e+00  1.01155072e+01  1.48800483e+01  2.29929284e+01
  2.70328114e+01  2.88643082e+01  3.08200066e+01  3.20492967e+01
  3.22537938e+01  3.03530761e+01  2.64503217e+01  2.11081081e+01
  1.51829078e+01  9.91855963e+00  5.66288735e+00  2.53770118e+00
  8.12978224e-01  1.62719304e-01 -5.24880836e-05  0.00000000e+00
  0.00000000e+00]
7
data after
[29.931346662796013, 37.8729767149812, 27.03281143286258, 28.864308203166726, 30.820006600270272, 32.049296719801724, 32.25379380016342, 30.353076136563125, 26.450321669413153, 21.108108090616764, 34.277701013913955]
12
data,sig_tot
[29.93134666 37.87297671 27.03281143 28.8643082  30.8200066  32.04929672
 32.2537938  30.35307614 26.45032167 21.10810809 34.27770101 24.36310706
 31.38378855]
[29.93134666 37.87297671 27.03281143 28.8643082  30.8200066  32.04929672
 32.2537938  30.35307614 26.45032167 21.10810809 34.27770101 24.36310706
 31.38378855]
4.687318174603664 5.300509682444234 89.88142582465099
val isze = 0
idinces = [ 9  2  6 12 10  0  5 11  8  7  1  4  3]
training loss = 34.901573181152344 500
training loss = 29.959239959716797 1000
training loss = 27.528438568115234 1500
training loss = 26.263460159301758 2000
training loss = 25.408227920532227 2500
training loss = 24.63591194152832 3000
training loss = 23.844970703125 3500
training loss = 23.076751708984375 4000
training loss = 22.42149543762207 4500
training loss = 21.91499137878418 5000
(1, 13)
(1, 0)
data before
[ 0.00000000e+00  0.00000000e+00  0.00000000e+00  0.00000000e+00
  0.00000000e+00  0.00000000e+00  0.00000000e+00  0.00000000e+00
  0.00000000e+00  0.00000000e+00  1.53228524e-05  4.76967098e-04
  1.71009339e-02  1.50602805e-01  4.08961313e-01  7.58594370e-01
  1.27316029e+00  2.07811254e+00  3.07013205e+00  4.77240260e+00
  7.28628024e+00  1.01155072e+01  1.48800483e+01  2.29929284e+01
  2.70328114e+01  2.88643082e+01  3.08200066e+01  3.20492967e+01
  3.22537938e+01  3.03530761e+01  2.64503217e+01  2.11081081e+01
  1.51829078e+01  9.91855963e+00  5.66288735e+00  2.53770118e+00
  8.12978224e-01  1.62719304e-01 -5.24880836e-05  0.00000000e+00
  0.00000000e+00]
7
data after
[29.931346662796013, 37.8729767149812, 27.03281143286258, 28.864308203166726, 30.820006600270272, 32.049296719801724, 32.25379380016342, 30.353076136563125, 26.450321669413153, 21.108108090616764, 34.277701013913955]
12
data,sig_tot
[29.93134666 37.87297671 27.03281143 28.8643082  30.8200066  32.04929672
 32.2537938  30.35307614 26.45032167 21.10810809 34.27770101 24.36310706
 31.38378855]
[29.93134666 37.87297671 27.03281143 28.8643082  30.8200066  32.04929672
 32.2537938  30.35307614 26.45032167 21.10810809 34.27770101 24.36310706
 31.38378855]
4.623812452115962 16.35957840122288 65.41601123358782
val isze = 0
idinces = [ 4  2  3  0  8  6  9  1 11  5  7 10 12]
training loss = 36.986637115478516 500
training loss = 27.3424129486084 1000
training loss = 26.279163360595703 1500
training loss = 26.121597290039062 2000
training loss = 26.059778213500977 2500
training loss = 25.99087905883789 3000
training loss = 25.902523040771484 3500
training loss = 25.7902889251709 4000
training loss = 25.650907516479492 4500
training loss = 25.487226486206055 5000
(1, 13)
(1, 0)
data before
[ 0.00000000e+00  0.00000000e+00  0.00000000e+00  0.00000000e+00
  0.00000000e+00  0.00000000e+00  0.00000000e+00  0.00000000e+00
  0.00000000e+00  0.00000000e+00  1.53228524e-05  4.76967098e-04
  1.71009339e-02  1.50602805e-01  4.08961313e-01  7.58594370e-01
  1.27316029e+00  2.07811254e+00  3.07013205e+00  4.77240260e+00
  7.28628024e+00  1.01155072e+01  1.48800483e+01  2.29929284e+01
  2.70328114e+01  2.88643082e+01  3.08200066e+01  3.20492967e+01
  3.22537938e+01  3.03530761e+01  2.64503217e+01  2.11081081e+01
  1.51829078e+01  9.91855963e+00  5.66288735e+00  2.53770118e+00
  8.12978224e-01  1.62719304e-01 -5.24880836e-05  0.00000000e+00
  0.00000000e+00]
7
data after
[29.931346662796013, 37.8729767149812, 27.03281143286258, 28.864308203166726, 30.820006600270272, 32.049296719801724, 32.25379380016342, 30.353076136563125, 26.450321669413153, 21.108108090616764, 34.277701013913955]
12
data,sig_tot
[29.93134666 37.87297671 27.03281143 28.8643082  30.8200066  32.04929672
 32.2537938  30.35307614 26.45032167 21.10810809 34.27770101 24.36310706
 31.38378855]
[29.93134666 37.87297671 27.03281143 28.8643082  30.8200066  32.04929672
 32.2537938  30.35307614 26.45032167 21.10810809 34.27770101 24.36310706
 31.38378855]
0.5823978524734025 1.022306247048943 94.62412281155144
val isze = 0
idinces = [ 9  1 12 11  6  7 10  4  3  8  5  2  0]
training loss = 0.8073160648345947 500
training loss = 0.7978222966194153 1000
training loss = 0.7971270084381104 1500
reduced chi^2 level 2 = 0.7971771359443665
Constrained alpha: 2.5757172107696533
Constrained beta: 3.2097690105438232
Constrained gamma: 47.00469207763672
(1, 13)
(1, 0)
data before
[ 0.00000000e+00  0.00000000e+00  0.00000000e+00  0.00000000e+00
  0.00000000e+00  0.00000000e+00  0.00000000e+00  0.00000000e+00
  0.00000000e+00  0.00000000e+00  1.53228524e-05  4.76967098e-04
  1.71009339e-02  1.50602805e-01  4.08961313e-01  7.58594370e-01
  1.27316029e+00  2.07811254e+00  3.07013205e+00  4.77240260e+00
  7.28628024e+00  1.01155072e+01  1.48800483e+01  2.29929284e+01
  2.70328114e+01  2.88643082e+01  3.08200066e+01  3.20492967e+01
  3.22537938e+01  3.03530761e+01  2.64503217e+01  2.11081081e+01
  1.51829078e+01  9.91855963e+00  5.66288735e+00  2.53770118e+00
  8.12978224e-01  1.62719304e-01 -5.24880836e-05  0.00000000e+00
  0.00000000e+00]
7
data after
[29.931346662796013, 37.8729767149812, 27.03281143286258, 28.864308203166726, 30.820006600270272, 32.049296719801724, 32.25379380016342, 30.353076136563125, 26.450321669413153, 21.108108090616764, 34.277701013913955]
12
data,sig_tot
[29.93134666 37.87297671 27.03281143 28.8643082  30.8200066  32.04929672
 32.2537938  30.35307614 26.45032167 21.10810809 34.27770101 24.36310706
 31.38378855]
[29.93134666 37.87297671 27.03281143 28.8643082  30.8200066  32.04929672
 32.2537938  30.35307614 26.45032167 21.10810809 34.27770101 24.36310706
 31.38378855]
2.0075598370229137 8.980087559597344 48.94772226440425
val isze = 0
idinces = [11  8  2 12  5  3  4  6  0 10  9  1  7]
training loss = 0.40568724274635315 500
training loss = 0.38460826873779297 1000
reduced chi^2 level 2 = 0.3854965269565582
Constrained alpha: 2.538329601287842
Constrained beta: 3.3534390926361084
Constrained gamma: 21.791330337524414
(1, 13)
(1, 0)
data before
[ 0.00000000e+00  0.00000000e+00  0.00000000e+00  0.00000000e+00
  0.00000000e+00  0.00000000e+00  0.00000000e+00  0.00000000e+00
  0.00000000e+00  0.00000000e+00  1.53228524e-05  4.76967098e-04
  1.71009339e-02  1.50602805e-01  4.08961313e-01  7.58594370e-01
  1.27316029e+00  2.07811254e+00  3.07013205e+00  4.77240260e+00
  7.28628024e+00  1.01155072e+01  1.48800483e+01  2.29929284e+01
  2.70328114e+01  2.88643082e+01  3.08200066e+01  3.20492967e+01
  3.22537938e+01  3.03530761e+01  2.64503217e+01  2.11081081e+01
  1.51829078e+01  9.91855963e+00  5.66288735e+00  2.53770118e+00
  8.12978224e-01  1.62719304e-01 -5.24880836e-05  0.00000000e+00
  0.00000000e+00]
7
data after
[29.931346662796013, 37.8729767149812, 27.03281143286258, 28.864308203166726, 30.820006600270272, 32.049296719801724, 32.25379380016342, 30.353076136563125, 26.450321669413153, 21.108108090616764, 34.277701013913955]
12
data,sig_tot
[29.93134666 37.87297671 27.03281143 28.8643082  30.8200066  32.04929672
 32.2537938  30.35307614 26.45032167 21.10810809 34.27770101 24.36310706
 31.38378855]
[29.93134666 37.87297671 27.03281143 28.8643082  30.8200066  32.04929672
 32.2537938  30.35307614 26.45032167 21.10810809 34.27770101 24.36310706
 31.38378855]
0.11739151527387859 14.41758635287014 42.249269292806744
val isze = 0
idinces = [ 7  2 12  8  5  9  6  4 10  0 11  1  3]
training loss = 0.9683688879013062 500
training loss = 0.4630712568759918 1000
reduced chi^2 level 2 = 0.4650595784187317
Constrained alpha: 2.593411445617676
Constrained beta: 3.365917682647705
Constrained gamma: 11.263080596923828
(1, 13)
(1, 0)
data before
[ 0.00000000e+00  0.00000000e+00  0.00000000e+00  0.00000000e+00
  0.00000000e+00  0.00000000e+00  0.00000000e+00  0.00000000e+00
  0.00000000e+00  0.00000000e+00  1.53228524e-05  4.76967098e-04
  1.71009339e-02  1.50602805e-01  4.08961313e-01  7.58594370e-01
  1.27316029e+00  2.07811254e+00  3.07013205e+00  4.77240260e+00
  7.28628024e+00  1.01155072e+01  1.48800483e+01  2.29929284e+01
  2.70328114e+01  2.88643082e+01  3.08200066e+01  3.20492967e+01
  3.22537938e+01  3.03530761e+01  2.64503217e+01  2.11081081e+01
  1.51829078e+01  9.91855963e+00  5.66288735e+00  2.53770118e+00
  8.12978224e-01  1.62719304e-01 -5.24880836e-05  0.00000000e+00
  0.00000000e+00]
7
data after
[29.931346662796013, 37.8729767149812, 27.03281143286258, 28.864308203166726, 30.820006600270272, 32.049296719801724, 32.25379380016342, 30.353076136563125, 26.450321669413153, 21.108108090616764, 34.277701013913955]
12
data,sig_tot
[29.93134666 37.87297671 27.03281143 28.8643082  30.8200066  32.04929672
 32.2537938  30.35307614 26.45032167 21.10810809 34.27770101 24.36310706
 31.38378855]
[29.93134666 37.87297671 27.03281143 28.8643082  30.8200066  32.04929672
 32.2537938  30.35307614 26.45032167 21.10810809 34.27770101 24.36310706
 31.38378855]
2.921384516902184 16.987454138604658 68.28180447091945
val isze = 0
idinces = [ 9 12  1  6 10  2  7  3 11  8  5  0  4]
training loss = 0.47693297266960144 500
training loss = 0.42497703433036804 1000
training loss = 0.4101008176803589 1500
reduced chi^2 level 2 = 0.4137338697910309
Constrained alpha: 2.390929698944092
Constrained beta: 3.716939687728882
Constrained gamma: 25.850252151489258
(1, 13)
(1, 0)
data before
[ 0.00000000e+00  0.00000000e+00  0.00000000e+00  0.00000000e+00
  0.00000000e+00  0.00000000e+00  0.00000000e+00  0.00000000e+00
  0.00000000e+00  0.00000000e+00  1.53228524e-05  4.76967098e-04
  1.71009339e-02  1.50602805e-01  4.08961313e-01  7.58594370e-01
  1.27316029e+00  2.07811254e+00  3.07013205e+00  4.77240260e+00
  7.28628024e+00  1.01155072e+01  1.48800483e+01  2.29929284e+01
  2.70328114e+01  2.88643082e+01  3.08200066e+01  3.20492967e+01
  3.22537938e+01  3.03530761e+01  2.64503217e+01  2.11081081e+01
  1.51829078e+01  9.91855963e+00  5.66288735e+00  2.53770118e+00
  8.12978224e-01  1.62719304e-01 -5.24880836e-05  0.00000000e+00
  0.00000000e+00]
7
data after
[29.931346662796013, 37.8729767149812, 27.03281143286258, 28.864308203166726, 30.820006600270272, 32.049296719801724, 32.25379380016342, 30.353076136563125, 26.450321669413153, 21.108108090616764, 34.277701013913955]
12
data,sig_tot
[29.93134666 37.87297671 27.03281143 28.8643082  30.8200066  32.04929672
 32.2537938  30.35307614 26.45032167 21.10810809 34.27770101 24.36310706
 31.38378855]
[29.93134666 37.87297671 27.03281143 28.8643082  30.8200066  32.04929672
 32.2537938  30.35307614 26.45032167 21.10810809 34.27770101 24.36310706
 31.38378855]
2.912977026040633 1.8662032566765663 84.89333748652226
val isze = 0
idinces = [ 1 12 10  7  9  8  0  2  3  6  5  4 11]
training loss = 1.3849308490753174 500
training loss = 1.3420308828353882 1000
training loss = 1.3403927087783813 1500
training loss = 1.3399580717086792 2000
training loss = 1.3398714065551758 2500
reduced chi^2 level 2 = 1.3399391174316406
Constrained alpha: 2.701575517654419
Constrained beta: 2.3156731128692627
Constrained gamma: 45.400699615478516
(1, 13)
(1, 0)
data before
[ 0.00000000e+00  0.00000000e+00  0.00000000e+00  0.00000000e+00
  0.00000000e+00  0.00000000e+00  0.00000000e+00  0.00000000e+00
  0.00000000e+00  0.00000000e+00  1.53228524e-05  4.76967098e-04
  1.71009339e-02  1.50602805e-01  4.08961313e-01  7.58594370e-01
  1.27316029e+00  2.07811254e+00  3.07013205e+00  4.77240260e+00
  7.28628024e+00  1.01155072e+01  1.48800483e+01  2.29929284e+01
  2.70328114e+01  2.88643082e+01  3.08200066e+01  3.20492967e+01
  3.22537938e+01  3.03530761e+01  2.64503217e+01  2.11081081e+01
  1.51829078e+01  9.91855963e+00  5.66288735e+00  2.53770118e+00
  8.12978224e-01  1.62719304e-01 -5.24880836e-05  0.00000000e+00
  0.00000000e+00]
7
data after
[29.931346662796013, 37.8729767149812, 27.03281143286258, 28.864308203166726, 30.820006600270272, 32.049296719801724, 32.25379380016342, 30.353076136563125, 26.450321669413153, 21.108108090616764, 34.277701013913955]
12
data,sig_tot
[29.93134666 37.87297671 27.03281143 28.8643082  30.8200066  32.04929672
 32.2537938  30.35307614 26.45032167 21.10810809 34.27770101 24.36310706
 31.38378855]
[29.93134666 37.87297671 27.03281143 28.8643082  30.8200066  32.04929672
 32.2537938  30.35307614 26.45032167 21.10810809 34.27770101 24.36310706
 31.38378855]
4.363209021158121 19.515479595779123 18.304714293053348
val isze = 0
idinces = [ 9  4 11  2  7  5  8 10  1  0  3  6 12]
training loss = 30.211383819580078 500
training loss = 30.10187339782715 1000
training loss = 26.05048370361328 1500
training loss = 21.301267623901367 2000
training loss = 21.032855987548828 2500
training loss = 20.37168312072754 3000
training loss = 17.353179931640625 3500
training loss = 10.11104679107666 4000
training loss = 9.008989334106445 4500
training loss = 6.974092483520508 5000
(1, 13)
(1, 0)
data before
[ 0.00000000e+00  0.00000000e+00  0.00000000e+00  0.00000000e+00
  0.00000000e+00  0.00000000e+00  0.00000000e+00  0.00000000e+00
  0.00000000e+00  0.00000000e+00  1.53228524e-05  4.76967098e-04
  1.71009339e-02  1.50602805e-01  4.08961313e-01  7.58594370e-01
  1.27316029e+00  2.07811254e+00  3.07013205e+00  4.77240260e+00
  7.28628024e+00  1.01155072e+01  1.48800483e+01  2.29929284e+01
  2.70328114e+01  2.88643082e+01  3.08200066e+01  3.20492967e+01
  3.22537938e+01  3.03530761e+01  2.64503217e+01  2.11081081e+01
  1.51829078e+01  9.91855963e+00  5.66288735e+00  2.53770118e+00
  8.12978224e-01  1.62719304e-01 -5.24880836e-05  0.00000000e+00
  0.00000000e+00]
7
data after
[29.931346662796013, 37.8729767149812, 27.03281143286258, 28.864308203166726, 30.820006600270272, 32.049296719801724, 32.25379380016342, 30.353076136563125, 26.450321669413153, 21.108108090616764, 34.277701013913955]
12
data,sig_tot
[29.93134666 37.87297671 27.03281143 28.8643082  30.8200066  32.04929672
 32.2537938  30.35307614 26.45032167 21.10810809 34.27770101 24.36310706
 31.38378855]
[29.93134666 37.87297671 27.03281143 28.8643082  30.8200066  32.04929672
 32.2537938  30.35307614 26.45032167 21.10810809 34.27770101 24.36310706
 31.38378855]
2.020077805707161 3.809160864802539 7.036684150522953
val isze = 0
idinces = [ 0  5  4  1 11 10  3  7 12  9  2  8  6]
training loss = 0.9046161770820618 500
training loss = 0.9021950364112854 1000
training loss = 0.9020383954048157 1500
reduced chi^2 level 2 = 0.9020528197288513
Constrained alpha: 2.5006072521209717
Constrained beta: 3.4299557209014893
Constrained gamma: 2.4175076484680176
(1, 13)
(1, 0)
data before
[ 0.00000000e+00  0.00000000e+00  0.00000000e+00  0.00000000e+00
  0.00000000e+00  0.00000000e+00  0.00000000e+00  0.00000000e+00
  0.00000000e+00  0.00000000e+00  1.53228524e-05  4.76967098e-04
  1.71009339e-02  1.50602805e-01  4.08961313e-01  7.58594370e-01
  1.27316029e+00  2.07811254e+00  3.07013205e+00  4.77240260e+00
  7.28628024e+00  1.01155072e+01  1.48800483e+01  2.29929284e+01
  2.70328114e+01  2.88643082e+01  3.08200066e+01  3.20492967e+01
  3.22537938e+01  3.03530761e+01  2.64503217e+01  2.11081081e+01
  1.51829078e+01  9.91855963e+00  5.66288735e+00  2.53770118e+00
  8.12978224e-01  1.62719304e-01 -5.24880836e-05  0.00000000e+00
  0.00000000e+00]
7
data after
[29.931346662796013, 37.8729767149812, 27.03281143286258, 28.864308203166726, 30.820006600270272, 32.049296719801724, 32.25379380016342, 30.353076136563125, 26.450321669413153, 21.108108090616764, 34.277701013913955]
12
data,sig_tot
[29.93134666 37.87297671 27.03281143 28.8643082  30.8200066  32.04929672
 32.2537938  30.35307614 26.45032167 21.10810809 34.27770101 24.36310706
 31.38378855]
[29.93134666 37.87297671 27.03281143 28.8643082  30.8200066  32.04929672
 32.2537938  30.35307614 26.45032167 21.10810809 34.27770101 24.36310706
 31.38378855]
2.5277874831194396 18.367004154960295 29.717673672009138
val isze = 0
idinces = [ 6  4  1  0  3  8 11 10  2  7  9 12  5]
training loss = 1.3652000427246094 500
training loss = 1.0950278043746948 1000
reduced chi^2 level 2 = 1.1080728769302368
Constrained alpha: 2.4024949073791504
Constrained beta: 4.1185526847839355
Constrained gamma: 4.89528751373291
(1, 13)
(1, 0)
data before
[ 0.00000000e+00  0.00000000e+00  0.00000000e+00  0.00000000e+00
  0.00000000e+00  0.00000000e+00  0.00000000e+00  0.00000000e+00
  0.00000000e+00  0.00000000e+00  1.53228524e-05  4.76967098e-04
  1.71009339e-02  1.50602805e-01  4.08961313e-01  7.58594370e-01
  1.27316029e+00  2.07811254e+00  3.07013205e+00  4.77240260e+00
  7.28628024e+00  1.01155072e+01  1.48800483e+01  2.29929284e+01
  2.70328114e+01  2.88643082e+01  3.08200066e+01  3.20492967e+01
  3.22537938e+01  3.03530761e+01  2.64503217e+01  2.11081081e+01
  1.51829078e+01  9.91855963e+00  5.66288735e+00  2.53770118e+00
  8.12978224e-01  1.62719304e-01 -5.24880836e-05  0.00000000e+00
  0.00000000e+00]
7
data after
[29.931346662796013, 37.8729767149812, 27.03281143286258, 28.864308203166726, 30.820006600270272, 32.049296719801724, 32.25379380016342, 30.353076136563125, 26.450321669413153, 21.108108090616764, 34.277701013913955]
12
data,sig_tot
[29.93134666 37.87297671 27.03281143 28.8643082  30.8200066  32.04929672
 32.2537938  30.35307614 26.45032167 21.10810809 34.27770101 24.36310706
 31.38378855]
[29.93134666 37.87297671 27.03281143 28.8643082  30.8200066  32.04929672
 32.2537938  30.35307614 26.45032167 21.10810809 34.27770101 24.36310706
 31.38378855]
0.2806154321194193 1.0556744005758611 10.0674267878609
val isze = 0
idinces = [11 10  6  1  2  7  8  3  4 12  9  0  5]
training loss = 0.6165891289710999 500
training loss = 0.5483120083808899 1000
training loss = 0.5407831072807312 1500
training loss = 0.5394272804260254 2000
training loss = 0.5392910838127136 2500
training loss = 0.5393749475479126 3000
reduced chi^2 level 2 = 0.539241373538971
Constrained alpha: 2.5644803047180176
Constrained beta: 3.802825450897217
Constrained gamma: 2.1769113540649414
(1, 13)
(1, 0)
data before
[ 0.00000000e+00  0.00000000e+00  0.00000000e+00  0.00000000e+00
  0.00000000e+00  0.00000000e+00  0.00000000e+00  0.00000000e+00
  0.00000000e+00  0.00000000e+00  1.53228524e-05  4.76967098e-04
  1.71009339e-02  1.50602805e-01  4.08961313e-01  7.58594370e-01
  1.27316029e+00  2.07811254e+00  3.07013205e+00  4.77240260e+00
  7.28628024e+00  1.01155072e+01  1.48800483e+01  2.29929284e+01
  2.70328114e+01  2.88643082e+01  3.08200066e+01  3.20492967e+01
  3.22537938e+01  3.03530761e+01  2.64503217e+01  2.11081081e+01
  1.51829078e+01  9.91855963e+00  5.66288735e+00  2.53770118e+00
  8.12978224e-01  1.62719304e-01 -5.24880836e-05  0.00000000e+00
  0.00000000e+00]
7
data after
[29.931346662796013, 37.8729767149812, 27.03281143286258, 28.864308203166726, 30.820006600270272, 32.049296719801724, 32.25379380016342, 30.353076136563125, 26.450321669413153, 21.108108090616764, 34.277701013913955]
12
data,sig_tot
[29.93134666 37.87297671 27.03281143 28.8643082  30.8200066  32.04929672
 32.2537938  30.35307614 26.45032167 21.10810809 34.27770101 24.36310706
 31.38378855]
[29.93134666 37.87297671 27.03281143 28.8643082  30.8200066  32.04929672
 32.2537938  30.35307614 26.45032167 21.10810809 34.27770101 24.36310706
 31.38378855]
1.64948159163866 10.061777688486808 57.831568066596894
val isze = 0
idinces = [11  0 12  6  1  9  7  3  5  8  2  4 10]
training loss = 1.2503498792648315 500
training loss = 1.0587230920791626 1000
reduced chi^2 level 2 = 1.0589683055877686
Constrained alpha: 2.8250956535339355
Constrained beta: 2.386415719985962
Constrained gamma: 27.208847045898438
(1, 13)
(1, 0)
data before
[ 0.00000000e+00  0.00000000e+00  0.00000000e+00  0.00000000e+00
  0.00000000e+00  0.00000000e+00  0.00000000e+00  0.00000000e+00
  0.00000000e+00  0.00000000e+00  1.53228524e-05  4.76967098e-04
  1.71009339e-02  1.50602805e-01  4.08961313e-01  7.58594370e-01
  1.27316029e+00  2.07811254e+00  3.07013205e+00  4.77240260e+00
  7.28628024e+00  1.01155072e+01  1.48800483e+01  2.29929284e+01
  2.70328114e+01  2.88643082e+01  3.08200066e+01  3.20492967e+01
  3.22537938e+01  3.03530761e+01  2.64503217e+01  2.11081081e+01
  1.51829078e+01  9.91855963e+00  5.66288735e+00  2.53770118e+00
  8.12978224e-01  1.62719304e-01 -5.24880836e-05  0.00000000e+00
  0.00000000e+00]
7
data after
[29.931346662796013, 37.8729767149812, 27.03281143286258, 28.864308203166726, 30.820006600270272, 32.049296719801724, 32.25379380016342, 30.353076136563125, 26.450321669413153, 21.108108090616764, 34.277701013913955]
12
data,sig_tot
[29.93134666 37.87297671 27.03281143 28.8643082  30.8200066  32.04929672
 32.2537938  30.35307614 26.45032167 21.10810809 34.27770101 24.36310706
 31.38378855]
[29.93134666 37.87297671 27.03281143 28.8643082  30.8200066  32.04929672
 32.2537938  30.35307614 26.45032167 21.10810809 34.27770101 24.36310706
 31.38378855]
1.909001429723118 4.743753669039698 19.0549934125784
val isze = 0
idinces = [ 5  1 11  8  4  0  3  6  2  7 10  9 12]
reduced chi^2 level 2 = 1.8077322244644165
Constrained alpha: 2.316279172897339
Constrained beta: 3.3989739418029785
Constrained gamma: 13.22529411315918
(1, 13)
(1, 0)
data before
[ 0.00000000e+00  0.00000000e+00  0.00000000e+00  0.00000000e+00
  0.00000000e+00  0.00000000e+00  0.00000000e+00  0.00000000e+00
  0.00000000e+00  0.00000000e+00  1.53228524e-05  4.76967098e-04
  1.71009339e-02  1.50602805e-01  4.08961313e-01  7.58594370e-01
  1.27316029e+00  2.07811254e+00  3.07013205e+00  4.77240260e+00
  7.28628024e+00  1.01155072e+01  1.48800483e+01  2.29929284e+01
  2.70328114e+01  2.88643082e+01  3.08200066e+01  3.20492967e+01
  3.22537938e+01  3.03530761e+01  2.64503217e+01  2.11081081e+01
  1.51829078e+01  9.91855963e+00  5.66288735e+00  2.53770118e+00
  8.12978224e-01  1.62719304e-01 -5.24880836e-05  0.00000000e+00
  0.00000000e+00]
7
data after
[29.931346662796013, 37.8729767149812, 27.03281143286258, 28.864308203166726, 30.820006600270272, 32.049296719801724, 32.25379380016342, 30.353076136563125, 26.450321669413153, 21.108108090616764, 34.277701013913955]
12
data,sig_tot
[29.93134666 37.87297671 27.03281143 28.8643082  30.8200066  32.04929672
 32.2537938  30.35307614 26.45032167 21.10810809 34.27770101 24.36310706
 31.38378855]
[29.93134666 37.87297671 27.03281143 28.8643082  30.8200066  32.04929672
 32.2537938  30.35307614 26.45032167 21.10810809 34.27770101 24.36310706
 31.38378855]
2.6822434123964873 0.5293352225883541 82.54687764252472
val isze = 0
idinces = [ 9  1  0  5  7 12  6 10  8  3  4 11  2]
training loss = 1.3989222049713135 500
training loss = 1.2882450819015503 1000
training loss = 1.1855121850967407 1500
training loss = 1.1559854745864868 2000
training loss = 1.1494566202163696 2500
training loss = 1.1467269659042358 3000
training loss = 1.1446752548217773 3500
training loss = 1.141831636428833 4000
training loss = 1.1376304626464844 4500
training loss = 1.1320258378982544 5000
reduced chi^2 level 2 = 1.1320137977600098
Constrained alpha: 2.9390220642089844
Constrained beta: 0.845297634601593
Constrained gamma: 3.1435165405273438
(1, 13)
(1, 0)
data before
[ 0.00000000e+00  0.00000000e+00  0.00000000e+00  0.00000000e+00
  0.00000000e+00  0.00000000e+00  0.00000000e+00  0.00000000e+00
  0.00000000e+00  0.00000000e+00  1.53228524e-05  4.76967098e-04
  1.71009339e-02  1.50602805e-01  4.08961313e-01  7.58594370e-01
  1.27316029e+00  2.07811254e+00  3.07013205e+00  4.77240260e+00
  7.28628024e+00  1.01155072e+01  1.48800483e+01  2.29929284e+01
  2.70328114e+01  2.88643082e+01  3.08200066e+01  3.20492967e+01
  3.22537938e+01  3.03530761e+01  2.64503217e+01  2.11081081e+01
  1.51829078e+01  9.91855963e+00  5.66288735e+00  2.53770118e+00
  8.12978224e-01  1.62719304e-01 -5.24880836e-05  0.00000000e+00
  0.00000000e+00]
7
data after
[29.931346662796013, 37.8729767149812, 27.03281143286258, 28.864308203166726, 30.820006600270272, 32.049296719801724, 32.25379380016342, 30.353076136563125, 26.450321669413153, 21.108108090616764, 34.277701013913955]
12
data,sig_tot
[29.93134666 37.87297671 27.03281143 28.8643082  30.8200066  32.04929672
 32.2537938  30.35307614 26.45032167 21.10810809 34.27770101 24.36310706
 31.38378855]
[29.93134666 37.87297671 27.03281143 28.8643082  30.8200066  32.04929672
 32.2537938  30.35307614 26.45032167 21.10810809 34.27770101 24.36310706
 31.38378855]
4.003828063875435 7.356264267023076 94.73241147694414
val isze = 0
idinces = [ 5 10  2 12  7  9  0  3  1  8  6  4 11]
training loss = 19.312482833862305 500
training loss = 17.583280563354492 1000
training loss = 16.021648406982422 1500
training loss = 14.150364875793457 2000
training loss = 11.417224884033203 2500
training loss = 7.528704643249512 3000
training loss = 4.025296211242676 3500
training loss = 2.4502506256103516 4000
training loss = 1.9295828342437744 4500
training loss = 1.7111718654632568 5000
reduced chi^2 level 2 = 1.7108538150787354
Constrained alpha: 3.600609064102173
Constrained beta: 7.216808319091797
Constrained gamma: 92.38388061523438
(1, 13)
(1, 0)
data before
[ 0.00000000e+00  0.00000000e+00  0.00000000e+00  0.00000000e+00
  0.00000000e+00  0.00000000e+00  0.00000000e+00  0.00000000e+00
  0.00000000e+00  0.00000000e+00  1.53228524e-05  4.76967098e-04
  1.71009339e-02  1.50602805e-01  4.08961313e-01  7.58594370e-01
  1.27316029e+00  2.07811254e+00  3.07013205e+00  4.77240260e+00
  7.28628024e+00  1.01155072e+01  1.48800483e+01  2.29929284e+01
  2.70328114e+01  2.88643082e+01  3.08200066e+01  3.20492967e+01
  3.22537938e+01  3.03530761e+01  2.64503217e+01  2.11081081e+01
  1.51829078e+01  9.91855963e+00  5.66288735e+00  2.53770118e+00
  8.12978224e-01  1.62719304e-01 -5.24880836e-05  0.00000000e+00
  0.00000000e+00]
7
data after
[29.931346662796013, 37.8729767149812, 27.03281143286258, 28.864308203166726, 30.820006600270272, 32.049296719801724, 32.25379380016342, 30.353076136563125, 26.450321669413153, 21.108108090616764, 34.277701013913955]
12
data,sig_tot
[29.93134666 37.87297671 27.03281143 28.8643082  30.8200066  32.04929672
 32.2537938  30.35307614 26.45032167 21.10810809 34.27770101 24.36310706
 31.38378855]
[29.93134666 37.87297671 27.03281143 28.8643082  30.8200066  32.04929672
 32.2537938  30.35307614 26.45032167 21.10810809 34.27770101 24.36310706
 31.38378855]
3.9544670359328693 13.194504585661145 59.15490432484711
val isze = 0
idinces = [ 6 10  8 11  4  7  1  5  9  2  0  3 12]
training loss = 16.468584060668945 500
training loss = 16.31635093688965 1000
training loss = 16.11857032775879 1500
training loss = 15.808234214782715 2000
training loss = 15.097884178161621 2500
training loss = 6.6207804679870605 3000
training loss = 2.5541224479675293 3500
training loss = 1.3571163415908813 4000
training loss = 1.1460527181625366 4500
training loss = 0.9812928438186646 5000
reduced chi^2 level 2 = 0.9864454865455627
Constrained alpha: 3.5686392784118652
Constrained beta: 9.926928520202637
Constrained gamma: 49.41209030151367
(1, 13)
(1, 0)
data before
[ 0.00000000e+00  0.00000000e+00  0.00000000e+00  0.00000000e+00
  0.00000000e+00  0.00000000e+00  0.00000000e+00  0.00000000e+00
  0.00000000e+00  0.00000000e+00  1.53228524e-05  4.76967098e-04
  1.71009339e-02  1.50602805e-01  4.08961313e-01  7.58594370e-01
  1.27316029e+00  2.07811254e+00  3.07013205e+00  4.77240260e+00
  7.28628024e+00  1.01155072e+01  1.48800483e+01  2.29929284e+01
  2.70328114e+01  2.88643082e+01  3.08200066e+01  3.20492967e+01
  3.22537938e+01  3.03530761e+01  2.64503217e+01  2.11081081e+01
  1.51829078e+01  9.91855963e+00  5.66288735e+00  2.53770118e+00
  8.12978224e-01  1.62719304e-01 -5.24880836e-05  0.00000000e+00
  0.00000000e+00]
7
data after
[29.931346662796013, 37.8729767149812, 27.03281143286258, 28.864308203166726, 30.820006600270272, 32.049296719801724, 32.25379380016342, 30.353076136563125, 26.450321669413153, 21.108108090616764, 34.277701013913955]
12
data,sig_tot
[29.93134666 37.87297671 27.03281143 28.8643082  30.8200066  32.04929672
 32.2537938  30.35307614 26.45032167 21.10810809 34.27770101 24.36310706
 31.38378855]
[29.93134666 37.87297671 27.03281143 28.8643082  30.8200066  32.04929672
 32.2537938  30.35307614 26.45032167 21.10810809 34.27770101 24.36310706
 31.38378855]
0.01322522078928301 19.449095160373453 26.71550039195737
val isze = 0
idinces = [11  2  7 10  5  1 12  9  4  6  8  3  0]
training loss = 1.5889272689819336 500
training loss = 0.6302852034568787 1000
reduced chi^2 level 2 = 0.6144273281097412
Constrained alpha: 2.558375358581543
Constrained beta: 3.476271867752075
Constrained gamma: 3.220703363418579
(1, 13)
(1, 0)
data before
[ 0.00000000e+00  0.00000000e+00  0.00000000e+00  0.00000000e+00
  0.00000000e+00  0.00000000e+00  0.00000000e+00  0.00000000e+00
  0.00000000e+00  0.00000000e+00  1.53228524e-05  4.76967098e-04
  1.71009339e-02  1.50602805e-01  4.08961313e-01  7.58594370e-01
  1.27316029e+00  2.07811254e+00  3.07013205e+00  4.77240260e+00
  7.28628024e+00  1.01155072e+01  1.48800483e+01  2.29929284e+01
  2.70328114e+01  2.88643082e+01  3.08200066e+01  3.20492967e+01
  3.22537938e+01  3.03530761e+01  2.64503217e+01  2.11081081e+01
  1.51829078e+01  9.91855963e+00  5.66288735e+00  2.53770118e+00
  8.12978224e-01  1.62719304e-01 -5.24880836e-05  0.00000000e+00
  0.00000000e+00]
7
data after
[29.931346662796013, 37.8729767149812, 27.03281143286258, 28.864308203166726, 30.820006600270272, 32.049296719801724, 32.25379380016342, 30.353076136563125, 26.450321669413153, 21.108108090616764, 34.277701013913955]
12
data,sig_tot
[29.93134666 37.87297671 27.03281143 28.8643082  30.8200066  32.04929672
 32.2537938  30.35307614 26.45032167 21.10810809 34.27770101 24.36310706
 31.38378855]
[29.93134666 37.87297671 27.03281143 28.8643082  30.8200066  32.04929672
 32.2537938  30.35307614 26.45032167 21.10810809 34.27770101 24.36310706
 31.38378855]
4.885573058568032 5.235875739643814 27.98336475640332
val isze = 0
idinces = [ 7 10  2  4  8 12 11  3  6  0  1  5  9]
training loss = 1446.2041015625 500
training loss = 24.696130752563477 1000
training loss = 16.791046142578125 1500
training loss = 16.566049575805664 2000
training loss = 16.438125610351562 2500
training loss = 16.260807037353516 3000
training loss = 16.005233764648438 3500
training loss = 15.626090049743652 4000
training loss = 15.04732894897461 4500
training loss = 14.17663860321045 5000
(1, 13)
(1, 0)
data before
[ 0.00000000e+00  0.00000000e+00  0.00000000e+00  0.00000000e+00
  0.00000000e+00  0.00000000e+00  0.00000000e+00  0.00000000e+00
  0.00000000e+00  0.00000000e+00  1.53228524e-05  4.76967098e-04
  1.71009339e-02  1.50602805e-01  4.08961313e-01  7.58594370e-01
  1.27316029e+00  2.07811254e+00  3.07013205e+00  4.77240260e+00
  7.28628024e+00  1.01155072e+01  1.48800483e+01  2.29929284e+01
  2.70328114e+01  2.88643082e+01  3.08200066e+01  3.20492967e+01
  3.22537938e+01  3.03530761e+01  2.64503217e+01  2.11081081e+01
  1.51829078e+01  9.91855963e+00  5.66288735e+00  2.53770118e+00
  8.12978224e-01  1.62719304e-01 -5.24880836e-05  0.00000000e+00
  0.00000000e+00]
7
data after
[29.931346662796013, 37.8729767149812, 27.03281143286258, 28.864308203166726, 30.820006600270272, 32.049296719801724, 32.25379380016342, 30.353076136563125, 26.450321669413153, 21.108108090616764, 34.277701013913955]
12
data,sig_tot
[29.93134666 37.87297671 27.03281143 28.8643082  30.8200066  32.04929672
 32.2537938  30.35307614 26.45032167 21.10810809 34.27770101 24.36310706
 31.38378855]
[29.93134666 37.87297671 27.03281143 28.8643082  30.8200066  32.04929672
 32.2537938  30.35307614 26.45032167 21.10810809 34.27770101 24.36310706
 31.38378855]
2.7845466595905592 7.014056606614954 88.05027456220073
val isze = 0
idinces = [ 5  8  0 11 10  2  1  3  7 12  9  4  6]
training loss = 1.5175189971923828 500
training loss = 1.5071814060211182 1000
reduced chi^2 level 2 = 1.5085887908935547
Constrained alpha: 2.4393720626831055
Constrained beta: 3.4024717807769775
Constrained gamma: 52.93022155761719
(1, 13)
(1, 0)
data before
[ 0.00000000e+00  0.00000000e+00  0.00000000e+00  0.00000000e+00
  0.00000000e+00  0.00000000e+00  0.00000000e+00  0.00000000e+00
  0.00000000e+00  0.00000000e+00  1.53228524e-05  4.76967098e-04
  1.71009339e-02  1.50602805e-01  4.08961313e-01  7.58594370e-01
  1.27316029e+00  2.07811254e+00  3.07013205e+00  4.77240260e+00
  7.28628024e+00  1.01155072e+01  1.48800483e+01  2.29929284e+01
  2.70328114e+01  2.88643082e+01  3.08200066e+01  3.20492967e+01
  3.22537938e+01  3.03530761e+01  2.64503217e+01  2.11081081e+01
  1.51829078e+01  9.91855963e+00  5.66288735e+00  2.53770118e+00
  8.12978224e-01  1.62719304e-01 -5.24880836e-05  0.00000000e+00
  0.00000000e+00]
7
data after
[29.931346662796013, 37.8729767149812, 27.03281143286258, 28.864308203166726, 30.820006600270272, 32.049296719801724, 32.25379380016342, 30.353076136563125, 26.450321669413153, 21.108108090616764, 34.277701013913955]
12
data,sig_tot
[29.93134666 37.87297671 27.03281143 28.8643082  30.8200066  32.04929672
 32.2537938  30.35307614 26.45032167 21.10810809 34.27770101 24.36310706
 31.38378855]
[29.93134666 37.87297671 27.03281143 28.8643082  30.8200066  32.04929672
 32.2537938  30.35307614 26.45032167 21.10810809 34.27770101 24.36310706
 31.38378855]
1.193909988607142 8.373833541886773 98.60702805958792
val isze = 0
idinces = [10  0  7  3 11  8  5  4  2  6  1 12  9]
training loss = 0.8623858690261841 500
training loss = 0.8262073993682861 1000
reduced chi^2 level 2 = 0.8278208374977112
Constrained alpha: 2.370750665664673
Constrained beta: 4.414926052093506
Constrained gamma: 67.3621826171875
(1, 13)
(1, 0)
data before
[ 0.00000000e+00  0.00000000e+00  0.00000000e+00  0.00000000e+00
  0.00000000e+00  0.00000000e+00  0.00000000e+00  0.00000000e+00
  0.00000000e+00  0.00000000e+00  1.53228524e-05  4.76967098e-04
  1.71009339e-02  1.50602805e-01  4.08961313e-01  7.58594370e-01
  1.27316029e+00  2.07811254e+00  3.07013205e+00  4.77240260e+00
  7.28628024e+00  1.01155072e+01  1.48800483e+01  2.29929284e+01
  2.70328114e+01  2.88643082e+01  3.08200066e+01  3.20492967e+01
  3.22537938e+01  3.03530761e+01  2.64503217e+01  2.11081081e+01
  1.51829078e+01  9.91855963e+00  5.66288735e+00  2.53770118e+00
  8.12978224e-01  1.62719304e-01 -5.24880836e-05  0.00000000e+00
  0.00000000e+00]
7
data after
[29.931346662796013, 37.8729767149812, 27.03281143286258, 28.864308203166726, 30.820006600270272, 32.049296719801724, 32.25379380016342, 30.353076136563125, 26.450321669413153, 21.108108090616764, 34.277701013913955]
12
data,sig_tot
[29.93134666 37.87297671 27.03281143 28.8643082  30.8200066  32.04929672
 32.2537938  30.35307614 26.45032167 21.10810809 34.27770101 24.36310706
 31.38378855]
[29.93134666 37.87297671 27.03281143 28.8643082  30.8200066  32.04929672
 32.2537938  30.35307614 26.45032167 21.10810809 34.27770101 24.36310706
 31.38378855]
0.34428211526366104 2.812568229894714 50.62002334017689
val isze = 0
idinces = [ 3  9 11  7  2 10  8  5  6  4 12  1  0]
training loss = 1.283805251121521 500
reduced chi^2 level 2 = 1.2851083278656006
Constrained alpha: 2.5043513774871826
Constrained beta: 3.8139488697052
Constrained gamma: 33.38407516479492
(1, 13)
(1, 0)
data before
[ 0.00000000e+00  0.00000000e+00  0.00000000e+00  0.00000000e+00
  0.00000000e+00  0.00000000e+00  0.00000000e+00  0.00000000e+00
  0.00000000e+00  0.00000000e+00  1.53228524e-05  4.76967098e-04
  1.71009339e-02  1.50602805e-01  4.08961313e-01  7.58594370e-01
  1.27316029e+00  2.07811254e+00  3.07013205e+00  4.77240260e+00
  7.28628024e+00  1.01155072e+01  1.48800483e+01  2.29929284e+01
  2.70328114e+01  2.88643082e+01  3.08200066e+01  3.20492967e+01
  3.22537938e+01  3.03530761e+01  2.64503217e+01  2.11081081e+01
  1.51829078e+01  9.91855963e+00  5.66288735e+00  2.53770118e+00
  8.12978224e-01  1.62719304e-01 -5.24880836e-05  0.00000000e+00
  0.00000000e+00]
7
data after
[29.931346662796013, 37.8729767149812, 27.03281143286258, 28.864308203166726, 30.820006600270272, 32.049296719801724, 32.25379380016342, 30.353076136563125, 26.450321669413153, 21.108108090616764, 34.277701013913955]
12
data,sig_tot
[29.93134666 37.87297671 27.03281143 28.8643082  30.8200066  32.04929672
 32.2537938  30.35307614 26.45032167 21.10810809 34.27770101 24.36310706
 31.38378855]
[29.93134666 37.87297671 27.03281143 28.8643082  30.8200066  32.04929672
 32.2537938  30.35307614 26.45032167 21.10810809 34.27770101 24.36310706
 31.38378855]
4.628966669814412 18.183758333156746 18.2298502699862
val isze = 0
idinces = [ 7  4 10  3 12  2  9 11  6  0  5  1  8]
(1, 13)
(1, 0)
data before
[ 0.00000000e+00  0.00000000e+00  0.00000000e+00  0.00000000e+00
  0.00000000e+00  0.00000000e+00  0.00000000e+00  0.00000000e+00
  0.00000000e+00  0.00000000e+00  1.53228524e-05  4.76967098e-04
  1.71009339e-02  1.50602805e-01  4.08961313e-01  7.58594370e-01
  1.27316029e+00  2.07811254e+00  3.07013205e+00  4.77240260e+00
  7.28628024e+00  1.01155072e+01  1.48800483e+01  2.29929284e+01
  2.70328114e+01  2.88643082e+01  3.08200066e+01  3.20492967e+01
  3.22537938e+01  3.03530761e+01  2.64503217e+01  2.11081081e+01
  1.51829078e+01  9.91855963e+00  5.66288735e+00  2.53770118e+00
  8.12978224e-01  1.62719304e-01 -5.24880836e-05  0.00000000e+00
  0.00000000e+00]
7
data after
[29.931346662796013, 37.8729767149812, 27.03281143286258, 28.864308203166726, 30.820006600270272, 32.049296719801724, 32.25379380016342, 30.353076136563125, 26.450321669413153, 21.108108090616764, 34.277701013913955]
12
data,sig_tot
[29.93134666 37.87297671 27.03281143 28.8643082  30.8200066  32.04929672
 32.2537938  30.35307614 26.45032167 21.10810809 34.27770101 24.36310706
 31.38378855]
[29.93134666 37.87297671 27.03281143 28.8643082  30.8200066  32.04929672
 32.2537938  30.35307614 26.45032167 21.10810809 34.27770101 24.36310706
 31.38378855]
4.713193299378832 12.144782382823255 8.833323603966647
val isze = 0
idinces = [ 7  3  8  4  9  5  2  6  0  1 12 10 11]
(1, 13)
(1, 0)
data before
[ 0.00000000e+00  0.00000000e+00  0.00000000e+00  0.00000000e+00
  0.00000000e+00  0.00000000e+00  0.00000000e+00  0.00000000e+00
  0.00000000e+00  0.00000000e+00  1.53228524e-05  4.76967098e-04
  1.71009339e-02  1.50602805e-01  4.08961313e-01  7.58594370e-01
  1.27316029e+00  2.07811254e+00  3.07013205e+00  4.77240260e+00
  7.28628024e+00  1.01155072e+01  1.48800483e+01  2.29929284e+01
  2.70328114e+01  2.88643082e+01  3.08200066e+01  3.20492967e+01
  3.22537938e+01  3.03530761e+01  2.64503217e+01  2.11081081e+01
  1.51829078e+01  9.91855963e+00  5.66288735e+00  2.53770118e+00
  8.12978224e-01  1.62719304e-01 -5.24880836e-05  0.00000000e+00
  0.00000000e+00]
7
data after
[29.931346662796013, 37.8729767149812, 27.03281143286258, 28.864308203166726, 30.820006600270272, 32.049296719801724, 32.25379380016342, 30.353076136563125, 26.450321669413153, 21.108108090616764, 34.277701013913955]
12
data,sig_tot
[29.93134666 37.87297671 27.03281143 28.8643082  30.8200066  32.04929672
 32.2537938  30.35307614 26.45032167 21.10810809 34.27770101 24.36310706
 31.38378855]
[29.93134666 37.87297671 27.03281143 28.8643082  30.8200066  32.04929672
 32.2537938  30.35307614 26.45032167 21.10810809 34.27770101 24.36310706
 31.38378855]
0.37142662698781526 5.534085788663123 60.60459722975941
val isze = 0
idinces = [ 3 12 11  4 10  1  0  8  6  7  5  9  2]
training loss = 0.7057608366012573 500
training loss = 0.681448757648468 1000
reduced chi^2 level 2 = 0.6833018064498901
Constrained alpha: 2.4676849842071533
Constrained beta: 3.8414969444274902
Constrained gamma: 30.980329513549805
(1, 13)
(1, 0)
data before
[ 0.00000000e+00  0.00000000e+00  0.00000000e+00  0.00000000e+00
  0.00000000e+00  0.00000000e+00  0.00000000e+00  0.00000000e+00
  0.00000000e+00  0.00000000e+00  1.53228524e-05  4.76967098e-04
  1.71009339e-02  1.50602805e-01  4.08961313e-01  7.58594370e-01
  1.27316029e+00  2.07811254e+00  3.07013205e+00  4.77240260e+00
  7.28628024e+00  1.01155072e+01  1.48800483e+01  2.29929284e+01
  2.70328114e+01  2.88643082e+01  3.08200066e+01  3.20492967e+01
  3.22537938e+01  3.03530761e+01  2.64503217e+01  2.11081081e+01
  1.51829078e+01  9.91855963e+00  5.66288735e+00  2.53770118e+00
  8.12978224e-01  1.62719304e-01 -5.24880836e-05  0.00000000e+00
  0.00000000e+00]
7
data after
[29.931346662796013, 37.8729767149812, 27.03281143286258, 28.864308203166726, 30.820006600270272, 32.049296719801724, 32.25379380016342, 30.353076136563125, 26.450321669413153, 21.108108090616764, 34.277701013913955]
12
data,sig_tot
[29.93134666 37.87297671 27.03281143 28.8643082  30.8200066  32.04929672
 32.2537938  30.35307614 26.45032167 21.10810809 34.27770101 24.36310706
 31.38378855]
[29.93134666 37.87297671 27.03281143 28.8643082  30.8200066  32.04929672
 32.2537938  30.35307614 26.45032167 21.10810809 34.27770101 24.36310706
 31.38378855]
1.7153108651466247 16.852510608451354 32.17585520512972
val isze = 0
idinces = [ 2 12 10  0 11  7  5  9  8  4  3  1  6]
training loss = 1.1232208013534546 500
training loss = 0.9765962362289429 1000
reduced chi^2 level 2 = 0.9935869574546814
Constrained alpha: 2.2251343727111816
Constrained beta: 4.735271453857422
Constrained gamma: 6.657444000244141
(1, 13)
(1, 0)
data before
[ 0.00000000e+00  0.00000000e+00  0.00000000e+00  0.00000000e+00
  0.00000000e+00  0.00000000e+00  0.00000000e+00  0.00000000e+00
  0.00000000e+00  0.00000000e+00  1.53228524e-05  4.76967098e-04
  1.71009339e-02  1.50602805e-01  4.08961313e-01  7.58594370e-01
  1.27316029e+00  2.07811254e+00  3.07013205e+00  4.77240260e+00
  7.28628024e+00  1.01155072e+01  1.48800483e+01  2.29929284e+01
  2.70328114e+01  2.88643082e+01  3.08200066e+01  3.20492967e+01
  3.22537938e+01  3.03530761e+01  2.64503217e+01  2.11081081e+01
  1.51829078e+01  9.91855963e+00  5.66288735e+00  2.53770118e+00
  8.12978224e-01  1.62719304e-01 -5.24880836e-05  0.00000000e+00
  0.00000000e+00]
7
data after
[29.931346662796013, 37.8729767149812, 27.03281143286258, 28.864308203166726, 30.820006600270272, 32.049296719801724, 32.25379380016342, 30.353076136563125, 26.450321669413153, 21.108108090616764, 34.277701013913955]
12
data,sig_tot
[29.93134666 37.87297671 27.03281143 28.8643082  30.8200066  32.04929672
 32.2537938  30.35307614 26.45032167 21.10810809 34.27770101 24.36310706
 31.38378855]
[29.93134666 37.87297671 27.03281143 28.8643082  30.8200066  32.04929672
 32.2537938  30.35307614 26.45032167 21.10810809 34.27770101 24.36310706
 31.38378855]
3.2726433585268695 18.20084722474839 79.73744716607544
val isze = 0
idinces = [ 1  6 11  4  0  2  8  3  9  7 10 12  5]
training loss = 11.410905838012695 500
training loss = 6.958136558532715 1000
training loss = 0.6584446430206299 1500
training loss = 0.42393577098846436 2000
training loss = 0.2158319503068924 2500
reduced chi^2 level 2 = 0.21436163783073425
Constrained alpha: 2.4436819553375244
Constrained beta: 3.876187324523926
Constrained gamma: 23.19015884399414
(1, 13)
(1, 0)
data before
[ 0.00000000e+00  0.00000000e+00  0.00000000e+00  0.00000000e+00
  0.00000000e+00  0.00000000e+00  0.00000000e+00  0.00000000e+00
  0.00000000e+00  0.00000000e+00  1.53228524e-05  4.76967098e-04
  1.71009339e-02  1.50602805e-01  4.08961313e-01  7.58594370e-01
  1.27316029e+00  2.07811254e+00  3.07013205e+00  4.77240260e+00
  7.28628024e+00  1.01155072e+01  1.48800483e+01  2.29929284e+01
  2.70328114e+01  2.88643082e+01  3.08200066e+01  3.20492967e+01
  3.22537938e+01  3.03530761e+01  2.64503217e+01  2.11081081e+01
  1.51829078e+01  9.91855963e+00  5.66288735e+00  2.53770118e+00
  8.12978224e-01  1.62719304e-01 -5.24880836e-05  0.00000000e+00
  0.00000000e+00]
7
data after
[29.931346662796013, 37.8729767149812, 27.03281143286258, 28.864308203166726, 30.820006600270272, 32.049296719801724, 32.25379380016342, 30.353076136563125, 26.450321669413153, 21.108108090616764, 34.277701013913955]
12
data,sig_tot
[29.93134666 37.87297671 27.03281143 28.8643082  30.8200066  32.04929672
 32.2537938  30.35307614 26.45032167 21.10810809 34.27770101 24.36310706
 31.38378855]
[29.93134666 37.87297671 27.03281143 28.8643082  30.8200066  32.04929672
 32.2537938  30.35307614 26.45032167 21.10810809 34.27770101 24.36310706
 31.38378855]
2.6316202132009687 9.6061065723046 30.761086401035374
val isze = 0
idinces = [ 1 11  8 12  0 10  6  2  7  9  5  3  4]
training loss = 0.900509774684906 500
reduced chi^2 level 2 = 0.9040690064430237
Constrained alpha: 2.6408512592315674
Constrained beta: 3.0581507682800293
Constrained gamma: 9.408349990844727
(1, 13)
(1, 0)
data before
[ 0.00000000e+00  0.00000000e+00  0.00000000e+00  0.00000000e+00
  0.00000000e+00  0.00000000e+00  0.00000000e+00  0.00000000e+00
  0.00000000e+00  0.00000000e+00  1.53228524e-05  4.76967098e-04
  1.71009339e-02  1.50602805e-01  4.08961313e-01  7.58594370e-01
  1.27316029e+00  2.07811254e+00  3.07013205e+00  4.77240260e+00
  7.28628024e+00  1.01155072e+01  1.48800483e+01  2.29929284e+01
  2.70328114e+01  2.88643082e+01  3.08200066e+01  3.20492967e+01
  3.22537938e+01  3.03530761e+01  2.64503217e+01  2.11081081e+01
  1.51829078e+01  9.91855963e+00  5.66288735e+00  2.53770118e+00
  8.12978224e-01  1.62719304e-01 -5.24880836e-05  0.00000000e+00
  0.00000000e+00]
7
data after
[29.931346662796013, 37.8729767149812, 27.03281143286258, 28.864308203166726, 30.820006600270272, 32.049296719801724, 32.25379380016342, 30.353076136563125, 26.450321669413153, 21.108108090616764, 34.277701013913955]
12
data,sig_tot
[29.93134666 37.87297671 27.03281143 28.8643082  30.8200066  32.04929672
 32.2537938  30.35307614 26.45032167 21.10810809 34.27770101 24.36310706
 31.38378855]
[29.93134666 37.87297671 27.03281143 28.8643082  30.8200066  32.04929672
 32.2537938  30.35307614 26.45032167 21.10810809 34.27770101 24.36310706
 31.38378855]
0.6517645905986302 7.255732680317315 83.94681086358801
val isze = 0
idinces = [ 9  3 11  8  1 12  2 10  0  7  6  5  4]
training loss = 0.7784238457679749 500
training loss = 0.7404887676239014 1000
reduced chi^2 level 2 = 0.7461992502212524
Constrained alpha: 2.1208221912384033
Constrained beta: 4.808747291564941
Constrained gamma: 51.12662124633789
(1, 13)
(1, 0)
data before
[ 0.00000000e+00  0.00000000e+00  0.00000000e+00  0.00000000e+00
  0.00000000e+00  0.00000000e+00  0.00000000e+00  0.00000000e+00
  0.00000000e+00  0.00000000e+00  1.53228524e-05  4.76967098e-04
  1.71009339e-02  1.50602805e-01  4.08961313e-01  7.58594370e-01
  1.27316029e+00  2.07811254e+00  3.07013205e+00  4.77240260e+00
  7.28628024e+00  1.01155072e+01  1.48800483e+01  2.29929284e+01
  2.70328114e+01  2.88643082e+01  3.08200066e+01  3.20492967e+01
  3.22537938e+01  3.03530761e+01  2.64503217e+01  2.11081081e+01
  1.51829078e+01  9.91855963e+00  5.66288735e+00  2.53770118e+00
  8.12978224e-01  1.62719304e-01 -5.24880836e-05  0.00000000e+00
  0.00000000e+00]
7
data after
[29.931346662796013, 37.8729767149812, 27.03281143286258, 28.864308203166726, 30.820006600270272, 32.049296719801724, 32.25379380016342, 30.353076136563125, 26.450321669413153, 21.108108090616764, 34.277701013913955]
12
data,sig_tot
[29.93134666 37.87297671 27.03281143 28.8643082  30.8200066  32.04929672
 32.2537938  30.35307614 26.45032167 21.10810809 34.27770101 24.36310706
 31.38378855]
[29.93134666 37.87297671 27.03281143 28.8643082  30.8200066  32.04929672
 32.2537938  30.35307614 26.45032167 21.10810809 34.27770101 24.36310706
 31.38378855]
3.0695344638454203 6.140877302492682 25.140734791383814
val isze = 0
idinces = [ 0  3  6  2  7 12 10  8 11  1  5  4  9]
training loss = 0.6202309131622314 500
training loss = 0.5678048729896545 1000
reduced chi^2 level 2 = 0.5701694488525391
Constrained alpha: 2.890375852584839
Constrained beta: 1.4540512561798096
Constrained gamma: 6.765884876251221
(1, 13)
(1, 0)
data before
[ 0.00000000e+00  0.00000000e+00  0.00000000e+00  0.00000000e+00
  0.00000000e+00  0.00000000e+00  0.00000000e+00  0.00000000e+00
  0.00000000e+00  0.00000000e+00  1.53228524e-05  4.76967098e-04
  1.71009339e-02  1.50602805e-01  4.08961313e-01  7.58594370e-01
  1.27316029e+00  2.07811254e+00  3.07013205e+00  4.77240260e+00
  7.28628024e+00  1.01155072e+01  1.48800483e+01  2.29929284e+01
  2.70328114e+01  2.88643082e+01  3.08200066e+01  3.20492967e+01
  3.22537938e+01  3.03530761e+01  2.64503217e+01  2.11081081e+01
  1.51829078e+01  9.91855963e+00  5.66288735e+00  2.53770118e+00
  8.12978224e-01  1.62719304e-01 -5.24880836e-05  0.00000000e+00
  0.00000000e+00]
7
data after
[29.931346662796013, 37.8729767149812, 27.03281143286258, 28.864308203166726, 30.820006600270272, 32.049296719801724, 32.25379380016342, 30.353076136563125, 26.450321669413153, 21.108108090616764, 34.277701013913955]
12
data,sig_tot
[29.93134666 37.87297671 27.03281143 28.8643082  30.8200066  32.04929672
 32.2537938  30.35307614 26.45032167 21.10810809 34.27770101 24.36310706
 31.38378855]
[29.93134666 37.87297671 27.03281143 28.8643082  30.8200066  32.04929672
 32.2537938  30.35307614 26.45032167 21.10810809 34.27770101 24.36310706
 31.38378855]
1.3919460166710502 11.195671854426763 11.714008982553025
val isze = 0
idinces = [ 9  5  3  1  8 11  2  0  4 10  6 12  7]
training loss = 1.835364580154419 500
training loss = 1.6664797067642212 1000
reduced chi^2 level 2 = 1.6703710556030273
Constrained alpha: 2.687230348587036
Constrained beta: 2.834825277328491
Constrained gamma: 3.000661611557007
(1, 13)
(1, 0)
data before
[ 0.00000000e+00  0.00000000e+00  0.00000000e+00  0.00000000e+00
  0.00000000e+00  0.00000000e+00  0.00000000e+00  0.00000000e+00
  0.00000000e+00  0.00000000e+00  1.53228524e-05  4.76967098e-04
  1.71009339e-02  1.50602805e-01  4.08961313e-01  7.58594370e-01
  1.27316029e+00  2.07811254e+00  3.07013205e+00  4.77240260e+00
  7.28628024e+00  1.01155072e+01  1.48800483e+01  2.29929284e+01
  2.70328114e+01  2.88643082e+01  3.08200066e+01  3.20492967e+01
  3.22537938e+01  3.03530761e+01  2.64503217e+01  2.11081081e+01
  1.51829078e+01  9.91855963e+00  5.66288735e+00  2.53770118e+00
  8.12978224e-01  1.62719304e-01 -5.24880836e-05  0.00000000e+00
  0.00000000e+00]
7
data after
[29.931346662796013, 37.8729767149812, 27.03281143286258, 28.864308203166726, 30.820006600270272, 32.049296719801724, 32.25379380016342, 30.353076136563125, 26.450321669413153, 21.108108090616764, 34.277701013913955]
12
data,sig_tot
[29.93134666 37.87297671 27.03281143 28.8643082  30.8200066  32.04929672
 32.2537938  30.35307614 26.45032167 21.10810809 34.27770101 24.36310706
 31.38378855]
[29.93134666 37.87297671 27.03281143 28.8643082  30.8200066  32.04929672
 32.2537938  30.35307614 26.45032167 21.10810809 34.27770101 24.36310706
 31.38378855]
4.4815979000141954 17.501862188164225 62.874130242103135
val isze = 0
idinces = [ 9  5 12  4  8  7  2  6 11  3  0 10  1]
training loss = 29.386377334594727 500
training loss = 23.63821029663086 1000
training loss = 22.73423957824707 1500
training loss = 21.90995979309082 2000
training loss = 21.231855392456055 2500
training loss = 20.82956314086914 3000
training loss = 20.623470306396484 3500
training loss = 20.495405197143555 4000
training loss = 20.378639221191406 4500
training loss = 20.243825912475586 5000
(1, 13)
(1, 0)
data before
[ 0.00000000e+00  0.00000000e+00  0.00000000e+00  0.00000000e+00
  0.00000000e+00  0.00000000e+00  0.00000000e+00  0.00000000e+00
  0.00000000e+00  0.00000000e+00  1.53228524e-05  4.76967098e-04
  1.71009339e-02  1.50602805e-01  4.08961313e-01  7.58594370e-01
  1.27316029e+00  2.07811254e+00  3.07013205e+00  4.77240260e+00
  7.28628024e+00  1.01155072e+01  1.48800483e+01  2.29929284e+01
  2.70328114e+01  2.88643082e+01  3.08200066e+01  3.20492967e+01
  3.22537938e+01  3.03530761e+01  2.64503217e+01  2.11081081e+01
  1.51829078e+01  9.91855963e+00  5.66288735e+00  2.53770118e+00
  8.12978224e-01  1.62719304e-01 -5.24880836e-05  0.00000000e+00
  0.00000000e+00]
7
data after
[29.931346662796013, 37.8729767149812, 27.03281143286258, 28.864308203166726, 30.820006600270272, 32.049296719801724, 32.25379380016342, 30.353076136563125, 26.450321669413153, 21.108108090616764, 34.277701013913955]
12
data,sig_tot
[29.93134666 37.87297671 27.03281143 28.8643082  30.8200066  32.04929672
 32.2537938  30.35307614 26.45032167 21.10810809 34.27770101 24.36310706
 31.38378855]
[29.93134666 37.87297671 27.03281143 28.8643082  30.8200066  32.04929672
 32.2537938  30.35307614 26.45032167 21.10810809 34.27770101 24.36310706
 31.38378855]
0.262129388167216 10.722868505051935 51.38802473004335
val isze = 0
idinces = [ 8 11  4  9  7  5  1  2 10  0  3 12  6]
training loss = 1.451693058013916 500
training loss = 1.0921376943588257 1000
reduced chi^2 level 2 = 1.10077702999115
Constrained alpha: 2.5524282455444336
Constrained beta: 3.6986849308013916
Constrained gamma: 19.03873062133789
(1, 13)
(1, 0)
data before
[ 0.00000000e+00  0.00000000e+00  0.00000000e+00  0.00000000e+00
  0.00000000e+00  0.00000000e+00  0.00000000e+00  0.00000000e+00
  0.00000000e+00  0.00000000e+00  1.53228524e-05  4.76967098e-04
  1.71009339e-02  1.50602805e-01  4.08961313e-01  7.58594370e-01
  1.27316029e+00  2.07811254e+00  3.07013205e+00  4.77240260e+00
  7.28628024e+00  1.01155072e+01  1.48800483e+01  2.29929284e+01
  2.70328114e+01  2.88643082e+01  3.08200066e+01  3.20492967e+01
  3.22537938e+01  3.03530761e+01  2.64503217e+01  2.11081081e+01
  1.51829078e+01  9.91855963e+00  5.66288735e+00  2.53770118e+00
  8.12978224e-01  1.62719304e-01 -5.24880836e-05  0.00000000e+00
  0.00000000e+00]
7
data after
[29.931346662796013, 37.8729767149812, 27.03281143286258, 28.864308203166726, 30.820006600270272, 32.049296719801724, 32.25379380016342, 30.353076136563125, 26.450321669413153, 21.108108090616764, 34.277701013913955]
12
data,sig_tot
[29.93134666 37.87297671 27.03281143 28.8643082  30.8200066  32.04929672
 32.2537938  30.35307614 26.45032167 21.10810809 34.27770101 24.36310706
 31.38378855]
[29.93134666 37.87297671 27.03281143 28.8643082  30.8200066  32.04929672
 32.2537938  30.35307614 26.45032167 21.10810809 34.27770101 24.36310706
 31.38378855]
1.4899149025597063 13.45255409869222 3.093195717840902
val isze = 0
idinces = [ 3  4 10  2  1  9  0  8 11  7  5 12  6]
training loss = 0.7004168629646301 500
training loss = 0.573758602142334 1000
reduced chi^2 level 2 = 0.5811678767204285
Constrained alpha: 2.3814663887023926
Constrained beta: 3.1757969856262207
Constrained gamma: 2.6636533737182617
(1, 13)
(1, 0)
data before
[ 0.00000000e+00  0.00000000e+00  0.00000000e+00  0.00000000e+00
  0.00000000e+00  0.00000000e+00  0.00000000e+00  0.00000000e+00
  0.00000000e+00  0.00000000e+00  1.53228524e-05  4.76967098e-04
  1.71009339e-02  1.50602805e-01  4.08961313e-01  7.58594370e-01
  1.27316029e+00  2.07811254e+00  3.07013205e+00  4.77240260e+00
  7.28628024e+00  1.01155072e+01  1.48800483e+01  2.29929284e+01
  2.70328114e+01  2.88643082e+01  3.08200066e+01  3.20492967e+01
  3.22537938e+01  3.03530761e+01  2.64503217e+01  2.11081081e+01
  1.51829078e+01  9.91855963e+00  5.66288735e+00  2.53770118e+00
  8.12978224e-01  1.62719304e-01 -5.24880836e-05  0.00000000e+00
  0.00000000e+00]
7
data after
[29.931346662796013, 37.8729767149812, 27.03281143286258, 28.864308203166726, 30.820006600270272, 32.049296719801724, 32.25379380016342, 30.353076136563125, 26.450321669413153, 21.108108090616764, 34.277701013913955]
12
data,sig_tot
[29.93134666 37.87297671 27.03281143 28.8643082  30.8200066  32.04929672
 32.2537938  30.35307614 26.45032167 21.10810809 34.27770101 24.36310706
 31.38378855]
[29.93134666 37.87297671 27.03281143 28.8643082  30.8200066  32.04929672
 32.2537938  30.35307614 26.45032167 21.10810809 34.27770101 24.36310706
 31.38378855]
2.669239801538474 1.615567523035979 16.028023098010824
val isze = 0
idinces = [11  6  9  1 10  2  3  8 12  5  7  4  0]
training loss = 0.8277570009231567 500
reduced chi^2 level 2 = 0.8284642696380615
Constrained alpha: 2.843729019165039
Constrained beta: 1.4472594261169434
Constrained gamma: 5.0975823402404785
(1, 13)
(1, 0)
data before
[ 0.00000000e+00  0.00000000e+00  0.00000000e+00  0.00000000e+00
  0.00000000e+00  0.00000000e+00  0.00000000e+00  0.00000000e+00
  0.00000000e+00  0.00000000e+00  1.53228524e-05  4.76967098e-04
  1.71009339e-02  1.50602805e-01  4.08961313e-01  7.58594370e-01
  1.27316029e+00  2.07811254e+00  3.07013205e+00  4.77240260e+00
  7.28628024e+00  1.01155072e+01  1.48800483e+01  2.29929284e+01
  2.70328114e+01  2.88643082e+01  3.08200066e+01  3.20492967e+01
  3.22537938e+01  3.03530761e+01  2.64503217e+01  2.11081081e+01
  1.51829078e+01  9.91855963e+00  5.66288735e+00  2.53770118e+00
  8.12978224e-01  1.62719304e-01 -5.24880836e-05  0.00000000e+00
  0.00000000e+00]
7
data after
[29.931346662796013, 37.8729767149812, 27.03281143286258, 28.864308203166726, 30.820006600270272, 32.049296719801724, 32.25379380016342, 30.353076136563125, 26.450321669413153, 21.108108090616764, 34.277701013913955]
12
data,sig_tot
[29.93134666 37.87297671 27.03281143 28.8643082  30.8200066  32.04929672
 32.2537938  30.35307614 26.45032167 21.10810809 34.27770101 24.36310706
 31.38378855]
[29.93134666 37.87297671 27.03281143 28.8643082  30.8200066  32.04929672
 32.2537938  30.35307614 26.45032167 21.10810809 34.27770101 24.36310706
 31.38378855]
2.038762399766905 4.9326251222713235 43.03194158466028
val isze = 0
idinces = [ 1  7 11  2  3  9 12  0  5  6  8  4 10]
training loss = 0.750436007976532 500
reduced chi^2 level 2 = 0.7519570589065552
Constrained alpha: 2.537435293197632
Constrained beta: 2.79473876953125
Constrained gamma: 20.137741088867188
(1, 13)
(1, 0)
data before
[ 0.00000000e+00  0.00000000e+00  0.00000000e+00  0.00000000e+00
  0.00000000e+00  0.00000000e+00  0.00000000e+00  0.00000000e+00
  0.00000000e+00  0.00000000e+00  1.53228524e-05  4.76967098e-04
  1.71009339e-02  1.50602805e-01  4.08961313e-01  7.58594370e-01
  1.27316029e+00  2.07811254e+00  3.07013205e+00  4.77240260e+00
  7.28628024e+00  1.01155072e+01  1.48800483e+01  2.29929284e+01
  2.70328114e+01  2.88643082e+01  3.08200066e+01  3.20492967e+01
  3.22537938e+01  3.03530761e+01  2.64503217e+01  2.11081081e+01
  1.51829078e+01  9.91855963e+00  5.66288735e+00  2.53770118e+00
  8.12978224e-01  1.62719304e-01 -5.24880836e-05  0.00000000e+00
  0.00000000e+00]
7
data after
[29.931346662796013, 37.8729767149812, 27.03281143286258, 28.864308203166726, 30.820006600270272, 32.049296719801724, 32.25379380016342, 30.353076136563125, 26.450321669413153, 21.108108090616764, 34.277701013913955]
12
data,sig_tot
[29.93134666 37.87297671 27.03281143 28.8643082  30.8200066  32.04929672
 32.2537938  30.35307614 26.45032167 21.10810809 34.27770101 24.36310706
 31.38378855]
[29.93134666 37.87297671 27.03281143 28.8643082  30.8200066  32.04929672
 32.2537938  30.35307614 26.45032167 21.10810809 34.27770101 24.36310706
 31.38378855]
3.8353008196283285 19.177586153346457 51.04619613511581
val isze = 0
idinces = [11  8 12  9  4 10  6  2  5  0  3  7  1]
training loss = 17.567222595214844 500
training loss = 17.18056297302246 1000
training loss = 16.55902671813965 1500
training loss = 15.558306694030762 2000
training loss = 13.871854782104492 2500
training loss = 10.513510704040527 3000
training loss = 0.613688588142395 3500
training loss = 0.5907161831855774 4000
reduced chi^2 level 2 = 0.5926651954650879
Constrained alpha: 2.70858097076416
Constrained beta: 7.313534259796143
Constrained gamma: 28.038175582885742
(1, 13)
(1, 0)
data before
[ 0.00000000e+00  0.00000000e+00  0.00000000e+00  0.00000000e+00
  0.00000000e+00  0.00000000e+00  0.00000000e+00  0.00000000e+00
  0.00000000e+00  0.00000000e+00  1.53228524e-05  4.76967098e-04
  1.71009339e-02  1.50602805e-01  4.08961313e-01  7.58594370e-01
  1.27316029e+00  2.07811254e+00  3.07013205e+00  4.77240260e+00
  7.28628024e+00  1.01155072e+01  1.48800483e+01  2.29929284e+01
  2.70328114e+01  2.88643082e+01  3.08200066e+01  3.20492967e+01
  3.22537938e+01  3.03530761e+01  2.64503217e+01  2.11081081e+01
  1.51829078e+01  9.91855963e+00  5.66288735e+00  2.53770118e+00
  8.12978224e-01  1.62719304e-01 -5.24880836e-05  0.00000000e+00
  0.00000000e+00]
7
data after
[29.931346662796013, 37.8729767149812, 27.03281143286258, 28.864308203166726, 30.820006600270272, 32.049296719801724, 32.25379380016342, 30.353076136563125, 26.450321669413153, 21.108108090616764, 34.277701013913955]
12
data,sig_tot
[29.93134666 37.87297671 27.03281143 28.8643082  30.8200066  32.04929672
 32.2537938  30.35307614 26.45032167 21.10810809 34.27770101 24.36310706
 31.38378855]
[29.93134666 37.87297671 27.03281143 28.8643082  30.8200066  32.04929672
 32.2537938  30.35307614 26.45032167 21.10810809 34.27770101 24.36310706
 31.38378855]
2.758173331267674 8.269122993843396 19.308614095630006
val isze = 0
idinces = [10  7  1  0  2  8  6  9  4  3 12  5 11]
training loss = 1.550185203552246 500
training loss = 1.543204426765442 1000
reduced chi^2 level 2 = 1.54323148727417
Constrained alpha: 2.9015285968780518
Constrained beta: 1.9015361070632935
Constrained gamma: 2.908726930618286
(1, 13)
(1, 0)
data before
[ 0.00000000e+00  0.00000000e+00  0.00000000e+00  0.00000000e+00
  0.00000000e+00  0.00000000e+00  0.00000000e+00  0.00000000e+00
  0.00000000e+00  0.00000000e+00  1.53228524e-05  4.76967098e-04
  1.71009339e-02  1.50602805e-01  4.08961313e-01  7.58594370e-01
  1.27316029e+00  2.07811254e+00  3.07013205e+00  4.77240260e+00
  7.28628024e+00  1.01155072e+01  1.48800483e+01  2.29929284e+01
  2.70328114e+01  2.88643082e+01  3.08200066e+01  3.20492967e+01
  3.22537938e+01  3.03530761e+01  2.64503217e+01  2.11081081e+01
  1.51829078e+01  9.91855963e+00  5.66288735e+00  2.53770118e+00
  8.12978224e-01  1.62719304e-01 -5.24880836e-05  0.00000000e+00
  0.00000000e+00]
7
data after
[29.931346662796013, 37.8729767149812, 27.03281143286258, 28.864308203166726, 30.820006600270272, 32.049296719801724, 32.25379380016342, 30.353076136563125, 26.450321669413153, 21.108108090616764, 34.277701013913955]
12
data,sig_tot
[29.93134666 37.87297671 27.03281143 28.8643082  30.8200066  32.04929672
 32.2537938  30.35307614 26.45032167 21.10810809 34.27770101 24.36310706
 31.38378855]
[29.93134666 37.87297671 27.03281143 28.8643082  30.8200066  32.04929672
 32.2537938  30.35307614 26.45032167 21.10810809 34.27770101 24.36310706
 31.38378855]
4.041730982206461 7.242421390280076 34.6917987480707
val isze = 0
idinces = [ 1  0  9  7  2 10  8  4 11  6  5 12  3]
training loss = 20.301258087158203 500
training loss = 19.726987838745117 1000
training loss = 18.993106842041016 1500
training loss = 17.671062469482422 2000
training loss = 14.619141578674316 2500
training loss = 8.386154174804688 3000
training loss = 4.953767776489258 3500
training loss = 4.0847272872924805 4000
training loss = 3.5720908641815186 4500
training loss = 3.103942632675171 5000
(1, 13)
(1, 0)
data before
[ 0.00000000e+00  0.00000000e+00  0.00000000e+00  0.00000000e+00
  0.00000000e+00  0.00000000e+00  0.00000000e+00  0.00000000e+00
  0.00000000e+00  0.00000000e+00  1.53228524e-05  4.76967098e-04
  1.71009339e-02  1.50602805e-01  4.08961313e-01  7.58594370e-01
  1.27316029e+00  2.07811254e+00  3.07013205e+00  4.77240260e+00
  7.28628024e+00  1.01155072e+01  1.48800483e+01  2.29929284e+01
  2.70328114e+01  2.88643082e+01  3.08200066e+01  3.20492967e+01
  3.22537938e+01  3.03530761e+01  2.64503217e+01  2.11081081e+01
  1.51829078e+01  9.91855963e+00  5.66288735e+00  2.53770118e+00
  8.12978224e-01  1.62719304e-01 -5.24880836e-05  0.00000000e+00
  0.00000000e+00]
7
data after
[29.931346662796013, 37.8729767149812, 27.03281143286258, 28.864308203166726, 30.820006600270272, 32.049296719801724, 32.25379380016342, 30.353076136563125, 26.450321669413153, 21.108108090616764, 34.277701013913955]
12
data,sig_tot
[29.93134666 37.87297671 27.03281143 28.8643082  30.8200066  32.04929672
 32.2537938  30.35307614 26.45032167 21.10810809 34.27770101 24.36310706
 31.38378855]
[29.93134666 37.87297671 27.03281143 28.8643082  30.8200066  32.04929672
 32.2537938  30.35307614 26.45032167 21.10810809 34.27770101 24.36310706
 31.38378855]
0.5731777040822256 2.6344958016308806 55.68497212968874
val isze = 0
idinces = [10  8  2  3  1 11  9  4  5 12  6  7  0]
training loss = 0.9971692562103271 500
training loss = 0.9969688057899475 1000
reduced chi^2 level 2 = 0.9970934391021729
Constrained alpha: 2.3737287521362305
Constrained beta: 3.7165558338165283
Constrained gamma: 27.110668182373047
(1, 13)
(1, 0)
data before
[ 0.00000000e+00  0.00000000e+00  0.00000000e+00  0.00000000e+00
  0.00000000e+00  0.00000000e+00  0.00000000e+00  0.00000000e+00
  0.00000000e+00  0.00000000e+00  1.53228524e-05  4.76967098e-04
  1.71009339e-02  1.50602805e-01  4.08961313e-01  7.58594370e-01
  1.27316029e+00  2.07811254e+00  3.07013205e+00  4.77240260e+00
  7.28628024e+00  1.01155072e+01  1.48800483e+01  2.29929284e+01
  2.70328114e+01  2.88643082e+01  3.08200066e+01  3.20492967e+01
  3.22537938e+01  3.03530761e+01  2.64503217e+01  2.11081081e+01
  1.51829078e+01  9.91855963e+00  5.66288735e+00  2.53770118e+00
  8.12978224e-01  1.62719304e-01 -5.24880836e-05  0.00000000e+00
  0.00000000e+00]
7
data after
[29.931346662796013, 37.8729767149812, 27.03281143286258, 28.864308203166726, 30.820006600270272, 32.049296719801724, 32.25379380016342, 30.353076136563125, 26.450321669413153, 21.108108090616764, 34.277701013913955]
12
data,sig_tot
[29.93134666 37.87297671 27.03281143 28.8643082  30.8200066  32.04929672
 32.2537938  30.35307614 26.45032167 21.10810809 34.27770101 24.36310706
 31.38378855]
[29.93134666 37.87297671 27.03281143 28.8643082  30.8200066  32.04929672
 32.2537938  30.35307614 26.45032167 21.10810809 34.27770101 24.36310706
 31.38378855]
2.716514891135783 0.6578307525266913 83.6120530423389
val isze = 0
idinces = [ 3 11  5  2  6 10  7  4  0  9  1 12  8]
training loss = 5.9384026527404785 500
training loss = 1.587304949760437 1000
training loss = 1.0072382688522339 1500
training loss = 0.9722109436988831 2000
training loss = 0.9457160234451294 2500
training loss = 0.9284825325012207 3000
training loss = 0.9170945286750793 3500
training loss = 0.9085244536399841 4000
training loss = 0.9025986790657043 4500
training loss = 0.9006245136260986 5000
reduced chi^2 level 2 = 0.9006254076957703
Constrained alpha: 2.7037367820739746
Constrained beta: 1.4445445537567139
Constrained gamma: 32.51053237915039
(1, 13)
(1, 0)
data before
[ 0.00000000e+00  0.00000000e+00  0.00000000e+00  0.00000000e+00
  0.00000000e+00  0.00000000e+00  0.00000000e+00  0.00000000e+00
  0.00000000e+00  0.00000000e+00  1.53228524e-05  4.76967098e-04
  1.71009339e-02  1.50602805e-01  4.08961313e-01  7.58594370e-01
  1.27316029e+00  2.07811254e+00  3.07013205e+00  4.77240260e+00
  7.28628024e+00  1.01155072e+01  1.48800483e+01  2.29929284e+01
  2.70328114e+01  2.88643082e+01  3.08200066e+01  3.20492967e+01
  3.22537938e+01  3.03530761e+01  2.64503217e+01  2.11081081e+01
  1.51829078e+01  9.91855963e+00  5.66288735e+00  2.53770118e+00
  8.12978224e-01  1.62719304e-01 -5.24880836e-05  0.00000000e+00
  0.00000000e+00]
7
data after
[29.931346662796013, 37.8729767149812, 27.03281143286258, 28.864308203166726, 30.820006600270272, 32.049296719801724, 32.25379380016342, 30.353076136563125, 26.450321669413153, 21.108108090616764, 34.277701013913955]
12
data,sig_tot
[29.93134666 37.87297671 27.03281143 28.8643082  30.8200066  32.04929672
 32.2537938  30.35307614 26.45032167 21.10810809 34.27770101 24.36310706
 31.38378855]
[29.93134666 37.87297671 27.03281143 28.8643082  30.8200066  32.04929672
 32.2537938  30.35307614 26.45032167 21.10810809 34.27770101 24.36310706
 31.38378855]
3.0611092418611534 3.6222205945039088 71.09587761561062
val isze = 0
idinces = [ 4  5  0  1 11  8  3  2 12 10  7  9  6]
training loss = 0.7431260347366333 500
reduced chi^2 level 2 = 0.7358448505401611
Constrained alpha: 2.5978362560272217
Constrained beta: 2.6545357704162598
Constrained gamma: 55.51863479614258
(1, 13)
(1, 0)
data before
[ 0.00000000e+00  0.00000000e+00  0.00000000e+00  0.00000000e+00
  0.00000000e+00  0.00000000e+00  0.00000000e+00  0.00000000e+00
  0.00000000e+00  0.00000000e+00  1.53228524e-05  4.76967098e-04
  1.71009339e-02  1.50602805e-01  4.08961313e-01  7.58594370e-01
  1.27316029e+00  2.07811254e+00  3.07013205e+00  4.77240260e+00
  7.28628024e+00  1.01155072e+01  1.48800483e+01  2.29929284e+01
  2.70328114e+01  2.88643082e+01  3.08200066e+01  3.20492967e+01
  3.22537938e+01  3.03530761e+01  2.64503217e+01  2.11081081e+01
  1.51829078e+01  9.91855963e+00  5.66288735e+00  2.53770118e+00
  8.12978224e-01  1.62719304e-01 -5.24880836e-05  0.00000000e+00
  0.00000000e+00]
7
data after
[29.931346662796013, 37.8729767149812, 27.03281143286258, 28.864308203166726, 30.820006600270272, 32.049296719801724, 32.25379380016342, 30.353076136563125, 26.450321669413153, 21.108108090616764, 34.277701013913955]
12
data,sig_tot
[29.93134666 37.87297671 27.03281143 28.8643082  30.8200066  32.04929672
 32.2537938  30.35307614 26.45032167 21.10810809 34.27770101 24.36310706
 31.38378855]
[29.93134666 37.87297671 27.03281143 28.8643082  30.8200066  32.04929672
 32.2537938  30.35307614 26.45032167 21.10810809 34.27770101 24.36310706
 31.38378855]
0.48315677226049236 17.93380123046074 57.76334698558264
val isze = 0
idinces = [11  5  9  8  3 10  6  2 12  1  0  4  7]
training loss = 2.039031982421875 500
training loss = 0.898578405380249 1000
reduced chi^2 level 2 = 0.8896356225013733
Constrained alpha: 2.6736578941345215
Constrained beta: 2.70328426361084
Constrained gamma: 22.580535888671875
(1, 13)
(1, 0)
data before
[ 0.00000000e+00  0.00000000e+00  0.00000000e+00  0.00000000e+00
  0.00000000e+00  0.00000000e+00  0.00000000e+00  0.00000000e+00
  0.00000000e+00  0.00000000e+00  1.53228524e-05  4.76967098e-04
  1.71009339e-02  1.50602805e-01  4.08961313e-01  7.58594370e-01
  1.27316029e+00  2.07811254e+00  3.07013205e+00  4.77240260e+00
  7.28628024e+00  1.01155072e+01  1.48800483e+01  2.29929284e+01
  2.70328114e+01  2.88643082e+01  3.08200066e+01  3.20492967e+01
  3.22537938e+01  3.03530761e+01  2.64503217e+01  2.11081081e+01
  1.51829078e+01  9.91855963e+00  5.66288735e+00  2.53770118e+00
  8.12978224e-01  1.62719304e-01 -5.24880836e-05  0.00000000e+00
  0.00000000e+00]
7
data after
[29.931346662796013, 37.8729767149812, 27.03281143286258, 28.864308203166726, 30.820006600270272, 32.049296719801724, 32.25379380016342, 30.353076136563125, 26.450321669413153, 21.108108090616764, 34.277701013913955]
12
data,sig_tot
[29.93134666 37.87297671 27.03281143 28.8643082  30.8200066  32.04929672
 32.2537938  30.35307614 26.45032167 21.10810809 34.27770101 24.36310706
 31.38378855]
[29.93134666 37.87297671 27.03281143 28.8643082  30.8200066  32.04929672
 32.2537938  30.35307614 26.45032167 21.10810809 34.27770101 24.36310706
 31.38378855]
3.0382967397468805 11.08486716019282 70.75993011541895
val isze = 0
idinces = [ 5  3  6 12  9  2  7  8  0  1 11 10  4]
training loss = 1.6978589296340942 500
training loss = 1.6547740697860718 1000
reduced chi^2 level 2 = 1.6567667722702026
Constrained alpha: 2.480400800704956
Constrained beta: 5.13723611831665
Constrained gamma: 43.25840759277344
(1, 13)
(1, 0)
data before
[ 0.00000000e+00  0.00000000e+00  0.00000000e+00  0.00000000e+00
  0.00000000e+00  0.00000000e+00  0.00000000e+00  0.00000000e+00
  0.00000000e+00  0.00000000e+00  1.53228524e-05  4.76967098e-04
  1.71009339e-02  1.50602805e-01  4.08961313e-01  7.58594370e-01
  1.27316029e+00  2.07811254e+00  3.07013205e+00  4.77240260e+00
  7.28628024e+00  1.01155072e+01  1.48800483e+01  2.29929284e+01
  2.70328114e+01  2.88643082e+01  3.08200066e+01  3.20492967e+01
  3.22537938e+01  3.03530761e+01  2.64503217e+01  2.11081081e+01
  1.51829078e+01  9.91855963e+00  5.66288735e+00  2.53770118e+00
  8.12978224e-01  1.62719304e-01 -5.24880836e-05  0.00000000e+00
  0.00000000e+00]
7
data after
[29.931346662796013, 37.8729767149812, 27.03281143286258, 28.864308203166726, 30.820006600270272, 32.049296719801724, 32.25379380016342, 30.353076136563125, 26.450321669413153, 21.108108090616764, 34.277701013913955]
12
data,sig_tot
[29.93134666 37.87297671 27.03281143 28.8643082  30.8200066  32.04929672
 32.2537938  30.35307614 26.45032167 21.10810809 34.27770101 24.36310706
 31.38378855]
[29.93134666 37.87297671 27.03281143 28.8643082  30.8200066  32.04929672
 32.2537938  30.35307614 26.45032167 21.10810809 34.27770101 24.36310706
 31.38378855]
3.5681825067356012 1.8870938454885455 84.80271099109571
val isze = 0
idinces = [12  4  1  7  6  5  3  9  8 11  2 10  0]
training loss = 3.1393589973449707 500
training loss = 2.6000218391418457 1000
training loss = 1.705028772354126 1500
training loss = 1.2540618181228638 2000
training loss = 1.2175945043563843 2500
training loss = 1.1833282709121704 3000
training loss = 1.1472500562667847 3500
training loss = 1.1108589172363281 4000
training loss = 1.073914647102356 4500
training loss = 1.0352954864501953 5000
reduced chi^2 level 2 = 1.0352153778076172
Constrained alpha: 3.114492416381836
Constrained beta: 2.3160042762756348
Constrained gamma: 67.90812683105469
(1, 13)
(1, 0)
data before
[ 0.00000000e+00  0.00000000e+00  0.00000000e+00  0.00000000e+00
  0.00000000e+00  0.00000000e+00  0.00000000e+00  0.00000000e+00
  0.00000000e+00  0.00000000e+00  1.53228524e-05  4.76967098e-04
  1.71009339e-02  1.50602805e-01  4.08961313e-01  7.58594370e-01
  1.27316029e+00  2.07811254e+00  3.07013205e+00  4.77240260e+00
  7.28628024e+00  1.01155072e+01  1.48800483e+01  2.29929284e+01
  2.70328114e+01  2.88643082e+01  3.08200066e+01  3.20492967e+01
  3.22537938e+01  3.03530761e+01  2.64503217e+01  2.11081081e+01
  1.51829078e+01  9.91855963e+00  5.66288735e+00  2.53770118e+00
  8.12978224e-01  1.62719304e-01 -5.24880836e-05  0.00000000e+00
  0.00000000e+00]
7
data after
[29.931346662796013, 37.8729767149812, 27.03281143286258, 28.864308203166726, 30.820006600270272, 32.049296719801724, 32.25379380016342, 30.353076136563125, 26.450321669413153, 21.108108090616764, 34.277701013913955]
12
data,sig_tot
[29.93134666 37.87297671 27.03281143 28.8643082  30.8200066  32.04929672
 32.2537938  30.35307614 26.45032167 21.10810809 34.27770101 24.36310706
 31.38378855]
[29.93134666 37.87297671 27.03281143 28.8643082  30.8200066  32.04929672
 32.2537938  30.35307614 26.45032167 21.10810809 34.27770101 24.36310706
 31.38378855]
2.6310703926397143 19.701372148056816 5.4484205131249075
val isze = 0
idinces = [10  4 12  6  5  3  1  9  8  7 11  0  2]
training loss = 1.7201368808746338 500
training loss = 0.7663955688476562 1000
training loss = 0.7346800565719604 1500
training loss = 0.7344363331794739 2000
training loss = 0.7324236035346985 2500
training loss = 0.733095109462738 3000
training loss = 0.7327126860618591 3500
reduced chi^2 level 2 = 0.732076108455658
Constrained alpha: 2.8858373165130615
Constrained beta: 2.1704728603363037
Constrained gamma: 2.103670597076416
(1, 13)
(1, 0)
data before
[ 0.00000000e+00  0.00000000e+00  0.00000000e+00  0.00000000e+00
  0.00000000e+00  0.00000000e+00  0.00000000e+00  0.00000000e+00
  0.00000000e+00  0.00000000e+00  1.53228524e-05  4.76967098e-04
  1.71009339e-02  1.50602805e-01  4.08961313e-01  7.58594370e-01
  1.27316029e+00  2.07811254e+00  3.07013205e+00  4.77240260e+00
  7.28628024e+00  1.01155072e+01  1.48800483e+01  2.29929284e+01
  2.70328114e+01  2.88643082e+01  3.08200066e+01  3.20492967e+01
  3.22537938e+01  3.03530761e+01  2.64503217e+01  2.11081081e+01
  1.51829078e+01  9.91855963e+00  5.66288735e+00  2.53770118e+00
  8.12978224e-01  1.62719304e-01 -5.24880836e-05  0.00000000e+00
  0.00000000e+00]
7
data after
[29.931346662796013, 37.8729767149812, 27.03281143286258, 28.864308203166726, 30.820006600270272, 32.049296719801724, 32.25379380016342, 30.353076136563125, 26.450321669413153, 21.108108090616764, 34.277701013913955]
12
data,sig_tot
[29.93134666 37.87297671 27.03281143 28.8643082  30.8200066  32.04929672
 32.2537938  30.35307614 26.45032167 21.10810809 34.27770101 24.36310706
 31.38378855]
[29.93134666 37.87297671 27.03281143 28.8643082  30.8200066  32.04929672
 32.2537938  30.35307614 26.45032167 21.10810809 34.27770101 24.36310706
 31.38378855]
3.803426104692207 11.660782417763977 62.24553456766443
val isze = 0
idinces = [ 7 10  6  4  1  5  9  3  8 12 11  0  2]
training loss = 15.668390274047852 500
training loss = 15.280647277832031 1000
training loss = 14.68410873413086 1500
training loss = 13.689024925231934 2000
training loss = 9.60622787475586 2500
training loss = 1.672847867012024 3000
training loss = 0.6233708262443542 3500
training loss = 0.5999175310134888 4000
training loss = 0.5909816026687622 4500
training loss = 0.5869219899177551 5000
reduced chi^2 level 2 = 0.5869184732437134
Constrained alpha: 3.2940163612365723
Constrained beta: 7.233417987823486
Constrained gamma: 43.113929748535156
(1, 13)
(1, 0)
data before
[ 0.00000000e+00  0.00000000e+00  0.00000000e+00  0.00000000e+00
  0.00000000e+00  0.00000000e+00  0.00000000e+00  0.00000000e+00
  0.00000000e+00  0.00000000e+00  1.53228524e-05  4.76967098e-04
  1.71009339e-02  1.50602805e-01  4.08961313e-01  7.58594370e-01
  1.27316029e+00  2.07811254e+00  3.07013205e+00  4.77240260e+00
  7.28628024e+00  1.01155072e+01  1.48800483e+01  2.29929284e+01
  2.70328114e+01  2.88643082e+01  3.08200066e+01  3.20492967e+01
  3.22537938e+01  3.03530761e+01  2.64503217e+01  2.11081081e+01
  1.51829078e+01  9.91855963e+00  5.66288735e+00  2.53770118e+00
  8.12978224e-01  1.62719304e-01 -5.24880836e-05  0.00000000e+00
  0.00000000e+00]
7
data after
[29.931346662796013, 37.8729767149812, 27.03281143286258, 28.864308203166726, 30.820006600270272, 32.049296719801724, 32.25379380016342, 30.353076136563125, 26.450321669413153, 21.108108090616764, 34.277701013913955]
12
data,sig_tot
[29.93134666 37.87297671 27.03281143 28.8643082  30.8200066  32.04929672
 32.2537938  30.35307614 26.45032167 21.10810809 34.27770101 24.36310706
 31.38378855]
[29.93134666 37.87297671 27.03281143 28.8643082  30.8200066  32.04929672
 32.2537938  30.35307614 26.45032167 21.10810809 34.27770101 24.36310706
 31.38378855]
3.5215819528960886 17.96052511037037 2.8959204562108654
val isze = 0
idinces = [ 1  0  8  7  2  3 12  4  6  5 11 10  9]
training loss = 1.3349465131759644 500
training loss = 1.015436053276062 1000
reduced chi^2 level 2 = 1.0202491283416748
Constrained alpha: 2.7850732803344727
Constrained beta: 1.95487380027771
Constrained gamma: 1.9289284944534302
>>>>>>> bf5bffb69ec4a318117f0a4aa6bdaab926d87e87
(1, 13)
(1, 0)
