data before
[0.00000000e+00 0.00000000e+00 0.00000000e+00 0.00000000e+00
 0.00000000e+00 0.00000000e+00 0.00000000e+00 0.00000000e+00
 0.00000000e+00 0.00000000e+00 0.00000000e+00 5.57657739e-04
 1.71135155e-02 1.52347393e-01 4.11047088e-01 7.62033217e-01
 1.28459682e+00 2.04822352e+00 3.04780042e+00 4.78439220e+00
 7.34570329e+00 1.02073014e+01 1.49571227e+01 2.31990165e+01
 2.72081787e+01 2.91976000e+01 3.11090995e+01 3.24987602e+01
 3.29278008e+01 3.11299224e+01 2.71913177e+01 2.21718881e+01
 1.65541988e+01 1.15686996e+01 7.49874866e+00 4.79488960e+00
 3.30518493e+00 2.81167137e+00 3.25595671e-01 0.00000000e+00
 0.00000000e+00]
7
data after
[30.061116575363595, 38.15613917980373, 27.208178735984266, 29.197599971288444, 31.10909952982128, 32.498760232516524, 32.92780081108138, 31.129922380243542, 27.191317670272294, 22.171888085323573, 46.85898872553864]
12
data,sig_tot
[30.06111658 38.15613918 27.20817874 29.19759997 31.10909953 32.49876023
 32.92780081 31.12992238 27.19131767 22.17188809 46.85898873 24.49231035
 31.84445334]
[30.06111658 38.15613918 27.20817874 29.19759997 31.10909953 32.49876023
 32.92780081 31.12992238 27.19131767 22.17188809 46.85898873 24.49231035
 31.84445334]
4.081397879244629 1.9693347689310348 32.8569984133658
val isze = 0
idinces = [ 3  7 11  6  8  2 12  5 10  1  0  4  9]
training loss = 7.766277313232422 500
training loss = 6.040876388549805 1000
training loss = 3.839811325073242 1500
training loss = 1.8629167079925537 2000
training loss = 1.3287147283554077 2500
training loss = 1.1510519981384277 3000
training loss = 1.0171196460723877 3500
training loss = 0.9199738502502441 4000
training loss = 0.8551115393638611 4500
training loss = 0.8113128542900085 5000
reduced chi^2 level 2 = 0.8112406134605408
Constrained alpha: 3.655543804168701
Constrained beta: 2.372001886367798
Constrained gamma: 31.783809661865234
(1, 13)
(1, 0)
