data before
<<<<<<< HEAD
[0.00000000e+00 0.00000000e+00 0.00000000e+00 0.00000000e+00
 0.00000000e+00 0.00000000e+00 0.00000000e+00 0.00000000e+00
 0.00000000e+00 0.00000000e+00 0.00000000e+00 5.57657739e-04
 1.71135155e-02 1.52347393e-01 4.11047088e-01 7.62033217e-01
 1.28459682e+00 2.04822352e+00 3.04780042e+00 4.78439220e+00
 7.34570329e+00 1.02073014e+01 1.49571227e+01 2.31990165e+01
 2.72081787e+01 2.91976000e+01 3.11090995e+01 3.24987602e+01
 3.29278008e+01 3.11299224e+01 2.71913177e+01 2.21718881e+01
 1.65541988e+01 1.15686996e+01 7.49874866e+00 4.79488960e+00
 3.30518493e+00 2.81167137e+00 3.25595671e-01 0.00000000e+00
 0.00000000e+00]
7
data after
[30.061116575363595, 38.15613917980373, 27.208178735984266, 29.197599971288444, 31.10909952982128, 32.498760232516524, 32.92780081108138, 31.129922380243542, 27.191317670272294, 22.171888085323573, 46.85898872553864]
12
data,sig_tot
[30.06111658 38.15613918 27.20817874 29.19759997 31.10909953 32.49876023
 32.92780081 31.12992238 27.19131767 22.17188809 46.85898873 24.49231035
 31.84445334]
[30.06111658 38.15613918 27.20817874 29.19759997 31.10909953 32.49876023
 32.92780081 31.12992238 27.19131767 22.17188809 46.85898873 24.49231035
 31.84445334]
0.4068921970618883 1.8944512785891154 77.63968517441889
val isze = 0
idinces = [ 3  7 11  6  8  2 12  5 10  1  0  4  9]
training loss = 1.7065365314483643 500
reduced chi^2 level 2 = 1.7053343057632446
Constrained alpha: 2.762753486633301
Constrained beta: 2.5211918354034424
Constrained gamma: 53.72161102294922
=======
[ 0.00000000e+00  0.00000000e+00  0.00000000e+00  0.00000000e+00
  0.00000000e+00  0.00000000e+00  0.00000000e+00  0.00000000e+00
  0.00000000e+00  0.00000000e+00  1.53228524e-05  4.76967098e-04
  1.71009339e-02  1.50602805e-01  4.08961313e-01  7.58594370e-01
  1.27316029e+00  2.07811254e+00  3.07013205e+00  4.77240260e+00
  7.28628024e+00  1.01155072e+01  1.48800483e+01  2.29929284e+01
  2.70328114e+01  2.88643082e+01  3.08200066e+01  3.20492967e+01
  3.22537938e+01  3.03530761e+01  2.64503217e+01  2.11081081e+01
  1.51829078e+01  9.91855963e+00  5.66288735e+00  2.53770118e+00
  8.12978224e-01  1.62719304e-01 -5.24880836e-05  0.00000000e+00
  0.00000000e+00]
7
data after
[29.931346662796013, 37.8729767149812, 27.03281143286258, 28.864308203166726, 30.820006600270272, 32.049296719801724, 32.25379380016342, 30.353076136563125, 26.450321669413153, 21.108108090616764, 34.277701013913955]
12
data,sig_tot
[29.93134666 37.87297671 27.03281143 28.8643082  30.8200066  32.04929672
 32.2537938  30.35307614 26.45032167 21.10810809 34.27770101 24.36310706
 31.38378855]
[29.93134666 37.87297671 27.03281143 28.8643082  30.8200066  32.04929672
 32.2537938  30.35307614 26.45032167 21.10810809 34.27770101 24.36310706
 31.38378855]
1.124338211938265 19.30546398154297 38.47829197131863
val isze = 0
idinces = [12 10  9  3  0  6  1  7  8  5  4  2 11]
training loss = 0.8683875203132629 500
training loss = 0.49219727516174316 1000
reduced chi^2 level 2 = 0.48951438069343567
Constrained alpha: 2.1652300357818604
Constrained beta: 4.4596781730651855
Constrained gamma: 7.606481075286865
(1, 13)
(1, 0)
data before
[ 0.00000000e+00  0.00000000e+00  0.00000000e+00  0.00000000e+00
  0.00000000e+00  0.00000000e+00  0.00000000e+00  0.00000000e+00
  0.00000000e+00  0.00000000e+00  1.53228524e-05  4.76967098e-04
  1.71009339e-02  1.50602805e-01  4.08961313e-01  7.58594370e-01
  1.27316029e+00  2.07811254e+00  3.07013205e+00  4.77240260e+00
  7.28628024e+00  1.01155072e+01  1.48800483e+01  2.29929284e+01
  2.70328114e+01  2.88643082e+01  3.08200066e+01  3.20492967e+01
  3.22537938e+01  3.03530761e+01  2.64503217e+01  2.11081081e+01
  1.51829078e+01  9.91855963e+00  5.66288735e+00  2.53770118e+00
  8.12978224e-01  1.62719304e-01 -5.24880836e-05  0.00000000e+00
  0.00000000e+00]
7
data after
[29.931346662796013, 37.8729767149812, 27.03281143286258, 28.864308203166726, 30.820006600270272, 32.049296719801724, 32.25379380016342, 30.353076136563125, 26.450321669413153, 21.108108090616764, 34.277701013913955]
12
data,sig_tot
[29.93134666 37.87297671 27.03281143 28.8643082  30.8200066  32.04929672
 32.2537938  30.35307614 26.45032167 21.10810809 34.27770101 24.36310706
 31.38378855]
[29.93134666 37.87297671 27.03281143 28.8643082  30.8200066  32.04929672
 32.2537938  30.35307614 26.45032167 21.10810809 34.27770101 24.36310706
 31.38378855]
1.525165651745401 7.217293335784969 50.58063395656186
val isze = 0
idinces = [ 3  1  8  5  0  9 10 11  6  4 12  2  7]
training loss = 0.8701568841934204 500
training loss = 0.7871264815330505 1000
reduced chi^2 level 2 = 0.7894836068153381
Constrained alpha: 2.466174840927124
Constrained beta: 2.9637699127197266
Constrained gamma: 20.293256759643555
(1, 13)
(1, 0)
data before
[ 0.00000000e+00  0.00000000e+00  0.00000000e+00  0.00000000e+00
  0.00000000e+00  0.00000000e+00  0.00000000e+00  0.00000000e+00
  0.00000000e+00  0.00000000e+00  1.53228524e-05  4.76967098e-04
  1.71009339e-02  1.50602805e-01  4.08961313e-01  7.58594370e-01
  1.27316029e+00  2.07811254e+00  3.07013205e+00  4.77240260e+00
  7.28628024e+00  1.01155072e+01  1.48800483e+01  2.29929284e+01
  2.70328114e+01  2.88643082e+01  3.08200066e+01  3.20492967e+01
  3.22537938e+01  3.03530761e+01  2.64503217e+01  2.11081081e+01
  1.51829078e+01  9.91855963e+00  5.66288735e+00  2.53770118e+00
  8.12978224e-01  1.62719304e-01 -5.24880836e-05  0.00000000e+00
  0.00000000e+00]
7
data after
[29.931346662796013, 37.8729767149812, 27.03281143286258, 28.864308203166726, 30.820006600270272, 32.049296719801724, 32.25379380016342, 30.353076136563125, 26.450321669413153, 21.108108090616764, 34.277701013913955]
12
data,sig_tot
[29.93134666 37.87297671 27.03281143 28.8643082  30.8200066  32.04929672
 32.2537938  30.35307614 26.45032167 21.10810809 34.27770101 24.36310706
 31.38378855]
[29.93134666 37.87297671 27.03281143 28.8643082  30.8200066  32.04929672
 32.2537938  30.35307614 26.45032167 21.10810809 34.27770101 24.36310706
 31.38378855]
2.6409412355632655 10.719918371328134 80.45050088522885
val isze = 0
idinces = [ 5  3 11 12 10  4  1  7  0  6  2  8  9]
training loss = 0.821816086769104 500
training loss = 0.7899931073188782 1000
reduced chi^2 level 2 = 0.7995442748069763
Constrained alpha: 2.596406936645508
Constrained beta: 3.6282262802124023
Constrained gamma: 48.21107482910156
(1, 13)
(1, 0)
data before
[ 0.00000000e+00  0.00000000e+00  0.00000000e+00  0.00000000e+00
  0.00000000e+00  0.00000000e+00  0.00000000e+00  0.00000000e+00
  0.00000000e+00  0.00000000e+00  1.53228524e-05  4.76967098e-04
  1.71009339e-02  1.50602805e-01  4.08961313e-01  7.58594370e-01
  1.27316029e+00  2.07811254e+00  3.07013205e+00  4.77240260e+00
  7.28628024e+00  1.01155072e+01  1.48800483e+01  2.29929284e+01
  2.70328114e+01  2.88643082e+01  3.08200066e+01  3.20492967e+01
  3.22537938e+01  3.03530761e+01  2.64503217e+01  2.11081081e+01
  1.51829078e+01  9.91855963e+00  5.66288735e+00  2.53770118e+00
  8.12978224e-01  1.62719304e-01 -5.24880836e-05  0.00000000e+00
  0.00000000e+00]
7
data after
[29.931346662796013, 37.8729767149812, 27.03281143286258, 28.864308203166726, 30.820006600270272, 32.049296719801724, 32.25379380016342, 30.353076136563125, 26.450321669413153, 21.108108090616764, 34.277701013913955]
12
data,sig_tot
[29.93134666 37.87297671 27.03281143 28.8643082  30.8200066  32.04929672
 32.2537938  30.35307614 26.45032167 21.10810809 34.27770101 24.36310706
 31.38378855]
[29.93134666 37.87297671 27.03281143 28.8643082  30.8200066  32.04929672
 32.2537938  30.35307614 26.45032167 21.10810809 34.27770101 24.36310706
 31.38378855]
0.0033819597945378144 12.988618634715936 50.26503298161107
val isze = 0
idinces = [ 7  9 10  3  0  4 12  5  2  8 11  6  1]
training loss = 1.7507622241973877 500
training loss = 1.0377142429351807 1000
reduced chi^2 level 2 = 1.0371711254119873
Constrained alpha: 2.5962700843811035
Constrained beta: 2.7661032676696777
Constrained gamma: 17.134138107299805
(1, 13)
(1, 0)
data before
[ 0.00000000e+00  0.00000000e+00  0.00000000e+00  0.00000000e+00
  0.00000000e+00  0.00000000e+00  0.00000000e+00  0.00000000e+00
  0.00000000e+00  0.00000000e+00  1.53228524e-05  4.76967098e-04
  1.71009339e-02  1.50602805e-01  4.08961313e-01  7.58594370e-01
  1.27316029e+00  2.07811254e+00  3.07013205e+00  4.77240260e+00
  7.28628024e+00  1.01155072e+01  1.48800483e+01  2.29929284e+01
  2.70328114e+01  2.88643082e+01  3.08200066e+01  3.20492967e+01
  3.22537938e+01  3.03530761e+01  2.64503217e+01  2.11081081e+01
  1.51829078e+01  9.91855963e+00  5.66288735e+00  2.53770118e+00
  8.12978224e-01  1.62719304e-01 -5.24880836e-05  0.00000000e+00
  0.00000000e+00]
7
data after
[29.931346662796013, 37.8729767149812, 27.03281143286258, 28.864308203166726, 30.820006600270272, 32.049296719801724, 32.25379380016342, 30.353076136563125, 26.450321669413153, 21.108108090616764, 34.277701013913955]
12
data,sig_tot
[29.93134666 37.87297671 27.03281143 28.8643082  30.8200066  32.04929672
 32.2537938  30.35307614 26.45032167 21.10810809 34.27770101 24.36310706
 31.38378855]
[29.93134666 37.87297671 27.03281143 28.8643082  30.8200066  32.04929672
 32.2537938  30.35307614 26.45032167 21.10810809 34.27770101 24.36310706
 31.38378855]
4.011194204434684 17.33266773153304 68.69263414402718
val isze = 0
idinces = [ 5  3  0  6 11 10  8  9  1  7  4  2 12]
training loss = 19.25092315673828 500
training loss = 18.963233947753906 1000
training loss = 18.683494567871094 1500
training loss = 17.993249893188477 2000
training loss = 9.507996559143066 2500
training loss = 7.111426830291748 3000
training loss = 5.918583869934082 3500
training loss = 4.837925434112549 4000
training loss = 3.3437328338623047 4500
training loss = 1.4205985069274902 5000
reduced chi^2 level 2 = 1.4244482517242432
Constrained alpha: 3.944990396499634
Constrained beta: 9.464192390441895
Constrained gamma: 48.91270446777344
(1, 13)
(1, 0)
data before
[ 0.00000000e+00  0.00000000e+00  0.00000000e+00  0.00000000e+00
  0.00000000e+00  0.00000000e+00  0.00000000e+00  0.00000000e+00
  0.00000000e+00  0.00000000e+00  1.53228524e-05  4.76967098e-04
  1.71009339e-02  1.50602805e-01  4.08961313e-01  7.58594370e-01
  1.27316029e+00  2.07811254e+00  3.07013205e+00  4.77240260e+00
  7.28628024e+00  1.01155072e+01  1.48800483e+01  2.29929284e+01
  2.70328114e+01  2.88643082e+01  3.08200066e+01  3.20492967e+01
  3.22537938e+01  3.03530761e+01  2.64503217e+01  2.11081081e+01
  1.51829078e+01  9.91855963e+00  5.66288735e+00  2.53770118e+00
  8.12978224e-01  1.62719304e-01 -5.24880836e-05  0.00000000e+00
  0.00000000e+00]
7
data after
[29.931346662796013, 37.8729767149812, 27.03281143286258, 28.864308203166726, 30.820006600270272, 32.049296719801724, 32.25379380016342, 30.353076136563125, 26.450321669413153, 21.108108090616764, 34.277701013913955]
12
data,sig_tot
[29.93134666 37.87297671 27.03281143 28.8643082  30.8200066  32.04929672
 32.2537938  30.35307614 26.45032167 21.10810809 34.27770101 24.36310706
 31.38378855]
[29.93134666 37.87297671 27.03281143 28.8643082  30.8200066  32.04929672
 32.2537938  30.35307614 26.45032167 21.10810809 34.27770101 24.36310706
 31.38378855]
4.748281572249362 14.118069878735275 11.044530272392262
val isze = 0
idinces = [ 0  2  6 10  4  7 12  8 11  5  3  9  1]
(1, 13)
(1, 0)
data before
[ 0.00000000e+00  0.00000000e+00  0.00000000e+00  0.00000000e+00
  0.00000000e+00  0.00000000e+00  0.00000000e+00  0.00000000e+00
  0.00000000e+00  0.00000000e+00  1.53228524e-05  4.76967098e-04
  1.71009339e-02  1.50602805e-01  4.08961313e-01  7.58594370e-01
  1.27316029e+00  2.07811254e+00  3.07013205e+00  4.77240260e+00
  7.28628024e+00  1.01155072e+01  1.48800483e+01  2.29929284e+01
  2.70328114e+01  2.88643082e+01  3.08200066e+01  3.20492967e+01
  3.22537938e+01  3.03530761e+01  2.64503217e+01  2.11081081e+01
  1.51829078e+01  9.91855963e+00  5.66288735e+00  2.53770118e+00
  8.12978224e-01  1.62719304e-01 -5.24880836e-05  0.00000000e+00
  0.00000000e+00]
7
data after
[29.931346662796013, 37.8729767149812, 27.03281143286258, 28.864308203166726, 30.820006600270272, 32.049296719801724, 32.25379380016342, 30.353076136563125, 26.450321669413153, 21.108108090616764, 34.277701013913955]
12
data,sig_tot
[29.93134666 37.87297671 27.03281143 28.8643082  30.8200066  32.04929672
 32.2537938  30.35307614 26.45032167 21.10810809 34.27770101 24.36310706
 31.38378855]
[29.93134666 37.87297671 27.03281143 28.8643082  30.8200066  32.04929672
 32.2537938  30.35307614 26.45032167 21.10810809 34.27770101 24.36310706
 31.38378855]
2.8104630655479435 19.133075660287094 38.07638412060135
val isze = 0
idinces = [ 0  2  1  9  4 11  6 10  3 12  5  7  8]
training loss = 0.8924370408058167 500
training loss = 0.6588053107261658 1000
reduced chi^2 level 2 = 0.6737284660339355
Constrained alpha: 2.1648385524749756
Constrained beta: 4.868185043334961
Constrained gamma: 10.568774223327637
(1, 13)
(1, 0)
data before
[ 0.00000000e+00  0.00000000e+00  0.00000000e+00  0.00000000e+00
  0.00000000e+00  0.00000000e+00  0.00000000e+00  0.00000000e+00
  0.00000000e+00  0.00000000e+00  1.53228524e-05  4.76967098e-04
  1.71009339e-02  1.50602805e-01  4.08961313e-01  7.58594370e-01
  1.27316029e+00  2.07811254e+00  3.07013205e+00  4.77240260e+00
  7.28628024e+00  1.01155072e+01  1.48800483e+01  2.29929284e+01
  2.70328114e+01  2.88643082e+01  3.08200066e+01  3.20492967e+01
  3.22537938e+01  3.03530761e+01  2.64503217e+01  2.11081081e+01
  1.51829078e+01  9.91855963e+00  5.66288735e+00  2.53770118e+00
  8.12978224e-01  1.62719304e-01 -5.24880836e-05  0.00000000e+00
  0.00000000e+00]
7
data after
[29.931346662796013, 37.8729767149812, 27.03281143286258, 28.864308203166726, 30.820006600270272, 32.049296719801724, 32.25379380016342, 30.353076136563125, 26.450321669413153, 21.108108090616764, 34.277701013913955]
12
data,sig_tot
[29.93134666 37.87297671 27.03281143 28.8643082  30.8200066  32.04929672
 32.2537938  30.35307614 26.45032167 21.10810809 34.27770101 24.36310706
 31.38378855]
[29.93134666 37.87297671 27.03281143 28.8643082  30.8200066  32.04929672
 32.2537938  30.35307614 26.45032167 21.10810809 34.27770101 24.36310706
 31.38378855]
2.9129169832739232 8.360114454141314 76.81881544517118
val isze = 0
idinces = [ 8  4  2 11  6 10  1  3  7  5  0 12  9]
training loss = 0.891559898853302 500
training loss = 0.8606733679771423 1000
training loss = 0.8477711081504822 1500
reduced chi^2 level 2 = 0.8495789766311646
Constrained alpha: 2.4880599975585938
Constrained beta: 3.6105594635009766
Constrained gamma: 33.10900115966797
(1, 13)
(1, 0)
data before
[ 0.00000000e+00  0.00000000e+00  0.00000000e+00  0.00000000e+00
  0.00000000e+00  0.00000000e+00  0.00000000e+00  0.00000000e+00
  0.00000000e+00  0.00000000e+00  1.53228524e-05  4.76967098e-04
  1.71009339e-02  1.50602805e-01  4.08961313e-01  7.58594370e-01
  1.27316029e+00  2.07811254e+00  3.07013205e+00  4.77240260e+00
  7.28628024e+00  1.01155072e+01  1.48800483e+01  2.29929284e+01
  2.70328114e+01  2.88643082e+01  3.08200066e+01  3.20492967e+01
  3.22537938e+01  3.03530761e+01  2.64503217e+01  2.11081081e+01
  1.51829078e+01  9.91855963e+00  5.66288735e+00  2.53770118e+00
  8.12978224e-01  1.62719304e-01 -5.24880836e-05  0.00000000e+00
  0.00000000e+00]
7
data after
[29.931346662796013, 37.8729767149812, 27.03281143286258, 28.864308203166726, 30.820006600270272, 32.049296719801724, 32.25379380016342, 30.353076136563125, 26.450321669413153, 21.108108090616764, 34.277701013913955]
12
data,sig_tot
[29.93134666 37.87297671 27.03281143 28.8643082  30.8200066  32.04929672
 32.2537938  30.35307614 26.45032167 21.10810809 34.27770101 24.36310706
 31.38378855]
[29.93134666 37.87297671 27.03281143 28.8643082  30.8200066  32.04929672
 32.2537938  30.35307614 26.45032167 21.10810809 34.27770101 24.36310706
 31.38378855]
1.5572963811278862 12.04573672651961 68.98516741404255
val isze = 0
idinces = [12  5  0  3  4 10  7  6  1  9  8  2 11]
training loss = 0.8856885433197021 500
training loss = 0.8043931126594543 1000
reduced chi^2 level 2 = 0.810081422328949
Constrained alpha: 2.244229555130005
Constrained beta: 4.555348873138428
Constrained gamma: 37.10448455810547
(1, 13)
(1, 0)
data before
[ 0.00000000e+00  0.00000000e+00  0.00000000e+00  0.00000000e+00
  0.00000000e+00  0.00000000e+00  0.00000000e+00  0.00000000e+00
  0.00000000e+00  0.00000000e+00  1.53228524e-05  4.76967098e-04
  1.71009339e-02  1.50602805e-01  4.08961313e-01  7.58594370e-01
  1.27316029e+00  2.07811254e+00  3.07013205e+00  4.77240260e+00
  7.28628024e+00  1.01155072e+01  1.48800483e+01  2.29929284e+01
  2.70328114e+01  2.88643082e+01  3.08200066e+01  3.20492967e+01
  3.22537938e+01  3.03530761e+01  2.64503217e+01  2.11081081e+01
  1.51829078e+01  9.91855963e+00  5.66288735e+00  2.53770118e+00
  8.12978224e-01  1.62719304e-01 -5.24880836e-05  0.00000000e+00
  0.00000000e+00]
7
data after
[29.931346662796013, 37.8729767149812, 27.03281143286258, 28.864308203166726, 30.820006600270272, 32.049296719801724, 32.25379380016342, 30.353076136563125, 26.450321669413153, 21.108108090616764, 34.277701013913955]
12
data,sig_tot
[29.93134666 37.87297671 27.03281143 28.8643082  30.8200066  32.04929672
 32.2537938  30.35307614 26.45032167 21.10810809 34.27770101 24.36310706
 31.38378855]
[29.93134666 37.87297671 27.03281143 28.8643082  30.8200066  32.04929672
 32.2537938  30.35307614 26.45032167 21.10810809 34.27770101 24.36310706
 31.38378855]
2.268441966830734 16.4151477642507 8.906332414818019
val isze = 0
idinces = [ 7  4 10  1  8  9  0  3 11  5  2 12  6]
training loss = 0.8492967486381531 500
training loss = 0.8148974776268005 1000
reduced chi^2 level 2 = 0.8216630816459656
Constrained alpha: 2.078568696975708
Constrained beta: 4.90756893157959
Constrained gamma: 2.791594982147217
(1, 13)
(1, 0)
data before
[ 0.00000000e+00  0.00000000e+00  0.00000000e+00  0.00000000e+00
  0.00000000e+00  0.00000000e+00  0.00000000e+00  0.00000000e+00
  0.00000000e+00  0.00000000e+00  1.53228524e-05  4.76967098e-04
  1.71009339e-02  1.50602805e-01  4.08961313e-01  7.58594370e-01
  1.27316029e+00  2.07811254e+00  3.07013205e+00  4.77240260e+00
  7.28628024e+00  1.01155072e+01  1.48800483e+01  2.29929284e+01
  2.70328114e+01  2.88643082e+01  3.08200066e+01  3.20492967e+01
  3.22537938e+01  3.03530761e+01  2.64503217e+01  2.11081081e+01
  1.51829078e+01  9.91855963e+00  5.66288735e+00  2.53770118e+00
  8.12978224e-01  1.62719304e-01 -5.24880836e-05  0.00000000e+00
  0.00000000e+00]
7
data after
[29.931346662796013, 37.8729767149812, 27.03281143286258, 28.864308203166726, 30.820006600270272, 32.049296719801724, 32.25379380016342, 30.353076136563125, 26.450321669413153, 21.108108090616764, 34.277701013913955]
12
data,sig_tot
[29.93134666 37.87297671 27.03281143 28.8643082  30.8200066  32.04929672
 32.2537938  30.35307614 26.45032167 21.10810809 34.27770101 24.36310706
 31.38378855]
[29.93134666 37.87297671 27.03281143 28.8643082  30.8200066  32.04929672
 32.2537938  30.35307614 26.45032167 21.10810809 34.27770101 24.36310706
 31.38378855]
1.8850260987403944 11.073344097122732 42.26541473401561
val isze = 0
idinces = [ 5  9  3 10  1 11  6  7  0  2  4 12  8]
training loss = 1.0479638576507568 500
training loss = 0.8812260627746582 1000
reduced chi^2 level 2 = 0.8843881487846375
Constrained alpha: 2.5142059326171875
Constrained beta: 2.7687363624572754
Constrained gamma: 12.158792495727539
(1, 13)
(1, 0)
data before
[ 0.00000000e+00  0.00000000e+00  0.00000000e+00  0.00000000e+00
  0.00000000e+00  0.00000000e+00  0.00000000e+00  0.00000000e+00
  0.00000000e+00  0.00000000e+00  1.53228524e-05  4.76967098e-04
  1.71009339e-02  1.50602805e-01  4.08961313e-01  7.58594370e-01
  1.27316029e+00  2.07811254e+00  3.07013205e+00  4.77240260e+00
  7.28628024e+00  1.01155072e+01  1.48800483e+01  2.29929284e+01
  2.70328114e+01  2.88643082e+01  3.08200066e+01  3.20492967e+01
  3.22537938e+01  3.03530761e+01  2.64503217e+01  2.11081081e+01
  1.51829078e+01  9.91855963e+00  5.66288735e+00  2.53770118e+00
  8.12978224e-01  1.62719304e-01 -5.24880836e-05  0.00000000e+00
  0.00000000e+00]
7
data after
[29.931346662796013, 37.8729767149812, 27.03281143286258, 28.864308203166726, 30.820006600270272, 32.049296719801724, 32.25379380016342, 30.353076136563125, 26.450321669413153, 21.108108090616764, 34.277701013913955]
12
data,sig_tot
[29.93134666 37.87297671 27.03281143 28.8643082  30.8200066  32.04929672
 32.2537938  30.35307614 26.45032167 21.10810809 34.27770101 24.36310706
 31.38378855]
[29.93134666 37.87297671 27.03281143 28.8643082  30.8200066  32.04929672
 32.2537938  30.35307614 26.45032167 21.10810809 34.27770101 24.36310706
 31.38378855]
2.2239633531828478 15.782792492883878 97.92128689483205
val isze = 0
idinces = [ 4  5  1 10 12  3  2 11  9  7  6  8  0]
training loss = 0.4186837375164032 500
training loss = 0.29448407888412476 1000
reduced chi^2 level 2 = 0.31179410219192505
Constrained alpha: 2.546827793121338
Constrained beta: 4.313567638397217
Constrained gamma: 66.55342864990234
(1, 13)
(1, 0)
data before
[ 0.00000000e+00  0.00000000e+00  0.00000000e+00  0.00000000e+00
  0.00000000e+00  0.00000000e+00  0.00000000e+00  0.00000000e+00
  0.00000000e+00  0.00000000e+00  1.53228524e-05  4.76967098e-04
  1.71009339e-02  1.50602805e-01  4.08961313e-01  7.58594370e-01
  1.27316029e+00  2.07811254e+00  3.07013205e+00  4.77240260e+00
  7.28628024e+00  1.01155072e+01  1.48800483e+01  2.29929284e+01
  2.70328114e+01  2.88643082e+01  3.08200066e+01  3.20492967e+01
  3.22537938e+01  3.03530761e+01  2.64503217e+01  2.11081081e+01
  1.51829078e+01  9.91855963e+00  5.66288735e+00  2.53770118e+00
  8.12978224e-01  1.62719304e-01 -5.24880836e-05  0.00000000e+00
  0.00000000e+00]
7
data after
[29.931346662796013, 37.8729767149812, 27.03281143286258, 28.864308203166726, 30.820006600270272, 32.049296719801724, 32.25379380016342, 30.353076136563125, 26.450321669413153, 21.108108090616764, 34.277701013913955]
12
data,sig_tot
[29.93134666 37.87297671 27.03281143 28.8643082  30.8200066  32.04929672
 32.2537938  30.35307614 26.45032167 21.10810809 34.27770101 24.36310706
 31.38378855]
[29.93134666 37.87297671 27.03281143 28.8643082  30.8200066  32.04929672
 32.2537938  30.35307614 26.45032167 21.10810809 34.27770101 24.36310706
 31.38378855]
2.0584306084691155 7.036345637577757 44.32225854212016
val isze = 0
idinces = [ 5  6 11 10  4  0  3 12  2  7  1  8  9]
reduced chi^2 level 2 = 1.4598474502563477
Constrained alpha: 2.209746837615967
Constrained beta: 5.176960468292236
Constrained gamma: 32.7559700012207
(1, 13)
(1, 0)
data before
[ 0.00000000e+00  0.00000000e+00  0.00000000e+00  0.00000000e+00
  0.00000000e+00  0.00000000e+00  0.00000000e+00  0.00000000e+00
  0.00000000e+00  0.00000000e+00  1.53228524e-05  4.76967098e-04
  1.71009339e-02  1.50602805e-01  4.08961313e-01  7.58594370e-01
  1.27316029e+00  2.07811254e+00  3.07013205e+00  4.77240260e+00
  7.28628024e+00  1.01155072e+01  1.48800483e+01  2.29929284e+01
  2.70328114e+01  2.88643082e+01  3.08200066e+01  3.20492967e+01
  3.22537938e+01  3.03530761e+01  2.64503217e+01  2.11081081e+01
  1.51829078e+01  9.91855963e+00  5.66288735e+00  2.53770118e+00
  8.12978224e-01  1.62719304e-01 -5.24880836e-05  0.00000000e+00
  0.00000000e+00]
7
data after
[29.931346662796013, 37.8729767149812, 27.03281143286258, 28.864308203166726, 30.820006600270272, 32.049296719801724, 32.25379380016342, 30.353076136563125, 26.450321669413153, 21.108108090616764, 34.277701013913955]
12
data,sig_tot
[29.93134666 37.87297671 27.03281143 28.8643082  30.8200066  32.04929672
 32.2537938  30.35307614 26.45032167 21.10810809 34.27770101 24.36310706
 31.38378855]
[29.93134666 37.87297671 27.03281143 28.8643082  30.8200066  32.04929672
 32.2537938  30.35307614 26.45032167 21.10810809 34.27770101 24.36310706
 31.38378855]
1.9776852658834232 9.54399744385646 70.1185512344892
val isze = 0
idinces = [ 0  3 10  7 12  6  8  9  5  4  1  2 11]
training loss = 1.0308729410171509 500
reduced chi^2 level 2 = 1.0949760675430298
Constrained alpha: 2.887439250946045
Constrained beta: 2.9234495162963867
Constrained gamma: 45.62501907348633
(1, 13)
(1, 0)
data before
[ 0.00000000e+00  0.00000000e+00  0.00000000e+00  0.00000000e+00
  0.00000000e+00  0.00000000e+00  0.00000000e+00  0.00000000e+00
  0.00000000e+00  0.00000000e+00  1.53228524e-05  4.76967098e-04
  1.71009339e-02  1.50602805e-01  4.08961313e-01  7.58594370e-01
  1.27316029e+00  2.07811254e+00  3.07013205e+00  4.77240260e+00
  7.28628024e+00  1.01155072e+01  1.48800483e+01  2.29929284e+01
  2.70328114e+01  2.88643082e+01  3.08200066e+01  3.20492967e+01
  3.22537938e+01  3.03530761e+01  2.64503217e+01  2.11081081e+01
  1.51829078e+01  9.91855963e+00  5.66288735e+00  2.53770118e+00
  8.12978224e-01  1.62719304e-01 -5.24880836e-05  0.00000000e+00
  0.00000000e+00]
7
data after
[29.931346662796013, 37.8729767149812, 27.03281143286258, 28.864308203166726, 30.820006600270272, 32.049296719801724, 32.25379380016342, 30.353076136563125, 26.450321669413153, 21.108108090616764, 34.277701013913955]
12
data,sig_tot
[29.93134666 37.87297671 27.03281143 28.8643082  30.8200066  32.04929672
 32.2537938  30.35307614 26.45032167 21.10810809 34.27770101 24.36310706
 31.38378855]
[29.93134666 37.87297671 27.03281143 28.8643082  30.8200066  32.04929672
 32.2537938  30.35307614 26.45032167 21.10810809 34.27770101 24.36310706
 31.38378855]
2.4057575960289586 10.78171840933599 99.99274545062791
val isze = 0
idinces = [ 4  8  5  9  7 10  3 12  6  2  1  0 11]
training loss = 0.7736291885375977 500
reduced chi^2 level 2 = 0.78106290102005
Constrained alpha: 2.1012582778930664
Constrained beta: 5.257844924926758
Constrained gamma: 78.36064147949219
(1, 13)
(1, 0)
data before
[ 0.00000000e+00  0.00000000e+00  0.00000000e+00  0.00000000e+00
  0.00000000e+00  0.00000000e+00  0.00000000e+00  0.00000000e+00
  0.00000000e+00  0.00000000e+00  1.53228524e-05  4.76967098e-04
  1.71009339e-02  1.50602805e-01  4.08961313e-01  7.58594370e-01
  1.27316029e+00  2.07811254e+00  3.07013205e+00  4.77240260e+00
  7.28628024e+00  1.01155072e+01  1.48800483e+01  2.29929284e+01
  2.70328114e+01  2.88643082e+01  3.08200066e+01  3.20492967e+01
  3.22537938e+01  3.03530761e+01  2.64503217e+01  2.11081081e+01
  1.51829078e+01  9.91855963e+00  5.66288735e+00  2.53770118e+00
  8.12978224e-01  1.62719304e-01 -5.24880836e-05  0.00000000e+00
  0.00000000e+00]
7
data after
[29.931346662796013, 37.8729767149812, 27.03281143286258, 28.864308203166726, 30.820006600270272, 32.049296719801724, 32.25379380016342, 30.353076136563125, 26.450321669413153, 21.108108090616764, 34.277701013913955]
12
data,sig_tot
[29.93134666 37.87297671 27.03281143 28.8643082  30.8200066  32.04929672
 32.2537938  30.35307614 26.45032167 21.10810809 34.27770101 24.36310706
 31.38378855]
[29.93134666 37.87297671 27.03281143 28.8643082  30.8200066  32.04929672
 32.2537938  30.35307614 26.45032167 21.10810809 34.27770101 24.36310706
 31.38378855]
1.8046971735520505 8.504015429358958 94.3079586429477
val isze = 0
idinces = [ 9  4 10 11  0  1  5  8  6  2 12  3  7]
training loss = 1.25157630443573 500
reduced chi^2 level 2 = 1.2582054138183594
Constrained alpha: 2.3133599758148193
Constrained beta: 5.027965068817139
Constrained gamma: 69.94831848144531
(1, 13)
(1, 0)
data before
[ 0.00000000e+00  0.00000000e+00  0.00000000e+00  0.00000000e+00
  0.00000000e+00  0.00000000e+00  0.00000000e+00  0.00000000e+00
  0.00000000e+00  0.00000000e+00  1.53228524e-05  4.76967098e-04
  1.71009339e-02  1.50602805e-01  4.08961313e-01  7.58594370e-01
  1.27316029e+00  2.07811254e+00  3.07013205e+00  4.77240260e+00
  7.28628024e+00  1.01155072e+01  1.48800483e+01  2.29929284e+01
  2.70328114e+01  2.88643082e+01  3.08200066e+01  3.20492967e+01
  3.22537938e+01  3.03530761e+01  2.64503217e+01  2.11081081e+01
  1.51829078e+01  9.91855963e+00  5.66288735e+00  2.53770118e+00
  8.12978224e-01  1.62719304e-01 -5.24880836e-05  0.00000000e+00
  0.00000000e+00]
7
data after
[29.931346662796013, 37.8729767149812, 27.03281143286258, 28.864308203166726, 30.820006600270272, 32.049296719801724, 32.25379380016342, 30.353076136563125, 26.450321669413153, 21.108108090616764, 34.277701013913955]
12
data,sig_tot
[29.93134666 37.87297671 27.03281143 28.8643082  30.8200066  32.04929672
 32.2537938  30.35307614 26.45032167 21.10810809 34.27770101 24.36310706
 31.38378855]
[29.93134666 37.87297671 27.03281143 28.8643082  30.8200066  32.04929672
 32.2537938  30.35307614 26.45032167 21.10810809 34.27770101 24.36310706
 31.38378855]
3.0085630225477584 9.31118478857102 29.417736949619112
val isze = 0
idinces = [ 5 10  0  6  1 11  8  2  3  4  9  7 12]
training loss = 1.4783991575241089 500
training loss = 1.2249447107315063 1000
reduced chi^2 level 2 = 1.2258965969085693
Constrained alpha: 2.524609327316284
Constrained beta: 2.683521270751953
Constrained gamma: 6.69205379486084
(1, 13)
(1, 0)
data before
[ 0.00000000e+00  0.00000000e+00  0.00000000e+00  0.00000000e+00
  0.00000000e+00  0.00000000e+00  0.00000000e+00  0.00000000e+00
  0.00000000e+00  0.00000000e+00  1.53228524e-05  4.76967098e-04
  1.71009339e-02  1.50602805e-01  4.08961313e-01  7.58594370e-01
  1.27316029e+00  2.07811254e+00  3.07013205e+00  4.77240260e+00
  7.28628024e+00  1.01155072e+01  1.48800483e+01  2.29929284e+01
  2.70328114e+01  2.88643082e+01  3.08200066e+01  3.20492967e+01
  3.22537938e+01  3.03530761e+01  2.64503217e+01  2.11081081e+01
  1.51829078e+01  9.91855963e+00  5.66288735e+00  2.53770118e+00
  8.12978224e-01  1.62719304e-01 -5.24880836e-05  0.00000000e+00
  0.00000000e+00]
7
data after
[29.931346662796013, 37.8729767149812, 27.03281143286258, 28.864308203166726, 30.820006600270272, 32.049296719801724, 32.25379380016342, 30.353076136563125, 26.450321669413153, 21.108108090616764, 34.277701013913955]
12
data,sig_tot
[29.93134666 37.87297671 27.03281143 28.8643082  30.8200066  32.04929672
 32.2537938  30.35307614 26.45032167 21.10810809 34.27770101 24.36310706
 31.38378855]
[29.93134666 37.87297671 27.03281143 28.8643082  30.8200066  32.04929672
 32.2537938  30.35307614 26.45032167 21.10810809 34.27770101 24.36310706
 31.38378855]
1.8967425956160577 0.32837606715728995 78.80123665800059
val isze = 0
idinces = [11  9  7  1  4 10  0  3  8 12  2  5  6]
training loss = 1.426393985748291 500
training loss = 1.3414006233215332 1000
reduced chi^2 level 2 = 1.344603419303894
Constrained alpha: 2.7439441680908203
Constrained beta: 1.1794713735580444
Constrained gamma: 51.55727005004883
(1, 13)
(1, 0)
data before
[ 0.00000000e+00  0.00000000e+00  0.00000000e+00  0.00000000e+00
  0.00000000e+00  0.00000000e+00  0.00000000e+00  0.00000000e+00
  0.00000000e+00  0.00000000e+00  1.53228524e-05  4.76967098e-04
  1.71009339e-02  1.50602805e-01  4.08961313e-01  7.58594370e-01
  1.27316029e+00  2.07811254e+00  3.07013205e+00  4.77240260e+00
  7.28628024e+00  1.01155072e+01  1.48800483e+01  2.29929284e+01
  2.70328114e+01  2.88643082e+01  3.08200066e+01  3.20492967e+01
  3.22537938e+01  3.03530761e+01  2.64503217e+01  2.11081081e+01
  1.51829078e+01  9.91855963e+00  5.66288735e+00  2.53770118e+00
  8.12978224e-01  1.62719304e-01 -5.24880836e-05  0.00000000e+00
  0.00000000e+00]
7
data after
[29.931346662796013, 37.8729767149812, 27.03281143286258, 28.864308203166726, 30.820006600270272, 32.049296719801724, 32.25379380016342, 30.353076136563125, 26.450321669413153, 21.108108090616764, 34.277701013913955]
12
data,sig_tot
[29.93134666 37.87297671 27.03281143 28.8643082  30.8200066  32.04929672
 32.2537938  30.35307614 26.45032167 21.10810809 34.27770101 24.36310706
 31.38378855]
[29.93134666 37.87297671 27.03281143 28.8643082  30.8200066  32.04929672
 32.2537938  30.35307614 26.45032167 21.10810809 34.27770101 24.36310706
 31.38378855]
3.633006910324558 7.818944442178985 53.79840072702131
val isze = 0
idinces = [ 8  9  0  3  6 12  5 10  4 11  2  7  1]
training loss = 12.492631912231445 500
training loss = 9.344667434692383 1000
training loss = 1.0076751708984375 1500
training loss = 0.8290174603462219 2000
training loss = 0.8134769797325134 2500
reduced chi^2 level 2 = 0.8147913217544556
Constrained alpha: 3.17045259475708
Constrained beta: 3.898780584335327
Constrained gamma: 40.383689880371094
(1, 13)
(1, 0)
data before
[ 0.00000000e+00  0.00000000e+00  0.00000000e+00  0.00000000e+00
  0.00000000e+00  0.00000000e+00  0.00000000e+00  0.00000000e+00
  0.00000000e+00  0.00000000e+00  1.53228524e-05  4.76967098e-04
  1.71009339e-02  1.50602805e-01  4.08961313e-01  7.58594370e-01
  1.27316029e+00  2.07811254e+00  3.07013205e+00  4.77240260e+00
  7.28628024e+00  1.01155072e+01  1.48800483e+01  2.29929284e+01
  2.70328114e+01  2.88643082e+01  3.08200066e+01  3.20492967e+01
  3.22537938e+01  3.03530761e+01  2.64503217e+01  2.11081081e+01
  1.51829078e+01  9.91855963e+00  5.66288735e+00  2.53770118e+00
  8.12978224e-01  1.62719304e-01 -5.24880836e-05  0.00000000e+00
  0.00000000e+00]
7
data after
[29.931346662796013, 37.8729767149812, 27.03281143286258, 28.864308203166726, 30.820006600270272, 32.049296719801724, 32.25379380016342, 30.353076136563125, 26.450321669413153, 21.108108090616764, 34.277701013913955]
12
data,sig_tot
[29.93134666 37.87297671 27.03281143 28.8643082  30.8200066  32.04929672
 32.2537938  30.35307614 26.45032167 21.10810809 34.27770101 24.36310706
 31.38378855]
[29.93134666 37.87297671 27.03281143 28.8643082  30.8200066  32.04929672
 32.2537938  30.35307614 26.45032167 21.10810809 34.27770101 24.36310706
 31.38378855]
0.619775914071064 7.385841137653053 75.98513338789876
val isze = 0
idinces = [12  5  2  1  3  9 11 10  7  6  0  4  8]
training loss = 1.6549973487854004 500
training loss = 1.509468674659729 1000
reduced chi^2 level 2 = 1.511245608329773
Constrained alpha: 2.5102438926696777
Constrained beta: 3.327070951461792
Constrained gamma: 41.511749267578125
(1, 13)
(1, 0)
data before
[ 0.00000000e+00  0.00000000e+00  0.00000000e+00  0.00000000e+00
  0.00000000e+00  0.00000000e+00  0.00000000e+00  0.00000000e+00
  0.00000000e+00  0.00000000e+00  1.53228524e-05  4.76967098e-04
  1.71009339e-02  1.50602805e-01  4.08961313e-01  7.58594370e-01
  1.27316029e+00  2.07811254e+00  3.07013205e+00  4.77240260e+00
  7.28628024e+00  1.01155072e+01  1.48800483e+01  2.29929284e+01
  2.70328114e+01  2.88643082e+01  3.08200066e+01  3.20492967e+01
  3.22537938e+01  3.03530761e+01  2.64503217e+01  2.11081081e+01
  1.51829078e+01  9.91855963e+00  5.66288735e+00  2.53770118e+00
  8.12978224e-01  1.62719304e-01 -5.24880836e-05  0.00000000e+00
  0.00000000e+00]
7
data after
[29.931346662796013, 37.8729767149812, 27.03281143286258, 28.864308203166726, 30.820006600270272, 32.049296719801724, 32.25379380016342, 30.353076136563125, 26.450321669413153, 21.108108090616764, 34.277701013913955]
12
data,sig_tot
[29.93134666 37.87297671 27.03281143 28.8643082  30.8200066  32.04929672
 32.2537938  30.35307614 26.45032167 21.10810809 34.27770101 24.36310706
 31.38378855]
[29.93134666 37.87297671 27.03281143 28.8643082  30.8200066  32.04929672
 32.2537938  30.35307614 26.45032167 21.10810809 34.27770101 24.36310706
 31.38378855]
4.15613951737996 4.2783065984414925 40.04170730533134
val isze = 0
idinces = [ 3 11  0  1  8 12  5  7  6  4 10  2  9]
training loss = 13.910051345825195 500
training loss = 13.585253715515137 1000
training loss = 13.465365409851074 1500
training loss = 13.239429473876953 2000
training loss = 8.387197494506836 2500
training loss = 3.831514358520508 3000
training loss = 2.639033079147339 3500
training loss = 1.9614520072937012 4000
training loss = 1.626387119293213 4500
training loss = 1.5481070280075073 5000
reduced chi^2 level 2 = 1.548053503036499
Constrained alpha: 3.6775660514831543
Constrained beta: 4.135694980621338
Constrained gamma: 39.00042724609375
(1, 13)
(1, 0)
data before
[ 0.00000000e+00  0.00000000e+00  0.00000000e+00  0.00000000e+00
  0.00000000e+00  0.00000000e+00  0.00000000e+00  0.00000000e+00
  0.00000000e+00  0.00000000e+00  1.53228524e-05  4.76967098e-04
  1.71009339e-02  1.50602805e-01  4.08961313e-01  7.58594370e-01
  1.27316029e+00  2.07811254e+00  3.07013205e+00  4.77240260e+00
  7.28628024e+00  1.01155072e+01  1.48800483e+01  2.29929284e+01
  2.70328114e+01  2.88643082e+01  3.08200066e+01  3.20492967e+01
  3.22537938e+01  3.03530761e+01  2.64503217e+01  2.11081081e+01
  1.51829078e+01  9.91855963e+00  5.66288735e+00  2.53770118e+00
  8.12978224e-01  1.62719304e-01 -5.24880836e-05  0.00000000e+00
  0.00000000e+00]
7
data after
[29.931346662796013, 37.8729767149812, 27.03281143286258, 28.864308203166726, 30.820006600270272, 32.049296719801724, 32.25379380016342, 30.353076136563125, 26.450321669413153, 21.108108090616764, 34.277701013913955]
12
data,sig_tot
[29.93134666 37.87297671 27.03281143 28.8643082  30.8200066  32.04929672
 32.2537938  30.35307614 26.45032167 21.10810809 34.27770101 24.36310706
 31.38378855]
[29.93134666 37.87297671 27.03281143 28.8643082  30.8200066  32.04929672
 32.2537938  30.35307614 26.45032167 21.10810809 34.27770101 24.36310706
 31.38378855]
3.4294226928042977 13.818190065853983 94.06908643558262
val isze = 0
idinces = [11  1  9 10  4  7 12  6  0  3  2  5  8]
training loss = 18.588804244995117 500
training loss = 0.8202400803565979 1000
training loss = 0.8116942048072815 1500
reduced chi^2 level 2 = 0.8120396733283997
Constrained alpha: 2.365663766860962
Constrained beta: 4.44992733001709
Constrained gamma: 64.29199981689453
(1, 13)
(1, 0)
data before
[ 0.00000000e+00  0.00000000e+00  0.00000000e+00  0.00000000e+00
  0.00000000e+00  0.00000000e+00  0.00000000e+00  0.00000000e+00
  0.00000000e+00  0.00000000e+00  1.53228524e-05  4.76967098e-04
  1.71009339e-02  1.50602805e-01  4.08961313e-01  7.58594370e-01
  1.27316029e+00  2.07811254e+00  3.07013205e+00  4.77240260e+00
  7.28628024e+00  1.01155072e+01  1.48800483e+01  2.29929284e+01
  2.70328114e+01  2.88643082e+01  3.08200066e+01  3.20492967e+01
  3.22537938e+01  3.03530761e+01  2.64503217e+01  2.11081081e+01
  1.51829078e+01  9.91855963e+00  5.66288735e+00  2.53770118e+00
  8.12978224e-01  1.62719304e-01 -5.24880836e-05  0.00000000e+00
  0.00000000e+00]
7
data after
[29.931346662796013, 37.8729767149812, 27.03281143286258, 28.864308203166726, 30.820006600270272, 32.049296719801724, 32.25379380016342, 30.353076136563125, 26.450321669413153, 21.108108090616764, 34.277701013913955]
12
data,sig_tot
[29.93134666 37.87297671 27.03281143 28.8643082  30.8200066  32.04929672
 32.2537938  30.35307614 26.45032167 21.10810809 34.27770101 24.36310706
 31.38378855]
[29.93134666 37.87297671 27.03281143 28.8643082  30.8200066  32.04929672
 32.2537938  30.35307614 26.45032167 21.10810809 34.27770101 24.36310706
 31.38378855]
1.5057592233409416 2.1415100741047444 67.61197538669697
val isze = 0
idinces = [ 0 12  1  9  3  4  8  6 10  2  7  5 11]
training loss = 2.3867721557617188 500
training loss = 2.3078248500823975 1000
training loss = 2.295668125152588 1500
reduced chi^2 level 2 = 2.2964518070220947
Constrained alpha: 2.282660961151123
Constrained beta: 5.0935564041137695
Constrained gamma: 20.557205200195312
(1, 13)
(1, 0)
data before
[ 0.00000000e+00  0.00000000e+00  0.00000000e+00  0.00000000e+00
  0.00000000e+00  0.00000000e+00  0.00000000e+00  0.00000000e+00
  0.00000000e+00  0.00000000e+00  1.53228524e-05  4.76967098e-04
  1.71009339e-02  1.50602805e-01  4.08961313e-01  7.58594370e-01
  1.27316029e+00  2.07811254e+00  3.07013205e+00  4.77240260e+00
  7.28628024e+00  1.01155072e+01  1.48800483e+01  2.29929284e+01
  2.70328114e+01  2.88643082e+01  3.08200066e+01  3.20492967e+01
  3.22537938e+01  3.03530761e+01  2.64503217e+01  2.11081081e+01
  1.51829078e+01  9.91855963e+00  5.66288735e+00  2.53770118e+00
  8.12978224e-01  1.62719304e-01 -5.24880836e-05  0.00000000e+00
  0.00000000e+00]
7
data after
[29.931346662796013, 37.8729767149812, 27.03281143286258, 28.864308203166726, 30.820006600270272, 32.049296719801724, 32.25379380016342, 30.353076136563125, 26.450321669413153, 21.108108090616764, 34.277701013913955]
12
data,sig_tot
[29.93134666 37.87297671 27.03281143 28.8643082  30.8200066  32.04929672
 32.2537938  30.35307614 26.45032167 21.10810809 34.27770101 24.36310706
 31.38378855]
[29.93134666 37.87297671 27.03281143 28.8643082  30.8200066  32.04929672
 32.2537938  30.35307614 26.45032167 21.10810809 34.27770101 24.36310706
 31.38378855]
3.112359285650869 12.2671815080186 60.88222502317622
val isze = 0
idinces = [ 8  1  0  4  3  6 12  9 10  2  7  5 11]
training loss = 0.5976402759552002 500
training loss = 0.5598463416099548 1000
training loss = 0.5524399876594543 1500
reduced chi^2 level 2 = 0.5544635057449341
Constrained alpha: 2.5036866664886475
Constrained beta: 3.2752325534820557
Constrained gamma: 22.215639114379883
(1, 13)
(1, 0)
data before
[ 0.00000000e+00  0.00000000e+00  0.00000000e+00  0.00000000e+00
  0.00000000e+00  0.00000000e+00  0.00000000e+00  0.00000000e+00
  0.00000000e+00  0.00000000e+00  1.53228524e-05  4.76967098e-04
  1.71009339e-02  1.50602805e-01  4.08961313e-01  7.58594370e-01
  1.27316029e+00  2.07811254e+00  3.07013205e+00  4.77240260e+00
  7.28628024e+00  1.01155072e+01  1.48800483e+01  2.29929284e+01
  2.70328114e+01  2.88643082e+01  3.08200066e+01  3.20492967e+01
  3.22537938e+01  3.03530761e+01  2.64503217e+01  2.11081081e+01
  1.51829078e+01  9.91855963e+00  5.66288735e+00  2.53770118e+00
  8.12978224e-01  1.62719304e-01 -5.24880836e-05  0.00000000e+00
  0.00000000e+00]
7
data after
[29.931346662796013, 37.8729767149812, 27.03281143286258, 28.864308203166726, 30.820006600270272, 32.049296719801724, 32.25379380016342, 30.353076136563125, 26.450321669413153, 21.108108090616764, 34.277701013913955]
12
data,sig_tot
[29.93134666 37.87297671 27.03281143 28.8643082  30.8200066  32.04929672
 32.2537938  30.35307614 26.45032167 21.10810809 34.27770101 24.36310706
 31.38378855]
[29.93134666 37.87297671 27.03281143 28.8643082  30.8200066  32.04929672
 32.2537938  30.35307614 26.45032167 21.10810809 34.27770101 24.36310706
 31.38378855]
4.310054391473238 6.209551598761585 91.74319166439622
val isze = 0
idinces = [ 5  4  8 11  9 10  3  2  6 12  1  7  0]
training loss = 23.14788055419922 500
training loss = 22.355146408081055 1000
training loss = 21.81940460205078 1500
training loss = 21.086868286132812 2000
training loss = 20.118555068969727 2500
training loss = 18.822036743164062 3000
training loss = 16.971851348876953 3500
training loss = 14.169526100158691 4000
training loss = 10.214313507080078 4500
training loss = 6.226808071136475 5000
(1, 13)
(1, 0)
data before
[ 0.00000000e+00  0.00000000e+00  0.00000000e+00  0.00000000e+00
  0.00000000e+00  0.00000000e+00  0.00000000e+00  0.00000000e+00
  0.00000000e+00  0.00000000e+00  1.53228524e-05  4.76967098e-04
  1.71009339e-02  1.50602805e-01  4.08961313e-01  7.58594370e-01
  1.27316029e+00  2.07811254e+00  3.07013205e+00  4.77240260e+00
  7.28628024e+00  1.01155072e+01  1.48800483e+01  2.29929284e+01
  2.70328114e+01  2.88643082e+01  3.08200066e+01  3.20492967e+01
  3.22537938e+01  3.03530761e+01  2.64503217e+01  2.11081081e+01
  1.51829078e+01  9.91855963e+00  5.66288735e+00  2.53770118e+00
  8.12978224e-01  1.62719304e-01 -5.24880836e-05  0.00000000e+00
  0.00000000e+00]
7
data after
[29.931346662796013, 37.8729767149812, 27.03281143286258, 28.864308203166726, 30.820006600270272, 32.049296719801724, 32.25379380016342, 30.353076136563125, 26.450321669413153, 21.108108090616764, 34.277701013913955]
12
data,sig_tot
[29.93134666 37.87297671 27.03281143 28.8643082  30.8200066  32.04929672
 32.2537938  30.35307614 26.45032167 21.10810809 34.27770101 24.36310706
 31.38378855]
[29.93134666 37.87297671 27.03281143 28.8643082  30.8200066  32.04929672
 32.2537938  30.35307614 26.45032167 21.10810809 34.27770101 24.36310706
 31.38378855]
4.011053766154885 14.46159587566175 12.583896899169522
val isze = 0
idinces = [ 0  5  2  3 10  8  6 12  7  9 11  1  4]
training loss = 13.202085494995117 500
training loss = 11.38519287109375 1000
training loss = 7.116472244262695 1500
training loss = 1.3432902097702026 2000
reduced chi^2 level 2 = 1.3440395593643188
Constrained alpha: 2.8478002548217773
Constrained beta: 2.6520066261291504
Constrained gamma: 11.152294158935547
(1, 13)
(1, 0)
data before
[ 0.00000000e+00  0.00000000e+00  0.00000000e+00  0.00000000e+00
  0.00000000e+00  0.00000000e+00  0.00000000e+00  0.00000000e+00
  0.00000000e+00  0.00000000e+00  1.53228524e-05  4.76967098e-04
  1.71009339e-02  1.50602805e-01  4.08961313e-01  7.58594370e-01
  1.27316029e+00  2.07811254e+00  3.07013205e+00  4.77240260e+00
  7.28628024e+00  1.01155072e+01  1.48800483e+01  2.29929284e+01
  2.70328114e+01  2.88643082e+01  3.08200066e+01  3.20492967e+01
  3.22537938e+01  3.03530761e+01  2.64503217e+01  2.11081081e+01
  1.51829078e+01  9.91855963e+00  5.66288735e+00  2.53770118e+00
  8.12978224e-01  1.62719304e-01 -5.24880836e-05  0.00000000e+00
  0.00000000e+00]
7
data after
[29.931346662796013, 37.8729767149812, 27.03281143286258, 28.864308203166726, 30.820006600270272, 32.049296719801724, 32.25379380016342, 30.353076136563125, 26.450321669413153, 21.108108090616764, 34.277701013913955]
12
data,sig_tot
[29.93134666 37.87297671 27.03281143 28.8643082  30.8200066  32.04929672
 32.2537938  30.35307614 26.45032167 21.10810809 34.27770101 24.36310706
 31.38378855]
[29.93134666 37.87297671 27.03281143 28.8643082  30.8200066  32.04929672
 32.2537938  30.35307614 26.45032167 21.10810809 34.27770101 24.36310706
 31.38378855]
3.6919153447118203 13.625229982670803 2.6628904235919237
val isze = 0
idinces = [11 10  5  9  3 12  8  0  1  2  4  7  6]
training loss = 0.9025962948799133 500
reduced chi^2 level 2 = 0.9316664338111877
Constrained alpha: 2.3460240364074707
Constrained beta: 4.763797283172607
Constrained gamma: 2.460505723953247
(1, 13)
(1, 0)
data before
[ 0.00000000e+00  0.00000000e+00  0.00000000e+00  0.00000000e+00
  0.00000000e+00  0.00000000e+00  0.00000000e+00  0.00000000e+00
  0.00000000e+00  0.00000000e+00  1.53228524e-05  4.76967098e-04
  1.71009339e-02  1.50602805e-01  4.08961313e-01  7.58594370e-01
  1.27316029e+00  2.07811254e+00  3.07013205e+00  4.77240260e+00
  7.28628024e+00  1.01155072e+01  1.48800483e+01  2.29929284e+01
  2.70328114e+01  2.88643082e+01  3.08200066e+01  3.20492967e+01
  3.22537938e+01  3.03530761e+01  2.64503217e+01  2.11081081e+01
  1.51829078e+01  9.91855963e+00  5.66288735e+00  2.53770118e+00
  8.12978224e-01  1.62719304e-01 -5.24880836e-05  0.00000000e+00
  0.00000000e+00]
7
data after
[29.931346662796013, 37.8729767149812, 27.03281143286258, 28.864308203166726, 30.820006600270272, 32.049296719801724, 32.25379380016342, 30.353076136563125, 26.450321669413153, 21.108108090616764, 34.277701013913955]
12
data,sig_tot
[29.93134666 37.87297671 27.03281143 28.8643082  30.8200066  32.04929672
 32.2537938  30.35307614 26.45032167 21.10810809 34.27770101 24.36310706
 31.38378855]
[29.93134666 37.87297671 27.03281143 28.8643082  30.8200066  32.04929672
 32.2537938  30.35307614 26.45032167 21.10810809 34.27770101 24.36310706
 31.38378855]
3.6190102529786 13.467209001839699 22.58624801273401
val isze = 0
idinces = [ 0 12 10  5  4 11  3  2  9  6  1  7  8]
training loss = 12.405668258666992 500
training loss = 0.9873455166816711 1000
training loss = 0.747462809085846 1500
training loss = 0.7041255235671997 2000
training loss = 0.687530517578125 2500
training loss = 0.6456339359283447 3000
training loss = 0.5827628374099731 3500
training loss = 0.5674194097518921 4000
training loss = 0.5603330731391907 4500
training loss = 0.5308504104614258 5000
reduced chi^2 level 2 = 0.530691385269165
Constrained alpha: 2.7027945518493652
Constrained beta: -0.010256110690534115
Constrained gamma: 2.818934679031372
(1, 13)
(1, 0)
data before
[ 0.00000000e+00  0.00000000e+00  0.00000000e+00  0.00000000e+00
  0.00000000e+00  0.00000000e+00  0.00000000e+00  0.00000000e+00
  0.00000000e+00  0.00000000e+00  1.53228524e-05  4.76967098e-04
  1.71009339e-02  1.50602805e-01  4.08961313e-01  7.58594370e-01
  1.27316029e+00  2.07811254e+00  3.07013205e+00  4.77240260e+00
  7.28628024e+00  1.01155072e+01  1.48800483e+01  2.29929284e+01
  2.70328114e+01  2.88643082e+01  3.08200066e+01  3.20492967e+01
  3.22537938e+01  3.03530761e+01  2.64503217e+01  2.11081081e+01
  1.51829078e+01  9.91855963e+00  5.66288735e+00  2.53770118e+00
  8.12978224e-01  1.62719304e-01 -5.24880836e-05  0.00000000e+00
  0.00000000e+00]
7
data after
[29.931346662796013, 37.8729767149812, 27.03281143286258, 28.864308203166726, 30.820006600270272, 32.049296719801724, 32.25379380016342, 30.353076136563125, 26.450321669413153, 21.108108090616764, 34.277701013913955]
12
data,sig_tot
[29.93134666 37.87297671 27.03281143 28.8643082  30.8200066  32.04929672
 32.2537938  30.35307614 26.45032167 21.10810809 34.27770101 24.36310706
 31.38378855]
[29.93134666 37.87297671 27.03281143 28.8643082  30.8200066  32.04929672
 32.2537938  30.35307614 26.45032167 21.10810809 34.27770101 24.36310706
 31.38378855]
3.6995809113963722 1.4583837288589652 1.8921195985658446
val isze = 0
idinces = [ 4  6  9  7 11  1 10  8 12  3  0  2  5]
training loss = 1.111925482749939 500
training loss = 1.0374553203582764 1000
training loss = 0.9768662452697754 1500
reduced chi^2 level 2 = 1.0279121398925781
Constrained alpha: 2.1231067180633545
Constrained beta: 1.141893982887268
Constrained gamma: 2.8420321941375732
(1, 13)
(1, 0)
data before
[ 0.00000000e+00  0.00000000e+00  0.00000000e+00  0.00000000e+00
  0.00000000e+00  0.00000000e+00  0.00000000e+00  0.00000000e+00
  0.00000000e+00  0.00000000e+00  1.53228524e-05  4.76967098e-04
  1.71009339e-02  1.50602805e-01  4.08961313e-01  7.58594370e-01
  1.27316029e+00  2.07811254e+00  3.07013205e+00  4.77240260e+00
  7.28628024e+00  1.01155072e+01  1.48800483e+01  2.29929284e+01
  2.70328114e+01  2.88643082e+01  3.08200066e+01  3.20492967e+01
  3.22537938e+01  3.03530761e+01  2.64503217e+01  2.11081081e+01
  1.51829078e+01  9.91855963e+00  5.66288735e+00  2.53770118e+00
  8.12978224e-01  1.62719304e-01 -5.24880836e-05  0.00000000e+00
  0.00000000e+00]
7
data after
[29.931346662796013, 37.8729767149812, 27.03281143286258, 28.864308203166726, 30.820006600270272, 32.049296719801724, 32.25379380016342, 30.353076136563125, 26.450321669413153, 21.108108090616764, 34.277701013913955]
12
data,sig_tot
[29.93134666 37.87297671 27.03281143 28.8643082  30.8200066  32.04929672
 32.2537938  30.35307614 26.45032167 21.10810809 34.27770101 24.36310706
 31.38378855]
[29.93134666 37.87297671 27.03281143 28.8643082  30.8200066  32.04929672
 32.2537938  30.35307614 26.45032167 21.10810809 34.27770101 24.36310706
 31.38378855]
3.225629032058466 19.64112508599656 29.975381951198997
val isze = 0
idinces = [ 7  4 11  0 10  3  6  2  8  9 12  5  1]
training loss = 0.9731342196464539 500
reduced chi^2 level 2 = 0.993683397769928
Constrained alpha: 2.5373051166534424
Constrained beta: 6.612014293670654
Constrained gamma: 10.672192573547363
(1, 13)
(1, 0)
data before
[ 0.00000000e+00  0.00000000e+00  0.00000000e+00  0.00000000e+00
  0.00000000e+00  0.00000000e+00  0.00000000e+00  0.00000000e+00
  0.00000000e+00  0.00000000e+00  1.53228524e-05  4.76967098e-04
  1.71009339e-02  1.50602805e-01  4.08961313e-01  7.58594370e-01
  1.27316029e+00  2.07811254e+00  3.07013205e+00  4.77240260e+00
  7.28628024e+00  1.01155072e+01  1.48800483e+01  2.29929284e+01
  2.70328114e+01  2.88643082e+01  3.08200066e+01  3.20492967e+01
  3.22537938e+01  3.03530761e+01  2.64503217e+01  2.11081081e+01
  1.51829078e+01  9.91855963e+00  5.66288735e+00  2.53770118e+00
  8.12978224e-01  1.62719304e-01 -5.24880836e-05  0.00000000e+00
  0.00000000e+00]
7
data after
[29.931346662796013, 37.8729767149812, 27.03281143286258, 28.864308203166726, 30.820006600270272, 32.049296719801724, 32.25379380016342, 30.353076136563125, 26.450321669413153, 21.108108090616764, 34.277701013913955]
12
data,sig_tot
[29.93134666 37.87297671 27.03281143 28.8643082  30.8200066  32.04929672
 32.2537938  30.35307614 26.45032167 21.10810809 34.27770101 24.36310706
 31.38378855]
[29.93134666 37.87297671 27.03281143 28.8643082  30.8200066  32.04929672
 32.2537938  30.35307614 26.45032167 21.10810809 34.27770101 24.36310706
 31.38378855]
0.755702945391149 10.76503363938101 33.60340338996085
val isze = 0
idinces = [ 4  7  0  6  9  2  8 11 12  3  5 10  1]
training loss = 0.7608667612075806 500
training loss = 0.6520830988883972 1000
reduced chi^2 level 2 = 0.6592654585838318
Constrained alpha: 2.281153440475464
Constrained beta: 4.260435104370117
Constrained gamma: 9.085919380187988
(1, 13)
(1, 0)
data before
[ 0.00000000e+00  0.00000000e+00  0.00000000e+00  0.00000000e+00
  0.00000000e+00  0.00000000e+00  0.00000000e+00  0.00000000e+00
  0.00000000e+00  0.00000000e+00  1.53228524e-05  4.76967098e-04
  1.71009339e-02  1.50602805e-01  4.08961313e-01  7.58594370e-01
  1.27316029e+00  2.07811254e+00  3.07013205e+00  4.77240260e+00
  7.28628024e+00  1.01155072e+01  1.48800483e+01  2.29929284e+01
  2.70328114e+01  2.88643082e+01  3.08200066e+01  3.20492967e+01
  3.22537938e+01  3.03530761e+01  2.64503217e+01  2.11081081e+01
  1.51829078e+01  9.91855963e+00  5.66288735e+00  2.53770118e+00
  8.12978224e-01  1.62719304e-01 -5.24880836e-05  0.00000000e+00
  0.00000000e+00]
7
data after
[29.931346662796013, 37.8729767149812, 27.03281143286258, 28.864308203166726, 30.820006600270272, 32.049296719801724, 32.25379380016342, 30.353076136563125, 26.450321669413153, 21.108108090616764, 34.277701013913955]
12
data,sig_tot
[29.93134666 37.87297671 27.03281143 28.8643082  30.8200066  32.04929672
 32.2537938  30.35307614 26.45032167 21.10810809 34.27770101 24.36310706
 31.38378855]
[29.93134666 37.87297671 27.03281143 28.8643082  30.8200066  32.04929672
 32.2537938  30.35307614 26.45032167 21.10810809 34.27770101 24.36310706
 31.38378855]
0.44733949888340674 6.273994785019061 74.40094929513424
val isze = 0
idinces = [ 0  3  7  5 11 12  9  6 10  2  4  1  8]
training loss = 1.192858099937439 500
training loss = 1.145751953125 1000
reduced chi^2 level 2 = 1.1493643522262573
Constrained alpha: 2.3274154663085938
Constrained beta: 3.88299822807312
Constrained gamma: 41.45454406738281
(1, 13)
(1, 0)
data before
[ 0.00000000e+00  0.00000000e+00  0.00000000e+00  0.00000000e+00
  0.00000000e+00  0.00000000e+00  0.00000000e+00  0.00000000e+00
  0.00000000e+00  0.00000000e+00  1.53228524e-05  4.76967098e-04
  1.71009339e-02  1.50602805e-01  4.08961313e-01  7.58594370e-01
  1.27316029e+00  2.07811254e+00  3.07013205e+00  4.77240260e+00
  7.28628024e+00  1.01155072e+01  1.48800483e+01  2.29929284e+01
  2.70328114e+01  2.88643082e+01  3.08200066e+01  3.20492967e+01
  3.22537938e+01  3.03530761e+01  2.64503217e+01  2.11081081e+01
  1.51829078e+01  9.91855963e+00  5.66288735e+00  2.53770118e+00
  8.12978224e-01  1.62719304e-01 -5.24880836e-05  0.00000000e+00
  0.00000000e+00]
7
data after
[29.931346662796013, 37.8729767149812, 27.03281143286258, 28.864308203166726, 30.820006600270272, 32.049296719801724, 32.25379380016342, 30.353076136563125, 26.450321669413153, 21.108108090616764, 34.277701013913955]
12
data,sig_tot
[29.93134666 37.87297671 27.03281143 28.8643082  30.8200066  32.04929672
 32.2537938  30.35307614 26.45032167 21.10810809 34.27770101 24.36310706
 31.38378855]
[29.93134666 37.87297671 27.03281143 28.8643082  30.8200066  32.04929672
 32.2537938  30.35307614 26.45032167 21.10810809 34.27770101 24.36310706
 31.38378855]
2.176263681069007 14.623415363713788 72.36293202436372
val isze = 0
idinces = [ 6  1 11  8  3 10 12  9  2  0  7  4  5]
training loss = 0.7421910762786865 500
training loss = 0.458234578371048 1000
reduced chi^2 level 2 = 0.46292850375175476
Constrained alpha: 2.356534242630005
Constrained beta: 4.260639190673828
Constrained gamma: 42.05579376220703
(1, 13)
(1, 0)
data before
[ 0.00000000e+00  0.00000000e+00  0.00000000e+00  0.00000000e+00
  0.00000000e+00  0.00000000e+00  0.00000000e+00  0.00000000e+00
  0.00000000e+00  0.00000000e+00  1.53228524e-05  4.76967098e-04
  1.71009339e-02  1.50602805e-01  4.08961313e-01  7.58594370e-01
  1.27316029e+00  2.07811254e+00  3.07013205e+00  4.77240260e+00
  7.28628024e+00  1.01155072e+01  1.48800483e+01  2.29929284e+01
  2.70328114e+01  2.88643082e+01  3.08200066e+01  3.20492967e+01
  3.22537938e+01  3.03530761e+01  2.64503217e+01  2.11081081e+01
  1.51829078e+01  9.91855963e+00  5.66288735e+00  2.53770118e+00
  8.12978224e-01  1.62719304e-01 -5.24880836e-05  0.00000000e+00
  0.00000000e+00]
7
data after
[29.931346662796013, 37.8729767149812, 27.03281143286258, 28.864308203166726, 30.820006600270272, 32.049296719801724, 32.25379380016342, 30.353076136563125, 26.450321669413153, 21.108108090616764, 34.277701013913955]
12
data,sig_tot
[29.93134666 37.87297671 27.03281143 28.8643082  30.8200066  32.04929672
 32.2537938  30.35307614 26.45032167 21.10810809 34.27770101 24.36310706
 31.38378855]
[29.93134666 37.87297671 27.03281143 28.8643082  30.8200066  32.04929672
 32.2537938  30.35307614 26.45032167 21.10810809 34.27770101 24.36310706
 31.38378855]
2.815761933337126 4.191391420567252 30.543025738666852
val isze = 0
idinces = [10  4  1  8  2  6 12  3 11  7  9  0  5]
training loss = 0.9291219115257263 500
reduced chi^2 level 2 = 0.9304203987121582
Constrained alpha: 2.676668882369995
Constrained beta: 2.858158588409424
Constrained gamma: 17.439626693725586
(1, 13)
(1, 0)
data before
[ 0.00000000e+00  0.00000000e+00  0.00000000e+00  0.00000000e+00
  0.00000000e+00  0.00000000e+00  0.00000000e+00  0.00000000e+00
  0.00000000e+00  0.00000000e+00  1.53228524e-05  4.76967098e-04
  1.71009339e-02  1.50602805e-01  4.08961313e-01  7.58594370e-01
  1.27316029e+00  2.07811254e+00  3.07013205e+00  4.77240260e+00
  7.28628024e+00  1.01155072e+01  1.48800483e+01  2.29929284e+01
  2.70328114e+01  2.88643082e+01  3.08200066e+01  3.20492967e+01
  3.22537938e+01  3.03530761e+01  2.64503217e+01  2.11081081e+01
  1.51829078e+01  9.91855963e+00  5.66288735e+00  2.53770118e+00
  8.12978224e-01  1.62719304e-01 -5.24880836e-05  0.00000000e+00
  0.00000000e+00]
7
data after
[29.931346662796013, 37.8729767149812, 27.03281143286258, 28.864308203166726, 30.820006600270272, 32.049296719801724, 32.25379380016342, 30.353076136563125, 26.450321669413153, 21.108108090616764, 34.277701013913955]
12
data,sig_tot
[29.93134666 37.87297671 27.03281143 28.8643082  30.8200066  32.04929672
 32.2537938  30.35307614 26.45032167 21.10810809 34.27770101 24.36310706
 31.38378855]
[29.93134666 37.87297671 27.03281143 28.8643082  30.8200066  32.04929672
 32.2537938  30.35307614 26.45032167 21.10810809 34.27770101 24.36310706
 31.38378855]
2.909542828580861 7.9999064619108085 44.50831760136508
val isze = 0
idinces = [12  4  7 11  6 10  8  3  1  5  2  9  0]
training loss = 1.5721358060836792 500
training loss = 1.5602463483810425 1000
reduced chi^2 level 2 = 1.5624531507492065
Constrained alpha: 2.7167551517486572
Constrained beta: 2.9866771697998047
Constrained gamma: 16.995054244995117
(1, 13)
(1, 0)
data before
[ 0.00000000e+00  0.00000000e+00  0.00000000e+00  0.00000000e+00
  0.00000000e+00  0.00000000e+00  0.00000000e+00  0.00000000e+00
  0.00000000e+00  0.00000000e+00  1.53228524e-05  4.76967098e-04
  1.71009339e-02  1.50602805e-01  4.08961313e-01  7.58594370e-01
  1.27316029e+00  2.07811254e+00  3.07013205e+00  4.77240260e+00
  7.28628024e+00  1.01155072e+01  1.48800483e+01  2.29929284e+01
  2.70328114e+01  2.88643082e+01  3.08200066e+01  3.20492967e+01
  3.22537938e+01  3.03530761e+01  2.64503217e+01  2.11081081e+01
  1.51829078e+01  9.91855963e+00  5.66288735e+00  2.53770118e+00
  8.12978224e-01  1.62719304e-01 -5.24880836e-05  0.00000000e+00
  0.00000000e+00]
7
data after
[29.931346662796013, 37.8729767149812, 27.03281143286258, 28.864308203166726, 30.820006600270272, 32.049296719801724, 32.25379380016342, 30.353076136563125, 26.450321669413153, 21.108108090616764, 34.277701013913955]
12
data,sig_tot
[29.93134666 37.87297671 27.03281143 28.8643082  30.8200066  32.04929672
 32.2537938  30.35307614 26.45032167 21.10810809 34.27770101 24.36310706
 31.38378855]
[29.93134666 37.87297671 27.03281143 28.8643082  30.8200066  32.04929672
 32.2537938  30.35307614 26.45032167 21.10810809 34.27770101 24.36310706
 31.38378855]
4.440255695437784 8.967112821748346 63.74745524385171
val isze = 0
idinces = [ 5  4  8  7 12  1  9  6 11 10  2  0  3]
training loss = 25.39189338684082 500
training loss = 24.852731704711914 1000
training loss = 24.263492584228516 1500
training loss = 23.662860870361328 2000
training loss = 23.005264282226562 2500
training loss = 22.14919662475586 3000
training loss = 20.80658531188965 3500
training loss = 18.385778427124023 4000
training loss = 14.286046028137207 4500
training loss = 10.192975044250488 5000
(1, 13)
(1, 0)
data before
[ 0.00000000e+00  0.00000000e+00  0.00000000e+00  0.00000000e+00
  0.00000000e+00  0.00000000e+00  0.00000000e+00  0.00000000e+00
  0.00000000e+00  0.00000000e+00  1.53228524e-05  4.76967098e-04
  1.71009339e-02  1.50602805e-01  4.08961313e-01  7.58594370e-01
  1.27316029e+00  2.07811254e+00  3.07013205e+00  4.77240260e+00
  7.28628024e+00  1.01155072e+01  1.48800483e+01  2.29929284e+01
  2.70328114e+01  2.88643082e+01  3.08200066e+01  3.20492967e+01
  3.22537938e+01  3.03530761e+01  2.64503217e+01  2.11081081e+01
  1.51829078e+01  9.91855963e+00  5.66288735e+00  2.53770118e+00
  8.12978224e-01  1.62719304e-01 -5.24880836e-05  0.00000000e+00
  0.00000000e+00]
7
data after
[29.931346662796013, 37.8729767149812, 27.03281143286258, 28.864308203166726, 30.820006600270272, 32.049296719801724, 32.25379380016342, 30.353076136563125, 26.450321669413153, 21.108108090616764, 34.277701013913955]
12
data,sig_tot
[29.93134666 37.87297671 27.03281143 28.8643082  30.8200066  32.04929672
 32.2537938  30.35307614 26.45032167 21.10810809 34.27770101 24.36310706
 31.38378855]
[29.93134666 37.87297671 27.03281143 28.8643082  30.8200066  32.04929672
 32.2537938  30.35307614 26.45032167 21.10810809 34.27770101 24.36310706
 31.38378855]
4.789657044838696 13.426568351344867 34.4210789524927
val isze = 0
idinces = [ 8  6 11  1  3 12  5  9  0  7 10  2  4]
training loss = 28.040292739868164 500
training loss = 27.28725814819336 1000
training loss = 26.386672973632812 1500
training loss = 25.345548629760742 2000
training loss = 24.484106063842773 2500
training loss = 24.028772354125977 3000
training loss = 23.840961456298828 3500
training loss = 23.757917404174805 4000
training loss = 23.70130729675293 4500
training loss = 23.64122772216797 5000
(1, 13)
(1, 0)
data before
[ 0.00000000e+00  0.00000000e+00  0.00000000e+00  0.00000000e+00
  0.00000000e+00  0.00000000e+00  0.00000000e+00  0.00000000e+00
  0.00000000e+00  0.00000000e+00  1.53228524e-05  4.76967098e-04
  1.71009339e-02  1.50602805e-01  4.08961313e-01  7.58594370e-01
  1.27316029e+00  2.07811254e+00  3.07013205e+00  4.77240260e+00
  7.28628024e+00  1.01155072e+01  1.48800483e+01  2.29929284e+01
  2.70328114e+01  2.88643082e+01  3.08200066e+01  3.20492967e+01
  3.22537938e+01  3.03530761e+01  2.64503217e+01  2.11081081e+01
  1.51829078e+01  9.91855963e+00  5.66288735e+00  2.53770118e+00
  8.12978224e-01  1.62719304e-01 -5.24880836e-05  0.00000000e+00
  0.00000000e+00]
7
data after
[29.931346662796013, 37.8729767149812, 27.03281143286258, 28.864308203166726, 30.820006600270272, 32.049296719801724, 32.25379380016342, 30.353076136563125, 26.450321669413153, 21.108108090616764, 34.277701013913955]
12
data,sig_tot
[29.93134666 37.87297671 27.03281143 28.8643082  30.8200066  32.04929672
 32.2537938  30.35307614 26.45032167 21.10810809 34.27770101 24.36310706
 31.38378855]
[29.93134666 37.87297671 27.03281143 28.8643082  30.8200066  32.04929672
 32.2537938  30.35307614 26.45032167 21.10810809 34.27770101 24.36310706
 31.38378855]
3.841992421296447 17.370827631667453 49.95536226723224
val isze = 0
idinces = [ 5  0  8 12 11  6  7  1  4  2 10  3  9]
training loss = 20.65009117126465 500
training loss = 20.219482421875 1000
training loss = 19.523780822753906 1500
training loss = 18.30232810974121 2000
training loss = 10.461865425109863 2500
training loss = 7.719803333282471 3000
training loss = 4.511416912078857 3500
training loss = 1.5728888511657715 4000
training loss = 1.359189748764038 4500
training loss = 1.3057397603988647 5000
reduced chi^2 level 2 = 1.305666208267212
Constrained alpha: 3.602111577987671
Constrained beta: 3.6736271381378174
Constrained gamma: 28.52313804626465
(1, 13)
(1, 0)
data before
[ 0.00000000e+00  0.00000000e+00  0.00000000e+00  0.00000000e+00
  0.00000000e+00  0.00000000e+00  0.00000000e+00  0.00000000e+00
  0.00000000e+00  0.00000000e+00  1.53228524e-05  4.76967098e-04
  1.71009339e-02  1.50602805e-01  4.08961313e-01  7.58594370e-01
  1.27316029e+00  2.07811254e+00  3.07013205e+00  4.77240260e+00
  7.28628024e+00  1.01155072e+01  1.48800483e+01  2.29929284e+01
  2.70328114e+01  2.88643082e+01  3.08200066e+01  3.20492967e+01
  3.22537938e+01  3.03530761e+01  2.64503217e+01  2.11081081e+01
  1.51829078e+01  9.91855963e+00  5.66288735e+00  2.53770118e+00
  8.12978224e-01  1.62719304e-01 -5.24880836e-05  0.00000000e+00
  0.00000000e+00]
7
data after
[29.931346662796013, 37.8729767149812, 27.03281143286258, 28.864308203166726, 30.820006600270272, 32.049296719801724, 32.25379380016342, 30.353076136563125, 26.450321669413153, 21.108108090616764, 34.277701013913955]
12
data,sig_tot
[29.93134666 37.87297671 27.03281143 28.8643082  30.8200066  32.04929672
 32.2537938  30.35307614 26.45032167 21.10810809 34.27770101 24.36310706
 31.38378855]
[29.93134666 37.87297671 27.03281143 28.8643082  30.8200066  32.04929672
 32.2537938  30.35307614 26.45032167 21.10810809 34.27770101 24.36310706
 31.38378855]
1.4818925430128411 9.083961848487354 7.178265042904341
val isze = 0
idinces = [ 2  9 11  6  7 10  3  5 12  1  0  4  8]
training loss = 0.7918334007263184 500
reduced chi^2 level 2 = 0.7953595519065857
Constrained alpha: 2.2990610599517822
Constrained beta: 4.105388164520264
Constrained gamma: 4.152679443359375
(1, 13)
(1, 0)
data before
[ 0.00000000e+00  0.00000000e+00  0.00000000e+00  0.00000000e+00
  0.00000000e+00  0.00000000e+00  0.00000000e+00  0.00000000e+00
  0.00000000e+00  0.00000000e+00  1.53228524e-05  4.76967098e-04
  1.71009339e-02  1.50602805e-01  4.08961313e-01  7.58594370e-01
  1.27316029e+00  2.07811254e+00  3.07013205e+00  4.77240260e+00
  7.28628024e+00  1.01155072e+01  1.48800483e+01  2.29929284e+01
  2.70328114e+01  2.88643082e+01  3.08200066e+01  3.20492967e+01
  3.22537938e+01  3.03530761e+01  2.64503217e+01  2.11081081e+01
  1.51829078e+01  9.91855963e+00  5.66288735e+00  2.53770118e+00
  8.12978224e-01  1.62719304e-01 -5.24880836e-05  0.00000000e+00
  0.00000000e+00]
7
data after
[29.931346662796013, 37.8729767149812, 27.03281143286258, 28.864308203166726, 30.820006600270272, 32.049296719801724, 32.25379380016342, 30.353076136563125, 26.450321669413153, 21.108108090616764, 34.277701013913955]
12
data,sig_tot
[29.93134666 37.87297671 27.03281143 28.8643082  30.8200066  32.04929672
 32.2537938  30.35307614 26.45032167 21.10810809 34.27770101 24.36310706
 31.38378855]
[29.93134666 37.87297671 27.03281143 28.8643082  30.8200066  32.04929672
 32.2537938  30.35307614 26.45032167 21.10810809 34.27770101 24.36310706
 31.38378855]
4.262457372443415 4.3063766397128855 75.75056855370177
val isze = 0
idinces = [10 11  1  0  5 12  4  7  8  2  6  3  9]
(1, 13)
(1, 0)
data before
[ 0.00000000e+00  0.00000000e+00  0.00000000e+00  0.00000000e+00
  0.00000000e+00  0.00000000e+00  0.00000000e+00  0.00000000e+00
  0.00000000e+00  0.00000000e+00  1.53228524e-05  4.76967098e-04
  1.71009339e-02  1.50602805e-01  4.08961313e-01  7.58594370e-01
  1.27316029e+00  2.07811254e+00  3.07013205e+00  4.77240260e+00
  7.28628024e+00  1.01155072e+01  1.48800483e+01  2.29929284e+01
  2.70328114e+01  2.88643082e+01  3.08200066e+01  3.20492967e+01
  3.22537938e+01  3.03530761e+01  2.64503217e+01  2.11081081e+01
  1.51829078e+01  9.91855963e+00  5.66288735e+00  2.53770118e+00
  8.12978224e-01  1.62719304e-01 -5.24880836e-05  0.00000000e+00
  0.00000000e+00]
7
data after
[29.931346662796013, 37.8729767149812, 27.03281143286258, 28.864308203166726, 30.820006600270272, 32.049296719801724, 32.25379380016342, 30.353076136563125, 26.450321669413153, 21.108108090616764, 34.277701013913955]
12
data,sig_tot
[29.93134666 37.87297671 27.03281143 28.8643082  30.8200066  32.04929672
 32.2537938  30.35307614 26.45032167 21.10810809 34.27770101 24.36310706
 31.38378855]
[29.93134666 37.87297671 27.03281143 28.8643082  30.8200066  32.04929672
 32.2537938  30.35307614 26.45032167 21.10810809 34.27770101 24.36310706
 31.38378855]
2.543360932962562 15.880471979165208 97.45938987071304
val isze = 0
idinces = [ 9 12  7  8  0  1  2  4  6  3  5 11 10]
training loss = 0.5575558543205261 500
training loss = 0.5651171803474426 1000
reduced chi^2 level 2 = 0.5591229200363159
Constrained alpha: 2.5509653091430664
Constrained beta: 4.580657958984375
Constrained gamma: 67.01844024658203
(1, 13)
(1, 0)
data before
[ 0.00000000e+00  0.00000000e+00  0.00000000e+00  0.00000000e+00
  0.00000000e+00  0.00000000e+00  0.00000000e+00  0.00000000e+00
  0.00000000e+00  0.00000000e+00  1.53228524e-05  4.76967098e-04
  1.71009339e-02  1.50602805e-01  4.08961313e-01  7.58594370e-01
  1.27316029e+00  2.07811254e+00  3.07013205e+00  4.77240260e+00
  7.28628024e+00  1.01155072e+01  1.48800483e+01  2.29929284e+01
  2.70328114e+01  2.88643082e+01  3.08200066e+01  3.20492967e+01
  3.22537938e+01  3.03530761e+01  2.64503217e+01  2.11081081e+01
  1.51829078e+01  9.91855963e+00  5.66288735e+00  2.53770118e+00
  8.12978224e-01  1.62719304e-01 -5.24880836e-05  0.00000000e+00
  0.00000000e+00]
7
data after
[29.931346662796013, 37.8729767149812, 27.03281143286258, 28.864308203166726, 30.820006600270272, 32.049296719801724, 32.25379380016342, 30.353076136563125, 26.450321669413153, 21.108108090616764, 34.277701013913955]
12
data,sig_tot
[29.93134666 37.87297671 27.03281143 28.8643082  30.8200066  32.04929672
 32.2537938  30.35307614 26.45032167 21.10810809 34.27770101 24.36310706
 31.38378855]
[29.93134666 37.87297671 27.03281143 28.8643082  30.8200066  32.04929672
 32.2537938  30.35307614 26.45032167 21.10810809 34.27770101 24.36310706
 31.38378855]
4.886636790408051 18.410024090578453 81.24220001510378
val isze = 0
idinces = [ 1 11 12  8  6  4  9  3  2  5  0 10  7]
training loss = 59.28702163696289 500
training loss = 27.599063873291016 1000
training loss = 24.013851165771484 1500
training loss = 23.214004516601562 2000
training loss = 22.919815063476562 2500
training loss = 22.71401596069336 3000
training loss = 22.509479522705078 3500
training loss = 22.304595947265625 4000
training loss = 22.121061325073242 4500
training loss = 21.978296279907227 5000
(1, 13)
(1, 0)
data before
[ 0.00000000e+00  0.00000000e+00  0.00000000e+00  0.00000000e+00
  0.00000000e+00  0.00000000e+00  0.00000000e+00  0.00000000e+00
  0.00000000e+00  0.00000000e+00  1.53228524e-05  4.76967098e-04
  1.71009339e-02  1.50602805e-01  4.08961313e-01  7.58594370e-01
  1.27316029e+00  2.07811254e+00  3.07013205e+00  4.77240260e+00
  7.28628024e+00  1.01155072e+01  1.48800483e+01  2.29929284e+01
  2.70328114e+01  2.88643082e+01  3.08200066e+01  3.20492967e+01
  3.22537938e+01  3.03530761e+01  2.64503217e+01  2.11081081e+01
  1.51829078e+01  9.91855963e+00  5.66288735e+00  2.53770118e+00
  8.12978224e-01  1.62719304e-01 -5.24880836e-05  0.00000000e+00
  0.00000000e+00]
7
data after
[29.931346662796013, 37.8729767149812, 27.03281143286258, 28.864308203166726, 30.820006600270272, 32.049296719801724, 32.25379380016342, 30.353076136563125, 26.450321669413153, 21.108108090616764, 34.277701013913955]
12
data,sig_tot
[29.93134666 37.87297671 27.03281143 28.8643082  30.8200066  32.04929672
 32.2537938  30.35307614 26.45032167 21.10810809 34.27770101 24.36310706
 31.38378855]
[29.93134666 37.87297671 27.03281143 28.8643082  30.8200066  32.04929672
 32.2537938  30.35307614 26.45032167 21.10810809 34.27770101 24.36310706
 31.38378855]
3.0447408209527183 17.95969971470385 12.237684827589913
val isze = 0
idinces = [12  5  6  3 10  0  2  8 11  1  4  7  9]
training loss = 0.5925549864768982 500
reduced chi^2 level 2 = 0.6033052802085876
Constrained alpha: 2.866309642791748
Constrained beta: 5.104763031005859
Constrained gamma: 3.26318359375
(1, 13)
(1, 0)
data before
[ 0.00000000e+00  0.00000000e+00  0.00000000e+00  0.00000000e+00
  0.00000000e+00  0.00000000e+00  0.00000000e+00  0.00000000e+00
  0.00000000e+00  0.00000000e+00  1.53228524e-05  4.76967098e-04
  1.71009339e-02  1.50602805e-01  4.08961313e-01  7.58594370e-01
  1.27316029e+00  2.07811254e+00  3.07013205e+00  4.77240260e+00
  7.28628024e+00  1.01155072e+01  1.48800483e+01  2.29929284e+01
  2.70328114e+01  2.88643082e+01  3.08200066e+01  3.20492967e+01
  3.22537938e+01  3.03530761e+01  2.64503217e+01  2.11081081e+01
  1.51829078e+01  9.91855963e+00  5.66288735e+00  2.53770118e+00
  8.12978224e-01  1.62719304e-01 -5.24880836e-05  0.00000000e+00
  0.00000000e+00]
7
data after
[29.931346662796013, 37.8729767149812, 27.03281143286258, 28.864308203166726, 30.820006600270272, 32.049296719801724, 32.25379380016342, 30.353076136563125, 26.450321669413153, 21.108108090616764, 34.277701013913955]
12
data,sig_tot
[29.93134666 37.87297671 27.03281143 28.8643082  30.8200066  32.04929672
 32.2537938  30.35307614 26.45032167 21.10810809 34.27770101 24.36310706
 31.38378855]
[29.93134666 37.87297671 27.03281143 28.8643082  30.8200066  32.04929672
 32.2537938  30.35307614 26.45032167 21.10810809 34.27770101 24.36310706
 31.38378855]
0.6033486096000806 7.897105361689429 96.48964692794809
val isze = 0
idinces = [ 3  7  0  6  8  1  9  2 10 12  5 11  4]
training loss = 1.2746363878250122 500
training loss = 1.1429189443588257 1000
reduced chi^2 level 2 = 1.1439937353134155
Constrained alpha: 2.4701967239379883
Constrained beta: 3.326885223388672
Constrained gamma: 63.297977447509766
(1, 13)
(1, 0)
data before
[ 0.00000000e+00  0.00000000e+00  0.00000000e+00  0.00000000e+00
  0.00000000e+00  0.00000000e+00  0.00000000e+00  0.00000000e+00
  0.00000000e+00  0.00000000e+00  1.53228524e-05  4.76967098e-04
  1.71009339e-02  1.50602805e-01  4.08961313e-01  7.58594370e-01
  1.27316029e+00  2.07811254e+00  3.07013205e+00  4.77240260e+00
  7.28628024e+00  1.01155072e+01  1.48800483e+01  2.29929284e+01
  2.70328114e+01  2.88643082e+01  3.08200066e+01  3.20492967e+01
  3.22537938e+01  3.03530761e+01  2.64503217e+01  2.11081081e+01
  1.51829078e+01  9.91855963e+00  5.66288735e+00  2.53770118e+00
  8.12978224e-01  1.62719304e-01 -5.24880836e-05  0.00000000e+00
  0.00000000e+00]
7
data after
[29.931346662796013, 37.8729767149812, 27.03281143286258, 28.864308203166726, 30.820006600270272, 32.049296719801724, 32.25379380016342, 30.353076136563125, 26.450321669413153, 21.108108090616764, 34.277701013913955]
12
data,sig_tot
[29.93134666 37.87297671 27.03281143 28.8643082  30.8200066  32.04929672
 32.2537938  30.35307614 26.45032167 21.10810809 34.27770101 24.36310706
 31.38378855]
[29.93134666 37.87297671 27.03281143 28.8643082  30.8200066  32.04929672
 32.2537938  30.35307614 26.45032167 21.10810809 34.27770101 24.36310706
 31.38378855]
1.970006682699933 4.275514839560133 57.51802269592429
val isze = 0
idinces = [ 3  2  7  1  8  4 11  9  6 12  0 10  5]
reduced chi^2 level 2 = 1.931952714920044
Constrained alpha: 2.221524477005005
Constrained beta: 3.751929998397827
Constrained gamma: 47.223182678222656
(1, 13)
(1, 0)
data before
[ 0.00000000e+00  0.00000000e+00  0.00000000e+00  0.00000000e+00
  0.00000000e+00  0.00000000e+00  0.00000000e+00  0.00000000e+00
  0.00000000e+00  0.00000000e+00  1.53228524e-05  4.76967098e-04
  1.71009339e-02  1.50602805e-01  4.08961313e-01  7.58594370e-01
  1.27316029e+00  2.07811254e+00  3.07013205e+00  4.77240260e+00
  7.28628024e+00  1.01155072e+01  1.48800483e+01  2.29929284e+01
  2.70328114e+01  2.88643082e+01  3.08200066e+01  3.20492967e+01
  3.22537938e+01  3.03530761e+01  2.64503217e+01  2.11081081e+01
  1.51829078e+01  9.91855963e+00  5.66288735e+00  2.53770118e+00
  8.12978224e-01  1.62719304e-01 -5.24880836e-05  0.00000000e+00
  0.00000000e+00]
7
data after
[29.931346662796013, 37.8729767149812, 27.03281143286258, 28.864308203166726, 30.820006600270272, 32.049296719801724, 32.25379380016342, 30.353076136563125, 26.450321669413153, 21.108108090616764, 34.277701013913955]
12
data,sig_tot
[29.93134666 37.87297671 27.03281143 28.8643082  30.8200066  32.04929672
 32.2537938  30.35307614 26.45032167 21.10810809 34.27770101 24.36310706
 31.38378855]
[29.93134666 37.87297671 27.03281143 28.8643082  30.8200066  32.04929672
 32.2537938  30.35307614 26.45032167 21.10810809 34.27770101 24.36310706
 31.38378855]
0.3978094908322516 5.625039692984297 8.270671464130452
val isze = 0
idinces = [ 3 10  6  4  0  5  7 12  9  8  2 11  1]
training loss = 2.3231441974639893 500
training loss = 2.230367660522461 1000
reduced chi^2 level 2 = 2.234593152999878
Constrained alpha: 2.6506118774414062
Constrained beta: 2.939298629760742
Constrained gamma: 3.3946356773376465
(1, 13)
(1, 0)
data before
[ 0.00000000e+00  0.00000000e+00  0.00000000e+00  0.00000000e+00
  0.00000000e+00  0.00000000e+00  0.00000000e+00  0.00000000e+00
  0.00000000e+00  0.00000000e+00  1.53228524e-05  4.76967098e-04
  1.71009339e-02  1.50602805e-01  4.08961313e-01  7.58594370e-01
  1.27316029e+00  2.07811254e+00  3.07013205e+00  4.77240260e+00
  7.28628024e+00  1.01155072e+01  1.48800483e+01  2.29929284e+01
  2.70328114e+01  2.88643082e+01  3.08200066e+01  3.20492967e+01
  3.22537938e+01  3.03530761e+01  2.64503217e+01  2.11081081e+01
  1.51829078e+01  9.91855963e+00  5.66288735e+00  2.53770118e+00
  8.12978224e-01  1.62719304e-01 -5.24880836e-05  0.00000000e+00
  0.00000000e+00]
7
data after
[29.931346662796013, 37.8729767149812, 27.03281143286258, 28.864308203166726, 30.820006600270272, 32.049296719801724, 32.25379380016342, 30.353076136563125, 26.450321669413153, 21.108108090616764, 34.277701013913955]
12
data,sig_tot
[29.93134666 37.87297671 27.03281143 28.8643082  30.8200066  32.04929672
 32.2537938  30.35307614 26.45032167 21.10810809 34.27770101 24.36310706
 31.38378855]
[29.93134666 37.87297671 27.03281143 28.8643082  30.8200066  32.04929672
 32.2537938  30.35307614 26.45032167 21.10810809 34.27770101 24.36310706
 31.38378855]
4.858878981978131 9.484890708768392 59.038032723093956
val isze = 0
idinces = [ 1  5  0 11  7 10  2  4  8  9  6  3 12]
training loss = 49.6229133605957 500
training loss = 31.911624908447266 1000
training loss = 28.015260696411133 1500
training loss = 27.068483352661133 2000
training loss = 26.82684898376465 2500
training loss = 26.750038146972656 3000
training loss = 26.698129653930664 3500
training loss = 26.63770294189453 4000
training loss = 26.560083389282227 4500
training loss = 26.459640502929688 5000
(1, 13)
(1, 0)
data before
[ 0.00000000e+00  0.00000000e+00  0.00000000e+00  0.00000000e+00
  0.00000000e+00  0.00000000e+00  0.00000000e+00  0.00000000e+00
  0.00000000e+00  0.00000000e+00  1.53228524e-05  4.76967098e-04
  1.71009339e-02  1.50602805e-01  4.08961313e-01  7.58594370e-01
  1.27316029e+00  2.07811254e+00  3.07013205e+00  4.77240260e+00
  7.28628024e+00  1.01155072e+01  1.48800483e+01  2.29929284e+01
  2.70328114e+01  2.88643082e+01  3.08200066e+01  3.20492967e+01
  3.22537938e+01  3.03530761e+01  2.64503217e+01  2.11081081e+01
  1.51829078e+01  9.91855963e+00  5.66288735e+00  2.53770118e+00
  8.12978224e-01  1.62719304e-01 -5.24880836e-05  0.00000000e+00
  0.00000000e+00]
7
data after
[29.931346662796013, 37.8729767149812, 27.03281143286258, 28.864308203166726, 30.820006600270272, 32.049296719801724, 32.25379380016342, 30.353076136563125, 26.450321669413153, 21.108108090616764, 34.277701013913955]
12
data,sig_tot
[29.93134666 37.87297671 27.03281143 28.8643082  30.8200066  32.04929672
 32.2537938  30.35307614 26.45032167 21.10810809 34.27770101 24.36310706
 31.38378855]
[29.93134666 37.87297671 27.03281143 28.8643082  30.8200066  32.04929672
 32.2537938  30.35307614 26.45032167 21.10810809 34.27770101 24.36310706
 31.38378855]
1.5812472722657556 0.4704906480032056 42.51834095320062
val isze = 0
idinces = [ 1 10 11  0  7  3  8  4  5  2  6  9 12]
training loss = 0.4766162931919098 500
training loss = 0.4274267852306366 1000
training loss = 0.42160680890083313 1500
reduced chi^2 level 2 = 0.42239606380462646
Constrained alpha: 2.5604588985443115
Constrained beta: 3.3619015216827393
Constrained gamma: 6.554017066955566
(1, 13)
(1, 0)
data before
[ 0.00000000e+00  0.00000000e+00  0.00000000e+00  0.00000000e+00
  0.00000000e+00  0.00000000e+00  0.00000000e+00  0.00000000e+00
  0.00000000e+00  0.00000000e+00  1.53228524e-05  4.76967098e-04
  1.71009339e-02  1.50602805e-01  4.08961313e-01  7.58594370e-01
  1.27316029e+00  2.07811254e+00  3.07013205e+00  4.77240260e+00
  7.28628024e+00  1.01155072e+01  1.48800483e+01  2.29929284e+01
  2.70328114e+01  2.88643082e+01  3.08200066e+01  3.20492967e+01
  3.22537938e+01  3.03530761e+01  2.64503217e+01  2.11081081e+01
  1.51829078e+01  9.91855963e+00  5.66288735e+00  2.53770118e+00
  8.12978224e-01  1.62719304e-01 -5.24880836e-05  0.00000000e+00
  0.00000000e+00]
7
data after
[29.931346662796013, 37.8729767149812, 27.03281143286258, 28.864308203166726, 30.820006600270272, 32.049296719801724, 32.25379380016342, 30.353076136563125, 26.450321669413153, 21.108108090616764, 34.277701013913955]
12
data,sig_tot
[29.93134666 37.87297671 27.03281143 28.8643082  30.8200066  32.04929672
 32.2537938  30.35307614 26.45032167 21.10810809 34.27770101 24.36310706
 31.38378855]
[29.93134666 37.87297671 27.03281143 28.8643082  30.8200066  32.04929672
 32.2537938  30.35307614 26.45032167 21.10810809 34.27770101 24.36310706
 31.38378855]
1.3114130542642832 18.3680424231149 1.328166345432058
val isze = 0
idinces = [ 5 10 11  3  4  6 12  2  8  0  9  7  1]
training loss = 1.7345833778381348 500
training loss = 1.226394534111023 1000
reduced chi^2 level 2 = 1.233823537826538
Constrained alpha: 2.5884792804718018
Constrained beta: 2.898493528366089
Constrained gamma: 2.368436813354492
(1, 13)
(1, 0)
data before
[ 0.00000000e+00  0.00000000e+00  0.00000000e+00  0.00000000e+00
  0.00000000e+00  0.00000000e+00  0.00000000e+00  0.00000000e+00
  0.00000000e+00  0.00000000e+00  1.53228524e-05  4.76967098e-04
  1.71009339e-02  1.50602805e-01  4.08961313e-01  7.58594370e-01
  1.27316029e+00  2.07811254e+00  3.07013205e+00  4.77240260e+00
  7.28628024e+00  1.01155072e+01  1.48800483e+01  2.29929284e+01
  2.70328114e+01  2.88643082e+01  3.08200066e+01  3.20492967e+01
  3.22537938e+01  3.03530761e+01  2.64503217e+01  2.11081081e+01
  1.51829078e+01  9.91855963e+00  5.66288735e+00  2.53770118e+00
  8.12978224e-01  1.62719304e-01 -5.24880836e-05  0.00000000e+00
  0.00000000e+00]
7
data after
[29.931346662796013, 37.8729767149812, 27.03281143286258, 28.864308203166726, 30.820006600270272, 32.049296719801724, 32.25379380016342, 30.353076136563125, 26.450321669413153, 21.108108090616764, 34.277701013913955]
12
data,sig_tot
[29.93134666 37.87297671 27.03281143 28.8643082  30.8200066  32.04929672
 32.2537938  30.35307614 26.45032167 21.10810809 34.27770101 24.36310706
 31.38378855]
[29.93134666 37.87297671 27.03281143 28.8643082  30.8200066  32.04929672
 32.2537938  30.35307614 26.45032167 21.10810809 34.27770101 24.36310706
 31.38378855]
0.4842063946057068 1.61401959796865 92.94198425867441
val isze = 0
idinces = [ 2  9 12  3  1  0  4  7  6  5 11  8 10]
training loss = 1.7634527683258057 500
training loss = 1.7360014915466309 1000
training loss = 1.7342514991760254 1500
reduced chi^2 level 2 = 1.7341164350509644
Constrained alpha: 2.3366546630859375
Constrained beta: 4.602297782897949
Constrained gamma: 47.2285270690918
>>>>>>> bf5bffb69ec4a318117f0a4aa6bdaab926d87e87
(1, 13)
(1, 0)
