data before
[ 0.          0.          0.          0.          0.          0.
  0.          0.          0.          0.          0.          0.
  0.          0.          0.          0.          0.          0.
  0.          0.         18.54770328 22.06836739 25.69733589 29.7692914
 33.69446817 37.71868728 41.2839357  44.8570441  47.41772947 49.00613891
 49.06113251 46.95973269 41.63525185 33.75256836 24.88206784 17.33100296
 14.35249396 12.97307195  1.25570095  0.          0.        ]
4
data after
[40.61607067368269, 25.69733588950753, 29.769291403943303, 33.69446816906512, 37.71868727979064, 41.283935695894364, 44.85704410096645, 47.41772946900249, 49.00613890574604, 49.06113250940442, 46.95973269024491, 41.63525185120851, 33.752568362621965, 24.88206784006767, 45.912269821535446]
6
data,sig_tot
[40.61607067 25.69733589 29.7692914  33.69446817 37.71868728 41.2839357
 44.8570441  47.41772947 49.00613891 49.06113251 46.95973269 41.63525185
 33.75256836 24.88206784 45.91226982 22.10442776 25.39306926 21.5471506
 21.60587836 30.00005238]
[40.61607067 25.69733589 29.7692914  33.69446817 37.71868728 41.2839357
 44.8570441  47.41772947 49.00613891 49.06113251 46.95973269 41.63525185
 33.75256836 24.88206784 45.91226982 22.10442776 25.39306926 21.5471506
 21.60587836 30.00005238]
3.9449826331838134 13.760859661649276 24.60848391298971
val isze = 0
idinces = [ 7 10  5  6  3 18 13  2 14  8 17 16 19 12 11  1  0 15  4  9]
training loss = 23.405920028686523 500
training loss = 22.44331169128418 1000
training loss = 20.339956283569336 1500
training loss = 1.259196162223816 2000
training loss = 0.9472649693489075 2500
training loss = 0.9345303773880005 3000
training loss = 0.9290587306022644 3500
training loss = 0.9213607907295227 4000
training loss = 0.9128032922744751 4500
training loss = 0.9007784128189087 5000
reduced chi^2 level 2 = 0.9007511138916016
Constrained alpha: 2.9601495265960693
Constrained beta: 3.7320616245269775
Constrained gamma: 8.322863578796387
(1, 20)
(1, 0)
