data before
[ 0.          0.          0.          0.          0.          0.
  0.          0.          0.          0.          0.          0.
  0.          0.          0.          0.          0.          0.
  0.          0.         18.54770328 22.06836739 25.69733589 29.7692914
 33.69446817 37.71868728 41.2839357  44.8570441  47.41772947 49.00613891
 49.06113251 46.95973269 41.63525185 33.75256836 24.88206784 17.33100296
 14.35249396 12.97307195  1.25570095  0.          0.        ]
4
data after
[40.61607067368269, 25.69733588950753, 29.769291403943303, 33.69446816906512, 37.71868727979064, 41.283935695894364, 44.85704410096645, 47.41772946900249, 49.00613890574604, 49.06113250940442, 46.95973269024491, 41.63525185120851, 33.752568362621965, 24.88206784006767, 45.912269821535446]
6
data,sig_tot
[40.61607067 25.69733589 29.7692914  33.69446817 37.71868728 41.2839357
 44.8570441  47.41772947 49.00613891 49.06113251 46.95973269 41.63525185
 33.75256836 24.88206784 45.91226982 22.10442776 25.39306926 21.5471506
 21.60587836 30.00005238]
[40.61607067 25.69733589 29.7692914  33.69446817 37.71868728 41.2839357
 44.8570441  47.41772947 49.00613891 49.06113251 46.95973269 41.63525185
 33.75256836 24.88206784 45.91226982 22.10442776 25.39306926 21.5471506
 21.60587836 30.00005238]
1.749027848765719 2.9992671869113163 28.46352684965654
val isze = 0
idinces = [ 7 10  5  6  3 18 13  2 14  8 17 16 19 12 11  1  0 15  4  9]
training loss = 1.8610645532608032 500
training loss = 1.1163052320480347 1000
training loss = 1.1070680618286133 1500
training loss = 1.0983456373214722 2000
training loss = 1.0313377380371094 2500
training loss = 1.0246481895446777 3000
training loss = 1.0218504667282104 3500
training loss = 1.0201263427734375 4000
training loss = 1.022197961807251 4500
reduced chi^2 level 2 = 1.0207514762878418
Constrained alpha: 2.777738571166992
Constrained beta: -0.0018042913870885968
Constrained gamma: 2.8576700687408447
(1, 20)
(1, 0)
