data before
[ 0.          0.          0.          0.          0.          0.
  0.          0.          0.          0.          0.          0.
  0.          0.          0.          0.          0.          0.
  0.          0.         17.62549039 20.43675217 23.10966879 25.59818981
 27.43395391 28.56876383 28.4199347  27.46584946 24.97353653 21.36008436
 17.39216035 13.67658068 10.44624044  7.32048235  4.56410717  2.64958647
  1.96686448  1.76807184  0.17125836  0.          0.        ]
6
data after
[38.062242560656074, 23.109668787825107, 25.598189806829094, 27.43395391413063, 28.56876383123398, 28.419934704074265, 27.465849455823598, 24.97353652573183, 21.36008436308578, 31.068741029431674, 28.886611107920448]
5
data,sig_tot
[38.06224256 23.10966879 25.59818981 27.43395391 28.56876383 28.4199347
 27.46584946 24.97353653 21.36008436 31.06874103 28.88661111 20.96774152
 25.38611024 21.65535778]
[38.06224256 23.10966879 25.59818981 27.43395391 28.56876383 28.4199347
 27.46584946 24.97353653 21.36008436 31.06874103 28.88661111 20.96774152
 25.38611024 21.65535778]
4.388288564561995 7.709103479459067 3.235064111863417
val isze = 0
idinces = [ 3  7 12  6  8  2 10  5 11 13  1  0  4  9]
training loss = 16.813833236694336 500
training loss = 14.261913299560547 1000
training loss = 4.289073944091797 1500
training loss = 2.592535972595215 2000
training loss = 2.0227513313293457 2500
training loss = 2.0152881145477295 3000
training loss = 2.0056591033935547 3500
training loss = 1.985290288925171 4000
training loss = 1.9318041801452637 4500
training loss = 1.8424569368362427 5000
reduced chi^2 level 2 = 1.8423916101455688
Constrained alpha: 3.1280746459960938
Constrained beta: 1.8901091814041138
Constrained gamma: 2.968108892440796
(1, 14)
(1, 0)
