data before
[ 0.          0.          0.          0.          0.          0.
  0.          0.          0.          0.          0.          0.
  0.          0.          0.          0.          0.          0.
  0.          0.         17.62549039 20.43675217 23.10966879 25.59818981
 27.43395391 28.56876383 28.4199347  27.46584946 24.97353653 21.36008436
 17.39216035 13.67658068 10.44624044  7.32048235  4.56410717  2.64958647
  1.96686448  1.76807184  0.17125836  0.          0.        ]
6
data after
[38.062242560656074, 23.109668787825107, 25.598189806829094, 27.43395391413063, 28.56876383123398, 28.419934704074265, 27.465849455823598, 24.97353652573183, 21.36008436308578, 31.068741029431674, 28.886611107920448]
5
data,sig_tot
[38.06224256 23.10966879 25.59818981 27.43395391 28.56876383 28.4199347
 27.46584946 24.97353653 21.36008436 31.06874103 28.88661111 20.96774152
 25.38611024 21.65535778]
[38.06224256 23.10966879 25.59818981 27.43395391 28.56876383 28.4199347
 27.46584946 24.97353653 21.36008436 31.06874103 28.88661111 20.96774152
 25.38611024 21.65535778]
3.5182567959922215 15.191910040209883 77.48782338040604
val isze = 0
idinces = [ 3  7 12  6  8  2 10  5 11 13  1  0  4  9]
training loss = 10.450275421142578 500
training loss = 8.027158737182617 1000
training loss = 3.7018520832061768 1500
training loss = 1.3465017080307007 2000
training loss = 0.9949741959571838 2500
training loss = 0.9544702768325806 3000
training loss = 0.923591136932373 3500
training loss = 0.9026989936828613 4000
training loss = 0.8930802345275879 4500
training loss = 0.8903353810310364 5000
reduced chi^2 level 2 = 0.8903341293334961
Constrained alpha: 2.217881441116333
Constrained beta: 3.6272077560424805
Constrained gamma: 45.70604705810547
(1, 14)
(1, 0)
