data before
[ 0.          0.          0.          0.          0.          0.
  0.          0.          0.          0.          0.          0.
  0.          0.          0.          0.          0.          0.
  0.          0.         17.62549039 20.43675217 23.10966879 25.59818981
 27.43395391 28.56876383 28.4199347  27.46584946 24.97353653 21.36008436
 17.39216035 13.67658068 10.44624044  7.32048235  4.56410717  2.64958647
  1.96686448  1.76807184  0.17125836  0.          0.        ]
6
data after
[38.062242560656074, 23.109668787825107, 25.598189806829094, 27.43395391413063, 28.56876383123398, 28.419934704074265, 27.465849455823598, 24.97353652573183, 21.36008436308578, 31.068741029431674, 28.886611107920448]
5
data,sig_tot
[38.06224256 23.10966879 25.59818981 27.43395391 28.56876383 28.4199347
 27.46584946 24.97353653 21.36008436 31.06874103 28.88661111 20.96774152
 25.38611024 21.65535778]
[38.06224256 23.10966879 25.59818981 27.43395391 28.56876383 28.4199347
 27.46584946 24.97353653 21.36008436 31.06874103 28.88661111 20.96774152
 25.38611024 21.65535778]
1.3861666122200633 1.5699305620101955 47.240611833226694
val isze = 0
idinces = [ 3  7 12  6  8  2 10  5 11 13  1  0  4  9]
training loss = 1.8810913562774658 500
training loss = 1.828936219215393 1000
training loss = 1.7038620710372925 1500
training loss = 1.696529746055603 2000
training loss = 1.7077666521072388 2500
training loss = 1.6823102235794067 3000
training loss = 1.6708712577819824 3500
training loss = 1.6751430034637451 4000
training loss = 1.6486046314239502 4500
training loss = 1.6385966539382935 5000
reduced chi^2 level 2 = 1.6397910118103027
Constrained alpha: 2.56486439704895
Constrained beta: -0.0375475212931633
Constrained gamma: 4.700980186462402
(1, 14)
(1, 0)
