data before
[2.23452600e+03 1.14865760e+04 1.82676620e+04 2.19012000e+04
 2.37367200e+04 2.46518960e+04 2.46800240e+04 2.39066440e+04
 2.34151840e+04 2.24146600e+04 2.14998940e+04 2.02934700e+04
 1.93054080e+04 1.83365540e+04 1.73234780e+04 1.62762630e+04
 1.53598560e+04 1.44946430e+04 1.36805140e+04 1.29837750e+04
 1.22095900e+04 1.14270180e+04 1.07324570e+04 1.02366610e+04
 9.66055100e+03 9.14951400e+03 8.56364100e+03 8.04316400e+03
 7.62870500e+03 7.19619950e+03 6.77413100e+03 6.44267350e+03
 6.11011700e+03 5.80180000e+03 5.50431600e+03 5.13979000e+03
 4.81496050e+03 4.65285550e+03 4.36744250e+03 4.12665225e+03
 3.88964500e+03 3.67509550e+03 3.46064400e+03 3.31665750e+03
 3.11715050e+03 2.92132700e+03 2.73043850e+03 2.59492275e+03
 2.43374075e+03 2.30829850e+03 2.14976525e+03 2.04342750e+03
 1.94423225e+03 1.79180313e+03 1.69442837e+03 1.61024850e+03
 1.49910175e+03 1.38436500e+03 1.30287912e+03 1.23946713e+03
 1.13498850e+03 1.05775100e+03 1.01538856e+03 8.73669188e+02
 8.39671812e+02 7.81602438e+02 6.95615188e+02 6.66496875e+02
 6.15993000e+02 5.80568875e+02 5.59922875e+02 4.92062406e+02
 4.52102781e+02 4.04340844e+02 3.69264625e+02 3.44802875e+02
 3.10136625e+02 2.94947313e+02 2.49582047e+02 2.30503062e+02
 2.08719594e+02 1.95715141e+02 1.60290078e+02 1.66006359e+02
 1.40693938e+02 1.32592312e+02 1.20553484e+02 9.96716484e+01
 8.59679922e+01 7.61835313e+01 7.14542109e+01 6.70507344e+01
 5.24193398e+01 4.49896875e+01 4.04828477e+01 3.40552422e+01
 2.85560098e+01 2.61709238e+01 2.15425781e+01 1.87749160e+01]
1
data after
[2234.526, 11486.576000000001, 18267.662, 21901.2, 23736.72, 24651.896, 24680.024, 23906.644, 23415.184, 22414.66, 21499.894, 20293.47, 19305.408, 18336.554, 17323.478, 16276.263, 15359.856, 14494.643, 13680.514000000001, 12983.775, 12209.59, 11427.018, 10732.457, 10236.661, 9660.551, 9149.514000000001, 8563.641, 8043.164, 7628.705, 7196.1995, 6774.131, 6442.6735, 6110.117, 5801.8, 5504.316, 5139.79, 4814.9605, 4652.8555, 4367.4425, 4126.65225, 3889.645, 3675.0955, 3460.6440000000002, 3316.6575000000003, 3117.1505, 2921.327, 2730.4385, 2594.92275, 2433.74075, 2308.2985, 2149.76525, 2043.4275, 1944.23225, 1791.8031250000001, 1694.428375, 1610.2485, 1499.10175, 1384.365, 1302.879125, 1239.4671250000001, 1134.9885, 1057.751, 1015.3885625, 873.6691875, 839.6718125, 781.6024375000001, 695.6151875, 666.496875, 615.993, 580.568875, 559.922875, 492.06240625000004, 452.10278125, 404.34084375000003, 369.264625, 344.80287500000003, 310.136625, 294.9473125, 249.582046875, 230.5030625, 208.71959375, 195.715140625, 160.290078125, 166.00635937500002, 140.6939375, 132.5923125, 120.553484375, 99.6716484375, 85.9679921875, 76.18353125, 71.45421093750001, 67.050734375, 52.41933984375, 44.9896875, 40.48284765625, 34.0552421875, 28.556009765625, 26.170923828125, 40.317494140625]
7
data,sig_tot
[2.23452600e+03 1.14865760e+04 1.82676620e+04 2.19012000e+04
 2.37367200e+04 2.46518960e+04 2.46800240e+04 2.39066440e+04
 2.34151840e+04 2.24146600e+04 2.14998940e+04 2.02934700e+04
 1.93054080e+04 1.83365540e+04 1.73234780e+04 1.62762630e+04
 1.53598560e+04 1.44946430e+04 1.36805140e+04 1.29837750e+04
 1.22095900e+04 1.14270180e+04 1.07324570e+04 1.02366610e+04
 9.66055100e+03 9.14951400e+03 8.56364100e+03 8.04316400e+03
 7.62870500e+03 7.19619950e+03 6.77413100e+03 6.44267350e+03
 6.11011700e+03 5.80180000e+03 5.50431600e+03 5.13979000e+03
 4.81496050e+03 4.65285550e+03 4.36744250e+03 4.12665225e+03
 3.88964500e+03 3.67509550e+03 3.46064400e+03 3.31665750e+03
 3.11715050e+03 2.92132700e+03 2.73043850e+03 2.59492275e+03
 2.43374075e+03 2.30829850e+03 2.14976525e+03 2.04342750e+03
 1.94423225e+03 1.79180313e+03 1.69442837e+03 1.61024850e+03
 1.49910175e+03 1.38436500e+03 1.30287912e+03 1.23946713e+03
 1.13498850e+03 1.05775100e+03 1.01538856e+03 8.73669188e+02
 8.39671812e+02 7.81602438e+02 6.95615188e+02 6.66496875e+02
 6.15993000e+02 5.80568875e+02 5.59922875e+02 4.92062406e+02
 4.52102781e+02 4.04340844e+02 3.69264625e+02 3.44802875e+02
 3.10136625e+02 2.94947313e+02 2.49582047e+02 2.30503062e+02
 2.08719594e+02 1.95715141e+02 1.60290078e+02 1.66006359e+02
 1.40693938e+02 1.32592312e+02 1.20553484e+02 9.96716484e+01
 8.59679922e+01 7.61835313e+01 7.14542109e+01 6.70507344e+01
 5.24193398e+01 4.49896875e+01 4.04828477e+01 3.40552422e+01
 2.85560098e+01 2.61709238e+01 4.03174941e+01 8.35823875e+02
 4.32102750e+03 6.78054750e+03 7.98987250e+03 8.39421700e+03
 8.35610850e+03 8.04919100e+03 7.56748800e+03 7.05678400e+03
 6.52897250e+03 5.94896950e+03 5.53411450e+03 5.09780950e+03
 4.60809200e+03 4.22741650e+03 3.84057375e+03 3.51056650e+03
 3.20377200e+03 2.91590175e+03 2.62774325e+03 2.41651025e+03
 2.21788000e+03 2.01090363e+03 1.84134225e+03 1.68596500e+03
 1.54990738e+03 1.40278175e+03 1.29124550e+03 1.18787738e+03
 1.09456112e+03 9.93304625e+02 9.19615750e+02 8.36164625e+02
 7.66571750e+02 7.12138375e+02 6.46546250e+02 5.90735312e+02
 5.53564313e+02 4.99430656e+02 4.76190125e+02 4.33134656e+02
 3.86985031e+02 3.65293719e+02 3.29350594e+02 2.96650625e+02
 2.74680187e+02 2.54797156e+02 2.22495703e+02 2.08216531e+02
 1.96209891e+02 1.78057203e+02 1.61830844e+02 1.53607641e+02
 1.35412672e+02 1.28607508e+02 1.10221469e+02 1.02261141e+02
 9.69614531e+01 8.71890703e+01 7.37572734e+01 7.24310547e+01
 6.25183203e+01 5.71101914e+01 5.21498984e+01 4.26499023e+01
 4.51684063e+01 3.83852891e+01 3.61158945e+01 3.19003730e+01
 3.03973125e+01 2.68945938e+01 2.20738105e+01 2.35078184e+01
 3.67321445e+01 2.79948955e+01 2.17976152e+01 2.61168320e+01
 2.36534429e+01 3.00497046e+01]
[2.23452600e+03 1.14865760e+04 1.82676620e+04 2.19012000e+04
 2.37367200e+04 2.46518960e+04 2.46800240e+04 2.39066440e+04
 2.34151840e+04 2.24146600e+04 2.14998940e+04 2.02934700e+04
 1.93054080e+04 1.83365540e+04 1.73234780e+04 1.62762630e+04
 1.53598560e+04 1.44946430e+04 1.36805140e+04 1.29837750e+04
 1.22095900e+04 1.14270180e+04 1.07324570e+04 1.02366610e+04
 9.66055100e+03 9.14951400e+03 8.56364100e+03 8.04316400e+03
 7.62870500e+03 7.19619950e+03 6.77413100e+03 6.44267350e+03
 6.11011700e+03 5.80180000e+03 5.50431600e+03 5.13979000e+03
 4.81496050e+03 4.65285550e+03 4.36744250e+03 4.12665225e+03
 3.88964500e+03 3.67509550e+03 3.46064400e+03 3.31665750e+03
 3.11715050e+03 2.92132700e+03 2.73043850e+03 2.59492275e+03
 2.43374075e+03 2.30829850e+03 2.14976525e+03 2.04342750e+03
 1.94423225e+03 1.79180313e+03 1.69442837e+03 1.61024850e+03
 1.49910175e+03 1.38436500e+03 1.30287912e+03 1.23946713e+03
 1.13498850e+03 1.05775100e+03 1.01538856e+03 8.73669188e+02
 8.39671813e+02 7.81602438e+02 6.95615188e+02 6.66496875e+02
 6.15993000e+02 5.80568875e+02 5.59922875e+02 4.92062406e+02
 4.52102781e+02 4.04340844e+02 3.69264625e+02 3.44802875e+02
 3.10136625e+02 2.94947313e+02 2.49582047e+02 2.30503062e+02
 2.08719594e+02 1.95715141e+02 1.60290078e+02 1.66006359e+02
 1.40693938e+02 1.32592313e+02 1.20553484e+02 9.96716484e+01
 8.59679922e+01 7.61835313e+01 7.14542109e+01 6.70507344e+01
 5.24193398e+01 4.49896875e+01 4.04828477e+01 3.40552422e+01
 2.85560098e+01 2.61709238e+01 4.03174941e+01 8.35823875e+02
 4.32102750e+03 6.78054750e+03 7.98987250e+03 8.39421700e+03
 8.35610850e+03 8.04919100e+03 7.56748800e+03 7.05678400e+03
 6.52897250e+03 5.94896950e+03 5.53411450e+03 5.09780950e+03
 4.60809200e+03 4.22741650e+03 3.84057375e+03 3.51056650e+03
 3.20377200e+03 2.91590175e+03 2.62774325e+03 2.41651025e+03
 2.21788000e+03 2.01090363e+03 1.84134225e+03 1.68596500e+03
 1.54990738e+03 1.40278175e+03 1.29124550e+03 1.18787737e+03
 1.09456112e+03 9.93304625e+02 9.19615750e+02 8.36164625e+02
 7.66571750e+02 7.12138375e+02 6.46546250e+02 5.90735312e+02
 5.53564313e+02 4.99430656e+02 4.76190125e+02 4.33134656e+02
 3.86985031e+02 3.65293719e+02 3.29350594e+02 2.96650625e+02
 2.74680188e+02 2.54797156e+02 2.22495703e+02 2.08216531e+02
 1.96209891e+02 1.78057203e+02 1.61830844e+02 1.53607641e+02
 1.35412672e+02 1.28607508e+02 1.10221469e+02 1.02261141e+02
 9.69614531e+01 8.71890703e+01 7.37572734e+01 7.24310547e+01
 6.25183203e+01 5.71101914e+01 5.21498984e+01 4.26499023e+01
 4.51684063e+01 3.83852891e+01 3.61158945e+01 3.19003730e+01
 3.03973125e+01 2.68945938e+01 2.20738105e+01 2.35078184e+01
 3.67321445e+01 2.79948955e+01 2.17976152e+01 2.61168320e+01
 2.36534429e+01 3.00497046e+01]
2.1106556206711535 15.703922142581694 58.166754058051296
val isze = 0
idinces = [ 69 103  20 116  56  97 117  39 172  10  19  66  55  61 102  59  83  78
 110 163   1 160  47  49  67 136  68 133  60  76 171 170  70 168 124  26
  95  91  24 109 121  21 176  63  58  99 144  81  87  43 150 120 138  35
 174  82   2 114 153  38  52 142 177 146 148 101  80  72 145  98  41  32
 105  48  25  53  90 149  51  14 162  29   3  23 131 166  37 167 165  45
 111 134  42  79 143 155 119 147  12 127  22  85   6 106 112 135 132 104
  34 152 108  50 169 130 129   4   5  44 128  96  84 154  28  75   7  46
  17  11 158  71 118 137 175  74  94 151  93  18  27  36  57  31  65 140
  89  30  86  92 141 126  13  77 159 161  33  62 122 107  88  54 139 100
  16 115 164  40   0  73   8 173 157 156 123 113  64  15 125   9]
training loss = 9.667211532592773 500
training loss = 9.083625793457031 1000
training loss = 8.770444869995117 1500
training loss = 8.661554336547852 2000
training loss = 8.596388816833496 2500
training loss = 8.510050773620605 3000
training loss = 8.366959571838379 3500
training loss = 7.936792373657227 4000
training loss = 1.81626296043396 4500
training loss = 1.8274188041687012 5000
training loss = 1.7813841104507446 5500
training loss = 1.7686231136322021 6000
training loss = 1.754319429397583 6500
training loss = 1.7436437606811523 7000
training loss = 1.7343934774398804 7500
training loss = 1.7264889478683472 8000
training loss = 1.7197670936584473 8500
training loss = 1.714159369468689 9000
training loss = 1.7095601558685303 9500
training loss = 2.869088888168335 10000
training loss = 1.703208327293396 10500
training loss = 1.7009985446929932 11000
training loss = 1.699372410774231 11500
training loss = 1.698142647743225 12000
training loss = 1.6972553730010986 12500
training loss = 1.6965999603271484 13000
training loss = 1.696130633354187 13500
training loss = 1.6957616806030273 14000
training loss = 1.695486068725586 14500
training loss = 1.695448637008667 15000
training loss = 1.6951298713684082 15500
training loss = 1.6956071853637695 16000
training loss = 1.6949646472930908 16500
training loss = 1.6949195861816406 17000
training loss = 1.6948816776275635 17500
reduced chi^2 level 2 = 1.694889783859253
Constrained alpha: 2.5813424587249756
Constrained beta: 4.178260326385498
Constrained gamma: 28.42171287536621
(1, 178)
(1, 0)
