data before
[ 0.00000000e+00  0.00000000e+00  0.00000000e+00  0.00000000e+00
  0.00000000e+00  0.00000000e+00  0.00000000e+00  0.00000000e+00
  0.00000000e+00  0.00000000e+00  1.57987379e-05  5.14682362e-04
  1.84154837e-02  1.65006572e-01  4.48588995e-01  8.33724597e-01
  1.40485601e+00  2.30344220e+00  3.41574487e+00  5.33813734e+00
  8.23203178e+00  1.15458564e+01  1.73732476e+01  2.73518254e+01
  3.30603710e+01  3.64903974e+01  4.07562847e+01  4.46988924e+01
  4.86205403e+01  5.10510247e+01  5.12176075e+01  4.80502885e+01
  4.04096822e+01  2.97913085e+01  1.83611596e+01  8.61149765e+00
  2.89927416e+00  6.07930951e-01 -1.57518096e-04  0.00000000e+00
  0.00000000e+00]
5
data after
[22.16047832953023, 28.919104015315472, 27.35182536508143, 33.06037098303795, 36.49039740303755, 40.756284651001096, 44.69889244135171, 48.62054031611413, 51.05102471626371, 51.21760746579767, 48.050288544210794, 40.40968222465217, 29.79130853905678, 30.479704823745603]
9
data,sig_tot
[22.16047833 28.91910402 27.35182537 33.06037098 36.4903974  40.75628465
 44.69889244 48.62054032 51.05102472 51.21760747 48.05028854 40.40968222
 29.79130854 30.47970482 26.59158071 28.35208276 20.84283094 35.71267162]
[22.16047833 28.91910402 27.35182537 33.06037098 36.4903974  40.75628465
 44.69889244 48.62054032 51.05102472 51.21760747 48.05028854 40.40968222
 29.79130854 30.47970482 26.59158071 28.35208276 20.84283094 35.71267162]
<<<<<<< HEAD
4.5293811163161 15.074823685217353 79.16083824979506
val isze = 0
idinces = [ 3  7 16  5  6  2 10 12  8 13 14 17 11  1  0 15  4  9]
training loss = 31.66863441467285 500
training loss = 31.356557846069336 1000
training loss = 31.28616714477539 1500
training loss = 31.22876739501953 2000
training loss = 31.16990089416504 2500
training loss = 31.10750389099121 3000
training loss = 31.03793716430664 3500
training loss = 30.95375633239746 4000
training loss = 30.84635353088379 4500
training loss = 30.703857421875 5000
=======
pred
[tensor([24.5187, 33.0770, 20.4363, 33.3144, 52.3568, 38.7915, 37.3525, 45.8924,
        49.5713, 49.3859, 49.1446, 29.1499, 39.9954, 43.6315, 31.4894, 30.1861,
        27.9110, 40.0642])]
4.463109196754446 12.24322421903446 34.29657597100918
val isze = 0
idinces = [ 9  1  3 12  4 13  6 14  8  0 15  7  5 17  2 10 16 11]
training loss = 32.667999267578125 500
training loss = 31.74701690673828 1000
training loss = 31.109500885009766 1500
training loss = 30.807586669921875 2000
training loss = 30.435237884521484 2500
training loss = 29.86379051208496 3000
training loss = 28.835763931274414 3500
training loss = 26.517168045043945 4000
training loss = 20.944625854492188 4500
training loss = 14.554859161376953 5000
>>>>>>> bf5bffb69ec4a318117f0a4aa6bdaab926d87e87
data before
[ 0.00000000e+00  0.00000000e+00  0.00000000e+00  0.00000000e+00
  0.00000000e+00  0.00000000e+00  0.00000000e+00  0.00000000e+00
  0.00000000e+00  0.00000000e+00  1.57987379e-05  5.14682362e-04
  1.84154837e-02  1.65006572e-01  4.48588995e-01  8.33724597e-01
  1.40485601e+00  2.30344220e+00  3.41574487e+00  5.33813734e+00
  8.23203178e+00  1.15458564e+01  1.73732476e+01  2.73518254e+01
  3.30603710e+01  3.64903974e+01  4.07562847e+01  4.46988924e+01
  4.86205403e+01  5.10510247e+01  5.12176075e+01  4.80502885e+01
  4.04096822e+01  2.97913085e+01  1.83611596e+01  8.61149765e+00
  2.89927416e+00  6.07930951e-01 -1.57518096e-04  0.00000000e+00
  0.00000000e+00]
5
data after
[22.16047832953023, 28.919104015315472, 27.35182536508143, 33.06037098303795, 36.49039740303755, 40.756284651001096, 44.69889244135171, 48.62054031611413, 51.05102471626371, 51.21760746579767, 48.050288544210794, 40.40968222465217, 29.79130853905678, 30.479704823745603]
9
data,sig_tot
[22.16047833 28.91910402 27.35182537 33.06037098 36.4903974  40.75628465
 44.69889244 48.62054032 51.05102472 51.21760747 48.05028854 40.40968222
 29.79130854 30.47970482 26.59158071 28.35208276 20.84283094 35.71267162]
[22.16047833 28.91910402 27.35182537 33.06037098 36.4903974  40.75628465
 44.69889244 48.62054032 51.05102472 51.21760747 48.05028854 40.40968222
 29.79130854 30.47970482 26.59158071 28.35208276 20.84283094 35.71267162]
<<<<<<< HEAD
0.4673018727932515 16.42211315673857 15.115201964256386
val isze = 0
idinces = [ 3  7 16  5  6  2 10 12  8 13 14 17 11  1  0 15  4  9]
training loss = 1.5394492149353027 500
training loss = 0.651392936706543 1000
reduced chi^2 level 2 = 0.6554703116416931
Constrained alpha: 2.1449167728424072
Constrained beta: 2.5691022872924805
Constrained gamma: 3.1960928440093994
=======
pred
[tensor([25.0605, 29.0897, 29.1228, 27.0571, 39.7215, 49.2794, 37.8804, 43.9158,
        44.7822, 51.5346, 53.8738, 41.1808, 33.7333, 28.9926, 19.6588, 28.2717,
        19.7340, 50.7294])]
0.06733176159388954 4.980606033773829 64.58893025546205
val isze = 0
idinces = [16  2 10 14  4  0  1  6 15  5  8  9 13 12 11  3 17  7]
training loss = 0.6974165439605713 500
training loss = 0.5750916600227356 1000
reduced chi^2 level 2 = 0.5761905312538147
Constrained alpha: 2.103577136993408
Constrained beta: 2.5038607120513916
Constrained gamma: 30.418344497680664
>>>>>>> bf5bffb69ec4a318117f0a4aa6bdaab926d87e87
data before
[ 0.00000000e+00  0.00000000e+00  0.00000000e+00  0.00000000e+00
  0.00000000e+00  0.00000000e+00  0.00000000e+00  0.00000000e+00
  0.00000000e+00  0.00000000e+00  1.57987379e-05  5.14682362e-04
  1.84154837e-02  1.65006572e-01  4.48588995e-01  8.33724597e-01
  1.40485601e+00  2.30344220e+00  3.41574487e+00  5.33813734e+00
  8.23203178e+00  1.15458564e+01  1.73732476e+01  2.73518254e+01
  3.30603710e+01  3.64903974e+01  4.07562847e+01  4.46988924e+01
  4.86205403e+01  5.10510247e+01  5.12176075e+01  4.80502885e+01
  4.04096822e+01  2.97913085e+01  1.83611596e+01  8.61149765e+00
  2.89927416e+00  6.07930951e-01 -1.57518096e-04  0.00000000e+00
  0.00000000e+00]
5
data after
[22.16047832953023, 28.919104015315472, 27.35182536508143, 33.06037098303795, 36.49039740303755, 40.756284651001096, 44.69889244135171, 48.62054031611413, 51.05102471626371, 51.21760746579767, 48.050288544210794, 40.40968222465217, 29.79130853905678, 30.479704823745603]
9
data,sig_tot
[22.16047833 28.91910402 27.35182537 33.06037098 36.4903974  40.75628465
 44.69889244 48.62054032 51.05102472 51.21760747 48.05028854 40.40968222
 29.79130854 30.47970482 26.59158071 28.35208276 20.84283094 35.71267162]
[22.16047833 28.91910402 27.35182537 33.06037098 36.4903974  40.75628465
 44.69889244 48.62054032 51.05102472 51.21760747 48.05028854 40.40968222
 29.79130854 30.47970482 26.59158071 28.35208276 20.84283094 35.71267162]
<<<<<<< HEAD
0.4673018727932515 16.42211315673857 15.115201964256386
val isze = 0
idinces = [ 3  7 16  5  6  2 10 12  8 13 14 17 11  1  0 15  4  9]
training loss = 1.534226655960083 500
training loss = 0.6514807343482971 1000
reduced chi^2 level 2 = 0.6554554104804993
Constrained alpha: 2.145610809326172
Constrained beta: 2.5690441131591797
Constrained gamma: 3.1708028316497803
=======
pred
[tensor([25.9630, 35.4902, 25.0283, 29.9983, 31.9049, 41.0138, 39.5286, 52.2306,
        45.1329, 50.0260, 43.7919, 42.5080, 45.0702, 19.5134, 22.4939, 24.7872,
        16.1409, 46.1311])]
0.06400831876536395 4.535023826093665 49.018199623671464
val isze = 0
idinces = [ 4  7 15  5  9  8 11 10 17  3 14 16 13  6  0 12  2  1]
training loss = 1.261081337928772 500
training loss = 1.185855507850647 1000
reduced chi^2 level 2 = 1.1878795623779297
Constrained alpha: 2.1174373626708984
Constrained beta: 2.6821303367614746
Constrained gamma: 18.775508880615234
>>>>>>> bf5bffb69ec4a318117f0a4aa6bdaab926d87e87
data before
[ 0.00000000e+00  0.00000000e+00  0.00000000e+00  0.00000000e+00
  0.00000000e+00  0.00000000e+00  0.00000000e+00  0.00000000e+00
  0.00000000e+00  0.00000000e+00  1.57987379e-05  5.14682362e-04
  1.84154837e-02  1.65006572e-01  4.48588995e-01  8.33724597e-01
  1.40485601e+00  2.30344220e+00  3.41574487e+00  5.33813734e+00
  8.23203178e+00  1.15458564e+01  1.73732476e+01  2.73518254e+01
  3.30603710e+01  3.64903974e+01  4.07562847e+01  4.46988924e+01
  4.86205403e+01  5.10510247e+01  5.12176075e+01  4.80502885e+01
  4.04096822e+01  2.97913085e+01  1.83611596e+01  8.61149765e+00
  2.89927416e+00  6.07930951e-01 -1.57518096e-04  0.00000000e+00
  0.00000000e+00]
5
data after
[22.16047832953023, 28.919104015315472, 27.35182536508143, 33.06037098303795, 36.49039740303755, 40.756284651001096, 44.69889244135171, 48.62054031611413, 51.05102471626371, 51.21760746579767, 48.050288544210794, 40.40968222465217, 29.79130853905678, 30.479704823745603]
9
data,sig_tot
[22.16047833 28.91910402 27.35182537 33.06037098 36.4903974  40.75628465
 44.69889244 48.62054032 51.05102472 51.21760747 48.05028854 40.40968222
 29.79130854 30.47970482 26.59158071 28.35208276 20.84283094 35.71267162]
[22.16047833 28.91910402 27.35182537 33.06037098 36.4903974  40.75628465
 44.69889244 48.62054032 51.05102472 51.21760747 48.05028854 40.40968222
 29.79130854 30.47970482 26.59158071 28.35208276 20.84283094 35.71267162]
<<<<<<< HEAD
0.4673018727932515 16.42211315673857 15.115201964256386
val isze = 0
idinces = [ 3  7 16  5  6  2 10 12  8 13 14 17 11  1  0 15  4  9]
training loss = 1.5408254861831665 500
training loss = 0.651319682598114 1000
reduced chi^2 level 2 = 0.6555416584014893
Constrained alpha: 2.142655849456787
Constrained beta: 2.570230484008789
Constrained gamma: 3.356445074081421
=======
pred
[tensor([26.8049, 25.4466, 21.7173, 28.0238, 44.1476, 43.4304, 41.4643, 52.0882,
        46.8851, 57.6963, 49.2021, 50.1440, 38.0533, 28.4080, 22.3362, 13.8313,
        26.3076, 44.7544])]
2.592133254813018 12.069088669439203 79.62483254879838
val isze = 0
idinces = [ 9 16  8 15 17  2  7 14  6  3 10 13  5 12  4  1  0 11]
training loss = 1.0287309885025024 500
training loss = 0.8234773874282837 1000
training loss = 0.7507776618003845 1500
training loss = 0.7154293060302734 2000
reduced chi^2 level 2 = 0.7116535305976868
Constrained alpha: 2.9382076263427734
Constrained beta: 4.131073474884033
Constrained gamma: 21.863590240478516
>>>>>>> bf5bffb69ec4a318117f0a4aa6bdaab926d87e87
data before
[ 0.00000000e+00  0.00000000e+00  0.00000000e+00  0.00000000e+00
  0.00000000e+00  0.00000000e+00  0.00000000e+00  0.00000000e+00
  0.00000000e+00  0.00000000e+00  1.57987379e-05  5.14682362e-04
  1.84154837e-02  1.65006572e-01  4.48588995e-01  8.33724597e-01
  1.40485601e+00  2.30344220e+00  3.41574487e+00  5.33813734e+00
  8.23203178e+00  1.15458564e+01  1.73732476e+01  2.73518254e+01
  3.30603710e+01  3.64903974e+01  4.07562847e+01  4.46988924e+01
  4.86205403e+01  5.10510247e+01  5.12176075e+01  4.80502885e+01
  4.04096822e+01  2.97913085e+01  1.83611596e+01  8.61149765e+00
  2.89927416e+00  6.07930951e-01 -1.57518096e-04  0.00000000e+00
  0.00000000e+00]
5
data after
[22.16047832953023, 28.919104015315472, 27.35182536508143, 33.06037098303795, 36.49039740303755, 40.756284651001096, 44.69889244135171, 48.62054031611413, 51.05102471626371, 51.21760746579767, 48.050288544210794, 40.40968222465217, 29.79130853905678, 30.479704823745603]
9
data,sig_tot
[22.16047833 28.91910402 27.35182537 33.06037098 36.4903974  40.75628465
 44.69889244 48.62054032 51.05102472 51.21760747 48.05028854 40.40968222
 29.79130854 30.47970482 26.59158071 28.35208276 20.84283094 35.71267162]
[22.16047833 28.91910402 27.35182537 33.06037098 36.4903974  40.75628465
 44.69889244 48.62054032 51.05102472 51.21760747 48.05028854 40.40968222
 29.79130854 30.47970482 26.59158071 28.35208276 20.84283094 35.71267162]
<<<<<<< HEAD
0.4673018727932515 16.42211315673857 15.115201964256386
val isze = 0
idinces = [ 3  7 16  5  6  2 10 12  8 13 14 17 11  1  0 15  4  9]
training loss = 1.5080397129058838 500
training loss = 0.6514432430267334 1000
reduced chi^2 level 2 = 0.6555383205413818
Constrained alpha: 2.1446516513824463
Constrained beta: 2.568572998046875
Constrained gamma: 3.245919704437256
=======
pred
[tensor([31.0167, 30.3031, 18.0631, 18.0740, 43.2184, 31.4919, 39.2487, 55.3268,
        51.2901, 57.0332, 46.1500, 44.3071, 42.0672, 36.0811, 22.5368, 28.6998,
        25.8972, 35.7571])]
2.165899888915805 4.0227076452935595 0.005170390073494513
val isze = 0
idinces = [15  7  1 10  6  9  3  2 12  0  5 13  8 11 14 17  4 16]
training loss = 1.456999659538269 500
training loss = 1.4520403146743774 1000
training loss = 1.4510971307754517 1500
training loss = 1.450493335723877 2000
training loss = 1.4501336812973022 2500
training loss = 1.4499489068984985 3000
training loss = 1.4498506784439087 3500
training loss = 1.4498566389083862 4000
training loss = 1.4498010873794556 4500
training loss = 1.4497506618499756 5000
reduced chi^2 level 2 = 1.4497687816619873
Constrained alpha: 2.2425780296325684
Constrained beta: 2.115427017211914
Constrained gamma: 2.333080768585205
>>>>>>> bf5bffb69ec4a318117f0a4aa6bdaab926d87e87
data before
[ 0.00000000e+00  0.00000000e+00  0.00000000e+00  0.00000000e+00
  0.00000000e+00  0.00000000e+00  0.00000000e+00  0.00000000e+00
  0.00000000e+00  0.00000000e+00  1.57987379e-05  5.14682362e-04
  1.84154837e-02  1.65006572e-01  4.48588995e-01  8.33724597e-01
  1.40485601e+00  2.30344220e+00  3.41574487e+00  5.33813734e+00
  8.23203178e+00  1.15458564e+01  1.73732476e+01  2.73518254e+01
  3.30603710e+01  3.64903974e+01  4.07562847e+01  4.46988924e+01
  4.86205403e+01  5.10510247e+01  5.12176075e+01  4.80502885e+01
  4.04096822e+01  2.97913085e+01  1.83611596e+01  8.61149765e+00
  2.89927416e+00  6.07930951e-01 -1.57518096e-04  0.00000000e+00
  0.00000000e+00]
5
data after
[22.16047832953023, 28.919104015315472, 27.35182536508143, 33.06037098303795, 36.49039740303755, 40.756284651001096, 44.69889244135171, 48.62054031611413, 51.05102471626371, 51.21760746579767, 48.050288544210794, 40.40968222465217, 29.79130853905678, 30.479704823745603]
9
data,sig_tot
[22.16047833 28.91910402 27.35182537 33.06037098 36.4903974  40.75628465
 44.69889244 48.62054032 51.05102472 51.21760747 48.05028854 40.40968222
 29.79130854 30.47970482 26.59158071 28.35208276 20.84283094 35.71267162]
[22.16047833 28.91910402 27.35182537 33.06037098 36.4903974  40.75628465
 44.69889244 48.62054032 51.05102472 51.21760747 48.05028854 40.40968222
 29.79130854 30.47970482 26.59158071 28.35208276 20.84283094 35.71267162]
<<<<<<< HEAD
0.4673018727932515 16.42211315673857 15.115201964256386
val isze = 0
idinces = [ 3  7 16  5  6  2 10 12  8 13 14 17 11  1  0 15  4  9]
training loss = 1.554829478263855 500
training loss = 0.6515792012214661 1000
reduced chi^2 level 2 = 0.6557230353355408
Constrained alpha: 2.1446664333343506
Constrained beta: 2.5643324851989746
Constrained gamma: 3.1788485050201416
=======
pred
[tensor([22.2439, 28.7002, 36.4066, 23.7127, 40.0713, 36.8801, 43.9854, 39.9378,
        45.5733, 50.1524, 42.8024, 39.6214, 57.5975, 32.5117, 21.8194, 17.0104,
        21.7246, 47.4528])]
0.7575155241719556 1.3536291257158162 90.28190086469695
val isze = 0
idinces = [ 4  2 14  7 15  3  8 17 13  1 11 16  6 10  9  5 12  0]
training loss = 1.9847456216812134 500
reduced chi^2 level 2 = 1.984926700592041
Constrained alpha: 2.2051162719726562
Constrained beta: 1.9425987005233765
Constrained gamma: 68.7359848022461
>>>>>>> bf5bffb69ec4a318117f0a4aa6bdaab926d87e87
data before
[ 0.00000000e+00  0.00000000e+00  0.00000000e+00  0.00000000e+00
  0.00000000e+00  0.00000000e+00  0.00000000e+00  0.00000000e+00
  0.00000000e+00  0.00000000e+00  1.57987379e-05  5.14682362e-04
  1.84154837e-02  1.65006572e-01  4.48588995e-01  8.33724597e-01
  1.40485601e+00  2.30344220e+00  3.41574487e+00  5.33813734e+00
  8.23203178e+00  1.15458564e+01  1.73732476e+01  2.73518254e+01
  3.30603710e+01  3.64903974e+01  4.07562847e+01  4.46988924e+01
  4.86205403e+01  5.10510247e+01  5.12176075e+01  4.80502885e+01
  4.04096822e+01  2.97913085e+01  1.83611596e+01  8.61149765e+00
  2.89927416e+00  6.07930951e-01 -1.57518096e-04  0.00000000e+00
  0.00000000e+00]
5
data after
[22.16047832953023, 28.919104015315472, 27.35182536508143, 33.06037098303795, 36.49039740303755, 40.756284651001096, 44.69889244135171, 48.62054031611413, 51.05102471626371, 51.21760746579767, 48.050288544210794, 40.40968222465217, 29.79130853905678, 30.479704823745603]
9
data,sig_tot
[22.16047833 28.91910402 27.35182537 33.06037098 36.4903974  40.75628465
 44.69889244 48.62054032 51.05102472 51.21760747 48.05028854 40.40968222
 29.79130854 30.47970482 26.59158071 28.35208276 20.84283094 35.71267162]
[22.16047833 28.91910402 27.35182537 33.06037098 36.4903974  40.75628465
 44.69889244 48.62054032 51.05102472 51.21760747 48.05028854 40.40968222
 29.79130854 30.47970482 26.59158071 28.35208276 20.84283094 35.71267162]
<<<<<<< HEAD
0.4673018727932515 16.42211315673857 15.115201964256386
val isze = 0
idinces = [ 3  7 16  5  6  2 10 12  8 13 14 17 11  1  0 15  4  9]
training loss = 1.5613515377044678 500
training loss = 0.6517336964607239 1000
reduced chi^2 level 2 = 0.655832827091217
Constrained alpha: 2.1436257362365723
Constrained beta: 2.5620551109313965
Constrained gamma: 3.2066407203674316
=======
pred
[tensor([22.9231, 28.5014, 26.3854, 21.7362, 38.1089, 39.8468, 46.8067, 48.7894,
        59.1305, 62.3616, 49.0146, 42.2635, 40.5565, 31.0791, 20.6124, 20.9422,
        29.1322, 31.9914])]
4.623291070518539 4.671311546256396 67.22224963548601
val isze = 0
idinces = [10 15  2 14 13  5 17  1  6 11  3  4  9 16 12  0  8  7]
training loss = 46.94377517700195 500
training loss = 34.75969314575195 1000
training loss = 32.38155746459961 1500
training loss = 31.677175521850586 2000
training loss = 31.32475471496582 2500
training loss = 31.031789779663086 3000
training loss = 30.7397403717041 3500
training loss = 30.44472312927246 4000
training loss = 30.1390323638916 4500
training loss = 29.788822174072266 5000
>>>>>>> bf5bffb69ec4a318117f0a4aa6bdaab926d87e87
data before
[ 0.00000000e+00  0.00000000e+00  0.00000000e+00  0.00000000e+00
  0.00000000e+00  0.00000000e+00  0.00000000e+00  0.00000000e+00
  0.00000000e+00  0.00000000e+00  1.57987379e-05  5.14682362e-04
  1.84154837e-02  1.65006572e-01  4.48588995e-01  8.33724597e-01
  1.40485601e+00  2.30344220e+00  3.41574487e+00  5.33813734e+00
  8.23203178e+00  1.15458564e+01  1.73732476e+01  2.73518254e+01
  3.30603710e+01  3.64903974e+01  4.07562847e+01  4.46988924e+01
  4.86205403e+01  5.10510247e+01  5.12176075e+01  4.80502885e+01
  4.04096822e+01  2.97913085e+01  1.83611596e+01  8.61149765e+00
  2.89927416e+00  6.07930951e-01 -1.57518096e-04  0.00000000e+00
  0.00000000e+00]
5
data after
[22.16047832953023, 28.919104015315472, 27.35182536508143, 33.06037098303795, 36.49039740303755, 40.756284651001096, 44.69889244135171, 48.62054031611413, 51.05102471626371, 51.21760746579767, 48.050288544210794, 40.40968222465217, 29.79130853905678, 30.479704823745603]
9
data,sig_tot
[22.16047833 28.91910402 27.35182537 33.06037098 36.4903974  40.75628465
 44.69889244 48.62054032 51.05102472 51.21760747 48.05028854 40.40968222
 29.79130854 30.47970482 26.59158071 28.35208276 20.84283094 35.71267162]
[22.16047833 28.91910402 27.35182537 33.06037098 36.4903974  40.75628465
 44.69889244 48.62054032 51.05102472 51.21760747 48.05028854 40.40968222
 29.79130854 30.47970482 26.59158071 28.35208276 20.84283094 35.71267162]
<<<<<<< HEAD
0.4673018727932515 16.42211315673857 15.115201964256386
val isze = 0
idinces = [ 3  7 16  5  6  2 10 12  8 13 14 17 11  1  0 15  4  9]
training loss = 1.5148468017578125 500
training loss = 0.651420533657074 1000
reduced chi^2 level 2 = 0.655425488948822
Constrained alpha: 2.145272970199585
Constrained beta: 2.569366931915283
Constrained gamma: 3.2111380100250244
=======
pred
[tensor([31.5153, 23.3161, 22.6712, 22.6760, 41.6718, 42.6437, 36.2665, 44.3009,
        65.4489, 44.4019, 47.4172, 40.4762, 41.8776, 24.6732, 26.7459, 23.5201,
        19.9143, 45.3408])]
4.414460370568345 9.22126990741441 55.09728843920257
val isze = 0
idinces = [ 1 14  9  6  0  8 11 17 10  3  5  4 13  7 15  2 16 12]
training loss = 27.80069351196289 500
training loss = 27.682092666625977 1000
training loss = 27.58331298828125 1500
training loss = 27.468687057495117 2000
training loss = 27.332002639770508 2500
training loss = 27.162158966064453 3000
training loss = 26.92936134338379 3500
training loss = 26.553659439086914 4000
training loss = 25.802568435668945 4500
training loss = 23.90331268310547 5000
>>>>>>> bf5bffb69ec4a318117f0a4aa6bdaab926d87e87
data before
[ 0.00000000e+00  0.00000000e+00  0.00000000e+00  0.00000000e+00
  0.00000000e+00  0.00000000e+00  0.00000000e+00  0.00000000e+00
  0.00000000e+00  0.00000000e+00  1.57987379e-05  5.14682362e-04
  1.84154837e-02  1.65006572e-01  4.48588995e-01  8.33724597e-01
  1.40485601e+00  2.30344220e+00  3.41574487e+00  5.33813734e+00
  8.23203178e+00  1.15458564e+01  1.73732476e+01  2.73518254e+01
  3.30603710e+01  3.64903974e+01  4.07562847e+01  4.46988924e+01
  4.86205403e+01  5.10510247e+01  5.12176075e+01  4.80502885e+01
  4.04096822e+01  2.97913085e+01  1.83611596e+01  8.61149765e+00
  2.89927416e+00  6.07930951e-01 -1.57518096e-04  0.00000000e+00
  0.00000000e+00]
5
data after
[22.16047832953023, 28.919104015315472, 27.35182536508143, 33.06037098303795, 36.49039740303755, 40.756284651001096, 44.69889244135171, 48.62054031611413, 51.05102471626371, 51.21760746579767, 48.050288544210794, 40.40968222465217, 29.79130853905678, 30.479704823745603]
9
data,sig_tot
[22.16047833 28.91910402 27.35182537 33.06037098 36.4903974  40.75628465
 44.69889244 48.62054032 51.05102472 51.21760747 48.05028854 40.40968222
 29.79130854 30.47970482 26.59158071 28.35208276 20.84283094 35.71267162]
[22.16047833 28.91910402 27.35182537 33.06037098 36.4903974  40.75628465
 44.69889244 48.62054032 51.05102472 51.21760747 48.05028854 40.40968222
 29.79130854 30.47970482 26.59158071 28.35208276 20.84283094 35.71267162]
<<<<<<< HEAD
0.4673018727932515 16.42211315673857 15.115201964256386
val isze = 0
idinces = [ 3  7 16  5  6  2 10 12  8 13 14 17 11  1  0 15  4  9]
training loss = 1.6305876970291138 500
training loss = 0.6530086398124695 1000
reduced chi^2 level 2 = 0.6562151312828064
Constrained alpha: 2.143468141555786
Constrained beta: 2.554208278656006
Constrained gamma: 3.1486411094665527
=======
pred
[tensor([24.8948, 22.7629, 28.9765, 24.1106, 43.7103, 34.4725, 33.4937, 38.1441,
        44.1452, 60.2699, 56.8162, 34.2165, 51.5551, 28.8159, 20.2655, 30.4867,
        28.9857, 43.5962])]
1.776573656221514 5.17027077062524 72.23803095342491
val isze = 0
idinces = [14  2 11 13  9 10  6  1  7  0 15 16  4  3  5  8 12 17]
training loss = 1.9127460718154907 500
reduced chi^2 level 2 = 1.9139902591705322
Constrained alpha: 1.9481761455535889
Constrained beta: 2.5938992500305176
Constrained gamma: 48.374610900878906
>>>>>>> bf5bffb69ec4a318117f0a4aa6bdaab926d87e87
data before
[ 0.00000000e+00  0.00000000e+00  0.00000000e+00  0.00000000e+00
  0.00000000e+00  0.00000000e+00  0.00000000e+00  0.00000000e+00
  0.00000000e+00  0.00000000e+00  1.57987379e-05  5.14682362e-04
  1.84154837e-02  1.65006572e-01  4.48588995e-01  8.33724597e-01
  1.40485601e+00  2.30344220e+00  3.41574487e+00  5.33813734e+00
  8.23203178e+00  1.15458564e+01  1.73732476e+01  2.73518254e+01
  3.30603710e+01  3.64903974e+01  4.07562847e+01  4.46988924e+01
  4.86205403e+01  5.10510247e+01  5.12176075e+01  4.80502885e+01
  4.04096822e+01  2.97913085e+01  1.83611596e+01  8.61149765e+00
  2.89927416e+00  6.07930951e-01 -1.57518096e-04  0.00000000e+00
  0.00000000e+00]
5
data after
[22.16047832953023, 28.919104015315472, 27.35182536508143, 33.06037098303795, 36.49039740303755, 40.756284651001096, 44.69889244135171, 48.62054031611413, 51.05102471626371, 51.21760746579767, 48.050288544210794, 40.40968222465217, 29.79130853905678, 30.479704823745603]
9
data,sig_tot
[22.16047833 28.91910402 27.35182537 33.06037098 36.4903974  40.75628465
 44.69889244 48.62054032 51.05102472 51.21760747 48.05028854 40.40968222
 29.79130854 30.47970482 26.59158071 28.35208276 20.84283094 35.71267162]
[22.16047833 28.91910402 27.35182537 33.06037098 36.4903974  40.75628465
 44.69889244 48.62054032 51.05102472 51.21760747 48.05028854 40.40968222
 29.79130854 30.47970482 26.59158071 28.35208276 20.84283094 35.71267162]
<<<<<<< HEAD
0.4673018727932515 16.42211315673857 15.115201964256386
val isze = 0
idinces = [ 3  7 16  5  6  2 10 12  8 13 14 17 11  1  0 15  4  9]
training loss = 1.5539323091506958 500
training loss = 0.6516674160957336 1000
reduced chi^2 level 2 = 0.6558603644371033
Constrained alpha: 2.1442365646362305
Constrained beta: 2.562716484069824
Constrained gamma: 3.217831611633301
=======
pred
[tensor([22.3745, 30.5723, 27.9044, 25.1254, 45.6735, 42.3265, 35.4679, 46.2408,
        60.5459, 45.4678, 58.3357, 49.2211, 38.0051, 19.9592, 25.6380, 21.9090,
        24.3766, 41.0517])]
3.11785445583392 3.4009528514824594 82.84559636353733
val isze = 0
idinces = [13  1  6  8 15  7  5 17  0  2 10 14 11  9 16  4  3 12]
training loss = 3.1983375549316406 500
training loss = 1.7092427015304565 1000
training loss = 1.684431552886963 1500
training loss = 1.6497721672058105 2000
training loss = 1.5992584228515625 2500
training loss = 1.5301110744476318 3000
training loss = 1.429761528968811 3500
training loss = 1.31031334400177 4000
training loss = 1.2406727075576782 4500
training loss = 1.2089840173721313 5000
reduced chi^2 level 2 = 1.20894455909729
Constrained alpha: 1.94797682762146
Constrained beta: 3.1526572704315186
Constrained gamma: 11.483274459838867
>>>>>>> bf5bffb69ec4a318117f0a4aa6bdaab926d87e87
data before
[ 0.00000000e+00  0.00000000e+00  0.00000000e+00  0.00000000e+00
  0.00000000e+00  0.00000000e+00  0.00000000e+00  0.00000000e+00
  0.00000000e+00  0.00000000e+00  1.57987379e-05  5.14682362e-04
  1.84154837e-02  1.65006572e-01  4.48588995e-01  8.33724597e-01
  1.40485601e+00  2.30344220e+00  3.41574487e+00  5.33813734e+00
  8.23203178e+00  1.15458564e+01  1.73732476e+01  2.73518254e+01
  3.30603710e+01  3.64903974e+01  4.07562847e+01  4.46988924e+01
  4.86205403e+01  5.10510247e+01  5.12176075e+01  4.80502885e+01
  4.04096822e+01  2.97913085e+01  1.83611596e+01  8.61149765e+00
  2.89927416e+00  6.07930951e-01 -1.57518096e-04  0.00000000e+00
  0.00000000e+00]
5
data after
[22.16047832953023, 28.919104015315472, 27.35182536508143, 33.06037098303795, 36.49039740303755, 40.756284651001096, 44.69889244135171, 48.62054031611413, 51.05102471626371, 51.21760746579767, 48.050288544210794, 40.40968222465217, 29.79130853905678, 30.479704823745603]
9
data,sig_tot
[22.16047833 28.91910402 27.35182537 33.06037098 36.4903974  40.75628465
 44.69889244 48.62054032 51.05102472 51.21760747 48.05028854 40.40968222
 29.79130854 30.47970482 26.59158071 28.35208276 20.84283094 35.71267162]
[22.16047833 28.91910402 27.35182537 33.06037098 36.4903974  40.75628465
 44.69889244 48.62054032 51.05102472 51.21760747 48.05028854 40.40968222
 29.79130854 30.47970482 26.59158071 28.35208276 20.84283094 35.71267162]
<<<<<<< HEAD
0.4673018727932515 16.42211315673857 15.115201964256386
val isze = 0
idinces = [ 3  7 16  5  6  2 10 12  8 13 14 17 11  1  0 15  4  9]
training loss = 1.544111728668213 500
training loss = 0.6508734822273254 1000
reduced chi^2 level 2 = 0.6551687717437744
Constrained alpha: 2.145260810852051
Constrained beta: 2.573880434036255
Constrained gamma: 3.2790982723236084
=======
pred
[tensor([29.2380, 19.9881, 23.8630, 26.0092, 47.4477, 42.2924, 35.1478, 54.2869,
        63.2110, 53.2404, 42.6212, 43.5796, 39.6747, 34.5269, 26.2901, 30.1242,
        17.6426, 51.1598])]
2.3515440221670088 12.421779804987032 22.94986836620684
val isze = 0
idinces = [16  9  3  6 10 17  4  7 12 15 14  0  1 11  8  2 13  5]
training loss = 1.2522567510604858 500
training loss = 1.1381317377090454 1000
reduced chi^2 level 2 = 1.1410976648330688
Constrained alpha: 2.159066677093506
Constrained beta: 2.372629404067993
Constrained gamma: 3.5508158206939697
>>>>>>> bf5bffb69ec4a318117f0a4aa6bdaab926d87e87
data before
[ 0.00000000e+00  0.00000000e+00  0.00000000e+00  0.00000000e+00
  0.00000000e+00  0.00000000e+00  0.00000000e+00  0.00000000e+00
  0.00000000e+00  0.00000000e+00  1.57987379e-05  5.14682362e-04
  1.84154837e-02  1.65006572e-01  4.48588995e-01  8.33724597e-01
  1.40485601e+00  2.30344220e+00  3.41574487e+00  5.33813734e+00
  8.23203178e+00  1.15458564e+01  1.73732476e+01  2.73518254e+01
  3.30603710e+01  3.64903974e+01  4.07562847e+01  4.46988924e+01
  4.86205403e+01  5.10510247e+01  5.12176075e+01  4.80502885e+01
  4.04096822e+01  2.97913085e+01  1.83611596e+01  8.61149765e+00
  2.89927416e+00  6.07930951e-01 -1.57518096e-04  0.00000000e+00
  0.00000000e+00]
5
data after
[22.16047832953023, 28.919104015315472, 27.35182536508143, 33.06037098303795, 36.49039740303755, 40.756284651001096, 44.69889244135171, 48.62054031611413, 51.05102471626371, 51.21760746579767, 48.050288544210794, 40.40968222465217, 29.79130853905678, 30.479704823745603]
9
data,sig_tot
[22.16047833 28.91910402 27.35182537 33.06037098 36.4903974  40.75628465
 44.69889244 48.62054032 51.05102472 51.21760747 48.05028854 40.40968222
 29.79130854 30.47970482 26.59158071 28.35208276 20.84283094 35.71267162]
[22.16047833 28.91910402 27.35182537 33.06037098 36.4903974  40.75628465
 44.69889244 48.62054032 51.05102472 51.21760747 48.05028854 40.40968222
 29.79130854 30.47970482 26.59158071 28.35208276 20.84283094 35.71267162]
<<<<<<< HEAD
0.4673018727932515 16.42211315673857 15.115201964256386
val isze = 0
idinces = [ 3  7 16  5  6  2 10 12  8 13 14 17 11  1  0 15  4  9]
training loss = 1.5845448970794678 500
training loss = 0.652370035648346 1000
reduced chi^2 level 2 = 0.6561753153800964
Constrained alpha: 2.1423723697662354
Constrained beta: 2.557605504989624
Constrained gamma: 3.2624523639678955
=======
pred
[tensor([24.8033, 33.4383, 36.0497, 30.6368, 42.3249, 42.6076, 37.7521, 39.1709,
        57.6359, 54.8348, 50.1118, 52.6776, 51.7962, 21.3317, 20.5837, 20.8122,
        29.9987, 46.4470])]
3.4816895024446994 2.029427991941497 76.10806228531908
val isze = 0
idinces = [17 16  7  1  0 11 13  5  2 10  9  6  3  4  8 15 12 14]
training loss = 5.550350189208984 500
training loss = 3.2028563022613525 1000
training loss = 2.507359743118286 1500
training loss = 2.1941919326782227 2000
training loss = 2.0573933124542236 2500
training loss = 1.9565190076828003 3000
training loss = 1.8388317823410034 3500
training loss = 1.511504888534546 4000
training loss = 1.1233807802200317 4500
training loss = 1.0131053924560547 5000
reduced chi^2 level 2 = 1.0155264139175415
Constrained alpha: 3.1470062732696533
Constrained beta: 2.5076804161071777
Constrained gamma: 18.826580047607422
>>>>>>> bf5bffb69ec4a318117f0a4aa6bdaab926d87e87
data before
[ 0.00000000e+00  0.00000000e+00  0.00000000e+00  0.00000000e+00
  0.00000000e+00  0.00000000e+00  0.00000000e+00  0.00000000e+00
  0.00000000e+00  0.00000000e+00  1.57987379e-05  5.14682362e-04
  1.84154837e-02  1.65006572e-01  4.48588995e-01  8.33724597e-01
  1.40485601e+00  2.30344220e+00  3.41574487e+00  5.33813734e+00
  8.23203178e+00  1.15458564e+01  1.73732476e+01  2.73518254e+01
  3.30603710e+01  3.64903974e+01  4.07562847e+01  4.46988924e+01
  4.86205403e+01  5.10510247e+01  5.12176075e+01  4.80502885e+01
  4.04096822e+01  2.97913085e+01  1.83611596e+01  8.61149765e+00
  2.89927416e+00  6.07930951e-01 -1.57518096e-04  0.00000000e+00
  0.00000000e+00]
5
data after
[22.16047832953023, 28.919104015315472, 27.35182536508143, 33.06037098303795, 36.49039740303755, 40.756284651001096, 44.69889244135171, 48.62054031611413, 51.05102471626371, 51.21760746579767, 48.050288544210794, 40.40968222465217, 29.79130853905678, 30.479704823745603]
9
data,sig_tot
[22.16047833 28.91910402 27.35182537 33.06037098 36.4903974  40.75628465
 44.69889244 48.62054032 51.05102472 51.21760747 48.05028854 40.40968222
 29.79130854 30.47970482 26.59158071 28.35208276 20.84283094 35.71267162]
[22.16047833 28.91910402 27.35182537 33.06037098 36.4903974  40.75628465
 44.69889244 48.62054032 51.05102472 51.21760747 48.05028854 40.40968222
 29.79130854 30.47970482 26.59158071 28.35208276 20.84283094 35.71267162]
<<<<<<< HEAD
0.4673018727932515 16.42211315673857 15.115201964256386
val isze = 0
idinces = [ 3  7 16  5  6  2 10 12  8 13 14 17 11  1  0 15  4  9]
training loss = 1.5685651302337646 500
training loss = 0.6512011289596558 1000
reduced chi^2 level 2 = 0.6552215814590454
Constrained alpha: 2.1454246044158936
Constrained beta: 2.5696332454681396
Constrained gamma: 3.268861770629883
=======
pred
[tensor([27.9186, 23.7651, 19.1411, 23.0449, 46.8845, 41.8272, 52.2492, 39.3854,
        56.7830, 56.4186, 57.6135, 39.1531, 49.0022, 27.8986, 26.8236, 27.6700,
        21.2377, 36.7230])]
0.9853655098400843 15.760735758010389 8.853576839077249
val isze = 0
idinces = [ 9 15  2 16  1  8  4 14 12 11  3  6 17 10  5  0  7 13]
training loss = 2.1375439167022705 500
training loss = 1.662564992904663 1000
reduced chi^2 level 2 = 1.6766053438186646
Constrained alpha: 1.9986283779144287
Constrained beta: 2.8927314281463623
Constrained gamma: 3.0836658477783203
>>>>>>> bf5bffb69ec4a318117f0a4aa6bdaab926d87e87
data before
[ 0.00000000e+00  0.00000000e+00  0.00000000e+00  0.00000000e+00
  0.00000000e+00  0.00000000e+00  0.00000000e+00  0.00000000e+00
  0.00000000e+00  0.00000000e+00  1.57987379e-05  5.14682362e-04
  1.84154837e-02  1.65006572e-01  4.48588995e-01  8.33724597e-01
  1.40485601e+00  2.30344220e+00  3.41574487e+00  5.33813734e+00
  8.23203178e+00  1.15458564e+01  1.73732476e+01  2.73518254e+01
  3.30603710e+01  3.64903974e+01  4.07562847e+01  4.46988924e+01
  4.86205403e+01  5.10510247e+01  5.12176075e+01  4.80502885e+01
  4.04096822e+01  2.97913085e+01  1.83611596e+01  8.61149765e+00
  2.89927416e+00  6.07930951e-01 -1.57518096e-04  0.00000000e+00
  0.00000000e+00]
5
data after
[22.16047832953023, 28.919104015315472, 27.35182536508143, 33.06037098303795, 36.49039740303755, 40.756284651001096, 44.69889244135171, 48.62054031611413, 51.05102471626371, 51.21760746579767, 48.050288544210794, 40.40968222465217, 29.79130853905678, 30.479704823745603]
9
data,sig_tot
[22.16047833 28.91910402 27.35182537 33.06037098 36.4903974  40.75628465
 44.69889244 48.62054032 51.05102472 51.21760747 48.05028854 40.40968222
 29.79130854 30.47970482 26.59158071 28.35208276 20.84283094 35.71267162]
[22.16047833 28.91910402 27.35182537 33.06037098 36.4903974  40.75628465
 44.69889244 48.62054032 51.05102472 51.21760747 48.05028854 40.40968222
 29.79130854 30.47970482 26.59158071 28.35208276 20.84283094 35.71267162]
<<<<<<< HEAD
0.4673018727932515 16.42211315673857 15.115201964256386
val isze = 0
idinces = [ 3  7 16  5  6  2 10 12  8 13 14 17 11  1  0 15  4  9]
training loss = 1.538664698600769 500
training loss = 0.6523553133010864 1000
reduced chi^2 level 2 = 0.6562582850456238
Constrained alpha: 2.1425113677978516
Constrained beta: 2.556030511856079
Constrained gamma: 3.2595627307891846
=======
pred
[tensor([28.6661, 21.8017, 25.8637, 26.1793, 51.7796, 35.1086, 45.5350, 48.5639,
        57.0580, 48.8030, 45.8686, 58.5526, 50.4270, 23.4864, 23.7074, 24.6548,
        23.6525, 33.4679])]
0.6972402271484385 12.774882636265701 78.03561551794587
val isze = 0
idinces = [ 2  8  5 11 16 10  0  3 12 13  9 15  6  7  1  4 17 14]
training loss = 2.561685562133789 500
training loss = 1.9624680280685425 1000
training loss = 2.1367173194885254 1500
training loss = 1.909077525138855 2000
training loss = 1.87614107131958 2500
reduced chi^2 level 2 = 1.8720957040786743
Constrained alpha: 2.66561222076416
Constrained beta: 3.631071090698242
Constrained gamma: 15.343036651611328
>>>>>>> bf5bffb69ec4a318117f0a4aa6bdaab926d87e87
data before
[ 0.00000000e+00  0.00000000e+00  0.00000000e+00  0.00000000e+00
  0.00000000e+00  0.00000000e+00  0.00000000e+00  0.00000000e+00
  0.00000000e+00  0.00000000e+00  1.57987379e-05  5.14682362e-04
  1.84154837e-02  1.65006572e-01  4.48588995e-01  8.33724597e-01
  1.40485601e+00  2.30344220e+00  3.41574487e+00  5.33813734e+00
  8.23203178e+00  1.15458564e+01  1.73732476e+01  2.73518254e+01
  3.30603710e+01  3.64903974e+01  4.07562847e+01  4.46988924e+01
  4.86205403e+01  5.10510247e+01  5.12176075e+01  4.80502885e+01
  4.04096822e+01  2.97913085e+01  1.83611596e+01  8.61149765e+00
  2.89927416e+00  6.07930951e-01 -1.57518096e-04  0.00000000e+00
  0.00000000e+00]
5
data after
[22.16047832953023, 28.919104015315472, 27.35182536508143, 33.06037098303795, 36.49039740303755, 40.756284651001096, 44.69889244135171, 48.62054031611413, 51.05102471626371, 51.21760746579767, 48.050288544210794, 40.40968222465217, 29.79130853905678, 30.479704823745603]
9
data,sig_tot
[22.16047833 28.91910402 27.35182537 33.06037098 36.4903974  40.75628465
 44.69889244 48.62054032 51.05102472 51.21760747 48.05028854 40.40968222
 29.79130854 30.47970482 26.59158071 28.35208276 20.84283094 35.71267162]
[22.16047833 28.91910402 27.35182537 33.06037098 36.4903974  40.75628465
 44.69889244 48.62054032 51.05102472 51.21760747 48.05028854 40.40968222
 29.79130854 30.47970482 26.59158071 28.35208276 20.84283094 35.71267162]
<<<<<<< HEAD
0.4673018727932515 16.42211315673857 15.115201964256386
val isze = 0
idinces = [ 3  7 16  5  6  2 10 12  8 13 14 17 11  1  0 15  4  9]
training loss = 1.542794942855835 500
training loss = 0.6513744592666626 1000
reduced chi^2 level 2 = 0.6556404829025269
Constrained alpha: 2.1440927982330322
Constrained beta: 2.5674631595611572
Constrained gamma: 3.2923359870910645
=======
pred
[tensor([31.0319, 30.0335, 24.0725, 35.6043, 42.7424, 42.3962, 42.1480, 55.3231,
        53.1010, 58.5321, 51.0598, 30.9997, 41.3389, 16.8358, 20.4476, 24.8781,
        28.2151, 39.9183])]
2.0061374219999033 8.10325516961088 36.60059844848173
val isze = 0
idinces = [ 4  6  9  7 16  0 10  2 14  5 11 15  1  8 12 13 17  3]
training loss = 1.0963064432144165 500
reduced chi^2 level 2 = 1.1047828197479248
Constrained alpha: 1.9424222707748413
Constrained beta: 3.520768404006958
Constrained gamma: 15.583902359008789
>>>>>>> bf5bffb69ec4a318117f0a4aa6bdaab926d87e87
data before
[ 0.00000000e+00  0.00000000e+00  0.00000000e+00  0.00000000e+00
  0.00000000e+00  0.00000000e+00  0.00000000e+00  0.00000000e+00
  0.00000000e+00  0.00000000e+00  1.57987379e-05  5.14682362e-04
  1.84154837e-02  1.65006572e-01  4.48588995e-01  8.33724597e-01
  1.40485601e+00  2.30344220e+00  3.41574487e+00  5.33813734e+00
  8.23203178e+00  1.15458564e+01  1.73732476e+01  2.73518254e+01
  3.30603710e+01  3.64903974e+01  4.07562847e+01  4.46988924e+01
  4.86205403e+01  5.10510247e+01  5.12176075e+01  4.80502885e+01
  4.04096822e+01  2.97913085e+01  1.83611596e+01  8.61149765e+00
  2.89927416e+00  6.07930951e-01 -1.57518096e-04  0.00000000e+00
  0.00000000e+00]
5
data after
[22.16047832953023, 28.919104015315472, 27.35182536508143, 33.06037098303795, 36.49039740303755, 40.756284651001096, 44.69889244135171, 48.62054031611413, 51.05102471626371, 51.21760746579767, 48.050288544210794, 40.40968222465217, 29.79130853905678, 30.479704823745603]
9
data,sig_tot
[22.16047833 28.91910402 27.35182537 33.06037098 36.4903974  40.75628465
 44.69889244 48.62054032 51.05102472 51.21760747 48.05028854 40.40968222
 29.79130854 30.47970482 26.59158071 28.35208276 20.84283094 35.71267162]
[22.16047833 28.91910402 27.35182537 33.06037098 36.4903974  40.75628465
 44.69889244 48.62054032 51.05102472 51.21760747 48.05028854 40.40968222
 29.79130854 30.47970482 26.59158071 28.35208276 20.84283094 35.71267162]
<<<<<<< HEAD
0.4673018727932515 16.42211315673857 15.115201964256386
val isze = 0
idinces = [ 3  7 16  5  6  2 10 12  8 13 14 17 11  1  0 15  4  9]
training loss = 1.55099618434906 500
training loss = 0.6513336300849915 1000
reduced chi^2 level 2 = 0.6555672287940979
Constrained alpha: 2.143855571746826
Constrained beta: 2.568798780441284
Constrained gamma: 3.270322561264038
=======
pred
[tensor([26.0936, 24.2185, 26.7536, 32.8371, 34.5673, 40.9481, 40.7755, 53.1605,
        59.1115, 61.2072, 53.2927, 48.5987, 37.8291, 26.9733, 12.1197, 29.0665,
        22.5985, 46.6449])]
3.1158342152118097 18.794838448232625 49.49438140503199
val isze = 0
idinces = [ 8 14 17 11 10  3  1  9 12  0  6  7  5  2  4 16 13 15]
training loss = 0.2696540653705597 500
training loss = 0.23442485928535461 1000
training loss = 0.21306104958057404 1500
training loss = 0.21739590167999268 2000
reduced chi^2 level 2 = 0.1997104287147522
Constrained alpha: 2.9668521881103516
Constrained beta: 4.051395893096924
Constrained gamma: 7.355810165405273
>>>>>>> bf5bffb69ec4a318117f0a4aa6bdaab926d87e87
data before
[ 0.00000000e+00  0.00000000e+00  0.00000000e+00  0.00000000e+00
  0.00000000e+00  0.00000000e+00  0.00000000e+00  0.00000000e+00
  0.00000000e+00  0.00000000e+00  1.57987379e-05  5.14682362e-04
  1.84154837e-02  1.65006572e-01  4.48588995e-01  8.33724597e-01
  1.40485601e+00  2.30344220e+00  3.41574487e+00  5.33813734e+00
  8.23203178e+00  1.15458564e+01  1.73732476e+01  2.73518254e+01
  3.30603710e+01  3.64903974e+01  4.07562847e+01  4.46988924e+01
  4.86205403e+01  5.10510247e+01  5.12176075e+01  4.80502885e+01
  4.04096822e+01  2.97913085e+01  1.83611596e+01  8.61149765e+00
  2.89927416e+00  6.07930951e-01 -1.57518096e-04  0.00000000e+00
  0.00000000e+00]
5
data after
[22.16047832953023, 28.919104015315472, 27.35182536508143, 33.06037098303795, 36.49039740303755, 40.756284651001096, 44.69889244135171, 48.62054031611413, 51.05102471626371, 51.21760746579767, 48.050288544210794, 40.40968222465217, 29.79130853905678, 30.479704823745603]
9
data,sig_tot
[22.16047833 28.91910402 27.35182537 33.06037098 36.4903974  40.75628465
 44.69889244 48.62054032 51.05102472 51.21760747 48.05028854 40.40968222
 29.79130854 30.47970482 26.59158071 28.35208276 20.84283094 35.71267162]
[22.16047833 28.91910402 27.35182537 33.06037098 36.4903974  40.75628465
 44.69889244 48.62054032 51.05102472 51.21760747 48.05028854 40.40968222
 29.79130854 30.47970482 26.59158071 28.35208276 20.84283094 35.71267162]
<<<<<<< HEAD
0.4673018727932515 16.42211315673857 15.115201964256386
val isze = 0
idinces = [ 3  7 16  5  6  2 10 12  8 13 14 17 11  1  0 15  4  9]
training loss = 1.5378751754760742 500
training loss = 0.6513871550559998 1000
reduced chi^2 level 2 = 0.6555373072624207
Constrained alpha: 2.145103931427002
Constrained beta: 2.5668787956237793
Constrained gamma: 3.2111127376556396
=======
pred
[tensor([33.0823, 24.9638, 35.1213, 24.4284, 47.7251, 33.7050, 48.7543, 48.5365,
        63.1595, 47.7381, 43.8296, 42.6523, 41.0538, 32.1183, 27.9049, 26.0010,
        22.2340, 57.6104])]
3.7111090041416745 4.322714518154394 34.85599062102077
val isze = 0
idinces = [ 0 16  7 13  4 17 10  3  9 12 15 14 11  5  2  1  8  6]
training loss = 15.52826976776123 500
training loss = 1.2798315286636353 1000
training loss = 1.1902928352355957 1500
training loss = 1.1601883172988892 2000
training loss = 1.1400837898254395 2500
training loss = 1.1250836849212646 3000
training loss = 1.1125354766845703 3500
training loss = 1.0994106531143188 4000
training loss = 1.0805268287658691 4500
training loss = 1.0662782192230225 5000
reduced chi^2 level 2 = 1.0625942945480347
Constrained alpha: 3.3884127140045166
Constrained beta: 1.6981892585754395
Constrained gamma: 12.632296562194824
>>>>>>> bf5bffb69ec4a318117f0a4aa6bdaab926d87e87
data before
[ 0.00000000e+00  0.00000000e+00  0.00000000e+00  0.00000000e+00
  0.00000000e+00  0.00000000e+00  0.00000000e+00  0.00000000e+00
  0.00000000e+00  0.00000000e+00  1.57987379e-05  5.14682362e-04
  1.84154837e-02  1.65006572e-01  4.48588995e-01  8.33724597e-01
  1.40485601e+00  2.30344220e+00  3.41574487e+00  5.33813734e+00
  8.23203178e+00  1.15458564e+01  1.73732476e+01  2.73518254e+01
  3.30603710e+01  3.64903974e+01  4.07562847e+01  4.46988924e+01
  4.86205403e+01  5.10510247e+01  5.12176075e+01  4.80502885e+01
  4.04096822e+01  2.97913085e+01  1.83611596e+01  8.61149765e+00
  2.89927416e+00  6.07930951e-01 -1.57518096e-04  0.00000000e+00
  0.00000000e+00]
5
data after
[22.16047832953023, 28.919104015315472, 27.35182536508143, 33.06037098303795, 36.49039740303755, 40.756284651001096, 44.69889244135171, 48.62054031611413, 51.05102471626371, 51.21760746579767, 48.050288544210794, 40.40968222465217, 29.79130853905678, 30.479704823745603]
9
data,sig_tot
[22.16047833 28.91910402 27.35182537 33.06037098 36.4903974  40.75628465
 44.69889244 48.62054032 51.05102472 51.21760747 48.05028854 40.40968222
 29.79130854 30.47970482 26.59158071 28.35208276 20.84283094 35.71267162]
[22.16047833 28.91910402 27.35182537 33.06037098 36.4903974  40.75628465
 44.69889244 48.62054032 51.05102472 51.21760747 48.05028854 40.40968222
 29.79130854 30.47970482 26.59158071 28.35208276 20.84283094 35.71267162]
<<<<<<< HEAD
0.4673018727932515 16.42211315673857 15.115201964256386
val isze = 0
idinces = [ 3  7 16  5  6  2 10 12  8 13 14 17 11  1  0 15  4  9]
training loss = 1.5062700510025024 500
training loss = 0.6519652605056763 1000
reduced chi^2 level 2 = 0.6553433537483215
Constrained alpha: 2.146754264831543
Constrained beta: 2.5710768699645996
Constrained gamma: 3.092946767807007
=======
pred
[tensor([24.6800, 26.5121, 23.3262, 18.0067, 43.6510, 38.7314, 43.0165, 44.8483,
        49.9188, 57.6252, 49.1210, 52.7285, 49.8715, 21.2870, 26.5512, 23.2241,
        24.7190, 51.2610])]
2.5882598771923866 5.556003105636023 97.32854222033427
val isze = 0
idinces = [ 4 17 13 14  1  9  3  2 15  5 16 12  6 11  0  7  8 10]
training loss = 1.7471245527267456 500
training loss = 1.7278435230255127 1000
training loss = 1.724378228187561 1500
training loss = 1.7241692543029785 2000
reduced chi^2 level 2 = 1.7242194414138794
Constrained alpha: 1.6611924171447754
Constrained beta: 3.330200433731079
Constrained gamma: 41.490875244140625
>>>>>>> bf5bffb69ec4a318117f0a4aa6bdaab926d87e87
data before
[ 0.00000000e+00  0.00000000e+00  0.00000000e+00  0.00000000e+00
  0.00000000e+00  0.00000000e+00  0.00000000e+00  0.00000000e+00
  0.00000000e+00  0.00000000e+00  1.57987379e-05  5.14682362e-04
  1.84154837e-02  1.65006572e-01  4.48588995e-01  8.33724597e-01
  1.40485601e+00  2.30344220e+00  3.41574487e+00  5.33813734e+00
  8.23203178e+00  1.15458564e+01  1.73732476e+01  2.73518254e+01
  3.30603710e+01  3.64903974e+01  4.07562847e+01  4.46988924e+01
  4.86205403e+01  5.10510247e+01  5.12176075e+01  4.80502885e+01
  4.04096822e+01  2.97913085e+01  1.83611596e+01  8.61149765e+00
  2.89927416e+00  6.07930951e-01 -1.57518096e-04  0.00000000e+00
  0.00000000e+00]
5
data after
[22.16047832953023, 28.919104015315472, 27.35182536508143, 33.06037098303795, 36.49039740303755, 40.756284651001096, 44.69889244135171, 48.62054031611413, 51.05102471626371, 51.21760746579767, 48.050288544210794, 40.40968222465217, 29.79130853905678, 30.479704823745603]
9
data,sig_tot
[22.16047833 28.91910402 27.35182537 33.06037098 36.4903974  40.75628465
 44.69889244 48.62054032 51.05102472 51.21760747 48.05028854 40.40968222
 29.79130854 30.47970482 26.59158071 28.35208276 20.84283094 35.71267162]
[22.16047833 28.91910402 27.35182537 33.06037098 36.4903974  40.75628465
 44.69889244 48.62054032 51.05102472 51.21760747 48.05028854 40.40968222
 29.79130854 30.47970482 26.59158071 28.35208276 20.84283094 35.71267162]
<<<<<<< HEAD
0.4673018727932515 16.42211315673857 15.115201964256386
val isze = 0
idinces = [ 3  7 16  5  6  2 10 12  8 13 14 17 11  1  0 15  4  9]
training loss = 1.5451524257659912 500
training loss = 0.651996910572052 1000
reduced chi^2 level 2 = 0.6560121774673462
Constrained alpha: 2.1429684162139893
Constrained beta: 2.5601205825805664
Constrained gamma: 3.2725048065185547
=======
pred
[tensor([21.1021, 35.3810, 23.6236, 37.7924, 41.1276, 42.5874, 44.3178, 42.1446,
        52.7919, 61.0080, 54.1038, 43.4709, 36.5314, 18.4951, 15.5826, 32.2219,
        18.3696, 41.7758])]
0.8378316031768129 2.005590702631208 41.516568298465714
val isze = 0
idinces = [ 4  1  7 10  9  8 17 16 15  5 13  6 14  0 12  2 11  3]
training loss = 0.8762316703796387 500
training loss = 0.8361766338348389 1000
training loss = 0.8323573470115662 1500
reduced chi^2 level 2 = 0.8330923914909363
Constrained alpha: 1.8228003978729248
Constrained beta: 3.5640697479248047
Constrained gamma: 6.568397045135498
>>>>>>> bf5bffb69ec4a318117f0a4aa6bdaab926d87e87
data before
[ 0.00000000e+00  0.00000000e+00  0.00000000e+00  0.00000000e+00
  0.00000000e+00  0.00000000e+00  0.00000000e+00  0.00000000e+00
  0.00000000e+00  0.00000000e+00  1.57987379e-05  5.14682362e-04
  1.84154837e-02  1.65006572e-01  4.48588995e-01  8.33724597e-01
  1.40485601e+00  2.30344220e+00  3.41574487e+00  5.33813734e+00
  8.23203178e+00  1.15458564e+01  1.73732476e+01  2.73518254e+01
  3.30603710e+01  3.64903974e+01  4.07562847e+01  4.46988924e+01
  4.86205403e+01  5.10510247e+01  5.12176075e+01  4.80502885e+01
  4.04096822e+01  2.97913085e+01  1.83611596e+01  8.61149765e+00
  2.89927416e+00  6.07930951e-01 -1.57518096e-04  0.00000000e+00
  0.00000000e+00]
5
data after
[22.16047832953023, 28.919104015315472, 27.35182536508143, 33.06037098303795, 36.49039740303755, 40.756284651001096, 44.69889244135171, 48.62054031611413, 51.05102471626371, 51.21760746579767, 48.050288544210794, 40.40968222465217, 29.79130853905678, 30.479704823745603]
9
data,sig_tot
[22.16047833 28.91910402 27.35182537 33.06037098 36.4903974  40.75628465
 44.69889244 48.62054032 51.05102472 51.21760747 48.05028854 40.40968222
 29.79130854 30.47970482 26.59158071 28.35208276 20.84283094 35.71267162]
[22.16047833 28.91910402 27.35182537 33.06037098 36.4903974  40.75628465
 44.69889244 48.62054032 51.05102472 51.21760747 48.05028854 40.40968222
 29.79130854 30.47970482 26.59158071 28.35208276 20.84283094 35.71267162]
<<<<<<< HEAD
0.4673018727932515 16.42211315673857 15.115201964256386
val isze = 0
idinces = [ 3  7 16  5  6  2 10 12  8 13 14 17 11  1  0 15  4  9]
training loss = 1.5957238674163818 500
training loss = 0.6519214510917664 1000
reduced chi^2 level 2 = 0.6560200452804565
Constrained alpha: 2.1437721252441406
Constrained beta: 2.559837818145752
Constrained gamma: 3.2352232933044434
=======
pred
[tensor([30.5887, 38.6364, 21.9909, 36.8828, 46.3804, 30.5770, 35.6756, 50.4860,
        56.9731, 52.6145, 62.7377, 49.2800, 39.9395, 14.5326, 27.7394, 27.9646,
        23.7197, 41.3956])]
1.255044434331201 12.470139600859433 20.194119072161676
val isze = 0
idinces = [ 0 14  8  3  1  4  7  2  9  5 13  6 10 11 15 17 12 16]
training loss = 2.103769063949585 500
training loss = 1.9276844263076782 1000
reduced chi^2 level 2 = 1.9361828565597534
Constrained alpha: 2.1056928634643555
Constrained beta: 3.2719078063964844
Constrained gamma: 3.8544156551361084
>>>>>>> bf5bffb69ec4a318117f0a4aa6bdaab926d87e87
data before
[ 0.00000000e+00  0.00000000e+00  0.00000000e+00  0.00000000e+00
  0.00000000e+00  0.00000000e+00  0.00000000e+00  0.00000000e+00
  0.00000000e+00  0.00000000e+00  1.57987379e-05  5.14682362e-04
  1.84154837e-02  1.65006572e-01  4.48588995e-01  8.33724597e-01
  1.40485601e+00  2.30344220e+00  3.41574487e+00  5.33813734e+00
  8.23203178e+00  1.15458564e+01  1.73732476e+01  2.73518254e+01
  3.30603710e+01  3.64903974e+01  4.07562847e+01  4.46988924e+01
  4.86205403e+01  5.10510247e+01  5.12176075e+01  4.80502885e+01
  4.04096822e+01  2.97913085e+01  1.83611596e+01  8.61149765e+00
  2.89927416e+00  6.07930951e-01 -1.57518096e-04  0.00000000e+00
  0.00000000e+00]
5
data after
[22.16047832953023, 28.919104015315472, 27.35182536508143, 33.06037098303795, 36.49039740303755, 40.756284651001096, 44.69889244135171, 48.62054031611413, 51.05102471626371, 51.21760746579767, 48.050288544210794, 40.40968222465217, 29.79130853905678, 30.479704823745603]
9
data,sig_tot
[22.16047833 28.91910402 27.35182537 33.06037098 36.4903974  40.75628465
 44.69889244 48.62054032 51.05102472 51.21760747 48.05028854 40.40968222
 29.79130854 30.47970482 26.59158071 28.35208276 20.84283094 35.71267162]
[22.16047833 28.91910402 27.35182537 33.06037098 36.4903974  40.75628465
 44.69889244 48.62054032 51.05102472 51.21760747 48.05028854 40.40968222
 29.79130854 30.47970482 26.59158071 28.35208276 20.84283094 35.71267162]
<<<<<<< HEAD
0.4673018727932515 16.42211315673857 15.115201964256386
val isze = 0
idinces = [ 3  7 16  5  6  2 10 12  8 13 14 17 11  1  0 15  4  9]
training loss = 1.5272759199142456 500
training loss = 0.6515030264854431 1000
reduced chi^2 level 2 = 0.6556286215782166
Constrained alpha: 2.1425044536590576
Constrained beta: 2.5680484771728516
Constrained gamma: 3.3499951362609863
=======
pred
[tensor([25.4959, 30.6268, 18.6322, 20.3226, 38.5696, 48.2788, 50.5869, 39.0356,
        55.3807, 52.5275, 53.1215, 33.7501, 43.8672, 31.7221, 27.3359, 34.5010,
        25.4632, 45.0260])]
4.853665278843646 7.83973573840033 94.74862747185222
val isze = 0
idinces = [17 12  9 11 13  5 10  7  8  0  4  6  2  1 15 16 14  3]
training loss = 165.10983276367188 500
training loss = 62.92601776123047 1000
training loss = 44.5779914855957 1500
training loss = 39.095458984375 2000
training loss = 37.013004302978516 2500
training loss = 36.09416580200195 3000
training loss = 35.617645263671875 3500
training loss = 35.29238510131836 4000
training loss = 34.98273468017578 4500
training loss = 34.61402130126953 5000
>>>>>>> bf5bffb69ec4a318117f0a4aa6bdaab926d87e87
data before
[ 0.00000000e+00  0.00000000e+00  0.00000000e+00  0.00000000e+00
  0.00000000e+00  0.00000000e+00  0.00000000e+00  0.00000000e+00
  0.00000000e+00  0.00000000e+00  1.57987379e-05  5.14682362e-04
  1.84154837e-02  1.65006572e-01  4.48588995e-01  8.33724597e-01
  1.40485601e+00  2.30344220e+00  3.41574487e+00  5.33813734e+00
  8.23203178e+00  1.15458564e+01  1.73732476e+01  2.73518254e+01
  3.30603710e+01  3.64903974e+01  4.07562847e+01  4.46988924e+01
  4.86205403e+01  5.10510247e+01  5.12176075e+01  4.80502885e+01
  4.04096822e+01  2.97913085e+01  1.83611596e+01  8.61149765e+00
  2.89927416e+00  6.07930951e-01 -1.57518096e-04  0.00000000e+00
  0.00000000e+00]
5
data after
[22.16047832953023, 28.919104015315472, 27.35182536508143, 33.06037098303795, 36.49039740303755, 40.756284651001096, 44.69889244135171, 48.62054031611413, 51.05102471626371, 51.21760746579767, 48.050288544210794, 40.40968222465217, 29.79130853905678, 30.479704823745603]
9
data,sig_tot
[22.16047833 28.91910402 27.35182537 33.06037098 36.4903974  40.75628465
 44.69889244 48.62054032 51.05102472 51.21760747 48.05028854 40.40968222
 29.79130854 30.47970482 26.59158071 28.35208276 20.84283094 35.71267162]
[22.16047833 28.91910402 27.35182537 33.06037098 36.4903974  40.75628465
 44.69889244 48.62054032 51.05102472 51.21760747 48.05028854 40.40968222
 29.79130854 30.47970482 26.59158071 28.35208276 20.84283094 35.71267162]
<<<<<<< HEAD
0.4673018727932515 16.42211315673857 15.115201964256386
val isze = 0
idinces = [ 3  7 16  5  6  2 10 12  8 13 14 17 11  1  0 15  4  9]
training loss = 1.60259211063385 500
training loss = 0.6534666419029236 1000
reduced chi^2 level 2 = 0.6564465761184692
Constrained alpha: 2.141692876815796
Constrained beta: 2.5517826080322266
Constrained gamma: 3.2470834255218506
=======
pred
[tensor([19.8499, 27.2292, 26.2693, 36.5184, 42.6236, 28.3150, 36.9667, 39.7194,
        53.2317, 42.7261, 54.8195, 44.2935, 51.9460, 25.6527, 20.4677, 33.2017,
        22.6159, 34.6949])]
0.255539069742719 2.4186860302247903 34.329117926575094
val isze = 0
idinces = [15  9  2 10  1 16 12 14  3  0 17  5 11  4 13  7  6  8]
training loss = 1.8654556274414062 500
training loss = 1.8636033535003662 1000
training loss = 1.8620525598526 1500
training loss = 1.8609578609466553 2000
training loss = 1.8606457710266113 2500
training loss = 1.8602532148361206 3000
training loss = 1.8598896265029907 3500
training loss = 1.8595024347305298 4000
training loss = 1.8592109680175781 4500
training loss = 1.8587663173675537 5000
reduced chi^2 level 2 = 1.8587744235992432
Constrained alpha: 2.0759873390197754
Constrained beta: 2.652015447616577
Constrained gamma: 2.5505247116088867
>>>>>>> bf5bffb69ec4a318117f0a4aa6bdaab926d87e87
data before
[ 0.00000000e+00  0.00000000e+00  0.00000000e+00  0.00000000e+00
  0.00000000e+00  0.00000000e+00  0.00000000e+00  0.00000000e+00
  0.00000000e+00  0.00000000e+00  1.57987379e-05  5.14682362e-04
  1.84154837e-02  1.65006572e-01  4.48588995e-01  8.33724597e-01
  1.40485601e+00  2.30344220e+00  3.41574487e+00  5.33813734e+00
  8.23203178e+00  1.15458564e+01  1.73732476e+01  2.73518254e+01
  3.30603710e+01  3.64903974e+01  4.07562847e+01  4.46988924e+01
  4.86205403e+01  5.10510247e+01  5.12176075e+01  4.80502885e+01
  4.04096822e+01  2.97913085e+01  1.83611596e+01  8.61149765e+00
  2.89927416e+00  6.07930951e-01 -1.57518096e-04  0.00000000e+00
  0.00000000e+00]
5
data after
[22.16047832953023, 28.919104015315472, 27.35182536508143, 33.06037098303795, 36.49039740303755, 40.756284651001096, 44.69889244135171, 48.62054031611413, 51.05102471626371, 51.21760746579767, 48.050288544210794, 40.40968222465217, 29.79130853905678, 30.479704823745603]
9
data,sig_tot
[22.16047833 28.91910402 27.35182537 33.06037098 36.4903974  40.75628465
 44.69889244 48.62054032 51.05102472 51.21760747 48.05028854 40.40968222
 29.79130854 30.47970482 26.59158071 28.35208276 20.84283094 35.71267162]
[22.16047833 28.91910402 27.35182537 33.06037098 36.4903974  40.75628465
 44.69889244 48.62054032 51.05102472 51.21760747 48.05028854 40.40968222
 29.79130854 30.47970482 26.59158071 28.35208276 20.84283094 35.71267162]
<<<<<<< HEAD
0.4673018727932515 16.42211315673857 15.115201964256386
val isze = 0
idinces = [ 3  7 16  5  6  2 10 12  8 13 14 17 11  1  0 15  4  9]
training loss = 1.533846139907837 500
training loss = 0.6516116857528687 1000
reduced chi^2 level 2 = 0.6557688117027283
Constrained alpha: 2.143526792526245
Constrained beta: 2.56384015083313
Constrained gamma: 3.2675728797912598
=======
pred
[tensor([24.2817, 30.8585, 39.5667, 25.8842, 31.7327, 45.0707, 34.8507, 43.7894,
        48.4981, 49.3168, 51.9444, 58.2581, 42.8647, 16.1069, 30.3540,  8.1281,
        21.6766, 39.5616])]
3.4973884009381684 10.874308547742702 1.0224057817844523
val isze = 0
idinces = [13 17  1 15 10 11  2  5  6  3  4 12  8  7 16 14  0  9]
training loss = 2.665493965148926 500
>>>>>>> bf5bffb69ec4a318117f0a4aa6bdaab926d87e87
data before
[ 0.00000000e+00  0.00000000e+00  0.00000000e+00  0.00000000e+00
  0.00000000e+00  0.00000000e+00  0.00000000e+00  0.00000000e+00
  0.00000000e+00  0.00000000e+00  1.57987379e-05  5.14682362e-04
  1.84154837e-02  1.65006572e-01  4.48588995e-01  8.33724597e-01
  1.40485601e+00  2.30344220e+00  3.41574487e+00  5.33813734e+00
  8.23203178e+00  1.15458564e+01  1.73732476e+01  2.73518254e+01
  3.30603710e+01  3.64903974e+01  4.07562847e+01  4.46988924e+01
  4.86205403e+01  5.10510247e+01  5.12176075e+01  4.80502885e+01
  4.04096822e+01  2.97913085e+01  1.83611596e+01  8.61149765e+00
  2.89927416e+00  6.07930951e-01 -1.57518096e-04  0.00000000e+00
  0.00000000e+00]
5
data after
[22.16047832953023, 28.919104015315472, 27.35182536508143, 33.06037098303795, 36.49039740303755, 40.756284651001096, 44.69889244135171, 48.62054031611413, 51.05102471626371, 51.21760746579767, 48.050288544210794, 40.40968222465217, 29.79130853905678, 30.479704823745603]
9
data,sig_tot
[22.16047833 28.91910402 27.35182537 33.06037098 36.4903974  40.75628465
 44.69889244 48.62054032 51.05102472 51.21760747 48.05028854 40.40968222
 29.79130854 30.47970482 26.59158071 28.35208276 20.84283094 35.71267162]
[22.16047833 28.91910402 27.35182537 33.06037098 36.4903974  40.75628465
 44.69889244 48.62054032 51.05102472 51.21760747 48.05028854 40.40968222
 29.79130854 30.47970482 26.59158071 28.35208276 20.84283094 35.71267162]
<<<<<<< HEAD
0.4673018727932515 16.42211315673857 15.115201964256386
val isze = 0
idinces = [ 3  7 16  5  6  2 10 12  8 13 14 17 11  1  0 15  4  9]
training loss = 1.592341423034668 500
training loss = 0.6521989703178406 1000
reduced chi^2 level 2 = 0.655909538269043
Constrained alpha: 2.1424787044525146
Constrained beta: 2.5623831748962402
Constrained gamma: 3.298020839691162
=======
pred
[tensor([24.7714, 23.0007, 21.3352, 39.2524, 51.8801, 31.0256, 35.7256, 52.8293,
        47.2179, 60.4507, 30.5838, 33.4798, 44.7113, 34.4737, 32.1527, 23.7386,
        21.2504, 39.3876])]
2.8927180242289348 18.436987354086767 9.24137940841041
val isze = 0
idinces = [ 6  1 15 16  2  8 14 11  5 13  9 17  4  0  7 12  3 10]
training loss = 2.9112765789031982 500
training loss = 1.8652263879776 1000
reduced chi^2 level 2 = 1.8686760663986206
Constrained alpha: 2.444000482559204
Constrained beta: 1.8750216960906982
Constrained gamma: 2.2926435470581055
>>>>>>> bf5bffb69ec4a318117f0a4aa6bdaab926d87e87
data before
[ 0.00000000e+00  0.00000000e+00  0.00000000e+00  0.00000000e+00
  0.00000000e+00  0.00000000e+00  0.00000000e+00  0.00000000e+00
  0.00000000e+00  0.00000000e+00  1.57987379e-05  5.14682362e-04
  1.84154837e-02  1.65006572e-01  4.48588995e-01  8.33724597e-01
  1.40485601e+00  2.30344220e+00  3.41574487e+00  5.33813734e+00
  8.23203178e+00  1.15458564e+01  1.73732476e+01  2.73518254e+01
  3.30603710e+01  3.64903974e+01  4.07562847e+01  4.46988924e+01
  4.86205403e+01  5.10510247e+01  5.12176075e+01  4.80502885e+01
  4.04096822e+01  2.97913085e+01  1.83611596e+01  8.61149765e+00
  2.89927416e+00  6.07930951e-01 -1.57518096e-04  0.00000000e+00
  0.00000000e+00]
5
data after
[22.16047832953023, 28.919104015315472, 27.35182536508143, 33.06037098303795, 36.49039740303755, 40.756284651001096, 44.69889244135171, 48.62054031611413, 51.05102471626371, 51.21760746579767, 48.050288544210794, 40.40968222465217, 29.79130853905678, 30.479704823745603]
9
data,sig_tot
[22.16047833 28.91910402 27.35182537 33.06037098 36.4903974  40.75628465
 44.69889244 48.62054032 51.05102472 51.21760747 48.05028854 40.40968222
 29.79130854 30.47970482 26.59158071 28.35208276 20.84283094 35.71267162]
[22.16047833 28.91910402 27.35182537 33.06037098 36.4903974  40.75628465
 44.69889244 48.62054032 51.05102472 51.21760747 48.05028854 40.40968222
 29.79130854 30.47970482 26.59158071 28.35208276 20.84283094 35.71267162]
<<<<<<< HEAD
0.4673018727932515 16.42211315673857 15.115201964256386
val isze = 0
idinces = [ 3  7 16  5  6  2 10 12  8 13 14 17 11  1  0 15  4  9]
training loss = 1.6389576196670532 500
training loss = 0.6536968946456909 1000
reduced chi^2 level 2 = 0.6563441157341003
Constrained alpha: 2.1429426670074463
Constrained beta: 2.551360607147217
Constrained gamma: 3.1713387966156006
=======
pred
[tensor([24.3046, 25.7928, 17.0991, 23.8035, 30.4276, 39.3439, 32.1056, 58.3729,
        63.3695, 64.3787, 53.0153, 43.1559, 40.6847, 25.9376, 30.1898, 26.6416,
        27.2774, 39.2904])]
4.188429228998458 7.652890081205208 69.68913093322018
val isze = 0
idinces = [ 6 11 12  8 15  1  5  7  4  0  2 14 17  3 16 10  9 13]
>>>>>>> bf5bffb69ec4a318117f0a4aa6bdaab926d87e87
data before
[ 0.00000000e+00  0.00000000e+00  0.00000000e+00  0.00000000e+00
  0.00000000e+00  0.00000000e+00  0.00000000e+00  0.00000000e+00
  0.00000000e+00  0.00000000e+00  1.57987379e-05  5.14682362e-04
  1.84154837e-02  1.65006572e-01  4.48588995e-01  8.33724597e-01
  1.40485601e+00  2.30344220e+00  3.41574487e+00  5.33813734e+00
  8.23203178e+00  1.15458564e+01  1.73732476e+01  2.73518254e+01
  3.30603710e+01  3.64903974e+01  4.07562847e+01  4.46988924e+01
  4.86205403e+01  5.10510247e+01  5.12176075e+01  4.80502885e+01
  4.04096822e+01  2.97913085e+01  1.83611596e+01  8.61149765e+00
  2.89927416e+00  6.07930951e-01 -1.57518096e-04  0.00000000e+00
  0.00000000e+00]
5
data after
[22.16047832953023, 28.919104015315472, 27.35182536508143, 33.06037098303795, 36.49039740303755, 40.756284651001096, 44.69889244135171, 48.62054031611413, 51.05102471626371, 51.21760746579767, 48.050288544210794, 40.40968222465217, 29.79130853905678, 30.479704823745603]
9
data,sig_tot
[22.16047833 28.91910402 27.35182537 33.06037098 36.4903974  40.75628465
 44.69889244 48.62054032 51.05102472 51.21760747 48.05028854 40.40968222
 29.79130854 30.47970482 26.59158071 28.35208276 20.84283094 35.71267162]
[22.16047833 28.91910402 27.35182537 33.06037098 36.4903974  40.75628465
 44.69889244 48.62054032 51.05102472 51.21760747 48.05028854 40.40968222
 29.79130854 30.47970482 26.59158071 28.35208276 20.84283094 35.71267162]
<<<<<<< HEAD
0.4673018727932515 16.42211315673857 15.115201964256386
val isze = 0
idinces = [ 3  7 16  5  6  2 10 12  8 13 14 17 11  1  0 15  4  9]
training loss = 1.4855742454528809 500
training loss = 0.6513486504554749 1000
reduced chi^2 level 2 = 0.6553429365158081
Constrained alpha: 2.145061731338501
Constrained beta: 2.5721800327301025
Constrained gamma: 3.2766571044921875
=======
pred
[tensor([29.8322, 25.9475, 36.0272, 28.8829, 50.4898, 34.5153, 38.3864, 49.6864,
        60.0992, 51.6785, 53.6436, 34.6359, 37.0039, 30.7229, 20.4389, 25.6203,
        25.1341, 44.1501])]
0.790363771184549 14.082374992101983 2.363698225549804
val isze = 0
idinces = [14 13  5  8 16 17  7 11  2  0  4 15 10  6  1  9 12  3]
training loss = 1.415690541267395 500
training loss = 1.018788456916809 1000
reduced chi^2 level 2 = 1.0233039855957031
Constrained alpha: 2.2426130771636963
Constrained beta: 2.396979808807373
Constrained gamma: 2.7790281772613525
>>>>>>> bf5bffb69ec4a318117f0a4aa6bdaab926d87e87
data before
[ 0.00000000e+00  0.00000000e+00  0.00000000e+00  0.00000000e+00
  0.00000000e+00  0.00000000e+00  0.00000000e+00  0.00000000e+00
  0.00000000e+00  0.00000000e+00  1.57987379e-05  5.14682362e-04
  1.84154837e-02  1.65006572e-01  4.48588995e-01  8.33724597e-01
  1.40485601e+00  2.30344220e+00  3.41574487e+00  5.33813734e+00
  8.23203178e+00  1.15458564e+01  1.73732476e+01  2.73518254e+01
  3.30603710e+01  3.64903974e+01  4.07562847e+01  4.46988924e+01
  4.86205403e+01  5.10510247e+01  5.12176075e+01  4.80502885e+01
  4.04096822e+01  2.97913085e+01  1.83611596e+01  8.61149765e+00
  2.89927416e+00  6.07930951e-01 -1.57518096e-04  0.00000000e+00
  0.00000000e+00]
5
data after
[22.16047832953023, 28.919104015315472, 27.35182536508143, 33.06037098303795, 36.49039740303755, 40.756284651001096, 44.69889244135171, 48.62054031611413, 51.05102471626371, 51.21760746579767, 48.050288544210794, 40.40968222465217, 29.79130853905678, 30.479704823745603]
9
data,sig_tot
[22.16047833 28.91910402 27.35182537 33.06037098 36.4903974  40.75628465
 44.69889244 48.62054032 51.05102472 51.21760747 48.05028854 40.40968222
 29.79130854 30.47970482 26.59158071 28.35208276 20.84283094 35.71267162]
[22.16047833 28.91910402 27.35182537 33.06037098 36.4903974  40.75628465
 44.69889244 48.62054032 51.05102472 51.21760747 48.05028854 40.40968222
 29.79130854 30.47970482 26.59158071 28.35208276 20.84283094 35.71267162]
<<<<<<< HEAD
0.4673018727932515 16.42211315673857 15.115201964256386
val isze = 0
idinces = [ 3  7 16  5  6  2 10 12  8 13 14 17 11  1  0 15  4  9]
training loss = 1.5468307733535767 500
training loss = 0.6522629261016846 1000
reduced chi^2 level 2 = 0.6560660600662231
Constrained alpha: 2.142469882965088
Constrained beta: 2.5588464736938477
Constrained gamma: 3.281141757965088
=======
pred
[tensor([23.4280, 29.3848, 29.5629, 33.2583, 41.6647, 42.1788, 51.2452, 51.6790,
        53.0877, 54.3726, 48.4010, 30.8346, 32.1431, 21.7364, 30.9959, 17.7430,
        27.7668, 41.1727])]
1.7175106139450484 3.328600627577445 53.6670755407466
val isze = 0
idinces = [ 4 15  2  6  1 12 16 10 17  9 13  8 14  7 11  5  3  0]
training loss = 0.6043248772621155 500
training loss = 0.6015056371688843 1000
reduced chi^2 level 2 = 0.6018908023834229
Constrained alpha: 2.030771255493164
Constrained beta: 3.2349839210510254
Constrained gamma: 21.6209716796875
>>>>>>> bf5bffb69ec4a318117f0a4aa6bdaab926d87e87
data before
[ 0.00000000e+00  0.00000000e+00  0.00000000e+00  0.00000000e+00
  0.00000000e+00  0.00000000e+00  0.00000000e+00  0.00000000e+00
  0.00000000e+00  0.00000000e+00  1.57987379e-05  5.14682362e-04
  1.84154837e-02  1.65006572e-01  4.48588995e-01  8.33724597e-01
  1.40485601e+00  2.30344220e+00  3.41574487e+00  5.33813734e+00
  8.23203178e+00  1.15458564e+01  1.73732476e+01  2.73518254e+01
  3.30603710e+01  3.64903974e+01  4.07562847e+01  4.46988924e+01
  4.86205403e+01  5.10510247e+01  5.12176075e+01  4.80502885e+01
  4.04096822e+01  2.97913085e+01  1.83611596e+01  8.61149765e+00
  2.89927416e+00  6.07930951e-01 -1.57518096e-04  0.00000000e+00
  0.00000000e+00]
5
data after
[22.16047832953023, 28.919104015315472, 27.35182536508143, 33.06037098303795, 36.49039740303755, 40.756284651001096, 44.69889244135171, 48.62054031611413, 51.05102471626371, 51.21760746579767, 48.050288544210794, 40.40968222465217, 29.79130853905678, 30.479704823745603]
9
data,sig_tot
[22.16047833 28.91910402 27.35182537 33.06037098 36.4903974  40.75628465
 44.69889244 48.62054032 51.05102472 51.21760747 48.05028854 40.40968222
 29.79130854 30.47970482 26.59158071 28.35208276 20.84283094 35.71267162]
[22.16047833 28.91910402 27.35182537 33.06037098 36.4903974  40.75628465
 44.69889244 48.62054032 51.05102472 51.21760747 48.05028854 40.40968222
 29.79130854 30.47970482 26.59158071 28.35208276 20.84283094 35.71267162]
<<<<<<< HEAD
0.4673018727932515 16.42211315673857 15.115201964256386
val isze = 0
idinces = [ 3  7 16  5  6  2 10 12  8 13 14 17 11  1  0 15  4  9]
training loss = 1.5639492273330688 500
training loss = 0.6509813666343689 1000
reduced chi^2 level 2 = 0.6552973985671997
Constrained alpha: 2.1454977989196777
Constrained beta: 2.571643829345703
Constrained gamma: 3.251042366027832
=======
pred
[tensor([26.2412, 25.9116, 29.8067, 35.4538, 49.0706, 34.9642, 33.6688, 46.9834,
        47.4889, 45.1264, 59.3334, 51.9475, 35.3101, 24.5225, 27.1451, 17.8514,
        26.6434, 48.2934])]
4.023556203737612 2.74967904939458 57.76112614031456
val isze = 0
idinces = [ 3 13 15  9  7  2 17 16  1 12 14 11  5  0 10  6  8  4]
>>>>>>> bf5bffb69ec4a318117f0a4aa6bdaab926d87e87
data before
[ 0.00000000e+00  0.00000000e+00  0.00000000e+00  0.00000000e+00
  0.00000000e+00  0.00000000e+00  0.00000000e+00  0.00000000e+00
  0.00000000e+00  0.00000000e+00  1.57987379e-05  5.14682362e-04
  1.84154837e-02  1.65006572e-01  4.48588995e-01  8.33724597e-01
  1.40485601e+00  2.30344220e+00  3.41574487e+00  5.33813734e+00
  8.23203178e+00  1.15458564e+01  1.73732476e+01  2.73518254e+01
  3.30603710e+01  3.64903974e+01  4.07562847e+01  4.46988924e+01
  4.86205403e+01  5.10510247e+01  5.12176075e+01  4.80502885e+01
  4.04096822e+01  2.97913085e+01  1.83611596e+01  8.61149765e+00
  2.89927416e+00  6.07930951e-01 -1.57518096e-04  0.00000000e+00
  0.00000000e+00]
5
data after
[22.16047832953023, 28.919104015315472, 27.35182536508143, 33.06037098303795, 36.49039740303755, 40.756284651001096, 44.69889244135171, 48.62054031611413, 51.05102471626371, 51.21760746579767, 48.050288544210794, 40.40968222465217, 29.79130853905678, 30.479704823745603]
9
data,sig_tot
[22.16047833 28.91910402 27.35182537 33.06037098 36.4903974  40.75628465
 44.69889244 48.62054032 51.05102472 51.21760747 48.05028854 40.40968222
 29.79130854 30.47970482 26.59158071 28.35208276 20.84283094 35.71267162]
[22.16047833 28.91910402 27.35182537 33.06037098 36.4903974  40.75628465
 44.69889244 48.62054032 51.05102472 51.21760747 48.05028854 40.40968222
 29.79130854 30.47970482 26.59158071 28.35208276 20.84283094 35.71267162]
<<<<<<< HEAD
0.4673018727932515 16.42211315673857 15.115201964256386
val isze = 0
idinces = [ 3  7 16  5  6  2 10 12  8 13 14 17 11  1  0 15  4  9]
training loss = 1.4621326923370361 500
training loss = 0.6517701148986816 1000
reduced chi^2 level 2 = 0.6553890705108643
Constrained alpha: 2.1448094844818115
Constrained beta: 2.5702834129333496
Constrained gamma: 3.237305164337158
=======
pred
[tensor([22.4441, 28.0928, 29.9018, 38.9631, 47.1999, 38.3242, 42.5907, 42.8694,
        46.5890, 60.1286, 53.3793, 53.3015, 42.9711, 34.1977, 20.7101, 33.2887,
        15.8214, 47.5984])]
1.7574585771700684 14.176373024519503 56.23436013516843
val isze = 0
idinces = [ 3 10 17 13 14  5  4  6 11  1  2  0  7 16 15  8  9 12]
training loss = 0.65658038854599 500
training loss = 0.5896735787391663 1000
reduced chi^2 level 2 = 0.5967033505439758
Constrained alpha: 2.201535701751709
Constrained beta: 5.155056476593018
Constrained gamma: 28.77687644958496
>>>>>>> bf5bffb69ec4a318117f0a4aa6bdaab926d87e87
data before
[ 0.00000000e+00  0.00000000e+00  0.00000000e+00  0.00000000e+00
  0.00000000e+00  0.00000000e+00  0.00000000e+00  0.00000000e+00
  0.00000000e+00  0.00000000e+00  1.57987379e-05  5.14682362e-04
  1.84154837e-02  1.65006572e-01  4.48588995e-01  8.33724597e-01
  1.40485601e+00  2.30344220e+00  3.41574487e+00  5.33813734e+00
  8.23203178e+00  1.15458564e+01  1.73732476e+01  2.73518254e+01
  3.30603710e+01  3.64903974e+01  4.07562847e+01  4.46988924e+01
  4.86205403e+01  5.10510247e+01  5.12176075e+01  4.80502885e+01
  4.04096822e+01  2.97913085e+01  1.83611596e+01  8.61149765e+00
  2.89927416e+00  6.07930951e-01 -1.57518096e-04  0.00000000e+00
  0.00000000e+00]
5
data after
[22.16047832953023, 28.919104015315472, 27.35182536508143, 33.06037098303795, 36.49039740303755, 40.756284651001096, 44.69889244135171, 48.62054031611413, 51.05102471626371, 51.21760746579767, 48.050288544210794, 40.40968222465217, 29.79130853905678, 30.479704823745603]
9
data,sig_tot
[22.16047833 28.91910402 27.35182537 33.06037098 36.4903974  40.75628465
 44.69889244 48.62054032 51.05102472 51.21760747 48.05028854 40.40968222
 29.79130854 30.47970482 26.59158071 28.35208276 20.84283094 35.71267162]
[22.16047833 28.91910402 27.35182537 33.06037098 36.4903974  40.75628465
 44.69889244 48.62054032 51.05102472 51.21760747 48.05028854 40.40968222
 29.79130854 30.47970482 26.59158071 28.35208276 20.84283094 35.71267162]
<<<<<<< HEAD
0.4673018727932515 16.42211315673857 15.115201964256386
val isze = 0
idinces = [ 3  7 16  5  6  2 10 12  8 13 14 17 11  1  0 15  4  9]
training loss = 1.626059651374817 500
training loss = 0.6523659229278564 1000
reduced chi^2 level 2 = 0.6557231545448303
Constrained alpha: 2.144185781478882
Constrained beta: 2.563563823699951
Constrained gamma: 3.267798662185669
=======
pred
[tensor([26.5514, 26.1231, 13.8260, 29.0312, 45.7936, 40.1562, 38.5738, 42.0887,
        48.4575, 47.9681, 42.6702, 49.1714, 46.6524, 34.9930, 32.2864, 19.6096,
        22.1596, 49.3021])]
2.2159488296665604 13.012718215410775 8.86034962387635
val isze = 0
idinces = [14  7  1 10 11  8 17 12  0 15  6  3 13  4  2  5  9 16]
training loss = 1.6406136751174927 500
training loss = 1.4706482887268066 1000
reduced chi^2 level 2 = 1.4750256538391113
Constrained alpha: 2.3591480255126953
Constrained beta: 2.0061092376708984
Constrained gamma: 2.5438690185546875
>>>>>>> bf5bffb69ec4a318117f0a4aa6bdaab926d87e87
