data before
[ 0.00000000e+00  0.00000000e+00  0.00000000e+00  0.00000000e+00
  0.00000000e+00  0.00000000e+00  0.00000000e+00  0.00000000e+00
  0.00000000e+00  0.00000000e+00  1.57987379e-05  5.14682362e-04
  1.84154837e-02  1.65006572e-01  4.48588995e-01  8.33724597e-01
  1.40485601e+00  2.30344220e+00  3.41574487e+00  5.33813734e+00
  8.23203178e+00  1.15458564e+01  1.73732476e+01  2.73518254e+01
  3.30603710e+01  3.64903974e+01  4.07562847e+01  4.46988924e+01
  4.86205403e+01  5.10510247e+01  5.12176075e+01  4.80502885e+01
  4.04096822e+01  2.97913085e+01  1.83611596e+01  8.61149765e+00
  2.89927416e+00  6.07930951e-01 -1.57518096e-04  0.00000000e+00
  0.00000000e+00]
5
data after
[22.16047832953023, 28.919104015315472, 27.35182536508143, 33.06037098303795, 36.49039740303755, 40.756284651001096, 44.69889244135171, 48.62054031611413, 51.05102471626371, 51.21760746579767, 48.050288544210794, 40.40968222465217, 29.79130853905678, 30.479704823745603]
9
data,sig_tot
[22.16047833 28.91910402 27.35182537 33.06037098 36.4903974  40.75628465
 44.69889244 48.62054032 51.05102472 51.21760747 48.05028854 40.40968222
 29.79130854 30.47970482 26.59158071 28.35208276 20.84283094 35.71267162]
[22.16047833 28.91910402 27.35182537 33.06037098 36.4903974  40.75628465
 44.69889244 48.62054032 51.05102472 51.21760747 48.05028854 40.40968222
 29.79130854 30.47970482 26.59158071 28.35208276 20.84283094 35.71267162]
<<<<<<< HEAD
1.0288411027742543 11.876843453370697 3.1859323815923712
val isze = 0
idinces = [ 3  7 16  5  6  2 10 12  8 13 14 17 11  1  0 15  4  9]
training loss = 1.700876235961914 500
reduced chi^2 level 2 = 1.6852408647537231
Constrained alpha: 1.7543280124664307
Constrained beta: 3.820676326751709
Constrained gamma: 3.5699691772460938
=======
pred
[tensor([18.2002, 26.3393, 15.4035, 30.3714, 44.7789, 30.8000, 47.9568, 51.0071,
        42.5586, 50.1694, 46.4084, 43.8471, 36.9492, 21.6635, 24.0121, 22.0026,
        22.5280, 43.1396])]
3.6365633845757657 14.245222212268605 64.17682636426511
val isze = 0
idinces = [ 5  3  1 12  9 10  0 13  6 15 16  7  2 14 17 11  4  8]
training loss = 25.038284301757812 500
training loss = 22.885793685913086 1000
training loss = 16.030412673950195 1500
training loss = 1.353222131729126 2000
training loss = 1.3260982036590576 2500
training loss = 1.2199052572250366 3000
training loss = 1.0463587045669556 3500
training loss = 0.9528294801712036 4000
training loss = 0.9142759442329407 4500
training loss = 0.899060070514679 5000
reduced chi^2 level 2 = 0.899043083190918
Constrained alpha: 1.9013252258300781
Constrained beta: 3.1323914527893066
Constrained gamma: 6.5728278160095215
>>>>>>> bf5bffb69ec4a318117f0a4aa6bdaab926d87e87
data before
[ 0.00000000e+00  0.00000000e+00  0.00000000e+00  0.00000000e+00
  0.00000000e+00  0.00000000e+00  0.00000000e+00  0.00000000e+00
  0.00000000e+00  0.00000000e+00  1.57987379e-05  5.14682362e-04
  1.84154837e-02  1.65006572e-01  4.48588995e-01  8.33724597e-01
  1.40485601e+00  2.30344220e+00  3.41574487e+00  5.33813734e+00
  8.23203178e+00  1.15458564e+01  1.73732476e+01  2.73518254e+01
  3.30603710e+01  3.64903974e+01  4.07562847e+01  4.46988924e+01
  4.86205403e+01  5.10510247e+01  5.12176075e+01  4.80502885e+01
  4.04096822e+01  2.97913085e+01  1.83611596e+01  8.61149765e+00
  2.89927416e+00  6.07930951e-01 -1.57518096e-04  0.00000000e+00
  0.00000000e+00]
5
data after
[22.16047832953023, 28.919104015315472, 27.35182536508143, 33.06037098303795, 36.49039740303755, 40.756284651001096, 44.69889244135171, 48.62054031611413, 51.05102471626371, 51.21760746579767, 48.050288544210794, 40.40968222465217, 29.79130853905678, 30.479704823745603]
9
data,sig_tot
[22.16047833 28.91910402 27.35182537 33.06037098 36.4903974  40.75628465
 44.69889244 48.62054032 51.05102472 51.21760747 48.05028854 40.40968222
 29.79130854 30.47970482 26.59158071 28.35208276 20.84283094 35.71267162]
[22.16047833 28.91910402 27.35182537 33.06037098 36.4903974  40.75628465
 44.69889244 48.62054032 51.05102472 51.21760747 48.05028854 40.40968222
 29.79130854 30.47970482 26.59158071 28.35208276 20.84283094 35.71267162]
<<<<<<< HEAD
0.4673018727932515 16.42211315673857 15.115201964256386
val isze = 0
idinces = [ 3  7 16  5  6  2 10 12  8 13 14 17 11  1  0 15  4  9]
training loss = 1.557220220565796 500
training loss = 0.6518591046333313 1000
reduced chi^2 level 2 = 0.6560037136077881
Constrained alpha: 2.1442580223083496
Constrained beta: 2.560135841369629
Constrained gamma: 3.187121868133545
=======
pred
[tensor([27.3724, 30.8410, 16.4912, 29.4250, 42.9669, 28.7038, 58.1548, 54.3116,
        63.2209, 55.4779, 53.2990, 40.0953, 44.6085, 21.8653, 21.7064, 31.2187,
        32.5677, 41.4205])]
2.9750194881254317 0.5017508418519734 68.39513323634063
val isze = 0
idinces = [ 9  0  2  1 14 16 13 12  7 15  8 11 17  4 10  6  5  3]
training loss = 3.1756680011749268 500
training loss = 2.9160642623901367 1000
training loss = 2.6828408241271973 1500
training loss = 2.4968996047973633 2000
training loss = 2.337529182434082 2500
training loss = 2.1194465160369873 3000
training loss = 1.9100396633148193 3500
training loss = 1.78666353225708 4000
training loss = 1.72344970703125 4500
training loss = 1.6924724578857422 5000
reduced chi^2 level 2 = 1.6924293041229248
Constrained alpha: 1.8031314611434937
Constrained beta: 3.324897289276123
Constrained gamma: 8.183204650878906
>>>>>>> bf5bffb69ec4a318117f0a4aa6bdaab926d87e87
data before
[ 0.00000000e+00  0.00000000e+00  0.00000000e+00  0.00000000e+00
  0.00000000e+00  0.00000000e+00  0.00000000e+00  0.00000000e+00
  0.00000000e+00  0.00000000e+00  1.57987379e-05  5.14682362e-04
  1.84154837e-02  1.65006572e-01  4.48588995e-01  8.33724597e-01
  1.40485601e+00  2.30344220e+00  3.41574487e+00  5.33813734e+00
  8.23203178e+00  1.15458564e+01  1.73732476e+01  2.73518254e+01
  3.30603710e+01  3.64903974e+01  4.07562847e+01  4.46988924e+01
  4.86205403e+01  5.10510247e+01  5.12176075e+01  4.80502885e+01
  4.04096822e+01  2.97913085e+01  1.83611596e+01  8.61149765e+00
  2.89927416e+00  6.07930951e-01 -1.57518096e-04  0.00000000e+00
  0.00000000e+00]
5
data after
[22.16047832953023, 28.919104015315472, 27.35182536508143, 33.06037098303795, 36.49039740303755, 40.756284651001096, 44.69889244135171, 48.62054031611413, 51.05102471626371, 51.21760746579767, 48.050288544210794, 40.40968222465217, 29.79130853905678, 30.479704823745603]
9
data,sig_tot
[22.16047833 28.91910402 27.35182537 33.06037098 36.4903974  40.75628465
 44.69889244 48.62054032 51.05102472 51.21760747 48.05028854 40.40968222
 29.79130854 30.47970482 26.59158071 28.35208276 20.84283094 35.71267162]
[22.16047833 28.91910402 27.35182537 33.06037098 36.4903974  40.75628465
 44.69889244 48.62054032 51.05102472 51.21760747 48.05028854 40.40968222
 29.79130854 30.47970482 26.59158071 28.35208276 20.84283094 35.71267162]
<<<<<<< HEAD
0.4673018727932515 16.42211315673857 15.115201964256386
val isze = 0
idinces = [ 3  7 16  5  6  2 10 12  8 13 14 17 11  1  0 15  4  9]
training loss = 1.5680501461029053 500
training loss = 0.6518365144729614 1000
reduced chi^2 level 2 = 0.655839204788208
Constrained alpha: 2.1434426307678223
Constrained beta: 2.5629985332489014
Constrained gamma: 3.270681619644165
=======
pred
[tensor([27.8401, 32.2130, 26.7869, 37.9124, 41.8072, 41.1145, 44.8648, 34.8644,
        44.3599, 44.7405, 63.3506, 45.3250, 43.9170, 31.1615, 21.4938, 30.0078,
        24.9074, 41.9234])]
3.1045623845999843 12.15851541481237 74.63121067166625
val isze = 0
idinces = [17  0  7  9 11 12 14  2  6  5 15  3  1  8 10 16 13  4]
training loss = 1.3054920434951782 500
training loss = 1.2293684482574463 1000
training loss = 1.22519850730896 1500
reduced chi^2 level 2 = 1.2255183458328247
Constrained alpha: 2.290294885635376
Constrained beta: 2.024280548095703
Constrained gamma: 34.800621032714844
>>>>>>> bf5bffb69ec4a318117f0a4aa6bdaab926d87e87
data before
[ 0.00000000e+00  0.00000000e+00  0.00000000e+00  0.00000000e+00
  0.00000000e+00  0.00000000e+00  0.00000000e+00  0.00000000e+00
  0.00000000e+00  0.00000000e+00  1.57987379e-05  5.14682362e-04
  1.84154837e-02  1.65006572e-01  4.48588995e-01  8.33724597e-01
  1.40485601e+00  2.30344220e+00  3.41574487e+00  5.33813734e+00
  8.23203178e+00  1.15458564e+01  1.73732476e+01  2.73518254e+01
  3.30603710e+01  3.64903974e+01  4.07562847e+01  4.46988924e+01
  4.86205403e+01  5.10510247e+01  5.12176075e+01  4.80502885e+01
  4.04096822e+01  2.97913085e+01  1.83611596e+01  8.61149765e+00
  2.89927416e+00  6.07930951e-01 -1.57518096e-04  0.00000000e+00
  0.00000000e+00]
5
data after
[22.16047832953023, 28.919104015315472, 27.35182536508143, 33.06037098303795, 36.49039740303755, 40.756284651001096, 44.69889244135171, 48.62054031611413, 51.05102471626371, 51.21760746579767, 48.050288544210794, 40.40968222465217, 29.79130853905678, 30.479704823745603]
9
data,sig_tot
[22.16047833 28.91910402 27.35182537 33.06037098 36.4903974  40.75628465
 44.69889244 48.62054032 51.05102472 51.21760747 48.05028854 40.40968222
 29.79130854 30.47970482 26.59158071 28.35208276 20.84283094 35.71267162]
[22.16047833 28.91910402 27.35182537 33.06037098 36.4903974  40.75628465
 44.69889244 48.62054032 51.05102472 51.21760747 48.05028854 40.40968222
 29.79130854 30.47970482 26.59158071 28.35208276 20.84283094 35.71267162]
<<<<<<< HEAD
0.4673018727932515 16.42211315673857 15.115201964256386
val isze = 0
idinces = [ 3  7 16  5  6  2 10 12  8 13 14 17 11  1  0 15  4  9]
training loss = 1.5125027894973755 500
training loss = 0.651243269443512 1000
reduced chi^2 level 2 = 0.6555027365684509
Constrained alpha: 2.144052267074585
Constrained beta: 2.5692105293273926
Constrained gamma: 3.3248376846313477
=======
pred
[tensor([26.2793, 34.1334, 20.4371, 33.6926, 44.4050, 37.5835, 40.4009, 51.7391,
        46.7553, 60.9311, 47.1487, 41.4061, 30.7132, 33.7453, 26.1413, 18.8219,
        11.8267, 37.0431])]
1.0164715761351961 14.517247627929473 78.79963495374446
val isze = 0
idinces = [12  3 10  0  7  4 13 11  5  2 15 16  6  9 14  1  8 17]
training loss = 1.642332673072815 500
training loss = 0.6560355424880981 1000
reduced chi^2 level 2 = 0.6622068881988525
Constrained alpha: 2.3053619861602783
Constrained beta: 2.115039110183716
Constrained gamma: 43.46045684814453
>>>>>>> bf5bffb69ec4a318117f0a4aa6bdaab926d87e87
data before
[ 0.00000000e+00  0.00000000e+00  0.00000000e+00  0.00000000e+00
  0.00000000e+00  0.00000000e+00  0.00000000e+00  0.00000000e+00
  0.00000000e+00  0.00000000e+00  1.57987379e-05  5.14682362e-04
  1.84154837e-02  1.65006572e-01  4.48588995e-01  8.33724597e-01
  1.40485601e+00  2.30344220e+00  3.41574487e+00  5.33813734e+00
  8.23203178e+00  1.15458564e+01  1.73732476e+01  2.73518254e+01
  3.30603710e+01  3.64903974e+01  4.07562847e+01  4.46988924e+01
  4.86205403e+01  5.10510247e+01  5.12176075e+01  4.80502885e+01
  4.04096822e+01  2.97913085e+01  1.83611596e+01  8.61149765e+00
  2.89927416e+00  6.07930951e-01 -1.57518096e-04  0.00000000e+00
  0.00000000e+00]
5
data after
[22.16047832953023, 28.919104015315472, 27.35182536508143, 33.06037098303795, 36.49039740303755, 40.756284651001096, 44.69889244135171, 48.62054031611413, 51.05102471626371, 51.21760746579767, 48.050288544210794, 40.40968222465217, 29.79130853905678, 30.479704823745603]
9
data,sig_tot
[22.16047833 28.91910402 27.35182537 33.06037098 36.4903974  40.75628465
 44.69889244 48.62054032 51.05102472 51.21760747 48.05028854 40.40968222
 29.79130854 30.47970482 26.59158071 28.35208276 20.84283094 35.71267162]
[22.16047833 28.91910402 27.35182537 33.06037098 36.4903974  40.75628465
 44.69889244 48.62054032 51.05102472 51.21760747 48.05028854 40.40968222
 29.79130854 30.47970482 26.59158071 28.35208276 20.84283094 35.71267162]
<<<<<<< HEAD
0.4673018727932515 16.42211315673857 15.115201964256386
val isze = 0
idinces = [ 3  7 16  5  6  2 10 12  8 13 14 17 11  1  0 15  4  9]
training loss = 1.550260066986084 500
training loss = 0.6518822908401489 1000
reduced chi^2 level 2 = 0.6559164524078369
Constrained alpha: 2.1431431770324707
Constrained beta: 2.560765266418457
Constrained gamma: 3.2570226192474365
=======
pred
[tensor([23.9340, 27.6773, 22.2776, 36.4952, 58.8149, 36.4143, 34.4946, 55.2915,
        52.8247, 52.3188, 42.5044, 46.5335, 47.6154, 23.8021, 23.2403, 25.2923,
        33.0466, 38.7388])]
1.9587533066634117 5.486177735071425 94.13373018929498
val isze = 0
idinces = [ 6 10  4  5  3 14 16 11  9 13 12  0  2 15  7  1 17  8]
training loss = 2.167327880859375 500
training loss = 2.1639580726623535 1000
training loss = 2.159151554107666 1500
training loss = 2.1584219932556152 2000
>>>>>>> bf5bffb69ec4a318117f0a4aa6bdaab926d87e87
data before
[ 0.00000000e+00  0.00000000e+00  0.00000000e+00  0.00000000e+00
  0.00000000e+00  0.00000000e+00  0.00000000e+00  0.00000000e+00
  0.00000000e+00  0.00000000e+00  1.57987379e-05  5.14682362e-04
  1.84154837e-02  1.65006572e-01  4.48588995e-01  8.33724597e-01
  1.40485601e+00  2.30344220e+00  3.41574487e+00  5.33813734e+00
  8.23203178e+00  1.15458564e+01  1.73732476e+01  2.73518254e+01
  3.30603710e+01  3.64903974e+01  4.07562847e+01  4.46988924e+01
  4.86205403e+01  5.10510247e+01  5.12176075e+01  4.80502885e+01
  4.04096822e+01  2.97913085e+01  1.83611596e+01  8.61149765e+00
  2.89927416e+00  6.07930951e-01 -1.57518096e-04  0.00000000e+00
  0.00000000e+00]
5
data after
[22.16047832953023, 28.919104015315472, 27.35182536508143, 33.06037098303795, 36.49039740303755, 40.756284651001096, 44.69889244135171, 48.62054031611413, 51.05102471626371, 51.21760746579767, 48.050288544210794, 40.40968222465217, 29.79130853905678, 30.479704823745603]
9
data,sig_tot
[22.16047833 28.91910402 27.35182537 33.06037098 36.4903974  40.75628465
 44.69889244 48.62054032 51.05102472 51.21760747 48.05028854 40.40968222
 29.79130854 30.47970482 26.59158071 28.35208276 20.84283094 35.71267162]
[22.16047833 28.91910402 27.35182537 33.06037098 36.4903974  40.75628465
 44.69889244 48.62054032 51.05102472 51.21760747 48.05028854 40.40968222
 29.79130854 30.47970482 26.59158071 28.35208276 20.84283094 35.71267162]
<<<<<<< HEAD
0.4673018727932515 16.42211315673857 15.115201964256386
val isze = 0
idinces = [ 3  7 16  5  6  2 10 12  8 13 14 17 11  1  0 15  4  9]
training loss = 1.495477318763733 500
training loss = 0.6514151096343994 1000
reduced chi^2 level 2 = 0.6552241444587708
Constrained alpha: 2.145033597946167
Constrained beta: 2.5737359523773193
Constrained gamma: 3.2301242351531982
=======
pred
[tensor([26.6229, 29.8129, 31.7214, 24.4693, 46.9640, 40.6953, 47.2759, 39.6068,
        63.9846, 57.6562, 47.7887, 34.2733, 38.5476, 19.2185, 23.5974, 23.9758,
        23.1882, 48.2218])]
2.65077061392525 4.616757015045656 56.24382071993256
val isze = 0
idinces = [ 5 10 17 16  1 15 12  3  7  4  8  9  6  2 11  0 13 14]
training loss = 1.1496320962905884 500
training loss = 1.1364974975585938 1000
training loss = 1.1362589597702026 1500
reduced chi^2 level 2 = 1.1363054513931274
Constrained alpha: 1.9456101655960083
Constrained beta: 3.264436960220337
Constrained gamma: 19.49886703491211
>>>>>>> bf5bffb69ec4a318117f0a4aa6bdaab926d87e87
data before
[ 0.00000000e+00  0.00000000e+00  0.00000000e+00  0.00000000e+00
  0.00000000e+00  0.00000000e+00  0.00000000e+00  0.00000000e+00
  0.00000000e+00  0.00000000e+00  1.57987379e-05  5.14682362e-04
  1.84154837e-02  1.65006572e-01  4.48588995e-01  8.33724597e-01
  1.40485601e+00  2.30344220e+00  3.41574487e+00  5.33813734e+00
  8.23203178e+00  1.15458564e+01  1.73732476e+01  2.73518254e+01
  3.30603710e+01  3.64903974e+01  4.07562847e+01  4.46988924e+01
  4.86205403e+01  5.10510247e+01  5.12176075e+01  4.80502885e+01
  4.04096822e+01  2.97913085e+01  1.83611596e+01  8.61149765e+00
  2.89927416e+00  6.07930951e-01 -1.57518096e-04  0.00000000e+00
  0.00000000e+00]
5
data after
[22.16047832953023, 28.919104015315472, 27.35182536508143, 33.06037098303795, 36.49039740303755, 40.756284651001096, 44.69889244135171, 48.62054031611413, 51.05102471626371, 51.21760746579767, 48.050288544210794, 40.40968222465217, 29.79130853905678, 30.479704823745603]
9
data,sig_tot
[22.16047833 28.91910402 27.35182537 33.06037098 36.4903974  40.75628465
 44.69889244 48.62054032 51.05102472 51.21760747 48.05028854 40.40968222
 29.79130854 30.47970482 26.59158071 28.35208276 20.84283094 35.71267162]
[22.16047833 28.91910402 27.35182537 33.06037098 36.4903974  40.75628465
 44.69889244 48.62054032 51.05102472 51.21760747 48.05028854 40.40968222
 29.79130854 30.47970482 26.59158071 28.35208276 20.84283094 35.71267162]
<<<<<<< HEAD
0.4673018727932515 16.42211315673857 15.115201964256386
val isze = 0
idinces = [ 3  7 16  5  6  2 10 12  8 13 14 17 11  1  0 15  4  9]
training loss = 1.519986867904663 500
training loss = 0.6513437628746033 1000
reduced chi^2 level 2 = 0.6554661989212036
Constrained alpha: 2.144674062728882
Constrained beta: 2.5694587230682373
Constrained gamma: 3.2494564056396484
=======
pred
[tensor([24.7123, 35.8777, 26.6477, 20.8128, 43.0016, 49.8882, 41.5049, 47.4410,
        56.1072, 58.5632, 60.6655, 51.5006, 41.7149, 39.9673, 24.4065, 10.3609,
        28.7169, 40.4548])]
4.4223602763497025 19.357632271364917 4.149976836095881
val isze = 0
idinces = [17 10 16 14 12  0  6  3  9  1 15 13  8  4 11  2  5  7]
training loss = 37.63896560668945 500
training loss = 37.09385681152344 1000
training loss = 36.02274703979492 1500
training loss = 33.51827621459961 2000
training loss = 1.2484384775161743 2500
training loss = 1.1623483896255493 3000
reduced chi^2 level 2 = 1.1648918390274048
Constrained alpha: 3.013123035430908
Constrained beta: 3.051161050796509
Constrained gamma: 4.076109409332275
>>>>>>> bf5bffb69ec4a318117f0a4aa6bdaab926d87e87
data before
[ 0.00000000e+00  0.00000000e+00  0.00000000e+00  0.00000000e+00
  0.00000000e+00  0.00000000e+00  0.00000000e+00  0.00000000e+00
  0.00000000e+00  0.00000000e+00  1.57987379e-05  5.14682362e-04
  1.84154837e-02  1.65006572e-01  4.48588995e-01  8.33724597e-01
  1.40485601e+00  2.30344220e+00  3.41574487e+00  5.33813734e+00
  8.23203178e+00  1.15458564e+01  1.73732476e+01  2.73518254e+01
  3.30603710e+01  3.64903974e+01  4.07562847e+01  4.46988924e+01
  4.86205403e+01  5.10510247e+01  5.12176075e+01  4.80502885e+01
  4.04096822e+01  2.97913085e+01  1.83611596e+01  8.61149765e+00
  2.89927416e+00  6.07930951e-01 -1.57518096e-04  0.00000000e+00
  0.00000000e+00]
5
data after
[22.16047832953023, 28.919104015315472, 27.35182536508143, 33.06037098303795, 36.49039740303755, 40.756284651001096, 44.69889244135171, 48.62054031611413, 51.05102471626371, 51.21760746579767, 48.050288544210794, 40.40968222465217, 29.79130853905678, 30.479704823745603]
9
data,sig_tot
[22.16047833 28.91910402 27.35182537 33.06037098 36.4903974  40.75628465
 44.69889244 48.62054032 51.05102472 51.21760747 48.05028854 40.40968222
 29.79130854 30.47970482 26.59158071 28.35208276 20.84283094 35.71267162]
[22.16047833 28.91910402 27.35182537 33.06037098 36.4903974  40.75628465
 44.69889244 48.62054032 51.05102472 51.21760747 48.05028854 40.40968222
 29.79130854 30.47970482 26.59158071 28.35208276 20.84283094 35.71267162]
<<<<<<< HEAD
0.4673018727932515 16.42211315673857 15.115201964256386
val isze = 0
idinces = [ 3  7 16  5  6  2 10 12  8 13 14 17 11  1  0 15  4  9]
training loss = 1.5167176723480225 500
training loss = 0.6516310572624207 1000
reduced chi^2 level 2 = 0.6558220386505127
Constrained alpha: 2.143902063369751
Constrained beta: 2.5636510848999023
Constrained gamma: 3.2756736278533936
=======
pred
[tensor([22.9512, 27.2129, 26.0478, 36.3219, 45.3541, 43.8174, 44.0619, 42.6885,
        60.1912, 57.9279, 50.8438, 57.2406, 50.5306, 28.3622, 25.1503, 28.1815,
        31.7598, 36.5900])]
4.526089931669006 1.300134693360122 18.515625140549787
val isze = 0
idinces = [ 1 11  3  7 15  6  2  9  4  5 16  8 14 17 13 10 12  0]
training loss = 30.73890495300293 500
training loss = 29.84029197692871 1000
training loss = 29.025861740112305 1500
training loss = 27.773733139038086 2000
training loss = 24.665788650512695 2500
training loss = 14.46767520904541 3000
training loss = 3.5117366313934326 3500
training loss = 2.2883191108703613 4000
training loss = 2.062371253967285 4500
training loss = 1.9188599586486816 5000
reduced chi^2 level 2 = 1.9185978174209595
Constrained alpha: 4.082767963409424
Constrained beta: 0.7191113233566284
Constrained gamma: 18.069860458374023
>>>>>>> bf5bffb69ec4a318117f0a4aa6bdaab926d87e87
data before
[ 0.00000000e+00  0.00000000e+00  0.00000000e+00  0.00000000e+00
  0.00000000e+00  0.00000000e+00  0.00000000e+00  0.00000000e+00
  0.00000000e+00  0.00000000e+00  1.57987379e-05  5.14682362e-04
  1.84154837e-02  1.65006572e-01  4.48588995e-01  8.33724597e-01
  1.40485601e+00  2.30344220e+00  3.41574487e+00  5.33813734e+00
  8.23203178e+00  1.15458564e+01  1.73732476e+01  2.73518254e+01
  3.30603710e+01  3.64903974e+01  4.07562847e+01  4.46988924e+01
  4.86205403e+01  5.10510247e+01  5.12176075e+01  4.80502885e+01
  4.04096822e+01  2.97913085e+01  1.83611596e+01  8.61149765e+00
  2.89927416e+00  6.07930951e-01 -1.57518096e-04  0.00000000e+00
  0.00000000e+00]
5
data after
[22.16047832953023, 28.919104015315472, 27.35182536508143, 33.06037098303795, 36.49039740303755, 40.756284651001096, 44.69889244135171, 48.62054031611413, 51.05102471626371, 51.21760746579767, 48.050288544210794, 40.40968222465217, 29.79130853905678, 30.479704823745603]
9
data,sig_tot
[22.16047833 28.91910402 27.35182537 33.06037098 36.4903974  40.75628465
 44.69889244 48.62054032 51.05102472 51.21760747 48.05028854 40.40968222
 29.79130854 30.47970482 26.59158071 28.35208276 20.84283094 35.71267162]
[22.16047833 28.91910402 27.35182537 33.06037098 36.4903974  40.75628465
 44.69889244 48.62054032 51.05102472 51.21760747 48.05028854 40.40968222
 29.79130854 30.47970482 26.59158071 28.35208276 20.84283094 35.71267162]
<<<<<<< HEAD
0.4673018727932515 16.42211315673857 15.115201964256386
val isze = 0
idinces = [ 3  7 16  5  6  2 10 12  8 13 14 17 11  1  0 15  4  9]
training loss = 1.6041804552078247 500
training loss = 0.6520642042160034 1000
reduced chi^2 level 2 = 0.6558354496955872
Constrained alpha: 2.143113613128662
Constrained beta: 2.563485622406006
Constrained gamma: 3.308742046356201
=======
pred
[tensor([29.9613, 24.2498, 39.0042, 34.6291, 42.9552, 49.4609, 29.3445, 60.2443,
        71.1158, 46.7665, 46.3935, 34.7007, 41.2178, 32.5277, 29.7177, 28.6807,
        21.8461, 32.5323])]
1.939423631277946 4.028128370224193 96.16696097549821
val isze = 0
idinces = [11 15  6  0 17 13  5 14  2  4  7  8  3  9  1 10 16 12]
training loss = 1.7160892486572266 500
reduced chi^2 level 2 = 1.716115117073059
Constrained alpha: 2.323465347290039
Constrained beta: 2.2482564449310303
Constrained gamma: 71.88114929199219
>>>>>>> bf5bffb69ec4a318117f0a4aa6bdaab926d87e87
data before
[ 0.00000000e+00  0.00000000e+00  0.00000000e+00  0.00000000e+00
  0.00000000e+00  0.00000000e+00  0.00000000e+00  0.00000000e+00
  0.00000000e+00  0.00000000e+00  1.57987379e-05  5.14682362e-04
  1.84154837e-02  1.65006572e-01  4.48588995e-01  8.33724597e-01
  1.40485601e+00  2.30344220e+00  3.41574487e+00  5.33813734e+00
  8.23203178e+00  1.15458564e+01  1.73732476e+01  2.73518254e+01
  3.30603710e+01  3.64903974e+01  4.07562847e+01  4.46988924e+01
  4.86205403e+01  5.10510247e+01  5.12176075e+01  4.80502885e+01
  4.04096822e+01  2.97913085e+01  1.83611596e+01  8.61149765e+00
  2.89927416e+00  6.07930951e-01 -1.57518096e-04  0.00000000e+00
  0.00000000e+00]
5
data after
[22.16047832953023, 28.919104015315472, 27.35182536508143, 33.06037098303795, 36.49039740303755, 40.756284651001096, 44.69889244135171, 48.62054031611413, 51.05102471626371, 51.21760746579767, 48.050288544210794, 40.40968222465217, 29.79130853905678, 30.479704823745603]
9
data,sig_tot
[22.16047833 28.91910402 27.35182537 33.06037098 36.4903974  40.75628465
 44.69889244 48.62054032 51.05102472 51.21760747 48.05028854 40.40968222
 29.79130854 30.47970482 26.59158071 28.35208276 20.84283094 35.71267162]
[22.16047833 28.91910402 27.35182537 33.06037098 36.4903974  40.75628465
 44.69889244 48.62054032 51.05102472 51.21760747 48.05028854 40.40968222
 29.79130854 30.47970482 26.59158071 28.35208276 20.84283094 35.71267162]
<<<<<<< HEAD
0.4673018727932515 16.42211315673857 15.115201964256386
val isze = 0
idinces = [ 3  7 16  5  6  2 10 12  8 13 14 17 11  1  0 15  4  9]
training loss = 1.518862247467041 500
training loss = 0.6514484882354736 1000
reduced chi^2 level 2 = 0.6555314660072327
Constrained alpha: 2.1439743041992188
Constrained beta: 2.567891836166382
Constrained gamma: 3.253119707107544
=======
pred
[tensor([27.5316, 32.5915, 26.7135, 33.9559, 56.6656, 46.6375, 50.2318, 30.9583,
        53.4129, 41.9469, 54.4225, 39.7677, 48.2151, 24.7459, 24.7972, 25.5522,
        29.0778, 40.1957])]
2.5687208233793295 3.114058983046346 90.66914385213339
val isze = 0
idinces = [17 15  1  4 10  5 11  0 12  6 13  2 16 14  8  3  7  9]
>>>>>>> bf5bffb69ec4a318117f0a4aa6bdaab926d87e87
data before
[ 0.00000000e+00  0.00000000e+00  0.00000000e+00  0.00000000e+00
  0.00000000e+00  0.00000000e+00  0.00000000e+00  0.00000000e+00
  0.00000000e+00  0.00000000e+00  1.57987379e-05  5.14682362e-04
  1.84154837e-02  1.65006572e-01  4.48588995e-01  8.33724597e-01
  1.40485601e+00  2.30344220e+00  3.41574487e+00  5.33813734e+00
  8.23203178e+00  1.15458564e+01  1.73732476e+01  2.73518254e+01
  3.30603710e+01  3.64903974e+01  4.07562847e+01  4.46988924e+01
  4.86205403e+01  5.10510247e+01  5.12176075e+01  4.80502885e+01
  4.04096822e+01  2.97913085e+01  1.83611596e+01  8.61149765e+00
  2.89927416e+00  6.07930951e-01 -1.57518096e-04  0.00000000e+00
  0.00000000e+00]
5
data after
[22.16047832953023, 28.919104015315472, 27.35182536508143, 33.06037098303795, 36.49039740303755, 40.756284651001096, 44.69889244135171, 48.62054031611413, 51.05102471626371, 51.21760746579767, 48.050288544210794, 40.40968222465217, 29.79130853905678, 30.479704823745603]
9
data,sig_tot
[22.16047833 28.91910402 27.35182537 33.06037098 36.4903974  40.75628465
 44.69889244 48.62054032 51.05102472 51.21760747 48.05028854 40.40968222
 29.79130854 30.47970482 26.59158071 28.35208276 20.84283094 35.71267162]
[22.16047833 28.91910402 27.35182537 33.06037098 36.4903974  40.75628465
 44.69889244 48.62054032 51.05102472 51.21760747 48.05028854 40.40968222
 29.79130854 30.47970482 26.59158071 28.35208276 20.84283094 35.71267162]
<<<<<<< HEAD
0.4673018727932515 16.42211315673857 15.115201964256386
val isze = 0
idinces = [ 3  7 16  5  6  2 10 12  8 13 14 17 11  1  0 15  4  9]
training loss = 1.556210994720459 500
training loss = 0.6517033576965332 1000
reduced chi^2 level 2 = 0.6558781862258911
Constrained alpha: 2.143646240234375
Constrained beta: 2.5621707439422607
Constrained gamma: 3.2401554584503174
=======
pred
[tensor([29.0963, 25.3012, 27.8540, 16.2328, 43.0838, 39.6595, 27.9218, 63.7129,
        49.0214, 53.1696, 49.7205, 52.1997, 28.5272, 33.1897, 27.6750, 24.5608,
        23.4856, 46.6852])]
0.3033514604606452 10.19061042401432 44.59840915366945
val isze = 0
idinces = [13 15  8  0 16  2 10 12 14  7  4  1 11  3 17  6  9  5]
training loss = 2.057455539703369 500
training loss = 1.5870004892349243 1000
reduced chi^2 level 2 = 1.5895326137542725
Constrained alpha: 2.1222729682922363
Constrained beta: 2.3741254806518555
Constrained gamma: 13.415955543518066
>>>>>>> bf5bffb69ec4a318117f0a4aa6bdaab926d87e87
data before
[ 0.00000000e+00  0.00000000e+00  0.00000000e+00  0.00000000e+00
  0.00000000e+00  0.00000000e+00  0.00000000e+00  0.00000000e+00
  0.00000000e+00  0.00000000e+00  1.57987379e-05  5.14682362e-04
  1.84154837e-02  1.65006572e-01  4.48588995e-01  8.33724597e-01
  1.40485601e+00  2.30344220e+00  3.41574487e+00  5.33813734e+00
  8.23203178e+00  1.15458564e+01  1.73732476e+01  2.73518254e+01
  3.30603710e+01  3.64903974e+01  4.07562847e+01  4.46988924e+01
  4.86205403e+01  5.10510247e+01  5.12176075e+01  4.80502885e+01
  4.04096822e+01  2.97913085e+01  1.83611596e+01  8.61149765e+00
  2.89927416e+00  6.07930951e-01 -1.57518096e-04  0.00000000e+00
  0.00000000e+00]
5
data after
[22.16047832953023, 28.919104015315472, 27.35182536508143, 33.06037098303795, 36.49039740303755, 40.756284651001096, 44.69889244135171, 48.62054031611413, 51.05102471626371, 51.21760746579767, 48.050288544210794, 40.40968222465217, 29.79130853905678, 30.479704823745603]
9
data,sig_tot
[22.16047833 28.91910402 27.35182537 33.06037098 36.4903974  40.75628465
 44.69889244 48.62054032 51.05102472 51.21760747 48.05028854 40.40968222
 29.79130854 30.47970482 26.59158071 28.35208276 20.84283094 35.71267162]
[22.16047833 28.91910402 27.35182537 33.06037098 36.4903974  40.75628465
 44.69889244 48.62054032 51.05102472 51.21760747 48.05028854 40.40968222
 29.79130854 30.47970482 26.59158071 28.35208276 20.84283094 35.71267162]
<<<<<<< HEAD
0.4673018727932515 16.42211315673857 15.115201964256386
val isze = 0
idinces = [ 3  7 16  5  6  2 10 12  8 13 14 17 11  1  0 15  4  9]
training loss = 1.4819484949111938 500
training loss = 0.6515679955482483 1000
reduced chi^2 level 2 = 0.6552351713180542
Constrained alpha: 2.1454110145568848
Constrained beta: 2.5743303298950195
Constrained gamma: 3.2372500896453857
=======
pred
[tensor([22.3224, 22.2564, 21.6712, 21.2018, 44.0786, 37.9203, 36.2916, 52.3856,
        55.2017, 56.0556, 48.0690, 31.8254, 31.5967, 25.4665, 25.1685, 21.4025,
        33.8537, 48.5927])]
2.832465351876428 9.896957709483065 74.45677393799889
val isze = 0
idinces = [ 6 10  8  0  5 13  7  3 11 14 12 15 17 16  9  2  4  1]
training loss = 0.9617397785186768 500
reduced chi^2 level 2 = 0.9655848741531372
Constrained alpha: 1.7100155353546143
Constrained beta: 3.599642515182495
Constrained gamma: 55.58440399169922
>>>>>>> bf5bffb69ec4a318117f0a4aa6bdaab926d87e87
data before
[ 0.00000000e+00  0.00000000e+00  0.00000000e+00  0.00000000e+00
  0.00000000e+00  0.00000000e+00  0.00000000e+00  0.00000000e+00
  0.00000000e+00  0.00000000e+00  1.57987379e-05  5.14682362e-04
  1.84154837e-02  1.65006572e-01  4.48588995e-01  8.33724597e-01
  1.40485601e+00  2.30344220e+00  3.41574487e+00  5.33813734e+00
  8.23203178e+00  1.15458564e+01  1.73732476e+01  2.73518254e+01
  3.30603710e+01  3.64903974e+01  4.07562847e+01  4.46988924e+01
  4.86205403e+01  5.10510247e+01  5.12176075e+01  4.80502885e+01
  4.04096822e+01  2.97913085e+01  1.83611596e+01  8.61149765e+00
  2.89927416e+00  6.07930951e-01 -1.57518096e-04  0.00000000e+00
  0.00000000e+00]
5
data after
[22.16047832953023, 28.919104015315472, 27.35182536508143, 33.06037098303795, 36.49039740303755, 40.756284651001096, 44.69889244135171, 48.62054031611413, 51.05102471626371, 51.21760746579767, 48.050288544210794, 40.40968222465217, 29.79130853905678, 30.479704823745603]
9
data,sig_tot
[22.16047833 28.91910402 27.35182537 33.06037098 36.4903974  40.75628465
 44.69889244 48.62054032 51.05102472 51.21760747 48.05028854 40.40968222
 29.79130854 30.47970482 26.59158071 28.35208276 20.84283094 35.71267162]
[22.16047833 28.91910402 27.35182537 33.06037098 36.4903974  40.75628465
 44.69889244 48.62054032 51.05102472 51.21760747 48.05028854 40.40968222
 29.79130854 30.47970482 26.59158071 28.35208276 20.84283094 35.71267162]
<<<<<<< HEAD
0.4673018727932515 16.42211315673857 15.115201964256386
val isze = 0
idinces = [ 3  7 16  5  6  2 10 12  8 13 14 17 11  1  0 15  4  9]
training loss = 1.5346662998199463 500
training loss = 0.6512051820755005 1000
reduced chi^2 level 2 = 0.6554535031318665
Constrained alpha: 2.144137382507324
Constrained beta: 2.569871664047241
Constrained gamma: 3.2958502769470215
=======
pred
[tensor([27.5951, 25.5636, 32.2931, 27.1874, 34.6376, 48.8991, 38.0415, 46.0479,
        62.0924, 60.7743, 40.9926, 36.0723, 40.1949, 27.7322, 32.8250, 20.7403,
        25.0798, 47.9412])]
4.393813166458417 10.296657459500995 87.54339874663938
val isze = 0
idinces = [ 9 13  6  5 10  0 17  2 11 12 14 15  1 16  3  7  8  4]
training loss = 30.536630630493164 500
training loss = 30.43442153930664 1000
training loss = 30.29228401184082 1500
training loss = 30.104482650756836 2000
training loss = 29.85529899597168 2500
training loss = 29.510013580322266 3000
training loss = 28.98948097229004 3500
training loss = 28.082048416137695 4000
training loss = 26.09343147277832 4500
training loss = 21.114906311035156 5000
>>>>>>> bf5bffb69ec4a318117f0a4aa6bdaab926d87e87
data before
[ 0.00000000e+00  0.00000000e+00  0.00000000e+00  0.00000000e+00
  0.00000000e+00  0.00000000e+00  0.00000000e+00  0.00000000e+00
  0.00000000e+00  0.00000000e+00  1.57987379e-05  5.14682362e-04
  1.84154837e-02  1.65006572e-01  4.48588995e-01  8.33724597e-01
  1.40485601e+00  2.30344220e+00  3.41574487e+00  5.33813734e+00
  8.23203178e+00  1.15458564e+01  1.73732476e+01  2.73518254e+01
  3.30603710e+01  3.64903974e+01  4.07562847e+01  4.46988924e+01
  4.86205403e+01  5.10510247e+01  5.12176075e+01  4.80502885e+01
  4.04096822e+01  2.97913085e+01  1.83611596e+01  8.61149765e+00
  2.89927416e+00  6.07930951e-01 -1.57518096e-04  0.00000000e+00
  0.00000000e+00]
5
data after
[22.16047832953023, 28.919104015315472, 27.35182536508143, 33.06037098303795, 36.49039740303755, 40.756284651001096, 44.69889244135171, 48.62054031611413, 51.05102471626371, 51.21760746579767, 48.050288544210794, 40.40968222465217, 29.79130853905678, 30.479704823745603]
9
data,sig_tot
[22.16047833 28.91910402 27.35182537 33.06037098 36.4903974  40.75628465
 44.69889244 48.62054032 51.05102472 51.21760747 48.05028854 40.40968222
 29.79130854 30.47970482 26.59158071 28.35208276 20.84283094 35.71267162]
[22.16047833 28.91910402 27.35182537 33.06037098 36.4903974  40.75628465
 44.69889244 48.62054032 51.05102472 51.21760747 48.05028854 40.40968222
 29.79130854 30.47970482 26.59158071 28.35208276 20.84283094 35.71267162]
<<<<<<< HEAD
0.4673018727932515 16.42211315673857 15.115201964256386
val isze = 0
idinces = [ 3  7 16  5  6  2 10 12  8 13 14 17 11  1  0 15  4  9]
training loss = 1.6194146871566772 500
training loss = 0.6524690985679626 1000
reduced chi^2 level 2 = 0.6559527516365051
Constrained alpha: 2.1425583362579346
Constrained beta: 2.5607776641845703
Constrained gamma: 3.2690885066986084
=======
pred
[tensor([31.8755, 25.8121, 30.0665, 25.7045, 47.6581, 39.3781, 54.3357, 44.3475,
        57.5576, 43.7296, 59.9301, 41.3483, 41.7971, 25.6386, 19.3349, 21.8232,
        24.2078, 51.8548])]
2.408444475741943 11.899147484564176 11.664183641898152
val isze = 0
idinces = [ 8 17  6  1  2  7 14  0  5  3 11  9 13 10 16 15  4 12]
training loss = 1.380113124847412 500
training loss = 1.2204549312591553 1000
training loss = 1.0563831329345703 1500
training loss = 1.0264644622802734 2000
reduced chi^2 level 2 = 1.0277193784713745
Constrained alpha: 3.287975549697876
Constrained beta: 3.3038721084594727
Constrained gamma: 2.719146251678467
>>>>>>> bf5bffb69ec4a318117f0a4aa6bdaab926d87e87
data before
[ 0.00000000e+00  0.00000000e+00  0.00000000e+00  0.00000000e+00
  0.00000000e+00  0.00000000e+00  0.00000000e+00  0.00000000e+00
  0.00000000e+00  0.00000000e+00  1.57987379e-05  5.14682362e-04
  1.84154837e-02  1.65006572e-01  4.48588995e-01  8.33724597e-01
  1.40485601e+00  2.30344220e+00  3.41574487e+00  5.33813734e+00
  8.23203178e+00  1.15458564e+01  1.73732476e+01  2.73518254e+01
  3.30603710e+01  3.64903974e+01  4.07562847e+01  4.46988924e+01
  4.86205403e+01  5.10510247e+01  5.12176075e+01  4.80502885e+01
  4.04096822e+01  2.97913085e+01  1.83611596e+01  8.61149765e+00
  2.89927416e+00  6.07930951e-01 -1.57518096e-04  0.00000000e+00
  0.00000000e+00]
5
data after
[22.16047832953023, 28.919104015315472, 27.35182536508143, 33.06037098303795, 36.49039740303755, 40.756284651001096, 44.69889244135171, 48.62054031611413, 51.05102471626371, 51.21760746579767, 48.050288544210794, 40.40968222465217, 29.79130853905678, 30.479704823745603]
9
data,sig_tot
[22.16047833 28.91910402 27.35182537 33.06037098 36.4903974  40.75628465
 44.69889244 48.62054032 51.05102472 51.21760747 48.05028854 40.40968222
 29.79130854 30.47970482 26.59158071 28.35208276 20.84283094 35.71267162]
[22.16047833 28.91910402 27.35182537 33.06037098 36.4903974  40.75628465
 44.69889244 48.62054032 51.05102472 51.21760747 48.05028854 40.40968222
 29.79130854 30.47970482 26.59158071 28.35208276 20.84283094 35.71267162]
<<<<<<< HEAD
0.4673018727932515 16.42211315673857 15.115201964256386
val isze = 0
idinces = [ 3  7 16  5  6  2 10 12  8 13 14 17 11  1  0 15  4  9]
training loss = 1.5100847482681274 500
training loss = 0.6517084240913391 1000
reduced chi^2 level 2 = 0.6556715369224548
Constrained alpha: 2.1449384689331055
Constrained beta: 2.5659291744232178
Constrained gamma: 3.200352907180786
=======
pred
[tensor([27.2811, 25.1820, 23.3965, 20.4810, 44.2842, 31.6565, 36.2212, 47.9331,
        53.6646, 61.4337, 52.8090, 47.1993, 35.7658, 17.9191, 25.7367, 30.9319,
        30.1942, 38.8368])]
1.830720220069122 9.80741992242107 39.33172938095875
val isze = 0
idinces = [ 7 13 17  8 16  2 14  9  5 11  6  4 10  1  3 12 15  0]
training loss = 1.3063591718673706 500
reduced chi^2 level 2 = 1.2251973152160645
Constrained alpha: 1.7614891529083252
Constrained beta: 4.401839733123779
Constrained gamma: 16.95319938659668
>>>>>>> bf5bffb69ec4a318117f0a4aa6bdaab926d87e87
data before
[ 0.00000000e+00  0.00000000e+00  0.00000000e+00  0.00000000e+00
  0.00000000e+00  0.00000000e+00  0.00000000e+00  0.00000000e+00
  0.00000000e+00  0.00000000e+00  1.57987379e-05  5.14682362e-04
  1.84154837e-02  1.65006572e-01  4.48588995e-01  8.33724597e-01
  1.40485601e+00  2.30344220e+00  3.41574487e+00  5.33813734e+00
  8.23203178e+00  1.15458564e+01  1.73732476e+01  2.73518254e+01
  3.30603710e+01  3.64903974e+01  4.07562847e+01  4.46988924e+01
  4.86205403e+01  5.10510247e+01  5.12176075e+01  4.80502885e+01
  4.04096822e+01  2.97913085e+01  1.83611596e+01  8.61149765e+00
  2.89927416e+00  6.07930951e-01 -1.57518096e-04  0.00000000e+00
  0.00000000e+00]
5
data after
[22.16047832953023, 28.919104015315472, 27.35182536508143, 33.06037098303795, 36.49039740303755, 40.756284651001096, 44.69889244135171, 48.62054031611413, 51.05102471626371, 51.21760746579767, 48.050288544210794, 40.40968222465217, 29.79130853905678, 30.479704823745603]
9
data,sig_tot
[22.16047833 28.91910402 27.35182537 33.06037098 36.4903974  40.75628465
 44.69889244 48.62054032 51.05102472 51.21760747 48.05028854 40.40968222
 29.79130854 30.47970482 26.59158071 28.35208276 20.84283094 35.71267162]
[22.16047833 28.91910402 27.35182537 33.06037098 36.4903974  40.75628465
 44.69889244 48.62054032 51.05102472 51.21760747 48.05028854 40.40968222
 29.79130854 30.47970482 26.59158071 28.35208276 20.84283094 35.71267162]
<<<<<<< HEAD
0.4673018727932515 16.42211315673857 15.115201964256386
val isze = 0
idinces = [ 3  7 16  5  6  2 10 12  8 13 14 17 11  1  0 15  4  9]
training loss = 1.4751845598220825 500
training loss = 0.6520389914512634 1000
reduced chi^2 level 2 = 0.6552836298942566
Constrained alpha: 2.145646095275879
Constrained beta: 2.5739848613739014
Constrained gamma: 3.194748878479004
=======
pred
[tensor([16.5803, 38.2134, 39.5216, 30.7015, 50.6310, 42.2493, 41.5856, 54.3269,
        45.1893, 52.7023, 60.7668, 41.3083, 36.5245, 20.2434, 27.4492, 31.2183,
        25.4072, 36.4117])]
2.11798432822305 7.432347456240576 49.72984755777839
val isze = 0
idinces = [ 9 13 17  0 10  7  3 16  1 11  6 14 15 12  4  5  8  2]
training loss = 1.2354340553283691 500
reduced chi^2 level 2 = 1.2472364902496338
Constrained alpha: 2.0027403831481934
Constrained beta: 3.667790412902832
Constrained gamma: 28.504165649414062
>>>>>>> bf5bffb69ec4a318117f0a4aa6bdaab926d87e87
data before
[ 0.00000000e+00  0.00000000e+00  0.00000000e+00  0.00000000e+00
  0.00000000e+00  0.00000000e+00  0.00000000e+00  0.00000000e+00
  0.00000000e+00  0.00000000e+00  1.57987379e-05  5.14682362e-04
  1.84154837e-02  1.65006572e-01  4.48588995e-01  8.33724597e-01
  1.40485601e+00  2.30344220e+00  3.41574487e+00  5.33813734e+00
  8.23203178e+00  1.15458564e+01  1.73732476e+01  2.73518254e+01
  3.30603710e+01  3.64903974e+01  4.07562847e+01  4.46988924e+01
  4.86205403e+01  5.10510247e+01  5.12176075e+01  4.80502885e+01
  4.04096822e+01  2.97913085e+01  1.83611596e+01  8.61149765e+00
  2.89927416e+00  6.07930951e-01 -1.57518096e-04  0.00000000e+00
  0.00000000e+00]
5
data after
[22.16047832953023, 28.919104015315472, 27.35182536508143, 33.06037098303795, 36.49039740303755, 40.756284651001096, 44.69889244135171, 48.62054031611413, 51.05102471626371, 51.21760746579767, 48.050288544210794, 40.40968222465217, 29.79130853905678, 30.479704823745603]
9
data,sig_tot
[22.16047833 28.91910402 27.35182537 33.06037098 36.4903974  40.75628465
 44.69889244 48.62054032 51.05102472 51.21760747 48.05028854 40.40968222
 29.79130854 30.47970482 26.59158071 28.35208276 20.84283094 35.71267162]
[22.16047833 28.91910402 27.35182537 33.06037098 36.4903974  40.75628465
 44.69889244 48.62054032 51.05102472 51.21760747 48.05028854 40.40968222
 29.79130854 30.47970482 26.59158071 28.35208276 20.84283094 35.71267162]
<<<<<<< HEAD
0.4673018727932515 16.42211315673857 15.115201964256386
val isze = 0
idinces = [ 3  7 16  5  6  2 10 12  8 13 14 17 11  1  0 15  4  9]
training loss = 1.5542820692062378 500
training loss = 0.6516383290290833 1000
reduced chi^2 level 2 = 0.6557961106300354
Constrained alpha: 2.144059181213379
Constrained beta: 2.563854932785034
Constrained gamma: 3.2240662574768066
=======
pred
[tensor([26.2073, 21.1169, 31.2764, 37.5129, 47.4493, 42.8460, 36.1642, 49.2423,
        56.3980, 57.5803, 54.1077, 49.2787, 33.0414, 23.5419, 21.2474, 30.2346,
        24.2685, 37.0453])]
3.2885040515668806 2.656553593267408 51.2376761775643
val isze = 0
idinces = [ 2 13  0  7 12 14 10  6 16  9  4 17  5  1 11  3 15  8]
training loss = 2.021212100982666 500
training loss = 1.7326598167419434 1000
training loss = 1.607282280921936 1500
training loss = 1.5068819522857666 2000
training loss = 1.39622962474823 2500
training loss = 1.247652292251587 3000
training loss = 1.0798486471176147 3500
training loss = 0.9545338749885559 4000
training loss = 0.8868495225906372 4500
training loss = 0.8573678135871887 5000
reduced chi^2 level 2 = 0.8573342561721802
Constrained alpha: 1.9908510446548462
Constrained beta: 3.087195873260498
Constrained gamma: 6.462643623352051
>>>>>>> bf5bffb69ec4a318117f0a4aa6bdaab926d87e87
data before
[ 0.00000000e+00  0.00000000e+00  0.00000000e+00  0.00000000e+00
  0.00000000e+00  0.00000000e+00  0.00000000e+00  0.00000000e+00
  0.00000000e+00  0.00000000e+00  1.57987379e-05  5.14682362e-04
  1.84154837e-02  1.65006572e-01  4.48588995e-01  8.33724597e-01
  1.40485601e+00  2.30344220e+00  3.41574487e+00  5.33813734e+00
  8.23203178e+00  1.15458564e+01  1.73732476e+01  2.73518254e+01
  3.30603710e+01  3.64903974e+01  4.07562847e+01  4.46988924e+01
  4.86205403e+01  5.10510247e+01  5.12176075e+01  4.80502885e+01
  4.04096822e+01  2.97913085e+01  1.83611596e+01  8.61149765e+00
  2.89927416e+00  6.07930951e-01 -1.57518096e-04  0.00000000e+00
  0.00000000e+00]
5
data after
[22.16047832953023, 28.919104015315472, 27.35182536508143, 33.06037098303795, 36.49039740303755, 40.756284651001096, 44.69889244135171, 48.62054031611413, 51.05102471626371, 51.21760746579767, 48.050288544210794, 40.40968222465217, 29.79130853905678, 30.479704823745603]
9
data,sig_tot
[22.16047833 28.91910402 27.35182537 33.06037098 36.4903974  40.75628465
 44.69889244 48.62054032 51.05102472 51.21760747 48.05028854 40.40968222
 29.79130854 30.47970482 26.59158071 28.35208276 20.84283094 35.71267162]
[22.16047833 28.91910402 27.35182537 33.06037098 36.4903974  40.75628465
 44.69889244 48.62054032 51.05102472 51.21760747 48.05028854 40.40968222
 29.79130854 30.47970482 26.59158071 28.35208276 20.84283094 35.71267162]
<<<<<<< HEAD
0.4673018727932515 16.42211315673857 15.115201964256386
val isze = 0
idinces = [ 3  7 16  5  6  2 10 12  8 13 14 17 11  1  0 15  4  9]
training loss = 1.5460551977157593 500
training loss = 0.6516160368919373 1000
reduced chi^2 level 2 = 0.6558029651641846
Constrained alpha: 2.1440083980560303
Constrained beta: 2.5632987022399902
Constrained gamma: 3.250730514526367
=======
pred
[tensor([19.2185, 27.4017, 34.7484, 42.8627, 44.2848, 44.1887, 44.2135, 48.7296,
        55.7894, 45.7327, 44.1099, 34.8588, 37.3228, 32.0734, 30.7148, 16.3072,
        24.0693, 40.9106])]
4.699184091650096 5.527170636870677 90.05950520862882
val isze = 0
idinces = [ 0 11  7 14  3  4 16 12  9  6 10 17 13  2  5  8 15  1]
training loss = 55.44432830810547 500
training loss = 34.89825439453125 1000
training loss = 31.138851165771484 1500
training loss = 30.268815994262695 2000
training loss = 30.03620147705078 2500
training loss = 29.94070816040039 3000
training loss = 29.85721206665039 3500
training loss = 29.75469970703125 4000
training loss = 29.622793197631836 4500
training loss = 29.4489688873291 5000
>>>>>>> bf5bffb69ec4a318117f0a4aa6bdaab926d87e87
data before
[ 0.00000000e+00  0.00000000e+00  0.00000000e+00  0.00000000e+00
  0.00000000e+00  0.00000000e+00  0.00000000e+00  0.00000000e+00
  0.00000000e+00  0.00000000e+00  1.57987379e-05  5.14682362e-04
  1.84154837e-02  1.65006572e-01  4.48588995e-01  8.33724597e-01
  1.40485601e+00  2.30344220e+00  3.41574487e+00  5.33813734e+00
  8.23203178e+00  1.15458564e+01  1.73732476e+01  2.73518254e+01
  3.30603710e+01  3.64903974e+01  4.07562847e+01  4.46988924e+01
  4.86205403e+01  5.10510247e+01  5.12176075e+01  4.80502885e+01
  4.04096822e+01  2.97913085e+01  1.83611596e+01  8.61149765e+00
  2.89927416e+00  6.07930951e-01 -1.57518096e-04  0.00000000e+00
  0.00000000e+00]
5
data after
[22.16047832953023, 28.919104015315472, 27.35182536508143, 33.06037098303795, 36.49039740303755, 40.756284651001096, 44.69889244135171, 48.62054031611413, 51.05102471626371, 51.21760746579767, 48.050288544210794, 40.40968222465217, 29.79130853905678, 30.479704823745603]
9
data,sig_tot
[22.16047833 28.91910402 27.35182537 33.06037098 36.4903974  40.75628465
 44.69889244 48.62054032 51.05102472 51.21760747 48.05028854 40.40968222
 29.79130854 30.47970482 26.59158071 28.35208276 20.84283094 35.71267162]
[22.16047833 28.91910402 27.35182537 33.06037098 36.4903974  40.75628465
 44.69889244 48.62054032 51.05102472 51.21760747 48.05028854 40.40968222
 29.79130854 30.47970482 26.59158071 28.35208276 20.84283094 35.71267162]
<<<<<<< HEAD
0.4673018727932515 16.42211315673857 15.115201964256386
val isze = 0
idinces = [ 3  7 16  5  6  2 10 12  8 13 14 17 11  1  0 15  4  9]
training loss = 1.544327974319458 500
training loss = 0.6514701843261719 1000
reduced chi^2 level 2 = 0.6556360721588135
Constrained alpha: 2.1438941955566406
Constrained beta: 2.5661003589630127
Constrained gamma: 3.268091917037964
=======
pred
[tensor([23.9770, 24.5010, 20.2246, 22.7541, 36.9691, 36.7073, 45.5072, 53.7694,
        51.8089, 52.4193, 49.1415, 42.6711, 40.5308, 25.6423, 23.0494, 20.9295,
        20.7211, 44.0231])]
3.984249215621901 17.683174424010993 11.902733395473675
val isze = 0
idinces = [ 2 11  8 14  6 12  5 15  4  3  0 16  7 17  9 10  1 13]
training loss = 28.41149139404297 500
training loss = 27.6868896484375 1000
training loss = 26.367197036743164 1500
training loss = 23.23015022277832 2000
training loss = 1.8730171918869019 2500
training loss = 1.5536547899246216 3000
training loss = 1.0138555765151978 3500
training loss = 0.7516301870346069 4000
training loss = 0.6758859753608704 4500
training loss = 0.6511169672012329 5000
reduced chi^2 level 2 = 0.6510612368583679
Constrained alpha: 1.971519947052002
Constrained beta: 2.920427083969116
Constrained gamma: 7.609182357788086
>>>>>>> bf5bffb69ec4a318117f0a4aa6bdaab926d87e87
data before
[ 0.00000000e+00  0.00000000e+00  0.00000000e+00  0.00000000e+00
  0.00000000e+00  0.00000000e+00  0.00000000e+00  0.00000000e+00
  0.00000000e+00  0.00000000e+00  1.57987379e-05  5.14682362e-04
  1.84154837e-02  1.65006572e-01  4.48588995e-01  8.33724597e-01
  1.40485601e+00  2.30344220e+00  3.41574487e+00  5.33813734e+00
  8.23203178e+00  1.15458564e+01  1.73732476e+01  2.73518254e+01
  3.30603710e+01  3.64903974e+01  4.07562847e+01  4.46988924e+01
  4.86205403e+01  5.10510247e+01  5.12176075e+01  4.80502885e+01
  4.04096822e+01  2.97913085e+01  1.83611596e+01  8.61149765e+00
  2.89927416e+00  6.07930951e-01 -1.57518096e-04  0.00000000e+00
  0.00000000e+00]
5
data after
[22.16047832953023, 28.919104015315472, 27.35182536508143, 33.06037098303795, 36.49039740303755, 40.756284651001096, 44.69889244135171, 48.62054031611413, 51.05102471626371, 51.21760746579767, 48.050288544210794, 40.40968222465217, 29.79130853905678, 30.479704823745603]
9
data,sig_tot
[22.16047833 28.91910402 27.35182537 33.06037098 36.4903974  40.75628465
 44.69889244 48.62054032 51.05102472 51.21760747 48.05028854 40.40968222
 29.79130854 30.47970482 26.59158071 28.35208276 20.84283094 35.71267162]
[22.16047833 28.91910402 27.35182537 33.06037098 36.4903974  40.75628465
 44.69889244 48.62054032 51.05102472 51.21760747 48.05028854 40.40968222
 29.79130854 30.47970482 26.59158071 28.35208276 20.84283094 35.71267162]
<<<<<<< HEAD
0.4673018727932515 16.42211315673857 15.115201964256386
val isze = 0
idinces = [ 3  7 16  5  6  2 10 12  8 13 14 17 11  1  0 15  4  9]
training loss = 1.63579523563385 500
training loss = 0.6531214118003845 1000
reduced chi^2 level 2 = 0.6560370326042175
Constrained alpha: 2.1429896354675293
Constrained beta: 2.558842897415161
Constrained gamma: 3.2309024333953857
=======
pred
[tensor([26.8071, 22.6219, 20.8235, 31.0973, 33.5684, 44.5027, 50.7449, 42.6016,
        55.0399, 46.2334, 50.4047, 45.0642, 53.6660, 26.3091, 21.0396, 23.7177,
        26.6153, 43.2407])]
4.184375439182941 19.65552678358374 12.622591344310907
val isze = 0
idinces = [ 9 10 11  2 13  4  8  0 15  6 12 17  7  3 16  5 14  1]
training loss = 33.23680877685547 500
training loss = 32.85851287841797 1000
training loss = 32.15384292602539 1500
training loss = 30.795833587646484 2000
training loss = 27.77907943725586 2500
training loss = 1.2799524068832397 3000
reduced chi^2 level 2 = 1.2720532417297363
Constrained alpha: 2.954310655593872
Constrained beta: 4.268998622894287
Constrained gamma: 10.712154388427734
>>>>>>> bf5bffb69ec4a318117f0a4aa6bdaab926d87e87
data before
[ 0.00000000e+00  0.00000000e+00  0.00000000e+00  0.00000000e+00
  0.00000000e+00  0.00000000e+00  0.00000000e+00  0.00000000e+00
  0.00000000e+00  0.00000000e+00  1.57987379e-05  5.14682362e-04
  1.84154837e-02  1.65006572e-01  4.48588995e-01  8.33724597e-01
  1.40485601e+00  2.30344220e+00  3.41574487e+00  5.33813734e+00
  8.23203178e+00  1.15458564e+01  1.73732476e+01  2.73518254e+01
  3.30603710e+01  3.64903974e+01  4.07562847e+01  4.46988924e+01
  4.86205403e+01  5.10510247e+01  5.12176075e+01  4.80502885e+01
  4.04096822e+01  2.97913085e+01  1.83611596e+01  8.61149765e+00
  2.89927416e+00  6.07930951e-01 -1.57518096e-04  0.00000000e+00
  0.00000000e+00]
5
data after
[22.16047832953023, 28.919104015315472, 27.35182536508143, 33.06037098303795, 36.49039740303755, 40.756284651001096, 44.69889244135171, 48.62054031611413, 51.05102471626371, 51.21760746579767, 48.050288544210794, 40.40968222465217, 29.79130853905678, 30.479704823745603]
9
data,sig_tot
[22.16047833 28.91910402 27.35182537 33.06037098 36.4903974  40.75628465
 44.69889244 48.62054032 51.05102472 51.21760747 48.05028854 40.40968222
 29.79130854 30.47970482 26.59158071 28.35208276 20.84283094 35.71267162]
[22.16047833 28.91910402 27.35182537 33.06037098 36.4903974  40.75628465
 44.69889244 48.62054032 51.05102472 51.21760747 48.05028854 40.40968222
 29.79130854 30.47970482 26.59158071 28.35208276 20.84283094 35.71267162]
<<<<<<< HEAD
0.4673018727932515 16.42211315673857 15.115201964256386
val isze = 0
idinces = [ 3  7 16  5  6  2 10 12  8 13 14 17 11  1  0 15  4  9]
training loss = 1.5945042371749878 500
training loss = 0.6527889966964722 1000
reduced chi^2 level 2 = 0.6562231779098511
Constrained alpha: 2.1420750617980957
Constrained beta: 2.5565810203552246
Constrained gamma: 3.2655723094940186
=======
pred
[tensor([36.3240, 26.3156, 20.9013, 19.7943, 40.5604, 42.9973, 54.6920, 40.3702,
        53.8903, 67.2919, 52.8233, 39.2717, 45.8046, 40.6277, 26.7904, 17.4344,
        22.1880, 42.1016])]
2.218997688386067 14.748277337654843 11.658291417331746
val isze = 0
idinces = [10 12  0  1 16 13  8  5  6  7 15  9 11  3 14  2  4 17]
training loss = 2.107848644256592 500
training loss = 1.7521892786026 1000
reduced chi^2 level 2 = 1.7618974447250366
Constrained alpha: 2.399376153945923
Constrained beta: 2.114516258239746
Constrained gamma: 2.2917566299438477
>>>>>>> bf5bffb69ec4a318117f0a4aa6bdaab926d87e87
data before
[ 0.00000000e+00  0.00000000e+00  0.00000000e+00  0.00000000e+00
  0.00000000e+00  0.00000000e+00  0.00000000e+00  0.00000000e+00
  0.00000000e+00  0.00000000e+00  1.57987379e-05  5.14682362e-04
  1.84154837e-02  1.65006572e-01  4.48588995e-01  8.33724597e-01
  1.40485601e+00  2.30344220e+00  3.41574487e+00  5.33813734e+00
  8.23203178e+00  1.15458564e+01  1.73732476e+01  2.73518254e+01
  3.30603710e+01  3.64903974e+01  4.07562847e+01  4.46988924e+01
  4.86205403e+01  5.10510247e+01  5.12176075e+01  4.80502885e+01
  4.04096822e+01  2.97913085e+01  1.83611596e+01  8.61149765e+00
  2.89927416e+00  6.07930951e-01 -1.57518096e-04  0.00000000e+00
  0.00000000e+00]
5
data after
[22.16047832953023, 28.919104015315472, 27.35182536508143, 33.06037098303795, 36.49039740303755, 40.756284651001096, 44.69889244135171, 48.62054031611413, 51.05102471626371, 51.21760746579767, 48.050288544210794, 40.40968222465217, 29.79130853905678, 30.479704823745603]
9
data,sig_tot
[22.16047833 28.91910402 27.35182537 33.06037098 36.4903974  40.75628465
 44.69889244 48.62054032 51.05102472 51.21760747 48.05028854 40.40968222
 29.79130854 30.47970482 26.59158071 28.35208276 20.84283094 35.71267162]
[22.16047833 28.91910402 27.35182537 33.06037098 36.4903974  40.75628465
 44.69889244 48.62054032 51.05102472 51.21760747 48.05028854 40.40968222
 29.79130854 30.47970482 26.59158071 28.35208276 20.84283094 35.71267162]
<<<<<<< HEAD
0.4673018727932515 16.42211315673857 15.115201964256386
val isze = 0
idinces = [ 3  7 16  5  6  2 10 12  8 13 14 17 11  1  0 15  4  9]
training loss = 1.5456323623657227 500
training loss = 0.6518371105194092 1000
reduced chi^2 level 2 = 0.6559333801269531
Constrained alpha: 2.1419529914855957
Constrained beta: 2.563215494155884
Constrained gamma: 3.351372718811035
=======
pred
[tensor([26.7260, 26.7401, 28.4250, 38.9373, 39.2076, 27.6031, 40.3268, 34.4316,
        50.8280, 57.7829, 62.2821, 34.0899, 43.6005, 31.6802, 24.1271, 23.4349,
        32.2339, 30.0996])]
4.736188301869225 12.506148617450163 54.642901075787776
val isze = 0
idinces = [ 1  6  0 13 14  2 15  4  9 12  5  8 10 17  7  3 11 16]
training loss = 31.712894439697266 500
training loss = 31.566925048828125 1000
training loss = 31.504302978515625 1500
training loss = 31.47028350830078 2000
training loss = 31.441450119018555 2500
training loss = 31.41536521911621 3000
training loss = 31.3931827545166 3500
training loss = 31.373809814453125 4000
training loss = 31.354496002197266 4500
training loss = 31.33247184753418 5000
>>>>>>> bf5bffb69ec4a318117f0a4aa6bdaab926d87e87
data before
[ 0.00000000e+00  0.00000000e+00  0.00000000e+00  0.00000000e+00
  0.00000000e+00  0.00000000e+00  0.00000000e+00  0.00000000e+00
  0.00000000e+00  0.00000000e+00  1.57987379e-05  5.14682362e-04
  1.84154837e-02  1.65006572e-01  4.48588995e-01  8.33724597e-01
  1.40485601e+00  2.30344220e+00  3.41574487e+00  5.33813734e+00
  8.23203178e+00  1.15458564e+01  1.73732476e+01  2.73518254e+01
  3.30603710e+01  3.64903974e+01  4.07562847e+01  4.46988924e+01
  4.86205403e+01  5.10510247e+01  5.12176075e+01  4.80502885e+01
  4.04096822e+01  2.97913085e+01  1.83611596e+01  8.61149765e+00
  2.89927416e+00  6.07930951e-01 -1.57518096e-04  0.00000000e+00
  0.00000000e+00]
5
data after
[22.16047832953023, 28.919104015315472, 27.35182536508143, 33.06037098303795, 36.49039740303755, 40.756284651001096, 44.69889244135171, 48.62054031611413, 51.05102471626371, 51.21760746579767, 48.050288544210794, 40.40968222465217, 29.79130853905678, 30.479704823745603]
9
data,sig_tot
[22.16047833 28.91910402 27.35182537 33.06037098 36.4903974  40.75628465
 44.69889244 48.62054032 51.05102472 51.21760747 48.05028854 40.40968222
 29.79130854 30.47970482 26.59158071 28.35208276 20.84283094 35.71267162]
[22.16047833 28.91910402 27.35182537 33.06037098 36.4903974  40.75628465
 44.69889244 48.62054032 51.05102472 51.21760747 48.05028854 40.40968222
 29.79130854 30.47970482 26.59158071 28.35208276 20.84283094 35.71267162]
<<<<<<< HEAD
0.4673018727932515 16.42211315673857 15.115201964256386
val isze = 0
idinces = [ 3  7 16  5  6  2 10 12  8 13 14 17 11  1  0 15  4  9]
training loss = 1.5859131813049316 500
training loss = 0.6530020833015442 1000
reduced chi^2 level 2 = 0.6561067700386047
Constrained alpha: 2.141855001449585
Constrained beta: 2.556851863861084
Constrained gamma: 3.2761619091033936
=======
pred
[tensor([28.9351, 28.4340, 24.6728, 28.4676, 41.1242, 36.9526, 43.7668, 43.8899,
        49.4686, 49.2727, 40.9586, 35.3387, 35.5872, 28.6211, 24.3601, 25.3614,
        28.5589, 48.6539])]
3.287224059776965 12.374592669237334 72.90011291359568
val isze = 0
idinces = [ 9 12 16 17  7  2 13 11  5  8  0  6  4 10  1  3 14 15]
training loss = 18.449512481689453 500
training loss = 5.935451030731201 1000
training loss = 0.4870058298110962 1500
reduced chi^2 level 2 = 0.48721906542778015
Constrained alpha: 2.290515661239624
Constrained beta: 2.139599084854126
Constrained gamma: 50.485984802246094
>>>>>>> bf5bffb69ec4a318117f0a4aa6bdaab926d87e87
data before
[ 0.00000000e+00  0.00000000e+00  0.00000000e+00  0.00000000e+00
  0.00000000e+00  0.00000000e+00  0.00000000e+00  0.00000000e+00
  0.00000000e+00  0.00000000e+00  1.57987379e-05  5.14682362e-04
  1.84154837e-02  1.65006572e-01  4.48588995e-01  8.33724597e-01
  1.40485601e+00  2.30344220e+00  3.41574487e+00  5.33813734e+00
  8.23203178e+00  1.15458564e+01  1.73732476e+01  2.73518254e+01
  3.30603710e+01  3.64903974e+01  4.07562847e+01  4.46988924e+01
  4.86205403e+01  5.10510247e+01  5.12176075e+01  4.80502885e+01
  4.04096822e+01  2.97913085e+01  1.83611596e+01  8.61149765e+00
  2.89927416e+00  6.07930951e-01 -1.57518096e-04  0.00000000e+00
  0.00000000e+00]
5
data after
[22.16047832953023, 28.919104015315472, 27.35182536508143, 33.06037098303795, 36.49039740303755, 40.756284651001096, 44.69889244135171, 48.62054031611413, 51.05102471626371, 51.21760746579767, 48.050288544210794, 40.40968222465217, 29.79130853905678, 30.479704823745603]
9
data,sig_tot
[22.16047833 28.91910402 27.35182537 33.06037098 36.4903974  40.75628465
 44.69889244 48.62054032 51.05102472 51.21760747 48.05028854 40.40968222
 29.79130854 30.47970482 26.59158071 28.35208276 20.84283094 35.71267162]
[22.16047833 28.91910402 27.35182537 33.06037098 36.4903974  40.75628465
 44.69889244 48.62054032 51.05102472 51.21760747 48.05028854 40.40968222
 29.79130854 30.47970482 26.59158071 28.35208276 20.84283094 35.71267162]
<<<<<<< HEAD
0.4673018727932515 16.42211315673857 15.115201964256386
val isze = 0
idinces = [ 3  7 16  5  6  2 10 12  8 13 14 17 11  1  0 15  4  9]
training loss = 1.5952292680740356 500
training loss = 0.6518228054046631 1000
reduced chi^2 level 2 = 0.6559318900108337
Constrained alpha: 2.144113540649414
Constrained beta: 2.560317039489746
Constrained gamma: 3.1877925395965576
=======
pred
[tensor([19.1294, 18.7829, 22.1541, 27.5898, 43.4125, 39.4728, 44.9804, 49.5975,
        57.0530, 58.5322, 45.0860, 48.5487, 36.2255, 22.5548, 27.1186, 24.2505,
        30.9506, 42.2314])]
4.919266631283986 13.85207623848548 77.3231475047463
val isze = 0
idinces = [16  2  1 12  4 15  7  5 13 11  0 14  6 10  9  8 17  3]
training loss = 96.6622085571289 500
training loss = 48.62959671020508 1000
training loss = 38.44221878051758 1500
training loss = 35.44020462036133 2000
training loss = 34.4013786315918 2500
training loss = 34.01848602294922 3000
training loss = 33.87392807006836 3500
training loss = 33.812347412109375 4000
training loss = 33.77570343017578 4500
training loss = 33.74386215209961 5000
>>>>>>> bf5bffb69ec4a318117f0a4aa6bdaab926d87e87
data before
[ 0.00000000e+00  0.00000000e+00  0.00000000e+00  0.00000000e+00
  0.00000000e+00  0.00000000e+00  0.00000000e+00  0.00000000e+00
  0.00000000e+00  0.00000000e+00  1.57987379e-05  5.14682362e-04
  1.84154837e-02  1.65006572e-01  4.48588995e-01  8.33724597e-01
  1.40485601e+00  2.30344220e+00  3.41574487e+00  5.33813734e+00
  8.23203178e+00  1.15458564e+01  1.73732476e+01  2.73518254e+01
  3.30603710e+01  3.64903974e+01  4.07562847e+01  4.46988924e+01
  4.86205403e+01  5.10510247e+01  5.12176075e+01  4.80502885e+01
  4.04096822e+01  2.97913085e+01  1.83611596e+01  8.61149765e+00
  2.89927416e+00  6.07930951e-01 -1.57518096e-04  0.00000000e+00
  0.00000000e+00]
5
data after
[22.16047832953023, 28.919104015315472, 27.35182536508143, 33.06037098303795, 36.49039740303755, 40.756284651001096, 44.69889244135171, 48.62054031611413, 51.05102471626371, 51.21760746579767, 48.050288544210794, 40.40968222465217, 29.79130853905678, 30.479704823745603]
9
data,sig_tot
[22.16047833 28.91910402 27.35182537 33.06037098 36.4903974  40.75628465
 44.69889244 48.62054032 51.05102472 51.21760747 48.05028854 40.40968222
 29.79130854 30.47970482 26.59158071 28.35208276 20.84283094 35.71267162]
[22.16047833 28.91910402 27.35182537 33.06037098 36.4903974  40.75628465
 44.69889244 48.62054032 51.05102472 51.21760747 48.05028854 40.40968222
 29.79130854 30.47970482 26.59158071 28.35208276 20.84283094 35.71267162]
<<<<<<< HEAD
0.4673018727932515 16.42211315673857 15.115201964256386
val isze = 0
idinces = [ 3  7 16  5  6  2 10 12  8 13 14 17 11  1  0 15  4  9]
training loss = 1.4995142221450806 500
training loss = 0.6513428688049316 1000
reduced chi^2 level 2 = 0.6551880836486816
Constrained alpha: 2.146017074584961
Constrained beta: 2.574223041534424
Constrained gamma: 3.225093364715576
=======
pred
[tensor([29.4250, 28.3991, 27.5598, 27.6231, 39.1120, 39.3831, 37.0175, 43.8137,
        57.1246, 51.9017, 53.0502, 39.9878, 41.4514, 28.5258, 19.1266, 20.2949,
        24.0677, 39.1522])]
0.10044891171962778 5.774549175146875 61.3783964860425
val isze = 0
idinces = [ 1  8 11  0 13 12 10  2 15  3 14 16 17  9  6  5  7  4]
training loss = 0.9989145398139954 500
training loss = 0.7988619804382324 1000
reduced chi^2 level 2 = 0.8005098700523376
Constrained alpha: 2.110915184020996
Constrained beta: 2.455244302749634
Constrained gamma: 28.617647171020508
>>>>>>> bf5bffb69ec4a318117f0a4aa6bdaab926d87e87
data before
[ 0.00000000e+00  0.00000000e+00  0.00000000e+00  0.00000000e+00
  0.00000000e+00  0.00000000e+00  0.00000000e+00  0.00000000e+00
  0.00000000e+00  0.00000000e+00  1.57987379e-05  5.14682362e-04
  1.84154837e-02  1.65006572e-01  4.48588995e-01  8.33724597e-01
  1.40485601e+00  2.30344220e+00  3.41574487e+00  5.33813734e+00
  8.23203178e+00  1.15458564e+01  1.73732476e+01  2.73518254e+01
  3.30603710e+01  3.64903974e+01  4.07562847e+01  4.46988924e+01
  4.86205403e+01  5.10510247e+01  5.12176075e+01  4.80502885e+01
  4.04096822e+01  2.97913085e+01  1.83611596e+01  8.61149765e+00
  2.89927416e+00  6.07930951e-01 -1.57518096e-04  0.00000000e+00
  0.00000000e+00]
5
data after
[22.16047832953023, 28.919104015315472, 27.35182536508143, 33.06037098303795, 36.49039740303755, 40.756284651001096, 44.69889244135171, 48.62054031611413, 51.05102471626371, 51.21760746579767, 48.050288544210794, 40.40968222465217, 29.79130853905678, 30.479704823745603]
9
data,sig_tot
[22.16047833 28.91910402 27.35182537 33.06037098 36.4903974  40.75628465
 44.69889244 48.62054032 51.05102472 51.21760747 48.05028854 40.40968222
 29.79130854 30.47970482 26.59158071 28.35208276 20.84283094 35.71267162]
[22.16047833 28.91910402 27.35182537 33.06037098 36.4903974  40.75628465
 44.69889244 48.62054032 51.05102472 51.21760747 48.05028854 40.40968222
 29.79130854 30.47970482 26.59158071 28.35208276 20.84283094 35.71267162]
<<<<<<< HEAD
0.4673018727932515 16.42211315673857 15.115201964256386
val isze = 0
idinces = [ 3  7 16  5  6  2 10 12  8 13 14 17 11  1  0 15  4  9]
training loss = 1.6012957096099854 500
training loss = 0.6527431607246399 1000
reduced chi^2 level 2 = 0.6560142636299133
Constrained alpha: 2.1427395343780518
Constrained beta: 2.5584254264831543
Constrained gamma: 3.2677252292633057
=======
pred
[tensor([23.6363, 31.4503, 40.3639, 38.2641, 36.2527, 44.2865, 47.6599, 35.0699,
        60.0032, 69.5907, 49.0175, 33.9740, 38.2088, 31.0711, 27.8221, 21.9832,
        27.2861, 36.8725])]
3.6629742143337434 7.30704923858845 7.3914893382163065
val isze = 0
idinces = [11 16  1 10  3  9 14  5  4  7 13  2 17  6  0 12  8 15]
training loss = 1.65115225315094 500
training loss = 1.3527493476867676 1000
training loss = 1.333100438117981 1500
training loss = 1.3320658206939697 2000
reduced chi^2 level 2 = 1.3321934938430786
Constrained alpha: 2.2427384853363037
Constrained beta: 2.4243171215057373
Constrained gamma: 4.0113630294799805
>>>>>>> bf5bffb69ec4a318117f0a4aa6bdaab926d87e87
data before
[ 0.00000000e+00  0.00000000e+00  0.00000000e+00  0.00000000e+00
  0.00000000e+00  0.00000000e+00  0.00000000e+00  0.00000000e+00
  0.00000000e+00  0.00000000e+00  1.57987379e-05  5.14682362e-04
  1.84154837e-02  1.65006572e-01  4.48588995e-01  8.33724597e-01
  1.40485601e+00  2.30344220e+00  3.41574487e+00  5.33813734e+00
  8.23203178e+00  1.15458564e+01  1.73732476e+01  2.73518254e+01
  3.30603710e+01  3.64903974e+01  4.07562847e+01  4.46988924e+01
  4.86205403e+01  5.10510247e+01  5.12176075e+01  4.80502885e+01
  4.04096822e+01  2.97913085e+01  1.83611596e+01  8.61149765e+00
  2.89927416e+00  6.07930951e-01 -1.57518096e-04  0.00000000e+00
  0.00000000e+00]
5
data after
[22.16047832953023, 28.919104015315472, 27.35182536508143, 33.06037098303795, 36.49039740303755, 40.756284651001096, 44.69889244135171, 48.62054031611413, 51.05102471626371, 51.21760746579767, 48.050288544210794, 40.40968222465217, 29.79130853905678, 30.479704823745603]
9
data,sig_tot
[22.16047833 28.91910402 27.35182537 33.06037098 36.4903974  40.75628465
 44.69889244 48.62054032 51.05102472 51.21760747 48.05028854 40.40968222
 29.79130854 30.47970482 26.59158071 28.35208276 20.84283094 35.71267162]
[22.16047833 28.91910402 27.35182537 33.06037098 36.4903974  40.75628465
 44.69889244 48.62054032 51.05102472 51.21760747 48.05028854 40.40968222
 29.79130854 30.47970482 26.59158071 28.35208276 20.84283094 35.71267162]
<<<<<<< HEAD
0.4673018727932515 16.42211315673857 15.115201964256386
val isze = 0
idinces = [ 3  7 16  5  6  2 10 12  8 13 14 17 11  1  0 15  4  9]
training loss = 1.556212067604065 500
training loss = 0.6516799330711365 1000
reduced chi^2 level 2 = 0.6557419300079346
Constrained alpha: 2.1434195041656494
Constrained beta: 2.5640335083007812
Constrained gamma: 3.272284507751465
=======
pred
[tensor([26.3952, 28.5928, 18.0203, 24.8600, 46.5201, 23.0816, 36.8921, 59.8325,
        56.6879, 56.9863, 58.5468, 48.9470, 41.6783, 26.1537, 26.5296, 33.5992,
        22.6423, 36.4545])]
3.369226272491668 19.01630127646262 39.53772074522919
val isze = 0
idinces = [10  2 14 12  3 15  4 11  1  0 16  7  9  8  5  6 13 17]
training loss = 1.1944959163665771 500
reduced chi^2 level 2 = 1.1828765869140625
Constrained alpha: 2.2285478115081787
Constrained beta: 5.628814220428467
Constrained gamma: 21.501140594482422
>>>>>>> bf5bffb69ec4a318117f0a4aa6bdaab926d87e87
data before
[ 0.00000000e+00  0.00000000e+00  0.00000000e+00  0.00000000e+00
  0.00000000e+00  0.00000000e+00  0.00000000e+00  0.00000000e+00
  0.00000000e+00  0.00000000e+00  1.57987379e-05  5.14682362e-04
  1.84154837e-02  1.65006572e-01  4.48588995e-01  8.33724597e-01
  1.40485601e+00  2.30344220e+00  3.41574487e+00  5.33813734e+00
  8.23203178e+00  1.15458564e+01  1.73732476e+01  2.73518254e+01
  3.30603710e+01  3.64903974e+01  4.07562847e+01  4.46988924e+01
  4.86205403e+01  5.10510247e+01  5.12176075e+01  4.80502885e+01
  4.04096822e+01  2.97913085e+01  1.83611596e+01  8.61149765e+00
  2.89927416e+00  6.07930951e-01 -1.57518096e-04  0.00000000e+00
  0.00000000e+00]
5
data after
[22.16047832953023, 28.919104015315472, 27.35182536508143, 33.06037098303795, 36.49039740303755, 40.756284651001096, 44.69889244135171, 48.62054031611413, 51.05102471626371, 51.21760746579767, 48.050288544210794, 40.40968222465217, 29.79130853905678, 30.479704823745603]
9
data,sig_tot
[22.16047833 28.91910402 27.35182537 33.06037098 36.4903974  40.75628465
 44.69889244 48.62054032 51.05102472 51.21760747 48.05028854 40.40968222
 29.79130854 30.47970482 26.59158071 28.35208276 20.84283094 35.71267162]
[22.16047833 28.91910402 27.35182537 33.06037098 36.4903974  40.75628465
 44.69889244 48.62054032 51.05102472 51.21760747 48.05028854 40.40968222
 29.79130854 30.47970482 26.59158071 28.35208276 20.84283094 35.71267162]
<<<<<<< HEAD
0.4673018727932515 16.42211315673857 15.115201964256386
val isze = 0
idinces = [ 3  7 16  5  6  2 10 12  8 13 14 17 11  1  0 15  4  9]
training loss = 1.6208150386810303 500
training loss = 0.6525494456291199 1000
reduced chi^2 level 2 = 0.6558719277381897
Constrained alpha: 2.1429572105407715
Constrained beta: 2.5618035793304443
Constrained gamma: 3.256852149963379
=======
pred
[tensor([23.2733, 29.3532, 11.7082, 32.1881, 38.0505, 49.6265, 38.4768, 57.1247,
        53.9554, 67.4652, 54.6212, 53.6048, 44.2703, 22.7824, 19.3430, 23.7719,
        19.2419, 54.1784])]
4.511919016970366 11.863128280934614 19.677922888075038
val isze = 0
idinces = [ 5  3  8  4  6  0  1 15  7 14 13 11 16 10  9 17 12  2]
training loss = 37.36631393432617 500
training loss = 37.278968811035156 1000
training loss = 37.178199768066406 1500
training loss = 37.05094909667969 2000
training loss = 36.86271286010742 2500
training loss = 36.506465911865234 3000
training loss = 35.56383514404297 3500
training loss = 31.68778419494629 4000
training loss = 20.915409088134766 4500
training loss = 17.41745376586914 5000
>>>>>>> bf5bffb69ec4a318117f0a4aa6bdaab926d87e87
data before
[ 0.00000000e+00  0.00000000e+00  0.00000000e+00  0.00000000e+00
  0.00000000e+00  0.00000000e+00  0.00000000e+00  0.00000000e+00
  0.00000000e+00  0.00000000e+00  1.57987379e-05  5.14682362e-04
  1.84154837e-02  1.65006572e-01  4.48588995e-01  8.33724597e-01
  1.40485601e+00  2.30344220e+00  3.41574487e+00  5.33813734e+00
  8.23203178e+00  1.15458564e+01  1.73732476e+01  2.73518254e+01
  3.30603710e+01  3.64903974e+01  4.07562847e+01  4.46988924e+01
  4.86205403e+01  5.10510247e+01  5.12176075e+01  4.80502885e+01
  4.04096822e+01  2.97913085e+01  1.83611596e+01  8.61149765e+00
  2.89927416e+00  6.07930951e-01 -1.57518096e-04  0.00000000e+00
  0.00000000e+00]
5
data after
[22.16047832953023, 28.919104015315472, 27.35182536508143, 33.06037098303795, 36.49039740303755, 40.756284651001096, 44.69889244135171, 48.62054031611413, 51.05102471626371, 51.21760746579767, 48.050288544210794, 40.40968222465217, 29.79130853905678, 30.479704823745603]
9
data,sig_tot
[22.16047833 28.91910402 27.35182537 33.06037098 36.4903974  40.75628465
 44.69889244 48.62054032 51.05102472 51.21760747 48.05028854 40.40968222
 29.79130854 30.47970482 26.59158071 28.35208276 20.84283094 35.71267162]
[22.16047833 28.91910402 27.35182537 33.06037098 36.4903974  40.75628465
 44.69889244 48.62054032 51.05102472 51.21760747 48.05028854 40.40968222
 29.79130854 30.47970482 26.59158071 28.35208276 20.84283094 35.71267162]
<<<<<<< HEAD
0.4673018727932515 16.42211315673857 15.115201964256386
val isze = 0
idinces = [ 3  7 16  5  6  2 10 12  8 13 14 17 11  1  0 15  4  9]
training loss = 1.5578337907791138 500
training loss = 0.6517990827560425 1000
reduced chi^2 level 2 = 0.6558912992477417
Constrained alpha: 2.142899513244629
Constrained beta: 2.5634350776672363
Constrained gamma: 3.2924113273620605
=======
pred
[tensor([22.3812, 21.1575, 22.1514, 20.5087, 47.9439, 39.4452, 44.8159, 40.9294,
        53.6883, 62.0754, 49.2162, 48.0972, 37.9594, 36.8363, 24.0694, 24.2580,
        18.5036, 33.6284])]
2.501022436069953 13.968844620022487 63.95865259550344
val isze = 0
idinces = [ 0  9  7 17  3  6 15 14 12  8 16 11 10  2  4  5  1 13]
training loss = 0.77878737449646 500
training loss = 0.7196133732795715 1000
reduced chi^2 level 2 = 0.7245483994483948
Constrained alpha: 2.0288901329040527
Constrained beta: 3.535942316055298
Constrained gamma: 34.44917297363281
>>>>>>> bf5bffb69ec4a318117f0a4aa6bdaab926d87e87
data before
[ 0.00000000e+00  0.00000000e+00  0.00000000e+00  0.00000000e+00
  0.00000000e+00  0.00000000e+00  0.00000000e+00  0.00000000e+00
  0.00000000e+00  0.00000000e+00  1.57987379e-05  5.14682362e-04
  1.84154837e-02  1.65006572e-01  4.48588995e-01  8.33724597e-01
  1.40485601e+00  2.30344220e+00  3.41574487e+00  5.33813734e+00
  8.23203178e+00  1.15458564e+01  1.73732476e+01  2.73518254e+01
  3.30603710e+01  3.64903974e+01  4.07562847e+01  4.46988924e+01
  4.86205403e+01  5.10510247e+01  5.12176075e+01  4.80502885e+01
  4.04096822e+01  2.97913085e+01  1.83611596e+01  8.61149765e+00
  2.89927416e+00  6.07930951e-01 -1.57518096e-04  0.00000000e+00
  0.00000000e+00]
5
data after
[22.16047832953023, 28.919104015315472, 27.35182536508143, 33.06037098303795, 36.49039740303755, 40.756284651001096, 44.69889244135171, 48.62054031611413, 51.05102471626371, 51.21760746579767, 48.050288544210794, 40.40968222465217, 29.79130853905678, 30.479704823745603]
9
data,sig_tot
[22.16047833 28.91910402 27.35182537 33.06037098 36.4903974  40.75628465
 44.69889244 48.62054032 51.05102472 51.21760747 48.05028854 40.40968222
 29.79130854 30.47970482 26.59158071 28.35208276 20.84283094 35.71267162]
[22.16047833 28.91910402 27.35182537 33.06037098 36.4903974  40.75628465
 44.69889244 48.62054032 51.05102472 51.21760747 48.05028854 40.40968222
 29.79130854 30.47970482 26.59158071 28.35208276 20.84283094 35.71267162]
<<<<<<< HEAD
0.4673018727932515 16.42211315673857 15.115201964256386
val isze = 0
idinces = [ 3  7 16  5  6  2 10 12  8 13 14 17 11  1  0 15  4  9]
training loss = 1.5767422914505005 500
training loss = 0.6520249247550964 1000
reduced chi^2 level 2 = 0.6556799411773682
Constrained alpha: 2.1427161693573
Constrained beta: 2.5657989978790283
Constrained gamma: 3.3233065605163574
=======
pred
[tensor([28.6791, 37.3748, 27.3197, 23.4481, 41.6623, 42.3876, 48.3129, 47.6783,
        56.3210, 53.1557, 54.7083, 39.6700, 46.0374, 27.4547, 23.9778, 23.5103,
        32.4025, 44.3846])]
0.4361702672715473 17.754758056879023 43.14009289016182
val isze = 0
idinces = [ 8  3 15 12 14 13  0 10  9  2 17  7 11  4 16  1  6  5]
training loss = 2.6147778034210205 500
training loss = 1.3155577182769775 1000
reduced chi^2 level 2 = 1.287433385848999
Constrained alpha: 2.106147050857544
Constrained beta: 2.632443428039551
Constrained gamma: 10.790977478027344
>>>>>>> bf5bffb69ec4a318117f0a4aa6bdaab926d87e87
