data before
[ 0.00000000e+00  0.00000000e+00  0.00000000e+00  0.00000000e+00
  0.00000000e+00  0.00000000e+00  0.00000000e+00  0.00000000e+00
  0.00000000e+00  0.00000000e+00  1.57987379e-05  5.14682362e-04
  1.84154837e-02  1.65006572e-01  4.48588995e-01  8.33724597e-01
  1.40485601e+00  2.30344220e+00  3.41574487e+00  5.33813734e+00
  8.23203178e+00  1.15458564e+01  1.73732476e+01  2.73518254e+01
  3.30603710e+01  3.64903974e+01  4.07562847e+01  4.46988924e+01
  4.86205403e+01  5.10510247e+01  5.12176075e+01  4.80502885e+01
  4.04096822e+01  2.97913085e+01  1.83611596e+01  8.61149765e+00
  2.89927416e+00  6.07930951e-01 -1.57518096e-04  0.00000000e+00
  0.00000000e+00]
5
data after
[22.16047832953023, 28.919104015315472, 27.35182536508143, 33.06037098303795, 36.49039740303755, 40.756284651001096, 44.69889244135171, 48.62054031611413, 51.05102471626371, 51.21760746579767, 48.050288544210794, 40.40968222465217, 29.79130853905678, 30.479704823745603]
9
data,sig_tot
[22.16047833 28.91910402 27.35182537 33.06037098 36.4903974  40.75628465
 44.69889244 48.62054032 51.05102472 51.21760747 48.05028854 40.40968222
 29.79130854 30.47970482 26.59158071 28.35208276 20.84283094 35.71267162]
[22.16047833 28.91910402 27.35182537 33.06037098 36.4903974  40.75628465
 44.69889244 48.62054032 51.05102472 51.21760747 48.05028854 40.40968222
 29.79130854 30.47970482 26.59158071 28.35208276 20.84283094 35.71267162]
<<<<<<< HEAD
3.993142946226325 12.955730573214243 87.94305335357734
val isze = 0
idinces = [ 3  7 16  5  6  2 10 12  8 13 14 17 11  1  0 15  4  9]
=======
pred
[tensor([25.9397, 23.6083, 34.9505, 21.7013, 59.6088, 40.3392, 49.4295, 43.9805,
        46.2842, 56.7284, 49.2598, 52.2104, 38.2977, 37.0068, 17.7006, 25.3361,
        22.0151, 45.5862])]
4.026886013951247 0.6878941646363557 70.51118503173073
val isze = 0
idinces = [15 12  9  3 11  8  1 13  4  7 10  5 17 14 16  2  0  6]
training loss = 17.742599487304688 500
training loss = 12.67580509185791 1000
training loss = 3.2495644092559814 1500
training loss = 2.2090907096862793 2000
training loss = 1.951406717300415 2500
training loss = 1.8114904165267944 3000
training loss = 1.7325077056884766 3500
training loss = 1.6820064783096313 4000
training loss = 1.6448783874511719 4500
training loss = 1.6157505512237549 5000
reduced chi^2 level 2 = 1.6156991720199585
Constrained alpha: 3.645210027694702
Constrained beta: 0.9532642960548401
Constrained gamma: 63.31068801879883
>>>>>>> bf5bffb69ec4a318117f0a4aa6bdaab926d87e87
data before
[ 0.00000000e+00  0.00000000e+00  0.00000000e+00  0.00000000e+00
  0.00000000e+00  0.00000000e+00  0.00000000e+00  0.00000000e+00
  0.00000000e+00  0.00000000e+00  1.57987379e-05  5.14682362e-04
  1.84154837e-02  1.65006572e-01  4.48588995e-01  8.33724597e-01
  1.40485601e+00  2.30344220e+00  3.41574487e+00  5.33813734e+00
  8.23203178e+00  1.15458564e+01  1.73732476e+01  2.73518254e+01
  3.30603710e+01  3.64903974e+01  4.07562847e+01  4.46988924e+01
  4.86205403e+01  5.10510247e+01  5.12176075e+01  4.80502885e+01
  4.04096822e+01  2.97913085e+01  1.83611596e+01  8.61149765e+00
  2.89927416e+00  6.07930951e-01 -1.57518096e-04  0.00000000e+00
  0.00000000e+00]
5
data after
[22.16047832953023, 28.919104015315472, 27.35182536508143, 33.06037098303795, 36.49039740303755, 40.756284651001096, 44.69889244135171, 48.62054031611413, 51.05102471626371, 51.21760746579767, 48.050288544210794, 40.40968222465217, 29.79130853905678, 30.479704823745603]
9
data,sig_tot
[22.16047833 28.91910402 27.35182537 33.06037098 36.4903974  40.75628465
 44.69889244 48.62054032 51.05102472 51.21760747 48.05028854 40.40968222
 29.79130854 30.47970482 26.59158071 28.35208276 20.84283094 35.71267162]
[22.16047833 28.91910402 27.35182537 33.06037098 36.4903974  40.75628465
 44.69889244 48.62054032 51.05102472 51.21760747 48.05028854 40.40968222
 29.79130854 30.47970482 26.59158071 28.35208276 20.84283094 35.71267162]
<<<<<<< HEAD
0.4673018727932515 16.42211315673857 15.115201964256386
val isze = 0
idinces = [ 3  7 16  5  6  2 10 12  8 13 14 17 11  1  0 15  4  9]
training loss = 1.5523126125335693 500
training loss = 0.6520072817802429 1000
reduced chi^2 level 2 = 0.6560138463973999
Constrained alpha: 2.1430697441101074
Constrained beta: 2.5593433380126953
Constrained gamma: 3.2479312419891357
=======
pred
[tensor([21.2432, 28.1734, 24.3849, 27.8250, 41.8321, 42.7418, 50.3396, 54.8611,
        61.7088, 47.0392, 52.1068, 46.0132, 48.6858, 20.7182, 21.5622, 29.7440,
        24.5969, 41.4845])]
2.698240728231524 18.034380144866358 62.590887653226154
val isze = 0
idinces = [10 17  3  0 11 16  2  7  1 13  5 12  4  6  8  9 14 15]
training loss = 1.6402437686920166 500
training loss = 1.0054997205734253 1000
reduced chi^2 level 2 = 1.018312931060791
Constrained alpha: 1.6562875509262085
Constrained beta: 3.799285888671875
Constrained gamma: 31.034671783447266
>>>>>>> bf5bffb69ec4a318117f0a4aa6bdaab926d87e87
data before
[ 0.00000000e+00  0.00000000e+00  0.00000000e+00  0.00000000e+00
  0.00000000e+00  0.00000000e+00  0.00000000e+00  0.00000000e+00
  0.00000000e+00  0.00000000e+00  1.57987379e-05  5.14682362e-04
  1.84154837e-02  1.65006572e-01  4.48588995e-01  8.33724597e-01
  1.40485601e+00  2.30344220e+00  3.41574487e+00  5.33813734e+00
  8.23203178e+00  1.15458564e+01  1.73732476e+01  2.73518254e+01
  3.30603710e+01  3.64903974e+01  4.07562847e+01  4.46988924e+01
  4.86205403e+01  5.10510247e+01  5.12176075e+01  4.80502885e+01
  4.04096822e+01  2.97913085e+01  1.83611596e+01  8.61149765e+00
  2.89927416e+00  6.07930951e-01 -1.57518096e-04  0.00000000e+00
  0.00000000e+00]
5
data after
[22.16047832953023, 28.919104015315472, 27.35182536508143, 33.06037098303795, 36.49039740303755, 40.756284651001096, 44.69889244135171, 48.62054031611413, 51.05102471626371, 51.21760746579767, 48.050288544210794, 40.40968222465217, 29.79130853905678, 30.479704823745603]
9
data,sig_tot
[22.16047833 28.91910402 27.35182537 33.06037098 36.4903974  40.75628465
 44.69889244 48.62054032 51.05102472 51.21760747 48.05028854 40.40968222
 29.79130854 30.47970482 26.59158071 28.35208276 20.84283094 35.71267162]
[22.16047833 28.91910402 27.35182537 33.06037098 36.4903974  40.75628465
 44.69889244 48.62054032 51.05102472 51.21760747 48.05028854 40.40968222
 29.79130854 30.47970482 26.59158071 28.35208276 20.84283094 35.71267162]
<<<<<<< HEAD
0.4673018727932515 16.42211315673857 15.115201964256386
val isze = 0
idinces = [ 3  7 16  5  6  2 10 12  8 13 14 17 11  1  0 15  4  9]
training loss = 1.5275732278823853 500
training loss = 0.6517265439033508 1000
reduced chi^2 level 2 = 0.6558653712272644
Constrained alpha: 2.1440036296844482
Constrained beta: 2.562223434448242
Constrained gamma: 3.236574649810791
=======
pred
[tensor([17.6663, 29.5063, 27.2550, 36.0323, 46.3960, 38.6662, 26.0025, 49.5499,
        54.6771, 54.1106, 51.8320, 40.2504, 30.8123, 31.7181, 34.9405, 19.9288,
        25.1371, 40.9548])]
4.886542096927075 19.563173485266432 35.1494086874541
val isze = 0
idinces = [12  5  6  4  0 15 16 17 10 13  8  7  1 14 11  2  9  3]
training loss = 36.53333282470703 500
training loss = 34.24496841430664 1000
training loss = 33.880619049072266 1500
training loss = 33.67405319213867 2000
training loss = 33.41301727294922 2500
training loss = 33.08305740356445 3000
training loss = 32.74605941772461 3500
training loss = 32.49457550048828 4000
training loss = 32.34762191772461 4500
training loss = 32.2554931640625 5000
>>>>>>> bf5bffb69ec4a318117f0a4aa6bdaab926d87e87
data before
[ 0.00000000e+00  0.00000000e+00  0.00000000e+00  0.00000000e+00
  0.00000000e+00  0.00000000e+00  0.00000000e+00  0.00000000e+00
  0.00000000e+00  0.00000000e+00  1.57987379e-05  5.14682362e-04
  1.84154837e-02  1.65006572e-01  4.48588995e-01  8.33724597e-01
  1.40485601e+00  2.30344220e+00  3.41574487e+00  5.33813734e+00
  8.23203178e+00  1.15458564e+01  1.73732476e+01  2.73518254e+01
  3.30603710e+01  3.64903974e+01  4.07562847e+01  4.46988924e+01
  4.86205403e+01  5.10510247e+01  5.12176075e+01  4.80502885e+01
  4.04096822e+01  2.97913085e+01  1.83611596e+01  8.61149765e+00
  2.89927416e+00  6.07930951e-01 -1.57518096e-04  0.00000000e+00
  0.00000000e+00]
5
data after
[22.16047832953023, 28.919104015315472, 27.35182536508143, 33.06037098303795, 36.49039740303755, 40.756284651001096, 44.69889244135171, 48.62054031611413, 51.05102471626371, 51.21760746579767, 48.050288544210794, 40.40968222465217, 29.79130853905678, 30.479704823745603]
9
data,sig_tot
[22.16047833 28.91910402 27.35182537 33.06037098 36.4903974  40.75628465
 44.69889244 48.62054032 51.05102472 51.21760747 48.05028854 40.40968222
 29.79130854 30.47970482 26.59158071 28.35208276 20.84283094 35.71267162]
[22.16047833 28.91910402 27.35182537 33.06037098 36.4903974  40.75628465
 44.69889244 48.62054032 51.05102472 51.21760747 48.05028854 40.40968222
 29.79130854 30.47970482 26.59158071 28.35208276 20.84283094 35.71267162]
<<<<<<< HEAD
0.4673018727932515 16.42211315673857 15.115201964256386
val isze = 0
idinces = [ 3  7 16  5  6  2 10 12  8 13 14 17 11  1  0 15  4  9]
training loss = 1.5509960651397705 500
training loss = 0.6512276530265808 1000
reduced chi^2 level 2 = 0.6554241180419922
Constrained alpha: 2.1450366973876953
Constrained beta: 2.5697898864746094
Constrained gamma: 3.238234043121338
=======
pred
[tensor([29.1818, 23.8272, 31.2475, 25.5264, 47.8748, 27.3722, 33.4097, 57.2413,
        55.9093, 56.6106, 55.5243, 54.8765, 49.3984, 34.5306, 19.4747, 28.0691,
        18.3189, 38.1411])]
3.7845300291239847 5.060250670313775 94.01302919377873
val isze = 0
idinces = [13  0 14  6  2  8 11  5  7  3 10  9 17  4 12 16 15  1]
training loss = 25.991334915161133 500
training loss = 23.83962059020996 1000
training loss = 20.480693817138672 1500
training loss = 13.460587501525879 2000
training loss = 5.665186405181885 2500
training loss = 2.632567882537842 3000
training loss = 1.5006940364837646 3500
training loss = 1.2589176893234253 4000
training loss = 1.2360317707061768 4500
training loss = 1.233164668083191 5000
reduced chi^2 level 2 = 1.233165979385376
Constrained alpha: 3.4228157997131348
Constrained beta: 2.706258773803711
Constrained gamma: 81.34339904785156
>>>>>>> bf5bffb69ec4a318117f0a4aa6bdaab926d87e87
data before
[ 0.00000000e+00  0.00000000e+00  0.00000000e+00  0.00000000e+00
  0.00000000e+00  0.00000000e+00  0.00000000e+00  0.00000000e+00
  0.00000000e+00  0.00000000e+00  1.57987379e-05  5.14682362e-04
  1.84154837e-02  1.65006572e-01  4.48588995e-01  8.33724597e-01
  1.40485601e+00  2.30344220e+00  3.41574487e+00  5.33813734e+00
  8.23203178e+00  1.15458564e+01  1.73732476e+01  2.73518254e+01
  3.30603710e+01  3.64903974e+01  4.07562847e+01  4.46988924e+01
  4.86205403e+01  5.10510247e+01  5.12176075e+01  4.80502885e+01
  4.04096822e+01  2.97913085e+01  1.83611596e+01  8.61149765e+00
  2.89927416e+00  6.07930951e-01 -1.57518096e-04  0.00000000e+00
  0.00000000e+00]
5
data after
[22.16047832953023, 28.919104015315472, 27.35182536508143, 33.06037098303795, 36.49039740303755, 40.756284651001096, 44.69889244135171, 48.62054031611413, 51.05102471626371, 51.21760746579767, 48.050288544210794, 40.40968222465217, 29.79130853905678, 30.479704823745603]
9
data,sig_tot
[22.16047833 28.91910402 27.35182537 33.06037098 36.4903974  40.75628465
 44.69889244 48.62054032 51.05102472 51.21760747 48.05028854 40.40968222
 29.79130854 30.47970482 26.59158071 28.35208276 20.84283094 35.71267162]
[22.16047833 28.91910402 27.35182537 33.06037098 36.4903974  40.75628465
 44.69889244 48.62054032 51.05102472 51.21760747 48.05028854 40.40968222
 29.79130854 30.47970482 26.59158071 28.35208276 20.84283094 35.71267162]
<<<<<<< HEAD
0.4673018727932515 16.42211315673857 15.115201964256386
val isze = 0
idinces = [ 3  7 16  5  6  2 10 12  8 13 14 17 11  1  0 15  4  9]
training loss = 1.5754891633987427 500
training loss = 0.6523193120956421 1000
reduced chi^2 level 2 = 0.6559780240058899
Constrained alpha: 2.1420915126800537
Constrained beta: 2.561371326446533
Constrained gamma: 3.303626537322998
=======
pred
[tensor([25.5539, 26.3700, 25.1934, 29.9030, 34.4126, 28.7764, 44.5662, 47.5396,
        62.3334, 46.9937, 51.9933, 31.8495, 48.8970, 32.2441, 30.9982, 28.9983,
        22.9033, 38.1821])]
2.3266455988156927 7.582260542208834 92.1927690069684
val isze = 0
idinces = [ 8  5 17  2 11  3 16  9 13  4 10  6  7 15 14  1 12  0]
training loss = 1.1142042875289917 500
training loss = 1.1000508069992065 1000
training loss = 1.1804934740066528 1500
training loss = 1.0572030544281006 2000
training loss = 1.0375927686691284 2500
training loss = 1.046042561531067 3000
training loss = 1.0298945903778076 3500
reduced chi^2 level 2 = 1.0270951986312866
Constrained alpha: 2.869844675064087
Constrained beta: 3.0731961727142334
Constrained gamma: 13.767399787902832
>>>>>>> bf5bffb69ec4a318117f0a4aa6bdaab926d87e87
data before
[ 0.00000000e+00  0.00000000e+00  0.00000000e+00  0.00000000e+00
  0.00000000e+00  0.00000000e+00  0.00000000e+00  0.00000000e+00
  0.00000000e+00  0.00000000e+00  1.57987379e-05  5.14682362e-04
  1.84154837e-02  1.65006572e-01  4.48588995e-01  8.33724597e-01
  1.40485601e+00  2.30344220e+00  3.41574487e+00  5.33813734e+00
  8.23203178e+00  1.15458564e+01  1.73732476e+01  2.73518254e+01
  3.30603710e+01  3.64903974e+01  4.07562847e+01  4.46988924e+01
  4.86205403e+01  5.10510247e+01  5.12176075e+01  4.80502885e+01
  4.04096822e+01  2.97913085e+01  1.83611596e+01  8.61149765e+00
  2.89927416e+00  6.07930951e-01 -1.57518096e-04  0.00000000e+00
  0.00000000e+00]
5
data after
[22.16047832953023, 28.919104015315472, 27.35182536508143, 33.06037098303795, 36.49039740303755, 40.756284651001096, 44.69889244135171, 48.62054031611413, 51.05102471626371, 51.21760746579767, 48.050288544210794, 40.40968222465217, 29.79130853905678, 30.479704823745603]
9
data,sig_tot
[22.16047833 28.91910402 27.35182537 33.06037098 36.4903974  40.75628465
 44.69889244 48.62054032 51.05102472 51.21760747 48.05028854 40.40968222
 29.79130854 30.47970482 26.59158071 28.35208276 20.84283094 35.71267162]
[22.16047833 28.91910402 27.35182537 33.06037098 36.4903974  40.75628465
 44.69889244 48.62054032 51.05102472 51.21760747 48.05028854 40.40968222
 29.79130854 30.47970482 26.59158071 28.35208276 20.84283094 35.71267162]
<<<<<<< HEAD
0.4673018727932515 16.42211315673857 15.115201964256386
val isze = 0
idinces = [ 3  7 16  5  6  2 10 12  8 13 14 17 11  1  0 15  4  9]
training loss = 1.5813941955566406 500
training loss = 0.6514013409614563 1000
reduced chi^2 level 2 = 0.6556735634803772
Constrained alpha: 2.1424031257629395
Constrained beta: 2.569575309753418
Constrained gamma: 3.372795343399048
=======
pred
[tensor([24.4801, 27.1048, 14.6047, 30.7282, 34.1988, 47.3360, 33.1422, 44.6576,
        53.6224, 55.7221, 49.1960, 51.3985, 47.3436, 22.8550, 31.3281, 24.2832,
        21.3346, 46.0871])]
0.9944727549729876 9.216385138296195 83.15753822407638
val isze = 0
idinces = [14  2 17  5 13  3 12  6 15  0  9 16  7  1 11  8  4 10]
training loss = 1.8163793087005615 500
training loss = 1.6535232067108154 1000
training loss = 1.5120636224746704 1500
training loss = 1.1071943044662476 2000
training loss = 0.8716519474983215 2500
reduced chi^2 level 2 = 0.8749389052391052
Constrained alpha: 3.2086338996887207
Constrained beta: 4.774503231048584
Constrained gamma: 20.25223159790039
>>>>>>> bf5bffb69ec4a318117f0a4aa6bdaab926d87e87
data before
[ 0.00000000e+00  0.00000000e+00  0.00000000e+00  0.00000000e+00
  0.00000000e+00  0.00000000e+00  0.00000000e+00  0.00000000e+00
  0.00000000e+00  0.00000000e+00  1.57987379e-05  5.14682362e-04
  1.84154837e-02  1.65006572e-01  4.48588995e-01  8.33724597e-01
  1.40485601e+00  2.30344220e+00  3.41574487e+00  5.33813734e+00
  8.23203178e+00  1.15458564e+01  1.73732476e+01  2.73518254e+01
  3.30603710e+01  3.64903974e+01  4.07562847e+01  4.46988924e+01
  4.86205403e+01  5.10510247e+01  5.12176075e+01  4.80502885e+01
  4.04096822e+01  2.97913085e+01  1.83611596e+01  8.61149765e+00
  2.89927416e+00  6.07930951e-01 -1.57518096e-04  0.00000000e+00
  0.00000000e+00]
5
data after
[22.16047832953023, 28.919104015315472, 27.35182536508143, 33.06037098303795, 36.49039740303755, 40.756284651001096, 44.69889244135171, 48.62054031611413, 51.05102471626371, 51.21760746579767, 48.050288544210794, 40.40968222465217, 29.79130853905678, 30.479704823745603]
9
data,sig_tot
[22.16047833 28.91910402 27.35182537 33.06037098 36.4903974  40.75628465
 44.69889244 48.62054032 51.05102472 51.21760747 48.05028854 40.40968222
 29.79130854 30.47970482 26.59158071 28.35208276 20.84283094 35.71267162]
[22.16047833 28.91910402 27.35182537 33.06037098 36.4903974  40.75628465
 44.69889244 48.62054032 51.05102472 51.21760747 48.05028854 40.40968222
 29.79130854 30.47970482 26.59158071 28.35208276 20.84283094 35.71267162]
<<<<<<< HEAD
0.4673018727932515 16.42211315673857 15.115201964256386
val isze = 0
idinces = [ 3  7 16  5  6  2 10 12  8 13 14 17 11  1  0 15  4  9]
training loss = 1.591539978981018 500
training loss = 0.6520671844482422 1000
reduced chi^2 level 2 = 0.6559956073760986
Constrained alpha: 2.1434593200683594
Constrained beta: 2.5577218532562256
Constrained gamma: 3.209552049636841
=======
pred
[tensor([22.7879, 21.1412, 33.5073, 26.8038, 35.2770, 38.7054, 47.4998, 51.0760,
        49.3632, 63.2951, 54.6246, 44.2593, 43.2976, 37.3398, 22.8265, 26.2519,
        22.7902, 42.1180])]
1.2881530156055998 16.293140191119683 75.53176647162186
val isze = 0
idinces = [11  6 13 17  8  4  2 16  3  7  0  5 14 12 15 10  1  9]
training loss = 1.2309213876724243 500
training loss = 0.5022900700569153 1000
reduced chi^2 level 2 = 0.5119443535804749
Constrained alpha: 1.9336210489273071
Constrained beta: 2.949734926223755
Constrained gamma: 40.24856185913086
>>>>>>> bf5bffb69ec4a318117f0a4aa6bdaab926d87e87
data before
[ 0.00000000e+00  0.00000000e+00  0.00000000e+00  0.00000000e+00
  0.00000000e+00  0.00000000e+00  0.00000000e+00  0.00000000e+00
  0.00000000e+00  0.00000000e+00  1.57987379e-05  5.14682362e-04
  1.84154837e-02  1.65006572e-01  4.48588995e-01  8.33724597e-01
  1.40485601e+00  2.30344220e+00  3.41574487e+00  5.33813734e+00
  8.23203178e+00  1.15458564e+01  1.73732476e+01  2.73518254e+01
  3.30603710e+01  3.64903974e+01  4.07562847e+01  4.46988924e+01
  4.86205403e+01  5.10510247e+01  5.12176075e+01  4.80502885e+01
  4.04096822e+01  2.97913085e+01  1.83611596e+01  8.61149765e+00
  2.89927416e+00  6.07930951e-01 -1.57518096e-04  0.00000000e+00
  0.00000000e+00]
5
data after
[22.16047832953023, 28.919104015315472, 27.35182536508143, 33.06037098303795, 36.49039740303755, 40.756284651001096, 44.69889244135171, 48.62054031611413, 51.05102471626371, 51.21760746579767, 48.050288544210794, 40.40968222465217, 29.79130853905678, 30.479704823745603]
9
data,sig_tot
[22.16047833 28.91910402 27.35182537 33.06037098 36.4903974  40.75628465
 44.69889244 48.62054032 51.05102472 51.21760747 48.05028854 40.40968222
 29.79130854 30.47970482 26.59158071 28.35208276 20.84283094 35.71267162]
[22.16047833 28.91910402 27.35182537 33.06037098 36.4903974  40.75628465
 44.69889244 48.62054032 51.05102472 51.21760747 48.05028854 40.40968222
 29.79130854 30.47970482 26.59158071 28.35208276 20.84283094 35.71267162]
<<<<<<< HEAD
0.4673018727932515 16.42211315673857 15.115201964256386
val isze = 0
idinces = [ 3  7 16  5  6  2 10 12  8 13 14 17 11  1  0 15  4  9]
training loss = 1.5738263130187988 500
training loss = 0.6518529653549194 1000
reduced chi^2 level 2 = 0.6559193134307861
Constrained alpha: 2.1428966522216797
Constrained beta: 2.562378406524658
Constrained gamma: 3.2572572231292725
=======
pred
[tensor([22.8596, 27.3966, 30.3636, 31.8527, 47.1714, 38.4137, 37.7269, 48.3600,
        51.7091, 58.0992, 37.8085, 44.1317, 39.6662, 31.8392, 20.6442, 24.6782,
        28.9338, 41.6655])]
1.627829457277858 17.939129297182845 36.72037533857815
val isze = 0
idinces = [17 12 10 16  0  1 11  2 15  8  7 14  9  5  4  3 13  6]
training loss = 1.843190312385559 500
training loss = 0.8040808439254761 1000
reduced chi^2 level 2 = 0.8103943467140198
Constrained alpha: 2.141756296157837
Constrained beta: 2.4299020767211914
Constrained gamma: 7.993454456329346
>>>>>>> bf5bffb69ec4a318117f0a4aa6bdaab926d87e87
data before
[ 0.00000000e+00  0.00000000e+00  0.00000000e+00  0.00000000e+00
  0.00000000e+00  0.00000000e+00  0.00000000e+00  0.00000000e+00
  0.00000000e+00  0.00000000e+00  1.57987379e-05  5.14682362e-04
  1.84154837e-02  1.65006572e-01  4.48588995e-01  8.33724597e-01
  1.40485601e+00  2.30344220e+00  3.41574487e+00  5.33813734e+00
  8.23203178e+00  1.15458564e+01  1.73732476e+01  2.73518254e+01
  3.30603710e+01  3.64903974e+01  4.07562847e+01  4.46988924e+01
  4.86205403e+01  5.10510247e+01  5.12176075e+01  4.80502885e+01
  4.04096822e+01  2.97913085e+01  1.83611596e+01  8.61149765e+00
  2.89927416e+00  6.07930951e-01 -1.57518096e-04  0.00000000e+00
  0.00000000e+00]
5
data after
[22.16047832953023, 28.919104015315472, 27.35182536508143, 33.06037098303795, 36.49039740303755, 40.756284651001096, 44.69889244135171, 48.62054031611413, 51.05102471626371, 51.21760746579767, 48.050288544210794, 40.40968222465217, 29.79130853905678, 30.479704823745603]
9
data,sig_tot
[22.16047833 28.91910402 27.35182537 33.06037098 36.4903974  40.75628465
 44.69889244 48.62054032 51.05102472 51.21760747 48.05028854 40.40968222
 29.79130854 30.47970482 26.59158071 28.35208276 20.84283094 35.71267162]
[22.16047833 28.91910402 27.35182537 33.06037098 36.4903974  40.75628465
 44.69889244 48.62054032 51.05102472 51.21760747 48.05028854 40.40968222
 29.79130854 30.47970482 26.59158071 28.35208276 20.84283094 35.71267162]
<<<<<<< HEAD
0.4673018727932515 16.42211315673857 15.115201964256386
val isze = 0
idinces = [ 3  7 16  5  6  2 10 12  8 13 14 17 11  1  0 15  4  9]
training loss = 1.5788993835449219 500
training loss = 0.6525731086730957 1000
reduced chi^2 level 2 = 0.6562134623527527
Constrained alpha: 2.142259359359741
Constrained beta: 2.5556397438049316
Constrained gamma: 3.2365570068359375
=======
pred
[tensor([29.0456, 26.6362, 26.9035, 21.4051, 38.7523, 42.8930, 36.8765, 57.7523,
        44.5156, 48.1978, 38.3181, 51.3974, 43.0692, 21.9080, 23.5954, 21.6020,
        22.1718, 42.6958])]
0.965265352861801 6.6385686906493735 45.698154772266584
val isze = 0
idinces = [ 5  7 17  3  8  0 10 13 12  4 16  1 15 14  2 11  9  6]
training loss = 1.5569417476654053 500
training loss = 1.516834020614624 1000
reduced chi^2 level 2 = 1.5178314447402954
Constrained alpha: 2.07619309425354
Constrained beta: 2.6579341888427734
Constrained gamma: 18.94740867614746
>>>>>>> bf5bffb69ec4a318117f0a4aa6bdaab926d87e87
data before
[ 0.00000000e+00  0.00000000e+00  0.00000000e+00  0.00000000e+00
  0.00000000e+00  0.00000000e+00  0.00000000e+00  0.00000000e+00
  0.00000000e+00  0.00000000e+00  1.57987379e-05  5.14682362e-04
  1.84154837e-02  1.65006572e-01  4.48588995e-01  8.33724597e-01
  1.40485601e+00  2.30344220e+00  3.41574487e+00  5.33813734e+00
  8.23203178e+00  1.15458564e+01  1.73732476e+01  2.73518254e+01
  3.30603710e+01  3.64903974e+01  4.07562847e+01  4.46988924e+01
  4.86205403e+01  5.10510247e+01  5.12176075e+01  4.80502885e+01
  4.04096822e+01  2.97913085e+01  1.83611596e+01  8.61149765e+00
  2.89927416e+00  6.07930951e-01 -1.57518096e-04  0.00000000e+00
  0.00000000e+00]
5
data after
[22.16047832953023, 28.919104015315472, 27.35182536508143, 33.06037098303795, 36.49039740303755, 40.756284651001096, 44.69889244135171, 48.62054031611413, 51.05102471626371, 51.21760746579767, 48.050288544210794, 40.40968222465217, 29.79130853905678, 30.479704823745603]
9
data,sig_tot
[22.16047833 28.91910402 27.35182537 33.06037098 36.4903974  40.75628465
 44.69889244 48.62054032 51.05102472 51.21760747 48.05028854 40.40968222
 29.79130854 30.47970482 26.59158071 28.35208276 20.84283094 35.71267162]
[22.16047833 28.91910402 27.35182537 33.06037098 36.4903974  40.75628465
 44.69889244 48.62054032 51.05102472 51.21760747 48.05028854 40.40968222
 29.79130854 30.47970482 26.59158071 28.35208276 20.84283094 35.71267162]
<<<<<<< HEAD
0.4673018727932515 16.42211315673857 15.115201964256386
val isze = 0
idinces = [ 3  7 16  5  6  2 10 12  8 13 14 17 11  1  0 15  4  9]
training loss = 1.4989901781082153 500
training loss = 0.651703953742981 1000
reduced chi^2 level 2 = 0.6554403305053711
Constrained alpha: 2.145465135574341
Constrained beta: 2.5693893432617188
Constrained gamma: 3.1893959045410156
=======
pred
[tensor([20.3266, 32.0567, 22.1544, 22.9463, 48.1178, 37.3510, 38.5762, 41.4671,
        50.9881, 44.7804, 49.7992, 52.2131, 36.2721, 36.9582, 33.2015, 25.6715,
        22.1653, 39.3417])]
2.84305144855163 14.622839951706897 30.127672008414663
val isze = 0
idinces = [12 17 14 15  2 11  4  9  1  0 16  6  5  3  8 10  7 13]
training loss = 1.228951334953308 500
training loss = 0.7412034273147583 1000
reduced chi^2 level 2 = 0.7480140328407288
Constrained alpha: 2.762925863265991
Constrained beta: 2.9357504844665527
Constrained gamma: 6.241941928863525
>>>>>>> bf5bffb69ec4a318117f0a4aa6bdaab926d87e87
data before
[ 0.00000000e+00  0.00000000e+00  0.00000000e+00  0.00000000e+00
  0.00000000e+00  0.00000000e+00  0.00000000e+00  0.00000000e+00
  0.00000000e+00  0.00000000e+00  1.57987379e-05  5.14682362e-04
  1.84154837e-02  1.65006572e-01  4.48588995e-01  8.33724597e-01
  1.40485601e+00  2.30344220e+00  3.41574487e+00  5.33813734e+00
  8.23203178e+00  1.15458564e+01  1.73732476e+01  2.73518254e+01
  3.30603710e+01  3.64903974e+01  4.07562847e+01  4.46988924e+01
  4.86205403e+01  5.10510247e+01  5.12176075e+01  4.80502885e+01
  4.04096822e+01  2.97913085e+01  1.83611596e+01  8.61149765e+00
  2.89927416e+00  6.07930951e-01 -1.57518096e-04  0.00000000e+00
  0.00000000e+00]
5
data after
[22.16047832953023, 28.919104015315472, 27.35182536508143, 33.06037098303795, 36.49039740303755, 40.756284651001096, 44.69889244135171, 48.62054031611413, 51.05102471626371, 51.21760746579767, 48.050288544210794, 40.40968222465217, 29.79130853905678, 30.479704823745603]
9
data,sig_tot
[22.16047833 28.91910402 27.35182537 33.06037098 36.4903974  40.75628465
 44.69889244 48.62054032 51.05102472 51.21760747 48.05028854 40.40968222
 29.79130854 30.47970482 26.59158071 28.35208276 20.84283094 35.71267162]
[22.16047833 28.91910402 27.35182537 33.06037098 36.4903974  40.75628465
 44.69889244 48.62054032 51.05102472 51.21760747 48.05028854 40.40968222
 29.79130854 30.47970482 26.59158071 28.35208276 20.84283094 35.71267162]
<<<<<<< HEAD
0.4673018727932515 16.42211315673857 15.115201964256386
val isze = 0
idinces = [ 3  7 16  5  6  2 10 12  8 13 14 17 11  1  0 15  4  9]
training loss = 1.5682560205459595 500
training loss = 0.6517660617828369 1000
reduced chi^2 level 2 = 0.6558001637458801
Constrained alpha: 2.1434743404388428
Constrained beta: 2.5630929470062256
Constrained gamma: 3.2772741317749023
=======
pred
[tensor([31.8617, 29.3911, 18.2136, 33.1422, 47.7119, 46.2030, 39.6788, 41.2312,
        66.7374, 66.7321, 64.9609, 35.3187, 37.5635, 21.0605, 25.5770, 18.8544,
        29.1855, 55.9163])]
1.9382923321411294 5.281013790641302 73.81251251397761
val isze = 0
idinces = [11  7  0 13  9  4 10  6 16 15 12  8 14  5  2  1  3 17]
training loss = 1.933513879776001 500
reduced chi^2 level 2 = 1.9353324174880981
Constrained alpha: 1.8085858821868896
Constrained beta: 3.634673595428467
Constrained gamma: 50.0560302734375
>>>>>>> bf5bffb69ec4a318117f0a4aa6bdaab926d87e87
data before
[ 0.00000000e+00  0.00000000e+00  0.00000000e+00  0.00000000e+00
  0.00000000e+00  0.00000000e+00  0.00000000e+00  0.00000000e+00
  0.00000000e+00  0.00000000e+00  1.57987379e-05  5.14682362e-04
  1.84154837e-02  1.65006572e-01  4.48588995e-01  8.33724597e-01
  1.40485601e+00  2.30344220e+00  3.41574487e+00  5.33813734e+00
  8.23203178e+00  1.15458564e+01  1.73732476e+01  2.73518254e+01
  3.30603710e+01  3.64903974e+01  4.07562847e+01  4.46988924e+01
  4.86205403e+01  5.10510247e+01  5.12176075e+01  4.80502885e+01
  4.04096822e+01  2.97913085e+01  1.83611596e+01  8.61149765e+00
  2.89927416e+00  6.07930951e-01 -1.57518096e-04  0.00000000e+00
  0.00000000e+00]
5
data after
[22.16047832953023, 28.919104015315472, 27.35182536508143, 33.06037098303795, 36.49039740303755, 40.756284651001096, 44.69889244135171, 48.62054031611413, 51.05102471626371, 51.21760746579767, 48.050288544210794, 40.40968222465217, 29.79130853905678, 30.479704823745603]
9
data,sig_tot
[22.16047833 28.91910402 27.35182537 33.06037098 36.4903974  40.75628465
 44.69889244 48.62054032 51.05102472 51.21760747 48.05028854 40.40968222
 29.79130854 30.47970482 26.59158071 28.35208276 20.84283094 35.71267162]
[22.16047833 28.91910402 27.35182537 33.06037098 36.4903974  40.75628465
 44.69889244 48.62054032 51.05102472 51.21760747 48.05028854 40.40968222
 29.79130854 30.47970482 26.59158071 28.35208276 20.84283094 35.71267162]
<<<<<<< HEAD
0.4673018727932515 16.42211315673857 15.115201964256386
val isze = 0
idinces = [ 3  7 16  5  6  2 10 12  8 13 14 17 11  1  0 15  4  9]
training loss = 1.5642147064208984 500
training loss = 0.6521918773651123 1000
reduced chi^2 level 2 = 0.6561053395271301
Constrained alpha: 2.1426665782928467
Constrained beta: 2.5586276054382324
Constrained gamma: 3.2940542697906494
=======
pred
[tensor([28.5955, 26.3048, 29.8331, 28.4744, 38.2809, 54.8135, 49.5336, 48.8552,
        52.6852, 48.4655, 58.6651, 38.5166, 40.6869, 23.8377, 13.8307, 29.8353,
        24.0032, 50.8328])]
2.4438668302219773 17.349439114993395 62.05251112741652
val isze = 0
idinces = [ 3 12  7  8  2 11 15 16  0 17  9  1 10  5 14  4  6 13]
training loss = 1.7533007860183716 500
training loss = 0.8907515406608582 1000
reduced chi^2 level 2 = 0.8961158394813538
Constrained alpha: 2.0101687908172607
Constrained beta: 3.4782495498657227
Constrained gamma: 28.30313491821289
>>>>>>> bf5bffb69ec4a318117f0a4aa6bdaab926d87e87
data before
[ 0.00000000e+00  0.00000000e+00  0.00000000e+00  0.00000000e+00
  0.00000000e+00  0.00000000e+00  0.00000000e+00  0.00000000e+00
  0.00000000e+00  0.00000000e+00  1.57987379e-05  5.14682362e-04
  1.84154837e-02  1.65006572e-01  4.48588995e-01  8.33724597e-01
  1.40485601e+00  2.30344220e+00  3.41574487e+00  5.33813734e+00
  8.23203178e+00  1.15458564e+01  1.73732476e+01  2.73518254e+01
  3.30603710e+01  3.64903974e+01  4.07562847e+01  4.46988924e+01
  4.86205403e+01  5.10510247e+01  5.12176075e+01  4.80502885e+01
  4.04096822e+01  2.97913085e+01  1.83611596e+01  8.61149765e+00
  2.89927416e+00  6.07930951e-01 -1.57518096e-04  0.00000000e+00
  0.00000000e+00]
5
data after
[22.16047832953023, 28.919104015315472, 27.35182536508143, 33.06037098303795, 36.49039740303755, 40.756284651001096, 44.69889244135171, 48.62054031611413, 51.05102471626371, 51.21760746579767, 48.050288544210794, 40.40968222465217, 29.79130853905678, 30.479704823745603]
9
data,sig_tot
[22.16047833 28.91910402 27.35182537 33.06037098 36.4903974  40.75628465
 44.69889244 48.62054032 51.05102472 51.21760747 48.05028854 40.40968222
 29.79130854 30.47970482 26.59158071 28.35208276 20.84283094 35.71267162]
[22.16047833 28.91910402 27.35182537 33.06037098 36.4903974  40.75628465
 44.69889244 48.62054032 51.05102472 51.21760747 48.05028854 40.40968222
 29.79130854 30.47970482 26.59158071 28.35208276 20.84283094 35.71267162]
<<<<<<< HEAD
0.4673018727932515 16.42211315673857 15.115201964256386
val isze = 0
idinces = [ 3  7 16  5  6  2 10 12  8 13 14 17 11  1  0 15  4  9]
training loss = 1.6537622213363647 500
training loss = 0.6552245616912842 1000
reduced chi^2 level 2 = 0.6564130783081055
Constrained alpha: 2.1417617797851562
Constrained beta: 2.5477824211120605
Constrained gamma: 3.181303024291992
=======
pred
[tensor([27.7722, 27.4342, 32.2298, 30.7946, 56.6959, 39.3650, 47.6751, 49.8398,
        61.9519, 65.8792, 63.0495, 39.5816, 45.4003, 24.8166, 25.9299, 25.2495,
        30.9566, 46.3619])]
3.980166032992547 8.335472149000125 19.460976645357885
val isze = 0
idinces = [ 1 16 14  7 12 10  6  8  9  4 17  0 13  3  2  5 11 15]
training loss = 33.1068115234375 500
training loss = 30.17683982849121 1000
training loss = 20.90225601196289 1500
training loss = 3.755692720413208 2000
training loss = 3.2785098552703857 2500
training loss = 2.8690216541290283 3000
training loss = 2.4933276176452637 3500
training loss = 2.143249034881592 4000
training loss = 1.8383690118789673 4500
training loss = 1.628395915031433 5000
reduced chi^2 level 2 = 1.6280885934829712
Constrained alpha: 2.163520574569702
Constrained beta: 2.601762533187866
Constrained gamma: 13.93420124053955
>>>>>>> bf5bffb69ec4a318117f0a4aa6bdaab926d87e87
data before
[ 0.00000000e+00  0.00000000e+00  0.00000000e+00  0.00000000e+00
  0.00000000e+00  0.00000000e+00  0.00000000e+00  0.00000000e+00
  0.00000000e+00  0.00000000e+00  1.57987379e-05  5.14682362e-04
  1.84154837e-02  1.65006572e-01  4.48588995e-01  8.33724597e-01
  1.40485601e+00  2.30344220e+00  3.41574487e+00  5.33813734e+00
  8.23203178e+00  1.15458564e+01  1.73732476e+01  2.73518254e+01
  3.30603710e+01  3.64903974e+01  4.07562847e+01  4.46988924e+01
  4.86205403e+01  5.10510247e+01  5.12176075e+01  4.80502885e+01
  4.04096822e+01  2.97913085e+01  1.83611596e+01  8.61149765e+00
  2.89927416e+00  6.07930951e-01 -1.57518096e-04  0.00000000e+00
  0.00000000e+00]
5
data after
[22.16047832953023, 28.919104015315472, 27.35182536508143, 33.06037098303795, 36.49039740303755, 40.756284651001096, 44.69889244135171, 48.62054031611413, 51.05102471626371, 51.21760746579767, 48.050288544210794, 40.40968222465217, 29.79130853905678, 30.479704823745603]
9
data,sig_tot
[22.16047833 28.91910402 27.35182537 33.06037098 36.4903974  40.75628465
 44.69889244 48.62054032 51.05102472 51.21760747 48.05028854 40.40968222
 29.79130854 30.47970482 26.59158071 28.35208276 20.84283094 35.71267162]
[22.16047833 28.91910402 27.35182537 33.06037098 36.4903974  40.75628465
 44.69889244 48.62054032 51.05102472 51.21760747 48.05028854 40.40968222
 29.79130854 30.47970482 26.59158071 28.35208276 20.84283094 35.71267162]
<<<<<<< HEAD
0.4673018727932515 16.42211315673857 15.115201964256386
val isze = 0
idinces = [ 3  7 16  5  6  2 10 12  8 13 14 17 11  1  0 15  4  9]
training loss = 1.5166929960250854 500
training loss = 0.6511711478233337 1000
reduced chi^2 level 2 = 0.6553844809532166
Constrained alpha: 2.144249439239502
Constrained beta: 2.5717673301696777
Constrained gamma: 3.293954372406006
=======
pred
[tensor([18.6663, 43.7363, 20.1526, 25.6082, 47.1825, 44.6740, 34.0374, 47.5614,
        56.8870, 46.6968, 44.6649, 40.7447, 44.7767, 21.6218, 23.8432, 35.8171,
        27.3767, 48.2519])]
4.505012287140026 17.42128462286304 2.6763283670811266
val isze = 0
idinces = [ 6  2  8 12 13  3 14  9  4  1 17 16 15 11  0  7  5 10]
training loss = 34.40864562988281 500
training loss = 33.56231689453125 1000
training loss = 31.821908950805664 1500
training loss = 3.4904582500457764 2000
training loss = 1.8008641004562378 2500
training loss = 1.7784156799316406 3000
reduced chi^2 level 2 = 1.7791123390197754
Constrained alpha: 3.172067642211914
Constrained beta: 3.2418413162231445
Constrained gamma: 2.5410940647125244
>>>>>>> bf5bffb69ec4a318117f0a4aa6bdaab926d87e87
data before
[ 0.00000000e+00  0.00000000e+00  0.00000000e+00  0.00000000e+00
  0.00000000e+00  0.00000000e+00  0.00000000e+00  0.00000000e+00
  0.00000000e+00  0.00000000e+00  1.57987379e-05  5.14682362e-04
  1.84154837e-02  1.65006572e-01  4.48588995e-01  8.33724597e-01
  1.40485601e+00  2.30344220e+00  3.41574487e+00  5.33813734e+00
  8.23203178e+00  1.15458564e+01  1.73732476e+01  2.73518254e+01
  3.30603710e+01  3.64903974e+01  4.07562847e+01  4.46988924e+01
  4.86205403e+01  5.10510247e+01  5.12176075e+01  4.80502885e+01
  4.04096822e+01  2.97913085e+01  1.83611596e+01  8.61149765e+00
  2.89927416e+00  6.07930951e-01 -1.57518096e-04  0.00000000e+00
  0.00000000e+00]
5
data after
[22.16047832953023, 28.919104015315472, 27.35182536508143, 33.06037098303795, 36.49039740303755, 40.756284651001096, 44.69889244135171, 48.62054031611413, 51.05102471626371, 51.21760746579767, 48.050288544210794, 40.40968222465217, 29.79130853905678, 30.479704823745603]
9
data,sig_tot
[22.16047833 28.91910402 27.35182537 33.06037098 36.4903974  40.75628465
 44.69889244 48.62054032 51.05102472 51.21760747 48.05028854 40.40968222
 29.79130854 30.47970482 26.59158071 28.35208276 20.84283094 35.71267162]
[22.16047833 28.91910402 27.35182537 33.06037098 36.4903974  40.75628465
 44.69889244 48.62054032 51.05102472 51.21760747 48.05028854 40.40968222
 29.79130854 30.47970482 26.59158071 28.35208276 20.84283094 35.71267162]
<<<<<<< HEAD
0.4673018727932515 16.42211315673857 15.115201964256386
val isze = 0
idinces = [ 3  7 16  5  6  2 10 12  8 13 14 17 11  1  0 15  4  9]
training loss = 1.5950435400009155 500
training loss = 0.6522322297096252 1000
reduced chi^2 level 2 = 0.6559101343154907
Constrained alpha: 2.1421120166778564
Constrained beta: 2.5626742839813232
Constrained gamma: 3.3025639057159424
=======
pred
[tensor([26.2373, 26.6541, 35.1582, 26.0541, 39.3077, 35.8435, 46.4098, 56.5191,
        63.0571, 51.2240, 53.4991, 37.3880, 42.6993, 31.6894, 22.5234, 22.4447,
        27.3324, 42.3231])]
1.7483191628301213 5.7673022000954255 16.1844527644182
val isze = 0
idinces = [12  1  2  7  0 16  5 10  3 15 13 14  4  9  8 17 11  6]
training loss = 0.8741790056228638 500
reduced chi^2 level 2 = 0.881083071231842
Constrained alpha: 2.055457353591919
Constrained beta: 2.6792259216308594
Constrained gamma: 6.78705358505249
>>>>>>> bf5bffb69ec4a318117f0a4aa6bdaab926d87e87
data before
[ 0.00000000e+00  0.00000000e+00  0.00000000e+00  0.00000000e+00
  0.00000000e+00  0.00000000e+00  0.00000000e+00  0.00000000e+00
  0.00000000e+00  0.00000000e+00  1.57987379e-05  5.14682362e-04
  1.84154837e-02  1.65006572e-01  4.48588995e-01  8.33724597e-01
  1.40485601e+00  2.30344220e+00  3.41574487e+00  5.33813734e+00
  8.23203178e+00  1.15458564e+01  1.73732476e+01  2.73518254e+01
  3.30603710e+01  3.64903974e+01  4.07562847e+01  4.46988924e+01
  4.86205403e+01  5.10510247e+01  5.12176075e+01  4.80502885e+01
  4.04096822e+01  2.97913085e+01  1.83611596e+01  8.61149765e+00
  2.89927416e+00  6.07930951e-01 -1.57518096e-04  0.00000000e+00
  0.00000000e+00]
5
data after
[22.16047832953023, 28.919104015315472, 27.35182536508143, 33.06037098303795, 36.49039740303755, 40.756284651001096, 44.69889244135171, 48.62054031611413, 51.05102471626371, 51.21760746579767, 48.050288544210794, 40.40968222465217, 29.79130853905678, 30.479704823745603]
9
data,sig_tot
[22.16047833 28.91910402 27.35182537 33.06037098 36.4903974  40.75628465
 44.69889244 48.62054032 51.05102472 51.21760747 48.05028854 40.40968222
 29.79130854 30.47970482 26.59158071 28.35208276 20.84283094 35.71267162]
[22.16047833 28.91910402 27.35182537 33.06037098 36.4903974  40.75628465
 44.69889244 48.62054032 51.05102472 51.21760747 48.05028854 40.40968222
 29.79130854 30.47970482 26.59158071 28.35208276 20.84283094 35.71267162]
<<<<<<< HEAD
0.4673018727932515 16.42211315673857 15.115201964256386
val isze = 0
idinces = [ 3  7 16  5  6  2 10 12  8 13 14 17 11  1  0 15  4  9]
training loss = 1.56674063205719 500
training loss = 0.6521704196929932 1000
reduced chi^2 level 2 = 0.6560302376747131
Constrained alpha: 2.142874002456665
Constrained beta: 2.5577340126037598
Constrained gamma: 3.26318097114563
=======
pred
[tensor([31.0196, 30.2589, 22.4624, 42.1265, 44.4874, 41.2956, 42.3043, 34.4213,
        61.9856, 54.4303, 50.6419, 43.9001, 37.6355, 28.6378, 19.8909, 24.7925,
        23.7675, 38.7823])]
1.918883505758568 13.413434988320747 98.34256527185397
val isze = 0
idinces = [14 12 15  0  9  8 10 16  6 17  3  7 13  2  1  4 11  5]
training loss = 0.8467503786087036 500
training loss = 0.7162689566612244 1000
training loss = 0.7060442566871643 1500
reduced chi^2 level 2 = 0.7088727951049805
Constrained alpha: 2.449796676635742
Constrained beta: 4.626660346984863
Constrained gamma: 51.24759292602539
>>>>>>> bf5bffb69ec4a318117f0a4aa6bdaab926d87e87
data before
[ 0.00000000e+00  0.00000000e+00  0.00000000e+00  0.00000000e+00
  0.00000000e+00  0.00000000e+00  0.00000000e+00  0.00000000e+00
  0.00000000e+00  0.00000000e+00  1.57987379e-05  5.14682362e-04
  1.84154837e-02  1.65006572e-01  4.48588995e-01  8.33724597e-01
  1.40485601e+00  2.30344220e+00  3.41574487e+00  5.33813734e+00
  8.23203178e+00  1.15458564e+01  1.73732476e+01  2.73518254e+01
  3.30603710e+01  3.64903974e+01  4.07562847e+01  4.46988924e+01
  4.86205403e+01  5.10510247e+01  5.12176075e+01  4.80502885e+01
  4.04096822e+01  2.97913085e+01  1.83611596e+01  8.61149765e+00
  2.89927416e+00  6.07930951e-01 -1.57518096e-04  0.00000000e+00
  0.00000000e+00]
5
data after
[22.16047832953023, 28.919104015315472, 27.35182536508143, 33.06037098303795, 36.49039740303755, 40.756284651001096, 44.69889244135171, 48.62054031611413, 51.05102471626371, 51.21760746579767, 48.050288544210794, 40.40968222465217, 29.79130853905678, 30.479704823745603]
9
data,sig_tot
[22.16047833 28.91910402 27.35182537 33.06037098 36.4903974  40.75628465
 44.69889244 48.62054032 51.05102472 51.21760747 48.05028854 40.40968222
 29.79130854 30.47970482 26.59158071 28.35208276 20.84283094 35.71267162]
[22.16047833 28.91910402 27.35182537 33.06037098 36.4903974  40.75628465
 44.69889244 48.62054032 51.05102472 51.21760747 48.05028854 40.40968222
 29.79130854 30.47970482 26.59158071 28.35208276 20.84283094 35.71267162]
<<<<<<< HEAD
0.4673018727932515 16.42211315673857 15.115201964256386
val isze = 0
idinces = [ 3  7 16  5  6  2 10 12  8 13 14 17 11  1  0 15  4  9]
training loss = 1.5433180332183838 500
training loss = 0.6515968441963196 1000
reduced chi^2 level 2 = 0.655687153339386
Constrained alpha: 2.1446001529693604
Constrained beta: 2.5657553672790527
Constrained gamma: 3.1886837482452393
=======
pred
[tensor([26.5654, 28.4517, 25.1769, 41.8403, 47.6497, 28.0322, 46.5491, 34.6536,
        48.5632, 64.1686, 53.2204, 40.2742, 46.0916, 26.7065, 22.2299, 26.9695,
        26.5954, 42.7178])]
0.0915158888242168 18.75289650817043 23.887648193932932
val isze = 0
idinces = [12 14  3  7  2 11 10 16 17  1  8  5  0  4 13  6 15  9]
training loss = 3.000962257385254 500
training loss = 1.708603024482727 1000
reduced chi^2 level 2 = 1.7072540521621704
Constrained alpha: 2.1546578407287598
Constrained beta: 2.5935280323028564
Constrained gamma: 2.996037721633911
>>>>>>> bf5bffb69ec4a318117f0a4aa6bdaab926d87e87
data before
[ 0.00000000e+00  0.00000000e+00  0.00000000e+00  0.00000000e+00
  0.00000000e+00  0.00000000e+00  0.00000000e+00  0.00000000e+00
  0.00000000e+00  0.00000000e+00  1.57987379e-05  5.14682362e-04
  1.84154837e-02  1.65006572e-01  4.48588995e-01  8.33724597e-01
  1.40485601e+00  2.30344220e+00  3.41574487e+00  5.33813734e+00
  8.23203178e+00  1.15458564e+01  1.73732476e+01  2.73518254e+01
  3.30603710e+01  3.64903974e+01  4.07562847e+01  4.46988924e+01
  4.86205403e+01  5.10510247e+01  5.12176075e+01  4.80502885e+01
  4.04096822e+01  2.97913085e+01  1.83611596e+01  8.61149765e+00
  2.89927416e+00  6.07930951e-01 -1.57518096e-04  0.00000000e+00
  0.00000000e+00]
5
data after
[22.16047832953023, 28.919104015315472, 27.35182536508143, 33.06037098303795, 36.49039740303755, 40.756284651001096, 44.69889244135171, 48.62054031611413, 51.05102471626371, 51.21760746579767, 48.050288544210794, 40.40968222465217, 29.79130853905678, 30.479704823745603]
9
data,sig_tot
[22.16047833 28.91910402 27.35182537 33.06037098 36.4903974  40.75628465
 44.69889244 48.62054032 51.05102472 51.21760747 48.05028854 40.40968222
 29.79130854 30.47970482 26.59158071 28.35208276 20.84283094 35.71267162]
[22.16047833 28.91910402 27.35182537 33.06037098 36.4903974  40.75628465
 44.69889244 48.62054032 51.05102472 51.21760747 48.05028854 40.40968222
 29.79130854 30.47970482 26.59158071 28.35208276 20.84283094 35.71267162]
<<<<<<< HEAD
0.4673018727932515 16.42211315673857 15.115201964256386
val isze = 0
idinces = [ 3  7 16  5  6  2 10 12  8 13 14 17 11  1  0 15  4  9]
training loss = 1.61650812625885 500
training loss = 0.6523141860961914 1000
reduced chi^2 level 2 = 0.6558670401573181
Constrained alpha: 2.144113540649414
Constrained beta: 2.5614700317382812
Constrained gamma: 3.230715751647949
=======
pred
[tensor([20.1186, 27.2229, 28.8883, 31.1591, 35.6490, 33.3864, 38.8516, 37.2167,
        45.4823, 59.1960, 45.5438, 44.3593, 45.3698, 23.3595, 30.0262, 22.7858,
        21.9970, 46.4790])]
2.374178032781267 14.515681014757636 34.33022407734693
val isze = 0
idinces = [ 1 13  3 15  0 17 16  6  5  9 12  7 11  2 14  4  8 10]
training loss = 0.5550792813301086 500
reduced chi^2 level 2 = 0.5884292721748352
Constrained alpha: 2.2621026039123535
Constrained beta: 5.8578782081604
Constrained gamma: 15.902475357055664
>>>>>>> bf5bffb69ec4a318117f0a4aa6bdaab926d87e87
data before
[ 0.00000000e+00  0.00000000e+00  0.00000000e+00  0.00000000e+00
  0.00000000e+00  0.00000000e+00  0.00000000e+00  0.00000000e+00
  0.00000000e+00  0.00000000e+00  1.57987379e-05  5.14682362e-04
  1.84154837e-02  1.65006572e-01  4.48588995e-01  8.33724597e-01
  1.40485601e+00  2.30344220e+00  3.41574487e+00  5.33813734e+00
  8.23203178e+00  1.15458564e+01  1.73732476e+01  2.73518254e+01
  3.30603710e+01  3.64903974e+01  4.07562847e+01  4.46988924e+01
  4.86205403e+01  5.10510247e+01  5.12176075e+01  4.80502885e+01
  4.04096822e+01  2.97913085e+01  1.83611596e+01  8.61149765e+00
  2.89927416e+00  6.07930951e-01 -1.57518096e-04  0.00000000e+00
  0.00000000e+00]
5
data after
[22.16047832953023, 28.919104015315472, 27.35182536508143, 33.06037098303795, 36.49039740303755, 40.756284651001096, 44.69889244135171, 48.62054031611413, 51.05102471626371, 51.21760746579767, 48.050288544210794, 40.40968222465217, 29.79130853905678, 30.479704823745603]
9
data,sig_tot
[22.16047833 28.91910402 27.35182537 33.06037098 36.4903974  40.75628465
 44.69889244 48.62054032 51.05102472 51.21760747 48.05028854 40.40968222
 29.79130854 30.47970482 26.59158071 28.35208276 20.84283094 35.71267162]
[22.16047833 28.91910402 27.35182537 33.06037098 36.4903974  40.75628465
 44.69889244 48.62054032 51.05102472 51.21760747 48.05028854 40.40968222
 29.79130854 30.47970482 26.59158071 28.35208276 20.84283094 35.71267162]
<<<<<<< HEAD
0.4673018727932515 16.42211315673857 15.115201964256386
val isze = 0
idinces = [ 3  7 16  5  6  2 10 12  8 13 14 17 11  1  0 15  4  9]
training loss = 1.5511070489883423 500
training loss = 0.6515803337097168 1000
reduced chi^2 level 2 = 0.6556461453437805
Constrained alpha: 2.14306640625
Constrained beta: 2.566783905029297
Constrained gamma: 3.3200836181640625
=======
pred
[tensor([27.1484, 29.8247, 26.0765, 27.5927, 51.0816, 54.3668, 40.1855, 35.6950,
        53.8778, 39.3055, 48.3706, 40.2342, 41.3467, 36.8547, 22.3594, 25.4726,
        26.4874, 41.4215])]
0.47368222835936336 17.253966362108798 5.69771665767661
val isze = 0
idinces = [12  8 14  3  9  0 11  5 13 17  2  6  1  7  4 15 16 10]
training loss = 2.533979654312134 500
training loss = 1.269505262374878 1000
reduced chi^2 level 2 = 1.2723444700241089
Constrained alpha: 2.4281747341156006
Constrained beta: 1.7314091920852661
Constrained gamma: 2.9033539295196533
>>>>>>> bf5bffb69ec4a318117f0a4aa6bdaab926d87e87
data before
[ 0.00000000e+00  0.00000000e+00  0.00000000e+00  0.00000000e+00
  0.00000000e+00  0.00000000e+00  0.00000000e+00  0.00000000e+00
  0.00000000e+00  0.00000000e+00  1.57987379e-05  5.14682362e-04
  1.84154837e-02  1.65006572e-01  4.48588995e-01  8.33724597e-01
  1.40485601e+00  2.30344220e+00  3.41574487e+00  5.33813734e+00
  8.23203178e+00  1.15458564e+01  1.73732476e+01  2.73518254e+01
  3.30603710e+01  3.64903974e+01  4.07562847e+01  4.46988924e+01
  4.86205403e+01  5.10510247e+01  5.12176075e+01  4.80502885e+01
  4.04096822e+01  2.97913085e+01  1.83611596e+01  8.61149765e+00
  2.89927416e+00  6.07930951e-01 -1.57518096e-04  0.00000000e+00
  0.00000000e+00]
5
data after
[22.16047832953023, 28.919104015315472, 27.35182536508143, 33.06037098303795, 36.49039740303755, 40.756284651001096, 44.69889244135171, 48.62054031611413, 51.05102471626371, 51.21760746579767, 48.050288544210794, 40.40968222465217, 29.79130853905678, 30.479704823745603]
9
data,sig_tot
[22.16047833 28.91910402 27.35182537 33.06037098 36.4903974  40.75628465
 44.69889244 48.62054032 51.05102472 51.21760747 48.05028854 40.40968222
 29.79130854 30.47970482 26.59158071 28.35208276 20.84283094 35.71267162]
[22.16047833 28.91910402 27.35182537 33.06037098 36.4903974  40.75628465
 44.69889244 48.62054032 51.05102472 51.21760747 48.05028854 40.40968222
 29.79130854 30.47970482 26.59158071 28.35208276 20.84283094 35.71267162]
<<<<<<< HEAD
0.4673018727932515 16.42211315673857 15.115201964256386
val isze = 0
idinces = [ 3  7 16  5  6  2 10 12  8 13 14 17 11  1  0 15  4  9]
training loss = 1.5404561758041382 500
training loss = 0.6515429019927979 1000
reduced chi^2 level 2 = 0.655631959438324
Constrained alpha: 2.144177198410034
Constrained beta: 2.565828561782837
Constrained gamma: 3.2344377040863037
=======
pred
[tensor([20.0285, 31.9635, 27.5094, 30.5651, 39.6863, 30.5731, 42.4692, 43.6970,
        48.4956, 58.7875, 51.0279, 46.2852, 39.8831, 22.0776, 27.1833, 20.0046,
        25.9866, 41.4840])]
4.195010912052199 19.50943711927215 18.772067741558818
val isze = 0
idinces = [13 15  4 11  1  6  2  9 10 17  3  7  8  5 14 16  0 12]
training loss = 30.44721221923828 500
training loss = 30.30001449584961 1000
training loss = 30.0749454498291 1500
training loss = 29.72945213317871 2000
training loss = 29.19291114807129 2500
training loss = 28.308950424194336 3000
training loss = 26.314485549926758 3500
training loss = 5.18996524810791 4000
training loss = 0.6882036924362183 4500
reduced chi^2 level 2 = 0.6343873143196106
Constrained alpha: 3.6077961921691895
Constrained beta: 4.0610175132751465
Constrained gamma: 15.63183307647705
>>>>>>> bf5bffb69ec4a318117f0a4aa6bdaab926d87e87
data before
[ 0.00000000e+00  0.00000000e+00  0.00000000e+00  0.00000000e+00
  0.00000000e+00  0.00000000e+00  0.00000000e+00  0.00000000e+00
  0.00000000e+00  0.00000000e+00  1.57987379e-05  5.14682362e-04
  1.84154837e-02  1.65006572e-01  4.48588995e-01  8.33724597e-01
  1.40485601e+00  2.30344220e+00  3.41574487e+00  5.33813734e+00
  8.23203178e+00  1.15458564e+01  1.73732476e+01  2.73518254e+01
  3.30603710e+01  3.64903974e+01  4.07562847e+01  4.46988924e+01
  4.86205403e+01  5.10510247e+01  5.12176075e+01  4.80502885e+01
  4.04096822e+01  2.97913085e+01  1.83611596e+01  8.61149765e+00
  2.89927416e+00  6.07930951e-01 -1.57518096e-04  0.00000000e+00
  0.00000000e+00]
5
data after
[22.16047832953023, 28.919104015315472, 27.35182536508143, 33.06037098303795, 36.49039740303755, 40.756284651001096, 44.69889244135171, 48.62054031611413, 51.05102471626371, 51.21760746579767, 48.050288544210794, 40.40968222465217, 29.79130853905678, 30.479704823745603]
9
data,sig_tot
[22.16047833 28.91910402 27.35182537 33.06037098 36.4903974  40.75628465
 44.69889244 48.62054032 51.05102472 51.21760747 48.05028854 40.40968222
 29.79130854 30.47970482 26.59158071 28.35208276 20.84283094 35.71267162]
[22.16047833 28.91910402 27.35182537 33.06037098 36.4903974  40.75628465
 44.69889244 48.62054032 51.05102472 51.21760747 48.05028854 40.40968222
 29.79130854 30.47970482 26.59158071 28.35208276 20.84283094 35.71267162]
<<<<<<< HEAD
0.4673018727932515 16.42211315673857 15.115201964256386
val isze = 0
idinces = [ 3  7 16  5  6  2 10 12  8 13 14 17 11  1  0 15  4  9]
training loss = 1.5677801370620728 500
training loss = 0.6521322131156921 1000
reduced chi^2 level 2 = 0.6558557152748108
Constrained alpha: 2.1428542137145996
Constrained beta: 2.5623300075531006
Constrained gamma: 3.295522689819336
=======
pred
[tensor([24.7735, 26.8655, 21.5809, 34.5774, 40.8385, 43.1942, 41.2938, 31.9092,
        60.3921, 56.3432, 49.2977, 45.6962, 38.1956, 31.4131, 17.8540, 30.5452,
        29.9254, 30.8023])]
4.020693222564117 15.711944136944327 16.491672530736945
val isze = 0
idinces = [13  8 16 10 12  9  5 11  2  0 14 15  4  1  3  6  7 17]
training loss = 30.11292839050293 500
training loss = 29.493804931640625 1000
training loss = 28.336946487426758 1500
training loss = 26.137325286865234 2000
training loss = 19.771699905395508 2500
training loss = 2.1085169315338135 3000
training loss = 1.8315789699554443 3500
training loss = 1.4722110033035278 4000
training loss = 1.2957687377929688 4500
training loss = 1.2192341089248657 5000
reduced chi^2 level 2 = 1.2191407680511475
Constrained alpha: 2.2685651779174805
Constrained beta: 2.6504650115966797
Constrained gamma: 11.238707542419434
>>>>>>> bf5bffb69ec4a318117f0a4aa6bdaab926d87e87
data before
[ 0.00000000e+00  0.00000000e+00  0.00000000e+00  0.00000000e+00
  0.00000000e+00  0.00000000e+00  0.00000000e+00  0.00000000e+00
  0.00000000e+00  0.00000000e+00  1.57987379e-05  5.14682362e-04
  1.84154837e-02  1.65006572e-01  4.48588995e-01  8.33724597e-01
  1.40485601e+00  2.30344220e+00  3.41574487e+00  5.33813734e+00
  8.23203178e+00  1.15458564e+01  1.73732476e+01  2.73518254e+01
  3.30603710e+01  3.64903974e+01  4.07562847e+01  4.46988924e+01
  4.86205403e+01  5.10510247e+01  5.12176075e+01  4.80502885e+01
  4.04096822e+01  2.97913085e+01  1.83611596e+01  8.61149765e+00
  2.89927416e+00  6.07930951e-01 -1.57518096e-04  0.00000000e+00
  0.00000000e+00]
5
data after
[22.16047832953023, 28.919104015315472, 27.35182536508143, 33.06037098303795, 36.49039740303755, 40.756284651001096, 44.69889244135171, 48.62054031611413, 51.05102471626371, 51.21760746579767, 48.050288544210794, 40.40968222465217, 29.79130853905678, 30.479704823745603]
9
data,sig_tot
[22.16047833 28.91910402 27.35182537 33.06037098 36.4903974  40.75628465
 44.69889244 48.62054032 51.05102472 51.21760747 48.05028854 40.40968222
 29.79130854 30.47970482 26.59158071 28.35208276 20.84283094 35.71267162]
[22.16047833 28.91910402 27.35182537 33.06037098 36.4903974  40.75628465
 44.69889244 48.62054032 51.05102472 51.21760747 48.05028854 40.40968222
 29.79130854 30.47970482 26.59158071 28.35208276 20.84283094 35.71267162]
<<<<<<< HEAD
0.4673018727932515 16.42211315673857 15.115201964256386
val isze = 0
idinces = [ 3  7 16  5  6  2 10 12  8 13 14 17 11  1  0 15  4  9]
training loss = 1.5338826179504395 500
training loss = 0.6519319415092468 1000
reduced chi^2 level 2 = 0.6559595465660095
Constrained alpha: 2.1434788703918457
Constrained beta: 2.559969902038574
Constrained gamma: 3.249345064163208
=======
pred
[tensor([26.5039, 35.1959, 31.0876, 30.2308, 41.5230, 32.5116, 49.7338, 41.1899,
        58.0997, 70.0602, 52.4387, 42.9771, 39.1479, 26.0149, 20.6235, 26.9391,
        32.2039, 54.8318])]
3.7105703483053616 2.15833173748611 8.68766473648166
val isze = 0
idinces = [ 7  0 17  3  1  5  9 13 16 14 11  4 10  2 15 12  6  8]
training loss = 3.85264253616333 500
training loss = 2.5357487201690674 1000
training loss = 1.0431241989135742 1500
training loss = 0.9548496603965759 2000
training loss = 0.9158486127853394 2500
training loss = 0.9030299782752991 3000
training loss = 0.8961628675460815 3500
training loss = 0.8907467722892761 4000
training loss = 0.8868544101715088 4500
training loss = 0.8837040066719055 5000
reduced chi^2 level 2 = 0.8837014436721802
Constrained alpha: 2.4768388271331787
Constrained beta: -0.0025338453706353903
Constrained gamma: 2.6910018920898438
>>>>>>> bf5bffb69ec4a318117f0a4aa6bdaab926d87e87
data before
[ 0.00000000e+00  0.00000000e+00  0.00000000e+00  0.00000000e+00
  0.00000000e+00  0.00000000e+00  0.00000000e+00  0.00000000e+00
  0.00000000e+00  0.00000000e+00  1.57987379e-05  5.14682362e-04
  1.84154837e-02  1.65006572e-01  4.48588995e-01  8.33724597e-01
  1.40485601e+00  2.30344220e+00  3.41574487e+00  5.33813734e+00
  8.23203178e+00  1.15458564e+01  1.73732476e+01  2.73518254e+01
  3.30603710e+01  3.64903974e+01  4.07562847e+01  4.46988924e+01
  4.86205403e+01  5.10510247e+01  5.12176075e+01  4.80502885e+01
  4.04096822e+01  2.97913085e+01  1.83611596e+01  8.61149765e+00
  2.89927416e+00  6.07930951e-01 -1.57518096e-04  0.00000000e+00
  0.00000000e+00]
5
data after
[22.16047832953023, 28.919104015315472, 27.35182536508143, 33.06037098303795, 36.49039740303755, 40.756284651001096, 44.69889244135171, 48.62054031611413, 51.05102471626371, 51.21760746579767, 48.050288544210794, 40.40968222465217, 29.79130853905678, 30.479704823745603]
9
data,sig_tot
[22.16047833 28.91910402 27.35182537 33.06037098 36.4903974  40.75628465
 44.69889244 48.62054032 51.05102472 51.21760747 48.05028854 40.40968222
 29.79130854 30.47970482 26.59158071 28.35208276 20.84283094 35.71267162]
[22.16047833 28.91910402 27.35182537 33.06037098 36.4903974  40.75628465
 44.69889244 48.62054032 51.05102472 51.21760747 48.05028854 40.40968222
 29.79130854 30.47970482 26.59158071 28.35208276 20.84283094 35.71267162]
<<<<<<< HEAD
0.4673018727932515 16.42211315673857 15.115201964256386
val isze = 0
idinces = [ 3  7 16  5  6  2 10 12  8 13 14 17 11  1  0 15  4  9]
training loss = 1.5823414325714111 500
training loss = 0.6517305374145508 1000
reduced chi^2 level 2 = 0.6554489135742188
Constrained alpha: 2.1431312561035156
Constrained beta: 2.5699028968811035
Constrained gamma: 3.3095040321350098
=======
pred
[tensor([21.7343, 25.4722, 25.9061, 34.2854, 46.9518, 31.0681, 39.8480, 53.8422,
        59.2192, 61.6133, 51.5868, 44.5036, 45.1717, 36.7298, 26.0271, 30.4929,
        23.0385, 48.3906])]
4.125397837030654 7.493484165230411 81.97149955123705
val isze = 0
idinces = [ 3  7  2 13  5  1 14  9  0  8 17 16 10  4 15 12 11  6]
>>>>>>> bf5bffb69ec4a318117f0a4aa6bdaab926d87e87
data before
[ 0.00000000e+00  0.00000000e+00  0.00000000e+00  0.00000000e+00
  0.00000000e+00  0.00000000e+00  0.00000000e+00  0.00000000e+00
  0.00000000e+00  0.00000000e+00  1.57987379e-05  5.14682362e-04
  1.84154837e-02  1.65006572e-01  4.48588995e-01  8.33724597e-01
  1.40485601e+00  2.30344220e+00  3.41574487e+00  5.33813734e+00
  8.23203178e+00  1.15458564e+01  1.73732476e+01  2.73518254e+01
  3.30603710e+01  3.64903974e+01  4.07562847e+01  4.46988924e+01
  4.86205403e+01  5.10510247e+01  5.12176075e+01  4.80502885e+01
  4.04096822e+01  2.97913085e+01  1.83611596e+01  8.61149765e+00
  2.89927416e+00  6.07930951e-01 -1.57518096e-04  0.00000000e+00
  0.00000000e+00]
5
data after
[22.16047832953023, 28.919104015315472, 27.35182536508143, 33.06037098303795, 36.49039740303755, 40.756284651001096, 44.69889244135171, 48.62054031611413, 51.05102471626371, 51.21760746579767, 48.050288544210794, 40.40968222465217, 29.79130853905678, 30.479704823745603]
9
data,sig_tot
[22.16047833 28.91910402 27.35182537 33.06037098 36.4903974  40.75628465
 44.69889244 48.62054032 51.05102472 51.21760747 48.05028854 40.40968222
 29.79130854 30.47970482 26.59158071 28.35208276 20.84283094 35.71267162]
[22.16047833 28.91910402 27.35182537 33.06037098 36.4903974  40.75628465
 44.69889244 48.62054032 51.05102472 51.21760747 48.05028854 40.40968222
 29.79130854 30.47970482 26.59158071 28.35208276 20.84283094 35.71267162]
<<<<<<< HEAD
0.4673018727932515 16.42211315673857 15.115201964256386
val isze = 0
idinces = [ 3  7 16  5  6  2 10 12  8 13 14 17 11  1  0 15  4  9]
training loss = 1.5972771644592285 500
training loss = 0.6516426205635071 1000
reduced chi^2 level 2 = 0.6555497050285339
Constrained alpha: 2.143739700317383
Constrained beta: 2.56315016746521
Constrained gamma: 3.2731666564941406
=======
pred
[tensor([23.1954, 24.9526, 29.4730, 31.7658, 49.3918, 40.0188, 42.5362, 34.8708,
        60.4752, 50.1221, 65.7313, 41.2176, 40.8318, 28.3496, 15.1828, 22.3765,
        22.1092, 51.6527])]
4.777295148612373 3.880254697445684 96.57987045890101
val isze = 0
idinces = [ 6 13  3  8  7 17  2 10  5 16 11 12 14 15  4  0  9  1]
training loss = 152.18260192871094 500
training loss = 55.639915466308594 1000
training loss = 41.32217025756836 1500
training loss = 37.53614807128906 2000
training loss = 36.2310905456543 2500
training loss = 35.68220901489258 3000
training loss = 35.376983642578125 3500
training loss = 35.13027572631836 4000
training loss = 34.87015151977539 4500
training loss = 34.5714225769043 5000
>>>>>>> bf5bffb69ec4a318117f0a4aa6bdaab926d87e87
data before
[ 0.00000000e+00  0.00000000e+00  0.00000000e+00  0.00000000e+00
  0.00000000e+00  0.00000000e+00  0.00000000e+00  0.00000000e+00
  0.00000000e+00  0.00000000e+00  1.57987379e-05  5.14682362e-04
  1.84154837e-02  1.65006572e-01  4.48588995e-01  8.33724597e-01
  1.40485601e+00  2.30344220e+00  3.41574487e+00  5.33813734e+00
  8.23203178e+00  1.15458564e+01  1.73732476e+01  2.73518254e+01
  3.30603710e+01  3.64903974e+01  4.07562847e+01  4.46988924e+01
  4.86205403e+01  5.10510247e+01  5.12176075e+01  4.80502885e+01
  4.04096822e+01  2.97913085e+01  1.83611596e+01  8.61149765e+00
  2.89927416e+00  6.07930951e-01 -1.57518096e-04  0.00000000e+00
  0.00000000e+00]
5
data after
[22.16047832953023, 28.919104015315472, 27.35182536508143, 33.06037098303795, 36.49039740303755, 40.756284651001096, 44.69889244135171, 48.62054031611413, 51.05102471626371, 51.21760746579767, 48.050288544210794, 40.40968222465217, 29.79130853905678, 30.479704823745603]
9
data,sig_tot
[22.16047833 28.91910402 27.35182537 33.06037098 36.4903974  40.75628465
 44.69889244 48.62054032 51.05102472 51.21760747 48.05028854 40.40968222
 29.79130854 30.47970482 26.59158071 28.35208276 20.84283094 35.71267162]
[22.16047833 28.91910402 27.35182537 33.06037098 36.4903974  40.75628465
 44.69889244 48.62054032 51.05102472 51.21760747 48.05028854 40.40968222
 29.79130854 30.47970482 26.59158071 28.35208276 20.84283094 35.71267162]
<<<<<<< HEAD
0.4673018727932515 16.42211315673857 15.115201964256386
val isze = 0
idinces = [ 3  7 16  5  6  2 10 12  8 13 14 17 11  1  0 15  4  9]
training loss = 1.5896131992340088 500
training loss = 0.6521194577217102 1000
reduced chi^2 level 2 = 0.6561203002929688
Constrained alpha: 2.143399953842163
Constrained beta: 2.5575950145721436
Constrained gamma: 3.1987457275390625
=======
pred
[tensor([25.0444, 26.4903, 32.6605, 33.6225, 54.3739, 42.2193, 43.1462, 65.4519,
        46.0820, 64.1562, 48.6272, 32.1514, 53.8202, 17.2833, 23.1040, 13.0466,
        13.4093, 47.5829])]
3.5605826878015465 9.05010386927561 50.22098664824561
val isze = 0
idinces = [ 9 15  4  3  6 13 14 16  2  1 11 10  5 17  0  8 12  7]
training loss = 22.961538314819336 500
training loss = 3.4932379722595215 1000
training loss = 3.2805943489074707 1500
training loss = 2.9482381343841553 2000
training loss = 2.6021647453308105 2500
training loss = 2.4842066764831543 3000
training loss = 2.3766555786132812 3500
training loss = 2.2868778705596924 4000
training loss = 2.2422714233398438 4500
training loss = 2.2160985469818115 5000
>>>>>>> bf5bffb69ec4a318117f0a4aa6bdaab926d87e87
data before
[ 0.00000000e+00  0.00000000e+00  0.00000000e+00  0.00000000e+00
  0.00000000e+00  0.00000000e+00  0.00000000e+00  0.00000000e+00
  0.00000000e+00  0.00000000e+00  1.57987379e-05  5.14682362e-04
  1.84154837e-02  1.65006572e-01  4.48588995e-01  8.33724597e-01
  1.40485601e+00  2.30344220e+00  3.41574487e+00  5.33813734e+00
  8.23203178e+00  1.15458564e+01  1.73732476e+01  2.73518254e+01
  3.30603710e+01  3.64903974e+01  4.07562847e+01  4.46988924e+01
  4.86205403e+01  5.10510247e+01  5.12176075e+01  4.80502885e+01
  4.04096822e+01  2.97913085e+01  1.83611596e+01  8.61149765e+00
  2.89927416e+00  6.07930951e-01 -1.57518096e-04  0.00000000e+00
  0.00000000e+00]
5
data after
[22.16047832953023, 28.919104015315472, 27.35182536508143, 33.06037098303795, 36.49039740303755, 40.756284651001096, 44.69889244135171, 48.62054031611413, 51.05102471626371, 51.21760746579767, 48.050288544210794, 40.40968222465217, 29.79130853905678, 30.479704823745603]
9
data,sig_tot
[22.16047833 28.91910402 27.35182537 33.06037098 36.4903974  40.75628465
 44.69889244 48.62054032 51.05102472 51.21760747 48.05028854 40.40968222
 29.79130854 30.47970482 26.59158071 28.35208276 20.84283094 35.71267162]
[22.16047833 28.91910402 27.35182537 33.06037098 36.4903974  40.75628465
 44.69889244 48.62054032 51.05102472 51.21760747 48.05028854 40.40968222
 29.79130854 30.47970482 26.59158071 28.35208276 20.84283094 35.71267162]
<<<<<<< HEAD
0.4673018727932515 16.42211315673857 15.115201964256386
val isze = 0
idinces = [ 3  7 16  5  6  2 10 12  8 13 14 17 11  1  0 15  4  9]
training loss = 1.5824322700500488 500
training loss = 0.6521769762039185 1000
reduced chi^2 level 2 = 0.6562458872795105
Constrained alpha: 2.1431517601013184
Constrained beta: 2.5558011531829834
Constrained gamma: 3.206728935241699
=======
pred
[tensor([27.5633, 31.5227, 24.5185, 32.1931, 37.3442, 32.1949, 35.2922, 48.7934,
        65.6113, 54.8477, 38.6258, 40.9330, 46.0293, 34.7132, 17.8261, 19.3246,
        24.4874, 39.2276])]
0.29005920180335376 0.43397526909395134 0.5826396422591418
val isze = 0
idinces = [10  1  3 16 11 15 14  5  8 17  6  7 13  2  0  9 12  4]
training loss = 1.1483556032180786 500
training loss = 1.114404320716858 1000
training loss = 1.077227234840393 1500
training loss = 1.044446587562561 2000
training loss = 0.9767529368400574 2500
training loss = 0.9541369676589966 3000
training loss = 0.9216431379318237 3500
training loss = 0.9140058159828186 4000
training loss = 0.9118066430091858 4500
training loss = 0.9107643961906433 5000
reduced chi^2 level 2 = 0.9120800495147705
Constrained alpha: 3.0654220581054688
Constrained beta: -1.2713366533026287e-14
Constrained gamma: 2.390070676803589
>>>>>>> bf5bffb69ec4a318117f0a4aa6bdaab926d87e87
data before
[ 0.00000000e+00  0.00000000e+00  0.00000000e+00  0.00000000e+00
  0.00000000e+00  0.00000000e+00  0.00000000e+00  0.00000000e+00
  0.00000000e+00  0.00000000e+00  1.57987379e-05  5.14682362e-04
  1.84154837e-02  1.65006572e-01  4.48588995e-01  8.33724597e-01
  1.40485601e+00  2.30344220e+00  3.41574487e+00  5.33813734e+00
  8.23203178e+00  1.15458564e+01  1.73732476e+01  2.73518254e+01
  3.30603710e+01  3.64903974e+01  4.07562847e+01  4.46988924e+01
  4.86205403e+01  5.10510247e+01  5.12176075e+01  4.80502885e+01
  4.04096822e+01  2.97913085e+01  1.83611596e+01  8.61149765e+00
  2.89927416e+00  6.07930951e-01 -1.57518096e-04  0.00000000e+00
  0.00000000e+00]
5
data after
[22.16047832953023, 28.919104015315472, 27.35182536508143, 33.06037098303795, 36.49039740303755, 40.756284651001096, 44.69889244135171, 48.62054031611413, 51.05102471626371, 51.21760746579767, 48.050288544210794, 40.40968222465217, 29.79130853905678, 30.479704823745603]
9
data,sig_tot
[22.16047833 28.91910402 27.35182537 33.06037098 36.4903974  40.75628465
 44.69889244 48.62054032 51.05102472 51.21760747 48.05028854 40.40968222
 29.79130854 30.47970482 26.59158071 28.35208276 20.84283094 35.71267162]
[22.16047833 28.91910402 27.35182537 33.06037098 36.4903974  40.75628465
 44.69889244 48.62054032 51.05102472 51.21760747 48.05028854 40.40968222
 29.79130854 30.47970482 26.59158071 28.35208276 20.84283094 35.71267162]
<<<<<<< HEAD
0.4673018727932515 16.42211315673857 15.115201964256386
val isze = 0
idinces = [ 3  7 16  5  6  2 10 12  8 13 14 17 11  1  0 15  4  9]
training loss = 1.5889698266983032 500
training loss = 0.6524598002433777 1000
reduced chi^2 level 2 = 0.6561663746833801
Constrained alpha: 2.1429519653320312
Constrained beta: 2.556217670440674
Constrained gamma: 3.2340104579925537
=======
pred
[tensor([21.8014, 30.8625, 38.0383, 39.7478, 31.4411, 55.6828, 46.0993, 47.7252,
        58.1825, 60.3318, 46.8305, 43.0014, 43.6960, 28.5629, 20.8595, 21.3316,
        18.1035, 48.4349])]
1.4668525559013967 5.097935214814142 14.533732426960633
val isze = 0
idinces = [13 12  3  4  5 10 11  9 17  2  7  8 14 16  1  6 15  0]
training loss = 1.0216310024261475 500
reduced chi^2 level 2 = 1.0279648303985596
Constrained alpha: 2.060070514678955
Constrained beta: 2.7245559692382812
Constrained gamma: 7.8682026863098145
>>>>>>> bf5bffb69ec4a318117f0a4aa6bdaab926d87e87
data before
[ 0.00000000e+00  0.00000000e+00  0.00000000e+00  0.00000000e+00
  0.00000000e+00  0.00000000e+00  0.00000000e+00  0.00000000e+00
  0.00000000e+00  0.00000000e+00  1.57987379e-05  5.14682362e-04
  1.84154837e-02  1.65006572e-01  4.48588995e-01  8.33724597e-01
  1.40485601e+00  2.30344220e+00  3.41574487e+00  5.33813734e+00
  8.23203178e+00  1.15458564e+01  1.73732476e+01  2.73518254e+01
  3.30603710e+01  3.64903974e+01  4.07562847e+01  4.46988924e+01
  4.86205403e+01  5.10510247e+01  5.12176075e+01  4.80502885e+01
  4.04096822e+01  2.97913085e+01  1.83611596e+01  8.61149765e+00
  2.89927416e+00  6.07930951e-01 -1.57518096e-04  0.00000000e+00
  0.00000000e+00]
5
data after
[22.16047832953023, 28.919104015315472, 27.35182536508143, 33.06037098303795, 36.49039740303755, 40.756284651001096, 44.69889244135171, 48.62054031611413, 51.05102471626371, 51.21760746579767, 48.050288544210794, 40.40968222465217, 29.79130853905678, 30.479704823745603]
9
data,sig_tot
[22.16047833 28.91910402 27.35182537 33.06037098 36.4903974  40.75628465
 44.69889244 48.62054032 51.05102472 51.21760747 48.05028854 40.40968222
 29.79130854 30.47970482 26.59158071 28.35208276 20.84283094 35.71267162]
[22.16047833 28.91910402 27.35182537 33.06037098 36.4903974  40.75628465
 44.69889244 48.62054032 51.05102472 51.21760747 48.05028854 40.40968222
 29.79130854 30.47970482 26.59158071 28.35208276 20.84283094 35.71267162]
<<<<<<< HEAD
0.4673018727932515 16.42211315673857 15.115201964256386
val isze = 0
idinces = [ 3  7 16  5  6  2 10 12  8 13 14 17 11  1  0 15  4  9]
training loss = 1.4613765478134155 500
training loss = 0.6520667672157288 1000
reduced chi^2 level 2 = 0.6552734375
Constrained alpha: 2.145941972732544
Constrained beta: 2.5728135108947754
Constrained gamma: 3.17785382270813
=======
pred
[tensor([22.4443, 28.0028, 28.9831, 30.6729, 38.2493, 37.6487, 45.0503, 48.2870,
        49.9602, 54.0151, 55.2943, 40.2096, 23.9454, 27.0606, 17.4164, 22.8389,
        26.5051, 39.4216])]
3.7489592420537994 17.992394668047634 32.76953320798134
val isze = 0
idinces = [13 10  0  3  2  5 14 12 17 15  4 16  7  6  1  9  8 11]
training loss = 24.52102279663086 500
training loss = 0.5581575036048889 1000
training loss = 0.401819109916687 1500
training loss = 0.34436485171318054 2000
training loss = 0.32846155762672424 2500
training loss = 0.3264065384864807 3000
reduced chi^2 level 2 = 0.3268872797489166
Constrained alpha: 1.9646801948547363
Constrained beta: 3.0665338039398193
Constrained gamma: 3.7550559043884277
>>>>>>> bf5bffb69ec4a318117f0a4aa6bdaab926d87e87
data before
[ 0.00000000e+00  0.00000000e+00  0.00000000e+00  0.00000000e+00
  0.00000000e+00  0.00000000e+00  0.00000000e+00  0.00000000e+00
  0.00000000e+00  0.00000000e+00  1.57987379e-05  5.14682362e-04
  1.84154837e-02  1.65006572e-01  4.48588995e-01  8.33724597e-01
  1.40485601e+00  2.30344220e+00  3.41574487e+00  5.33813734e+00
  8.23203178e+00  1.15458564e+01  1.73732476e+01  2.73518254e+01
  3.30603710e+01  3.64903974e+01  4.07562847e+01  4.46988924e+01
  4.86205403e+01  5.10510247e+01  5.12176075e+01  4.80502885e+01
  4.04096822e+01  2.97913085e+01  1.83611596e+01  8.61149765e+00
  2.89927416e+00  6.07930951e-01 -1.57518096e-04  0.00000000e+00
  0.00000000e+00]
5
data after
[22.16047832953023, 28.919104015315472, 27.35182536508143, 33.06037098303795, 36.49039740303755, 40.756284651001096, 44.69889244135171, 48.62054031611413, 51.05102471626371, 51.21760746579767, 48.050288544210794, 40.40968222465217, 29.79130853905678, 30.479704823745603]
9
data,sig_tot
[22.16047833 28.91910402 27.35182537 33.06037098 36.4903974  40.75628465
 44.69889244 48.62054032 51.05102472 51.21760747 48.05028854 40.40968222
 29.79130854 30.47970482 26.59158071 28.35208276 20.84283094 35.71267162]
[22.16047833 28.91910402 27.35182537 33.06037098 36.4903974  40.75628465
 44.69889244 48.62054032 51.05102472 51.21760747 48.05028854 40.40968222
 29.79130854 30.47970482 26.59158071 28.35208276 20.84283094 35.71267162]
<<<<<<< HEAD
0.4673018727932515 16.42211315673857 15.115201964256386
val isze = 0
idinces = [ 3  7 16  5  6  2 10 12  8 13 14 17 11  1  0 15  4  9]
training loss = 1.5512851476669312 500
training loss = 0.6515266299247742 1000
reduced chi^2 level 2 = 0.6556344628334045
Constrained alpha: 2.1451611518859863
Constrained beta: 2.564826011657715
Constrained gamma: 3.1594009399414062
=======
pred
[tensor([21.9479, 33.8924, 26.8940, 30.3228, 52.8698, 40.4487, 39.7792, 46.1514,
        53.7122, 51.2439, 62.8291, 45.4225, 41.1976, 35.2543, 21.0514, 21.4403,
        29.5243, 37.8166])]
3.6703473818527184 11.765286819635358 70.90114221562968
val isze = 0
idinces = [ 4 11 14  3 15 17 16  9 10  5  7  8  2  0 13  6  1 12]
training loss = 29.47292137145996 500
training loss = 24.741100311279297 1000
training loss = 8.896154403686523 1500
training loss = 1.309295892715454 2000
training loss = 1.0828123092651367 2500
training loss = 1.0688825845718384 3000
training loss = 1.0596275329589844 3500
training loss = 1.0536373853683472 4000
training loss = 1.0533008575439453 4500
reduced chi^2 level 2 = 1.0529297590255737
Constrained alpha: 3.3356404304504395
Constrained beta: 2.692390203475952
Constrained gamma: 24.019039154052734
>>>>>>> bf5bffb69ec4a318117f0a4aa6bdaab926d87e87
data before
[ 0.00000000e+00  0.00000000e+00  0.00000000e+00  0.00000000e+00
  0.00000000e+00  0.00000000e+00  0.00000000e+00  0.00000000e+00
  0.00000000e+00  0.00000000e+00  1.57987379e-05  5.14682362e-04
  1.84154837e-02  1.65006572e-01  4.48588995e-01  8.33724597e-01
  1.40485601e+00  2.30344220e+00  3.41574487e+00  5.33813734e+00
  8.23203178e+00  1.15458564e+01  1.73732476e+01  2.73518254e+01
  3.30603710e+01  3.64903974e+01  4.07562847e+01  4.46988924e+01
  4.86205403e+01  5.10510247e+01  5.12176075e+01  4.80502885e+01
  4.04096822e+01  2.97913085e+01  1.83611596e+01  8.61149765e+00
  2.89927416e+00  6.07930951e-01 -1.57518096e-04  0.00000000e+00
  0.00000000e+00]
5
data after
[22.16047832953023, 28.919104015315472, 27.35182536508143, 33.06037098303795, 36.49039740303755, 40.756284651001096, 44.69889244135171, 48.62054031611413, 51.05102471626371, 51.21760746579767, 48.050288544210794, 40.40968222465217, 29.79130853905678, 30.479704823745603]
9
data,sig_tot
[22.16047833 28.91910402 27.35182537 33.06037098 36.4903974  40.75628465
 44.69889244 48.62054032 51.05102472 51.21760747 48.05028854 40.40968222
 29.79130854 30.47970482 26.59158071 28.35208276 20.84283094 35.71267162]
[22.16047833 28.91910402 27.35182537 33.06037098 36.4903974  40.75628465
 44.69889244 48.62054032 51.05102472 51.21760747 48.05028854 40.40968222
 29.79130854 30.47970482 26.59158071 28.35208276 20.84283094 35.71267162]
<<<<<<< HEAD
0.4673018727932515 16.42211315673857 15.115201964256386
val isze = 0
idinces = [ 3  7 16  5  6  2 10 12  8 13 14 17 11  1  0 15  4  9]
training loss = 1.5856050252914429 500
training loss = 0.6532878279685974 1000
reduced chi^2 level 2 = 0.6562660336494446
Constrained alpha: 2.141425371170044
Constrained beta: 2.555276393890381
Constrained gamma: 3.2685530185699463
=======
pred
[tensor([22.3689, 25.4491, 31.0567, 31.9534, 53.9483, 37.2025, 44.9492, 41.4911,
        57.5059, 53.5976, 42.1079, 44.9284, 43.0084, 30.8315, 23.4813, 24.7153,
        26.8511, 35.1136])]
4.4998613969841115 9.335890867374118 8.189834340145607
val isze = 0
idinces = [ 3 11 13 17 14 12  7  9 15  6  2 16  0  4  5  8 10  1]
training loss = 31.70380973815918 500
training loss = 31.48171043395996 1000
training loss = 30.641130447387695 1500
training loss = 25.61439323425293 2000
training loss = 13.172096252441406 2500
training loss = 6.733804702758789 3000
training loss = 1.9007865190505981 3500
training loss = 1.5301811695098877 4000
training loss = 1.4781142473220825 4500
training loss = 1.430068850517273 5000
reduced chi^2 level 2 = 1.429976463317871
Constrained alpha: 4.282043933868408
Constrained beta: 1.4157394170761108
Constrained gamma: 8.242535591125488
>>>>>>> bf5bffb69ec4a318117f0a4aa6bdaab926d87e87
