data before
[    0.             0.             0.             0.
     0.             0.             0.             0.
     0.             0.             0.             0.
     0.             0.             0.             0.
     0.             0.             0.             0.
 24565.21387005 28604.77467091 32612.82436131 36818.82904488
 40600.64514511 44127.69422919 46580.2552759  48460.66902887
 48495.66751391 46882.06024698 43455.05131641 38210.77903779
 31004.51386974 23012.01252785 15620.0038739  10279.78088316
  8278.32338738  7468.83679258   722.70794052     0.
     0.        ]
2
data after
[24565.213870047606, 28604.774670906983, 32612.824361310424, 36818.82904487854, 40600.64514511231, 44127.694229187015, 46580.255275896605, 48460.669028872675, 48495.667513908695, 46882.060246977235, 43455.051316412355, 38210.779037788394, 31004.513869743347, 23012.01252785225, 15620.003873895836, 10279.780883155823, 8278.323387380791, 7468.836792578029, 722.707940518114]
2
data,sig_tot
[24565.21387005 28604.77467091 32612.82436131 36818.82904488
 40600.64514511 44127.69422919 46580.2552759  48460.66902887
 48495.66751391 46882.06024698 43455.05131641 38210.77903779
 31004.51386974 23012.01252785 15620.0038739  10279.78088316
  8278.32338738  7468.83679258   722.70794052  4161.45696218
  5080.62616736  6090.85151958  7290.22066015  8537.66305494
  9767.44492556 10959.02289139 11989.42474127 12498.0750052
 12436.93138504 11737.24392846 10302.86374726  8313.99665736
  6016.64511467  3859.29359     2486.56000495  2049.31432809
  2182.8129729    234.34635079]
[24565.21387005 28604.77467091 32612.82436131 36818.82904488
 40600.64514511 44127.69422919 46580.2552759  48460.66902887
 48495.66751391 46882.06024698 43455.05131641 38210.77903779
 31004.51386974 23012.01252785 15620.0038739  10279.78088316
  8278.32338738  7468.83679258   722.70794052  4161.45696218
  5080.62616736  6090.85151958  7290.22066015  8537.66305494
  9767.44492556 10959.02289139 11989.42474127 12498.0750052
 12436.93138504 11737.24392846 10302.86374726  8313.99665736
  6016.64511467  3859.29359     2486.56000495  2049.31432809
  2182.8129729    234.34635079]
2.6625543265117813 1.5931898024211533 15.315303758854682
val isze = 0
idinces = [24 32  2 12  7  5 33  3 13 18 14  1 23 20 22  6 11 35 21 30 19  4 27 10
 34 37  8 26 17 31 16 29 25 28  0 15 36  9]
training loss = 171.90042114257812 500
training loss = 73.69890594482422 1000
training loss = 71.93377685546875 1500
training loss = 71.9181137084961 2000
training loss = 71.91019439697266 2500
training loss = 71.89993286132812 3000
training loss = 71.88682556152344 3500
training loss = 71.8701171875 4000
training loss = 71.8486099243164 4500
training loss = 71.82068634033203 5000
training loss = 71.78266143798828 5500
training loss = 71.72638702392578 6000
training loss = 71.62676239013672 6500
training loss = 71.35798645019531 7000
training loss = 66.21509552001953 7500
training loss = 2.942380905151367 8000
training loss = 2.9424726963043213 8500
training loss = 2.9941935539245605 9000
training loss = 3.021361827850342 9500
training loss = 7.562800407409668 10000
training loss = 2.941244125366211 10500
training loss = 2.9412543773651123 11000
training loss = 2.941223621368408 11500
training loss = 2.941218852996826 12000
training loss = 2.941204309463501 12500
(1, 38)
(1, 0)
