data before
[    0.             0.             0.             0.
     0.             0.             0.             0.
     0.             0.             0.             0.
     0.             0.             0.             0.
     0.             0.             0.             0.
 24565.21387005 28604.77467091 32612.82436131 36818.82904488
 40600.64514511 44127.69422919 46580.2552759  48460.66902887
 48495.66751391 46882.06024698 43455.05131641 38210.77903779
 31004.51386974 23012.01252785 15620.0038739  10279.78088316
  8278.32338738  7468.83679258   722.70794052     0.
     0.        ]
2
data after
[24565.213870047606, 28604.774670906983, 32612.824361310424, 36818.82904487854, 40600.64514511231, 44127.694229187015, 46580.255275896605, 48460.669028872675, 48495.667513908695, 46882.060246977235, 43455.051316412355, 38210.779037788394, 31004.513869743347, 23012.01252785225, 15620.003873895836, 10279.780883155823, 8278.323387380791, 7468.836792578029, 722.707940518114]
2
data,sig_tot
[24565.21387005 28604.77467091 32612.82436131 36818.82904488
 40600.64514511 44127.69422919 46580.2552759  48460.66902887
 48495.66751391 46882.06024698 43455.05131641 38210.77903779
 31004.51386974 23012.01252785 15620.0038739  10279.78088316
  8278.32338738  7468.83679258   722.70794052  4161.45696218
  5080.62616736  6090.85151958  7290.22066015  8537.66305494
  9767.44492556 10959.02289139 11989.42474127 12498.0750052
 12436.93138504 11737.24392846 10302.86374726  8313.99665736
  6016.64511467  3859.29359     2486.56000495  2049.31432809
  2182.8129729    234.34635079]
[24565.21387005 28604.77467091 32612.82436131 36818.82904488
 40600.64514511 44127.69422919 46580.2552759  48460.66902887
 48495.66751391 46882.06024698 43455.05131641 38210.77903779
 31004.51386974 23012.01252785 15620.0038739  10279.78088316
  8278.32338738  7468.83679258   722.70794052  4161.45696218
  5080.62616736  6090.85151958  7290.22066015  8537.66305494
  9767.44492556 10959.02289139 11989.42474127 12498.0750052
 12436.93138504 11737.24392846 10302.86374726  8313.99665736
  6016.64511467  3859.29359     2486.56000495  2049.31432809
  2182.8129729    234.34635079]
4.047388001735745 0.18506567532889706 21.419827937185044
val isze = 0
idinces = [24 32  2 12  7  5 33  3 13 18 14  1 23 20 22  6 11 35 21 30 19  4 27 10
 34 37  8 26 17 31 16 29 25 28  0 15 36  9]
training loss = 37.64849090576172 500
training loss = 26.81080436706543 1000
training loss = 25.56954574584961 1500
training loss = 23.1187686920166 2000
training loss = 12.762425422668457 2500
training loss = 1.7939975261688232 3000
training loss = 1.6875988245010376 3500
training loss = 1.6576987504959106 4000
training loss = 2.126673460006714 4500
training loss = 1.6011439561843872 5000
training loss = 1.575018048286438 5500
training loss = 1.5527136325836182 6000
training loss = 1.527130126953125 6500
training loss = 1.5065577030181885 7000
training loss = 1.4881612062454224 7500
training loss = 1.4711799621582031 8000
training loss = 1.4554766416549683 8500
training loss = 1.4411404132843018 9000
training loss = 3.211498975753784 9500
training loss = 3.4648702144622803 10000
training loss = 1.909842610359192 10500
training loss = 1.4624555110931396 11000
training loss = 1.3908625841140747 11500
training loss = 1.4140777587890625 12000
training loss = 1.3723593950271606 12500
training loss = 1.367927074432373 13000
training loss = 1.3606672286987305 13500
training loss = 1.3557446002960205 14000
training loss = 1.3514838218688965 14500
training loss = 1.34792959690094 15000
training loss = 6.489398956298828 15500
training loss = 1.4109485149383545 16000
training loss = 1.6546329259872437 16500
training loss = 1.6853561401367188 17000
training loss = 1.342706322669983 17500
training loss = 1.6074398756027222 18000
training loss = 1.331356406211853 18500
training loss = 1.3298633098602295 19000
training loss = 1.328535556793213 19500
training loss = 5.793591499328613 20000
training loss = 1.3353599309921265 20500
reduced chi^2 level 2 = 1.3333429098129272
Constrained alpha: 2.4244370460510254
Constrained beta: -0.8796549439430237
Constrained gamma: 23.00523567199707
(1, 38)
(1, 0)
