LHAPDF 6.5.4 loading /data/theorie/jjohn/miniconda3/envs/nnpdf_dev/share/LHAPDF/FASERv_EPOS+POWHEG_7TeV/FASERv_EPOS+POWHEG_7TeV_0000.dat
FASERv_EPOS+POWHEG_7TeV PDF set, member #0, version 1; LHAPDF ID = 70001000
LHAPDF 6.5.4 loading /data/theorie/jjohn/miniconda3/envs/nnpdf_dev/share/LHAPDF/FASERv_EPOS+POWHEG_7TeV/FASERv_EPOS+POWHEG_7TeV_0000.dat
FASERv_EPOS+POWHEG_7TeV PDF set, member #0, version 1; LHAPDF ID = 70001000
4.715084586700026 3.376956510894713 3.1517957901959437
val isze = 0
idinces = [4 5 3 0 1 2]
training loss = 8588.7080078125
training loss = 2014.0396728515625
training loss = 867.3890991210938
training loss = 576.5078125
training loss = 480.36376953125
training loss = 443.2520751953125
training loss = 427.5630798339844
training loss = 420.5444030761719
training loss = 417.2785949707031
training loss = 415.676025390625
training loss = 414.81732177734375
training loss = 414.2833251953125
training loss = 413.88348388671875
training loss = 413.5326843261719
training loss = 413.1944274902344
training loss = 412.85394287109375
training loss = 412.5052490234375
training loss = 412.1458740234375
training loss = 411.77423095703125
training loss = 411.38946533203125
(1, 6)
(1, 0)
Thanks for using LHAPDF 6.5.4. Please make sure to cite the paper:
  Eur.Phys.J. C75 (2015) 3, 132  (http://arxiv.org/abs/1412.7420)
