LHAPDF 6.5.4 loading /data/theorie/jjohn/miniconda3/envs/nnpdf_dev/share/LHAPDF/FASERv_EPOS+POWHEG_7TeV/FASERv_EPOS+POWHEG_7TeV_0000.dat
FASERv_EPOS+POWHEG_7TeV PDF set, member #0, version 1; LHAPDF ID = 70001000
LHAPDF 6.5.4 loading /data/theorie/jjohn/miniconda3/envs/nnpdf_dev/share/LHAPDF/FASERv_EPOS+POWHEG_7TeV/FASERv_EPOS+POWHEG_7TeV_0000.dat
FASERv_EPOS+POWHEG_7TeV PDF set, member #0, version 1; LHAPDF ID = 70001000
0.573694318382118 14.26485199550249 19.529160345106057
val isze = 0
idinces = [4 5 3 0 1 2]
training loss = 11.784998893737793
training loss = 10.558074951171875
training loss = 9.240503311157227
training loss = 7.920229911804199
training loss = 6.713845252990723
training loss = 5.676911354064941
training loss = 4.739720821380615
training loss = 2.0060770511627197
training loss = 0.06877890229225159
training loss = 0.04500250518321991
training loss = 0.033210720866918564
training loss = 0.027853526175022125
training loss = 0.0256351325660944
training loss = 0.024763835594058037
training loss = 0.02438509464263916
training loss = 0.024155590683221817
training loss = 0.023962464183568954
training loss = 0.02377941459417343
training loss = 0.03797208517789841
rep 1 done out of 1
reduced chi^2 level 2 = 0.023817595094442368
Constrained alpha: 2.027317762374878
Constrained beta: 9.548003196716309
Constrained gamma: 19.615379333496094
(1, 6)
(1, 0)
Thanks for using LHAPDF 6.5.4. Please make sure to cite the paper:
  Eur.Phys.J. C75 (2015) 3, 132  (http://arxiv.org/abs/1412.7420)
