LHAPDF 6.5.4 loading /data/theorie/jjohn/miniconda3/envs/nnpdf_dev/share/LHAPDF/FASERv_EPOS+POWHEG_7TeV/FASERv_EPOS+POWHEG_7TeV_0000.dat
FASERv_EPOS+POWHEG_7TeV PDF set, member #0, version 1; LHAPDF ID = 70001000
LHAPDF 6.5.4 loading /data/theorie/jjohn/miniconda3/envs/nnpdf_dev/share/LHAPDF/FASERv_EPOS+POWHEG_7TeV/FASERv_EPOS+POWHEG_7TeV_0000.dat
FASERv_EPOS+POWHEG_7TeV PDF set, member #0, version 1; LHAPDF ID = 70001000
2.7470694968427285 19.289708462892534 84.22694151232663
val isze = 0
idinces = [4 5 3 0 1 2]
training loss = 248.06613159179688
training loss = 191.1878662109375
training loss = 10.106393814086914
training loss = 8.441357612609863
training loss = 7.460665702819824
training loss = 6.459144115447998
training loss = 5.654705047607422
training loss = 5.1468095779418945
training loss = 4.92801570892334
training loss = 4.83455753326416
training loss = 4.7745866775512695
training loss = 4.725359916687012
training loss = 4.66936731338501
training loss = 4.589663505554199
training loss = 4.517502784729004
training loss = 4.364995002746582
training loss = 4.196829795837402
training loss = 3.964571952819824
training loss = 3.5568132400512695
training loss = 3.403160333633423
rep 1 done out of 1
reduced chi^2 level 2 = 3.372377872467041
Constrained alpha: 1.990484595298767
Constrained beta: 14.086649894714355
Constrained gamma: 81.9062271118164
(1, 6)
(1, 0)
Thanks for using LHAPDF 6.5.4. Please make sure to cite the paper:
  Eur.Phys.J. C75 (2015) 3, 132  (http://arxiv.org/abs/1412.7420)
