LHAPDF 6.5.4 loading /data/theorie/jjohn/miniconda3/envs/nnpdf_dev/share/LHAPDF/FASERv_EPOS+POWHEG_7TeV/FASERv_EPOS+POWHEG_7TeV_0000.dat
FASERv_EPOS+POWHEG_7TeV PDF set, member #0, version 1; LHAPDF ID = 70001000
LHAPDF 6.5.4 loading /data/theorie/jjohn/miniconda3/envs/nnpdf_dev/share/LHAPDF/FASERv_EPOS+POWHEG_7TeV/FASERv_EPOS+POWHEG_7TeV_0000.dat
FASERv_EPOS+POWHEG_7TeV PDF set, member #0, version 1; LHAPDF ID = 70001000
2.817915499294386 9.527769338184651 74.32902373284685
val isze = 0
idinces = [4 5 3 0 1 2]
training loss = 81.90480041503906
training loss = 11.184066772460938
training loss = 6.3557562828063965
training loss = 6.043488502502441
training loss = 5.7823100090026855
training loss = 5.56699275970459
training loss = 5.389498233795166
training loss = 5.240723133087158
training loss = 5.110870361328125
training loss = 4.989208221435547
training loss = 4.863345146179199
training loss = 4.717916965484619
training loss = 4.5329976081848145
training loss = 4.2893195152282715
training loss = 3.95452618598938
training loss = 3.5279626846313477
training loss = 3.029231548309326
training loss = 2.5154523849487305
training loss = 2.0981485843658447
training loss = 1.7917968034744263
rep 1 done out of 1
reduced chi^2 level 2 = 1.7892906665802002
Constrained alpha: 2.2283101081848145
Constrained beta: 9.783512115478516
Constrained gamma: 72.74272155761719
(1, 6)
(1, 0)
Thanks for using LHAPDF 6.5.4. Please make sure to cite the paper:
  Eur.Phys.J. C75 (2015) 3, 132  (http://arxiv.org/abs/1412.7420)
