LHAPDF 6.5.4 loading /data/theorie/jjohn/miniconda3/envs/nnpdf_dev/share/LHAPDF/FASERv_EPOS+POWHEG_7TeV/FASERv_EPOS+POWHEG_7TeV_0000.dat
FASERv_EPOS+POWHEG_7TeV PDF set, member #0, version 1; LHAPDF ID = 70001000
LHAPDF 6.5.4 loading /data/theorie/jjohn/miniconda3/envs/nnpdf_dev/share/LHAPDF/FASERv_EPOS+POWHEG_7TeV/FASERv_EPOS+POWHEG_7TeV_0000.dat
FASERv_EPOS+POWHEG_7TeV PDF set, member #0, version 1; LHAPDF ID = 70001000
0.8300698892808211 19.343346526683213 89.44339076732267
val isze = 0
idinces = [4 5 3 0 1 2]
training loss = 16.878116607666016
training loss = 11.59063720703125
training loss = 9.189702987670898
training loss = 6.676448822021484
training loss = 4.284696578979492
training loss = 2.268401622772217
training loss = 0.882994532585144
training loss = 0.23284704983234406
training loss = 0.06902717053890228
training loss = 0.04729483649134636
training loss = 0.043770696967840195
training loss = 0.04159616678953171
training loss = 0.03948405757546425
training loss = 0.03735145926475525
training loss = 0.03520233929157257
training loss = 0.03305194526910782
training loss = 0.03091813437640667
training loss = 0.02881854772567749
training loss = 0.026769621297717094
training loss = 0.024787569418549538
rep 1 done out of 1
reduced chi^2 level 2 = 0.024768564850091934
Constrained alpha: 1.9192475080490112
Constrained beta: 12.690135955810547
Constrained gamma: 77.86973571777344
(1, 6)
(1, 0)
Thanks for using LHAPDF 6.5.4. Please make sure to cite the paper:
  Eur.Phys.J. C75 (2015) 3, 132  (http://arxiv.org/abs/1412.7420)
