LHAPDF 6.5.4 loading /data/theorie/jjohn/miniconda3/envs/nnpdf_dev/share/LHAPDF/FASERv_EPOS+POWHEG_7TeV/FASERv_EPOS+POWHEG_7TeV_0000.dat
FASERv_EPOS+POWHEG_7TeV PDF set, member #0, version 1; LHAPDF ID = 70001000
LHAPDF 6.5.4 loading /data/theorie/jjohn/miniconda3/envs/nnpdf_dev/share/LHAPDF/FASERv_EPOS+POWHEG_7TeV/FASERv_EPOS+POWHEG_7TeV_0000.dat
FASERv_EPOS+POWHEG_7TeV PDF set, member #0, version 1; LHAPDF ID = 70001000
0.1286965516798616 19.234093456786322 26.686677892334444
val isze = 0
idinces = [4 5 3 0 1 2]
training loss = 28.951669692993164
training loss = 25.977294921875
training loss = 23.349414825439453
training loss = 20.49816131591797
training loss = 17.626556396484375
training loss = 14.818778038024902
training loss = 11.737872123718262
training loss = 4.646888732910156
training loss = 0.6702966094017029
training loss = 0.624069333076477
training loss = 0.5945888161659241
training loss = 0.5699148178100586
training loss = 0.5458369255065918
training loss = 0.5204686522483826
training loss = 0.4927825927734375
training loss = 0.46190309524536133
training loss = 0.4344702661037445
training loss = 0.39299821853637695
training loss = 0.3729882538318634
training loss = 0.31656020879745483
rep 1 done out of 1
reduced chi^2 level 2 = 0.31615176796913147
Constrained alpha: 2.074732780456543
Constrained beta: 11.867728233337402
Constrained gamma: 25.98409652709961
(1, 6)
(1, 0)
Thanks for using LHAPDF 6.5.4. Please make sure to cite the paper:
  Eur.Phys.J. C75 (2015) 3, 132  (http://arxiv.org/abs/1412.7420)
