LHAPDF 6.5.4 loading /data/theorie/jjohn/miniconda3/envs/nnpdf_dev/share/LHAPDF/FASERv_EPOS+POWHEG_7TeV/FASERv_EPOS+POWHEG_7TeV_0000.dat
FASERv_EPOS+POWHEG_7TeV PDF set, member #0, version 1; LHAPDF ID = 70001000
LHAPDF 6.5.4 loading /data/theorie/jjohn/miniconda3/envs/nnpdf_dev/share/LHAPDF/FASERv_EPOS+POWHEG_7TeV/FASERv_EPOS+POWHEG_7TeV_0000.dat
FASERv_EPOS+POWHEG_7TeV PDF set, member #0, version 1; LHAPDF ID = 70001000
2.978497547279149 2.8039225499414755 98.4061708618623
val isze = 0
idinces = [4 5 3 0 1 2]
training loss = 49.95238494873047
training loss = 37.421756744384766
training loss = 33.86445236206055
training loss = 30.169254302978516
training loss = 26.622344970703125
training loss = 23.432510375976562
training loss = 20.724353790283203
training loss = 18.543228149414062
training loss = 16.869417190551758
training loss = 15.63919734954834
training loss = 14.767197608947754
training loss = 14.164496421813965
training loss = 13.751813888549805
training loss = 13.465173721313477
training loss = 13.257288932800293
training loss = 13.095672607421875
training loss = 12.959383964538574
training loss = 12.835687637329102
training loss = 12.717342376708984
training loss = 12.600373268127441
(1, 6)
(1, 0)
Thanks for using LHAPDF 6.5.4. Please make sure to cite the paper:
  Eur.Phys.J. C75 (2015) 3, 132  (http://arxiv.org/abs/1412.7420)
