LHAPDF 6.5.4 loading /data/theorie/jjohn/miniconda3/envs/nnpdf_dev/share/LHAPDF/FASERv_EPOS+POWHEG_7TeV/FASERv_EPOS+POWHEG_7TeV_0000.dat
FASERv_EPOS+POWHEG_7TeV PDF set, member #0, version 1; LHAPDF ID = 70001000
LHAPDF 6.5.4 loading /data/theorie/jjohn/miniconda3/envs/nnpdf_dev/share/LHAPDF/FASERv_EPOS+POWHEG_7TeV/FASERv_EPOS+POWHEG_7TeV_0000.dat
FASERv_EPOS+POWHEG_7TeV PDF set, member #0, version 1; LHAPDF ID = 70001000
1.2104361231726162 13.006953429536344 21.985510821043864
val isze = 0
idinces = [4 5 3 0 1 2]
training loss = 15.92318058013916
training loss = 13.616706848144531
training loss = 11.794797897338867
training loss = 10.062430381774902
training loss = 8.572903633117676
training loss = 7.390773296356201
training loss = 6.490660190582275
training loss = 5.788421630859375
training loss = 5.321605682373047
training loss = 5.184634208679199
training loss = 5.086092948913574
training loss = 4.941201686859131
training loss = 4.677257537841797
training loss = 4.0142130851745605
training loss = 2.310689687728882
training loss = 0.6459718942642212
training loss = 0.11471834033727646
training loss = 0.017664438113570213
training loss = 0.0031227986328303814
training loss = 0.0008683936321176589
rep 1 done out of 1
reduced chi^2 level 2 = 0.0008600577129982412
Constrained alpha: 1.6182435750961304
Constrained beta: 5.961996555328369
Constrained gamma: 22.018016815185547
(1, 6)
(1, 0)
Thanks for using LHAPDF 6.5.4. Please make sure to cite the paper:
  Eur.Phys.J. C75 (2015) 3, 132  (http://arxiv.org/abs/1412.7420)
