LHAPDF 6.5.4 loading /data/theorie/jjohn/miniconda3/envs/nnpdf_dev/share/LHAPDF/FASERv_EPOS+POWHEG_7TeV/FASERv_EPOS+POWHEG_7TeV_0000.dat
FASERv_EPOS+POWHEG_7TeV PDF set, member #0, version 1; LHAPDF ID = 70001000
LHAPDF 6.5.4 loading /data/theorie/jjohn/miniconda3/envs/nnpdf_dev/share/LHAPDF/FASERv_EPOS+POWHEG_7TeV/FASERv_EPOS+POWHEG_7TeV_0000.dat
FASERv_EPOS+POWHEG_7TeV PDF set, member #0, version 1; LHAPDF ID = 70001000
1.5011269666081628 0.959341616097038 24.042104717579438
val isze = 0
idinces = [4 5 3 0 1 2]
training loss = 39.42462921142578
training loss = 37.107906341552734
training loss = 34.4892578125
training loss = 31.756309509277344
training loss = 28.896251678466797
training loss = 19.454303741455078
training loss = 7.009491920471191
training loss = 3.5828046798706055
training loss = 2.116955041885376
training loss = 1.352421760559082
training loss = 0.9241936802864075
training loss = 0.6704012155532837
training loss = 0.506792426109314
training loss = 0.38138288259506226
training loss = 0.2851783335208893
training loss = 0.21441030502319336
training loss = 0.1599632352590561
training loss = 0.121122345328331
training loss = 0.09116226434707642
training loss = 0.08342038094997406
rep 1 done out of 1
reduced chi^2 level 2 = 0.0685667097568512
Constrained alpha: 1.5051621198654175
Constrained beta: 4.7060866355896
Constrained gamma: 25.102407455444336
(1, 6)
(1, 0)
Thanks for using LHAPDF 6.5.4. Please make sure to cite the paper:
  Eur.Phys.J. C75 (2015) 3, 132  (http://arxiv.org/abs/1412.7420)
