LHAPDF 6.5.4 loading /data/theorie/jjohn/miniconda3/envs/nnpdf_dev/share/LHAPDF/FASERv_EPOS+POWHEG_7TeV/FASERv_EPOS+POWHEG_7TeV_0000.dat
FASERv_EPOS+POWHEG_7TeV PDF set, member #0, version 1; LHAPDF ID = 70001000
LHAPDF 6.5.4 loading /data/theorie/jjohn/miniconda3/envs/nnpdf_dev/share/LHAPDF/FASERv_EPOS+POWHEG_7TeV/FASERv_EPOS+POWHEG_7TeV_0000.dat
FASERv_EPOS+POWHEG_7TeV PDF set, member #0, version 1; LHAPDF ID = 70001000
3.2476508949213656 2.888549062209871 53.26533858801513
val isze = 0
idinces = [4 5 3 0 1 2]
training loss = 168.99627685546875
training loss = 110.88116455078125
training loss = 96.13932800292969
training loss = 79.74480438232422
training loss = 63.06605911254883
training loss = 47.76421356201172
training loss = 35.459590911865234
training loss = 27.221099853515625
training loss = 22.942245483398438
training loss = 21.119487762451172
training loss = 20.143470764160156
training loss = 19.31732177734375
training loss = 18.483083724975586
training loss = 17.599483489990234
training loss = 16.630714416503906
training loss = 15.534618377685547
training loss = 14.265905380249023
training loss = 12.784767150878906
training loss = 11.072656631469727
training loss = 9.154024124145508
(1, 6)
(1, 0)
Thanks for using LHAPDF 6.5.4. Please make sure to cite the paper:
  Eur.Phys.J. C75 (2015) 3, 132  (http://arxiv.org/abs/1412.7420)
