LHAPDF 6.5.4 loading /data/theorie/jjohn/miniconda3/envs/nnpdf_dev/share/LHAPDF/FASERv_EPOS+POWHEG_7TeV/FASERv_EPOS+POWHEG_7TeV_0000.dat
FASERv_EPOS+POWHEG_7TeV PDF set, member #0, version 1; LHAPDF ID = 70001000
LHAPDF 6.5.4 loading /data/theorie/jjohn/miniconda3/envs/nnpdf_dev/share/LHAPDF/FASERv_EPOS+POWHEG_7TeV/FASERv_EPOS+POWHEG_7TeV_0000.dat
FASERv_EPOS+POWHEG_7TeV PDF set, member #0, version 1; LHAPDF ID = 70001000
4.123060051629536 12.838482962001915 1.5546541852132
val isze = 0
idinces = [4 5 3 0 1 2]
training loss = 322.9175109863281
training loss = 321.08331298828125
training loss = 318.9223327636719
training loss = 316.0399169921875
training loss = 312.13250732421875
training loss = 306.59637451171875
training loss = 298.71087646484375
training loss = 288.2398681640625
training loss = 271.63397216796875
training loss = 230.33944702148438
training loss = 158.54505920410156
training loss = 117.10181427001953
training loss = 72.12626647949219
training loss = 31.970909118652344
training loss = 14.867676734924316
training loss = 3.2248077392578125
training loss = 0.36891254782676697
training loss = 0.04021378234028816
training loss = 0.004781866446137428
training loss = 0.005087611265480518
rep 1 done out of 1
reduced chi^2 level 2 = 0.0014076043153181672
Constrained alpha: 4.123554706573486
Constrained beta: 3.89131498336792
Constrained gamma: 2.2134928703308105
(1, 6)
(1, 0)
Thanks for using LHAPDF 6.5.4. Please make sure to cite the paper:
  Eur.Phys.J. C75 (2015) 3, 132  (http://arxiv.org/abs/1412.7420)
