LHAPDF 6.5.4 loading /data/theorie/jjohn/miniconda3/envs/nnpdf_dev/share/LHAPDF/FASERv_EPOS+POWHEG_7TeV/FASERv_EPOS+POWHEG_7TeV_0000.dat
FASERv_EPOS+POWHEG_7TeV PDF set, member #0, version 1; LHAPDF ID = 70001000
LHAPDF 6.5.4 loading /data/theorie/jjohn/miniconda3/envs/nnpdf_dev/share/LHAPDF/FASERv_EPOS+POWHEG_7TeV/FASERv_EPOS+POWHEG_7TeV_0000.dat
FASERv_EPOS+POWHEG_7TeV PDF set, member #0, version 1; LHAPDF ID = 70001000
4.843261323023359 7.21829631237102 49.78118696548077
val isze = 0
idinces = [4 5 3 0 1 2]
training loss = 1235137.625
training loss = 136759.75
training loss = 51883.07421875
training loss = 27263.61328125
training loss = 16764.3046875
training loss = 11321.7109375
training loss = 8143.43701171875
training loss = 6130.62451171875
training loss = 4778.28466796875
training loss = 3828.582763671875
training loss = 3138.123046875
training loss = 2621.9560546875
training loss = 2227.16796875
training loss = 1919.409912109375
training loss = 1675.9852294921875
training loss = 1480.62939453125
training loss = 1321.7825927734375
training loss = 1191.3070068359375
training loss = 1083.172607421875
training loss = 992.8602294921875
(1, 6)
(1, 0)
Thanks for using LHAPDF 6.5.4. Please make sure to cite the paper:
  Eur.Phys.J. C75 (2015) 3, 132  (http://arxiv.org/abs/1412.7420)
