LHAPDF 6.5.4 loading /data/theorie/jjohn/miniconda3/envs/nnpdf_dev/share/LHAPDF/FASERv_EPOS+POWHEG_7TeV/FASERv_EPOS+POWHEG_7TeV_0000.dat
FASERv_EPOS+POWHEG_7TeV PDF set, member #0, version 1; LHAPDF ID = 70001000
LHAPDF 6.5.4 loading /data/theorie/jjohn/miniconda3/envs/nnpdf_dev/share/LHAPDF/FASERv_EPOS+POWHEG_7TeV/FASERv_EPOS+POWHEG_7TeV_0000.dat
FASERv_EPOS+POWHEG_7TeV PDF set, member #0, version 1; LHAPDF ID = 70001000
2.916444786723157 4.263566788355213 74.46284229957456
val isze = 0
idinces = [4 5 3 0 1 2]
training loss = 59.612205505371094
training loss = 37.17799377441406
training loss = 22.832290649414062
training loss = 17.409099578857422
training loss = 15.910860061645508
training loss = 15.304910659790039
training loss = 14.805713653564453
training loss = 14.29952335357666
training loss = 13.780298233032227
training loss = 13.252664566040039
training loss = 12.721427917480469
training loss = 12.19090461730957
training loss = 11.664860725402832
training loss = 11.146554946899414
training loss = 10.638760566711426
training loss = 10.143810272216797
training loss = 9.663593292236328
training loss = 9.199612617492676
training loss = 8.753055572509766
training loss = 8.324773788452148
(1, 6)
(1, 0)
Thanks for using LHAPDF 6.5.4. Please make sure to cite the paper:
  Eur.Phys.J. C75 (2015) 3, 132  (http://arxiv.org/abs/1412.7420)
