LHAPDF 6.5.4 loading /data/theorie/jjohn/miniconda3/envs/nnpdf_dev/share/LHAPDF/FASERv_EPOS+POWHEG_7TeV/FASERv_EPOS+POWHEG_7TeV_0000.dat
FASERv_EPOS+POWHEG_7TeV PDF set, member #0, version 1; LHAPDF ID = 70001000
LHAPDF 6.5.4 loading /data/theorie/jjohn/miniconda3/envs/nnpdf_dev/share/LHAPDF/FASERv_EPOS+POWHEG_7TeV/FASERv_EPOS+POWHEG_7TeV_0000.dat
FASERv_EPOS+POWHEG_7TeV PDF set, member #0, version 1; LHAPDF ID = 70001000
2.7095010514690534 9.57427654218683 39.24615285823376
val isze = 0
idinces = [4 5 3 0 1 2]
training loss = 19.863155364990234
training loss = 19.618825912475586
training loss = 19.253631591796875
training loss = 14.293779373168945
training loss = 4.198401927947998
training loss = 3.8090157508850098
training loss = 3.2305922508239746
training loss = 2.4400596618652344
training loss = 1.5361974239349365
training loss = 0.7866044044494629
training loss = 0.3521007299423218
training loss = 0.16795778274536133
training loss = 0.08292435109615326
training loss = 0.04373219981789589
training loss = 0.024440480396151543
training loss = 0.014785447157919407
training loss = 0.009643454104661942
training loss = 0.006895476020872593
training loss = 0.005191505420953035
training loss = 0.07004155963659286
rep 1 done out of 1
reduced chi^2 level 2 = 0.029847050085663795
Constrained alpha: 1.2310785055160522
Constrained beta: 7.690701484680176
Constrained gamma: 34.930171966552734
(1, 6)
(1, 0)
Thanks for using LHAPDF 6.5.4. Please make sure to cite the paper:
  Eur.Phys.J. C75 (2015) 3, 132  (http://arxiv.org/abs/1412.7420)
