LHAPDF 6.5.4 loading /data/theorie/jjohn/miniconda3/envs/nnpdf_dev/share/LHAPDF/FASERv_EPOS+POWHEG_7TeV/FASERv_EPOS+POWHEG_7TeV_0000.dat
FASERv_EPOS+POWHEG_7TeV PDF set, member #0, version 1; LHAPDF ID = 70001000
LHAPDF 6.5.4 loading /data/theorie/jjohn/miniconda3/envs/nnpdf_dev/share/LHAPDF/FASERv_EPOS+POWHEG_7TeV/FASERv_EPOS+POWHEG_7TeV_0000.dat
FASERv_EPOS+POWHEG_7TeV PDF set, member #0, version 1; LHAPDF ID = 70001000
1.205872407867055 18.182840495885696 35.1392613183338
val isze = 0
idinces = [4 5 3 0 1 2]
training loss = 24.311439514160156
training loss = 17.096240997314453
training loss = 15.564412117004395
training loss = 13.987468719482422
training loss = 12.315630912780762
training loss = 7.169021129608154
training loss = 1.9497519731521606
training loss = 1.5915201902389526
training loss = 1.2754836082458496
training loss = 0.9386376142501831
training loss = 0.6205806732177734
training loss = 0.3474506735801697
training loss = 0.1533864438533783
training loss = 0.05099216848611832
training loss = 0.018875665962696075
training loss = 0.003731749951839447
training loss = 0.009592791087925434
training loss = 0.0006915598642081022
training loss = 0.009650366380810738
training loss = 0.000499919056892395
rep 1 done out of 1
reduced chi^2 level 2 = 0.0004967022687196732
Constrained alpha: 1.929328203201294
Constrained beta: 10.379834175109863
Constrained gamma: 33.31433868408203
(1, 6)
(1, 0)
Thanks for using LHAPDF 6.5.4. Please make sure to cite the paper:
  Eur.Phys.J. C75 (2015) 3, 132  (http://arxiv.org/abs/1412.7420)
