LHAPDF 6.5.4 loading /data/theorie/jjohn/miniconda3/envs/nnpdf_dev/share/LHAPDF/FASERv_EPOS+POWHEG_7TeV/FASERv_EPOS+POWHEG_7TeV_0000.dat
FASERv_EPOS+POWHEG_7TeV PDF set, member #0, version 1; LHAPDF ID = 70001000
LHAPDF 6.5.4 loading /data/theorie/jjohn/miniconda3/envs/nnpdf_dev/share/LHAPDF/FASERv_EPOS+POWHEG_7TeV/FASERv_EPOS+POWHEG_7TeV_0000.dat
FASERv_EPOS+POWHEG_7TeV PDF set, member #0, version 1; LHAPDF ID = 70001000
3.6033698933778053 0.8454813729891764 47.23279350834181
val isze = 0
idinces = [4 5 3 0 1 2]
training loss = 512.9149780273438
training loss = 194.01153564453125
training loss = 162.31024169921875
training loss = 144.11863708496094
training loss = 131.273193359375
training loss = 121.89839172363281
training loss = 114.42459106445312
training loss = 107.78822326660156
training loss = 101.32664489746094
training loss = 94.64328002929688
training loss = 87.52044677734375
training loss = 79.88475036621094
training loss = 71.80574798583984
training loss = 63.4993896484375
training loss = 55.30712890625
training loss = 47.63330841064453
training loss = 40.8477783203125
training loss = 35.18879318237305
training loss = 30.710041046142578
training loss = 27.294246673583984
(1, 6)
(1, 0)
Thanks for using LHAPDF 6.5.4. Please make sure to cite the paper:
  Eur.Phys.J. C75 (2015) 3, 132  (http://arxiv.org/abs/1412.7420)
