LHAPDF 6.5.4 loading /data/theorie/jjohn/miniconda3/envs/nnpdf_dev/share/LHAPDF/FASERv_EPOS+POWHEG_7TeV/FASERv_EPOS+POWHEG_7TeV_0000.dat
FASERv_EPOS+POWHEG_7TeV PDF set, member #0, version 1; LHAPDF ID = 70001000
LHAPDF 6.5.4 loading /data/theorie/jjohn/miniconda3/envs/nnpdf_dev/share/LHAPDF/FASERv_EPOS+POWHEG_7TeV/FASERv_EPOS+POWHEG_7TeV_0000.dat
FASERv_EPOS+POWHEG_7TeV PDF set, member #0, version 1; LHAPDF ID = 70001000
1.0975338041892586 11.486103982866108 76.69873388817952
val isze = 0
idinces = [4 5 3 0 1 2]
training loss = 7.238414764404297
training loss = 6.706960201263428
training loss = 6.157756328582764
training loss = 5.610716819763184
training loss = 5.1054792404174805
training loss = 4.652010440826416
training loss = 4.206878662109375
training loss = 3.500948190689087
training loss = 0.9952751398086548
training loss = 0.6243762373924255
training loss = 0.6059585213661194
training loss = 0.597412109375
training loss = 0.5915670394897461
training loss = 0.5869828462600708
training loss = 0.5831956267356873
training loss = 0.5799838900566101
training loss = 0.5772134065628052
training loss = 0.5747863054275513
training loss = 0.5726242661476135
training loss = 0.5706772804260254
rep 1 done out of 1
reduced chi^2 level 2 = 0.5706582069396973
Constrained alpha: 2.040600538253784
Constrained beta: 8.64660930633545
Constrained gamma: 68.8431396484375
(1, 6)
(1, 0)
Thanks for using LHAPDF 6.5.4. Please make sure to cite the paper:
  Eur.Phys.J. C75 (2015) 3, 132  (http://arxiv.org/abs/1412.7420)
