LHAPDF 6.5.4 loading /data/theorie/jjohn/miniconda3/envs/nnpdf_dev/share/LHAPDF/FASERv_EPOS+POWHEG_7TeV/FASERv_EPOS+POWHEG_7TeV_0000.dat
FASERv_EPOS+POWHEG_7TeV PDF set, member #0, version 1; LHAPDF ID = 70001000
LHAPDF 6.5.4 loading /data/theorie/jjohn/miniconda3/envs/nnpdf_dev/share/LHAPDF/FASERv_EPOS+POWHEG_7TeV/FASERv_EPOS+POWHEG_7TeV_0000.dat
FASERv_EPOS+POWHEG_7TeV PDF set, member #0, version 1; LHAPDF ID = 70001000
1.9566121788211333 0.5263995149700018 7.388257312033497
val isze = 0
idinces = [4 5 3 0 1 2]
training loss = 43.714046478271484
training loss = 39.8284912109375
training loss = 35.2628173828125
training loss = 29.698856353759766
training loss = 21.098398208618164
training loss = 13.513738632202148
training loss = 7.078250885009766
training loss = 1.2695693969726562
training loss = 0.35734057426452637
training loss = 0.15980450809001923
training loss = 0.11116284132003784
training loss = 0.09799561649560928
training loss = 0.08998095989227295
training loss = 0.0855913907289505
training loss = 0.08043919503688812
training loss = 0.07766962051391602
training loss = 0.07341722398996353
training loss = 0.0722961574792862
training loss = 0.06835012137889862
training loss = 0.10737386345863342
rep 1 done out of 1
reduced chi^2 level 2 = 0.13323985040187836
Constrained alpha: 1.7571889162063599
Constrained beta: 4.054401874542236
Constrained gamma: 8.246368408203125
(1, 6)
(1, 0)
Thanks for using LHAPDF 6.5.4. Please make sure to cite the paper:
  Eur.Phys.J. C75 (2015) 3, 132  (http://arxiv.org/abs/1412.7420)
