LHAPDF 6.5.4 loading /data/theorie/jjohn/miniconda3/envs/nnpdf_dev/share/LHAPDF/FASERv_EPOS+POWHEG_7TeV/FASERv_EPOS+POWHEG_7TeV_0000.dat
FASERv_EPOS+POWHEG_7TeV PDF set, member #0, version 1; LHAPDF ID = 70001000
LHAPDF 6.5.4 loading /data/theorie/jjohn/miniconda3/envs/nnpdf_dev/share/LHAPDF/FASERv_EPOS+POWHEG_7TeV/FASERv_EPOS+POWHEG_7TeV_0000.dat
FASERv_EPOS+POWHEG_7TeV PDF set, member #0, version 1; LHAPDF ID = 70001000
4.550878835580158 9.561432229073233 89.10375716356968
val isze = 0
idinces = [4 5 3 0 1 2]
training loss = 80521.171875
training loss = 54722.6015625
training loss = 37052.33984375
training loss = 25788.880859375
training loss = 18571.8671875
training loss = 13813.91796875
training loss = 10571.1650390625
training loss = 8289.17578125
training loss = 6638.89306640625
training loss = 5413.796875
training loss = 4484.8642578125
training loss = 3768.170166015625
training loss = 3205.024658203125
training loss = 2756.24853515625
training loss = 2394.1298828125
training loss = 2098.700439453125
training loss = 1855.64794921875
training loss = 1653.91943359375
training loss = 1484.87646484375
training loss = 1342.2435302734375
(1, 6)
(1, 0)
Thanks for using LHAPDF 6.5.4. Please make sure to cite the paper:
  Eur.Phys.J. C75 (2015) 3, 132  (http://arxiv.org/abs/1412.7420)
