LHAPDF 6.5.4 loading /data/theorie/jjohn/miniconda3/envs/nnpdf_dev/share/LHAPDF/FASERv_EPOS+POWHEG_7TeV/FASERv_EPOS+POWHEG_7TeV_0000.dat
FASERv_EPOS+POWHEG_7TeV PDF set, member #0, version 1; LHAPDF ID = 70001000
LHAPDF 6.5.4 loading /data/theorie/jjohn/miniconda3/envs/nnpdf_dev/share/LHAPDF/FASERv_EPOS+POWHEG_7TeV/FASERv_EPOS+POWHEG_7TeV_0000.dat
FASERv_EPOS+POWHEG_7TeV PDF set, member #0, version 1; LHAPDF ID = 70001000
0.5096123407167114 12.845023403254356 81.37291935610672
val isze = 0
idinces = [4 5 3 0 1 2]
training loss = 7.156680583953857
training loss = 5.244956970214844
training loss = 4.908831596374512
training loss = 4.557118892669678
training loss = 4.215634346008301
training loss = 3.9026665687561035
training loss = 3.629725933074951
training loss = 3.4020516872406006
training loss = 3.2191615104675293
training loss = 3.075512647628784
training loss = 2.9604058265686035
training loss = 2.8542799949645996
training loss = 2.7043025493621826
training loss = 2.185541868209839
training loss = 0.6492664217948914
training loss = 0.5954998731613159
training loss = 0.5811403393745422
training loss = 0.5741714239120483
training loss = 0.5676836967468262
training loss = 0.5598423480987549
rep 1 done out of 1
reduced chi^2 level 2 = 0.5597535371780396
Constrained alpha: 1.8655637502670288
Constrained beta: 10.367985725402832
Constrained gamma: 71.80519104003906
(1, 6)
(1, 0)
Thanks for using LHAPDF 6.5.4. Please make sure to cite the paper:
  Eur.Phys.J. C75 (2015) 3, 132  (http://arxiv.org/abs/1412.7420)
