LHAPDF 6.5.4 loading /data/theorie/jjohn/miniconda3/envs/nnpdf_dev/share/LHAPDF/FASERv_EPOS+POWHEG_7TeV/FASERv_EPOS+POWHEG_7TeV_0000.dat
FASERv_EPOS+POWHEG_7TeV PDF set, member #0, version 1; LHAPDF ID = 70001000
LHAPDF 6.5.4 loading /data/theorie/jjohn/miniconda3/envs/nnpdf_dev/share/LHAPDF/FASERv_EPOS+POWHEG_7TeV/FASERv_EPOS+POWHEG_7TeV_0000.dat
FASERv_EPOS+POWHEG_7TeV PDF set, member #0, version 1; LHAPDF ID = 70001000
0.5429642512071792 16.77449048929582 65.97535361699283
val isze = 0
idinces = [4 5 3 0 1 2]
training loss = 18.739992141723633
training loss = 16.700788497924805
training loss = 15.668219566345215
training loss = 14.622779846191406
training loss = 13.605708122253418
training loss = 2.934990882873535
training loss = 0.2209586650133133
training loss = 0.018475491553544998
training loss = 0.012788243591785431
training loss = 0.011477598920464516
training loss = 0.010290076024830341
training loss = 0.009172564372420311
training loss = 0.008117146790027618
training loss = 0.00711736548691988
training loss = 0.00616795290261507
training loss = 0.005267657805234194
training loss = 0.0044156089425086975
training loss = 0.029429547488689423
training loss = 0.002993935253471136
training loss = 0.028053419664502144
rep 1 done out of 1
reduced chi^2 level 2 = 0.00390405161306262
Constrained alpha: 1.5794368982315063
Constrained beta: 11.287498474121094
Constrained gamma: 59.51654815673828
(1, 6)
(1, 0)
Thanks for using LHAPDF 6.5.4. Please make sure to cite the paper:
  Eur.Phys.J. C75 (2015) 3, 132  (http://arxiv.org/abs/1412.7420)
