LHAPDF 6.5.4 loading /data/theorie/jjohn/miniconda3/envs/nnpdf_dev/share/LHAPDF/FASERv_EPOS+POWHEG_7TeV/FASERv_EPOS+POWHEG_7TeV_0000.dat
FASERv_EPOS+POWHEG_7TeV PDF set, member #0, version 1; LHAPDF ID = 70001000
LHAPDF 6.5.4 loading /data/theorie/jjohn/miniconda3/envs/nnpdf_dev/share/LHAPDF/FASERv_EPOS+POWHEG_7TeV/FASERv_EPOS+POWHEG_7TeV_0000.dat
FASERv_EPOS+POWHEG_7TeV PDF set, member #0, version 1; LHAPDF ID = 70001000
2.1794081594422594 13.44978263510815 62.45317970873893
val isze = 0
idinces = [4 5 3 0 1 2]
training loss = 13.004151344299316
training loss = 11.980430603027344
training loss = 2.2014517784118652
training loss = 0.07720490545034409
training loss = 0.048559047281742096
training loss = 0.03741810843348503
training loss = 0.03274524211883545
training loss = 0.031887251883745193
training loss = 0.029344307258725166
training loss = 0.05148141831159592
training loss = 0.027692198753356934
training loss = 0.026869971305131912
training loss = 0.02655833587050438
training loss = 0.025808580219745636
training loss = 0.11223528534173965
training loss = 0.02494102157652378
training loss = 0.024302640929818153
training loss = 0.024968355894088745
training loss = 0.023578576743602753
training loss = 0.02298050746321678
rep 1 done out of 1
reduced chi^2 level 2 = 0.022973936051130295
Constrained alpha: 1.9634157419204712
Constrained beta: 11.128424644470215
Constrained gamma: 54.828086853027344
(1, 6)
(1, 0)
Thanks for using LHAPDF 6.5.4. Please make sure to cite the paper:
  Eur.Phys.J. C75 (2015) 3, 132  (http://arxiv.org/abs/1412.7420)
