LHAPDF 6.5.4 loading /data/theorie/jjohn/miniconda3/envs/nnpdf_dev/share/LHAPDF/FASERv_EPOS+POWHEG_7TeV/FASERv_EPOS+POWHEG_7TeV_0000.dat
FASERv_EPOS+POWHEG_7TeV PDF set, member #0, version 1; LHAPDF ID = 70001000
LHAPDF 6.5.4 loading /data/theorie/jjohn/miniconda3/envs/nnpdf_dev/share/LHAPDF/FASERv_EPOS+POWHEG_7TeV/FASERv_EPOS+POWHEG_7TeV_0000.dat
FASERv_EPOS+POWHEG_7TeV PDF set, member #0, version 1; LHAPDF ID = 70001000
3.1722768144986917 11.83690674570598 92.22659623689968
val isze = 0
idinces = [4 5 3 0 1 2]
training loss = 317.13543701171875
training loss = 280.0995788574219
training loss = 276.62835693359375
training loss = 272.44189453125
training loss = 267.5609436035156
training loss = 261.9522705078125
training loss = 255.525634765625
training loss = 248.1180419921875
training loss = 239.43618774414062
training loss = 228.86862182617188
training loss = 214.83108520507812
training loss = 192.25180053710938
training loss = 145.7219696044922
training loss = 71.56119537353516
training loss = 33.545326232910156
training loss = 22.83386993408203
training loss = 17.62962532043457
training loss = 14.810453414916992
training loss = 13.042254447937012
training loss = 11.743101119995117
(1, 6)
(1, 0)
Thanks for using LHAPDF 6.5.4. Please make sure to cite the paper:
  Eur.Phys.J. C75 (2015) 3, 132  (http://arxiv.org/abs/1412.7420)
