LHAPDF 6.5.4 loading /data/theorie/jjohn/miniconda3/envs/nnpdf_dev/share/LHAPDF/FASERv_EPOS+POWHEG_7TeV/FASERv_EPOS+POWHEG_7TeV_0000.dat
FASERv_EPOS+POWHEG_7TeV PDF set, member #0, version 1; LHAPDF ID = 70001000
LHAPDF 6.5.4 loading /data/theorie/jjohn/miniconda3/envs/nnpdf_dev/share/LHAPDF/FASERv_EPOS+POWHEG_7TeV/FASERv_EPOS+POWHEG_7TeV_0000.dat
FASERv_EPOS+POWHEG_7TeV PDF set, member #0, version 1; LHAPDF ID = 70001000
4.124979885090344 8.348305347458574 82.86410039343049
val isze = 0
idinces = [5 2 4 1 0 3]
training loss = 7542.67431640625
training loss = 3560.7578125
training loss = 1947.3310546875
training loss = 1254.6640625
training loss = 923.8423461914062
training loss = 750.4354858398438
training loss = 652.7124633789062
training loss = 594.4891357421875
training loss = 558.293212890625
training loss = 535.0234375
training loss = 519.6705932617188
training loss = 509.31024169921875
training loss = 502.1874694824219
training loss = 497.2130432128906
training loss = 493.6671142578125
training loss = 491.0826110839844
training loss = 489.14666748046875
training loss = 487.6453552246094
training loss = 486.4302978515625
training loss = 485.3970947265625
(1, 6)
(1, 0)
Thanks for using LHAPDF 6.5.4. Please make sure to cite the paper:
  Eur.Phys.J. C75 (2015) 3, 132  (http://arxiv.org/abs/1412.7420)
