LHAPDF 6.5.4 loading /data/theorie/jjohn/miniconda3/envs/nnpdf_dev/share/LHAPDF/FASERv_EPOS+POWHEG_7TeV/FASERv_EPOS+POWHEG_7TeV_0000.dat
FASERv_EPOS+POWHEG_7TeV PDF set, member #0, version 1; LHAPDF ID = 70001000
LHAPDF 6.5.4 loading /data/theorie/jjohn/miniconda3/envs/nnpdf_dev/share/LHAPDF/FASERv_EPOS+POWHEG_7TeV/FASERv_EPOS+POWHEG_7TeV_0000.dat
FASERv_EPOS+POWHEG_7TeV PDF set, member #0, version 1; LHAPDF ID = 70001000
3.133301308084348 9.917026316297783 67.50001066905162
val isze = 0
idinces = [4 5 3 0 1 2]
training loss = 183.66616821289062
training loss = 171.38427734375
training loss = 167.32052612304688
training loss = 163.24429321289062
training loss = 158.63275146484375
training loss = 153.37701416015625
training loss = 147.45797729492188
training loss = 140.8677978515625
training loss = 133.57867431640625
training loss = 125.51535034179688
training loss = 116.50563049316406
training loss = 106.18428802490234
training loss = 93.7651138305664
training loss = 77.5345458984375
training loss = 54.58718490600586
training loss = 26.181411743164062
training loss = 7.8001203536987305
training loss = 3.729137897491455
training loss = 3.0689940452575684
training loss = 2.7298855781555176
rep 1 done out of 1
reduced chi^2 level 2 = 2.7270431518554688
Constrained alpha: 2.6452181339263916
Constrained beta: 7.268881797790527
Constrained gamma: 67.33438110351562
(1, 6)
(1, 0)
Thanks for using LHAPDF 6.5.4. Please make sure to cite the paper:
  Eur.Phys.J. C75 (2015) 3, 132  (http://arxiv.org/abs/1412.7420)
