LHAPDF 6.5.4 loading /data/theorie/jjohn/miniconda3/envs/nnpdf_dev/share/LHAPDF/FASERv_EPOS+POWHEG_7TeV/FASERv_EPOS+POWHEG_7TeV_0000.dat
FASERv_EPOS+POWHEG_7TeV PDF set, member #0, version 1; LHAPDF ID = 70001000
LHAPDF 6.5.4 loading /data/theorie/jjohn/miniconda3/envs/nnpdf_dev/share/LHAPDF/FASERv_EPOS+POWHEG_7TeV/FASERv_EPOS+POWHEG_7TeV_0000.dat
FASERv_EPOS+POWHEG_7TeV PDF set, member #0, version 1; LHAPDF ID = 70001000
1.014117365694438 19.65638104614874 52.72726694377947
val isze = 0
idinces = [4 5 3 0 1 2]
training loss = 22.339839935302734
training loss = 18.584278106689453
training loss = 17.270586013793945
training loss = 15.881214141845703
training loss = 14.454181671142578
training loss = 12.723886489868164
training loss = 7.814631462097168
training loss = 5.616777420043945
training loss = 5.084707736968994
training loss = 4.477936744689941
training loss = 3.6227657794952393
training loss = 2.7179131507873535
training loss = 2.234464406967163
training loss = 0.6196757555007935
training loss = 0.036107923835515976
training loss = 0.09501390159130096
rep 1 done out of 1
reduced chi^2 level 2 = 0.00014006227138452232
Constrained alpha: 2.1430795192718506
Constrained beta: 10.667593002319336
Constrained gamma: 48.73927688598633
(1, 6)
(1, 0)
Thanks for using LHAPDF 6.5.4. Please make sure to cite the paper:
  Eur.Phys.J. C75 (2015) 3, 132  (http://arxiv.org/abs/1412.7420)
