LHAPDF 6.5.4 loading /data/theorie/jjohn/miniconda3/envs/nnpdf_dev/share/LHAPDF/FASERv_EPOS+POWHEG_7TeV/FASERv_EPOS+POWHEG_7TeV_0000.dat
FASERv_EPOS+POWHEG_7TeV PDF set, member #0, version 1; LHAPDF ID = 70001000
LHAPDF 6.5.4 loading /data/theorie/jjohn/miniconda3/envs/nnpdf_dev/share/LHAPDF/FASERv_EPOS+POWHEG_7TeV/FASERv_EPOS+POWHEG_7TeV_0000.dat
FASERv_EPOS+POWHEG_7TeV PDF set, member #0, version 1; LHAPDF ID = 70001000
2.2996488182410846 1.6244942201401136 20.260050902969752
val isze = 0
idinces = [4 5 3 0 1 2]
training loss = 19.885358810424805
training loss = 16.786787033081055
training loss = 13.20340633392334
training loss = 8.814864158630371
training loss = 6.143202304840088
training loss = 5.301563262939453
training loss = 3.171764850616455
training loss = 1.0320395231246948
training loss = 0.22277677059173584
training loss = 0.04571611434221268
training loss = 0.15720397233963013
training loss = 0.0025535179302096367
training loss = 0.004654977470636368
training loss = 0.0007364063058048487
training loss = 0.0005949944606982172
training loss = 0.0005617790156975389
training loss = 0.00047137768706306815
training loss = 0.0005394199397414923
training loss = 0.0004038088663946837
training loss = 0.0004784240445587784
rep 1 done out of 1
reduced chi^2 level 2 = 0.0009627518011257052
Constrained alpha: 1.435703992843628
Constrained beta: 3.634694814682007
Constrained gamma: 20.338462829589844
(1, 6)
(1, 0)
Thanks for using LHAPDF 6.5.4. Please make sure to cite the paper:
  Eur.Phys.J. C75 (2015) 3, 132  (http://arxiv.org/abs/1412.7420)
