LHAPDF 6.5.4 loading /data/theorie/jjohn/miniconda3/envs/nnpdf_dev/share/LHAPDF/FASERv_EPOS+POWHEG_7TeV/FASERv_EPOS+POWHEG_7TeV_0000.dat
FASERv_EPOS+POWHEG_7TeV PDF set, member #0, version 1; LHAPDF ID = 70001000
LHAPDF 6.5.4 loading /data/theorie/jjohn/miniconda3/envs/nnpdf_dev/share/LHAPDF/FASERv_EPOS+POWHEG_7TeV/FASERv_EPOS+POWHEG_7TeV_0000.dat
FASERv_EPOS+POWHEG_7TeV PDF set, member #0, version 1; LHAPDF ID = 70001000
4.894246766125545 5.4018402811536115 8.306569276276354
val isze = 0
idinces = [4 5 3 0 1 2]
training loss = 42559.31640625
training loss = 8398.2939453125
training loss = 3112.07421875
training loss = 1625.0174560546875
training loss = 1044.2952880859375
training loss = 770.8788452148438
training loss = 626.2364501953125
training loss = 543.316650390625
training loss = 493.0547180175781
training loss = 461.32354736328125
training loss = 440.6710205078125
training loss = 426.94586181640625
training loss = 417.6147155761719
training loss = 411.16998291015625
training loss = 406.65252685546875
training loss = 403.43719482421875
training loss = 401.10711669921875
training loss = 399.3799133300781
training loss = 398.0625305175781
training loss = 397.02093505859375
(1, 6)
(1, 0)
Thanks for using LHAPDF 6.5.4. Please make sure to cite the paper:
  Eur.Phys.J. C75 (2015) 3, 132  (http://arxiv.org/abs/1412.7420)
