LHAPDF 6.5.4 loading /data/theorie/jjohn/miniconda3/envs/nnpdf_dev/share/LHAPDF/FASERv_EPOS+POWHEG_7TeV/FASERv_EPOS+POWHEG_7TeV_0000.dat
FASERv_EPOS+POWHEG_7TeV PDF set, member #0, version 1; LHAPDF ID = 70001000
LHAPDF 6.5.4 loading /data/theorie/jjohn/miniconda3/envs/nnpdf_dev/share/LHAPDF/FASERv_EPOS+POWHEG_7TeV/FASERv_EPOS+POWHEG_7TeV_0000.dat
FASERv_EPOS+POWHEG_7TeV PDF set, member #0, version 1; LHAPDF ID = 70001000
1.7691777669823034 6.9113711123559884 66.62383807010485
val isze = 0
idinces = [4 5 3 0 1 2]
training loss = 11.966216087341309
training loss = 11.054316520690918
training loss = 10.153286933898926
training loss = 9.380664825439453
training loss = 8.777119636535645
training loss = 8.331513404846191
training loss = 7.961200714111328
training loss = 7.592692852020264
training loss = 6.948131084442139
training loss = 3.9075839519500732
training loss = 0.9876453876495361
training loss = 0.19153299927711487
training loss = 0.04047458991408348
training loss = 0.011506079696118832
training loss = 0.004770033992826939
training loss = 0.0022766091860830784
training loss = 0.001584129873663187
training loss = 0.001194402459077537
training loss = 0.0012866387842223048
training loss = 0.0009549265960231423
rep 1 done out of 1
reduced chi^2 level 2 = 0.0009542626212351024
Constrained alpha: 1.0623618364334106
Constrained beta: 8.240297317504883
Constrained gamma: 57.908668518066406
(1, 6)
(1, 0)
Thanks for using LHAPDF 6.5.4. Please make sure to cite the paper:
  Eur.Phys.J. C75 (2015) 3, 132  (http://arxiv.org/abs/1412.7420)
