data before
[ 0.00000000e+00  0.00000000e+00  0.00000000e+00  0.00000000e+00
  0.00000000e+00  0.00000000e+00  0.00000000e+00  0.00000000e+00
  0.00000000e+00  0.00000000e+00  0.00000000e+00  0.00000000e+00
  0.00000000e+00  0.00000000e+00  0.00000000e+00  0.00000000e+00
  0.00000000e+00  0.00000000e+00  0.00000000e+00  0.00000000e+00
  0.00000000e+00  0.00000000e+00  0.00000000e+00  0.00000000e+00
  0.00000000e+00  0.00000000e+00  0.00000000e+00  0.00000000e+00
  0.00000000e+00  0.00000000e+00  0.00000000e+00  0.00000000e+00
  0.00000000e+00  0.00000000e+00  0.00000000e+00  0.00000000e+00
  0.00000000e+00  0.00000000e+00  0.00000000e+00  0.00000000e+00
  0.00000000e+00  0.00000000e+00  0.00000000e+00  0.00000000e+00
  0.00000000e+00  0.00000000e+00  0.00000000e+00  0.00000000e+00
  0.00000000e+00  0.00000000e+00  0.00000000e+00  0.00000000e+00
  0.00000000e+00  0.00000000e+00  2.93346215e-02  0.00000000e+00
  2.37311985e-01 -1.20666871e-01  3.69371969e-01  3.36850766e-01
  5.12602694e-01  1.47627652e+00  3.28415311e+00  7.16694439e+00
  1.27627056e+01  2.25590386e+01  3.35346138e+01  4.31003291e+01
  5.03272240e+01  7.21495481e+01  8.31070581e+01  9.77627946e+01
  1.12698138e+02  1.27262531e+02  1.71454914e+02  1.83135248e+02
  1.99043886e+02  2.17188758e+02  2.38231097e+02  2.48932253e+02
  2.77097610e+02  3.18172133e+02  3.51014780e+02  3.96184142e+02
  4.56262928e+02  5.01814447e+02  5.44031276e+02  5.70484610e+02
  6.12849686e+02  6.67097213e+02  7.09737758e+02  7.82214429e+02
  8.38605336e+02  9.02280426e+02  9.89896359e+02  1.07510649e+03
  1.17862555e+03  1.29655819e+03  1.38638078e+03  1.53232279e+03
  1.69540018e+03  1.79416784e+03  1.91687316e+03  2.08328563e+03
  2.20878021e+03  2.31642424e+03  2.49403718e+03  2.61273022e+03
  2.76233008e+03  3.02650872e+03  3.17960577e+03  3.36919475e+03
  3.55660752e+03  4.21661087e+03  4.66336448e+03  5.13612140e+03
  5.49866435e+03  5.83837574e+03  6.10972700e+03  6.23972103e+03
  6.40831742e+03  6.62237252e+03  6.80467331e+03  6.72296827e+03
  6.63874673e+03  6.82303748e+03  6.85136650e+03  6.93678737e+03
  6.95662249e+03  6.98157532e+03  7.01319128e+03  7.05268120e+03
  7.18096944e+03  7.23010365e+03  7.22893391e+03  7.14537157e+03
  7.18396521e+03  7.12872434e+03  7.16362774e+03  7.08499503e+03
  7.00870468e+03  6.89150884e+03  6.94039652e+03  6.85118687e+03
  6.77215229e+03  6.59891353e+03  6.48525282e+03  6.24992161e+03
  6.06012984e+03  5.78674845e+03  5.61231245e+03  5.48031283e+03
  5.21764765e+03  5.06281933e+03  4.79001488e+03  4.52818404e+03
  4.30029300e+03  4.01781951e+03  3.73700138e+03  3.49409301e+03
  3.27381028e+03  3.02349926e+03  2.74122253e+03  2.48825029e+03
  2.28665620e+03  2.07780031e+03  1.87313844e+03  1.66597020e+03
  1.49810693e+03  1.32881025e+03  1.15802983e+03  9.94597523e+02
  8.79264381e+02  7.48445747e+02  6.33469782e+02  5.38980617e+02
  4.43163696e+02  3.54612912e+02  2.82029851e+02  2.20246222e+02
  1.69299275e+02  1.35598718e+02  1.05405690e+02  7.97058500e+01
  5.82407954e+01  4.15764312e+01  2.81664356e+01  1.90092175e+01
  1.36466748e+01  6.51812107e+00 -3.57898302e-02  0.00000000e+00
  0.00000000e+00  0.00000000e+00  0.00000000e+00  0.00000000e+00
  0.00000000e+00  0.00000000e+00  0.00000000e+00  0.00000000e+00
  0.00000000e+00]
12
data after
[26.05488482396308, 22.55903864217688, 33.534613815891234, 43.10032911656595, 50.32722403191929, 72.1495480969654, 83.107058068746, 97.76279461053696, 112.6981376522368, 127.26253124146795, 171.45491439835763, 183.13524772163066, 199.04388641413962, 217.18875832135626, 238.23109658370134, 248.9322531238354, 277.0976098219504, 318.1721333674064, 351.01478041944773, 396.18414197305117, 456.26292819955836, 501.8144465593368, 544.0312761020199, 570.4846101644321, 612.8496864280621, 667.0972128890234, 709.7377580549995, 782.214428664911, 838.6053360198513, 902.2804257327717, 989.8963591839146, 1075.1064943675024, 1178.625551967057, 1296.5581940925572, 1386.3807771897189, 1532.322789925732, 1695.4001841889808, 1794.1678422384268, 1916.8731574368667, 2083.285625730812, 2208.780214092183, 2316.4242408712516, 2494.037182457676, 2612.730220037011, 2762.3300781345347, 3026.5087193141553, 3179.605770239676, 3369.1947465346484, 3556.607522641034, 4216.610865967338, 4663.364484678912, 5136.121399057428, 5498.664350509481, 5838.37573538621, 6109.727004031616, 6239.721030624907, 6408.317418981151, 6622.3725166479735, 6804.673310712327, 6722.968265057474, 6638.746725125119, 6823.0374804699095, 6851.366501932282, 6936.7873740412215, 6956.622486830952, 6981.575318623338, 7013.191282647206, 7052.681196172862, 7180.969436173363, 7230.103651817521, 7228.9339120228215, 7145.371565528566, 7183.965206710512, 7128.724336260238, 7163.627736695381, 7084.995032462159, 7008.704679547881, 6891.508837406638, 6940.396519151746, 6851.186870150298, 6772.152285129326, 6598.913530844481, 6485.252818965498, 6249.921611947305, 6060.129835974527, 5786.748450996403, 5612.312450125317, 5480.312833441884, 5217.647654211146, 5062.819326690778, 4790.014880781446, 4528.184041529154, 4300.292998433441, 4017.8195125180855, 3737.00138310338, 3494.0930083279827, 3273.810277735202, 3023.49926318231, 2741.222529990909, 2488.250294245416, 2286.656201741022, 2077.800314481782, 1873.138443832712, 1665.970201871045, 1498.1069268931328, 1328.8102523149273, 1158.0298254794793, 994.5975226924459, 879.2643812290117, 748.4457466249293, 633.4697816458037, 538.9806173585282, 443.1636964622778, 354.6129122730567, 282.02985137316637, 220.24622168778396, 169.2992753911299, 135.59871812433727, 105.40569036493235, 79.70584996519695, 58.240795406747154, 41.57643116290362, 28.166435622407395, 39.13822349611674]
20
data,sig_tot
[  26.05488482   22.55903864   33.53461382   43.10032912   50.32722403
   72.1495481    83.10705807   97.76279461  112.69813765  127.26253124
  171.4549144   183.13524772  199.04388641  217.18875832  238.23109658
  248.93225312  277.09760982  318.17213337  351.01478042  396.18414197
  456.2629282   501.81444656  544.0312761   570.48461016  612.84968643
  667.09721289  709.73775805  782.21442866  838.60533602  902.28042573
  989.89635918 1075.10649437 1178.62555197 1296.55819409 1386.38077719
 1532.32278993 1695.40018419 1794.16784224 1916.87315744 2083.28562573
 2208.78021409 2316.42424087 2494.03718246 2612.73022004 2762.33007813
 3026.50871931 3179.60577024 3369.19474653 3556.60752264 4216.61086597
 4663.36448468 5136.12139906 5498.66435051 5838.37573539 6109.72700403
 6239.72103062 6408.31741898 6622.37251665 6804.67331071 6722.96826506
 6638.74672513 6823.03748047 6851.36650193 6936.78737404 6956.62248683
 6981.57531862 7013.19128265 7052.68119617 7180.96943617 7230.10365182
 7228.93391202 7145.37156553 7183.96520671 7128.72433626 7163.6277367
 7084.99503246 7008.70467955 6891.50883741 6940.39651915 6851.18687015
 6772.15228513 6598.91353084 6485.25281897 6249.92161195 6060.12983597
 5786.748451   5612.31245013 5480.31283344 5217.64765421 5062.81932669
 4790.01488078 4528.18404153 4300.29299843 4017.81951252 3737.0013831
 3494.09300833 3273.81027774 3023.49926318 2741.22252999 2488.25029425
 2286.65620174 2077.80031448 1873.13844383 1665.97020187 1498.10692689
 1328.81025231 1158.02982548  994.59752269  879.26438123  748.44574662
  633.46978165  538.98061736  443.16369646  354.61291227  282.02985137
  220.24622169  169.29927539  135.59871812  105.40569036   79.70584997
   58.24079541   41.57643116   28.16643562   39.1382235    21.24791372
   30.37667327   43.95682115   31.3747414    40.18993496   47.07110984
   59.23187458   72.52754643   82.25275616  102.20887088  111.2018833
  129.40320426  147.17819372  163.10245407  183.72806393  197.24217363
  209.49985567  231.34197371  254.44587511  265.45816028  289.58716043
  303.15031629  319.75936646  342.81026375  348.15818894  379.36702793
  402.0857298   424.98077007  442.88087188  490.95341327  507.72474516
  541.62285473  581.47012261  618.95583618  654.45754354  679.23613891
  720.43728008  753.53878333  804.13238292  841.01222961  881.46909441
  897.22351063  950.54297383 1127.70132243 1290.22776102 1353.90271501
 1411.24357831 1409.35161329 1409.12744645 1388.34805714 1354.56234507
 1299.42719899 1305.55935694 1250.38915809 1238.04434734 1269.59778633
 1317.27785357 1331.7781056  1313.30825778 1333.59260128 1333.37320856
 1317.23809115 1296.3433088  1249.23995565 1240.20986094 1207.25133198
 1172.73982944 1138.38340418 1107.89502608 1072.22607944 1031.09256106
  991.54167177  948.25065684  921.97181679  880.69923512  824.02542479
  772.26801329  726.39377703  669.61679169  632.51092765  594.59377113
  553.41127112  513.48215734  473.89994134  435.2121143   400.88853275
  377.63901405  340.01983296  305.03197422  269.4397287   240.8672783
  214.14484295  192.03294117  166.98549992  146.19551379  125.23634191
  109.43572363   90.66832746   76.32670876   62.73142537   51.27138721
   40.7596627    32.17346541   25.87041581   20.37943237   29.29225267
   29.95779667]
[  26.05488482   22.55903864   33.53461382   43.10032912   50.32722403
   72.1495481    83.10705807   97.76279461  112.69813765  127.26253124
  171.4549144   183.13524772  199.04388641  217.18875832  238.23109658
  248.93225312  277.09760982  318.17213337  351.01478042  396.18414197
  456.2629282   501.81444656  544.0312761   570.48461016  612.84968643
  667.09721289  709.73775805  782.21442866  838.60533602  902.28042573
  989.89635918 1075.10649437 1178.62555197 1296.55819409 1386.38077719
 1532.32278993 1695.40018419 1794.16784224 1916.87315744 2083.28562573
 2208.78021409 2316.42424087 2494.03718246 2612.73022004 2762.33007813
 3026.50871931 3179.60577024 3369.19474653 3556.60752264 4216.61086597
 4663.36448468 5136.12139906 5498.66435051 5838.37573539 6109.72700403
 6239.72103062 6408.31741898 6622.37251665 6804.67331071 6722.96826506
 6638.74672513 6823.03748047 6851.36650193 6936.78737404 6956.62248683
 6981.57531862 7013.19128265 7052.68119617 7180.96943617 7230.10365182
 7228.93391202 7145.37156553 7183.96520671 7128.72433626 7163.6277367
 7084.99503246 7008.70467955 6891.50883741 6940.39651915 6851.18687015
 6772.15228513 6598.91353084 6485.25281897 6249.92161195 6060.12983597
 5786.748451   5612.31245013 5480.31283344 5217.64765421 5062.81932669
 4790.01488078 4528.18404153 4300.29299843 4017.81951252 3737.0013831
 3494.09300833 3273.81027774 3023.49926318 2741.22252999 2488.25029425
 2286.65620174 2077.80031448 1873.13844383 1665.97020187 1498.10692689
 1328.81025231 1158.02982548  994.59752269  879.26438123  748.44574662
  633.46978165  538.98061736  443.16369646  354.61291227  282.02985137
  220.24622169  169.29927539  135.59871812  105.40569036   79.70584997
   58.24079541   41.57643116   28.16643562   39.1382235    21.24791372
   30.37667327   43.95682115   31.3747414    40.18993496   47.07110984
   59.23187458   72.52754643   82.25275616  102.20887088  111.2018833
  129.40320426  147.17819372  163.10245407  183.72806393  197.24217363
  209.49985567  231.34197371  254.44587511  265.45816028  289.58716043
  303.15031629  319.75936646  342.81026375  348.15818894  379.36702793
  402.0857298   424.98077007  442.88087188  490.95341327  507.72474516
  541.62285473  581.47012261  618.95583618  654.45754354  679.23613891
  720.43728008  753.53878333  804.13238292  841.01222961  881.46909441
  897.22351063  950.54297383 1127.70132243 1290.22776102 1353.90271501
 1411.24357831 1409.35161329 1409.12744645 1388.34805714 1354.56234507
 1299.42719899 1305.55935694 1250.38915809 1238.04434734 1269.59778633
 1317.27785357 1331.7781056  1313.30825778 1333.59260128 1333.37320856
 1317.23809115 1296.3433088  1249.23995565 1240.20986094 1207.25133198
 1172.73982944 1138.38340418 1107.89502608 1072.22607944 1031.09256106
  991.54167177  948.25065684  921.97181679  880.69923512  824.02542479
  772.26801329  726.39377703  669.61679169  632.51092765  594.59377113
  553.41127112  513.48215734  473.89994134  435.2121143   400.88853275
  377.63901405  340.01983296  305.03197422  269.4397287   240.8672783
  214.14484295  192.03294117  166.98549992  146.19551379  125.23634191
  109.43572363   90.66832746   76.32670876   62.73142537   51.27138721
   40.7596627    32.17346541   25.87041581   20.37943237   29.29225267
   29.95779667]
2.4980137168736816 12.584706995283856 70.36106527002526
val isze = 23
idinces = [ 87  26  76  68  78 149 127  60  69 124 229 183 201  95 120 194  56  83
 103 102  49 138 199 159 178 146  24  63  35  19 192 186 160  47 170 214
 188 121  61 152  20 131   5 129  70 166  98   1   2  59  55  10  58  46
   6 111 176 187  52  99 132 114 172   7 230  39 173 189  91 169 196 109
 119 207 163  72 218 220 116 215 202  43 162  21 165  37 191  75 117 203
 180 147 182 142  67  66 161  22  38 226 222 101 185 216 130 224 219 190
 148  90  41  80 105  81  32 206 106  48 110  25  53 136  17 213 193  51
  14 144  82  84 212  29   3  23 128  45 154  97 184  42 195  79 205  12
 112  11  85 134 143 155 171 104  34 108  50 174 167 168   4 133  44  96
 204  28 135 145 175 208  71 118 181 227 137  74 223 210  94 151 150 198
  93  18  27  36  57  31  65 140  89 158  30  86  92 141 126 153  13 197
  77 209 179 177 211 200  33  62 122 107  88  54 139 100  16 115 164  40
   0  73   8 225 157 221 217 156 123 113  64  15 228 125   9]
we are doing training validation split
training loss = 24.75292205810547 500
val loss = 14.545164108276367
training loss = 23.05125617980957 1000
val loss = 12.280203819274902
training loss = 22.607337951660156 1500
val loss = 12.102043151855469
training loss = 16.274911880493164 2000
val loss = 9.501778602600098
training loss = 4.416703701019287 2500
val loss = 6.5202460289001465
training loss = 2.803884744644165 3000
val loss = 3.0522162914276123
training loss = 2.277303695678711 3500
val loss = 2.097736120223999
training loss = 2.2604928016662598 4000
val loss = 1.8911879062652588
training loss = 2.1777472496032715 4500
val loss = 1.7436531782150269
training loss = 2.160256862640381 5000
val loss = 1.69707453250885
training loss = 2.149590253829956 5500
val loss = 1.6494396924972534
training loss = 2.14422607421875 6000
val loss = 1.5946353673934937
training loss = 2.139655351638794 6500
val loss = 1.576624870300293
training loss = 2.13755202293396 7000
val loss = 1.5600258111953735
training loss = 2.1358628273010254 7500
val loss = 1.5462712049484253
training loss = 2.1343016624450684 8000
val loss = 1.5316776037216187
training loss = 2.1329474449157715 8500
val loss = 1.5185351371765137
training loss = 2.131956100463867 9000
val loss = 1.5100841522216797
training loss = 2.1309781074523926 9500
val loss = 1.499584436416626
training loss = 2.130096435546875 10000
val loss = 1.4891291856765747
training loss = 2.129351854324341 10500
val loss = 1.479647159576416
training loss = 2.1287569999694824 11000
val loss = 1.471333622932434
training loss = 2.128371477127075 11500
val loss = 1.4656002521514893
training loss = 2.1282806396484375 12000
val loss = 1.467642068862915
training loss = 2.141268253326416 12500
val loss = 1.4573205709457397
training loss = 2.1273038387298584 13000
val loss = 1.43968665599823
training loss = 2.1267805099487305 13500
val loss = 1.4385366439819336
training loss = 2.126638412475586 14000
val loss = 1.4362372159957886
training loss = 2.1265313625335693 14500
val loss = 1.43350088596344
training loss = 2.1263949871063232 15000
val loss = 1.4291950464248657
training loss = 2.12613582611084 15500
val loss = 1.4248186349868774
training loss = 2.1259632110595703 16000
val loss = 1.421651840209961
training loss = 2.125823974609375 16500
val loss = 1.4194326400756836
training loss = 2.1257214546203613 17000
val loss = 1.417863130569458
training loss = 2.1257054805755615 17500
val loss = 1.413188099861145
training loss = 2.1320550441741943 18000
val loss = 1.404740571975708
training loss = 2.1250433921813965 18500
val loss = 1.4065349102020264
training loss = 2.124751567840576 19000
val loss = 1.4061546325683594
training loss = 2.124666929244995 19500
val loss = 1.4058607816696167
training loss = 2.125659465789795 20000
val loss = 1.4141324758529663
training loss = 2.124749183654785 20500
val loss = 1.400037407875061
training loss = 2.126272201538086 21000
val loss = 1.4138453006744385
training loss = 2.124361515045166 21500
val loss = 1.4032421112060547
training loss = 2.1242728233337402 22000
val loss = 1.4002938270568848
training loss = 2.1252875328063965 22500
val loss = 1.4087433815002441
training loss = 2.1253819465637207 23000
val loss = 1.3945565223693848
training loss = 2.1240079402923584 23500
val loss = 1.4008570909500122
training loss = 2.1238362789154053 24000
val loss = 1.39937162399292
training loss = 2.1237173080444336 24500
val loss = 1.3991414308547974
training loss = 2.1236236095428467 25000
val loss = 1.4000201225280762
training loss = 2.12353777885437 25500
val loss = 1.4010995626449585
training loss = 2.67475962638855 26000
val loss = 2.44063663482666
training loss = 2.123216390609741 26500
val loss = 1.3994700908660889
training loss = 2.1231136322021484 27000
val loss = 1.4006752967834473
training loss = 2.1229944229125977 27500
val loss = 1.4011297225952148
training loss = 2.122885227203369 28000
val loss = 1.4021655321121216
reduced chi^2 level 2 = 2.1228113174438477
Constrained alpha: 2.2517430782318115
Constrained beta: 2.8642091751098633
Constrained gamma: 19.060163497924805
(1, 208)
(1, 23)
