data before
[0.00000000e+00 0.00000000e+00 0.00000000e+00 0.00000000e+00
 0.00000000e+00 0.00000000e+00 0.00000000e+00 0.00000000e+00
 0.00000000e+00 0.00000000e+00 0.00000000e+00 0.00000000e+00
 0.00000000e+00 0.00000000e+00 0.00000000e+00 0.00000000e+00
 0.00000000e+00 0.00000000e+00 0.00000000e+00 0.00000000e+00
 0.00000000e+00 0.00000000e+00 0.00000000e+00 0.00000000e+00
 0.00000000e+00 0.00000000e+00 0.00000000e+00 0.00000000e+00
 0.00000000e+00 0.00000000e+00 0.00000000e+00 0.00000000e+00
 0.00000000e+00 0.00000000e+00 0.00000000e+00 0.00000000e+00
 0.00000000e+00 0.00000000e+00 0.00000000e+00 0.00000000e+00
 0.00000000e+00 0.00000000e+00 0.00000000e+00 0.00000000e+00
 0.00000000e+00 0.00000000e+00 0.00000000e+00 0.00000000e+00
 0.00000000e+00 0.00000000e+00 0.00000000e+00 0.00000000e+00
 0.00000000e+00 0.00000000e+00 0.00000000e+00 0.00000000e+00
 0.00000000e+00 0.00000000e+00 0.00000000e+00 0.00000000e+00
 0.00000000e+00 0.00000000e+00 0.00000000e+00 0.00000000e+00
 0.00000000e+00 0.00000000e+00 0.00000000e+00 0.00000000e+00
 0.00000000e+00 0.00000000e+00 0.00000000e+00 0.00000000e+00
 0.00000000e+00 0.00000000e+00 0.00000000e+00 0.00000000e+00
 0.00000000e+00 0.00000000e+00 0.00000000e+00 0.00000000e+00
 0.00000000e+00 0.00000000e+00 0.00000000e+00 0.00000000e+00
 0.00000000e+00 0.00000000e+00 0.00000000e+00 0.00000000e+00
 0.00000000e+00 0.00000000e+00 0.00000000e+00 0.00000000e+00
 0.00000000e+00 0.00000000e+00 0.00000000e+00 0.00000000e+00
 0.00000000e+00 0.00000000e+00 0.00000000e+00 0.00000000e+00
 0.00000000e+00 0.00000000e+00 0.00000000e+00 4.40894790e-04
 5.31537343e-03 1.63234528e-02 3.05300315e-02 4.84233192e-02
 7.01695136e-02 1.00681566e-01 1.38168390e-01 1.74812020e-01
 2.20929650e-01 2.81027778e-01 3.56362648e-01 4.38745728e-01
 5.50249705e-01 6.65954385e-01 7.98641651e-01 9.20077774e-01
 1.05073766e+00 1.22516245e+00 1.36196225e+00 1.55348542e+00
 1.79141128e+00 2.08151900e+00 2.33229021e+00 2.69381826e+00
 3.02354492e+00 3.35597182e+00 3.69635579e+00 4.05666337e+00
 4.37976839e+00 4.69853672e+00 5.03993217e+00 5.18285363e+00
 5.41074123e+00 5.65343867e+00 5.82292032e+00 6.12614338e+00
 6.34346208e+00 6.58928836e+00 6.94028692e+00 7.08260128e+00
 7.33162072e+00 7.57674278e+00 7.72423631e+00 7.86905300e+00
 7.84691598e+00 7.76225715e+00 7.72138802e+00 7.60567723e+00
 7.45637188e+00 7.27681084e+00 7.10092773e+00 6.96022174e+00
 6.78525814e+00 6.45923508e+00 6.09248014e+00 5.67126456e+00
 5.25680804e+00 5.03562068e+00 5.03352423e+00 4.99332135e+00
 4.89993427e+00 4.76991102e+00 4.59139447e+00 4.40027253e+00
 4.18997028e+00 4.08793917e+00 3.88069165e+00 3.66532847e+00
 3.40632558e+00 3.08617460e+00 2.78086790e+00 2.51440002e+00
 2.29860672e+00 2.09579402e+00 1.77342258e+00 1.48409511e+00
 1.12355976e+00 7.34564814e-01 5.13907100e-01 4.82847696e-01
 4.51149833e-01 3.44262557e-01 2.59131961e-01 1.82723324e-01
 8.23743819e-02 1.77421157e-01 8.62102939e-02 0.00000000e+00
 0.00000000e+00 0.00000000e+00 0.00000000e+00 0.00000000e+00
 0.00000000e+00 0.00000000e+00 0.00000000e+00 0.00000000e+00
 0.00000000e+00]
22
data after
[21.930785318082467, 20.18729608434321, 21.286965705832774, 24.88181413491679, 21.35450892601726, 23.17003208063242, 23.33056115491174, 22.33885993966897, 20.84640761414261, 23.479787820571467, 24.732311556540317, 21.150268093676516, 27.54316787617736]
28
data,sig_tot
[21.93078532 20.18729608 21.28696571 24.88181413 21.35450893 23.17003208
 23.33056115 22.33885994 20.84640761 23.47978782 24.73231156 21.15026809
 27.54316788 21.26947199 21.45209551 23.16451275]
[21.93078532 20.18729608 21.28696571 24.88181413 21.35450893 23.17003208
 23.33056115 22.33885994 20.84640761 23.47978782 24.73231156 21.15026809
 27.54316788 21.26947199 21.45209551 23.16451275]
4.685112914603227 12.122696119522217 15.253555870540936
val isze = 0
idinces = [ 5  3 14  7  6  8 10  2 11 12 15  1  0  4 13  9]
(1, 16)
(1, 0)
