data before
[0.00000000e+00 0.00000000e+00 0.00000000e+00 0.00000000e+00
 0.00000000e+00 0.00000000e+00 0.00000000e+00 0.00000000e+00
 0.00000000e+00 0.00000000e+00 0.00000000e+00 0.00000000e+00
 0.00000000e+00 0.00000000e+00 0.00000000e+00 0.00000000e+00
 0.00000000e+00 0.00000000e+00 0.00000000e+00 0.00000000e+00
 1.57512647e+01 1.84993642e+01 2.10777356e+01 2.37854744e+01
 2.64679567e+01 2.83336802e+01 2.97793550e+01 3.02476584e+01
 2.92326860e+01 2.69128442e+01 2.31725623e+01 1.86181025e+01
 1.39591421e+01 9.56089666e+00 5.80420824e+00 2.83608590e+00
 1.05943708e+00 2.86307769e-01 3.87618040e-04 0.00000000e+00
 0.00000000e+00]
8
data after
[34.25062888581037, 21.07773560682535, 23.78547442280233, 26.467956749315857, 28.333680202424528, 29.77935499856651, 30.247658368477072, 29.232686020435395, 26.91284418382004, 23.172562303082646, 52.12456791282247]
11
data,sig_tot
[34.25062889 21.07773561 23.78547442 26.46795675 28.3336802  29.779355
 30.24765837 29.23268602 26.91284418 23.1725623  52.12456791 21.4834041
 33.35213437]
[34.25062889 21.07773561 23.78547442 26.46795675 28.3336802  29.779355
 30.24765837 29.23268602 26.91284418 23.1725623  52.12456791 21.4834041
 33.35213437]
4.692545115025403 13.7438167821759 55.200188927370995
val isze = 0
idinces = [ 3  7 11  6  8  2 12  5 10  1  0  4  9]
training loss = 32.17579650878906 500
training loss = 26.06775665283203 1000
training loss = 23.9285888671875 1500
training loss = 22.187843322753906 2000
training loss = 20.891128540039062 2500
training loss = 20.21047019958496 3000
training loss = 19.90785789489746 3500
training loss = 19.761117935180664 4000
training loss = 19.6617431640625 4500
training loss = 19.562103271484375 5000
training loss = 19.439558029174805 5500
training loss = 19.27900505065918 6000
(1, 13)
(1, 0)
data before
[0.00000000e+00 0.00000000e+00 0.00000000e+00 0.00000000e+00
 0.00000000e+00 0.00000000e+00 0.00000000e+00 0.00000000e+00
 0.00000000e+00 0.00000000e+00 0.00000000e+00 0.00000000e+00
 0.00000000e+00 0.00000000e+00 0.00000000e+00 0.00000000e+00
 0.00000000e+00 0.00000000e+00 0.00000000e+00 0.00000000e+00
 1.57512647e+01 1.84993642e+01 2.10777356e+01 2.37854744e+01
 2.64679567e+01 2.83336802e+01 2.97793550e+01 3.02476584e+01
 2.92326860e+01 2.69128442e+01 2.31725623e+01 1.86181025e+01
 1.39591421e+01 9.56089666e+00 5.80420824e+00 2.83608590e+00
 1.05943708e+00 2.86307769e-01 3.87618040e-04 0.00000000e+00
 0.00000000e+00]
8
data after
[34.25062888581037, 21.07773560682535, 23.78547442280233, 26.467956749315857, 28.333680202424528, 29.77935499856651, 30.247658368477072, 29.232686020435395, 26.91284418382004, 23.172562303082646, 52.12456791282247]
11
data,sig_tot
[34.25062889 21.07773561 23.78547442 26.46795675 28.3336802  29.779355
 30.24765837 29.23268602 26.91284418 23.1725623  52.12456791 21.4834041
 33.35213437]
[34.25062889 21.07773561 23.78547442 26.46795675 28.3336802  29.779355
 30.24765837 29.23268602 26.91284418 23.1725623  52.12456791 21.4834041
 33.35213437]
4.143406631538383 0.9379263877849953 62.628714831139256
val isze = 0
idinces = [ 3  7 11  6  8  2 12  5 10  1  0  4  9]
training loss = 11.232921600341797 500
training loss = 5.406065464019775 1000
training loss = 4.148158073425293 1500
training loss = 3.382894515991211 2000
training loss = 2.789616107940674 2500
training loss = 2.4017281532287598 3000
training loss = 2.22248911857605 3500
training loss = 2.1530089378356934 4000
training loss = 2.109020233154297 4500
training loss = 2.064357280731201 5000
training loss = 2.0155346393585205 5500
training loss = 1.9636608362197876 6000
reduced chi^2 level 2 = 1.9635547399520874
Constrained alpha: 3.719965696334839
Constrained beta: 1.341155767440796
Constrained gamma: 60.59160232543945
(1, 13)
(1, 0)
data before
[0.00000000e+00 0.00000000e+00 0.00000000e+00 0.00000000e+00
 0.00000000e+00 0.00000000e+00 0.00000000e+00 0.00000000e+00
 0.00000000e+00 0.00000000e+00 0.00000000e+00 0.00000000e+00
 0.00000000e+00 0.00000000e+00 0.00000000e+00 0.00000000e+00
 0.00000000e+00 0.00000000e+00 0.00000000e+00 0.00000000e+00
 1.57512647e+01 1.84993642e+01 2.10777356e+01 2.37854744e+01
 2.64679567e+01 2.83336802e+01 2.97793550e+01 3.02476584e+01
 2.92326860e+01 2.69128442e+01 2.31725623e+01 1.86181025e+01
 1.39591421e+01 9.56089666e+00 5.80420824e+00 2.83608590e+00
 1.05943708e+00 2.86307769e-01 3.87618040e-04 0.00000000e+00
 0.00000000e+00]
8
data after
[34.25062888581037, 21.07773560682535, 23.78547442280233, 26.467956749315857, 28.333680202424528, 29.77935499856651, 30.247658368477072, 29.232686020435395, 26.91284418382004, 23.172562303082646, 52.12456791282247]
11
data,sig_tot
[34.25062889 21.07773561 23.78547442 26.46795675 28.3336802  29.779355
 30.24765837 29.23268602 26.91284418 23.1725623  52.12456791 21.4834041
 33.35213437]
[34.25062889 21.07773561 23.78547442 26.46795675 28.3336802  29.779355
 30.24765837 29.23268602 26.91284418 23.1725623  52.12456791 21.4834041
 33.35213437]
4.143406631538383 0.9379263877849953 62.628714831139256
val isze = 0
idinces = [ 3  7 11  6  8  2 12  5 10  1  0  4  9]
(1, 13)
(1, 0)
data before
[0.00000000e+00 0.00000000e+00 0.00000000e+00 0.00000000e+00
 0.00000000e+00 0.00000000e+00 0.00000000e+00 0.00000000e+00
 0.00000000e+00 0.00000000e+00 0.00000000e+00 0.00000000e+00
 0.00000000e+00 0.00000000e+00 0.00000000e+00 0.00000000e+00
 0.00000000e+00 0.00000000e+00 0.00000000e+00 0.00000000e+00
 1.57512647e+01 1.84993642e+01 2.10777356e+01 2.37854744e+01
 2.64679567e+01 2.83336802e+01 2.97793550e+01 3.02476584e+01
 2.92326860e+01 2.69128442e+01 2.31725623e+01 1.86181025e+01
 1.39591421e+01 9.56089666e+00 5.80420824e+00 2.83608590e+00
 1.05943708e+00 2.86307769e-01 3.87618040e-04 0.00000000e+00
 0.00000000e+00]
8
data after
[34.25062888581037, 21.07773560682535, 23.78547442280233, 26.467956749315857, 28.333680202424528, 29.77935499856651, 30.247658368477072, 29.232686020435395, 26.91284418382004, 23.172562303082646, 52.12456791282247]
11
data,sig_tot
[34.25062889 21.07773561 23.78547442 26.46795675 28.3336802  29.779355
 30.24765837 29.23268602 26.91284418 23.1725623  52.12456791 21.4834041
 33.35213437]
[34.25062889 21.07773561 23.78547442 26.46795675 28.3336802  29.779355
 30.24765837 29.23268602 26.91284418 23.1725623  52.12456791 21.4834041
 33.35213437]
4.143406631538383 0.9379263877849953 62.628714831139256
val isze = 0
idinces = [ 3  7 11  6  8  2 12  5 10  1  0  4  9]
training loss = 17.407079696655273 500
training loss = 8.095049858093262 1000
training loss = 5.144253730773926 1500
training loss = 4.221963882446289 2000
training loss = 3.611603021621704 2500
training loss = 3.096059560775757 3000
training loss = 2.6940865516662598 3500
training loss = 2.438401222229004 4000
training loss = 2.3108975887298584 4500
training loss = 2.2515993118286133 5000
training loss = 2.2108731269836426 5500
training loss = 2.1686527729034424 6000
reduced chi^2 level 2 = 2.168562173843384
Constrained alpha: 3.7246437072753906
Constrained beta: 1.2512723207473755
Constrained gamma: 61.20158386230469
(1, 13)
(1, 0)
data before
[0.00000000e+00 0.00000000e+00 0.00000000e+00 0.00000000e+00
 0.00000000e+00 0.00000000e+00 0.00000000e+00 0.00000000e+00
 0.00000000e+00 0.00000000e+00 0.00000000e+00 0.00000000e+00
 0.00000000e+00 0.00000000e+00 0.00000000e+00 0.00000000e+00
 0.00000000e+00 0.00000000e+00 0.00000000e+00 0.00000000e+00
 1.57512647e+01 1.84993642e+01 2.10777356e+01 2.37854744e+01
 2.64679567e+01 2.83336802e+01 2.97793550e+01 3.02476584e+01
 2.92326860e+01 2.69128442e+01 2.31725623e+01 1.86181025e+01
 1.39591421e+01 9.56089666e+00 5.80420824e+00 2.83608590e+00
 1.05943708e+00 2.86307769e-01 3.87618040e-04 0.00000000e+00
 0.00000000e+00]
8
data after
[34.25062888581037, 21.07773560682535, 23.78547442280233, 26.467956749315857, 28.333680202424528, 29.77935499856651, 30.247658368477072, 29.232686020435395, 26.91284418382004, 23.172562303082646, 52.12456791282247]
11
data,sig_tot
[34.25062889 21.07773561 23.78547442 26.46795675 28.3336802  29.779355
 30.24765837 29.23268602 26.91284418 23.1725623  52.12456791 21.4834041
 33.35213437]
[34.25062889 21.07773561 23.78547442 26.46795675 28.3336802  29.779355
 30.24765837 29.23268602 26.91284418 23.1725623  52.12456791 21.4834041
 33.35213437]
4.143406631538383 0.9379263877849953 62.628714831139256
val isze = 0
idinces = [ 3  7 11  6  8  2 12  5 10  1  0  4  9]
(1, 13)
(1, 0)
data before
[0.00000000e+00 0.00000000e+00 0.00000000e+00 0.00000000e+00
 0.00000000e+00 0.00000000e+00 0.00000000e+00 0.00000000e+00
 0.00000000e+00 0.00000000e+00 0.00000000e+00 0.00000000e+00
 0.00000000e+00 0.00000000e+00 0.00000000e+00 0.00000000e+00
 0.00000000e+00 0.00000000e+00 0.00000000e+00 0.00000000e+00
 1.57512647e+01 1.84993642e+01 2.10777356e+01 2.37854744e+01
 2.64679567e+01 2.83336802e+01 2.97793550e+01 3.02476584e+01
 2.92326860e+01 2.69128442e+01 2.31725623e+01 1.86181025e+01
 1.39591421e+01 9.56089666e+00 5.80420824e+00 2.83608590e+00
 1.05943708e+00 2.86307769e-01 3.87618040e-04 0.00000000e+00
 0.00000000e+00]
8
data after
[34.25062888581037, 21.07773560682535, 23.78547442280233, 26.467956749315857, 28.333680202424528, 29.77935499856651, 30.247658368477072, 29.232686020435395, 26.91284418382004, 23.172562303082646, 52.12456791282247]
11
data,sig_tot
[34.25062889 21.07773561 23.78547442 26.46795675 28.3336802  29.779355
 30.24765837 29.23268602 26.91284418 23.1725623  52.12456791 21.4834041
 33.35213437]
[34.25062889 21.07773561 23.78547442 26.46795675 28.3336802  29.779355
 30.24765837 29.23268602 26.91284418 23.1725623  52.12456791 21.4834041
 33.35213437]
4.143406631538383 0.9379263877849953 62.628714831139256
val isze = 0
idinces = [ 3  7 11  6  8  2 12  5 10  1  0  4  9]
training loss = 6.077247142791748 500
training loss = 5.768226146697998 1000
training loss = 5.435040473937988 1500
training loss = 5.059220790863037 2000
training loss = 4.6421637535095215 2500
training loss = 4.162940979003906 3000
training loss = 3.6015844345092773 3500
training loss = 2.9945967197418213 4000
training loss = 2.493435859680176 4500
training loss = 2.239485502243042 5000
training loss = 2.1593775749206543 5500
training loss = 2.126594305038452 6000
reduced chi^2 level 2 = 2.1265382766723633
Constrained alpha: 3.687814235687256
Constrained beta: 1.2915271520614624
Constrained gamma: 61.68064498901367
(1, 13)
(1, 0)
data before
[0.00000000e+00 0.00000000e+00 0.00000000e+00 0.00000000e+00
 0.00000000e+00 0.00000000e+00 0.00000000e+00 0.00000000e+00
 0.00000000e+00 0.00000000e+00 0.00000000e+00 0.00000000e+00
 0.00000000e+00 0.00000000e+00 0.00000000e+00 0.00000000e+00
 0.00000000e+00 0.00000000e+00 0.00000000e+00 0.00000000e+00
 1.57512647e+01 1.84993642e+01 2.10777356e+01 2.37854744e+01
 2.64679567e+01 2.83336802e+01 2.97793550e+01 3.02476584e+01
 2.92326860e+01 2.69128442e+01 2.31725623e+01 1.86181025e+01
 1.39591421e+01 9.56089666e+00 5.80420824e+00 2.83608590e+00
 1.05943708e+00 2.86307769e-01 3.87618040e-04 0.00000000e+00
 0.00000000e+00]
8
data after
[34.25062888581037, 21.07773560682535, 23.78547442280233, 26.467956749315857, 28.333680202424528, 29.77935499856651, 30.247658368477072, 29.232686020435395, 26.91284418382004, 23.172562303082646, 52.12456791282247]
11
data,sig_tot
[34.25062889 21.07773561 23.78547442 26.46795675 28.3336802  29.779355
 30.24765837 29.23268602 26.91284418 23.1725623  52.12456791 21.4834041
 33.35213437]
[34.25062889 21.07773561 23.78547442 26.46795675 28.3336802  29.779355
 30.24765837 29.23268602 26.91284418 23.1725623  52.12456791 21.4834041
 33.35213437]
4.143406631538383 0.9379263877849953 62.628714831139256
val isze = 0
idinces = [ 3  7 11  6  8  2 12  5 10  1  0  4  9]
(1, 13)
(1, 0)
data before
[0.00000000e+00 0.00000000e+00 0.00000000e+00 0.00000000e+00
 0.00000000e+00 0.00000000e+00 0.00000000e+00 0.00000000e+00
 0.00000000e+00 0.00000000e+00 0.00000000e+00 0.00000000e+00
 0.00000000e+00 0.00000000e+00 0.00000000e+00 0.00000000e+00
 0.00000000e+00 0.00000000e+00 0.00000000e+00 0.00000000e+00
 1.57512647e+01 1.84993642e+01 2.10777356e+01 2.37854744e+01
 2.64679567e+01 2.83336802e+01 2.97793550e+01 3.02476584e+01
 2.92326860e+01 2.69128442e+01 2.31725623e+01 1.86181025e+01
 1.39591421e+01 9.56089666e+00 5.80420824e+00 2.83608590e+00
 1.05943708e+00 2.86307769e-01 3.87618040e-04 0.00000000e+00
 0.00000000e+00]
8
data after
[34.25062888581037, 21.07773560682535, 23.78547442280233, 26.467956749315857, 28.333680202424528, 29.77935499856651, 30.247658368477072, 29.232686020435395, 26.91284418382004, 23.172562303082646, 52.12456791282247]
11
data,sig_tot
[34.25062889 21.07773561 23.78547442 26.46795675 28.3336802  29.779355
 30.24765837 29.23268602 26.91284418 23.1725623  52.12456791 21.4834041
 33.35213437]
[34.25062889 21.07773561 23.78547442 26.46795675 28.3336802  29.779355
 30.24765837 29.23268602 26.91284418 23.1725623  52.12456791 21.4834041
 33.35213437]
4.143406631538383 0.9379263877849953 62.628714831139256
val isze = 0
idinces = [ 3  7 11  6  8  2 12  5 10  1  0  4  9]
training loss = 8.036081314086914 500
training loss = 5.57861328125 1000
training loss = 4.954969882965088 1500
training loss = 4.612820148468018 2000
training loss = 4.266273021697998 2500
training loss = 3.828193187713623 3000
training loss = 3.2716495990753174 3500
training loss = 2.6782684326171875 4000
training loss = 2.287393569946289 4500
training loss = 2.1600520610809326 5000
training loss = 2.117326021194458 5500
training loss = 2.0818228721618652 6000
reduced chi^2 level 2 = 2.0817511081695557
Constrained alpha: 3.701427936553955
Constrained beta: 1.270932912826538
Constrained gamma: 61.46662902832031
(1, 13)
(1, 0)
data before
[0.00000000e+00 0.00000000e+00 0.00000000e+00 0.00000000e+00
 0.00000000e+00 0.00000000e+00 0.00000000e+00 0.00000000e+00
 0.00000000e+00 0.00000000e+00 0.00000000e+00 0.00000000e+00
 0.00000000e+00 0.00000000e+00 0.00000000e+00 0.00000000e+00
 0.00000000e+00 0.00000000e+00 0.00000000e+00 0.00000000e+00
 1.57512647e+01 1.84993642e+01 2.10777356e+01 2.37854744e+01
 2.64679567e+01 2.83336802e+01 2.97793550e+01 3.02476584e+01
 2.92326860e+01 2.69128442e+01 2.31725623e+01 1.86181025e+01
 1.39591421e+01 9.56089666e+00 5.80420824e+00 2.83608590e+00
 1.05943708e+00 2.86307769e-01 3.87618040e-04 0.00000000e+00
 0.00000000e+00]
8
data after
[34.25062888581037, 21.07773560682535, 23.78547442280233, 26.467956749315857, 28.333680202424528, 29.77935499856651, 30.247658368477072, 29.232686020435395, 26.91284418382004, 23.172562303082646, 52.12456791282247]
11
data,sig_tot
[34.25062889 21.07773561 23.78547442 26.46795675 28.3336802  29.779355
 30.24765837 29.23268602 26.91284418 23.1725623  52.12456791 21.4834041
 33.35213437]
[34.25062889 21.07773561 23.78547442 26.46795675 28.3336802  29.779355
 30.24765837 29.23268602 26.91284418 23.1725623  52.12456791 21.4834041
 33.35213437]
4.143406631538383 0.9379263877849953 62.628714831139256
val isze = 0
idinces = [ 3  7 11  6  8  2 12  5 10  1  0  4  9]
training loss = 22.2641658782959 500
training loss = 12.343778610229492 1000
training loss = 6.932295799255371 1500
training loss = 5.797206401824951 2000
training loss = 5.448270797729492 2500
training loss = 5.192946910858154 3000
training loss = 4.869121551513672 3500
training loss = 4.393825054168701 4000
training loss = 3.688596725463867 4500
training loss = 2.8363277912139893 5000
training loss = 2.411461591720581 5500
training loss = 2.338285207748413 6000
reduced chi^2 level 2 = 2.3381903171539307
Constrained alpha: 3.7171988487243652
Constrained beta: 1.1010156869888306
Constrained gamma: 61.534366607666016
(1, 13)
(1, 0)
data before
[0.00000000e+00 0.00000000e+00 0.00000000e+00 0.00000000e+00
 0.00000000e+00 0.00000000e+00 0.00000000e+00 0.00000000e+00
 0.00000000e+00 0.00000000e+00 0.00000000e+00 0.00000000e+00
 0.00000000e+00 0.00000000e+00 0.00000000e+00 0.00000000e+00
 0.00000000e+00 0.00000000e+00 0.00000000e+00 0.00000000e+00
 1.57512647e+01 1.84993642e+01 2.10777356e+01 2.37854744e+01
 2.64679567e+01 2.83336802e+01 2.97793550e+01 3.02476584e+01
 2.92326860e+01 2.69128442e+01 2.31725623e+01 1.86181025e+01
 1.39591421e+01 9.56089666e+00 5.80420824e+00 2.83608590e+00
 1.05943708e+00 2.86307769e-01 3.87618040e-04 0.00000000e+00
 0.00000000e+00]
8
data after
[34.25062888581037, 21.07773560682535, 23.78547442280233, 26.467956749315857, 28.333680202424528, 29.77935499856651, 30.247658368477072, 29.232686020435395, 26.91284418382004, 23.172562303082646, 52.12456791282247]
11
data,sig_tot
[34.25062889 21.07773561 23.78547442 26.46795675 28.3336802  29.779355
 30.24765837 29.23268602 26.91284418 23.1725623  52.12456791 21.4834041
 33.35213437]
[34.25062889 21.07773561 23.78547442 26.46795675 28.3336802  29.779355
 30.24765837 29.23268602 26.91284418 23.1725623  52.12456791 21.4834041
 33.35213437]
4.143406631538383 0.9379263877849953 62.628714831139256
val isze = 0
idinces = [ 3  7 11  6  8  2 12  5 10  1  0  4  9]
training loss = 40.076934814453125 500
training loss = 17.536041259765625 1000
training loss = 6.479828357696533 1500
training loss = 4.25583553314209 2000
training loss = 3.892965793609619 2500
training loss = 3.6396467685699463 3000
training loss = 3.366687297821045 3500
training loss = 3.072827100753784 4000
training loss = 2.7714242935180664 4500
training loss = 2.4849274158477783 5000
training loss = 2.2465901374816895 5500
training loss = 2.0863494873046875 6000
reduced chi^2 level 2 = 2.0861151218414307
Constrained alpha: 3.4909329414367676
Constrained beta: 1.5339887142181396
Constrained gamma: 61.50978088378906
(1, 13)
(1, 0)
data before
[0.00000000e+00 0.00000000e+00 0.00000000e+00 0.00000000e+00
 0.00000000e+00 0.00000000e+00 0.00000000e+00 0.00000000e+00
 0.00000000e+00 0.00000000e+00 0.00000000e+00 0.00000000e+00
 0.00000000e+00 0.00000000e+00 0.00000000e+00 0.00000000e+00
 0.00000000e+00 0.00000000e+00 0.00000000e+00 0.00000000e+00
 1.57512647e+01 1.84993642e+01 2.10777356e+01 2.37854744e+01
 2.64679567e+01 2.83336802e+01 2.97793550e+01 3.02476584e+01
 2.92326860e+01 2.69128442e+01 2.31725623e+01 1.86181025e+01
 1.39591421e+01 9.56089666e+00 5.80420824e+00 2.83608590e+00
 1.05943708e+00 2.86307769e-01 3.87618040e-04 0.00000000e+00
 0.00000000e+00]
8
data after
[34.25062888581037, 21.07773560682535, 23.78547442280233, 26.467956749315857, 28.333680202424528, 29.77935499856651, 30.247658368477072, 29.232686020435395, 26.91284418382004, 23.172562303082646, 52.12456791282247]
11
data,sig_tot
[34.25062889 21.07773561 23.78547442 26.46795675 28.3336802  29.779355
 30.24765837 29.23268602 26.91284418 23.1725623  52.12456791 21.4834041
 33.35213437]
[34.25062889 21.07773561 23.78547442 26.46795675 28.3336802  29.779355
 30.24765837 29.23268602 26.91284418 23.1725623  52.12456791 21.4834041
 33.35213437]
4.143406631538383 0.9379263877849953 62.628714831139256
val isze = 0
idinces = [ 3  7 11  6  8  2 12  5 10  1  0  4  9]
training loss = 7.397287368774414 500
training loss = 5.209100723266602 1000
training loss = 4.328915119171143 1500
training loss = 3.5757203102111816 2000
training loss = 2.932551383972168 2500
training loss = 2.4670605659484863 3000
training loss = 2.2118520736694336 3500
training loss = 2.111145496368408 4000
training loss = 2.0742506980895996 4500
training loss = 2.052124500274658 5000
training loss = 2.031015634536743 5500
training loss = 2.0081160068511963 6000
reduced chi^2 level 2 = 2.0080676078796387
Constrained alpha: 3.6934974193573
Constrained beta: 1.3241103887557983
Constrained gamma: 60.866180419921875
(1, 13)
(1, 0)
data before
[0.00000000e+00 0.00000000e+00 0.00000000e+00 0.00000000e+00
 0.00000000e+00 0.00000000e+00 0.00000000e+00 0.00000000e+00
 0.00000000e+00 0.00000000e+00 0.00000000e+00 0.00000000e+00
 0.00000000e+00 0.00000000e+00 0.00000000e+00 0.00000000e+00
 0.00000000e+00 0.00000000e+00 0.00000000e+00 0.00000000e+00
 1.57512647e+01 1.84993642e+01 2.10777356e+01 2.37854744e+01
 2.64679567e+01 2.83336802e+01 2.97793550e+01 3.02476584e+01
 2.92326860e+01 2.69128442e+01 2.31725623e+01 1.86181025e+01
 1.39591421e+01 9.56089666e+00 5.80420824e+00 2.83608590e+00
 1.05943708e+00 2.86307769e-01 3.87618040e-04 0.00000000e+00
 0.00000000e+00]
8
data after
[34.25062888581037, 21.07773560682535, 23.78547442280233, 26.467956749315857, 28.333680202424528, 29.77935499856651, 30.247658368477072, 29.232686020435395, 26.91284418382004, 23.172562303082646, 52.12456791282247]
11
data,sig_tot
[34.25062889 21.07773561 23.78547442 26.46795675 28.3336802  29.779355
 30.24765837 29.23268602 26.91284418 23.1725623  52.12456791 21.4834041
 33.35213437]
[34.25062889 21.07773561 23.78547442 26.46795675 28.3336802  29.779355
 30.24765837 29.23268602 26.91284418 23.1725623  52.12456791 21.4834041
 33.35213437]
4.143406631538383 0.9379263877849953 62.628714831139256
val isze = 0
idinces = [ 3  7 11  6  8  2 12  5 10  1  0  4  9]
training loss = 19.377063751220703 500
training loss = 6.331991672515869 1000
training loss = 4.844858169555664 1500
training loss = 4.021992206573486 2000
training loss = 3.203601360321045 2500
training loss = 2.5142030715942383 3000
training loss = 2.214050769805908 3500
training loss = 2.145576000213623 4000
training loss = 2.116615056991577 4500
training loss = 2.089426040649414 5000
training loss = 2.0604825019836426 5500
training loss = 2.0294229984283447 6000
reduced chi^2 level 2 = 2.029358386993408
Constrained alpha: 3.738184928894043
Constrained beta: 1.312718152999878
Constrained gamma: 61.018184661865234
(1, 13)
(1, 0)
data before
[0.00000000e+00 0.00000000e+00 0.00000000e+00 0.00000000e+00
 0.00000000e+00 0.00000000e+00 0.00000000e+00 0.00000000e+00
 0.00000000e+00 0.00000000e+00 0.00000000e+00 0.00000000e+00
 0.00000000e+00 0.00000000e+00 0.00000000e+00 0.00000000e+00
 0.00000000e+00 0.00000000e+00 0.00000000e+00 0.00000000e+00
 1.57512647e+01 1.84993642e+01 2.10777356e+01 2.37854744e+01
 2.64679567e+01 2.83336802e+01 2.97793550e+01 3.02476584e+01
 2.92326860e+01 2.69128442e+01 2.31725623e+01 1.86181025e+01
 1.39591421e+01 9.56089666e+00 5.80420824e+00 2.83608590e+00
 1.05943708e+00 2.86307769e-01 3.87618040e-04 0.00000000e+00
 0.00000000e+00]
8
data after
[34.25062888581037, 21.07773560682535, 23.78547442280233, 26.467956749315857, 28.333680202424528, 29.77935499856651, 30.247658368477072, 29.232686020435395, 26.91284418382004, 23.172562303082646, 52.12456791282247]
11
data,sig_tot
[34.25062889 21.07773561 23.78547442 26.46795675 28.3336802  29.779355
 30.24765837 29.23268602 26.91284418 23.1725623  52.12456791 21.4834041
 33.35213437]
[34.25062889 21.07773561 23.78547442 26.46795675 28.3336802  29.779355
 30.24765837 29.23268602 26.91284418 23.1725623  52.12456791 21.4834041
 33.35213437]
4.143406631538383 0.9379263877849953 62.628714831139256
val isze = 0
idinces = [ 3  7 11  6  8  2 12  5 10  1  0  4  9]
training loss = 19.415145874023438 500
training loss = 6.307387351989746 1000
training loss = 5.60484504699707 1500
training loss = 5.342292308807373 2000
training loss = 5.019574165344238 2500
training loss = 4.536990165710449 3000
training loss = 3.820221424102783 3500
training loss = 2.9535324573516846 4000
training loss = 2.434309720993042 4500
training loss = 2.3216946125030518 5000
training loss = 2.2700912952423096 5500
training loss = 2.212632417678833 6000
reduced chi^2 level 2 = 2.2125084400177
Constrained alpha: 3.683180332183838
Constrained beta: 1.0484999418258667
Constrained gamma: 60.29492950439453
(1, 13)
(1, 0)
data before
[0.00000000e+00 0.00000000e+00 0.00000000e+00 0.00000000e+00
 0.00000000e+00 0.00000000e+00 0.00000000e+00 0.00000000e+00
 0.00000000e+00 0.00000000e+00 0.00000000e+00 0.00000000e+00
 0.00000000e+00 0.00000000e+00 0.00000000e+00 0.00000000e+00
 0.00000000e+00 0.00000000e+00 0.00000000e+00 0.00000000e+00
 1.57512647e+01 1.84993642e+01 2.10777356e+01 2.37854744e+01
 2.64679567e+01 2.83336802e+01 2.97793550e+01 3.02476584e+01
 2.92326860e+01 2.69128442e+01 2.31725623e+01 1.86181025e+01
 1.39591421e+01 9.56089666e+00 5.80420824e+00 2.83608590e+00
 1.05943708e+00 2.86307769e-01 3.87618040e-04 0.00000000e+00
 0.00000000e+00]
8
data after
[34.25062888581037, 21.07773560682535, 23.78547442280233, 26.467956749315857, 28.333680202424528, 29.77935499856651, 30.247658368477072, 29.232686020435395, 26.91284418382004, 23.172562303082646, 52.12456791282247]
11
data,sig_tot
[34.25062889 21.07773561 23.78547442 26.46795675 28.3336802  29.779355
 30.24765837 29.23268602 26.91284418 23.1725623  52.12456791 21.4834041
 33.35213437]
[34.25062889 21.07773561 23.78547442 26.46795675 28.3336802  29.779355
 30.24765837 29.23268602 26.91284418 23.1725623  52.12456791 21.4834041
 33.35213437]
4.143406631538383 0.9379263877849953 62.628714831139256
val isze = 0
idinces = [ 3  7 11  6  8  2 12  5 10  1  0  4  9]
training loss = 6.768083095550537 500
training loss = 6.211917877197266 1000
training loss = 5.438808917999268 1500
training loss = 5.192105770111084 2000
training loss = 4.859183311462402 2500
training loss = 3.356903314590454 3000
training loss = 2.505556583404541 3500
training loss = 2.3744571208953857 4000
training loss = 2.252765655517578 4500
training loss = 2.1045100688934326 5000
training loss = 1.9542210102081299 5500
training loss = 1.8481452465057373 6000
reduced chi^2 level 2 = 1.8479814529418945
Constrained alpha: 3.6644129753112793
Constrained beta: 1.3759279251098633
Constrained gamma: 61.01032638549805
(1, 13)
(1, 0)
data before
[0.00000000e+00 0.00000000e+00 0.00000000e+00 0.00000000e+00
 0.00000000e+00 0.00000000e+00 0.00000000e+00 0.00000000e+00
 0.00000000e+00 0.00000000e+00 0.00000000e+00 0.00000000e+00
 0.00000000e+00 0.00000000e+00 0.00000000e+00 0.00000000e+00
 0.00000000e+00 0.00000000e+00 0.00000000e+00 0.00000000e+00
 1.57512647e+01 1.84993642e+01 2.10777356e+01 2.37854744e+01
 2.64679567e+01 2.83336802e+01 2.97793550e+01 3.02476584e+01
 2.92326860e+01 2.69128442e+01 2.31725623e+01 1.86181025e+01
 1.39591421e+01 9.56089666e+00 5.80420824e+00 2.83608590e+00
 1.05943708e+00 2.86307769e-01 3.87618040e-04 0.00000000e+00
 0.00000000e+00]
8
data after
[34.25062888581037, 21.07773560682535, 23.78547442280233, 26.467956749315857, 28.333680202424528, 29.77935499856651, 30.247658368477072, 29.232686020435395, 26.91284418382004, 23.172562303082646, 52.12456791282247]
11
data,sig_tot
[34.25062889 21.07773561 23.78547442 26.46795675 28.3336802  29.779355
 30.24765837 29.23268602 26.91284418 23.1725623  52.12456791 21.4834041
 33.35213437]
[34.25062889 21.07773561 23.78547442 26.46795675 28.3336802  29.779355
 30.24765837 29.23268602 26.91284418 23.1725623  52.12456791 21.4834041
 33.35213437]
4.143406631538383 0.9379263877849953 62.628714831139256
val isze = 0
idinces = [ 3  7 11  6  8  2 12  5 10  1  0  4  9]
training loss = 12.757049560546875 500
training loss = 6.219985485076904 1000
training loss = 4.919528007507324 1500
training loss = 3.8310067653656006 2000
training loss = 2.9522149562835693 2500
training loss = 2.4731950759887695 3000
training loss = 2.3128552436828613 3500
training loss = 2.257558822631836 4000
training loss = 2.2128167152404785 4500
training loss = 2.1620514392852783 5000
training loss = 2.1041789054870605 5500
training loss = 2.0411899089813232 6000
reduced chi^2 level 2 = 2.0410611629486084
Constrained alpha: 3.7156777381896973
Constrained beta: 1.324710726737976
Constrained gamma: 60.39683151245117
(1, 13)
(1, 0)
data before
[0.00000000e+00 0.00000000e+00 0.00000000e+00 0.00000000e+00
 0.00000000e+00 0.00000000e+00 0.00000000e+00 0.00000000e+00
 0.00000000e+00 0.00000000e+00 0.00000000e+00 0.00000000e+00
 0.00000000e+00 0.00000000e+00 0.00000000e+00 0.00000000e+00
 0.00000000e+00 0.00000000e+00 0.00000000e+00 0.00000000e+00
 1.57512647e+01 1.84993642e+01 2.10777356e+01 2.37854744e+01
 2.64679567e+01 2.83336802e+01 2.97793550e+01 3.02476584e+01
 2.92326860e+01 2.69128442e+01 2.31725623e+01 1.86181025e+01
 1.39591421e+01 9.56089666e+00 5.80420824e+00 2.83608590e+00
 1.05943708e+00 2.86307769e-01 3.87618040e-04 0.00000000e+00
 0.00000000e+00]
8
data after
[34.25062888581037, 21.07773560682535, 23.78547442280233, 26.467956749315857, 28.333680202424528, 29.77935499856651, 30.247658368477072, 29.232686020435395, 26.91284418382004, 23.172562303082646, 52.12456791282247]
11
data,sig_tot
[34.25062889 21.07773561 23.78547442 26.46795675 28.3336802  29.779355
 30.24765837 29.23268602 26.91284418 23.1725623  52.12456791 21.4834041
 33.35213437]
[34.25062889 21.07773561 23.78547442 26.46795675 28.3336802  29.779355
 30.24765837 29.23268602 26.91284418 23.1725623  52.12456791 21.4834041
 33.35213437]
4.143406631538383 0.9379263877849953 62.628714831139256
val isze = 0
idinces = [ 3  7 11  6  8  2 12  5 10  1  0  4  9]
(1, 13)
(1, 0)
data before
[0.00000000e+00 0.00000000e+00 0.00000000e+00 0.00000000e+00
 0.00000000e+00 0.00000000e+00 0.00000000e+00 0.00000000e+00
 0.00000000e+00 0.00000000e+00 0.00000000e+00 0.00000000e+00
 0.00000000e+00 0.00000000e+00 0.00000000e+00 0.00000000e+00
 0.00000000e+00 0.00000000e+00 0.00000000e+00 0.00000000e+00
 1.57512647e+01 1.84993642e+01 2.10777356e+01 2.37854744e+01
 2.64679567e+01 2.83336802e+01 2.97793550e+01 3.02476584e+01
 2.92326860e+01 2.69128442e+01 2.31725623e+01 1.86181025e+01
 1.39591421e+01 9.56089666e+00 5.80420824e+00 2.83608590e+00
 1.05943708e+00 2.86307769e-01 3.87618040e-04 0.00000000e+00
 0.00000000e+00]
8
data after
[34.25062888581037, 21.07773560682535, 23.78547442280233, 26.467956749315857, 28.333680202424528, 29.77935499856651, 30.247658368477072, 29.232686020435395, 26.91284418382004, 23.172562303082646, 52.12456791282247]
11
data,sig_tot
[34.25062889 21.07773561 23.78547442 26.46795675 28.3336802  29.779355
 30.24765837 29.23268602 26.91284418 23.1725623  52.12456791 21.4834041
 33.35213437]
[34.25062889 21.07773561 23.78547442 26.46795675 28.3336802  29.779355
 30.24765837 29.23268602 26.91284418 23.1725623  52.12456791 21.4834041
 33.35213437]
4.143406631538383 0.9379263877849953 62.628714831139256
val isze = 0
idinces = [ 3  7 11  6  8  2 12  5 10  1  0  4  9]
training loss = 6.9357075691223145 500
training loss = 6.440158367156982 1000
training loss = 6.264268398284912 1500
training loss = 6.117359638214111 2000
training loss = 5.951296329498291 2500
training loss = 5.749350070953369 3000
training loss = 5.503006935119629 3500
training loss = 5.202267169952393 4000
training loss = 4.832696914672852 4500
training loss = 4.376622200012207 5000
training loss = 3.8254072666168213 5500
training loss = 3.2205488681793213 6000
(1, 13)
(1, 0)
data before
[0.00000000e+00 0.00000000e+00 0.00000000e+00 0.00000000e+00
 0.00000000e+00 0.00000000e+00 0.00000000e+00 0.00000000e+00
 0.00000000e+00 0.00000000e+00 0.00000000e+00 0.00000000e+00
 0.00000000e+00 0.00000000e+00 0.00000000e+00 0.00000000e+00
 0.00000000e+00 0.00000000e+00 0.00000000e+00 0.00000000e+00
 1.57512647e+01 1.84993642e+01 2.10777356e+01 2.37854744e+01
 2.64679567e+01 2.83336802e+01 2.97793550e+01 3.02476584e+01
 2.92326860e+01 2.69128442e+01 2.31725623e+01 1.86181025e+01
 1.39591421e+01 9.56089666e+00 5.80420824e+00 2.83608590e+00
 1.05943708e+00 2.86307769e-01 3.87618040e-04 0.00000000e+00
 0.00000000e+00]
8
data after
[34.25062888581037, 21.07773560682535, 23.78547442280233, 26.467956749315857, 28.333680202424528, 29.77935499856651, 30.247658368477072, 29.232686020435395, 26.91284418382004, 23.172562303082646, 52.12456791282247]
11
data,sig_tot
[34.25062889 21.07773561 23.78547442 26.46795675 28.3336802  29.779355
 30.24765837 29.23268602 26.91284418 23.1725623  52.12456791 21.4834041
 33.35213437]
[34.25062889 21.07773561 23.78547442 26.46795675 28.3336802  29.779355
 30.24765837 29.23268602 26.91284418 23.1725623  52.12456791 21.4834041
 33.35213437]
4.143406631538383 0.9379263877849953 62.628714831139256
val isze = 0
idinces = [ 3  7 11  6  8  2 12  5 10  1  0  4  9]
(1, 13)
(1, 0)
data before
[0.00000000e+00 0.00000000e+00 0.00000000e+00 0.00000000e+00
 0.00000000e+00 0.00000000e+00 0.00000000e+00 0.00000000e+00
 0.00000000e+00 0.00000000e+00 0.00000000e+00 0.00000000e+00
 0.00000000e+00 0.00000000e+00 0.00000000e+00 0.00000000e+00
 0.00000000e+00 0.00000000e+00 0.00000000e+00 0.00000000e+00
 1.57512647e+01 1.84993642e+01 2.10777356e+01 2.37854744e+01
 2.64679567e+01 2.83336802e+01 2.97793550e+01 3.02476584e+01
 2.92326860e+01 2.69128442e+01 2.31725623e+01 1.86181025e+01
 1.39591421e+01 9.56089666e+00 5.80420824e+00 2.83608590e+00
 1.05943708e+00 2.86307769e-01 3.87618040e-04 0.00000000e+00
 0.00000000e+00]
8
data after
[34.25062888581037, 21.07773560682535, 23.78547442280233, 26.467956749315857, 28.333680202424528, 29.77935499856651, 30.247658368477072, 29.232686020435395, 26.91284418382004, 23.172562303082646, 52.12456791282247]
11
data,sig_tot
[34.25062889 21.07773561 23.78547442 26.46795675 28.3336802  29.779355
 30.24765837 29.23268602 26.91284418 23.1725623  52.12456791 21.4834041
 33.35213437]
[34.25062889 21.07773561 23.78547442 26.46795675 28.3336802  29.779355
 30.24765837 29.23268602 26.91284418 23.1725623  52.12456791 21.4834041
 33.35213437]
4.143406631538383 0.9379263877849953 62.628714831139256
val isze = 0
idinces = [ 3  7 11  6  8  2 12  5 10  1  0  4  9]
training loss = 13.724056243896484 500
training loss = 5.399821758270264 1000
training loss = 5.033507823944092 1500
training loss = 4.789999008178711 2000
training loss = 4.512795448303223 2500
training loss = 4.181159019470215 3000
training loss = 3.7549657821655273 3500
training loss = 3.184473991394043 4000
training loss = 2.5392062664031982 4500
training loss = 2.160429000854492 5000
training loss = 2.0735275745391846 5500
training loss = 2.0405755043029785 6000
reduced chi^2 level 2 = 2.0405123233795166
Constrained alpha: 3.5945308208465576
Constrained beta: 1.1773816347122192
Constrained gamma: 60.812049865722656
(1, 13)
(1, 0)
data before
[0.00000000e+00 0.00000000e+00 0.00000000e+00 0.00000000e+00
 0.00000000e+00 0.00000000e+00 0.00000000e+00 0.00000000e+00
 0.00000000e+00 0.00000000e+00 0.00000000e+00 0.00000000e+00
 0.00000000e+00 0.00000000e+00 0.00000000e+00 0.00000000e+00
 0.00000000e+00 0.00000000e+00 0.00000000e+00 0.00000000e+00
 1.57512647e+01 1.84993642e+01 2.10777356e+01 2.37854744e+01
 2.64679567e+01 2.83336802e+01 2.97793550e+01 3.02476584e+01
 2.92326860e+01 2.69128442e+01 2.31725623e+01 1.86181025e+01
 1.39591421e+01 9.56089666e+00 5.80420824e+00 2.83608590e+00
 1.05943708e+00 2.86307769e-01 3.87618040e-04 0.00000000e+00
 0.00000000e+00]
8
data after
[34.25062888581037, 21.07773560682535, 23.78547442280233, 26.467956749315857, 28.333680202424528, 29.77935499856651, 30.247658368477072, 29.232686020435395, 26.91284418382004, 23.172562303082646, 52.12456791282247]
11
data,sig_tot
[34.25062889 21.07773561 23.78547442 26.46795675 28.3336802  29.779355
 30.24765837 29.23268602 26.91284418 23.1725623  52.12456791 21.4834041
 33.35213437]
[34.25062889 21.07773561 23.78547442 26.46795675 28.3336802  29.779355
 30.24765837 29.23268602 26.91284418 23.1725623  52.12456791 21.4834041
 33.35213437]
4.143406631538383 0.9379263877849953 62.628714831139256
val isze = 0
idinces = [ 3  7 11  6  8  2 12  5 10  1  0  4  9]
training loss = 4.866672992706299 500
training loss = 3.585113763809204 1000
training loss = 2.606325626373291 1500
training loss = 2.110079288482666 2000
training loss = 1.9914551973342896 2500
training loss = 1.960837960243225 3000
training loss = 1.9397484064102173 3500
training loss = 1.9194353818893433 4000
training loss = 1.8992445468902588 4500
training loss = 1.8786933422088623 5000
training loss = 1.8569560050964355 5500
training loss = 1.8333227634429932 6000
reduced chi^2 level 2 = 1.83327317237854
Constrained alpha: 3.6908013820648193
Constrained beta: 1.4594897031784058
Constrained gamma: 61.00364685058594
(1, 13)
(1, 0)
data before
[0.00000000e+00 0.00000000e+00 0.00000000e+00 0.00000000e+00
 0.00000000e+00 0.00000000e+00 0.00000000e+00 0.00000000e+00
 0.00000000e+00 0.00000000e+00 0.00000000e+00 0.00000000e+00
 0.00000000e+00 0.00000000e+00 0.00000000e+00 0.00000000e+00
 0.00000000e+00 0.00000000e+00 0.00000000e+00 0.00000000e+00
 1.57512647e+01 1.84993642e+01 2.10777356e+01 2.37854744e+01
 2.64679567e+01 2.83336802e+01 2.97793550e+01 3.02476584e+01
 2.92326860e+01 2.69128442e+01 2.31725623e+01 1.86181025e+01
 1.39591421e+01 9.56089666e+00 5.80420824e+00 2.83608590e+00
 1.05943708e+00 2.86307769e-01 3.87618040e-04 0.00000000e+00
 0.00000000e+00]
8
data after
[34.25062888581037, 21.07773560682535, 23.78547442280233, 26.467956749315857, 28.333680202424528, 29.77935499856651, 30.247658368477072, 29.232686020435395, 26.91284418382004, 23.172562303082646, 52.12456791282247]
11
data,sig_tot
[34.25062889 21.07773561 23.78547442 26.46795675 28.3336802  29.779355
 30.24765837 29.23268602 26.91284418 23.1725623  52.12456791 21.4834041
 33.35213437]
[34.25062889 21.07773561 23.78547442 26.46795675 28.3336802  29.779355
 30.24765837 29.23268602 26.91284418 23.1725623  52.12456791 21.4834041
 33.35213437]
4.143406631538383 0.9379263877849953 62.628714831139256
val isze = 0
idinces = [ 3  7 11  6  8  2 12  5 10  1  0  4  9]
(1, 13)
(1, 0)
data before
[0.00000000e+00 0.00000000e+00 0.00000000e+00 0.00000000e+00
 0.00000000e+00 0.00000000e+00 0.00000000e+00 0.00000000e+00
 0.00000000e+00 0.00000000e+00 0.00000000e+00 0.00000000e+00
 0.00000000e+00 0.00000000e+00 0.00000000e+00 0.00000000e+00
 0.00000000e+00 0.00000000e+00 0.00000000e+00 0.00000000e+00
 1.57512647e+01 1.84993642e+01 2.10777356e+01 2.37854744e+01
 2.64679567e+01 2.83336802e+01 2.97793550e+01 3.02476584e+01
 2.92326860e+01 2.69128442e+01 2.31725623e+01 1.86181025e+01
 1.39591421e+01 9.56089666e+00 5.80420824e+00 2.83608590e+00
 1.05943708e+00 2.86307769e-01 3.87618040e-04 0.00000000e+00
 0.00000000e+00]
8
data after
[34.25062888581037, 21.07773560682535, 23.78547442280233, 26.467956749315857, 28.333680202424528, 29.77935499856651, 30.247658368477072, 29.232686020435395, 26.91284418382004, 23.172562303082646, 52.12456791282247]
11
data,sig_tot
[34.25062889 21.07773561 23.78547442 26.46795675 28.3336802  29.779355
 30.24765837 29.23268602 26.91284418 23.1725623  52.12456791 21.4834041
 33.35213437]
[34.25062889 21.07773561 23.78547442 26.46795675 28.3336802  29.779355
 30.24765837 29.23268602 26.91284418 23.1725623  52.12456791 21.4834041
 33.35213437]
4.143406631538383 0.9379263877849953 62.628714831139256
val isze = 0
idinces = [ 3  7 11  6  8  2 12  5 10  1  0  4  9]
training loss = 5.998371124267578 500
training loss = 4.547780513763428 1000
training loss = 3.3571133613586426 1500
training loss = 2.4174530506134033 2000
training loss = 2.0111610889434814 2500
training loss = 1.9207468032836914 3000
training loss = 1.8848475217819214 3500
training loss = 1.8547075986862183 4000
training loss = 1.826831579208374 4500
training loss = 1.8013863563537598 5000
training loss = 1.7779332399368286 5500
training loss = 1.7552796602249146 6000
reduced chi^2 level 2 = 1.7552343606948853
Constrained alpha: 3.7150332927703857
Constrained beta: 1.426732063293457
Constrained gamma: 59.13643264770508
(1, 13)
(1, 0)
data before
[0.00000000e+00 0.00000000e+00 0.00000000e+00 0.00000000e+00
 0.00000000e+00 0.00000000e+00 0.00000000e+00 0.00000000e+00
 0.00000000e+00 0.00000000e+00 0.00000000e+00 0.00000000e+00
 0.00000000e+00 0.00000000e+00 0.00000000e+00 0.00000000e+00
 0.00000000e+00 0.00000000e+00 0.00000000e+00 0.00000000e+00
 1.57512647e+01 1.84993642e+01 2.10777356e+01 2.37854744e+01
 2.64679567e+01 2.83336802e+01 2.97793550e+01 3.02476584e+01
 2.92326860e+01 2.69128442e+01 2.31725623e+01 1.86181025e+01
 1.39591421e+01 9.56089666e+00 5.80420824e+00 2.83608590e+00
 1.05943708e+00 2.86307769e-01 3.87618040e-04 0.00000000e+00
 0.00000000e+00]
8
data after
[34.25062888581037, 21.07773560682535, 23.78547442280233, 26.467956749315857, 28.333680202424528, 29.77935499856651, 30.247658368477072, 29.232686020435395, 26.91284418382004, 23.172562303082646, 52.12456791282247]
11
data,sig_tot
[34.25062889 21.07773561 23.78547442 26.46795675 28.3336802  29.779355
 30.24765837 29.23268602 26.91284418 23.1725623  52.12456791 21.4834041
 33.35213437]
[34.25062889 21.07773561 23.78547442 26.46795675 28.3336802  29.779355
 30.24765837 29.23268602 26.91284418 23.1725623  52.12456791 21.4834041
 33.35213437]
4.143406631538383 0.9379263877849953 62.628714831139256
val isze = 0
idinces = [ 3  7 11  6  8  2 12  5 10  1  0  4  9]
(1, 13)
(1, 0)
data before
[0.00000000e+00 0.00000000e+00 0.00000000e+00 0.00000000e+00
 0.00000000e+00 0.00000000e+00 0.00000000e+00 0.00000000e+00
 0.00000000e+00 0.00000000e+00 0.00000000e+00 0.00000000e+00
 0.00000000e+00 0.00000000e+00 0.00000000e+00 0.00000000e+00
 0.00000000e+00 0.00000000e+00 0.00000000e+00 0.00000000e+00
 1.57512647e+01 1.84993642e+01 2.10777356e+01 2.37854744e+01
 2.64679567e+01 2.83336802e+01 2.97793550e+01 3.02476584e+01
 2.92326860e+01 2.69128442e+01 2.31725623e+01 1.86181025e+01
 1.39591421e+01 9.56089666e+00 5.80420824e+00 2.83608590e+00
 1.05943708e+00 2.86307769e-01 3.87618040e-04 0.00000000e+00
 0.00000000e+00]
8
data after
[34.25062888581037, 21.07773560682535, 23.78547442280233, 26.467956749315857, 28.333680202424528, 29.77935499856651, 30.247658368477072, 29.232686020435395, 26.91284418382004, 23.172562303082646, 52.12456791282247]
11
data,sig_tot
[34.25062889 21.07773561 23.78547442 26.46795675 28.3336802  29.779355
 30.24765837 29.23268602 26.91284418 23.1725623  52.12456791 21.4834041
 33.35213437]
[34.25062889 21.07773561 23.78547442 26.46795675 28.3336802  29.779355
 30.24765837 29.23268602 26.91284418 23.1725623  52.12456791 21.4834041
 33.35213437]
4.143406631538383 0.9379263877849953 62.628714831139256
val isze = 0
idinces = [ 3  7 11  6  8  2 12  5 10  1  0  4  9]
training loss = 13.12099838256836 500
training loss = 7.6364054679870605 1000
training loss = 5.936976909637451 1500
training loss = 5.006982326507568 2000
training loss = 4.203824996948242 2500
training loss = 3.435014009475708 3000
training loss = 2.7750561237335205 3500
training loss = 2.3703534603118896 4000
training loss = 2.215040445327759 4500
training loss = 2.1545398235321045 5000
training loss = 2.104149580001831 5500
training loss = 2.0485241413116455 6000
reduced chi^2 level 2 = 2.0484073162078857
Constrained alpha: 3.7157914638519287
Constrained beta: 1.2408990859985352
Constrained gamma: 60.98863983154297
(1, 13)
(1, 0)
data before
[0.00000000e+00 0.00000000e+00 0.00000000e+00 0.00000000e+00
 0.00000000e+00 0.00000000e+00 0.00000000e+00 0.00000000e+00
 0.00000000e+00 0.00000000e+00 0.00000000e+00 0.00000000e+00
 0.00000000e+00 0.00000000e+00 0.00000000e+00 0.00000000e+00
 0.00000000e+00 0.00000000e+00 0.00000000e+00 0.00000000e+00
 1.57512647e+01 1.84993642e+01 2.10777356e+01 2.37854744e+01
 2.64679567e+01 2.83336802e+01 2.97793550e+01 3.02476584e+01
 2.92326860e+01 2.69128442e+01 2.31725623e+01 1.86181025e+01
 1.39591421e+01 9.56089666e+00 5.80420824e+00 2.83608590e+00
 1.05943708e+00 2.86307769e-01 3.87618040e-04 0.00000000e+00
 0.00000000e+00]
8
data after
[34.25062888581037, 21.07773560682535, 23.78547442280233, 26.467956749315857, 28.333680202424528, 29.77935499856651, 30.247658368477072, 29.232686020435395, 26.91284418382004, 23.172562303082646, 52.12456791282247]
11
data,sig_tot
[34.25062889 21.07773561 23.78547442 26.46795675 28.3336802  29.779355
 30.24765837 29.23268602 26.91284418 23.1725623  52.12456791 21.4834041
 33.35213437]
[34.25062889 21.07773561 23.78547442 26.46795675 28.3336802  29.779355
 30.24765837 29.23268602 26.91284418 23.1725623  52.12456791 21.4834041
 33.35213437]
4.143406631538383 0.9379263877849953 62.628714831139256
val isze = 0
idinces = [ 3  7 11  6  8  2 12  5 10  1  0  4  9]
(1, 13)
(1, 0)
data before
[0.00000000e+00 0.00000000e+00 0.00000000e+00 0.00000000e+00
 0.00000000e+00 0.00000000e+00 0.00000000e+00 0.00000000e+00
 0.00000000e+00 0.00000000e+00 0.00000000e+00 0.00000000e+00
 0.00000000e+00 0.00000000e+00 0.00000000e+00 0.00000000e+00
 0.00000000e+00 0.00000000e+00 0.00000000e+00 0.00000000e+00
 1.57512647e+01 1.84993642e+01 2.10777356e+01 2.37854744e+01
 2.64679567e+01 2.83336802e+01 2.97793550e+01 3.02476584e+01
 2.92326860e+01 2.69128442e+01 2.31725623e+01 1.86181025e+01
 1.39591421e+01 9.56089666e+00 5.80420824e+00 2.83608590e+00
 1.05943708e+00 2.86307769e-01 3.87618040e-04 0.00000000e+00
 0.00000000e+00]
8
data after
[34.25062888581037, 21.07773560682535, 23.78547442280233, 26.467956749315857, 28.333680202424528, 29.77935499856651, 30.247658368477072, 29.232686020435395, 26.91284418382004, 23.172562303082646, 52.12456791282247]
11
data,sig_tot
[34.25062889 21.07773561 23.78547442 26.46795675 28.3336802  29.779355
 30.24765837 29.23268602 26.91284418 23.1725623  52.12456791 21.4834041
 33.35213437]
[34.25062889 21.07773561 23.78547442 26.46795675 28.3336802  29.779355
 30.24765837 29.23268602 26.91284418 23.1725623  52.12456791 21.4834041
 33.35213437]
4.143406631538383 0.9379263877849953 62.628714831139256
val isze = 0
idinces = [ 3  7 11  6  8  2 12  5 10  1  0  4  9]
(1, 13)
(1, 0)
data before
[0.00000000e+00 0.00000000e+00 0.00000000e+00 0.00000000e+00
 0.00000000e+00 0.00000000e+00 0.00000000e+00 0.00000000e+00
 0.00000000e+00 0.00000000e+00 0.00000000e+00 0.00000000e+00
 0.00000000e+00 0.00000000e+00 0.00000000e+00 0.00000000e+00
 0.00000000e+00 0.00000000e+00 0.00000000e+00 0.00000000e+00
 1.57512647e+01 1.84993642e+01 2.10777356e+01 2.37854744e+01
 2.64679567e+01 2.83336802e+01 2.97793550e+01 3.02476584e+01
 2.92326860e+01 2.69128442e+01 2.31725623e+01 1.86181025e+01
 1.39591421e+01 9.56089666e+00 5.80420824e+00 2.83608590e+00
 1.05943708e+00 2.86307769e-01 3.87618040e-04 0.00000000e+00
 0.00000000e+00]
8
data after
[34.25062888581037, 21.07773560682535, 23.78547442280233, 26.467956749315857, 28.333680202424528, 29.77935499856651, 30.247658368477072, 29.232686020435395, 26.91284418382004, 23.172562303082646, 52.12456791282247]
11
data,sig_tot
[34.25062889 21.07773561 23.78547442 26.46795675 28.3336802  29.779355
 30.24765837 29.23268602 26.91284418 23.1725623  52.12456791 21.4834041
 33.35213437]
[34.25062889 21.07773561 23.78547442 26.46795675 28.3336802  29.779355
 30.24765837 29.23268602 26.91284418 23.1725623  52.12456791 21.4834041
 33.35213437]
4.143406631538383 0.9379263877849953 62.628714831139256
val isze = 0
idinces = [ 3  7 11  6  8  2 12  5 10  1  0  4  9]
training loss = 31.385847091674805 500
training loss = 19.70388412475586 1000
training loss = 6.6587300300598145 1500
training loss = 5.246568202972412 2000
training loss = 4.069634437561035 2500
training loss = 3.076338052749634 3000
training loss = 2.5170540809631348 3500
training loss = 2.3232693672180176 4000
training loss = 2.263251543045044 4500
training loss = 2.2238848209381104 5000
training loss = 2.182111978530884 5500
training loss = 2.1351094245910645 6000
reduced chi^2 level 2 = 2.135009288787842
Constrained alpha: 3.708082914352417
Constrained beta: 1.2755919694900513
Constrained gamma: 60.77765655517578
(1, 13)
(1, 0)
data before
[0.00000000e+00 0.00000000e+00 0.00000000e+00 0.00000000e+00
 0.00000000e+00 0.00000000e+00 0.00000000e+00 0.00000000e+00
 0.00000000e+00 0.00000000e+00 0.00000000e+00 0.00000000e+00
 0.00000000e+00 0.00000000e+00 0.00000000e+00 0.00000000e+00
 0.00000000e+00 0.00000000e+00 0.00000000e+00 0.00000000e+00
 1.57512647e+01 1.84993642e+01 2.10777356e+01 2.37854744e+01
 2.64679567e+01 2.83336802e+01 2.97793550e+01 3.02476584e+01
 2.92326860e+01 2.69128442e+01 2.31725623e+01 1.86181025e+01
 1.39591421e+01 9.56089666e+00 5.80420824e+00 2.83608590e+00
 1.05943708e+00 2.86307769e-01 3.87618040e-04 0.00000000e+00
 0.00000000e+00]
8
data after
[34.25062888581037, 21.07773560682535, 23.78547442280233, 26.467956749315857, 28.333680202424528, 29.77935499856651, 30.247658368477072, 29.232686020435395, 26.91284418382004, 23.172562303082646, 52.12456791282247]
11
data,sig_tot
[34.25062889 21.07773561 23.78547442 26.46795675 28.3336802  29.779355
 30.24765837 29.23268602 26.91284418 23.1725623  52.12456791 21.4834041
 33.35213437]
[34.25062889 21.07773561 23.78547442 26.46795675 28.3336802  29.779355
 30.24765837 29.23268602 26.91284418 23.1725623  52.12456791 21.4834041
 33.35213437]
4.143406631538383 0.9379263877849953 62.628714831139256
val isze = 0
idinces = [ 3  7 11  6  8  2 12  5 10  1  0  4  9]
training loss = 6.1781158447265625 500
training loss = 4.958603858947754 1000
training loss = 3.712028741836548 1500
training loss = 2.629102945327759 2000
training loss = 2.129185438156128 2500
training loss = 2.0099329948425293 3000
training loss = 1.9716788530349731 3500
training loss = 1.9447394609451294 4000
training loss = 1.9164576530456543 4500
training loss = 1.8855679035186768 5000
training loss = 1.8531620502471924 5500
training loss = 1.8210517168045044 6000
reduced chi^2 level 2 = 1.8209892511367798
Constrained alpha: 3.7042224407196045
Constrained beta: 1.4232428073883057
Constrained gamma: 61.08576583862305
(1, 13)
(1, 0)
data before
[0.00000000e+00 0.00000000e+00 0.00000000e+00 0.00000000e+00
 0.00000000e+00 0.00000000e+00 0.00000000e+00 0.00000000e+00
 0.00000000e+00 0.00000000e+00 0.00000000e+00 0.00000000e+00
 0.00000000e+00 0.00000000e+00 0.00000000e+00 0.00000000e+00
 0.00000000e+00 0.00000000e+00 0.00000000e+00 0.00000000e+00
 1.57512647e+01 1.84993642e+01 2.10777356e+01 2.37854744e+01
 2.64679567e+01 2.83336802e+01 2.97793550e+01 3.02476584e+01
 2.92326860e+01 2.69128442e+01 2.31725623e+01 1.86181025e+01
 1.39591421e+01 9.56089666e+00 5.80420824e+00 2.83608590e+00
 1.05943708e+00 2.86307769e-01 3.87618040e-04 0.00000000e+00
 0.00000000e+00]
8
data after
[34.25062888581037, 21.07773560682535, 23.78547442280233, 26.467956749315857, 28.333680202424528, 29.77935499856651, 30.247658368477072, 29.232686020435395, 26.91284418382004, 23.172562303082646, 52.12456791282247]
11
data,sig_tot
[34.25062889 21.07773561 23.78547442 26.46795675 28.3336802  29.779355
 30.24765837 29.23268602 26.91284418 23.1725623  52.12456791 21.4834041
 33.35213437]
[34.25062889 21.07773561 23.78547442 26.46795675 28.3336802  29.779355
 30.24765837 29.23268602 26.91284418 23.1725623  52.12456791 21.4834041
 33.35213437]
4.143406631538383 0.9379263877849953 62.628714831139256
val isze = 0
idinces = [ 3  7 11  6  8  2 12  5 10  1  0  4  9]
training loss = 11.504924774169922 500
training loss = 7.091911792755127 1000
training loss = 5.935084819793701 1500
training loss = 5.0045599937438965 2000
training loss = 4.086170196533203 2500
training loss = 3.290290594100952 3000
training loss = 2.724915027618408 3500
training loss = 2.4142050743103027 4000
training loss = 2.286464214324951 4500
training loss = 2.232508659362793 5000
training loss = 2.190589189529419 5500
training loss = 2.1438040733337402 6000
reduced chi^2 level 2 = 2.143702983856201
Constrained alpha: 3.7042572498321533
Constrained beta: 1.2981507778167725
Constrained gamma: 61.38990020751953
(1, 13)
(1, 0)
data before
[0.00000000e+00 0.00000000e+00 0.00000000e+00 0.00000000e+00
 0.00000000e+00 0.00000000e+00 0.00000000e+00 0.00000000e+00
 0.00000000e+00 0.00000000e+00 0.00000000e+00 0.00000000e+00
 0.00000000e+00 0.00000000e+00 0.00000000e+00 0.00000000e+00
 0.00000000e+00 0.00000000e+00 0.00000000e+00 0.00000000e+00
 1.57512647e+01 1.84993642e+01 2.10777356e+01 2.37854744e+01
 2.64679567e+01 2.83336802e+01 2.97793550e+01 3.02476584e+01
 2.92326860e+01 2.69128442e+01 2.31725623e+01 1.86181025e+01
 1.39591421e+01 9.56089666e+00 5.80420824e+00 2.83608590e+00
 1.05943708e+00 2.86307769e-01 3.87618040e-04 0.00000000e+00
 0.00000000e+00]
8
data after
[34.25062888581037, 21.07773560682535, 23.78547442280233, 26.467956749315857, 28.333680202424528, 29.77935499856651, 30.247658368477072, 29.232686020435395, 26.91284418382004, 23.172562303082646, 52.12456791282247]
11
data,sig_tot
[34.25062889 21.07773561 23.78547442 26.46795675 28.3336802  29.779355
 30.24765837 29.23268602 26.91284418 23.1725623  52.12456791 21.4834041
 33.35213437]
[34.25062889 21.07773561 23.78547442 26.46795675 28.3336802  29.779355
 30.24765837 29.23268602 26.91284418 23.1725623  52.12456791 21.4834041
 33.35213437]
4.143406631538383 0.9379263877849953 62.628714831139256
val isze = 0
idinces = [ 3  7 11  6  8  2 12  5 10  1  0  4  9]
(1, 13)
(1, 0)
data before
[0.00000000e+00 0.00000000e+00 0.00000000e+00 0.00000000e+00
 0.00000000e+00 0.00000000e+00 0.00000000e+00 0.00000000e+00
 0.00000000e+00 0.00000000e+00 0.00000000e+00 0.00000000e+00
 0.00000000e+00 0.00000000e+00 0.00000000e+00 0.00000000e+00
 0.00000000e+00 0.00000000e+00 0.00000000e+00 0.00000000e+00
 1.57512647e+01 1.84993642e+01 2.10777356e+01 2.37854744e+01
 2.64679567e+01 2.83336802e+01 2.97793550e+01 3.02476584e+01
 2.92326860e+01 2.69128442e+01 2.31725623e+01 1.86181025e+01
 1.39591421e+01 9.56089666e+00 5.80420824e+00 2.83608590e+00
 1.05943708e+00 2.86307769e-01 3.87618040e-04 0.00000000e+00
 0.00000000e+00]
8
data after
[34.25062888581037, 21.07773560682535, 23.78547442280233, 26.467956749315857, 28.333680202424528, 29.77935499856651, 30.247658368477072, 29.232686020435395, 26.91284418382004, 23.172562303082646, 52.12456791282247]
11
data,sig_tot
[34.25062889 21.07773561 23.78547442 26.46795675 28.3336802  29.779355
 30.24765837 29.23268602 26.91284418 23.1725623  52.12456791 21.4834041
 33.35213437]
[34.25062889 21.07773561 23.78547442 26.46795675 28.3336802  29.779355
 30.24765837 29.23268602 26.91284418 23.1725623  52.12456791 21.4834041
 33.35213437]
4.143406631538383 0.9379263877849953 62.628714831139256
val isze = 0
idinces = [ 3  7 11  6  8  2 12  5 10  1  0  4  9]
(1, 13)
(1, 0)
data before
[0.00000000e+00 0.00000000e+00 0.00000000e+00 0.00000000e+00
 0.00000000e+00 0.00000000e+00 0.00000000e+00 0.00000000e+00
 0.00000000e+00 0.00000000e+00 0.00000000e+00 0.00000000e+00
 0.00000000e+00 0.00000000e+00 0.00000000e+00 0.00000000e+00
 0.00000000e+00 0.00000000e+00 0.00000000e+00 0.00000000e+00
 1.57512647e+01 1.84993642e+01 2.10777356e+01 2.37854744e+01
 2.64679567e+01 2.83336802e+01 2.97793550e+01 3.02476584e+01
 2.92326860e+01 2.69128442e+01 2.31725623e+01 1.86181025e+01
 1.39591421e+01 9.56089666e+00 5.80420824e+00 2.83608590e+00
 1.05943708e+00 2.86307769e-01 3.87618040e-04 0.00000000e+00
 0.00000000e+00]
8
data after
[34.25062888581037, 21.07773560682535, 23.78547442280233, 26.467956749315857, 28.333680202424528, 29.77935499856651, 30.247658368477072, 29.232686020435395, 26.91284418382004, 23.172562303082646, 52.12456791282247]
11
data,sig_tot
[34.25062889 21.07773561 23.78547442 26.46795675 28.3336802  29.779355
 30.24765837 29.23268602 26.91284418 23.1725623  52.12456791 21.4834041
 33.35213437]
[34.25062889 21.07773561 23.78547442 26.46795675 28.3336802  29.779355
 30.24765837 29.23268602 26.91284418 23.1725623  52.12456791 21.4834041
 33.35213437]
4.143406631538383 0.9379263877849953 62.628714831139256
val isze = 0
idinces = [ 3  7 11  6  8  2 12  5 10  1  0  4  9]
training loss = 7.448901176452637 500
training loss = 5.780029296875 1000
training loss = 5.198816299438477 1500
training loss = 4.495649814605713 2000
training loss = 3.5327401161193848 2500
training loss = 2.590383768081665 3000
training loss = 2.2905423641204834 3500
training loss = 2.232126474380493 4000
training loss = 2.182586193084717 4500
training loss = 2.125994920730591 5000
training loss = 2.0626635551452637 5500
training loss = 1.9948855638504028 6000
reduced chi^2 level 2 = 1.9947479963302612
Constrained alpha: 3.7263669967651367
Constrained beta: 1.2621718645095825
Constrained gamma: 59.827491760253906
(1, 13)
(1, 0)
data before
[0.00000000e+00 0.00000000e+00 0.00000000e+00 0.00000000e+00
 0.00000000e+00 0.00000000e+00 0.00000000e+00 0.00000000e+00
 0.00000000e+00 0.00000000e+00 0.00000000e+00 0.00000000e+00
 0.00000000e+00 0.00000000e+00 0.00000000e+00 0.00000000e+00
 0.00000000e+00 0.00000000e+00 0.00000000e+00 0.00000000e+00
 1.57512647e+01 1.84993642e+01 2.10777356e+01 2.37854744e+01
 2.64679567e+01 2.83336802e+01 2.97793550e+01 3.02476584e+01
 2.92326860e+01 2.69128442e+01 2.31725623e+01 1.86181025e+01
 1.39591421e+01 9.56089666e+00 5.80420824e+00 2.83608590e+00
 1.05943708e+00 2.86307769e-01 3.87618040e-04 0.00000000e+00
 0.00000000e+00]
8
data after
[34.25062888581037, 21.07773560682535, 23.78547442280233, 26.467956749315857, 28.333680202424528, 29.77935499856651, 30.247658368477072, 29.232686020435395, 26.91284418382004, 23.172562303082646, 52.12456791282247]
11
data,sig_tot
[34.25062889 21.07773561 23.78547442 26.46795675 28.3336802  29.779355
 30.24765837 29.23268602 26.91284418 23.1725623  52.12456791 21.4834041
 33.35213437]
[34.25062889 21.07773561 23.78547442 26.46795675 28.3336802  29.779355
 30.24765837 29.23268602 26.91284418 23.1725623  52.12456791 21.4834041
 33.35213437]
4.143406631538383 0.9379263877849953 62.628714831139256
val isze = 0
idinces = [ 3  7 11  6  8  2 12  5 10  1  0  4  9]
(1, 13)
(1, 0)
data before
[0.00000000e+00 0.00000000e+00 0.00000000e+00 0.00000000e+00
 0.00000000e+00 0.00000000e+00 0.00000000e+00 0.00000000e+00
 0.00000000e+00 0.00000000e+00 0.00000000e+00 0.00000000e+00
 0.00000000e+00 0.00000000e+00 0.00000000e+00 0.00000000e+00
 0.00000000e+00 0.00000000e+00 0.00000000e+00 0.00000000e+00
 1.57512647e+01 1.84993642e+01 2.10777356e+01 2.37854744e+01
 2.64679567e+01 2.83336802e+01 2.97793550e+01 3.02476584e+01
 2.92326860e+01 2.69128442e+01 2.31725623e+01 1.86181025e+01
 1.39591421e+01 9.56089666e+00 5.80420824e+00 2.83608590e+00
 1.05943708e+00 2.86307769e-01 3.87618040e-04 0.00000000e+00
 0.00000000e+00]
8
data after
[34.25062888581037, 21.07773560682535, 23.78547442280233, 26.467956749315857, 28.333680202424528, 29.77935499856651, 30.247658368477072, 29.232686020435395, 26.91284418382004, 23.172562303082646, 52.12456791282247]
11
data,sig_tot
[34.25062889 21.07773561 23.78547442 26.46795675 28.3336802  29.779355
 30.24765837 29.23268602 26.91284418 23.1725623  52.12456791 21.4834041
 33.35213437]
[34.25062889 21.07773561 23.78547442 26.46795675 28.3336802  29.779355
 30.24765837 29.23268602 26.91284418 23.1725623  52.12456791 21.4834041
 33.35213437]
4.143406631538383 0.9379263877849953 62.628714831139256
val isze = 0
idinces = [ 3  7 11  6  8  2 12  5 10  1  0  4  9]
training loss = 5.629675388336182 500
training loss = 4.738658905029297 1000
training loss = 3.8796868324279785 1500
training loss = 3.003110647201538 2000
training loss = 2.3041934967041016 2500
training loss = 2.033860921859741 3000
training loss = 1.9917422533035278 3500
training loss = 1.9874111413955688 4000
training loss = 1.9825125932693481 4500
training loss = 1.9716694355010986 5000
training loss = 1.9533874988555908 5500
training loss = 1.926382303237915 6000
reduced chi^2 level 2 = 1.9263190031051636
Constrained alpha: 3.6834051609039307
Constrained beta: 1.3951613903045654
Constrained gamma: 61.240325927734375
(1, 13)
(1, 0)
data before
[0.00000000e+00 0.00000000e+00 0.00000000e+00 0.00000000e+00
 0.00000000e+00 0.00000000e+00 0.00000000e+00 0.00000000e+00
 0.00000000e+00 0.00000000e+00 0.00000000e+00 0.00000000e+00
 0.00000000e+00 0.00000000e+00 0.00000000e+00 0.00000000e+00
 0.00000000e+00 0.00000000e+00 0.00000000e+00 0.00000000e+00
 1.57512647e+01 1.84993642e+01 2.10777356e+01 2.37854744e+01
 2.64679567e+01 2.83336802e+01 2.97793550e+01 3.02476584e+01
 2.92326860e+01 2.69128442e+01 2.31725623e+01 1.86181025e+01
 1.39591421e+01 9.56089666e+00 5.80420824e+00 2.83608590e+00
 1.05943708e+00 2.86307769e-01 3.87618040e-04 0.00000000e+00
 0.00000000e+00]
8
data after
[34.25062888581037, 21.07773560682535, 23.78547442280233, 26.467956749315857, 28.333680202424528, 29.77935499856651, 30.247658368477072, 29.232686020435395, 26.91284418382004, 23.172562303082646, 52.12456791282247]
11
data,sig_tot
[34.25062889 21.07773561 23.78547442 26.46795675 28.3336802  29.779355
 30.24765837 29.23268602 26.91284418 23.1725623  52.12456791 21.4834041
 33.35213437]
[34.25062889 21.07773561 23.78547442 26.46795675 28.3336802  29.779355
 30.24765837 29.23268602 26.91284418 23.1725623  52.12456791 21.4834041
 33.35213437]
4.143406631538383 0.9379263877849953 62.628714831139256
val isze = 0
idinces = [ 3  7 11  6  8  2 12  5 10  1  0  4  9]
(1, 13)
(1, 0)
data before
[0.00000000e+00 0.00000000e+00 0.00000000e+00 0.00000000e+00
 0.00000000e+00 0.00000000e+00 0.00000000e+00 0.00000000e+00
 0.00000000e+00 0.00000000e+00 0.00000000e+00 0.00000000e+00
 0.00000000e+00 0.00000000e+00 0.00000000e+00 0.00000000e+00
 0.00000000e+00 0.00000000e+00 0.00000000e+00 0.00000000e+00
 1.57512647e+01 1.84993642e+01 2.10777356e+01 2.37854744e+01
 2.64679567e+01 2.83336802e+01 2.97793550e+01 3.02476584e+01
 2.92326860e+01 2.69128442e+01 2.31725623e+01 1.86181025e+01
 1.39591421e+01 9.56089666e+00 5.80420824e+00 2.83608590e+00
 1.05943708e+00 2.86307769e-01 3.87618040e-04 0.00000000e+00
 0.00000000e+00]
8
data after
[34.25062888581037, 21.07773560682535, 23.78547442280233, 26.467956749315857, 28.333680202424528, 29.77935499856651, 30.247658368477072, 29.232686020435395, 26.91284418382004, 23.172562303082646, 52.12456791282247]
11
data,sig_tot
[34.25062889 21.07773561 23.78547442 26.46795675 28.3336802  29.779355
 30.24765837 29.23268602 26.91284418 23.1725623  52.12456791 21.4834041
 33.35213437]
[34.25062889 21.07773561 23.78547442 26.46795675 28.3336802  29.779355
 30.24765837 29.23268602 26.91284418 23.1725623  52.12456791 21.4834041
 33.35213437]
4.143406631538383 0.9379263877849953 62.628714831139256
val isze = 0
idinces = [ 3  7 11  6  8  2 12  5 10  1  0  4  9]
training loss = 17.132976531982422 500
training loss = 6.323782444000244 1000
training loss = 5.137772560119629 1500
training loss = 4.30304479598999 2000
training loss = 3.3662614822387695 2500
training loss = 2.5467207431793213 3000
training loss = 2.202737331390381 3500
training loss = 2.132139205932617 4000
training loss = 2.1000027656555176 4500
training loss = 2.066288709640503 5000
training loss = 2.028001070022583 5500
training loss = 1.9857783317565918 6000
reduced chi^2 level 2 = 1.9856911897659302
Constrained alpha: 3.6859264373779297
Constrained beta: 1.3389900922775269
Constrained gamma: 60.334835052490234
(1, 13)
(1, 0)
data before
[0.00000000e+00 0.00000000e+00 0.00000000e+00 0.00000000e+00
 0.00000000e+00 0.00000000e+00 0.00000000e+00 0.00000000e+00
 0.00000000e+00 0.00000000e+00 0.00000000e+00 0.00000000e+00
 0.00000000e+00 0.00000000e+00 0.00000000e+00 0.00000000e+00
 0.00000000e+00 0.00000000e+00 0.00000000e+00 0.00000000e+00
 1.57512647e+01 1.84993642e+01 2.10777356e+01 2.37854744e+01
 2.64679567e+01 2.83336802e+01 2.97793550e+01 3.02476584e+01
 2.92326860e+01 2.69128442e+01 2.31725623e+01 1.86181025e+01
 1.39591421e+01 9.56089666e+00 5.80420824e+00 2.83608590e+00
 1.05943708e+00 2.86307769e-01 3.87618040e-04 0.00000000e+00
 0.00000000e+00]
8
data after
[34.25062888581037, 21.07773560682535, 23.78547442280233, 26.467956749315857, 28.333680202424528, 29.77935499856651, 30.247658368477072, 29.232686020435395, 26.91284418382004, 23.172562303082646, 52.12456791282247]
11
data,sig_tot
[34.25062889 21.07773561 23.78547442 26.46795675 28.3336802  29.779355
 30.24765837 29.23268602 26.91284418 23.1725623  52.12456791 21.4834041
 33.35213437]
[34.25062889 21.07773561 23.78547442 26.46795675 28.3336802  29.779355
 30.24765837 29.23268602 26.91284418 23.1725623  52.12456791 21.4834041
 33.35213437]
4.143406631538383 0.9379263877849953 62.628714831139256
val isze = 0
idinces = [ 3  7 11  6  8  2 12  5 10  1  0  4  9]
training loss = 8.264887809753418 500
training loss = 5.500226974487305 1000
training loss = 4.357643127441406 1500
training loss = 3.4171650409698486 2000
training loss = 2.683638334274292 2500
training loss = 2.240302324295044 3000
training loss = 2.0684027671813965 3500
training loss = 2.0241007804870605 4000
training loss = 2.0111472606658936 4500
training loss = 2.0020484924316406 5000
training loss = 1.990927815437317 5500
training loss = 1.9767102003097534 6000
reduced chi^2 level 2 = 1.9766781330108643
Constrained alpha: 3.710324764251709
Constrained beta: 1.3383387327194214
Constrained gamma: 61.08417892456055
(1, 13)
(1, 0)
data before
[0.00000000e+00 0.00000000e+00 0.00000000e+00 0.00000000e+00
 0.00000000e+00 0.00000000e+00 0.00000000e+00 0.00000000e+00
 0.00000000e+00 0.00000000e+00 0.00000000e+00 0.00000000e+00
 0.00000000e+00 0.00000000e+00 0.00000000e+00 0.00000000e+00
 0.00000000e+00 0.00000000e+00 0.00000000e+00 0.00000000e+00
 1.57512647e+01 1.84993642e+01 2.10777356e+01 2.37854744e+01
 2.64679567e+01 2.83336802e+01 2.97793550e+01 3.02476584e+01
 2.92326860e+01 2.69128442e+01 2.31725623e+01 1.86181025e+01
 1.39591421e+01 9.56089666e+00 5.80420824e+00 2.83608590e+00
 1.05943708e+00 2.86307769e-01 3.87618040e-04 0.00000000e+00
 0.00000000e+00]
8
data after
[34.25062888581037, 21.07773560682535, 23.78547442280233, 26.467956749315857, 28.333680202424528, 29.77935499856651, 30.247658368477072, 29.232686020435395, 26.91284418382004, 23.172562303082646, 52.12456791282247]
11
data,sig_tot
[34.25062889 21.07773561 23.78547442 26.46795675 28.3336802  29.779355
 30.24765837 29.23268602 26.91284418 23.1725623  52.12456791 21.4834041
 33.35213437]
[34.25062889 21.07773561 23.78547442 26.46795675 28.3336802  29.779355
 30.24765837 29.23268602 26.91284418 23.1725623  52.12456791 21.4834041
 33.35213437]
4.143406631538383 0.9379263877849953 62.628714831139256
val isze = 0
idinces = [ 3  7 11  6  8  2 12  5 10  1  0  4  9]
training loss = 8.348296165466309 500
training loss = 5.8553032875061035 1000
training loss = 4.645719528198242 1500
training loss = 3.7255825996398926 2000
training loss = 2.9315345287323 2500
training loss = 2.37774658203125 3000
training loss = 2.1367249488830566 3500
training loss = 2.0661888122558594 4000
training loss = 2.0343048572540283 4500
training loss = 2.0056447982788086 5000
training loss = 1.9756935834884644 5500
training loss = 1.9448087215423584 6000
reduced chi^2 level 2 = 1.9447474479675293
Constrained alpha: 3.72019100189209
Constrained beta: 1.3541451692581177
Constrained gamma: 61.41703796386719
(1, 13)
(1, 0)
data before
[0.00000000e+00 0.00000000e+00 0.00000000e+00 0.00000000e+00
 0.00000000e+00 0.00000000e+00 0.00000000e+00 0.00000000e+00
 0.00000000e+00 0.00000000e+00 0.00000000e+00 0.00000000e+00
 0.00000000e+00 0.00000000e+00 0.00000000e+00 0.00000000e+00
 0.00000000e+00 0.00000000e+00 0.00000000e+00 0.00000000e+00
 1.57512647e+01 1.84993642e+01 2.10777356e+01 2.37854744e+01
 2.64679567e+01 2.83336802e+01 2.97793550e+01 3.02476584e+01
 2.92326860e+01 2.69128442e+01 2.31725623e+01 1.86181025e+01
 1.39591421e+01 9.56089666e+00 5.80420824e+00 2.83608590e+00
 1.05943708e+00 2.86307769e-01 3.87618040e-04 0.00000000e+00
 0.00000000e+00]
8
data after
[34.25062888581037, 21.07773560682535, 23.78547442280233, 26.467956749315857, 28.333680202424528, 29.77935499856651, 30.247658368477072, 29.232686020435395, 26.91284418382004, 23.172562303082646, 52.12456791282247]
11
data,sig_tot
[34.25062889 21.07773561 23.78547442 26.46795675 28.3336802  29.779355
 30.24765837 29.23268602 26.91284418 23.1725623  52.12456791 21.4834041
 33.35213437]
[34.25062889 21.07773561 23.78547442 26.46795675 28.3336802  29.779355
 30.24765837 29.23268602 26.91284418 23.1725623  52.12456791 21.4834041
 33.35213437]
4.143406631538383 0.9379263877849953 62.628714831139256
val isze = 0
idinces = [ 3  7 11  6  8  2 12  5 10  1  0  4  9]
(1, 13)
(1, 0)
data before
[0.00000000e+00 0.00000000e+00 0.00000000e+00 0.00000000e+00
 0.00000000e+00 0.00000000e+00 0.00000000e+00 0.00000000e+00
 0.00000000e+00 0.00000000e+00 0.00000000e+00 0.00000000e+00
 0.00000000e+00 0.00000000e+00 0.00000000e+00 0.00000000e+00
 0.00000000e+00 0.00000000e+00 0.00000000e+00 0.00000000e+00
 1.57512647e+01 1.84993642e+01 2.10777356e+01 2.37854744e+01
 2.64679567e+01 2.83336802e+01 2.97793550e+01 3.02476584e+01
 2.92326860e+01 2.69128442e+01 2.31725623e+01 1.86181025e+01
 1.39591421e+01 9.56089666e+00 5.80420824e+00 2.83608590e+00
 1.05943708e+00 2.86307769e-01 3.87618040e-04 0.00000000e+00
 0.00000000e+00]
8
data after
[34.25062888581037, 21.07773560682535, 23.78547442280233, 26.467956749315857, 28.333680202424528, 29.77935499856651, 30.247658368477072, 29.232686020435395, 26.91284418382004, 23.172562303082646, 52.12456791282247]
11
data,sig_tot
[34.25062889 21.07773561 23.78547442 26.46795675 28.3336802  29.779355
 30.24765837 29.23268602 26.91284418 23.1725623  52.12456791 21.4834041
 33.35213437]
[34.25062889 21.07773561 23.78547442 26.46795675 28.3336802  29.779355
 30.24765837 29.23268602 26.91284418 23.1725623  52.12456791 21.4834041
 33.35213437]
4.143406631538383 0.9379263877849953 62.628714831139256
val isze = 0
idinces = [ 3  7 11  6  8  2 12  5 10  1  0  4  9]
training loss = 7.992407321929932 500
training loss = 5.723566055297852 1000
training loss = 5.0537896156311035 1500
training loss = 4.285928249359131 2000
training loss = 3.210171937942505 2500
training loss = 2.2438414096832275 3000
training loss = 1.934031367301941 3500
training loss = 1.898969292640686 4000
training loss = 1.894761323928833 4500
training loss = 1.8883435726165771 5000
training loss = 1.876574993133545 5500
training loss = 1.859793782234192 6000
reduced chi^2 level 2 = 1.859756588935852
Constrained alpha: 3.731016159057617
Constrained beta: 1.2674363851547241
Constrained gamma: 60.67055130004883
(1, 13)
(1, 0)
data before
[0.00000000e+00 0.00000000e+00 0.00000000e+00 0.00000000e+00
 0.00000000e+00 0.00000000e+00 0.00000000e+00 0.00000000e+00
 0.00000000e+00 0.00000000e+00 0.00000000e+00 0.00000000e+00
 0.00000000e+00 0.00000000e+00 0.00000000e+00 0.00000000e+00
 0.00000000e+00 0.00000000e+00 0.00000000e+00 0.00000000e+00
 1.57512647e+01 1.84993642e+01 2.10777356e+01 2.37854744e+01
 2.64679567e+01 2.83336802e+01 2.97793550e+01 3.02476584e+01
 2.92326860e+01 2.69128442e+01 2.31725623e+01 1.86181025e+01
 1.39591421e+01 9.56089666e+00 5.80420824e+00 2.83608590e+00
 1.05943708e+00 2.86307769e-01 3.87618040e-04 0.00000000e+00
 0.00000000e+00]
8
data after
[34.25062888581037, 21.07773560682535, 23.78547442280233, 26.467956749315857, 28.333680202424528, 29.77935499856651, 30.247658368477072, 29.232686020435395, 26.91284418382004, 23.172562303082646, 52.12456791282247]
11
data,sig_tot
[34.25062889 21.07773561 23.78547442 26.46795675 28.3336802  29.779355
 30.24765837 29.23268602 26.91284418 23.1725623  52.12456791 21.4834041
 33.35213437]
[34.25062889 21.07773561 23.78547442 26.46795675 28.3336802  29.779355
 30.24765837 29.23268602 26.91284418 23.1725623  52.12456791 21.4834041
 33.35213437]
4.143406631538383 0.9379263877849953 62.628714831139256
val isze = 0
idinces = [ 3  7 11  6  8  2 12  5 10  1  0  4  9]
training loss = 6.930488109588623 500
training loss = 5.423156261444092 1000
training loss = 5.124579906463623 1500
training loss = 4.9301605224609375 2000
training loss = 4.683220386505127 2500
training loss = 4.318875789642334 3000
training loss = 3.7544405460357666 3500
training loss = 2.958580732345581 4000
training loss = 2.2495028972625732 4500
training loss = 2.0057873725891113 5000
training loss = 1.9626456499099731 5500
training loss = 1.9411535263061523 6000
reduced chi^2 level 2 = 1.9411128759384155
Constrained alpha: 3.651097297668457
Constrained beta: 1.3099757432937622
Constrained gamma: 61.493995666503906
(1, 13)
(1, 0)
data before
[0.00000000e+00 0.00000000e+00 0.00000000e+00 0.00000000e+00
 0.00000000e+00 0.00000000e+00 0.00000000e+00 0.00000000e+00
 0.00000000e+00 0.00000000e+00 0.00000000e+00 0.00000000e+00
 0.00000000e+00 0.00000000e+00 0.00000000e+00 0.00000000e+00
 0.00000000e+00 0.00000000e+00 0.00000000e+00 0.00000000e+00
 1.57512647e+01 1.84993642e+01 2.10777356e+01 2.37854744e+01
 2.64679567e+01 2.83336802e+01 2.97793550e+01 3.02476584e+01
 2.92326860e+01 2.69128442e+01 2.31725623e+01 1.86181025e+01
 1.39591421e+01 9.56089666e+00 5.80420824e+00 2.83608590e+00
 1.05943708e+00 2.86307769e-01 3.87618040e-04 0.00000000e+00
 0.00000000e+00]
8
data after
[34.25062888581037, 21.07773560682535, 23.78547442280233, 26.467956749315857, 28.333680202424528, 29.77935499856651, 30.247658368477072, 29.232686020435395, 26.91284418382004, 23.172562303082646, 52.12456791282247]
11
data,sig_tot
[34.25062889 21.07773561 23.78547442 26.46795675 28.3336802  29.779355
 30.24765837 29.23268602 26.91284418 23.1725623  52.12456791 21.4834041
 33.35213437]
[34.25062889 21.07773561 23.78547442 26.46795675 28.3336802  29.779355
 30.24765837 29.23268602 26.91284418 23.1725623  52.12456791 21.4834041
 33.35213437]
4.143406631538383 0.9379263877849953 62.628714831139256
val isze = 0
idinces = [ 3  7 11  6  8  2 12  5 10  1  0  4  9]
(1, 13)
(1, 0)
data before
[0.00000000e+00 0.00000000e+00 0.00000000e+00 0.00000000e+00
 0.00000000e+00 0.00000000e+00 0.00000000e+00 0.00000000e+00
 0.00000000e+00 0.00000000e+00 0.00000000e+00 0.00000000e+00
 0.00000000e+00 0.00000000e+00 0.00000000e+00 0.00000000e+00
 0.00000000e+00 0.00000000e+00 0.00000000e+00 0.00000000e+00
 1.57512647e+01 1.84993642e+01 2.10777356e+01 2.37854744e+01
 2.64679567e+01 2.83336802e+01 2.97793550e+01 3.02476584e+01
 2.92326860e+01 2.69128442e+01 2.31725623e+01 1.86181025e+01
 1.39591421e+01 9.56089666e+00 5.80420824e+00 2.83608590e+00
 1.05943708e+00 2.86307769e-01 3.87618040e-04 0.00000000e+00
 0.00000000e+00]
8
data after
[34.25062888581037, 21.07773560682535, 23.78547442280233, 26.467956749315857, 28.333680202424528, 29.77935499856651, 30.247658368477072, 29.232686020435395, 26.91284418382004, 23.172562303082646, 52.12456791282247]
11
data,sig_tot
[34.25062889 21.07773561 23.78547442 26.46795675 28.3336802  29.779355
 30.24765837 29.23268602 26.91284418 23.1725623  52.12456791 21.4834041
 33.35213437]
[34.25062889 21.07773561 23.78547442 26.46795675 28.3336802  29.779355
 30.24765837 29.23268602 26.91284418 23.1725623  52.12456791 21.4834041
 33.35213437]
4.143406631538383 0.9379263877849953 62.628714831139256
val isze = 0
idinces = [ 3  7 11  6  8  2 12  5 10  1  0  4  9]
training loss = 34.076881408691406 500
training loss = 33.42530059814453 1000
training loss = 28.488065719604492 1500
training loss = 3.632688283920288 2000
training loss = 2.375642776489258 2500
training loss = 2.1049396991729736 3000
training loss = 2.048349380493164 3500
training loss = 2.0181641578674316 4000
training loss = 1.9885562658309937 4500
training loss = 1.958107352256775 5000
training loss = 1.9289723634719849 5500
training loss = 1.9026968479156494 6000
reduced chi^2 level 2 = 1.9026468992233276
Constrained alpha: 3.653435230255127
Constrained beta: 1.4543449878692627
Constrained gamma: 61.37328338623047
(1, 13)
(1, 0)
data before
[0.00000000e+00 0.00000000e+00 0.00000000e+00 0.00000000e+00
 0.00000000e+00 0.00000000e+00 0.00000000e+00 0.00000000e+00
 0.00000000e+00 0.00000000e+00 0.00000000e+00 0.00000000e+00
 0.00000000e+00 0.00000000e+00 0.00000000e+00 0.00000000e+00
 0.00000000e+00 0.00000000e+00 0.00000000e+00 0.00000000e+00
 1.57512647e+01 1.84993642e+01 2.10777356e+01 2.37854744e+01
 2.64679567e+01 2.83336802e+01 2.97793550e+01 3.02476584e+01
 2.92326860e+01 2.69128442e+01 2.31725623e+01 1.86181025e+01
 1.39591421e+01 9.56089666e+00 5.80420824e+00 2.83608590e+00
 1.05943708e+00 2.86307769e-01 3.87618040e-04 0.00000000e+00
 0.00000000e+00]
8
data after
[34.25062888581037, 21.07773560682535, 23.78547442280233, 26.467956749315857, 28.333680202424528, 29.77935499856651, 30.247658368477072, 29.232686020435395, 26.91284418382004, 23.172562303082646, 52.12456791282247]
11
data,sig_tot
[34.25062889 21.07773561 23.78547442 26.46795675 28.3336802  29.779355
 30.24765837 29.23268602 26.91284418 23.1725623  52.12456791 21.4834041
 33.35213437]
[34.25062889 21.07773561 23.78547442 26.46795675 28.3336802  29.779355
 30.24765837 29.23268602 26.91284418 23.1725623  52.12456791 21.4834041
 33.35213437]
4.143406631538383 0.9379263877849953 62.628714831139256
val isze = 0
idinces = [ 3  7 11  6  8  2 12  5 10  1  0  4  9]
training loss = 6.181499004364014 500
training loss = 5.414528846740723 1000
training loss = 4.953370094299316 1500
training loss = 4.421527862548828 2000
training loss = 3.8177056312561035 2500
training loss = 3.211437702178955 3000
training loss = 2.701805830001831 3500
training loss = 2.372042417526245 4000
training loss = 2.2220849990844727 4500
training loss = 2.169182300567627 5000
training loss = 2.14233660697937 5500
training loss = 2.116456985473633 6000
reduced chi^2 level 2 = 2.116400957107544
Constrained alpha: 3.6422414779663086
Constrained beta: 1.3491463661193848
Constrained gamma: 61.33037567138672
(1, 13)
(1, 0)
data before
[0.00000000e+00 0.00000000e+00 0.00000000e+00 0.00000000e+00
 0.00000000e+00 0.00000000e+00 0.00000000e+00 0.00000000e+00
 0.00000000e+00 0.00000000e+00 0.00000000e+00 0.00000000e+00
 0.00000000e+00 0.00000000e+00 0.00000000e+00 0.00000000e+00
 0.00000000e+00 0.00000000e+00 0.00000000e+00 0.00000000e+00
 1.57512647e+01 1.84993642e+01 2.10777356e+01 2.37854744e+01
 2.64679567e+01 2.83336802e+01 2.97793550e+01 3.02476584e+01
 2.92326860e+01 2.69128442e+01 2.31725623e+01 1.86181025e+01
 1.39591421e+01 9.56089666e+00 5.80420824e+00 2.83608590e+00
 1.05943708e+00 2.86307769e-01 3.87618040e-04 0.00000000e+00
 0.00000000e+00]
8
data after
[34.25062888581037, 21.07773560682535, 23.78547442280233, 26.467956749315857, 28.333680202424528, 29.77935499856651, 30.247658368477072, 29.232686020435395, 26.91284418382004, 23.172562303082646, 52.12456791282247]
11
data,sig_tot
[34.25062889 21.07773561 23.78547442 26.46795675 28.3336802  29.779355
 30.24765837 29.23268602 26.91284418 23.1725623  52.12456791 21.4834041
 33.35213437]
[34.25062889 21.07773561 23.78547442 26.46795675 28.3336802  29.779355
 30.24765837 29.23268602 26.91284418 23.1725623  52.12456791 21.4834041
 33.35213437]
4.143406631538383 0.9379263877849953 62.628714831139256
val isze = 0
idinces = [ 3  7 11  6  8  2 12  5 10  1  0  4  9]
(1, 13)
(1, 0)
data before
[0.00000000e+00 0.00000000e+00 0.00000000e+00 0.00000000e+00
 0.00000000e+00 0.00000000e+00 0.00000000e+00 0.00000000e+00
 0.00000000e+00 0.00000000e+00 0.00000000e+00 0.00000000e+00
 0.00000000e+00 0.00000000e+00 0.00000000e+00 0.00000000e+00
 0.00000000e+00 0.00000000e+00 0.00000000e+00 0.00000000e+00
 1.57512647e+01 1.84993642e+01 2.10777356e+01 2.37854744e+01
 2.64679567e+01 2.83336802e+01 2.97793550e+01 3.02476584e+01
 2.92326860e+01 2.69128442e+01 2.31725623e+01 1.86181025e+01
 1.39591421e+01 9.56089666e+00 5.80420824e+00 2.83608590e+00
 1.05943708e+00 2.86307769e-01 3.87618040e-04 0.00000000e+00
 0.00000000e+00]
8
data after
[34.25062888581037, 21.07773560682535, 23.78547442280233, 26.467956749315857, 28.333680202424528, 29.77935499856651, 30.247658368477072, 29.232686020435395, 26.91284418382004, 23.172562303082646, 52.12456791282247]
11
data,sig_tot
[34.25062889 21.07773561 23.78547442 26.46795675 28.3336802  29.779355
 30.24765837 29.23268602 26.91284418 23.1725623  52.12456791 21.4834041
 33.35213437]
[34.25062889 21.07773561 23.78547442 26.46795675 28.3336802  29.779355
 30.24765837 29.23268602 26.91284418 23.1725623  52.12456791 21.4834041
 33.35213437]
4.143406631538383 0.9379263877849953 62.628714831139256
val isze = 0
idinces = [ 3  7 11  6  8  2 12  5 10  1  0  4  9]
training loss = 9.593896865844727 500
training loss = 6.283614158630371 1000
training loss = 5.736248016357422 1500
training loss = 5.515721321105957 2000
training loss = 5.260671138763428 2500
training loss = 4.8511176109313965 3000
training loss = 4.1361918449401855 3500
training loss = 3.031101703643799 4000
training loss = 2.173774242401123 4500
training loss = 1.9953405857086182 5000
training loss = 1.96590256690979 5500
training loss = 1.944026231765747 6000
reduced chi^2 level 2 = 1.9439815282821655
Constrained alpha: 3.717855453491211
Constrained beta: 1.1925090551376343
Constrained gamma: 61.3981819152832
(1, 13)
(1, 0)
data before
[0.00000000e+00 0.00000000e+00 0.00000000e+00 0.00000000e+00
 0.00000000e+00 0.00000000e+00 0.00000000e+00 0.00000000e+00
 0.00000000e+00 0.00000000e+00 0.00000000e+00 0.00000000e+00
 0.00000000e+00 0.00000000e+00 0.00000000e+00 0.00000000e+00
 0.00000000e+00 0.00000000e+00 0.00000000e+00 0.00000000e+00
 1.57512647e+01 1.84993642e+01 2.10777356e+01 2.37854744e+01
 2.64679567e+01 2.83336802e+01 2.97793550e+01 3.02476584e+01
 2.92326860e+01 2.69128442e+01 2.31725623e+01 1.86181025e+01
 1.39591421e+01 9.56089666e+00 5.80420824e+00 2.83608590e+00
 1.05943708e+00 2.86307769e-01 3.87618040e-04 0.00000000e+00
 0.00000000e+00]
8
data after
[34.25062888581037, 21.07773560682535, 23.78547442280233, 26.467956749315857, 28.333680202424528, 29.77935499856651, 30.247658368477072, 29.232686020435395, 26.91284418382004, 23.172562303082646, 52.12456791282247]
11
data,sig_tot
[34.25062889 21.07773561 23.78547442 26.46795675 28.3336802  29.779355
 30.24765837 29.23268602 26.91284418 23.1725623  52.12456791 21.4834041
 33.35213437]
[34.25062889 21.07773561 23.78547442 26.46795675 28.3336802  29.779355
 30.24765837 29.23268602 26.91284418 23.1725623  52.12456791 21.4834041
 33.35213437]
4.143406631538383 0.9379263877849953 62.628714831139256
val isze = 0
idinces = [ 3  7 11  6  8  2 12  5 10  1  0  4  9]
(1, 13)
(1, 0)
data before
[0.00000000e+00 0.00000000e+00 0.00000000e+00 0.00000000e+00
 0.00000000e+00 0.00000000e+00 0.00000000e+00 0.00000000e+00
 0.00000000e+00 0.00000000e+00 0.00000000e+00 0.00000000e+00
 0.00000000e+00 0.00000000e+00 0.00000000e+00 0.00000000e+00
 0.00000000e+00 0.00000000e+00 0.00000000e+00 0.00000000e+00
 1.57512647e+01 1.84993642e+01 2.10777356e+01 2.37854744e+01
 2.64679567e+01 2.83336802e+01 2.97793550e+01 3.02476584e+01
 2.92326860e+01 2.69128442e+01 2.31725623e+01 1.86181025e+01
 1.39591421e+01 9.56089666e+00 5.80420824e+00 2.83608590e+00
 1.05943708e+00 2.86307769e-01 3.87618040e-04 0.00000000e+00
 0.00000000e+00]
8
data after
[34.25062888581037, 21.07773560682535, 23.78547442280233, 26.467956749315857, 28.333680202424528, 29.77935499856651, 30.247658368477072, 29.232686020435395, 26.91284418382004, 23.172562303082646, 52.12456791282247]
11
data,sig_tot
[34.25062889 21.07773561 23.78547442 26.46795675 28.3336802  29.779355
 30.24765837 29.23268602 26.91284418 23.1725623  52.12456791 21.4834041
 33.35213437]
[34.25062889 21.07773561 23.78547442 26.46795675 28.3336802  29.779355
 30.24765837 29.23268602 26.91284418 23.1725623  52.12456791 21.4834041
 33.35213437]
4.143406631538383 0.9379263877849953 62.628714831139256
val isze = 0
idinces = [ 3  7 11  6  8  2 12  5 10  1  0  4  9]
(1, 13)
(1, 0)
data before
[0.00000000e+00 0.00000000e+00 0.00000000e+00 0.00000000e+00
 0.00000000e+00 0.00000000e+00 0.00000000e+00 0.00000000e+00
 0.00000000e+00 0.00000000e+00 0.00000000e+00 0.00000000e+00
 0.00000000e+00 0.00000000e+00 0.00000000e+00 0.00000000e+00
 0.00000000e+00 0.00000000e+00 0.00000000e+00 0.00000000e+00
 1.57512647e+01 1.84993642e+01 2.10777356e+01 2.37854744e+01
 2.64679567e+01 2.83336802e+01 2.97793550e+01 3.02476584e+01
 2.92326860e+01 2.69128442e+01 2.31725623e+01 1.86181025e+01
 1.39591421e+01 9.56089666e+00 5.80420824e+00 2.83608590e+00
 1.05943708e+00 2.86307769e-01 3.87618040e-04 0.00000000e+00
 0.00000000e+00]
8
data after
[34.25062888581037, 21.07773560682535, 23.78547442280233, 26.467956749315857, 28.333680202424528, 29.77935499856651, 30.247658368477072, 29.232686020435395, 26.91284418382004, 23.172562303082646, 52.12456791282247]
11
data,sig_tot
[34.25062889 21.07773561 23.78547442 26.46795675 28.3336802  29.779355
 30.24765837 29.23268602 26.91284418 23.1725623  52.12456791 21.4834041
 33.35213437]
[34.25062889 21.07773561 23.78547442 26.46795675 28.3336802  29.779355
 30.24765837 29.23268602 26.91284418 23.1725623  52.12456791 21.4834041
 33.35213437]
4.143406631538383 0.9379263877849953 62.628714831139256
val isze = 0
idinces = [ 3  7 11  6  8  2 12  5 10  1  0  4  9]
(1, 13)
(1, 0)
data before
[0.00000000e+00 0.00000000e+00 0.00000000e+00 0.00000000e+00
 0.00000000e+00 0.00000000e+00 0.00000000e+00 0.00000000e+00
 0.00000000e+00 0.00000000e+00 0.00000000e+00 0.00000000e+00
 0.00000000e+00 0.00000000e+00 0.00000000e+00 0.00000000e+00
 0.00000000e+00 0.00000000e+00 0.00000000e+00 0.00000000e+00
 1.57512647e+01 1.84993642e+01 2.10777356e+01 2.37854744e+01
 2.64679567e+01 2.83336802e+01 2.97793550e+01 3.02476584e+01
 2.92326860e+01 2.69128442e+01 2.31725623e+01 1.86181025e+01
 1.39591421e+01 9.56089666e+00 5.80420824e+00 2.83608590e+00
 1.05943708e+00 2.86307769e-01 3.87618040e-04 0.00000000e+00
 0.00000000e+00]
8
data after
[34.25062888581037, 21.07773560682535, 23.78547442280233, 26.467956749315857, 28.333680202424528, 29.77935499856651, 30.247658368477072, 29.232686020435395, 26.91284418382004, 23.172562303082646, 52.12456791282247]
11
data,sig_tot
[34.25062889 21.07773561 23.78547442 26.46795675 28.3336802  29.779355
 30.24765837 29.23268602 26.91284418 23.1725623  52.12456791 21.4834041
 33.35213437]
[34.25062889 21.07773561 23.78547442 26.46795675 28.3336802  29.779355
 30.24765837 29.23268602 26.91284418 23.1725623  52.12456791 21.4834041
 33.35213437]
4.143406631538383 0.9379263877849953 62.628714831139256
val isze = 0
idinces = [ 3  7 11  6  8  2 12  5 10  1  0  4  9]
(1, 13)
(1, 0)
