data before
[0.00000000e+00 0.00000000e+00 0.00000000e+00 0.00000000e+00
 0.00000000e+00 0.00000000e+00 0.00000000e+00 0.00000000e+00
 0.00000000e+00 0.00000000e+00 0.00000000e+00 0.00000000e+00
 0.00000000e+00 0.00000000e+00 0.00000000e+00 0.00000000e+00
 0.00000000e+00 0.00000000e+00 0.00000000e+00 0.00000000e+00
 0.00000000e+00 0.00000000e+00 0.00000000e+00 0.00000000e+00
 0.00000000e+00 0.00000000e+00 0.00000000e+00 0.00000000e+00
 0.00000000e+00 0.00000000e+00 0.00000000e+00 0.00000000e+00
 0.00000000e+00 0.00000000e+00 0.00000000e+00 0.00000000e+00
 0.00000000e+00 0.00000000e+00 0.00000000e+00 0.00000000e+00
 0.00000000e+00 0.00000000e+00 0.00000000e+00 0.00000000e+00
 0.00000000e+00 0.00000000e+00 0.00000000e+00 0.00000000e+00
 0.00000000e+00 0.00000000e+00 0.00000000e+00 0.00000000e+00
 0.00000000e+00 0.00000000e+00 0.00000000e+00 0.00000000e+00
 0.00000000e+00 0.00000000e+00 0.00000000e+00 0.00000000e+00
 0.00000000e+00 0.00000000e+00 0.00000000e+00 0.00000000e+00
 0.00000000e+00 0.00000000e+00 0.00000000e+00 0.00000000e+00
 0.00000000e+00 0.00000000e+00 0.00000000e+00 0.00000000e+00
 0.00000000e+00 0.00000000e+00 0.00000000e+00 0.00000000e+00
 0.00000000e+00 0.00000000e+00 0.00000000e+00 0.00000000e+00
 0.00000000e+00 0.00000000e+00 0.00000000e+00 0.00000000e+00
 0.00000000e+00 0.00000000e+00 0.00000000e+00 0.00000000e+00
 0.00000000e+00 0.00000000e+00 0.00000000e+00 0.00000000e+00
 0.00000000e+00 0.00000000e+00 0.00000000e+00 0.00000000e+00
 0.00000000e+00 0.00000000e+00 0.00000000e+00 0.00000000e+00
 0.00000000e+00 0.00000000e+00 0.00000000e+00 3.81882948e-03
 4.60798279e-02 1.41712612e-01 2.65895431e-01 4.23569359e-01
 6.16453675e-01 8.85389606e-01 1.20951139e+00 1.51186817e+00
 1.87832679e+00 2.34405663e+00 2.90722544e+00 3.50476984e+00
 4.29318079e+00 5.10292189e+00 6.06160760e+00 6.94572647e+00
 7.91121780e+00 9.19409496e+00 1.01638508e+01 1.15332778e+01
 1.32317485e+01 1.52573076e+01 1.69304027e+01 1.93118659e+01
 2.13861009e+01 2.34253048e+01 2.55065785e+01 2.77968365e+01
 2.99357090e+01 3.22344660e+01 3.49417761e+01 3.64813807e+01
 3.87344713e+01 4.10784239e+01 4.29143866e+01 4.57147076e+01
 4.78868286e+01 5.02850842e+01 5.35139339e+01 5.52761767e+01
 5.78352095e+01 6.05389516e+01 6.28510640e+01 6.55092846e+01
 6.72967844e+01 6.87499477e+01 7.08187588e+01 7.25740989e+01
 7.43186479e+01 7.59396991e+01 7.75002698e+01 7.93425139e+01
 8.11842596e+01 8.21412965e+01 8.31010098e+01 8.38593932e+01
 8.41130068e+01 8.46941016e+01 8.53264502e+01 8.49612862e+01
 8.52449941e+01 8.46888682e+01 8.33628933e+01 8.17753949e+01
 7.91925232e+01 7.78307921e+01 7.44733063e+01 7.13869367e+01
 6.74298488e+01 6.24375834e+01 5.77556818e+01 5.33332454e+01
 4.92418406e+01 4.54660080e+01 3.94939457e+01 3.41994771e+01
 2.75499062e+01 2.02778672e+01 1.58645556e+01 1.45674423e+01
 1.32341914e+01 1.04453888e+01 8.02106830e+00 5.84928296e+00
 2.96085575e+00 5.87619857e+00 2.80799104e+00 0.00000000e+00
 0.00000000e+00 0.00000000e+00 0.00000000e+00 0.00000000e+00
 0.00000000e+00 0.00000000e+00 0.00000000e+00 0.00000000e+00
 0.00000000e+00]
11
data after
[20.031858397411497, 26.02147376315461, 30.89122358034344, 28.48905609194614, 36.242268601365126, 21.386100872548887, 23.425304802751313, 25.506578549641628, 27.796836525763773, 29.935709048326625, 32.23446601714659, 34.94177612266547, 36.48138073078235, 38.73447131148455, 41.07842385358865, 42.914386594351555, 45.71470756047438, 47.886828553927174, 50.28508424629793, 53.51393394400695, 55.27617671736796, 57.83520954114146, 60.538951612515596, 62.8510639660627, 65.50928458706493, 67.29678439821926, 68.7499477032926, 70.81875876743982, 72.57409885903004, 74.31864791704739, 75.939699116887, 77.50026977054952, 79.34251385586266, 81.18425959268593, 82.14129647565736, 83.10100977908982, 83.8593932242405, 84.11300675687254, 84.69410158658394, 85.32645023727075, 84.96128621503584, 85.24499406820384, 84.6888682435202, 83.36289326831977, 81.77539486316464, 79.19252320622981, 77.83079205779798, 74.47330630248807, 71.38693671323126, 67.42984882169742, 62.437583413344974, 57.755681823418755, 53.33324542687682, 49.24184060206924, 45.46600802567245, 39.493945698463065, 34.19947713405571, 27.549906190412134, 20.277867222416603, 30.431997940934394, 23.679580206638, 25.515396624737548]
13
data,sig_tot
[20.0318584  26.02147376 30.89122358 28.48905609 36.2422686  21.38610087
 23.4253048  25.50657855 27.79683653 29.93570905 32.23446602 34.94177612
 36.48138073 38.73447131 41.07842385 42.91438659 45.71470756 47.88682855
 50.28508425 53.51393394 55.27617672 57.83520954 60.53895161 62.85106397
 65.50928459 67.2967844  68.7499477  70.81875877 72.57409886 74.31864792
 75.93969912 77.50026977 79.34251386 81.18425959 82.14129648 83.10100978
 83.85939322 84.11300676 84.69410159 85.32645024 84.96128622 85.24499407
 84.68886824 83.36289327 81.77539486 79.19252321 77.83079206 74.4733063
 71.38693671 67.42984882 62.43758341 57.75568182 53.33324543 49.2418406
 45.46600803 39.4939457  34.19947713 27.54990619 20.27786722 30.43199794
 23.67958021 25.51539662 20.39294722 21.59846736 25.8963432  24.6033627
 29.54099056 22.56030598 25.0527523  27.34326611 29.497959   32.03624402
 33.739234   35.46737001 37.05563408 38.10721438 38.90476603 38.87352918
 38.54960891 37.80907379 36.49485667 34.30290281 31.47835067 28.79353564
 24.62352635 28.46043002 21.36671894 22.99975175]
[20.0318584  26.02147376 30.89122358 28.48905609 36.2422686  21.38610087
 23.4253048  25.50657855 27.79683653 29.93570905 32.23446602 34.94177612
 36.48138073 38.73447131 41.07842385 42.91438659 45.71470756 47.88682855
 50.28508425 53.51393394 55.27617672 57.83520954 60.53895161 62.85106397
 65.50928459 67.2967844  68.7499477  70.81875877 72.57409886 74.31864792
 75.93969912 77.50026977 79.34251386 81.18425959 82.14129648 83.10100978
 83.85939322 84.11300676 84.69410159 85.32645024 84.96128622 85.24499407
 84.68886824 83.36289327 81.77539486 79.19252321 77.83079206 74.4733063
 71.38693671 67.42984882 62.43758341 57.75568182 53.33324543 49.2418406
 45.46600803 39.4939457  34.19947713 27.54990619 20.27786722 30.43199794
 23.67958021 25.51539662 20.39294722 21.59846736 25.8963432  24.6033627
 29.54099056 22.56030598 25.0527523  27.34326611 29.497959   32.03624402
 33.739234   35.46737001 37.05563408 38.10721438 38.90476603 38.87352918
 38.54960891 37.80907379 36.49485667 34.30290281 31.47835067 28.79353564
 24.62352635 28.46043002 21.36671894 22.99975175]
3.098105603371149 19.575940699409312 12.586002772304372
val isze = 0
idinces = [70 43  3 21 52 14 55 58 61 46 63 19 26 80 37 39 48  6 34 69 45 82  2 53
 60 44 59 35 38  4  5 74 41 32 20 81 71 79 42 17 50 47  7 77 56 86 87 24
 10 84 76 85 23 22 66 83 18 27 78 57 31  1 12 67 65 30 68 25 13 75 51 49
 72 33 62 54 11 16 36 40  0 73  8 29 28 64 15  9]
training loss = 2.208528518676758 500
reduced chi^2 level 2 = 1.9179202318191528
Constrained alpha: 2.2658443450927734
Constrained beta: 3.7777304649353027
Constrained gamma: 3.7669458389282227
(1, 88)
(1, 0)
