data before
[ 0.00000000e+00  0.00000000e+00  0.00000000e+00  0.00000000e+00
  0.00000000e+00  0.00000000e+00  0.00000000e+00  0.00000000e+00
  0.00000000e+00  0.00000000e+00  0.00000000e+00  0.00000000e+00
  0.00000000e+00  0.00000000e+00  0.00000000e+00  0.00000000e+00
  0.00000000e+00  0.00000000e+00  0.00000000e+00  0.00000000e+00
  0.00000000e+00  0.00000000e+00  0.00000000e+00  0.00000000e+00
  0.00000000e+00  0.00000000e+00  0.00000000e+00  0.00000000e+00
  0.00000000e+00  0.00000000e+00  0.00000000e+00  0.00000000e+00
  0.00000000e+00  0.00000000e+00  0.00000000e+00  0.00000000e+00
  0.00000000e+00  0.00000000e+00  0.00000000e+00  0.00000000e+00
  0.00000000e+00  0.00000000e+00  0.00000000e+00  0.00000000e+00
  0.00000000e+00  0.00000000e+00  0.00000000e+00  0.00000000e+00
  0.00000000e+00  0.00000000e+00  0.00000000e+00  0.00000000e+00
  0.00000000e+00  0.00000000e+00  3.17046478e-02  0.00000000e+00
  2.70631825e-01 -1.31793645e-01  4.06157946e-01  3.15535855e-01
  5.68594878e-01  1.60727357e+00  3.57251678e+00  7.82423441e+00
  1.40695149e+01  2.50294082e+01  3.71452681e+01  4.75625841e+01
  5.57927309e+01  7.93506761e+01  9.20145136e+01  1.08046837e+02
  1.24114044e+02  1.41581078e+02  1.89635524e+02  2.03734413e+02
  2.19633228e+02  2.40447771e+02  2.63490247e+02  2.74874585e+02
  3.08060472e+02  3.52195360e+02  3.89368716e+02  4.38853946e+02
  5.08686563e+02  5.56607382e+02  6.06245080e+02  6.33841008e+02
  6.84463378e+02  7.45356575e+02  7.89824504e+02  8.72365483e+02
  9.39211847e+02  1.00949310e+03  1.10780807e+03  1.20127332e+03
  1.32149482e+03  1.44911584e+03  1.56167214e+03  1.72959366e+03
  1.91343631e+03  2.02596134e+03  2.16606815e+03  2.36093100e+03
  2.50526957e+03  2.62844260e+03  2.83621390e+03  2.97933372e+03
  3.16576252e+03  3.46524262e+03  3.65217915e+03  3.87704054e+03
  4.14320374e+03  4.91552807e+03  5.43799753e+03  5.99942690e+03
  6.44164092e+03  6.87256558e+03  7.20753159e+03  7.39678895e+03
  7.63754778e+03  7.91475297e+03  8.17046037e+03  8.12091359e+03
  8.07037420e+03  8.32396338e+03  8.42807376e+03  8.58466578e+03
  8.66577125e+03  8.76081883e+03  8.87598163e+03  9.01426411e+03
  9.25273729e+03  9.39979754e+03  9.48010605e+03  9.46405059e+03
  9.61212174e+03  9.65907422e+03  9.81651584e+03  9.82007190e+03
  9.84295336e+03  9.83051071e+03  1.00162352e+04  1.00581481e+04
  1.00899582e+04  1.00156488e+04  9.99645505e+03  9.82234510e+03
  9.70647480e+03  9.44880097e+03  9.34583932e+03  9.32077322e+03
  9.08943418e+03  9.00429906e+03  8.72719975e+03  8.44795853e+03
  8.22200492e+03  7.87946600e+03  7.49258036e+03  7.17009031e+03
  6.85725197e+03  6.48361017e+03  6.02721160e+03  5.61047462e+03
  5.27230786e+03  4.90021376e+03  4.50079149e+03  4.06844423e+03
  3.71904890e+03  3.36081112e+03  2.99791895e+03  2.63652901e+03
  2.38047121e+03  2.06608398e+03  1.77020969e+03  1.51789331e+03
  1.27541446e+03  1.05645078e+03  8.79223730e+02  7.18942028e+02
  5.73346207e+02  4.59073736e+02  3.49223956e+02  2.65216429e+02
  2.05631625e+02  1.61506447e+02  1.23191645e+02  9.34691064e+01
  6.41176127e+01  2.67265282e+01 -4.35779771e-02  0.00000000e+00
  0.00000000e+00  0.00000000e+00  0.00000000e+00  0.00000000e+00
  0.00000000e+00  0.00000000e+00  0.00000000e+00  0.00000000e+00
  0.00000000e+00]
data after
[28.5343711997786, 25.02940818489347, 37.145268144216395, 47.562584071351196, 55.79273087858615, 79.35067612190265, 92.01451362356403, 108.04683708952312, 124.11404393781433, 141.58107780641666, 189.635524312044, 203.7344134067169, 219.63322834986138, 240.44777071792828, 263.4902471741546, 274.8745852243142, 308.0604715884167, 352.19536026747465, 389.368716269199, 438.8539455204488, 508.6865630505726, 556.6073822098518, 606.2450803178118, 633.841008290376, 684.4633778815017, 745.3565749903728, 789.8245043595105, 872.3654825087684, 939.2118469777548, 1009.4930986293365, 1107.808074764399, 1201.2733229500966, 1321.4948233918783, 1449.1158432778288, 1561.672140136178, 1729.5936587541098, 1913.4363098603649, 2025.9613381125885, 2166.06815029196, 2360.931001906659, 2505.269567103013, 2628.4425967693096, 2836.2138983052723, 2979.333721017826, 3165.7625243309676, 3465.24262419231, 3652.1791460041686, 3877.0405446072223, 4143.203739628591, 4915.5280712988515, 5437.997532993144, 5999.426899823608, 6441.64092486421, 6872.565578525919, 7207.531590506974, 7396.788953756508, 7637.5477848242235, 7914.752968350534, 8170.460366581317, 8120.91358987958, 8070.374200082227, 8323.963378389057, 8428.073764351155, 8584.665775345768, 8665.771249967758, 8760.818830150607, 8875.98162865647, 9014.264109859007, 9252.737289034663, 9399.79754479656, 9480.106049775923, 9464.05059297624, 9612.121742717552, 9659.074219680619, 9816.51583895691, 9820.071904871653, 9842.953363707082, 9830.51071344146, 10016.235156277853, 10058.148105656124, 10089.95817454809, 10015.648812575924, 9996.455050315884, 9822.345100194423, 9706.474797669069, 9448.800973183113, 9345.839320316083, 9320.773216392838, 9089.434181839177, 9004.299057695482, 8727.199747233075, 8447.958534405649, 8222.004916941405, 7879.466004296323, 7492.58035882783, 7170.090310681144, 6857.251967223828, 6483.610174508878, 6027.211601531381, 5610.47461712666, 5272.307858815116, 4900.213762139079, 4500.791490845989, 4068.444234081804, 3719.048897695541, 3360.8111183653436, 2997.9189507183437, 2636.5290081622884, 2380.4712145806357, 2066.08397595202, 1770.2096871880578, 1517.8933144490989, 1275.414460485526, 1056.4507803162332, 879.2237304319654, 718.9420276245307, 573.3462071786649, 459.0737364632029, 349.2239555484897, 265.21642892036704, 205.6316247521901, 161.50644698059847, 123.19164479013281, 93.46910640886671, 64.11761267003834, 26.72652816987975]
13
data,sig_tot
[   28.5343712     25.02940818    37.14526814    47.56258407
    55.79273088    79.35067612    92.01451362   108.04683709
   124.11404394   141.58107781   189.63552431   203.73441341
   219.63322835   240.44777072   263.49024717   274.87458522
   308.06047159   352.19536027   389.36871627   438.85394552
   508.68656305   556.60738221   606.24508032   633.84100829
   684.46337788   745.35657499   789.82450436   872.36548251
   939.21184698  1009.49309863  1107.80807476  1201.27332295
  1321.49482339  1449.11584328  1561.67214014  1729.59365875
  1913.43630986  2025.96133811  2166.06815029  2360.93100191
  2505.2695671   2628.44259677  2836.21389831  2979.33372102
  3165.76252433  3465.24262419  3652.179146    3877.04054461
  4143.20373963  4915.5280713   5437.99753299  5999.42689982
  6441.64092486  6872.56557853  7207.53159051  7396.78895376
  7637.54778482  7914.75296835  8170.46036658  8120.91358988
  8070.37420008  8323.96337839  8428.07376435  8584.66577535
  8665.77124997  8760.81883015  8875.98162866  9014.26410986
  9252.73728903  9399.7975448   9480.10604978  9464.05059298
  9612.12174272  9659.07421968  9816.51583896  9820.07190487
  9842.95336371  9830.51071344 10016.23515628 10058.14810566
 10089.95817455 10015.64881258  9996.45505032  9822.34510019
  9706.47479767  9448.80097318  9345.83932032  9320.77321639
  9089.43418184  9004.2990577   8727.19974723  8447.95853441
  8222.00491694  7879.4660043   7492.58035883  7170.09031068
  6857.25196722  6483.61017451  6027.21160153  5610.47461713
  5272.30785882  4900.21376214  4500.79149085  4068.44423408
  3719.0488977   3360.81111837  2997.91895072  2636.52900816
  2380.47121458  2066.08397595  1770.20968719  1517.89331445
  1275.41446049  1056.45078032   879.22373043   718.94202762
   573.34620718   459.07373646   349.22395555   265.21642892
   205.63162475   161.50644698   123.19164479    93.46910641
    64.11761267    26.72652817    26.55876164    20.78601116
    41.67954532    32.10014762    39.80226514    51.08469887
    58.83230102    75.28414062    91.73559906   104.08198826
   129.94501042   141.88595718   164.53307278   189.14695167
   208.300841     236.19183188   253.79981442   271.01333398
   298.24074138   330.48691046   343.92128895   376.81751829
   398.5792981    422.16868914   451.55869979   462.4500793
   505.14691144   536.01852397   570.40356602   598.82959622
   664.13824887   692.08059952   743.53758448   800.08439103
   858.53307958   912.24259713   954.25642967  1018.19342152
  1069.80164554  1150.34542807  1210.72902829  1276.24667971
  1310.67513304  1410.7618811   1687.93961653  1941.17355204
  2052.79094387  2156.82069814  2177.69133369  2186.77768798
  2175.80037633  2148.71708413  2083.17624955  2121.33319306
  2075.76859734  2090.93801415  2181.17802407  2290.27860045
  2341.3500311   2352.93922901  2414.33368238  2446.66316316
  2455.9254091   2446.39061878  2418.25854406  2441.80366237
  2412.78852519  2394.91723745  2372.76536872  2359.08914886
  2332.17500872  2295.7359984   2259.85860622  2217.02781977
  2208.87850882  2154.43684029  2068.74851245  1994.87262655
  1927.52492975  1840.8517214   1779.21409917  1731.36144674
  1660.73602788  1595.7324591   1524.93685613  1453.5077217
  1390.70731918  1355.97359296  1273.90021766  1188.99360314
  1093.40590696  1019.25603856   952.94402247   890.37726937
   818.92537693   759.35137163   685.89024482   628.83521099
   553.86613999   491.43653194   433.77604585   386.23850272
   336.08310824   291.49219034   254.26361747   214.11188833
   182.79696181   154.83517138   127.57384839   103.72120786
    85.15626825    69.12094436    55.25714193    43.25903832
    33.53607157    25.92803256    20.6923604     39.3259219 ]
[   28.5343712     25.02940818    37.14526814    47.56258407
    55.79273088    79.35067612    92.01451362   108.04683709
   124.11404394   141.58107781   189.63552431   203.73441341
   219.63322835   240.44777072   263.49024717   274.87458522
   308.06047159   352.19536027   389.36871627   438.85394552
   508.68656305   556.60738221   606.24508032   633.84100829
   684.46337788   745.35657499   789.82450436   872.36548251
   939.21184698  1009.49309863  1107.80807476  1201.27332295
  1321.49482339  1449.11584328  1561.67214014  1729.59365875
  1913.43630986  2025.96133811  2166.06815029  2360.93100191
  2505.2695671   2628.44259677  2836.21389831  2979.33372102
  3165.76252433  3465.24262419  3652.179146    3877.04054461
  4143.20373963  4915.5280713   5437.99753299  5999.42689982
  6441.64092486  6872.56557853  7207.53159051  7396.78895376
  7637.54778482  7914.75296835  8170.46036658  8120.91358988
  8070.37420008  8323.96337839  8428.07376435  8584.66577535
  8665.77124997  8760.81883015  8875.98162866  9014.26410986
  9252.73728903  9399.7975448   9480.10604978  9464.05059298
  9612.12174272  9659.07421968  9816.51583896  9820.07190487
  9842.95336371  9830.51071344 10016.23515628 10058.14810566
 10089.95817455 10015.64881258  9996.45505032  9822.34510019
  9706.47479767  9448.80097318  9345.83932032  9320.77321639
  9089.43418184  9004.2990577   8727.19974723  8447.95853441
  8222.00491694  7879.4660043   7492.58035883  7170.09031068
  6857.25196722  6483.61017451  6027.21160153  5610.47461713
  5272.30785882  4900.21376214  4500.79149085  4068.44423408
  3719.0488977   3360.81111837  2997.91895072  2636.52900816
  2380.47121458  2066.08397595  1770.20968719  1517.89331445
  1275.41446049  1056.45078032   879.22373043   718.94202762
   573.34620718   459.07373646   349.22395555   265.21642892
   205.63162475   161.50644698   123.19164479    93.46910641
    64.11761267    26.72652817    26.55876164    20.78601116
    41.67954532    32.10014762    39.80226514    51.08469887
    58.83230102    75.28414062    91.73559906   104.08198826
   129.94501042   141.88595718   164.53307278   189.14695167
   208.300841     236.19183188   253.79981442   271.01333398
   298.24074138   330.48691046   343.92128895   376.81751829
   398.5792981    422.16868914   451.55869979   462.4500793
   505.14691144   536.01852397   570.40356602   598.82959622
   664.13824887   692.08059952   743.53758448   800.08439103
   858.53307958   912.24259713   954.25642967  1018.19342152
  1069.80164554  1150.34542807  1210.72902829  1276.24667971
  1310.67513304  1410.7618811   1687.93961653  1941.17355204
  2052.79094387  2156.82069814  2177.69133369  2186.77768798
  2175.80037633  2148.71708413  2083.17624955  2121.33319306
  2075.76859734  2090.93801415  2181.17802407  2290.27860045
  2341.3500311   2352.93922901  2414.33368238  2446.66316316
  2455.9254091   2446.39061878  2418.25854406  2441.80366237
  2412.78852519  2394.91723745  2372.76536872  2359.08914886
  2332.17500872  2295.7359984   2259.85860622  2217.02781977
  2208.87850882  2154.43684029  2068.74851245  1994.87262655
  1927.52492975  1840.8517214   1779.21409917  1731.36144674
  1660.73602788  1595.7324591   1524.93685613  1453.5077217
  1390.70731918  1355.97359296  1273.90021766  1188.99360314
  1093.40590696  1019.25603856   952.94402247   890.37726937
   818.92537693   759.35137163   685.89024482   628.83521099
   553.86613999   491.43653194   433.77604585   386.23850272
   336.08310824   291.49219034   254.26361747   214.11188833
   182.79696181   154.83517138   127.57384839   103.72120786
    85.15626825    69.12094436    55.25714193    43.25903832
    33.53607157    25.92803256    20.6923604     39.3259219 ]
0.7722115045660549 3.5519235177863506 73.22092124412765
val isze = 24
idinces = [162  60  61  63  69  83  55 211  46  35 181 102 195 219 159 146 127 121
 186 171  10 213  26 147 185 136  76 119 120  59 116 214   6 161  24 215
  19 220 106  56  80 182 132 216 198  70  91 163 148 103  20  47 205   5
 111  98 201 149 175 226  49  58   1   2  68 184 178  52 204 142  32 242
   7 243  39  87 169 232 144 208 105 237  78  25 124 176  72 233 231 168
 188 241 117 160  43 109 173  21 155  37 203  75 192  48 191 131 138 194
  99  95 152  67  66 172  22  38 239 230 101 209 229 199 130 129 202 114
 207  90  41  81 170 110  53  17 189  51  14 154  82  84 225  29   3  23
 128  45 165  97 196  42 227  79 218  12 112  11 190  85 134 143 166 183
 104  34 108  50 167 212 180   4 133  44  96 235  28 135 174 145 187 234
  71 118 193 240 137  74 236 223  94 151 150 210  93  18  27  36  57  31
  65 140  89 158  30  86  92 141 126 153  13 197  77 222 179 177 206 224
 200  33  62 122 107  88  54 139 100  16 115 164  40   0  73   8 238 157
 221 217 156 123 113  64  15 228 125   9]
we are doing training validation split
training loss = 7.9382147789001465 500 8.768915176391602
val loss = 9.46203899383545
training loss = 7.817988395690918 1000 8.768915176391602
val loss = 9.658693313598633
training loss = 7.802807331085205 1500 8.768915176391602
val loss = 9.664397239685059
training loss = 7.78007698059082 2000 8.768915176391602
val loss = 9.627294540405273
training loss = 7.742401599884033 2500 8.768915176391602
val loss = 9.56045150756836
training loss = 7.640503406524658 3000 8.768915176391602
val loss = 9.353933334350586
training loss = 2.4744956493377686 3500 2.92390513420105
val loss = 2.952392578125
training loss = 2.161219596862793 4000 2.2376041412353516
val loss = 2.327509880065918
training loss = 2.1400930881500244 4500 2.1414175033569336
val loss = 2.2306478023529053
training loss = 2.137211561203003 5000 2.083981990814209
val loss = 2.2198715209960938
training loss = 2.133646011352539 5500 2.0522868633270264
val loss = 2.199549674987793
training loss = 2.6114795207977295 6000 2.048710584640503
val loss = 3.296194553375244
training loss = 2.126920700073242 6500 2.04439377784729
val loss = 2.141261100769043
training loss = 2.124939441680908 7000 2.0277085304260254
val loss = 2.1325087547302246
training loss = 2.1233437061309814 7500 2.0109057426452637
val loss = 2.127570152282715
training loss = 2.121978521347046 8000 2.0109057426452637
val loss = 2.1219325065612793
training loss = 2.1208126544952393 8500 2.0109057426452637
val loss = 2.1159582138061523
training loss = 2.1198368072509766 9000 2.0109057426452637
val loss = 2.1105637550354004
training loss = 2.118964195251465 9500 2.0109057426452637
val loss = 2.108930826187134
training loss = 2.118189573287964 10000 2.0109057426452637
val loss = 2.0952649116516113
training loss = 2.1174771785736084 10500 2.0109057426452637
val loss = 2.0985960960388184
training loss = 2.1180458068847656 11000 2.0109057426452637
val loss = 2.069883346557617
training loss = 2.131556272506714 11500 2.0102529525756836
val loss = 2.1843955516815186
training loss = 2.2401788234710693 12000 2.0066089630126953
val loss = 2.02105450630188
training loss = 2.3589699268341064 12500 2.00338077545166
val loss = 2.704650402069092
training loss = 2.115365982055664 13000 2.000171422958374
val loss = 2.078172206878662
training loss = 2.115173816680908 13500 1.997362494468689
val loss = 2.0756874084472656
training loss = 2.1150054931640625 14000 1.9942964315414429
val loss = 2.073490858078003
training loss = 2.1149470806121826 14500 1.993265986442566
val loss = 2.0625758171081543
training loss = 2.114955186843872 15000 1.9911854267120361
val loss = 2.076727867126465
training loss = 2.114931106567383 15500 1.9891237020492554
val loss = 2.0760457515716553
training loss = 2.211744785308838 16000 1.9873692989349365
val loss = 2.3875443935394287
training loss = 2.582920789718628 16500 1.987333059310913
val loss = 2.233616828918457
training loss = 2.1145925521850586 17000 1.9855608940124512
val loss = 2.0590033531188965
training loss = 3.1084144115448 17500 1.9855241775512695
val loss = 3.956084966659546
training loss = 2.2934682369232178 18000 1.984257459640503
val loss = 2.5606296062469482
training loss = 2.3200674057006836 18500 1.9829152822494507
val loss = 2.6128339767456055
training loss = 2.1150028705596924 19000 1.9817289113998413
val loss = 2.072547435760498
training loss = 2.114593744277954 19500 1.9817289113998413
val loss = 2.0579233169555664
training loss = 2.1146161556243896 20000 1.9817289113998413
val loss = 2.058002233505249
training loss = 2.114795446395874 20500 1.9806547164916992
val loss = 2.065120220184326
training loss = 2.114663600921631 21000 1.9801654815673828
val loss = 2.0564992427825928
training loss = 2.1146819591522217 21500 1.9789934158325195
val loss = 2.055955648422241
training loss = 2.11470365524292 22000 1.9789934158325195
val loss = 2.055647373199463
training loss = 2.1147265434265137 22500 1.9789934158325195
val loss = 2.0541157722473145
training loss = 2.1147525310516357 23000 1.9789934158325195
val loss = 2.055063247680664
training loss = 2.114872455596924 23500 1.9789934158325195
val loss = 2.0609688758850098
training loss = 2.1148200035095215 24000 1.9786847829818726
val loss = 2.051828145980835
training loss = 2.143859624862671 24500 1.9786847829818726
val loss = 1.9940879344940186
training loss = 2.1148343086242676 25000 1.9768356084823608
val loss = 2.0543460845947266
training loss = 2.11484432220459 25500 1.9768356084823608
val loss = 2.0536375045776367
training loss = 2.115063428878784 26000 1.9750173091888428
val loss = 2.062213659286499
training loss = 2.125572443008423 26500 1.9750173091888428
val loss = 2.1322598457336426
training loss = 2.1204895973205566 27000 1.9750173091888428
val loss = 2.104926824569702
training loss = 2.164318799972534 27500 1.9750173091888428
val loss = 1.9791591167449951
training loss = 2.114988327026367 28000 1.9750173091888428
val loss = 2.0589582920074463
training loss = 2.1151845455169678 28500 1.9750173091888428
val loss = 2.0628676414489746
training loss = 2.115290403366089 29000 1.9750173091888428
val loss = 2.0655593872070312
training loss = 2.1317696571350098 29500 1.9750173091888428
val loss = 1.9936645030975342
training loss = 2.2314505577087402 30000 1.9750173091888428
val loss = 1.9933823347091675
reduced chi^2 level 2 = 2.1151986122131348
Constrained alpha: 2.2942817211151123
Constrained beta: 1.9365055561065674
Constrained gamma: 21.411340713500977
(1, 220)
(1, 24)
