data before
[0.00000000e+00 0.00000000e+00 0.00000000e+00 0.00000000e+00
 0.00000000e+00 0.00000000e+00 0.00000000e+00 0.00000000e+00
 0.00000000e+00 0.00000000e+00 0.00000000e+00 0.00000000e+00
 0.00000000e+00 0.00000000e+00 0.00000000e+00 0.00000000e+00
 0.00000000e+00 0.00000000e+00 0.00000000e+00 0.00000000e+00
 1.80517835e+01 2.07632676e+01 2.30329748e+01 2.51617763e+01
 2.68727937e+01 2.73842364e+01 2.71430290e+01 2.57755067e+01
 2.31704766e+01 1.97758501e+01 1.56585616e+01 1.13483475e+01
 7.49556649e+00 4.31283055e+00 2.04278166e+00 7.12621147e-01
 1.76482867e-01 3.78573093e-02 6.18315992e-05 0.00000000e+00
 0.00000000e+00]
7
data after
[38.81505105834603, 23.03297475747764, 25.16177631636441, 26.872793663014768, 27.38423643448949, 27.14302900591314, 25.775506665709017, 23.17047660264835, 35.43441172671609, 26.126549325949988]
8
data,sig_tot
[38.81505106 23.03297476 25.16177632 26.87279366 27.38423643 27.14302901
 25.77550667 23.1704766  35.43441173 26.12654933 24.0011234  20.59460912
 24.0471772 ]
[38.81505106 23.03297476 25.16177632 26.87279366 27.38423643 27.14302901
 25.77550667 23.1704766  35.43441173 26.12654933 24.0011234  20.59460912
 24.0471772 ]
<<<<<<< HEAD
3.264062266460992 1.3182166413910101 87.94094158321639
val isze = 0
idinces = [ 3  7 11  6  8  2 12  5 10  1  0  4  9]
training loss = 1.6166987419128418 500
training loss = 0.953805685043335 1000
training loss = 0.9391939043998718 1500
training loss = 0.9238356351852417 2000
reduced chi^2 level 2 = 0.923801600933075
Constrained alpha: 3.104003429412842
Constrained beta: 2.1167261600494385
Constrained gamma: 84.9349594116211
=======
4.9642090017466 2.26469294103268 8.841163375856286
val isze = 0
idinces = [ 8  9  4  1 11  6  7  3  5 10 12  0  2]
training loss = 12.235203742980957 500
training loss = 10.989821434020996 1000
training loss = 10.501604080200195 1500
training loss = 10.131488800048828 2000
training loss = 9.751612663269043 2500
training loss = 9.299843788146973 3000
training loss = 8.724750518798828 3500
training loss = 7.92880392074585 4000
training loss = 6.71586275100708 4500
training loss = 4.845155239105225 5000
(1, 13)
(1, 0)
data before
[0.00000000e+00 0.00000000e+00 0.00000000e+00 0.00000000e+00
 0.00000000e+00 0.00000000e+00 0.00000000e+00 0.00000000e+00
 0.00000000e+00 0.00000000e+00 0.00000000e+00 0.00000000e+00
 0.00000000e+00 0.00000000e+00 0.00000000e+00 0.00000000e+00
 0.00000000e+00 0.00000000e+00 0.00000000e+00 0.00000000e+00
 1.80517835e+01 2.07632676e+01 2.30329748e+01 2.51617763e+01
 2.68727937e+01 2.73842364e+01 2.71430290e+01 2.57755067e+01
 2.31704766e+01 1.97758501e+01 1.56585616e+01 1.13483475e+01
 7.49556649e+00 4.31283055e+00 2.04278166e+00 7.12621147e-01
 1.76482867e-01 3.78573093e-02 6.18315992e-05 0.00000000e+00
 0.00000000e+00]
7
data after
[38.81505105834603, 23.03297475747764, 25.16177631636441, 26.872793663014768, 27.38423643448949, 27.14302900591314, 25.775506665709017, 23.17047660264835, 35.43441172671609, 26.126549325949988]
8
data,sig_tot
[38.81505106 23.03297476 25.16177632 26.87279366 27.38423643 27.14302901
 25.77550667 23.1704766  35.43441173 26.12654933 24.0011234  20.59460912
 24.0471772 ]
[38.81505106 23.03297476 25.16177632 26.87279366 27.38423643 27.14302901
 25.77550667 23.1704766  35.43441173 26.12654933 24.0011234  20.59460912
 24.0471772 ]
3.4596578750767066 3.7043397396910294 55.64006912598967
val isze = 0
idinces = [ 2  8  0  5  4 10 12  3  9  6 11  7  1]
training loss = 1.392961025238037 500
training loss = 1.1085201501846313 1000
training loss = 1.0848286151885986 1500
training loss = 1.0746632814407349 2000
training loss = 1.0639394521713257 2500
training loss = 1.0539538860321045 3000
training loss = 1.0461715459823608 3500
training loss = 1.0420868396759033 4000
reduced chi^2 level 2 = 1.0429437160491943
Constrained alpha: 3.2064826488494873
Constrained beta: 1.9976437091827393
Constrained gamma: 13.272916793823242
(1, 13)
(1, 0)
data before
[0.00000000e+00 0.00000000e+00 0.00000000e+00 0.00000000e+00
 0.00000000e+00 0.00000000e+00 0.00000000e+00 0.00000000e+00
 0.00000000e+00 0.00000000e+00 0.00000000e+00 0.00000000e+00
 0.00000000e+00 0.00000000e+00 0.00000000e+00 0.00000000e+00
 0.00000000e+00 0.00000000e+00 0.00000000e+00 0.00000000e+00
 1.80517835e+01 2.07632676e+01 2.30329748e+01 2.51617763e+01
 2.68727937e+01 2.73842364e+01 2.71430290e+01 2.57755067e+01
 2.31704766e+01 1.97758501e+01 1.56585616e+01 1.13483475e+01
 7.49556649e+00 4.31283055e+00 2.04278166e+00 7.12621147e-01
 1.76482867e-01 3.78573093e-02 6.18315992e-05 0.00000000e+00
 0.00000000e+00]
7
data after
[38.81505105834603, 23.03297475747764, 25.16177631636441, 26.872793663014768, 27.38423643448949, 27.14302900591314, 25.775506665709017, 23.17047660264835, 35.43441172671609, 26.126549325949988]
8
data,sig_tot
[38.81505106 23.03297476 25.16177632 26.87279366 27.38423643 27.14302901
 25.77550667 23.1704766  35.43441173 26.12654933 24.0011234  20.59460912
 24.0471772 ]
[38.81505106 23.03297476 25.16177632 26.87279366 27.38423643 27.14302901
 25.77550667 23.1704766  35.43441173 26.12654933 24.0011234  20.59460912
 24.0471772 ]
4.776500982686971 13.404654517283872 89.66673779115563
val isze = 0
idinces = [ 7  6  4 12  0 11  5  2  3  9 10  1  8]
(1, 13)
(1, 0)
data before
[0.00000000e+00 0.00000000e+00 0.00000000e+00 0.00000000e+00
 0.00000000e+00 0.00000000e+00 0.00000000e+00 0.00000000e+00
 0.00000000e+00 0.00000000e+00 0.00000000e+00 0.00000000e+00
 0.00000000e+00 0.00000000e+00 0.00000000e+00 0.00000000e+00
 0.00000000e+00 0.00000000e+00 0.00000000e+00 0.00000000e+00
 1.80517835e+01 2.07632676e+01 2.30329748e+01 2.51617763e+01
 2.68727937e+01 2.73842364e+01 2.71430290e+01 2.57755067e+01
 2.31704766e+01 1.97758501e+01 1.56585616e+01 1.13483475e+01
 7.49556649e+00 4.31283055e+00 2.04278166e+00 7.12621147e-01
 1.76482867e-01 3.78573093e-02 6.18315992e-05 0.00000000e+00
 0.00000000e+00]
7
data after
[38.81505105834603, 23.03297475747764, 25.16177631636441, 26.872793663014768, 27.38423643448949, 27.14302900591314, 25.775506665709017, 23.17047660264835, 35.43441172671609, 26.126549325949988]
8
data,sig_tot
[38.81505106 23.03297476 25.16177632 26.87279366 27.38423643 27.14302901
 25.77550667 23.1704766  35.43441173 26.12654933 24.0011234  20.59460912
 24.0471772 ]
[38.81505106 23.03297476 25.16177632 26.87279366 27.38423643 27.14302901
 25.77550667 23.1704766  35.43441173 26.12654933 24.0011234  20.59460912
 24.0471772 ]
4.064116490306519 1.481374320756177 25.58933982702747
val isze = 0
idinces = [ 6 11  1  0  9  8  2 12  4  3 10  5  7]
training loss = 1.982080101966858 500
training loss = 1.4783689975738525 1000
training loss = 1.030490756034851 1500
training loss = 0.7533971667289734 2000
training loss = 0.6865121722221375 2500
training loss = 0.6745073795318604 3000
training loss = 0.6669584512710571 3500
training loss = 0.6594509482383728 4000
training loss = 0.6519901752471924 4500
training loss = 0.6444993615150452 5000
reduced chi^2 level 2 = 0.6444844603538513
Constrained alpha: 3.560439348220825
Constrained beta: 1.5665889978408813
Constrained gamma: 24.30886459350586
(1, 13)
(1, 0)
data before
[0.00000000e+00 0.00000000e+00 0.00000000e+00 0.00000000e+00
 0.00000000e+00 0.00000000e+00 0.00000000e+00 0.00000000e+00
 0.00000000e+00 0.00000000e+00 0.00000000e+00 0.00000000e+00
 0.00000000e+00 0.00000000e+00 0.00000000e+00 0.00000000e+00
 0.00000000e+00 0.00000000e+00 0.00000000e+00 0.00000000e+00
 1.80517835e+01 2.07632676e+01 2.30329748e+01 2.51617763e+01
 2.68727937e+01 2.73842364e+01 2.71430290e+01 2.57755067e+01
 2.31704766e+01 1.97758501e+01 1.56585616e+01 1.13483475e+01
 7.49556649e+00 4.31283055e+00 2.04278166e+00 7.12621147e-01
 1.76482867e-01 3.78573093e-02 6.18315992e-05 0.00000000e+00
 0.00000000e+00]
7
data after
[38.81505105834603, 23.03297475747764, 25.16177631636441, 26.872793663014768, 27.38423643448949, 27.14302900591314, 25.775506665709017, 23.17047660264835, 35.43441172671609, 26.126549325949988]
8
data,sig_tot
[38.81505106 23.03297476 25.16177632 26.87279366 27.38423643 27.14302901
 25.77550667 23.1704766  35.43441173 26.12654933 24.0011234  20.59460912
 24.0471772 ]
[38.81505106 23.03297476 25.16177632 26.87279366 27.38423643 27.14302901
 25.77550667 23.1704766  35.43441173 26.12654933 24.0011234  20.59460912
 24.0471772 ]
4.854594757475213 15.9830755968466 98.5109350507556
val isze = 0
idinces = [ 3  1  7  4  0  9 11  5 10  6 12  2  8]
training loss = 26.302167892456055 500
training loss = 20.65812873840332 1000
training loss = 19.293636322021484 1500
training loss = 18.80508041381836 2000
training loss = 18.43255043029785 2500
training loss = 18.029918670654297 3000
training loss = 17.601581573486328 3500
training loss = 17.19118309020996 4000
training loss = 16.84478759765625 4500
training loss = 16.586917877197266 5000
(1, 13)
(1, 0)
data before
[0.00000000e+00 0.00000000e+00 0.00000000e+00 0.00000000e+00
 0.00000000e+00 0.00000000e+00 0.00000000e+00 0.00000000e+00
 0.00000000e+00 0.00000000e+00 0.00000000e+00 0.00000000e+00
 0.00000000e+00 0.00000000e+00 0.00000000e+00 0.00000000e+00
 0.00000000e+00 0.00000000e+00 0.00000000e+00 0.00000000e+00
 1.80517835e+01 2.07632676e+01 2.30329748e+01 2.51617763e+01
 2.68727937e+01 2.73842364e+01 2.71430290e+01 2.57755067e+01
 2.31704766e+01 1.97758501e+01 1.56585616e+01 1.13483475e+01
 7.49556649e+00 4.31283055e+00 2.04278166e+00 7.12621147e-01
 1.76482867e-01 3.78573093e-02 6.18315992e-05 0.00000000e+00
 0.00000000e+00]
7
data after
[38.81505105834603, 23.03297475747764, 25.16177631636441, 26.872793663014768, 27.38423643448949, 27.14302900591314, 25.775506665709017, 23.17047660264835, 35.43441172671609, 26.126549325949988]
8
data,sig_tot
[38.81505106 23.03297476 25.16177632 26.87279366 27.38423643 27.14302901
 25.77550667 23.1704766  35.43441173 26.12654933 24.0011234  20.59460912
 24.0471772 ]
[38.81505106 23.03297476 25.16177632 26.87279366 27.38423643 27.14302901
 25.77550667 23.1704766  35.43441173 26.12654933 24.0011234  20.59460912
 24.0471772 ]
3.3901193196864736 11.996276359790405 69.65247466347407
val isze = 0
idinces = [ 4  5  2  6  1 12  9 11  3 10  8  7  0]
training loss = 10.307713508605957 500
training loss = 6.293334007263184 1000
training loss = 1.5115060806274414 1500
training loss = 1.1137034893035889 2000
training loss = 1.0695818662643433 2500
training loss = 1.0223619937896729 3000
training loss = 0.9776384830474854 3500
training loss = 0.9425858855247498 4000
training loss = 0.9245990514755249 4500
training loss = 0.9241304993629456 5000
reduced chi^2 level 2 = 0.9241381287574768
Constrained alpha: 2.9729366302490234
Constrained beta: 2.1891367435455322
Constrained gamma: 6.713415145874023
(1, 13)
(1, 0)
data before
[0.00000000e+00 0.00000000e+00 0.00000000e+00 0.00000000e+00
 0.00000000e+00 0.00000000e+00 0.00000000e+00 0.00000000e+00
 0.00000000e+00 0.00000000e+00 0.00000000e+00 0.00000000e+00
 0.00000000e+00 0.00000000e+00 0.00000000e+00 0.00000000e+00
 0.00000000e+00 0.00000000e+00 0.00000000e+00 0.00000000e+00
 1.80517835e+01 2.07632676e+01 2.30329748e+01 2.51617763e+01
 2.68727937e+01 2.73842364e+01 2.71430290e+01 2.57755067e+01
 2.31704766e+01 1.97758501e+01 1.56585616e+01 1.13483475e+01
 7.49556649e+00 4.31283055e+00 2.04278166e+00 7.12621147e-01
 1.76482867e-01 3.78573093e-02 6.18315992e-05 0.00000000e+00
 0.00000000e+00]
7
data after
[38.81505105834603, 23.03297475747764, 25.16177631636441, 26.872793663014768, 27.38423643448949, 27.14302900591314, 25.775506665709017, 23.17047660264835, 35.43441172671609, 26.126549325949988]
8
data,sig_tot
[38.81505106 23.03297476 25.16177632 26.87279366 27.38423643 27.14302901
 25.77550667 23.1704766  35.43441173 26.12654933 24.0011234  20.59460912
 24.0471772 ]
[38.81505106 23.03297476 25.16177632 26.87279366 27.38423643 27.14302901
 25.77550667 23.1704766  35.43441173 26.12654933 24.0011234  20.59460912
 24.0471772 ]
2.8463078824955796 18.22691317120659 99.06969408913123
val isze = 0
idinces = [11  2  1  6 10  0  8  4  5 12  7  9  3]
training loss = 1.113739252090454 500
training loss = 1.0397589206695557 1000
training loss = 1.016715168952942 1500
training loss = 0.9720906615257263 2000
training loss = 0.8979100584983826 2500
training loss = 0.9809342622756958 3000
reduced chi^2 level 2 = 0.9256699085235596
Constrained alpha: 2.623599052429199
Constrained beta: 0.7360166311264038
Constrained gamma: 24.429584503173828
(1, 13)
(1, 0)
data before
[0.00000000e+00 0.00000000e+00 0.00000000e+00 0.00000000e+00
 0.00000000e+00 0.00000000e+00 0.00000000e+00 0.00000000e+00
 0.00000000e+00 0.00000000e+00 0.00000000e+00 0.00000000e+00
 0.00000000e+00 0.00000000e+00 0.00000000e+00 0.00000000e+00
 0.00000000e+00 0.00000000e+00 0.00000000e+00 0.00000000e+00
 1.80517835e+01 2.07632676e+01 2.30329748e+01 2.51617763e+01
 2.68727937e+01 2.73842364e+01 2.71430290e+01 2.57755067e+01
 2.31704766e+01 1.97758501e+01 1.56585616e+01 1.13483475e+01
 7.49556649e+00 4.31283055e+00 2.04278166e+00 7.12621147e-01
 1.76482867e-01 3.78573093e-02 6.18315992e-05 0.00000000e+00
 0.00000000e+00]
7
data after
[38.81505105834603, 23.03297475747764, 25.16177631636441, 26.872793663014768, 27.38423643448949, 27.14302900591314, 25.775506665709017, 23.17047660264835, 35.43441172671609, 26.126549325949988]
8
data,sig_tot
[38.81505106 23.03297476 25.16177632 26.87279366 27.38423643 27.14302901
 25.77550667 23.1704766  35.43441173 26.12654933 24.0011234  20.59460912
 24.0471772 ]
[38.81505106 23.03297476 25.16177632 26.87279366 27.38423643 27.14302901
 25.77550667 23.1704766  35.43441173 26.12654933 24.0011234  20.59460912
 24.0471772 ]
3.32434694077331 10.392746730388104 61.156343897109025
val isze = 0
idinces = [ 8  1  9  6 11  3  5 10  2  7 12  4  0]
training loss = 2.323617696762085 500
training loss = 1.2949132919311523 1000
training loss = 1.2618789672851562 1500
training loss = 1.232192873954773 2000
training loss = 1.2145169973373413 2500
training loss = 1.2121613025665283 3000
reduced chi^2 level 2 = 1.2135485410690308
Constrained alpha: 3.0512490272521973
Constrained beta: 3.4401137828826904
Constrained gamma: 9.866421699523926
(1, 13)
(1, 0)
data before
[0.00000000e+00 0.00000000e+00 0.00000000e+00 0.00000000e+00
 0.00000000e+00 0.00000000e+00 0.00000000e+00 0.00000000e+00
 0.00000000e+00 0.00000000e+00 0.00000000e+00 0.00000000e+00
 0.00000000e+00 0.00000000e+00 0.00000000e+00 0.00000000e+00
 0.00000000e+00 0.00000000e+00 0.00000000e+00 0.00000000e+00
 1.80517835e+01 2.07632676e+01 2.30329748e+01 2.51617763e+01
 2.68727937e+01 2.73842364e+01 2.71430290e+01 2.57755067e+01
 2.31704766e+01 1.97758501e+01 1.56585616e+01 1.13483475e+01
 7.49556649e+00 4.31283055e+00 2.04278166e+00 7.12621147e-01
 1.76482867e-01 3.78573093e-02 6.18315992e-05 0.00000000e+00
 0.00000000e+00]
7
data after
[38.81505105834603, 23.03297475747764, 25.16177631636441, 26.872793663014768, 27.38423643448949, 27.14302900591314, 25.775506665709017, 23.17047660264835, 35.43441172671609, 26.126549325949988]
8
data,sig_tot
[38.81505106 23.03297476 25.16177632 26.87279366 27.38423643 27.14302901
 25.77550667 23.1704766  35.43441173 26.12654933 24.0011234  20.59460912
 24.0471772 ]
[38.81505106 23.03297476 25.16177632 26.87279366 27.38423643 27.14302901
 25.77550667 23.1704766  35.43441173 26.12654933 24.0011234  20.59460912
 24.0471772 ]
2.9873891680693614 16.66551362890729 76.43853927883441
val isze = 0
idinces = [10  6  2 12 11  9  3  7  8  4  0  5  1]
training loss = 0.4787524342536926 500
training loss = 0.4479175806045532 1000
training loss = 0.40894943475723267 1500
reduced chi^2 level 2 = 0.40564003586769104
Constrained alpha: 3.24727725982666
Constrained beta: 2.0848281383514404
Constrained gamma: 29.37691879272461
(1, 13)
(1, 0)
data before
[0.00000000e+00 0.00000000e+00 0.00000000e+00 0.00000000e+00
 0.00000000e+00 0.00000000e+00 0.00000000e+00 0.00000000e+00
 0.00000000e+00 0.00000000e+00 0.00000000e+00 0.00000000e+00
 0.00000000e+00 0.00000000e+00 0.00000000e+00 0.00000000e+00
 0.00000000e+00 0.00000000e+00 0.00000000e+00 0.00000000e+00
 1.80517835e+01 2.07632676e+01 2.30329748e+01 2.51617763e+01
 2.68727937e+01 2.73842364e+01 2.71430290e+01 2.57755067e+01
 2.31704766e+01 1.97758501e+01 1.56585616e+01 1.13483475e+01
 7.49556649e+00 4.31283055e+00 2.04278166e+00 7.12621147e-01
 1.76482867e-01 3.78573093e-02 6.18315992e-05 0.00000000e+00
 0.00000000e+00]
7
data after
[38.81505105834603, 23.03297475747764, 25.16177631636441, 26.872793663014768, 27.38423643448949, 27.14302900591314, 25.775506665709017, 23.17047660264835, 35.43441172671609, 26.126549325949988]
8
data,sig_tot
[38.81505106 23.03297476 25.16177632 26.87279366 27.38423643 27.14302901
 25.77550667 23.1704766  35.43441173 26.12654933 24.0011234  20.59460912
 24.0471772 ]
[38.81505106 23.03297476 25.16177632 26.87279366 27.38423643 27.14302901
 25.77550667 23.1704766  35.43441173 26.12654933 24.0011234  20.59460912
 24.0471772 ]
2.4944745381221107 8.767840759874401 56.86726746156563
val isze = 0
idinces = [ 9  0  6 11  4  3  8  7  2 12 10  5  1]
training loss = 1.4920188188552856 500
reduced chi^2 level 2 = 1.4717330932617188
Constrained alpha: 3.2503442764282227
Constrained beta: 2.029658794403076
Constrained gamma: 31.629703521728516
(1, 13)
(1, 0)
data before
[0.00000000e+00 0.00000000e+00 0.00000000e+00 0.00000000e+00
 0.00000000e+00 0.00000000e+00 0.00000000e+00 0.00000000e+00
 0.00000000e+00 0.00000000e+00 0.00000000e+00 0.00000000e+00
 0.00000000e+00 0.00000000e+00 0.00000000e+00 0.00000000e+00
 0.00000000e+00 0.00000000e+00 0.00000000e+00 0.00000000e+00
 1.80517835e+01 2.07632676e+01 2.30329748e+01 2.51617763e+01
 2.68727937e+01 2.73842364e+01 2.71430290e+01 2.57755067e+01
 2.31704766e+01 1.97758501e+01 1.56585616e+01 1.13483475e+01
 7.49556649e+00 4.31283055e+00 2.04278166e+00 7.12621147e-01
 1.76482867e-01 3.78573093e-02 6.18315992e-05 0.00000000e+00
 0.00000000e+00]
7
data after
[38.81505105834603, 23.03297475747764, 25.16177631636441, 26.872793663014768, 27.38423643448949, 27.14302900591314, 25.775506665709017, 23.17047660264835, 35.43441172671609, 26.126549325949988]
8
data,sig_tot
[38.81505106 23.03297476 25.16177632 26.87279366 27.38423643 27.14302901
 25.77550667 23.1704766  35.43441173 26.12654933 24.0011234  20.59460912
 24.0471772 ]
[38.81505106 23.03297476 25.16177632 26.87279366 27.38423643 27.14302901
 25.77550667 23.1704766  35.43441173 26.12654933 24.0011234  20.59460912
 24.0471772 ]
4.659403132001604 11.827157978091925 23.089109440055978
val isze = 0
idinces = [ 6 12 11  3  0  5  4  2  9  1  7 10  8]
training loss = 18.322372436523438 500
training loss = 18.107324600219727 1000
training loss = 17.781879425048828 1500
training loss = 17.285324096679688 2000
training loss = 16.451536178588867 2500
training loss = 14.822134971618652 3000
training loss = 11.676291465759277 3500
training loss = 8.6310453414917 4000
training loss = 7.263566970825195 4500
training loss = 6.551339149475098 5000
(1, 13)
(1, 0)
data before
[0.00000000e+00 0.00000000e+00 0.00000000e+00 0.00000000e+00
 0.00000000e+00 0.00000000e+00 0.00000000e+00 0.00000000e+00
 0.00000000e+00 0.00000000e+00 0.00000000e+00 0.00000000e+00
 0.00000000e+00 0.00000000e+00 0.00000000e+00 0.00000000e+00
 0.00000000e+00 0.00000000e+00 0.00000000e+00 0.00000000e+00
 1.80517835e+01 2.07632676e+01 2.30329748e+01 2.51617763e+01
 2.68727937e+01 2.73842364e+01 2.71430290e+01 2.57755067e+01
 2.31704766e+01 1.97758501e+01 1.56585616e+01 1.13483475e+01
 7.49556649e+00 4.31283055e+00 2.04278166e+00 7.12621147e-01
 1.76482867e-01 3.78573093e-02 6.18315992e-05 0.00000000e+00
 0.00000000e+00]
7
data after
[38.81505105834603, 23.03297475747764, 25.16177631636441, 26.872793663014768, 27.38423643448949, 27.14302900591314, 25.775506665709017, 23.17047660264835, 35.43441172671609, 26.126549325949988]
8
data,sig_tot
[38.81505106 23.03297476 25.16177632 26.87279366 27.38423643 27.14302901
 25.77550667 23.1704766  35.43441173 26.12654933 24.0011234  20.59460912
 24.0471772 ]
[38.81505106 23.03297476 25.16177632 26.87279366 27.38423643 27.14302901
 25.77550667 23.1704766  35.43441173 26.12654933 24.0011234  20.59460912
 24.0471772 ]
2.7556401958249377 18.814381466306564 59.002018927847764
val isze = 0
idinces = [ 7  1  3  8  9  5 12 10 11  0  4  6  2]
training loss = 0.8219008445739746 500
training loss = 0.5623875260353088 1000
reduced chi^2 level 2 = 0.573764979839325
Constrained alpha: 2.610440969467163
Constrained beta: 4.509769916534424
Constrained gamma: 25.901161193847656
(1, 13)
(1, 0)
data before
[0.00000000e+00 0.00000000e+00 0.00000000e+00 0.00000000e+00
 0.00000000e+00 0.00000000e+00 0.00000000e+00 0.00000000e+00
 0.00000000e+00 0.00000000e+00 0.00000000e+00 0.00000000e+00
 0.00000000e+00 0.00000000e+00 0.00000000e+00 0.00000000e+00
 0.00000000e+00 0.00000000e+00 0.00000000e+00 0.00000000e+00
 1.80517835e+01 2.07632676e+01 2.30329748e+01 2.51617763e+01
 2.68727937e+01 2.73842364e+01 2.71430290e+01 2.57755067e+01
 2.31704766e+01 1.97758501e+01 1.56585616e+01 1.13483475e+01
 7.49556649e+00 4.31283055e+00 2.04278166e+00 7.12621147e-01
 1.76482867e-01 3.78573093e-02 6.18315992e-05 0.00000000e+00
 0.00000000e+00]
7
data after
[38.81505105834603, 23.03297475747764, 25.16177631636441, 26.872793663014768, 27.38423643448949, 27.14302900591314, 25.775506665709017, 23.17047660264835, 35.43441172671609, 26.126549325949988]
8
data,sig_tot
[38.81505106 23.03297476 25.16177632 26.87279366 27.38423643 27.14302901
 25.77550667 23.1704766  35.43441173 26.12654933 24.0011234  20.59460912
 24.0471772 ]
[38.81505106 23.03297476 25.16177632 26.87279366 27.38423643 27.14302901
 25.77550667 23.1704766  35.43441173 26.12654933 24.0011234  20.59460912
 24.0471772 ]
2.506288472261264 8.606021664573289 75.7978397593425
val isze = 0
idinces = [12  2 11  4  7 10  0  6  3  9  5  8  1]
training loss = 0.6790579557418823 500
reduced chi^2 level 2 = 0.6865520477294922
Constrained alpha: 2.793572425842285
Constrained beta: 3.972600221633911
Constrained gamma: 52.177490234375
(1, 13)
(1, 0)
data before
[0.00000000e+00 0.00000000e+00 0.00000000e+00 0.00000000e+00
 0.00000000e+00 0.00000000e+00 0.00000000e+00 0.00000000e+00
 0.00000000e+00 0.00000000e+00 0.00000000e+00 0.00000000e+00
 0.00000000e+00 0.00000000e+00 0.00000000e+00 0.00000000e+00
 0.00000000e+00 0.00000000e+00 0.00000000e+00 0.00000000e+00
 1.80517835e+01 2.07632676e+01 2.30329748e+01 2.51617763e+01
 2.68727937e+01 2.73842364e+01 2.71430290e+01 2.57755067e+01
 2.31704766e+01 1.97758501e+01 1.56585616e+01 1.13483475e+01
 7.49556649e+00 4.31283055e+00 2.04278166e+00 7.12621147e-01
 1.76482867e-01 3.78573093e-02 6.18315992e-05 0.00000000e+00
 0.00000000e+00]
7
data after
[38.81505105834603, 23.03297475747764, 25.16177631636441, 26.872793663014768, 27.38423643448949, 27.14302900591314, 25.775506665709017, 23.17047660264835, 35.43441172671609, 26.126549325949988]
8
data,sig_tot
[38.81505106 23.03297476 25.16177632 26.87279366 27.38423643 27.14302901
 25.77550667 23.1704766  35.43441173 26.12654933 24.0011234  20.59460912
 24.0471772 ]
[38.81505106 23.03297476 25.16177632 26.87279366 27.38423643 27.14302901
 25.77550667 23.1704766  35.43441173 26.12654933 24.0011234  20.59460912
 24.0471772 ]
4.2256660039841645 9.663002803813951 31.93284678321161
val isze = 0
idinces = [ 5  4  6 11  3  1  9  0 10  7  8  2 12]
training loss = 10.668140411376953 500
training loss = 10.469465255737305 1000
training loss = 10.157205581665039 1500
training loss = 9.63393783569336 2000
training loss = 7.130001544952393 2500
training loss = 2.836176872253418 3000
training loss = 0.7993135452270508 3500
training loss = 0.2894574701786041 4000
training loss = 0.24088673293590546 4500
training loss = 0.23937588930130005 5000
reduced chi^2 level 2 = 0.23938106000423431
Constrained alpha: 3.86015248298645
Constrained beta: 4.813697814941406
Constrained gamma: 26.41387939453125
(1, 13)
(1, 0)
data before
[0.00000000e+00 0.00000000e+00 0.00000000e+00 0.00000000e+00
 0.00000000e+00 0.00000000e+00 0.00000000e+00 0.00000000e+00
 0.00000000e+00 0.00000000e+00 0.00000000e+00 0.00000000e+00
 0.00000000e+00 0.00000000e+00 0.00000000e+00 0.00000000e+00
 0.00000000e+00 0.00000000e+00 0.00000000e+00 0.00000000e+00
 1.80517835e+01 2.07632676e+01 2.30329748e+01 2.51617763e+01
 2.68727937e+01 2.73842364e+01 2.71430290e+01 2.57755067e+01
 2.31704766e+01 1.97758501e+01 1.56585616e+01 1.13483475e+01
 7.49556649e+00 4.31283055e+00 2.04278166e+00 7.12621147e-01
 1.76482867e-01 3.78573093e-02 6.18315992e-05 0.00000000e+00
 0.00000000e+00]
7
data after
[38.81505105834603, 23.03297475747764, 25.16177631636441, 26.872793663014768, 27.38423643448949, 27.14302900591314, 25.775506665709017, 23.17047660264835, 35.43441172671609, 26.126549325949988]
8
data,sig_tot
[38.81505106 23.03297476 25.16177632 26.87279366 27.38423643 27.14302901
 25.77550667 23.1704766  35.43441173 26.12654933 24.0011234  20.59460912
 24.0471772 ]
[38.81505106 23.03297476 25.16177632 26.87279366 27.38423643 27.14302901
 25.77550667 23.1704766  35.43441173 26.12654933 24.0011234  20.59460912
 24.0471772 ]
2.8423767607775567 4.837986833832531 6.64405915652253
val isze = 0
idinces = [ 1  2  4  5  8  7 10  6 12  3  0 11  9]
training loss = 0.9585567116737366 500
reduced chi^2 level 2 = 0.9621908068656921
Constrained alpha: 3.0782337188720703
Constrained beta: 2.2852730751037598
Constrained gamma: 3.432811975479126
(1, 13)
(1, 0)
data before
[0.00000000e+00 0.00000000e+00 0.00000000e+00 0.00000000e+00
 0.00000000e+00 0.00000000e+00 0.00000000e+00 0.00000000e+00
 0.00000000e+00 0.00000000e+00 0.00000000e+00 0.00000000e+00
 0.00000000e+00 0.00000000e+00 0.00000000e+00 0.00000000e+00
 0.00000000e+00 0.00000000e+00 0.00000000e+00 0.00000000e+00
 1.80517835e+01 2.07632676e+01 2.30329748e+01 2.51617763e+01
 2.68727937e+01 2.73842364e+01 2.71430290e+01 2.57755067e+01
 2.31704766e+01 1.97758501e+01 1.56585616e+01 1.13483475e+01
 7.49556649e+00 4.31283055e+00 2.04278166e+00 7.12621147e-01
 1.76482867e-01 3.78573093e-02 6.18315992e-05 0.00000000e+00
 0.00000000e+00]
7
data after
[38.81505105834603, 23.03297475747764, 25.16177631636441, 26.872793663014768, 27.38423643448949, 27.14302900591314, 25.775506665709017, 23.17047660264835, 35.43441172671609, 26.126549325949988]
8
data,sig_tot
[38.81505106 23.03297476 25.16177632 26.87279366 27.38423643 27.14302901
 25.77550667 23.1704766  35.43441173 26.12654933 24.0011234  20.59460912
 24.0471772 ]
[38.81505106 23.03297476 25.16177632 26.87279366 27.38423643 27.14302901
 25.77550667 23.1704766  35.43441173 26.12654933 24.0011234  20.59460912
 24.0471772 ]
3.1074947485487043 10.245161828118537 26.847344915381665
val isze = 0
idinces = [ 1  3  0  6  9  2  5 10  8  7 12  4 11]
training loss = 1.0494108200073242 500
training loss = 0.998107373714447 1000
reduced chi^2 level 2 = 1.0019639730453491
Constrained alpha: 3.118225336074829
Constrained beta: 2.581174850463867
Constrained gamma: 4.50227165222168
(1, 13)
(1, 0)
data before
[0.00000000e+00 0.00000000e+00 0.00000000e+00 0.00000000e+00
 0.00000000e+00 0.00000000e+00 0.00000000e+00 0.00000000e+00
 0.00000000e+00 0.00000000e+00 0.00000000e+00 0.00000000e+00
 0.00000000e+00 0.00000000e+00 0.00000000e+00 0.00000000e+00
 0.00000000e+00 0.00000000e+00 0.00000000e+00 0.00000000e+00
 1.80517835e+01 2.07632676e+01 2.30329748e+01 2.51617763e+01
 2.68727937e+01 2.73842364e+01 2.71430290e+01 2.57755067e+01
 2.31704766e+01 1.97758501e+01 1.56585616e+01 1.13483475e+01
 7.49556649e+00 4.31283055e+00 2.04278166e+00 7.12621147e-01
 1.76482867e-01 3.78573093e-02 6.18315992e-05 0.00000000e+00
 0.00000000e+00]
7
data after
[38.81505105834603, 23.03297475747764, 25.16177631636441, 26.872793663014768, 27.38423643448949, 27.14302900591314, 25.775506665709017, 23.17047660264835, 35.43441172671609, 26.126549325949988]
8
data,sig_tot
[38.81505106 23.03297476 25.16177632 26.87279366 27.38423643 27.14302901
 25.77550667 23.1704766  35.43441173 26.12654933 24.0011234  20.59460912
 24.0471772 ]
[38.81505106 23.03297476 25.16177632 26.87279366 27.38423643 27.14302901
 25.77550667 23.1704766  35.43441173 26.12654933 24.0011234  20.59460912
 24.0471772 ]
4.6826366237936625 14.052091235073654 37.09286490368379
val isze = 0
idinces = [ 8 10 11  4  9 12  6  5  3  1  2  0  7]
training loss = 19.2983455657959 500
training loss = 15.41744327545166 1000
training loss = 14.759489059448242 1500
training loss = 14.454597473144531 2000
training loss = 14.310840606689453 2500
training loss = 14.245847702026367 3000
training loss = 14.214194297790527 3500
training loss = 14.193977355957031 4000
training loss = 14.174400329589844 4500
training loss = 14.149291038513184 5000
(1, 13)
(1, 0)
data before
[0.00000000e+00 0.00000000e+00 0.00000000e+00 0.00000000e+00
 0.00000000e+00 0.00000000e+00 0.00000000e+00 0.00000000e+00
 0.00000000e+00 0.00000000e+00 0.00000000e+00 0.00000000e+00
 0.00000000e+00 0.00000000e+00 0.00000000e+00 0.00000000e+00
 0.00000000e+00 0.00000000e+00 0.00000000e+00 0.00000000e+00
 1.80517835e+01 2.07632676e+01 2.30329748e+01 2.51617763e+01
 2.68727937e+01 2.73842364e+01 2.71430290e+01 2.57755067e+01
 2.31704766e+01 1.97758501e+01 1.56585616e+01 1.13483475e+01
 7.49556649e+00 4.31283055e+00 2.04278166e+00 7.12621147e-01
 1.76482867e-01 3.78573093e-02 6.18315992e-05 0.00000000e+00
 0.00000000e+00]
7
data after
[38.81505105834603, 23.03297475747764, 25.16177631636441, 26.872793663014768, 27.38423643448949, 27.14302900591314, 25.775506665709017, 23.17047660264835, 35.43441172671609, 26.126549325949988]
8
data,sig_tot
[38.81505106 23.03297476 25.16177632 26.87279366 27.38423643 27.14302901
 25.77550667 23.1704766  35.43441173 26.12654933 24.0011234  20.59460912
 24.0471772 ]
[38.81505106 23.03297476 25.16177632 26.87279366 27.38423643 27.14302901
 25.77550667 23.1704766  35.43441173 26.12654933 24.0011234  20.59460912
 24.0471772 ]
0.9216463368002425 1.8489314120340228 93.64382927485427
val isze = 0
idinces = [ 8  1 11  5  3  6  2 12  4  9  0  7 10]
training loss = 0.48217275738716125 500
training loss = 0.4695168137550354 1000
reduced chi^2 level 2 = 0.4697929322719574
Constrained alpha: 3.055274724960327
Constrained beta: 2.72819185256958
Constrained gamma: 58.318939208984375
(1, 13)
(1, 0)
data before
[0.00000000e+00 0.00000000e+00 0.00000000e+00 0.00000000e+00
 0.00000000e+00 0.00000000e+00 0.00000000e+00 0.00000000e+00
 0.00000000e+00 0.00000000e+00 0.00000000e+00 0.00000000e+00
 0.00000000e+00 0.00000000e+00 0.00000000e+00 0.00000000e+00
 0.00000000e+00 0.00000000e+00 0.00000000e+00 0.00000000e+00
 1.80517835e+01 2.07632676e+01 2.30329748e+01 2.51617763e+01
 2.68727937e+01 2.73842364e+01 2.71430290e+01 2.57755067e+01
 2.31704766e+01 1.97758501e+01 1.56585616e+01 1.13483475e+01
 7.49556649e+00 4.31283055e+00 2.04278166e+00 7.12621147e-01
 1.76482867e-01 3.78573093e-02 6.18315992e-05 0.00000000e+00
 0.00000000e+00]
7
data after
[38.81505105834603, 23.03297475747764, 25.16177631636441, 26.872793663014768, 27.38423643448949, 27.14302900591314, 25.775506665709017, 23.17047660264835, 35.43441172671609, 26.126549325949988]
8
data,sig_tot
[38.81505106 23.03297476 25.16177632 26.87279366 27.38423643 27.14302901
 25.77550667 23.1704766  35.43441173 26.12654933 24.0011234  20.59460912
 24.0471772 ]
[38.81505106 23.03297476 25.16177632 26.87279366 27.38423643 27.14302901
 25.77550667 23.1704766  35.43441173 26.12654933 24.0011234  20.59460912
 24.0471772 ]
3.144745376270597 1.6999855629401606 2.526831626728665
val isze = 0
idinces = [ 2 10  8  5  4  7  9 11  6  3  1 12  0]
training loss = 0.7994597554206848 500
training loss = 0.796642541885376 1000
reduced chi^2 level 2 = 0.7967877388000488
Constrained alpha: 3.155684232711792
Constrained beta: 2.226987361907959
Constrained gamma: 1.736048936843872
(1, 13)
(1, 0)
data before
[0.00000000e+00 0.00000000e+00 0.00000000e+00 0.00000000e+00
 0.00000000e+00 0.00000000e+00 0.00000000e+00 0.00000000e+00
 0.00000000e+00 0.00000000e+00 0.00000000e+00 0.00000000e+00
 0.00000000e+00 0.00000000e+00 0.00000000e+00 0.00000000e+00
 0.00000000e+00 0.00000000e+00 0.00000000e+00 0.00000000e+00
 1.80517835e+01 2.07632676e+01 2.30329748e+01 2.51617763e+01
 2.68727937e+01 2.73842364e+01 2.71430290e+01 2.57755067e+01
 2.31704766e+01 1.97758501e+01 1.56585616e+01 1.13483475e+01
 7.49556649e+00 4.31283055e+00 2.04278166e+00 7.12621147e-01
 1.76482867e-01 3.78573093e-02 6.18315992e-05 0.00000000e+00
 0.00000000e+00]
7
data after
[38.81505105834603, 23.03297475747764, 25.16177631636441, 26.872793663014768, 27.38423643448949, 27.14302900591314, 25.775506665709017, 23.17047660264835, 35.43441172671609, 26.126549325949988]
8
data,sig_tot
[38.81505106 23.03297476 25.16177632 26.87279366 27.38423643 27.14302901
 25.77550667 23.1704766  35.43441173 26.12654933 24.0011234  20.59460912
 24.0471772 ]
[38.81505106 23.03297476 25.16177632 26.87279366 27.38423643 27.14302901
 25.77550667 23.1704766  35.43441173 26.12654933 24.0011234  20.59460912
 24.0471772 ]
0.2888943289842655 10.785749322102339 73.32133515469505
val isze = 0
idinces = [ 8 11  7  9 10  1  5  4  3  2 12  0  6]
training loss = 0.8573071956634521 500
training loss = 0.5446324944496155 1000
training loss = 0.5278210639953613 1500
reduced chi^2 level 2 = 0.5283968448638916
Constrained alpha: 2.787821054458618
Constrained beta: 3.783202886581421
Constrained gamma: 33.83245086669922
(1, 13)
(1, 0)
data before
[0.00000000e+00 0.00000000e+00 0.00000000e+00 0.00000000e+00
 0.00000000e+00 0.00000000e+00 0.00000000e+00 0.00000000e+00
 0.00000000e+00 0.00000000e+00 0.00000000e+00 0.00000000e+00
 0.00000000e+00 0.00000000e+00 0.00000000e+00 0.00000000e+00
 0.00000000e+00 0.00000000e+00 0.00000000e+00 0.00000000e+00
 1.80517835e+01 2.07632676e+01 2.30329748e+01 2.51617763e+01
 2.68727937e+01 2.73842364e+01 2.71430290e+01 2.57755067e+01
 2.31704766e+01 1.97758501e+01 1.56585616e+01 1.13483475e+01
 7.49556649e+00 4.31283055e+00 2.04278166e+00 7.12621147e-01
 1.76482867e-01 3.78573093e-02 6.18315992e-05 0.00000000e+00
 0.00000000e+00]
7
data after
[38.81505105834603, 23.03297475747764, 25.16177631636441, 26.872793663014768, 27.38423643448949, 27.14302900591314, 25.775506665709017, 23.17047660264835, 35.43441172671609, 26.126549325949988]
8
data,sig_tot
[38.81505106 23.03297476 25.16177632 26.87279366 27.38423643 27.14302901
 25.77550667 23.1704766  35.43441173 26.12654933 24.0011234  20.59460912
 24.0471772 ]
[38.81505106 23.03297476 25.16177632 26.87279366 27.38423643 27.14302901
 25.77550667 23.1704766  35.43441173 26.12654933 24.0011234  20.59460912
 24.0471772 ]
1.574013496590641 1.3226192573651807 93.18495310232113
val isze = 0
idinces = [ 0  9  6  4  8  3  2 10  1 12  7  5 11]
training loss = 0.6914517879486084 500
training loss = 0.6869234442710876 1000
training loss = 0.6849503517150879 1500
reduced chi^2 level 2 = 0.6849376559257507
Constrained alpha: 3.231133222579956
Constrained beta: 1.9090075492858887
Constrained gamma: 52.78694534301758
(1, 13)
(1, 0)
data before
[0.00000000e+00 0.00000000e+00 0.00000000e+00 0.00000000e+00
 0.00000000e+00 0.00000000e+00 0.00000000e+00 0.00000000e+00
 0.00000000e+00 0.00000000e+00 0.00000000e+00 0.00000000e+00
 0.00000000e+00 0.00000000e+00 0.00000000e+00 0.00000000e+00
 0.00000000e+00 0.00000000e+00 0.00000000e+00 0.00000000e+00
 1.80517835e+01 2.07632676e+01 2.30329748e+01 2.51617763e+01
 2.68727937e+01 2.73842364e+01 2.71430290e+01 2.57755067e+01
 2.31704766e+01 1.97758501e+01 1.56585616e+01 1.13483475e+01
 7.49556649e+00 4.31283055e+00 2.04278166e+00 7.12621147e-01
 1.76482867e-01 3.78573093e-02 6.18315992e-05 0.00000000e+00
 0.00000000e+00]
7
data after
[38.81505105834603, 23.03297475747764, 25.16177631636441, 26.872793663014768, 27.38423643448949, 27.14302900591314, 25.775506665709017, 23.17047660264835, 35.43441172671609, 26.126549325949988]
8
data,sig_tot
[38.81505106 23.03297476 25.16177632 26.87279366 27.38423643 27.14302901
 25.77550667 23.1704766  35.43441173 26.12654933 24.0011234  20.59460912
 24.0471772 ]
[38.81505106 23.03297476 25.16177632 26.87279366 27.38423643 27.14302901
 25.77550667 23.1704766  35.43441173 26.12654933 24.0011234  20.59460912
 24.0471772 ]
3.211960129603748 14.678062973941131 22.951489706508642
val isze = 0
idinces = [ 9 11  5 10  1  4 12  2  3  8  6  0  7]
training loss = 1.3115270137786865 500
training loss = 1.153493881225586 1000
reduced chi^2 level 2 = 1.1589550971984863
Constrained alpha: 2.915971279144287
Constrained beta: 2.9441256523132324
Constrained gamma: 2.5673155784606934
(1, 13)
(1, 0)
data before
[0.00000000e+00 0.00000000e+00 0.00000000e+00 0.00000000e+00
 0.00000000e+00 0.00000000e+00 0.00000000e+00 0.00000000e+00
 0.00000000e+00 0.00000000e+00 0.00000000e+00 0.00000000e+00
 0.00000000e+00 0.00000000e+00 0.00000000e+00 0.00000000e+00
 0.00000000e+00 0.00000000e+00 0.00000000e+00 0.00000000e+00
 1.80517835e+01 2.07632676e+01 2.30329748e+01 2.51617763e+01
 2.68727937e+01 2.73842364e+01 2.71430290e+01 2.57755067e+01
 2.31704766e+01 1.97758501e+01 1.56585616e+01 1.13483475e+01
 7.49556649e+00 4.31283055e+00 2.04278166e+00 7.12621147e-01
 1.76482867e-01 3.78573093e-02 6.18315992e-05 0.00000000e+00
 0.00000000e+00]
7
data after
[38.81505105834603, 23.03297475747764, 25.16177631636441, 26.872793663014768, 27.38423643448949, 27.14302900591314, 25.775506665709017, 23.17047660264835, 35.43441172671609, 26.126549325949988]
8
data,sig_tot
[38.81505106 23.03297476 25.16177632 26.87279366 27.38423643 27.14302901
 25.77550667 23.1704766  35.43441173 26.12654933 24.0011234  20.59460912
 24.0471772 ]
[38.81505106 23.03297476 25.16177632 26.87279366 27.38423643 27.14302901
 25.77550667 23.1704766  35.43441173 26.12654933 24.0011234  20.59460912
 24.0471772 ]
1.6483950476082043 12.916692259914546 6.751582564010061
val isze = 0
idinces = [ 0  2  1  4  9  8 10  5  3 11  7  6 12]
training loss = 0.784381628036499 500
training loss = 0.6987309455871582 1000
reduced chi^2 level 2 = 0.7092545032501221
Constrained alpha: 2.9225051403045654
Constrained beta: 3.7261087894439697
Constrained gamma: 2.617372751235962
(1, 13)
(1, 0)
data before
[0.00000000e+00 0.00000000e+00 0.00000000e+00 0.00000000e+00
 0.00000000e+00 0.00000000e+00 0.00000000e+00 0.00000000e+00
 0.00000000e+00 0.00000000e+00 0.00000000e+00 0.00000000e+00
 0.00000000e+00 0.00000000e+00 0.00000000e+00 0.00000000e+00
 0.00000000e+00 0.00000000e+00 0.00000000e+00 0.00000000e+00
 1.80517835e+01 2.07632676e+01 2.30329748e+01 2.51617763e+01
 2.68727937e+01 2.73842364e+01 2.71430290e+01 2.57755067e+01
 2.31704766e+01 1.97758501e+01 1.56585616e+01 1.13483475e+01
 7.49556649e+00 4.31283055e+00 2.04278166e+00 7.12621147e-01
 1.76482867e-01 3.78573093e-02 6.18315992e-05 0.00000000e+00
 0.00000000e+00]
7
data after
[38.81505105834603, 23.03297475747764, 25.16177631636441, 26.872793663014768, 27.38423643448949, 27.14302900591314, 25.775506665709017, 23.17047660264835, 35.43441172671609, 26.126549325949988]
8
data,sig_tot
[38.81505106 23.03297476 25.16177632 26.87279366 27.38423643 27.14302901
 25.77550667 23.1704766  35.43441173 26.12654933 24.0011234  20.59460912
 24.0471772 ]
[38.81505106 23.03297476 25.16177632 26.87279366 27.38423643 27.14302901
 25.77550667 23.1704766  35.43441173 26.12654933 24.0011234  20.59460912
 24.0471772 ]
3.9432735352135406 6.3226899856681 45.20561212090297
val isze = 0
idinces = [ 7  5  0  8  4  6 12  1  3 11  9  2 10]
training loss = 10.794923782348633 500
training loss = 10.28514289855957 1000
training loss = 9.516433715820312 1500
training loss = 7.445479869842529 2000
training loss = 1.0071594715118408 2500
training loss = 0.6037561297416687 3000
training loss = 0.5159870982170105 3500
training loss = 0.4753440022468567 4000
training loss = 0.4530981779098511 4500
training loss = 0.44099918007850647 5000
reduced chi^2 level 2 = 0.4409816563129425
Constrained alpha: 3.454364776611328
Constrained beta: 4.751515865325928
Constrained gamma: 39.99990463256836
(1, 13)
(1, 0)
data before
[0.00000000e+00 0.00000000e+00 0.00000000e+00 0.00000000e+00
 0.00000000e+00 0.00000000e+00 0.00000000e+00 0.00000000e+00
 0.00000000e+00 0.00000000e+00 0.00000000e+00 0.00000000e+00
 0.00000000e+00 0.00000000e+00 0.00000000e+00 0.00000000e+00
 0.00000000e+00 0.00000000e+00 0.00000000e+00 0.00000000e+00
 1.80517835e+01 2.07632676e+01 2.30329748e+01 2.51617763e+01
 2.68727937e+01 2.73842364e+01 2.71430290e+01 2.57755067e+01
 2.31704766e+01 1.97758501e+01 1.56585616e+01 1.13483475e+01
 7.49556649e+00 4.31283055e+00 2.04278166e+00 7.12621147e-01
 1.76482867e-01 3.78573093e-02 6.18315992e-05 0.00000000e+00
 0.00000000e+00]
7
data after
[38.81505105834603, 23.03297475747764, 25.16177631636441, 26.872793663014768, 27.38423643448949, 27.14302900591314, 25.775506665709017, 23.17047660264835, 35.43441172671609, 26.126549325949988]
8
data,sig_tot
[38.81505106 23.03297476 25.16177632 26.87279366 27.38423643 27.14302901
 25.77550667 23.1704766  35.43441173 26.12654933 24.0011234  20.59460912
 24.0471772 ]
[38.81505106 23.03297476 25.16177632 26.87279366 27.38423643 27.14302901
 25.77550667 23.1704766  35.43441173 26.12654933 24.0011234  20.59460912
 24.0471772 ]
0.5580746081406895 6.764087407030777 68.90374830048037
val isze = 0
idinces = [ 3  0  6  8  4  5 11  9  1  2 10 12  7]
training loss = 1.4659239053726196 500
training loss = 1.1809327602386475 1000
training loss = 1.1423012018203735 1500
reduced chi^2 level 2 = 1.1430922746658325
Constrained alpha: 3.0206472873687744
Constrained beta: 2.654515266418457
Constrained gamma: 26.035219192504883
(1, 13)
(1, 0)
data before
[0.00000000e+00 0.00000000e+00 0.00000000e+00 0.00000000e+00
 0.00000000e+00 0.00000000e+00 0.00000000e+00 0.00000000e+00
 0.00000000e+00 0.00000000e+00 0.00000000e+00 0.00000000e+00
 0.00000000e+00 0.00000000e+00 0.00000000e+00 0.00000000e+00
 0.00000000e+00 0.00000000e+00 0.00000000e+00 0.00000000e+00
 1.80517835e+01 2.07632676e+01 2.30329748e+01 2.51617763e+01
 2.68727937e+01 2.73842364e+01 2.71430290e+01 2.57755067e+01
 2.31704766e+01 1.97758501e+01 1.56585616e+01 1.13483475e+01
 7.49556649e+00 4.31283055e+00 2.04278166e+00 7.12621147e-01
 1.76482867e-01 3.78573093e-02 6.18315992e-05 0.00000000e+00
 0.00000000e+00]
7
data after
[38.81505105834603, 23.03297475747764, 25.16177631636441, 26.872793663014768, 27.38423643448949, 27.14302900591314, 25.775506665709017, 23.17047660264835, 35.43441172671609, 26.126549325949988]
8
data,sig_tot
[38.81505106 23.03297476 25.16177632 26.87279366 27.38423643 27.14302901
 25.77550667 23.1704766  35.43441173 26.12654933 24.0011234  20.59460912
 24.0471772 ]
[38.81505106 23.03297476 25.16177632 26.87279366 27.38423643 27.14302901
 25.77550667 23.1704766  35.43441173 26.12654933 24.0011234  20.59460912
 24.0471772 ]
3.971026469035026 18.581347384004584 72.40569108171162
val isze = 0
idinces = [ 6  4  1  3 10 11  9  5  8  7  0 12  2]
training loss = 10.466285705566406 500
training loss = 10.331961631774902 1000
training loss = 10.132399559020996 1500
training loss = 9.852893829345703 2000
training loss = 9.470879554748535 2500
training loss = 8.947776794433594 3000
training loss = 8.210086822509766 3500
training loss = 7.113056182861328 4000
training loss = 5.379664897918701 4500
training loss = 2.5320370197296143 5000
reduced chi^2 level 2 = 2.5253102779388428
Constrained alpha: 2.7814276218414307
Constrained beta: 7.949934959411621
Constrained gamma: 39.633506774902344
(1, 13)
(1, 0)
data before
[0.00000000e+00 0.00000000e+00 0.00000000e+00 0.00000000e+00
 0.00000000e+00 0.00000000e+00 0.00000000e+00 0.00000000e+00
 0.00000000e+00 0.00000000e+00 0.00000000e+00 0.00000000e+00
 0.00000000e+00 0.00000000e+00 0.00000000e+00 0.00000000e+00
 0.00000000e+00 0.00000000e+00 0.00000000e+00 0.00000000e+00
 1.80517835e+01 2.07632676e+01 2.30329748e+01 2.51617763e+01
 2.68727937e+01 2.73842364e+01 2.71430290e+01 2.57755067e+01
 2.31704766e+01 1.97758501e+01 1.56585616e+01 1.13483475e+01
 7.49556649e+00 4.31283055e+00 2.04278166e+00 7.12621147e-01
 1.76482867e-01 3.78573093e-02 6.18315992e-05 0.00000000e+00
 0.00000000e+00]
7
data after
[38.81505105834603, 23.03297475747764, 25.16177631636441, 26.872793663014768, 27.38423643448949, 27.14302900591314, 25.775506665709017, 23.17047660264835, 35.43441172671609, 26.126549325949988]
8
data,sig_tot
[38.81505106 23.03297476 25.16177632 26.87279366 27.38423643 27.14302901
 25.77550667 23.1704766  35.43441173 26.12654933 24.0011234  20.59460912
 24.0471772 ]
[38.81505106 23.03297476 25.16177632 26.87279366 27.38423643 27.14302901
 25.77550667 23.1704766  35.43441173 26.12654933 24.0011234  20.59460912
 24.0471772 ]
4.216674569128419 5.284111745078697 84.93931124247487
val isze = 0
idinces = [ 6  9  5  3  8  0  1 10  4  2 12  7 11]
training loss = 11.1884765625 500
training loss = 10.596835136413574 1000
training loss = 10.513026237487793 1500
training loss = 10.420157432556152 2000
training loss = 10.28402042388916 2500
training loss = 10.073169708251953 3000
training loss = 9.71964168548584 3500
training loss = 9.048348426818848 4000
training loss = 7.422694206237793 4500
training loss = 3.218731641769409 5000
(1, 13)
(1, 0)
data before
[0.00000000e+00 0.00000000e+00 0.00000000e+00 0.00000000e+00
 0.00000000e+00 0.00000000e+00 0.00000000e+00 0.00000000e+00
 0.00000000e+00 0.00000000e+00 0.00000000e+00 0.00000000e+00
 0.00000000e+00 0.00000000e+00 0.00000000e+00 0.00000000e+00
 0.00000000e+00 0.00000000e+00 0.00000000e+00 0.00000000e+00
 1.80517835e+01 2.07632676e+01 2.30329748e+01 2.51617763e+01
 2.68727937e+01 2.73842364e+01 2.71430290e+01 2.57755067e+01
 2.31704766e+01 1.97758501e+01 1.56585616e+01 1.13483475e+01
 7.49556649e+00 4.31283055e+00 2.04278166e+00 7.12621147e-01
 1.76482867e-01 3.78573093e-02 6.18315992e-05 0.00000000e+00
 0.00000000e+00]
7
data after
[38.81505105834603, 23.03297475747764, 25.16177631636441, 26.872793663014768, 27.38423643448949, 27.14302900591314, 25.775506665709017, 23.17047660264835, 35.43441172671609, 26.126549325949988]
8
data,sig_tot
[38.81505106 23.03297476 25.16177632 26.87279366 27.38423643 27.14302901
 25.77550667 23.1704766  35.43441173 26.12654933 24.0011234  20.59460912
 24.0471772 ]
[38.81505106 23.03297476 25.16177632 26.87279366 27.38423643 27.14302901
 25.77550667 23.1704766  35.43441173 26.12654933 24.0011234  20.59460912
 24.0471772 ]
4.102879275048105 0.24053084424572768 10.518790242139897
val isze = 0
idinces = [ 4  9  0  7 11  6  2 12  1  8  5  3 10]
training loss = 1.1878336668014526 500
training loss = 1.1034883260726929 1000
training loss = 1.0702385902404785 1500
training loss = 1.0477972030639648 2000
training loss = 1.023108959197998 2500
training loss = 0.9947109818458557 3000
training loss = 0.9628291726112366 3500
training loss = 0.9280533194541931 4000
training loss = 0.8914093971252441 4500
training loss = 0.8543362617492676 5000
reduced chi^2 level 2 = 0.8542627692222595
Constrained alpha: 3.4931447505950928
Constrained beta: 1.0947734117507935
Constrained gamma: 9.284096717834473
(1, 13)
(1, 0)
data before
[0.00000000e+00 0.00000000e+00 0.00000000e+00 0.00000000e+00
 0.00000000e+00 0.00000000e+00 0.00000000e+00 0.00000000e+00
 0.00000000e+00 0.00000000e+00 0.00000000e+00 0.00000000e+00
 0.00000000e+00 0.00000000e+00 0.00000000e+00 0.00000000e+00
 0.00000000e+00 0.00000000e+00 0.00000000e+00 0.00000000e+00
 1.80517835e+01 2.07632676e+01 2.30329748e+01 2.51617763e+01
 2.68727937e+01 2.73842364e+01 2.71430290e+01 2.57755067e+01
 2.31704766e+01 1.97758501e+01 1.56585616e+01 1.13483475e+01
 7.49556649e+00 4.31283055e+00 2.04278166e+00 7.12621147e-01
 1.76482867e-01 3.78573093e-02 6.18315992e-05 0.00000000e+00
 0.00000000e+00]
7
data after
[38.81505105834603, 23.03297475747764, 25.16177631636441, 26.872793663014768, 27.38423643448949, 27.14302900591314, 25.775506665709017, 23.17047660264835, 35.43441172671609, 26.126549325949988]
8
data,sig_tot
[38.81505106 23.03297476 25.16177632 26.87279366 27.38423643 27.14302901
 25.77550667 23.1704766  35.43441173 26.12654933 24.0011234  20.59460912
 24.0471772 ]
[38.81505106 23.03297476 25.16177632 26.87279366 27.38423643 27.14302901
 25.77550667 23.1704766  35.43441173 26.12654933 24.0011234  20.59460912
 24.0471772 ]
0.8346882690166602 0.5481719933156137 75.45225443200798
val isze = 0
idinces = [ 6  1 12  3  8  7  4 10  9 11  2  5  0]
training loss = 0.680759072303772 500
reduced chi^2 level 2 = 0.6810295581817627
Constrained alpha: 2.903289794921875
Constrained beta: 1.9342527389526367
Constrained gamma: 52.66547775268555
(1, 13)
(1, 0)
data before
[0.00000000e+00 0.00000000e+00 0.00000000e+00 0.00000000e+00
 0.00000000e+00 0.00000000e+00 0.00000000e+00 0.00000000e+00
 0.00000000e+00 0.00000000e+00 0.00000000e+00 0.00000000e+00
 0.00000000e+00 0.00000000e+00 0.00000000e+00 0.00000000e+00
 0.00000000e+00 0.00000000e+00 0.00000000e+00 0.00000000e+00
 1.80517835e+01 2.07632676e+01 2.30329748e+01 2.51617763e+01
 2.68727937e+01 2.73842364e+01 2.71430290e+01 2.57755067e+01
 2.31704766e+01 1.97758501e+01 1.56585616e+01 1.13483475e+01
 7.49556649e+00 4.31283055e+00 2.04278166e+00 7.12621147e-01
 1.76482867e-01 3.78573093e-02 6.18315992e-05 0.00000000e+00
 0.00000000e+00]
7
data after
[38.81505105834603, 23.03297475747764, 25.16177631636441, 26.872793663014768, 27.38423643448949, 27.14302900591314, 25.775506665709017, 23.17047660264835, 35.43441172671609, 26.126549325949988]
8
data,sig_tot
[38.81505106 23.03297476 25.16177632 26.87279366 27.38423643 27.14302901
 25.77550667 23.1704766  35.43441173 26.12654933 24.0011234  20.59460912
 24.0471772 ]
[38.81505106 23.03297476 25.16177632 26.87279366 27.38423643 27.14302901
 25.77550667 23.1704766  35.43441173 26.12654933 24.0011234  20.59460912
 24.0471772 ]
1.2498575274581647 1.3624583008124458 95.08339094782278
val isze = 0
idinces = [ 1  4 12 11  0  3  2  8  7 10  5  6  9]
training loss = 0.4998198449611664 500
training loss = 0.4934999346733093 1000
training loss = 0.49115315079689026 1500
training loss = 0.500036895275116 2000
training loss = 0.4930553138256073 2500
training loss = 0.4944079518318176 3000
training loss = 0.48964205384254456 3500
training loss = 0.4896506667137146 4000
reduced chi^2 level 2 = 0.48966705799102783
Constrained alpha: 3.1716694831848145
Constrained beta: 1.776607632637024
Constrained gamma: 10.30121898651123
(1, 13)
(1, 0)
data before
[0.00000000e+00 0.00000000e+00 0.00000000e+00 0.00000000e+00
 0.00000000e+00 0.00000000e+00 0.00000000e+00 0.00000000e+00
 0.00000000e+00 0.00000000e+00 0.00000000e+00 0.00000000e+00
 0.00000000e+00 0.00000000e+00 0.00000000e+00 0.00000000e+00
 0.00000000e+00 0.00000000e+00 0.00000000e+00 0.00000000e+00
 1.80517835e+01 2.07632676e+01 2.30329748e+01 2.51617763e+01
 2.68727937e+01 2.73842364e+01 2.71430290e+01 2.57755067e+01
 2.31704766e+01 1.97758501e+01 1.56585616e+01 1.13483475e+01
 7.49556649e+00 4.31283055e+00 2.04278166e+00 7.12621147e-01
 1.76482867e-01 3.78573093e-02 6.18315992e-05 0.00000000e+00
 0.00000000e+00]
7
data after
[38.81505105834603, 23.03297475747764, 25.16177631636441, 26.872793663014768, 27.38423643448949, 27.14302900591314, 25.775506665709017, 23.17047660264835, 35.43441172671609, 26.126549325949988]
8
data,sig_tot
[38.81505106 23.03297476 25.16177632 26.87279366 27.38423643 27.14302901
 25.77550667 23.1704766  35.43441173 26.12654933 24.0011234  20.59460912
 24.0471772 ]
[38.81505106 23.03297476 25.16177632 26.87279366 27.38423643 27.14302901
 25.77550667 23.1704766  35.43441173 26.12654933 24.0011234  20.59460912
 24.0471772 ]
1.7568163666964132 17.574674941579453 82.2443287156163
val isze = 0
idinces = [ 0  1  2  6  3 10  9  5  4  8 12  7 11]
training loss = 1.4278162717819214 500
training loss = 0.6760421991348267 1000
training loss = 0.5829686522483826 1500
reduced chi^2 level 2 = 0.5835992097854614
Constrained alpha: 3.1868817806243896
Constrained beta: 2.683476209640503
Constrained gamma: 38.8693733215332
(1, 13)
(1, 0)
data before
[0.00000000e+00 0.00000000e+00 0.00000000e+00 0.00000000e+00
 0.00000000e+00 0.00000000e+00 0.00000000e+00 0.00000000e+00
 0.00000000e+00 0.00000000e+00 0.00000000e+00 0.00000000e+00
 0.00000000e+00 0.00000000e+00 0.00000000e+00 0.00000000e+00
 0.00000000e+00 0.00000000e+00 0.00000000e+00 0.00000000e+00
 1.80517835e+01 2.07632676e+01 2.30329748e+01 2.51617763e+01
 2.68727937e+01 2.73842364e+01 2.71430290e+01 2.57755067e+01
 2.31704766e+01 1.97758501e+01 1.56585616e+01 1.13483475e+01
 7.49556649e+00 4.31283055e+00 2.04278166e+00 7.12621147e-01
 1.76482867e-01 3.78573093e-02 6.18315992e-05 0.00000000e+00
 0.00000000e+00]
7
data after
[38.81505105834603, 23.03297475747764, 25.16177631636441, 26.872793663014768, 27.38423643448949, 27.14302900591314, 25.775506665709017, 23.17047660264835, 35.43441172671609, 26.126549325949988]
8
data,sig_tot
[38.81505106 23.03297476 25.16177632 26.87279366 27.38423643 27.14302901
 25.77550667 23.1704766  35.43441173 26.12654933 24.0011234  20.59460912
 24.0471772 ]
[38.81505106 23.03297476 25.16177632 26.87279366 27.38423643 27.14302901
 25.77550667 23.1704766  35.43441173 26.12654933 24.0011234  20.59460912
 24.0471772 ]
2.7713052530464433 17.372464520607302 15.180058883845959
val isze = 0
idinces = [ 7  5  1  9  3 12  0 10  2  8  4  6 11]
training loss = 1.2128612995147705 500
training loss = 1.1073051691055298 1000
reduced chi^2 level 2 = 1.1218931674957275
Constrained alpha: 2.5712051391601562
Constrained beta: 4.3073625564575195
Constrained gamma: 2.115103244781494
(1, 13)
(1, 0)
data before
[0.00000000e+00 0.00000000e+00 0.00000000e+00 0.00000000e+00
 0.00000000e+00 0.00000000e+00 0.00000000e+00 0.00000000e+00
 0.00000000e+00 0.00000000e+00 0.00000000e+00 0.00000000e+00
 0.00000000e+00 0.00000000e+00 0.00000000e+00 0.00000000e+00
 0.00000000e+00 0.00000000e+00 0.00000000e+00 0.00000000e+00
 1.80517835e+01 2.07632676e+01 2.30329748e+01 2.51617763e+01
 2.68727937e+01 2.73842364e+01 2.71430290e+01 2.57755067e+01
 2.31704766e+01 1.97758501e+01 1.56585616e+01 1.13483475e+01
 7.49556649e+00 4.31283055e+00 2.04278166e+00 7.12621147e-01
 1.76482867e-01 3.78573093e-02 6.18315992e-05 0.00000000e+00
 0.00000000e+00]
7
data after
[38.81505105834603, 23.03297475747764, 25.16177631636441, 26.872793663014768, 27.38423643448949, 27.14302900591314, 25.775506665709017, 23.17047660264835, 35.43441172671609, 26.126549325949988]
8
data,sig_tot
[38.81505106 23.03297476 25.16177632 26.87279366 27.38423643 27.14302901
 25.77550667 23.1704766  35.43441173 26.12654933 24.0011234  20.59460912
 24.0471772 ]
[38.81505106 23.03297476 25.16177632 26.87279366 27.38423643 27.14302901
 25.77550667 23.1704766  35.43441173 26.12654933 24.0011234  20.59460912
 24.0471772 ]
0.23236489052272213 4.057278678525352 88.95715301229029
val isze = 0
idinces = [ 8  2  3  7  5 10 11  0 12  9  6  4  1]
reduced chi^2 level 2 = 0.6353734135627747
Constrained alpha: 2.5870487689971924
Constrained beta: 5.245363712310791
Constrained gamma: 77.01603698730469
(1, 13)
(1, 0)
data before
[0.00000000e+00 0.00000000e+00 0.00000000e+00 0.00000000e+00
 0.00000000e+00 0.00000000e+00 0.00000000e+00 0.00000000e+00
 0.00000000e+00 0.00000000e+00 0.00000000e+00 0.00000000e+00
 0.00000000e+00 0.00000000e+00 0.00000000e+00 0.00000000e+00
 0.00000000e+00 0.00000000e+00 0.00000000e+00 0.00000000e+00
 1.80517835e+01 2.07632676e+01 2.30329748e+01 2.51617763e+01
 2.68727937e+01 2.73842364e+01 2.71430290e+01 2.57755067e+01
 2.31704766e+01 1.97758501e+01 1.56585616e+01 1.13483475e+01
 7.49556649e+00 4.31283055e+00 2.04278166e+00 7.12621147e-01
 1.76482867e-01 3.78573093e-02 6.18315992e-05 0.00000000e+00
 0.00000000e+00]
7
data after
[38.81505105834603, 23.03297475747764, 25.16177631636441, 26.872793663014768, 27.38423643448949, 27.14302900591314, 25.775506665709017, 23.17047660264835, 35.43441172671609, 26.126549325949988]
8
data,sig_tot
[38.81505106 23.03297476 25.16177632 26.87279366 27.38423643 27.14302901
 25.77550667 23.1704766  35.43441173 26.12654933 24.0011234  20.59460912
 24.0471772 ]
[38.81505106 23.03297476 25.16177632 26.87279366 27.38423643 27.14302901
 25.77550667 23.1704766  35.43441173 26.12654933 24.0011234  20.59460912
 24.0471772 ]
4.729645311140725 0.7981117773801727 59.06257689403937
val isze = 0
idinces = [ 2  8  9  5  6  3  7 10 12  0  1 11  4]
(1, 13)
(1, 0)
data before
[0.00000000e+00 0.00000000e+00 0.00000000e+00 0.00000000e+00
 0.00000000e+00 0.00000000e+00 0.00000000e+00 0.00000000e+00
 0.00000000e+00 0.00000000e+00 0.00000000e+00 0.00000000e+00
 0.00000000e+00 0.00000000e+00 0.00000000e+00 0.00000000e+00
 0.00000000e+00 0.00000000e+00 0.00000000e+00 0.00000000e+00
 1.80517835e+01 2.07632676e+01 2.30329748e+01 2.51617763e+01
 2.68727937e+01 2.73842364e+01 2.71430290e+01 2.57755067e+01
 2.31704766e+01 1.97758501e+01 1.56585616e+01 1.13483475e+01
 7.49556649e+00 4.31283055e+00 2.04278166e+00 7.12621147e-01
 1.76482867e-01 3.78573093e-02 6.18315992e-05 0.00000000e+00
 0.00000000e+00]
7
data after
[38.81505105834603, 23.03297475747764, 25.16177631636441, 26.872793663014768, 27.38423643448949, 27.14302900591314, 25.775506665709017, 23.17047660264835, 35.43441172671609, 26.126549325949988]
8
data,sig_tot
[38.81505106 23.03297476 25.16177632 26.87279366 27.38423643 27.14302901
 25.77550667 23.1704766  35.43441173 26.12654933 24.0011234  20.59460912
 24.0471772 ]
[38.81505106 23.03297476 25.16177632 26.87279366 27.38423643 27.14302901
 25.77550667 23.1704766  35.43441173 26.12654933 24.0011234  20.59460912
 24.0471772 ]
0.5139118394639414 2.4517914791203 90.96534260685145
val isze = 0
idinces = [ 3  1 11  4  9  8  6  5  2  7 12 10  0]
reduced chi^2 level 2 = 0.8078474402427673
Constrained alpha: 2.7461445331573486
Constrained beta: 3.892427444458008
Constrained gamma: 78.86078643798828
(1, 13)
(1, 0)
data before
[0.00000000e+00 0.00000000e+00 0.00000000e+00 0.00000000e+00
 0.00000000e+00 0.00000000e+00 0.00000000e+00 0.00000000e+00
 0.00000000e+00 0.00000000e+00 0.00000000e+00 0.00000000e+00
 0.00000000e+00 0.00000000e+00 0.00000000e+00 0.00000000e+00
 0.00000000e+00 0.00000000e+00 0.00000000e+00 0.00000000e+00
 1.80517835e+01 2.07632676e+01 2.30329748e+01 2.51617763e+01
 2.68727937e+01 2.73842364e+01 2.71430290e+01 2.57755067e+01
 2.31704766e+01 1.97758501e+01 1.56585616e+01 1.13483475e+01
 7.49556649e+00 4.31283055e+00 2.04278166e+00 7.12621147e-01
 1.76482867e-01 3.78573093e-02 6.18315992e-05 0.00000000e+00
 0.00000000e+00]
7
data after
[38.81505105834603, 23.03297475747764, 25.16177631636441, 26.872793663014768, 27.38423643448949, 27.14302900591314, 25.775506665709017, 23.17047660264835, 35.43441172671609, 26.126549325949988]
8
data,sig_tot
[38.81505106 23.03297476 25.16177632 26.87279366 27.38423643 27.14302901
 25.77550667 23.1704766  35.43441173 26.12654933 24.0011234  20.59460912
 24.0471772 ]
[38.81505106 23.03297476 25.16177632 26.87279366 27.38423643 27.14302901
 25.77550667 23.1704766  35.43441173 26.12654933 24.0011234  20.59460912
 24.0471772 ]
3.2341255176003214 9.743378162886076 73.66359985053792
val isze = 0
idinces = [12  4  8  0 11  9  7  5 10  2  3  1  6]
training loss = 0.6084041595458984 500
training loss = 0.5874347686767578 1000
training loss = 0.5785972476005554 1500
training loss = 0.5791231393814087 2000
reduced chi^2 level 2 = 0.579173743724823
Constrained alpha: 2.755007743835449
Constrained beta: 3.914942741394043
Constrained gamma: 28.016277313232422
(1, 13)
(1, 0)
data before
[0.00000000e+00 0.00000000e+00 0.00000000e+00 0.00000000e+00
 0.00000000e+00 0.00000000e+00 0.00000000e+00 0.00000000e+00
 0.00000000e+00 0.00000000e+00 0.00000000e+00 0.00000000e+00
 0.00000000e+00 0.00000000e+00 0.00000000e+00 0.00000000e+00
 0.00000000e+00 0.00000000e+00 0.00000000e+00 0.00000000e+00
 1.80517835e+01 2.07632676e+01 2.30329748e+01 2.51617763e+01
 2.68727937e+01 2.73842364e+01 2.71430290e+01 2.57755067e+01
 2.31704766e+01 1.97758501e+01 1.56585616e+01 1.13483475e+01
 7.49556649e+00 4.31283055e+00 2.04278166e+00 7.12621147e-01
 1.76482867e-01 3.78573093e-02 6.18315992e-05 0.00000000e+00
 0.00000000e+00]
7
data after
[38.81505105834603, 23.03297475747764, 25.16177631636441, 26.872793663014768, 27.38423643448949, 27.14302900591314, 25.775506665709017, 23.17047660264835, 35.43441172671609, 26.126549325949988]
8
data,sig_tot
[38.81505106 23.03297476 25.16177632 26.87279366 27.38423643 27.14302901
 25.77550667 23.1704766  35.43441173 26.12654933 24.0011234  20.59460912
 24.0471772 ]
[38.81505106 23.03297476 25.16177632 26.87279366 27.38423643 27.14302901
 25.77550667 23.1704766  35.43441173 26.12654933 24.0011234  20.59460912
 24.0471772 ]
1.5920788974853823 0.9625471004017117 44.78086010345237
val isze = 0
idinces = [ 5  3  2  9  0  8 10  4  6 11 12  7  1]
training loss = 0.8658751845359802 500
reduced chi^2 level 2 = 0.8631819486618042
Constrained alpha: 3.072327136993408
Constrained beta: 1.9058637619018555
Constrained gamma: 21.131555557250977
(1, 13)
(1, 0)
data before
[0.00000000e+00 0.00000000e+00 0.00000000e+00 0.00000000e+00
 0.00000000e+00 0.00000000e+00 0.00000000e+00 0.00000000e+00
 0.00000000e+00 0.00000000e+00 0.00000000e+00 0.00000000e+00
 0.00000000e+00 0.00000000e+00 0.00000000e+00 0.00000000e+00
 0.00000000e+00 0.00000000e+00 0.00000000e+00 0.00000000e+00
 1.80517835e+01 2.07632676e+01 2.30329748e+01 2.51617763e+01
 2.68727937e+01 2.73842364e+01 2.71430290e+01 2.57755067e+01
 2.31704766e+01 1.97758501e+01 1.56585616e+01 1.13483475e+01
 7.49556649e+00 4.31283055e+00 2.04278166e+00 7.12621147e-01
 1.76482867e-01 3.78573093e-02 6.18315992e-05 0.00000000e+00
 0.00000000e+00]
7
data after
[38.81505105834603, 23.03297475747764, 25.16177631636441, 26.872793663014768, 27.38423643448949, 27.14302900591314, 25.775506665709017, 23.17047660264835, 35.43441172671609, 26.126549325949988]
8
data,sig_tot
[38.81505106 23.03297476 25.16177632 26.87279366 27.38423643 27.14302901
 25.77550667 23.1704766  35.43441173 26.12654933 24.0011234  20.59460912
 24.0471772 ]
[38.81505106 23.03297476 25.16177632 26.87279366 27.38423643 27.14302901
 25.77550667 23.1704766  35.43441173 26.12654933 24.0011234  20.59460912
 24.0471772 ]
2.7189250242838052 5.1242150221318905 95.7025963344257
val isze = 0
idinces = [10 11  9  4  2  3 12  1  6  7  0  5  8]
training loss = 0.9139812588691711 500
training loss = 0.8933024406433105 1000
reduced chi^2 level 2 = 0.8946048617362976
Constrained alpha: 2.921872854232788
Constrained beta: 3.091851234436035
Constrained gamma: 62.29937744140625
(1, 13)
(1, 0)
data before
[0.00000000e+00 0.00000000e+00 0.00000000e+00 0.00000000e+00
 0.00000000e+00 0.00000000e+00 0.00000000e+00 0.00000000e+00
 0.00000000e+00 0.00000000e+00 0.00000000e+00 0.00000000e+00
 0.00000000e+00 0.00000000e+00 0.00000000e+00 0.00000000e+00
 0.00000000e+00 0.00000000e+00 0.00000000e+00 0.00000000e+00
 1.80517835e+01 2.07632676e+01 2.30329748e+01 2.51617763e+01
 2.68727937e+01 2.73842364e+01 2.71430290e+01 2.57755067e+01
 2.31704766e+01 1.97758501e+01 1.56585616e+01 1.13483475e+01
 7.49556649e+00 4.31283055e+00 2.04278166e+00 7.12621147e-01
 1.76482867e-01 3.78573093e-02 6.18315992e-05 0.00000000e+00
 0.00000000e+00]
7
data after
[38.81505105834603, 23.03297475747764, 25.16177631636441, 26.872793663014768, 27.38423643448949, 27.14302900591314, 25.775506665709017, 23.17047660264835, 35.43441172671609, 26.126549325949988]
8
data,sig_tot
[38.81505106 23.03297476 25.16177632 26.87279366 27.38423643 27.14302901
 25.77550667 23.1704766  35.43441173 26.12654933 24.0011234  20.59460912
 24.0471772 ]
[38.81505106 23.03297476 25.16177632 26.87279366 27.38423643 27.14302901
 25.77550667 23.1704766  35.43441173 26.12654933 24.0011234  20.59460912
 24.0471772 ]
2.6195016058507665 5.846111873502309 33.56573795713578
val isze = 0
idinces = [ 6 11  7  1  9  5  4  3 12 10  8  0  2]
training loss = 0.8440375924110413 500
training loss = 0.8321537971496582 1000
reduced chi^2 level 2 = 0.832221269607544
Constrained alpha: 3.2731096744537354
Constrained beta: 1.8392853736877441
Constrained gamma: 10.192188262939453
(1, 13)
(1, 0)
data before
[0.00000000e+00 0.00000000e+00 0.00000000e+00 0.00000000e+00
 0.00000000e+00 0.00000000e+00 0.00000000e+00 0.00000000e+00
 0.00000000e+00 0.00000000e+00 0.00000000e+00 0.00000000e+00
 0.00000000e+00 0.00000000e+00 0.00000000e+00 0.00000000e+00
 0.00000000e+00 0.00000000e+00 0.00000000e+00 0.00000000e+00
 1.80517835e+01 2.07632676e+01 2.30329748e+01 2.51617763e+01
 2.68727937e+01 2.73842364e+01 2.71430290e+01 2.57755067e+01
 2.31704766e+01 1.97758501e+01 1.56585616e+01 1.13483475e+01
 7.49556649e+00 4.31283055e+00 2.04278166e+00 7.12621147e-01
 1.76482867e-01 3.78573093e-02 6.18315992e-05 0.00000000e+00
 0.00000000e+00]
7
data after
[38.81505105834603, 23.03297475747764, 25.16177631636441, 26.872793663014768, 27.38423643448949, 27.14302900591314, 25.775506665709017, 23.17047660264835, 35.43441172671609, 26.126549325949988]
8
data,sig_tot
[38.81505106 23.03297476 25.16177632 26.87279366 27.38423643 27.14302901
 25.77550667 23.1704766  35.43441173 26.12654933 24.0011234  20.59460912
 24.0471772 ]
[38.81505106 23.03297476 25.16177632 26.87279366 27.38423643 27.14302901
 25.77550667 23.1704766  35.43441173 26.12654933 24.0011234  20.59460912
 24.0471772 ]
1.2393330596283554 12.410120562681266 76.35621439600988
val isze = 0
idinces = [ 9  3  8 10 12  6  0  2  5 11  7  4  1]
training loss = 2.6347522735595703 500
training loss = 1.1172879934310913 1000
training loss = 1.1027472019195557 1500
training loss = 1.1018331050872803 2000
reduced chi^2 level 2 = 1.1022390127182007
Constrained alpha: 3.8212528228759766
Constrained beta: 0.7156374454498291
Constrained gamma: 25.022903442382812
(1, 13)
(1, 0)
data before
[0.00000000e+00 0.00000000e+00 0.00000000e+00 0.00000000e+00
 0.00000000e+00 0.00000000e+00 0.00000000e+00 0.00000000e+00
 0.00000000e+00 0.00000000e+00 0.00000000e+00 0.00000000e+00
 0.00000000e+00 0.00000000e+00 0.00000000e+00 0.00000000e+00
 0.00000000e+00 0.00000000e+00 0.00000000e+00 0.00000000e+00
 1.80517835e+01 2.07632676e+01 2.30329748e+01 2.51617763e+01
 2.68727937e+01 2.73842364e+01 2.71430290e+01 2.57755067e+01
 2.31704766e+01 1.97758501e+01 1.56585616e+01 1.13483475e+01
 7.49556649e+00 4.31283055e+00 2.04278166e+00 7.12621147e-01
 1.76482867e-01 3.78573093e-02 6.18315992e-05 0.00000000e+00
 0.00000000e+00]
7
data after
[38.81505105834603, 23.03297475747764, 25.16177631636441, 26.872793663014768, 27.38423643448949, 27.14302900591314, 25.775506665709017, 23.17047660264835, 35.43441172671609, 26.126549325949988]
8
data,sig_tot
[38.81505106 23.03297476 25.16177632 26.87279366 27.38423643 27.14302901
 25.77550667 23.1704766  35.43441173 26.12654933 24.0011234  20.59460912
 24.0471772 ]
[38.81505106 23.03297476 25.16177632 26.87279366 27.38423643 27.14302901
 25.77550667 23.1704766  35.43441173 26.12654933 24.0011234  20.59460912
 24.0471772 ]
4.882879303140094 6.364288100746254 50.80400358666579
val isze = 0
idinces = [12  4 10  3  6 11  0  2  5  8  1  9  7]
training loss = 111.09841918945312 500
training loss = 28.865121841430664 1000
training loss = 16.116390228271484 1500
training loss = 13.027424812316895 2000
training loss = 12.175286293029785 2500
training loss = 11.93862247467041 3000
training loss = 11.869711875915527 3500
training loss = 11.837523460388184 4000
training loss = 11.810779571533203 4500
training loss = 11.783011436462402 5000
(1, 13)
(1, 0)
data before
[0.00000000e+00 0.00000000e+00 0.00000000e+00 0.00000000e+00
 0.00000000e+00 0.00000000e+00 0.00000000e+00 0.00000000e+00
 0.00000000e+00 0.00000000e+00 0.00000000e+00 0.00000000e+00
 0.00000000e+00 0.00000000e+00 0.00000000e+00 0.00000000e+00
 0.00000000e+00 0.00000000e+00 0.00000000e+00 0.00000000e+00
 1.80517835e+01 2.07632676e+01 2.30329748e+01 2.51617763e+01
 2.68727937e+01 2.73842364e+01 2.71430290e+01 2.57755067e+01
 2.31704766e+01 1.97758501e+01 1.56585616e+01 1.13483475e+01
 7.49556649e+00 4.31283055e+00 2.04278166e+00 7.12621147e-01
 1.76482867e-01 3.78573093e-02 6.18315992e-05 0.00000000e+00
 0.00000000e+00]
7
data after
[38.81505105834603, 23.03297475747764, 25.16177631636441, 26.872793663014768, 27.38423643448949, 27.14302900591314, 25.775506665709017, 23.17047660264835, 35.43441172671609, 26.126549325949988]
8
data,sig_tot
[38.81505106 23.03297476 25.16177632 26.87279366 27.38423643 27.14302901
 25.77550667 23.1704766  35.43441173 26.12654933 24.0011234  20.59460912
 24.0471772 ]
[38.81505106 23.03297476 25.16177632 26.87279366 27.38423643 27.14302901
 25.77550667 23.1704766  35.43441173 26.12654933 24.0011234  20.59460912
 24.0471772 ]
0.34462759852044555 15.405233185314781 11.3778539559389
val isze = 0
idinces = [12  1  2  0 11  5  4  8  6  3  7 10  9]
training loss = 2.03918719291687 500
training loss = 1.0465091466903687 1000
training loss = 1.029611587524414 1500
reduced chi^2 level 2 = 1.0296038389205933
Constrained alpha: 3.5052993297576904
Constrained beta: 1.0699323415756226
Constrained gamma: 1.2901519536972046
(1, 13)
(1, 0)
data before
[0.00000000e+00 0.00000000e+00 0.00000000e+00 0.00000000e+00
 0.00000000e+00 0.00000000e+00 0.00000000e+00 0.00000000e+00
 0.00000000e+00 0.00000000e+00 0.00000000e+00 0.00000000e+00
 0.00000000e+00 0.00000000e+00 0.00000000e+00 0.00000000e+00
 0.00000000e+00 0.00000000e+00 0.00000000e+00 0.00000000e+00
 1.80517835e+01 2.07632676e+01 2.30329748e+01 2.51617763e+01
 2.68727937e+01 2.73842364e+01 2.71430290e+01 2.57755067e+01
 2.31704766e+01 1.97758501e+01 1.56585616e+01 1.13483475e+01
 7.49556649e+00 4.31283055e+00 2.04278166e+00 7.12621147e-01
 1.76482867e-01 3.78573093e-02 6.18315992e-05 0.00000000e+00
 0.00000000e+00]
7
data after
[38.81505105834603, 23.03297475747764, 25.16177631636441, 26.872793663014768, 27.38423643448949, 27.14302900591314, 25.775506665709017, 23.17047660264835, 35.43441172671609, 26.126549325949988]
8
data,sig_tot
[38.81505106 23.03297476 25.16177632 26.87279366 27.38423643 27.14302901
 25.77550667 23.1704766  35.43441173 26.12654933 24.0011234  20.59460912
 24.0471772 ]
[38.81505106 23.03297476 25.16177632 26.87279366 27.38423643 27.14302901
 25.77550667 23.1704766  35.43441173 26.12654933 24.0011234  20.59460912
 24.0471772 ]
0.3408261104166266 15.944750526066922 95.67746440683045
val isze = 0
idinces = [ 9 11  5  2  4  3  1 12  8  7 10  6  0]
training loss = 1.1156773567199707 500
training loss = 0.6929069757461548 1000
training loss = 0.6457254886627197 1500
reduced chi^2 level 2 = 0.6483345031738281
Constrained alpha: 2.8912370204925537
Constrained beta: 4.018185615539551
Constrained gamma: 52.582977294921875
(1, 13)
(1, 0)
data before
[0.00000000e+00 0.00000000e+00 0.00000000e+00 0.00000000e+00
 0.00000000e+00 0.00000000e+00 0.00000000e+00 0.00000000e+00
 0.00000000e+00 0.00000000e+00 0.00000000e+00 0.00000000e+00
 0.00000000e+00 0.00000000e+00 0.00000000e+00 0.00000000e+00
 0.00000000e+00 0.00000000e+00 0.00000000e+00 0.00000000e+00
 1.80517835e+01 2.07632676e+01 2.30329748e+01 2.51617763e+01
 2.68727937e+01 2.73842364e+01 2.71430290e+01 2.57755067e+01
 2.31704766e+01 1.97758501e+01 1.56585616e+01 1.13483475e+01
 7.49556649e+00 4.31283055e+00 2.04278166e+00 7.12621147e-01
 1.76482867e-01 3.78573093e-02 6.18315992e-05 0.00000000e+00
 0.00000000e+00]
7
data after
[38.81505105834603, 23.03297475747764, 25.16177631636441, 26.872793663014768, 27.38423643448949, 27.14302900591314, 25.775506665709017, 23.17047660264835, 35.43441172671609, 26.126549325949988]
8
data,sig_tot
[38.81505106 23.03297476 25.16177632 26.87279366 27.38423643 27.14302901
 25.77550667 23.1704766  35.43441173 26.12654933 24.0011234  20.59460912
 24.0471772 ]
[38.81505106 23.03297476 25.16177632 26.87279366 27.38423643 27.14302901
 25.77550667 23.1704766  35.43441173 26.12654933 24.0011234  20.59460912
 24.0471772 ]
2.8909597386887054 3.5727020722961744 31.32407692031881
val isze = 0
idinces = [ 1  5  2 11  7  8  4 12  6  0  9  3 10]
training loss = 0.39251357316970825 500
training loss = 0.3897864520549774 1000
reduced chi^2 level 2 = 0.3912813365459442
Constrained alpha: 3.0672316551208496
Constrained beta: 2.8417258262634277
Constrained gamma: 10.3880615234375
(1, 13)
(1, 0)
data before
[0.00000000e+00 0.00000000e+00 0.00000000e+00 0.00000000e+00
 0.00000000e+00 0.00000000e+00 0.00000000e+00 0.00000000e+00
 0.00000000e+00 0.00000000e+00 0.00000000e+00 0.00000000e+00
 0.00000000e+00 0.00000000e+00 0.00000000e+00 0.00000000e+00
 0.00000000e+00 0.00000000e+00 0.00000000e+00 0.00000000e+00
 1.80517835e+01 2.07632676e+01 2.30329748e+01 2.51617763e+01
 2.68727937e+01 2.73842364e+01 2.71430290e+01 2.57755067e+01
 2.31704766e+01 1.97758501e+01 1.56585616e+01 1.13483475e+01
 7.49556649e+00 4.31283055e+00 2.04278166e+00 7.12621147e-01
 1.76482867e-01 3.78573093e-02 6.18315992e-05 0.00000000e+00
 0.00000000e+00]
7
data after
[38.81505105834603, 23.03297475747764, 25.16177631636441, 26.872793663014768, 27.38423643448949, 27.14302900591314, 25.775506665709017, 23.17047660264835, 35.43441172671609, 26.126549325949988]
8
data,sig_tot
[38.81505106 23.03297476 25.16177632 26.87279366 27.38423643 27.14302901
 25.77550667 23.1704766  35.43441173 26.12654933 24.0011234  20.59460912
 24.0471772 ]
[38.81505106 23.03297476 25.16177632 26.87279366 27.38423643 27.14302901
 25.77550667 23.1704766  35.43441173 26.12654933 24.0011234  20.59460912
 24.0471772 ]
3.4766746635704755 10.246825907856925 54.97689195472301
val isze = 0
idinces = [ 7  4 11  1  2  5  3 12  0  9 10  6  8]
training loss = 5.812461853027344 500
training loss = 4.395133018493652 1000
training loss = 2.4565024375915527 1500
training loss = 1.151627540588379 2000
training loss = 0.9968708753585815 2500
training loss = 0.9602779150009155 3000
training loss = 0.9182533621788025 3500
training loss = 0.8743974566459656 4000
training loss = 0.8337835669517517 4500
training loss = 0.8034834265708923 5000
reduced chi^2 level 2 = 0.8034383654594421
Constrained alpha: 3.0850021839141846
Constrained beta: 2.7142207622528076
Constrained gamma: 10.460346221923828
(1, 13)
(1, 0)
data before
[0.00000000e+00 0.00000000e+00 0.00000000e+00 0.00000000e+00
 0.00000000e+00 0.00000000e+00 0.00000000e+00 0.00000000e+00
 0.00000000e+00 0.00000000e+00 0.00000000e+00 0.00000000e+00
 0.00000000e+00 0.00000000e+00 0.00000000e+00 0.00000000e+00
 0.00000000e+00 0.00000000e+00 0.00000000e+00 0.00000000e+00
 1.80517835e+01 2.07632676e+01 2.30329748e+01 2.51617763e+01
 2.68727937e+01 2.73842364e+01 2.71430290e+01 2.57755067e+01
 2.31704766e+01 1.97758501e+01 1.56585616e+01 1.13483475e+01
 7.49556649e+00 4.31283055e+00 2.04278166e+00 7.12621147e-01
 1.76482867e-01 3.78573093e-02 6.18315992e-05 0.00000000e+00
 0.00000000e+00]
7
data after
[38.81505105834603, 23.03297475747764, 25.16177631636441, 26.872793663014768, 27.38423643448949, 27.14302900591314, 25.775506665709017, 23.17047660264835, 35.43441172671609, 26.126549325949988]
8
data,sig_tot
[38.81505106 23.03297476 25.16177632 26.87279366 27.38423643 27.14302901
 25.77550667 23.1704766  35.43441173 26.12654933 24.0011234  20.59460912
 24.0471772 ]
[38.81505106 23.03297476 25.16177632 26.87279366 27.38423643 27.14302901
 25.77550667 23.1704766  35.43441173 26.12654933 24.0011234  20.59460912
 24.0471772 ]
4.779837858962802 17.159368836229053 8.41590038338278
val isze = 0
idinces = [ 1 11  5  0  6  7  8  2 10  9  4 12  3]
(1, 13)
(1, 0)
data before
[0.00000000e+00 0.00000000e+00 0.00000000e+00 0.00000000e+00
 0.00000000e+00 0.00000000e+00 0.00000000e+00 0.00000000e+00
 0.00000000e+00 0.00000000e+00 0.00000000e+00 0.00000000e+00
 0.00000000e+00 0.00000000e+00 0.00000000e+00 0.00000000e+00
 0.00000000e+00 0.00000000e+00 0.00000000e+00 0.00000000e+00
 1.80517835e+01 2.07632676e+01 2.30329748e+01 2.51617763e+01
 2.68727937e+01 2.73842364e+01 2.71430290e+01 2.57755067e+01
 2.31704766e+01 1.97758501e+01 1.56585616e+01 1.13483475e+01
 7.49556649e+00 4.31283055e+00 2.04278166e+00 7.12621147e-01
 1.76482867e-01 3.78573093e-02 6.18315992e-05 0.00000000e+00
 0.00000000e+00]
7
data after
[38.81505105834603, 23.03297475747764, 25.16177631636441, 26.872793663014768, 27.38423643448949, 27.14302900591314, 25.775506665709017, 23.17047660264835, 35.43441172671609, 26.126549325949988]
8
data,sig_tot
[38.81505106 23.03297476 25.16177632 26.87279366 27.38423643 27.14302901
 25.77550667 23.1704766  35.43441173 26.12654933 24.0011234  20.59460912
 24.0471772 ]
[38.81505106 23.03297476 25.16177632 26.87279366 27.38423643 27.14302901
 25.77550667 23.1704766  35.43441173 26.12654933 24.0011234  20.59460912
 24.0471772 ]
4.932509101242882 12.701822926299517 73.48330292513363
val isze = 0
idinces = [10  2  9  5  6 12  3  7  4  8  0 11  1]
training loss = 130.2505645751953 500
training loss = 32.91898727416992 1000
training loss = 20.230010986328125 1500
training loss = 17.276594161987305 2000
training loss = 16.447690963745117 2500
training loss = 16.211227416992188 3000
training loss = 16.144962310791016 3500
training loss = 16.12150764465332 4000
training loss = 16.104473114013672 4500
training loss = 16.085437774658203 5000
(1, 13)
(1, 0)
data before
[0.00000000e+00 0.00000000e+00 0.00000000e+00 0.00000000e+00
 0.00000000e+00 0.00000000e+00 0.00000000e+00 0.00000000e+00
 0.00000000e+00 0.00000000e+00 0.00000000e+00 0.00000000e+00
 0.00000000e+00 0.00000000e+00 0.00000000e+00 0.00000000e+00
 0.00000000e+00 0.00000000e+00 0.00000000e+00 0.00000000e+00
 1.80517835e+01 2.07632676e+01 2.30329748e+01 2.51617763e+01
 2.68727937e+01 2.73842364e+01 2.71430290e+01 2.57755067e+01
 2.31704766e+01 1.97758501e+01 1.56585616e+01 1.13483475e+01
 7.49556649e+00 4.31283055e+00 2.04278166e+00 7.12621147e-01
 1.76482867e-01 3.78573093e-02 6.18315992e-05 0.00000000e+00
 0.00000000e+00]
7
data after
[38.81505105834603, 23.03297475747764, 25.16177631636441, 26.872793663014768, 27.38423643448949, 27.14302900591314, 25.775506665709017, 23.17047660264835, 35.43441172671609, 26.126549325949988]
8
data,sig_tot
[38.81505106 23.03297476 25.16177632 26.87279366 27.38423643 27.14302901
 25.77550667 23.1704766  35.43441173 26.12654933 24.0011234  20.59460912
 24.0471772 ]
[38.81505106 23.03297476 25.16177632 26.87279366 27.38423643 27.14302901
 25.77550667 23.1704766  35.43441173 26.12654933 24.0011234  20.59460912
 24.0471772 ]
4.2670366193706535 9.365822495997605 34.79647625717867
val isze = 0
idinces = [ 8  1  4  6 11  2 10  3  7 12  0  5  9]
training loss = 15.583230972290039 500
training loss = 11.662680625915527 1000
training loss = 11.276853561401367 1500
training loss = 11.163734436035156 2000
training loss = 11.015265464782715 2500
training loss = 10.7653169631958 3000
training loss = 10.285487174987793 3500
training loss = 9.152244567871094 4000
training loss = 6.113008975982666 4500
training loss = 3.8655009269714355 5000
(1, 13)
(1, 0)
data before
[0.00000000e+00 0.00000000e+00 0.00000000e+00 0.00000000e+00
 0.00000000e+00 0.00000000e+00 0.00000000e+00 0.00000000e+00
 0.00000000e+00 0.00000000e+00 0.00000000e+00 0.00000000e+00
 0.00000000e+00 0.00000000e+00 0.00000000e+00 0.00000000e+00
 0.00000000e+00 0.00000000e+00 0.00000000e+00 0.00000000e+00
 1.80517835e+01 2.07632676e+01 2.30329748e+01 2.51617763e+01
 2.68727937e+01 2.73842364e+01 2.71430290e+01 2.57755067e+01
 2.31704766e+01 1.97758501e+01 1.56585616e+01 1.13483475e+01
 7.49556649e+00 4.31283055e+00 2.04278166e+00 7.12621147e-01
 1.76482867e-01 3.78573093e-02 6.18315992e-05 0.00000000e+00
 0.00000000e+00]
7
data after
[38.81505105834603, 23.03297475747764, 25.16177631636441, 26.872793663014768, 27.38423643448949, 27.14302900591314, 25.775506665709017, 23.17047660264835, 35.43441172671609, 26.126549325949988]
8
data,sig_tot
[38.81505106 23.03297476 25.16177632 26.87279366 27.38423643 27.14302901
 25.77550667 23.1704766  35.43441173 26.12654933 24.0011234  20.59460912
 24.0471772 ]
[38.81505106 23.03297476 25.16177632 26.87279366 27.38423643 27.14302901
 25.77550667 23.1704766  35.43441173 26.12654933 24.0011234  20.59460912
 24.0471772 ]
0.8533080907823587 11.833029246190051 88.06457792398551
val isze = 0
idinces = [ 5  6  7 12  3  4  2 10  1  0  8  9 11]
training loss = 1.870344877243042 500
training loss = 1.375936508178711 1000
training loss = 1.3572649955749512 1500
reduced chi^2 level 2 = 1.3573837280273438
Constrained alpha: 3.119009017944336
Constrained beta: 2.633925437927246
Constrained gamma: 47.2451057434082
(1, 13)
(1, 0)
data before
[0.00000000e+00 0.00000000e+00 0.00000000e+00 0.00000000e+00
 0.00000000e+00 0.00000000e+00 0.00000000e+00 0.00000000e+00
 0.00000000e+00 0.00000000e+00 0.00000000e+00 0.00000000e+00
 0.00000000e+00 0.00000000e+00 0.00000000e+00 0.00000000e+00
 0.00000000e+00 0.00000000e+00 0.00000000e+00 0.00000000e+00
 1.80517835e+01 2.07632676e+01 2.30329748e+01 2.51617763e+01
 2.68727937e+01 2.73842364e+01 2.71430290e+01 2.57755067e+01
 2.31704766e+01 1.97758501e+01 1.56585616e+01 1.13483475e+01
 7.49556649e+00 4.31283055e+00 2.04278166e+00 7.12621147e-01
 1.76482867e-01 3.78573093e-02 6.18315992e-05 0.00000000e+00
 0.00000000e+00]
7
data after
[38.81505105834603, 23.03297475747764, 25.16177631636441, 26.872793663014768, 27.38423643448949, 27.14302900591314, 25.775506665709017, 23.17047660264835, 35.43441172671609, 26.126549325949988]
8
data,sig_tot
[38.81505106 23.03297476 25.16177632 26.87279366 27.38423643 27.14302901
 25.77550667 23.1704766  35.43441173 26.12654933 24.0011234  20.59460912
 24.0471772 ]
[38.81505106 23.03297476 25.16177632 26.87279366 27.38423643 27.14302901
 25.77550667 23.1704766  35.43441173 26.12654933 24.0011234  20.59460912
 24.0471772 ]
3.567484348345569 1.1219065265027828 11.062580448450532
val isze = 0
idinces = [10  7 11  5  8  3  2  1  9  6  4 12  0]
training loss = 1.3666138648986816 500
training loss = 1.3659800291061401 1000
reduced chi^2 level 2 = 1.3660906553268433
Constrained alpha: 3.3553218841552734
Constrained beta: 1.4436362981796265
Constrained gamma: 6.436489105224609
>>>>>>> bf5bffb69ec4a318117f0a4aa6bdaab926d87e87
(1, 13)
(1, 0)
