data before
[0.00000000e+00 0.00000000e+00 0.00000000e+00 0.00000000e+00
 0.00000000e+00 0.00000000e+00 0.00000000e+00 0.00000000e+00
 0.00000000e+00 0.00000000e+00 0.00000000e+00 0.00000000e+00
 0.00000000e+00 0.00000000e+00 0.00000000e+00 0.00000000e+00
 0.00000000e+00 0.00000000e+00 0.00000000e+00 0.00000000e+00
 1.80517835e+01 2.07632676e+01 2.30329748e+01 2.51617763e+01
 2.68727937e+01 2.73842364e+01 2.71430290e+01 2.57755067e+01
 2.31704766e+01 1.97758501e+01 1.56585616e+01 1.13483475e+01
 7.49556649e+00 4.31283055e+00 2.04278166e+00 7.12621147e-01
 1.76482867e-01 3.78573093e-02 6.18315992e-05 0.00000000e+00
 0.00000000e+00]
7
data after
[38.81505105834603, 23.03297475747764, 25.16177631636441, 26.872793663014768, 27.38423643448949, 27.14302900591314, 25.775506665709017, 23.17047660264835, 35.43441172671609, 26.126549325949988]
8
data,sig_tot
[38.81505106 23.03297476 25.16177632 26.87279366 27.38423643 27.14302901
 25.77550667 23.1704766  35.43441173 26.12654933 24.0011234  20.59460912
 24.0471772 ]
[38.81505106 23.03297476 25.16177632 26.87279366 27.38423643 27.14302901
 25.77550667 23.1704766  35.43441173 26.12654933 24.0011234  20.59460912
 24.0471772 ]
<<<<<<< HEAD
2.1600936869125253 15.489805526076026 37.09806126339239
val isze = 0
idinces = [ 3  7 11  6  8  2 12  5 10  1  0  4  9]
training loss = 1.3687511682510376 500
training loss = 1.3556793928146362 1000
training loss = 1.336349368095398 1500
training loss = 1.3177558183670044 2000
reduced chi^2 level 2 = 1.3186753988265991
Constrained alpha: 2.7713043689727783
Constrained beta: 6.509171962738037
Constrained gamma: 11.898669242858887
=======
1.535777889971377 11.070906303322872 9.031567855618361
val isze = 0
idinces = [ 4  1  3  5  7  0 11  9  6 10 12  2  8]
training loss = 1.1532868146896362 500
training loss = 1.1364827156066895 1000
reduced chi^2 level 2 = 1.1428219079971313
Constrained alpha: 2.6232454776763916
Constrained beta: 4.857247829437256
Constrained gamma: 3.80912184715271
(1, 13)
(1, 0)
data before
[0.00000000e+00 0.00000000e+00 0.00000000e+00 0.00000000e+00
 0.00000000e+00 0.00000000e+00 0.00000000e+00 0.00000000e+00
 0.00000000e+00 0.00000000e+00 0.00000000e+00 0.00000000e+00
 0.00000000e+00 0.00000000e+00 0.00000000e+00 0.00000000e+00
 0.00000000e+00 0.00000000e+00 0.00000000e+00 0.00000000e+00
 1.80517835e+01 2.07632676e+01 2.30329748e+01 2.51617763e+01
 2.68727937e+01 2.73842364e+01 2.71430290e+01 2.57755067e+01
 2.31704766e+01 1.97758501e+01 1.56585616e+01 1.13483475e+01
 7.49556649e+00 4.31283055e+00 2.04278166e+00 7.12621147e-01
 1.76482867e-01 3.78573093e-02 6.18315992e-05 0.00000000e+00
 0.00000000e+00]
7
data after
[38.81505105834603, 23.03297475747764, 25.16177631636441, 26.872793663014768, 27.38423643448949, 27.14302900591314, 25.775506665709017, 23.17047660264835, 35.43441172671609, 26.126549325949988]
8
data,sig_tot
[38.81505106 23.03297476 25.16177632 26.87279366 27.38423643 27.14302901
 25.77550667 23.1704766  35.43441173 26.12654933 24.0011234  20.59460912
 24.0471772 ]
[38.81505106 23.03297476 25.16177632 26.87279366 27.38423643 27.14302901
 25.77550667 23.1704766  35.43441173 26.12654933 24.0011234  20.59460912
 24.0471772 ]
4.549561425999844 11.235478905682022 63.965888938653215
val isze = 0
idinces = [ 7  4 11  1  5  8 10  9  2  0  3 12  6]
(1, 13)
(1, 0)
data before
[0.00000000e+00 0.00000000e+00 0.00000000e+00 0.00000000e+00
 0.00000000e+00 0.00000000e+00 0.00000000e+00 0.00000000e+00
 0.00000000e+00 0.00000000e+00 0.00000000e+00 0.00000000e+00
 0.00000000e+00 0.00000000e+00 0.00000000e+00 0.00000000e+00
 0.00000000e+00 0.00000000e+00 0.00000000e+00 0.00000000e+00
 1.80517835e+01 2.07632676e+01 2.30329748e+01 2.51617763e+01
 2.68727937e+01 2.73842364e+01 2.71430290e+01 2.57755067e+01
 2.31704766e+01 1.97758501e+01 1.56585616e+01 1.13483475e+01
 7.49556649e+00 4.31283055e+00 2.04278166e+00 7.12621147e-01
 1.76482867e-01 3.78573093e-02 6.18315992e-05 0.00000000e+00
 0.00000000e+00]
7
data after
[38.81505105834603, 23.03297475747764, 25.16177631636441, 26.872793663014768, 27.38423643448949, 27.14302900591314, 25.775506665709017, 23.17047660264835, 35.43441172671609, 26.126549325949988]
8
data,sig_tot
[38.81505106 23.03297476 25.16177632 26.87279366 27.38423643 27.14302901
 25.77550667 23.1704766  35.43441173 26.12654933 24.0011234  20.59460912
 24.0471772 ]
[38.81505106 23.03297476 25.16177632 26.87279366 27.38423643 27.14302901
 25.77550667 23.1704766  35.43441173 26.12654933 24.0011234  20.59460912
 24.0471772 ]
2.268460962358912 6.135493910905585 35.92712712433701
val isze = 0
idinces = [ 0  7  8  9 12  2 10  6  3 11  1  5  4]
training loss = 0.8301073312759399 500
reduced chi^2 level 2 = 0.7921078205108643
Constrained alpha: 3.2526779174804688
Constrained beta: 1.943304181098938
Constrained gamma: 13.60226821899414
(1, 13)
(1, 0)
data before
[0.00000000e+00 0.00000000e+00 0.00000000e+00 0.00000000e+00
 0.00000000e+00 0.00000000e+00 0.00000000e+00 0.00000000e+00
 0.00000000e+00 0.00000000e+00 0.00000000e+00 0.00000000e+00
 0.00000000e+00 0.00000000e+00 0.00000000e+00 0.00000000e+00
 0.00000000e+00 0.00000000e+00 0.00000000e+00 0.00000000e+00
 1.80517835e+01 2.07632676e+01 2.30329748e+01 2.51617763e+01
 2.68727937e+01 2.73842364e+01 2.71430290e+01 2.57755067e+01
 2.31704766e+01 1.97758501e+01 1.56585616e+01 1.13483475e+01
 7.49556649e+00 4.31283055e+00 2.04278166e+00 7.12621147e-01
 1.76482867e-01 3.78573093e-02 6.18315992e-05 0.00000000e+00
 0.00000000e+00]
7
data after
[38.81505105834603, 23.03297475747764, 25.16177631636441, 26.872793663014768, 27.38423643448949, 27.14302900591314, 25.775506665709017, 23.17047660264835, 35.43441172671609, 26.126549325949988]
8
data,sig_tot
[38.81505106 23.03297476 25.16177632 26.87279366 27.38423643 27.14302901
 25.77550667 23.1704766  35.43441173 26.12654933 24.0011234  20.59460912
 24.0471772 ]
[38.81505106 23.03297476 25.16177632 26.87279366 27.38423643 27.14302901
 25.77550667 23.1704766  35.43441173 26.12654933 24.0011234  20.59460912
 24.0471772 ]
1.0949150217936325 16.37994156392337 43.85697163446758
val isze = 0
idinces = [ 8  0  5  2  3 10 12  9  4  6  7  1 11]
training loss = 1.6421101093292236 500
training loss = 0.5651127099990845 1000
reduced chi^2 level 2 = 0.5691385269165039
Constrained alpha: 3.041548252105713
Constrained beta: 3.0062763690948486
Constrained gamma: 12.578352928161621
(1, 13)
(1, 0)
data before
[0.00000000e+00 0.00000000e+00 0.00000000e+00 0.00000000e+00
 0.00000000e+00 0.00000000e+00 0.00000000e+00 0.00000000e+00
 0.00000000e+00 0.00000000e+00 0.00000000e+00 0.00000000e+00
 0.00000000e+00 0.00000000e+00 0.00000000e+00 0.00000000e+00
 0.00000000e+00 0.00000000e+00 0.00000000e+00 0.00000000e+00
 1.80517835e+01 2.07632676e+01 2.30329748e+01 2.51617763e+01
 2.68727937e+01 2.73842364e+01 2.71430290e+01 2.57755067e+01
 2.31704766e+01 1.97758501e+01 1.56585616e+01 1.13483475e+01
 7.49556649e+00 4.31283055e+00 2.04278166e+00 7.12621147e-01
 1.76482867e-01 3.78573093e-02 6.18315992e-05 0.00000000e+00
 0.00000000e+00]
7
data after
[38.81505105834603, 23.03297475747764, 25.16177631636441, 26.872793663014768, 27.38423643448949, 27.14302900591314, 25.775506665709017, 23.17047660264835, 35.43441172671609, 26.126549325949988]
8
data,sig_tot
[38.81505106 23.03297476 25.16177632 26.87279366 27.38423643 27.14302901
 25.77550667 23.1704766  35.43441173 26.12654933 24.0011234  20.59460912
 24.0471772 ]
[38.81505106 23.03297476 25.16177632 26.87279366 27.38423643 27.14302901
 25.77550667 23.1704766  35.43441173 26.12654933 24.0011234  20.59460912
 24.0471772 ]
0.7390755027002793 13.091114598068314 82.9648009579685
val isze = 0
idinces = [11  3 10  0  9 12  6  4  5  2  8  7  1]
training loss = 1.2097139358520508 500
training loss = 0.917770266532898 1000
training loss = 0.8961689472198486 1500
reduced chi^2 level 2 = 0.8971051573753357
Constrained alpha: 2.855274200439453
Constrained beta: 4.212644100189209
Constrained gamma: 42.51294708251953
(1, 13)
(1, 0)
data before
[0.00000000e+00 0.00000000e+00 0.00000000e+00 0.00000000e+00
 0.00000000e+00 0.00000000e+00 0.00000000e+00 0.00000000e+00
 0.00000000e+00 0.00000000e+00 0.00000000e+00 0.00000000e+00
 0.00000000e+00 0.00000000e+00 0.00000000e+00 0.00000000e+00
 0.00000000e+00 0.00000000e+00 0.00000000e+00 0.00000000e+00
 1.80517835e+01 2.07632676e+01 2.30329748e+01 2.51617763e+01
 2.68727937e+01 2.73842364e+01 2.71430290e+01 2.57755067e+01
 2.31704766e+01 1.97758501e+01 1.56585616e+01 1.13483475e+01
 7.49556649e+00 4.31283055e+00 2.04278166e+00 7.12621147e-01
 1.76482867e-01 3.78573093e-02 6.18315992e-05 0.00000000e+00
 0.00000000e+00]
7
data after
[38.81505105834603, 23.03297475747764, 25.16177631636441, 26.872793663014768, 27.38423643448949, 27.14302900591314, 25.775506665709017, 23.17047660264835, 35.43441172671609, 26.126549325949988]
8
data,sig_tot
[38.81505106 23.03297476 25.16177632 26.87279366 27.38423643 27.14302901
 25.77550667 23.1704766  35.43441173 26.12654933 24.0011234  20.59460912
 24.0471772 ]
[38.81505106 23.03297476 25.16177632 26.87279366 27.38423643 27.14302901
 25.77550667 23.1704766  35.43441173 26.12654933 24.0011234  20.59460912
 24.0471772 ]
0.4675036141266248 15.984214950944944 97.42979469563122
val isze = 0
idinces = [ 3  6  1  2  7  5  0  8 11  9 12 10  4]
training loss = 1.8035484552383423 500
training loss = 0.8860978484153748 1000
training loss = 0.7916433215141296 1500
reduced chi^2 level 2 = 0.788120687007904
Constrained alpha: 3.120981216430664
Constrained beta: 2.605781078338623
Constrained gamma: 52.656314849853516
(1, 13)
(1, 0)
data before
[0.00000000e+00 0.00000000e+00 0.00000000e+00 0.00000000e+00
 0.00000000e+00 0.00000000e+00 0.00000000e+00 0.00000000e+00
 0.00000000e+00 0.00000000e+00 0.00000000e+00 0.00000000e+00
 0.00000000e+00 0.00000000e+00 0.00000000e+00 0.00000000e+00
 0.00000000e+00 0.00000000e+00 0.00000000e+00 0.00000000e+00
 1.80517835e+01 2.07632676e+01 2.30329748e+01 2.51617763e+01
 2.68727937e+01 2.73842364e+01 2.71430290e+01 2.57755067e+01
 2.31704766e+01 1.97758501e+01 1.56585616e+01 1.13483475e+01
 7.49556649e+00 4.31283055e+00 2.04278166e+00 7.12621147e-01
 1.76482867e-01 3.78573093e-02 6.18315992e-05 0.00000000e+00
 0.00000000e+00]
7
data after
[38.81505105834603, 23.03297475747764, 25.16177631636441, 26.872793663014768, 27.38423643448949, 27.14302900591314, 25.775506665709017, 23.17047660264835, 35.43441172671609, 26.126549325949988]
8
data,sig_tot
[38.81505106 23.03297476 25.16177632 26.87279366 27.38423643 27.14302901
 25.77550667 23.1704766  35.43441173 26.12654933 24.0011234  20.59460912
 24.0471772 ]
[38.81505106 23.03297476 25.16177632 26.87279366 27.38423643 27.14302901
 25.77550667 23.1704766  35.43441173 26.12654933 24.0011234  20.59460912
 24.0471772 ]
2.482412667595314 3.7959149376312817 67.60936228443656
val isze = 0
idinces = [ 1  5  0  6 10  8  7 12  4  3  2  9 11]
training loss = 0.9557062387466431 500
training loss = 0.8805485367774963 1000
reduced chi^2 level 2 = 0.8804993629455566
Constrained alpha: 3.334914445877075
Constrained beta: 1.465999722480774
Constrained gamma: 32.89956283569336
(1, 13)
(1, 0)
data before
[0.00000000e+00 0.00000000e+00 0.00000000e+00 0.00000000e+00
 0.00000000e+00 0.00000000e+00 0.00000000e+00 0.00000000e+00
 0.00000000e+00 0.00000000e+00 0.00000000e+00 0.00000000e+00
 0.00000000e+00 0.00000000e+00 0.00000000e+00 0.00000000e+00
 0.00000000e+00 0.00000000e+00 0.00000000e+00 0.00000000e+00
 1.80517835e+01 2.07632676e+01 2.30329748e+01 2.51617763e+01
 2.68727937e+01 2.73842364e+01 2.71430290e+01 2.57755067e+01
 2.31704766e+01 1.97758501e+01 1.56585616e+01 1.13483475e+01
 7.49556649e+00 4.31283055e+00 2.04278166e+00 7.12621147e-01
 1.76482867e-01 3.78573093e-02 6.18315992e-05 0.00000000e+00
 0.00000000e+00]
7
data after
[38.81505105834603, 23.03297475747764, 25.16177631636441, 26.872793663014768, 27.38423643448949, 27.14302900591314, 25.775506665709017, 23.17047660264835, 35.43441172671609, 26.126549325949988]
8
data,sig_tot
[38.81505106 23.03297476 25.16177632 26.87279366 27.38423643 27.14302901
 25.77550667 23.1704766  35.43441173 26.12654933 24.0011234  20.59460912
 24.0471772 ]
[38.81505106 23.03297476 25.16177632 26.87279366 27.38423643 27.14302901
 25.77550667 23.1704766  35.43441173 26.12654933 24.0011234  20.59460912
 24.0471772 ]
4.030562879561179 19.46267591002669 47.241058662342894
val isze = 0
idinces = [ 3 10  5 12  7  1 11  4  9  0  6  2  8]
training loss = 13.901283264160156 500
training loss = 13.633978843688965 1000
training loss = 13.184525489807129 1500
training loss = 12.327645301818848 2000
training loss = 7.985295295715332 2500
training loss = 4.63641881942749 3000
training loss = 3.407968521118164 3500
training loss = 1.9980895519256592 4000
training loss = 1.0980380773544312 4500
training loss = 0.9652857184410095 5000
reduced chi^2 level 2 = 0.9651876091957092
Constrained alpha: 3.8354737758636475
Constrained beta: 10.084524154663086
Constrained gamma: 30.605607986450195
(1, 13)
(1, 0)
data before
[0.00000000e+00 0.00000000e+00 0.00000000e+00 0.00000000e+00
 0.00000000e+00 0.00000000e+00 0.00000000e+00 0.00000000e+00
 0.00000000e+00 0.00000000e+00 0.00000000e+00 0.00000000e+00
 0.00000000e+00 0.00000000e+00 0.00000000e+00 0.00000000e+00
 0.00000000e+00 0.00000000e+00 0.00000000e+00 0.00000000e+00
 1.80517835e+01 2.07632676e+01 2.30329748e+01 2.51617763e+01
 2.68727937e+01 2.73842364e+01 2.71430290e+01 2.57755067e+01
 2.31704766e+01 1.97758501e+01 1.56585616e+01 1.13483475e+01
 7.49556649e+00 4.31283055e+00 2.04278166e+00 7.12621147e-01
 1.76482867e-01 3.78573093e-02 6.18315992e-05 0.00000000e+00
 0.00000000e+00]
7
data after
[38.81505105834603, 23.03297475747764, 25.16177631636441, 26.872793663014768, 27.38423643448949, 27.14302900591314, 25.775506665709017, 23.17047660264835, 35.43441172671609, 26.126549325949988]
8
data,sig_tot
[38.81505106 23.03297476 25.16177632 26.87279366 27.38423643 27.14302901
 25.77550667 23.1704766  35.43441173 26.12654933 24.0011234  20.59460912
 24.0471772 ]
[38.81505106 23.03297476 25.16177632 26.87279366 27.38423643 27.14302901
 25.77550667 23.1704766  35.43441173 26.12654933 24.0011234  20.59460912
 24.0471772 ]
1.3804105257000643 13.895637899462432 42.898209750470016
val isze = 0
idinces = [ 8  4  6  9  5  2 12 10 11  1  3  7  0]
training loss = 1.3250489234924316 500
training loss = 0.876911461353302 1000
training loss = 0.8656148314476013 1500
reduced chi^2 level 2 = 0.865644633769989
Constrained alpha: 3.2466719150543213
Constrained beta: 2.221687078475952
Constrained gamma: 9.814035415649414
(1, 13)
(1, 0)
data before
[0.00000000e+00 0.00000000e+00 0.00000000e+00 0.00000000e+00
 0.00000000e+00 0.00000000e+00 0.00000000e+00 0.00000000e+00
 0.00000000e+00 0.00000000e+00 0.00000000e+00 0.00000000e+00
 0.00000000e+00 0.00000000e+00 0.00000000e+00 0.00000000e+00
 0.00000000e+00 0.00000000e+00 0.00000000e+00 0.00000000e+00
 1.80517835e+01 2.07632676e+01 2.30329748e+01 2.51617763e+01
 2.68727937e+01 2.73842364e+01 2.71430290e+01 2.57755067e+01
 2.31704766e+01 1.97758501e+01 1.56585616e+01 1.13483475e+01
 7.49556649e+00 4.31283055e+00 2.04278166e+00 7.12621147e-01
 1.76482867e-01 3.78573093e-02 6.18315992e-05 0.00000000e+00
 0.00000000e+00]
7
data after
[38.81505105834603, 23.03297475747764, 25.16177631636441, 26.872793663014768, 27.38423643448949, 27.14302900591314, 25.775506665709017, 23.17047660264835, 35.43441172671609, 26.126549325949988]
8
data,sig_tot
[38.81505106 23.03297476 25.16177632 26.87279366 27.38423643 27.14302901
 25.77550667 23.1704766  35.43441173 26.12654933 24.0011234  20.59460912
 24.0471772 ]
[38.81505106 23.03297476 25.16177632 26.87279366 27.38423643 27.14302901
 25.77550667 23.1704766  35.43441173 26.12654933 24.0011234  20.59460912
 24.0471772 ]
1.7017545389180377 9.97978121944344 89.53793046033357
val isze = 0
idinces = [ 2  6  0  3  5  9  1 10  8  4 12  7 11]
training loss = 1.6647462844848633 500
training loss = 1.221006155014038 1000
training loss = 1.2186986207962036 1500
reduced chi^2 level 2 = 1.2186744213104248
Constrained alpha: 3.4097843170166016
Constrained beta: 1.3751810789108276
Constrained gamma: 45.28487014770508
(1, 13)
(1, 0)
data before
[0.00000000e+00 0.00000000e+00 0.00000000e+00 0.00000000e+00
 0.00000000e+00 0.00000000e+00 0.00000000e+00 0.00000000e+00
 0.00000000e+00 0.00000000e+00 0.00000000e+00 0.00000000e+00
 0.00000000e+00 0.00000000e+00 0.00000000e+00 0.00000000e+00
 0.00000000e+00 0.00000000e+00 0.00000000e+00 0.00000000e+00
 1.80517835e+01 2.07632676e+01 2.30329748e+01 2.51617763e+01
 2.68727937e+01 2.73842364e+01 2.71430290e+01 2.57755067e+01
 2.31704766e+01 1.97758501e+01 1.56585616e+01 1.13483475e+01
 7.49556649e+00 4.31283055e+00 2.04278166e+00 7.12621147e-01
 1.76482867e-01 3.78573093e-02 6.18315992e-05 0.00000000e+00
 0.00000000e+00]
7
data after
[38.81505105834603, 23.03297475747764, 25.16177631636441, 26.872793663014768, 27.38423643448949, 27.14302900591314, 25.775506665709017, 23.17047660264835, 35.43441172671609, 26.126549325949988]
8
data,sig_tot
[38.81505106 23.03297476 25.16177632 26.87279366 27.38423643 27.14302901
 25.77550667 23.1704766  35.43441173 26.12654933 24.0011234  20.59460912
 24.0471772 ]
[38.81505106 23.03297476 25.16177632 26.87279366 27.38423643 27.14302901
 25.77550667 23.1704766  35.43441173 26.12654933 24.0011234  20.59460912
 24.0471772 ]
1.5529232245195035 4.548838131493191 94.24514696809598
val isze = 0
idinces = [ 7  2  1  5  9  8 10  6 12  4  0 11  3]
training loss = 0.8503047227859497 500
training loss = 0.8382766842842102 1000
reduced chi^2 level 2 = 0.838753342628479
Constrained alpha: 2.8438258171081543
Constrained beta: 3.130740165710449
Constrained gamma: 64.43250274658203
(1, 13)
(1, 0)
data before
[0.00000000e+00 0.00000000e+00 0.00000000e+00 0.00000000e+00
 0.00000000e+00 0.00000000e+00 0.00000000e+00 0.00000000e+00
 0.00000000e+00 0.00000000e+00 0.00000000e+00 0.00000000e+00
 0.00000000e+00 0.00000000e+00 0.00000000e+00 0.00000000e+00
 0.00000000e+00 0.00000000e+00 0.00000000e+00 0.00000000e+00
 1.80517835e+01 2.07632676e+01 2.30329748e+01 2.51617763e+01
 2.68727937e+01 2.73842364e+01 2.71430290e+01 2.57755067e+01
 2.31704766e+01 1.97758501e+01 1.56585616e+01 1.13483475e+01
 7.49556649e+00 4.31283055e+00 2.04278166e+00 7.12621147e-01
 1.76482867e-01 3.78573093e-02 6.18315992e-05 0.00000000e+00
 0.00000000e+00]
7
data after
[38.81505105834603, 23.03297475747764, 25.16177631636441, 26.872793663014768, 27.38423643448949, 27.14302900591314, 25.775506665709017, 23.17047660264835, 35.43441172671609, 26.126549325949988]
8
data,sig_tot
[38.81505106 23.03297476 25.16177632 26.87279366 27.38423643 27.14302901
 25.77550667 23.1704766  35.43441173 26.12654933 24.0011234  20.59460912
 24.0471772 ]
[38.81505106 23.03297476 25.16177632 26.87279366 27.38423643 27.14302901
 25.77550667 23.1704766  35.43441173 26.12654933 24.0011234  20.59460912
 24.0471772 ]
0.9106483976906149 10.494169909273495 20.954325668341045
val isze = 0
idinces = [ 0  9  2 12  1 11 10  4  5  8  6  7  3]
training loss = 1.4975545406341553 500
training loss = 0.8482054471969604 1000
training loss = 0.8237595558166504 1500
reduced chi^2 level 2 = 0.8240406513214111
Constrained alpha: 3.496177911758423
Constrained beta: 1.3626935482025146
Constrained gamma: 1.5078531503677368
(1, 13)
(1, 0)
data before
[0.00000000e+00 0.00000000e+00 0.00000000e+00 0.00000000e+00
 0.00000000e+00 0.00000000e+00 0.00000000e+00 0.00000000e+00
 0.00000000e+00 0.00000000e+00 0.00000000e+00 0.00000000e+00
 0.00000000e+00 0.00000000e+00 0.00000000e+00 0.00000000e+00
 0.00000000e+00 0.00000000e+00 0.00000000e+00 0.00000000e+00
 1.80517835e+01 2.07632676e+01 2.30329748e+01 2.51617763e+01
 2.68727937e+01 2.73842364e+01 2.71430290e+01 2.57755067e+01
 2.31704766e+01 1.97758501e+01 1.56585616e+01 1.13483475e+01
 7.49556649e+00 4.31283055e+00 2.04278166e+00 7.12621147e-01
 1.76482867e-01 3.78573093e-02 6.18315992e-05 0.00000000e+00
 0.00000000e+00]
7
data after
[38.81505105834603, 23.03297475747764, 25.16177631636441, 26.872793663014768, 27.38423643448949, 27.14302900591314, 25.775506665709017, 23.17047660264835, 35.43441172671609, 26.126549325949988]
8
data,sig_tot
[38.81505106 23.03297476 25.16177632 26.87279366 27.38423643 27.14302901
 25.77550667 23.1704766  35.43441173 26.12654933 24.0011234  20.59460912
 24.0471772 ]
[38.81505106 23.03297476 25.16177632 26.87279366 27.38423643 27.14302901
 25.77550667 23.1704766  35.43441173 26.12654933 24.0011234  20.59460912
 24.0471772 ]
4.244870680767422 1.3284995490710072 21.816863601528258
val isze = 0
idinces = [ 2  0 11 12  4  5  6  9  7 10  3  8  1]
training loss = 2.9315664768218994 500
training loss = 2.2120823860168457 1000
training loss = 1.5343340635299683 1500
training loss = 1.0743366479873657 2000
training loss = 0.9315717220306396 2500
training loss = 0.9024885892868042 3000
training loss = 0.8881075978279114 3500
training loss = 0.8742466568946838 4000
training loss = 0.8584446907043457 4500
training loss = 0.8393042683601379 5000
reduced chi^2 level 2 = 0.8392616510391235
Constrained alpha: 3.762192726135254
Constrained beta: 1.476905107498169
Constrained gamma: 20.798492431640625
(1, 13)
(1, 0)
data before
[0.00000000e+00 0.00000000e+00 0.00000000e+00 0.00000000e+00
 0.00000000e+00 0.00000000e+00 0.00000000e+00 0.00000000e+00
 0.00000000e+00 0.00000000e+00 0.00000000e+00 0.00000000e+00
 0.00000000e+00 0.00000000e+00 0.00000000e+00 0.00000000e+00
 0.00000000e+00 0.00000000e+00 0.00000000e+00 0.00000000e+00
 1.80517835e+01 2.07632676e+01 2.30329748e+01 2.51617763e+01
 2.68727937e+01 2.73842364e+01 2.71430290e+01 2.57755067e+01
 2.31704766e+01 1.97758501e+01 1.56585616e+01 1.13483475e+01
 7.49556649e+00 4.31283055e+00 2.04278166e+00 7.12621147e-01
 1.76482867e-01 3.78573093e-02 6.18315992e-05 0.00000000e+00
 0.00000000e+00]
7
data after
[38.81505105834603, 23.03297475747764, 25.16177631636441, 26.872793663014768, 27.38423643448949, 27.14302900591314, 25.775506665709017, 23.17047660264835, 35.43441172671609, 26.126549325949988]
8
data,sig_tot
[38.81505106 23.03297476 25.16177632 26.87279366 27.38423643 27.14302901
 25.77550667 23.1704766  35.43441173 26.12654933 24.0011234  20.59460912
 24.0471772 ]
[38.81505106 23.03297476 25.16177632 26.87279366 27.38423643 27.14302901
 25.77550667 23.1704766  35.43441173 26.12654933 24.0011234  20.59460912
 24.0471772 ]
2.3043601770192312 4.439851977317435 54.32111243445698
val isze = 0
idinces = [ 7  5 10  3  1  6  2  9  4  0 12 11  8]
training loss = 0.9059869647026062 500
reduced chi^2 level 2 = 0.9069908261299133
Constrained alpha: 3.215475082397461
Constrained beta: 2.4061224460601807
Constrained gamma: 34.11886978149414
(1, 13)
(1, 0)
data before
[0.00000000e+00 0.00000000e+00 0.00000000e+00 0.00000000e+00
 0.00000000e+00 0.00000000e+00 0.00000000e+00 0.00000000e+00
 0.00000000e+00 0.00000000e+00 0.00000000e+00 0.00000000e+00
 0.00000000e+00 0.00000000e+00 0.00000000e+00 0.00000000e+00
 0.00000000e+00 0.00000000e+00 0.00000000e+00 0.00000000e+00
 1.80517835e+01 2.07632676e+01 2.30329748e+01 2.51617763e+01
 2.68727937e+01 2.73842364e+01 2.71430290e+01 2.57755067e+01
 2.31704766e+01 1.97758501e+01 1.56585616e+01 1.13483475e+01
 7.49556649e+00 4.31283055e+00 2.04278166e+00 7.12621147e-01
 1.76482867e-01 3.78573093e-02 6.18315992e-05 0.00000000e+00
 0.00000000e+00]
7
data after
[38.81505105834603, 23.03297475747764, 25.16177631636441, 26.872793663014768, 27.38423643448949, 27.14302900591314, 25.775506665709017, 23.17047660264835, 35.43441172671609, 26.126549325949988]
8
data,sig_tot
[38.81505106 23.03297476 25.16177632 26.87279366 27.38423643 27.14302901
 25.77550667 23.1704766  35.43441173 26.12654933 24.0011234  20.59460912
 24.0471772 ]
[38.81505106 23.03297476 25.16177632 26.87279366 27.38423643 27.14302901
 25.77550667 23.1704766  35.43441173 26.12654933 24.0011234  20.59460912
 24.0471772 ]
4.217835218898199 13.890056301943199 77.7350859505433
val isze = 0
idinces = [11  3  4  1 12  9  6  0  2  8  5 10  7]
training loss = 11.454205513000488 500
training loss = 11.028348922729492 1000
training loss = 10.518414497375488 1500
training loss = 9.105952262878418 2000
training loss = 5.893235683441162 2500
training loss = 4.5904741287231445 3000
training loss = 3.9780585765838623 3500
training loss = 3.5225307941436768 4000
training loss = 3.1398141384124756 4500
training loss = 2.757617235183716 5000
(1, 13)
(1, 0)
data before
[0.00000000e+00 0.00000000e+00 0.00000000e+00 0.00000000e+00
 0.00000000e+00 0.00000000e+00 0.00000000e+00 0.00000000e+00
 0.00000000e+00 0.00000000e+00 0.00000000e+00 0.00000000e+00
 0.00000000e+00 0.00000000e+00 0.00000000e+00 0.00000000e+00
 0.00000000e+00 0.00000000e+00 0.00000000e+00 0.00000000e+00
 1.80517835e+01 2.07632676e+01 2.30329748e+01 2.51617763e+01
 2.68727937e+01 2.73842364e+01 2.71430290e+01 2.57755067e+01
 2.31704766e+01 1.97758501e+01 1.56585616e+01 1.13483475e+01
 7.49556649e+00 4.31283055e+00 2.04278166e+00 7.12621147e-01
 1.76482867e-01 3.78573093e-02 6.18315992e-05 0.00000000e+00
 0.00000000e+00]
7
data after
[38.81505105834603, 23.03297475747764, 25.16177631636441, 26.872793663014768, 27.38423643448949, 27.14302900591314, 25.775506665709017, 23.17047660264835, 35.43441172671609, 26.126549325949988]
8
data,sig_tot
[38.81505106 23.03297476 25.16177632 26.87279366 27.38423643 27.14302901
 25.77550667 23.1704766  35.43441173 26.12654933 24.0011234  20.59460912
 24.0471772 ]
[38.81505106 23.03297476 25.16177632 26.87279366 27.38423643 27.14302901
 25.77550667 23.1704766  35.43441173 26.12654933 24.0011234  20.59460912
 24.0471772 ]
0.812546741973092 0.032213201704993644 92.16837123147
val isze = 0
idinces = [ 6  4 10  2  8 12 11  9  3  5  1  0  7]
training loss = 18.394758224487305 500
training loss = 17.108369827270508 1000
training loss = 0.8421735167503357 1500
training loss = 0.7442741394042969 2000
training loss = 0.6735939979553223 2500
training loss = 0.6538311839103699 3000
training loss = 0.6514021158218384 3500
training loss = 0.6514434814453125 4000
reduced chi^2 level 2 = 0.6514690518379211
Constrained alpha: 3.0461416244506836
Constrained beta: 1.2182523012161255
Constrained gamma: 21.847087860107422
(1, 13)
(1, 0)
data before
[0.00000000e+00 0.00000000e+00 0.00000000e+00 0.00000000e+00
 0.00000000e+00 0.00000000e+00 0.00000000e+00 0.00000000e+00
 0.00000000e+00 0.00000000e+00 0.00000000e+00 0.00000000e+00
 0.00000000e+00 0.00000000e+00 0.00000000e+00 0.00000000e+00
 0.00000000e+00 0.00000000e+00 0.00000000e+00 0.00000000e+00
 1.80517835e+01 2.07632676e+01 2.30329748e+01 2.51617763e+01
 2.68727937e+01 2.73842364e+01 2.71430290e+01 2.57755067e+01
 2.31704766e+01 1.97758501e+01 1.56585616e+01 1.13483475e+01
 7.49556649e+00 4.31283055e+00 2.04278166e+00 7.12621147e-01
 1.76482867e-01 3.78573093e-02 6.18315992e-05 0.00000000e+00
 0.00000000e+00]
7
data after
[38.81505105834603, 23.03297475747764, 25.16177631636441, 26.872793663014768, 27.38423643448949, 27.14302900591314, 25.775506665709017, 23.17047660264835, 35.43441172671609, 26.126549325949988]
8
data,sig_tot
[38.81505106 23.03297476 25.16177632 26.87279366 27.38423643 27.14302901
 25.77550667 23.1704766  35.43441173 26.12654933 24.0011234  20.59460912
 24.0471772 ]
[38.81505106 23.03297476 25.16177632 26.87279366 27.38423643 27.14302901
 25.77550667 23.1704766  35.43441173 26.12654933 24.0011234  20.59460912
 24.0471772 ]
1.9655448487129386 4.129957154581298 12.446748214930336
val isze = 0
idinces = [ 1  8  3 12 11  2  0  7  4  9  5  6 10]
training loss = 0.3821885287761688 500
training loss = 0.35127925872802734 1000
reduced chi^2 level 2 = 0.3536278009414673
Constrained alpha: 3.2517077922821045
Constrained beta: 1.985390067100525
Constrained gamma: 2.1345930099487305
(1, 13)
(1, 0)
data before
[0.00000000e+00 0.00000000e+00 0.00000000e+00 0.00000000e+00
 0.00000000e+00 0.00000000e+00 0.00000000e+00 0.00000000e+00
 0.00000000e+00 0.00000000e+00 0.00000000e+00 0.00000000e+00
 0.00000000e+00 0.00000000e+00 0.00000000e+00 0.00000000e+00
 0.00000000e+00 0.00000000e+00 0.00000000e+00 0.00000000e+00
 1.80517835e+01 2.07632676e+01 2.30329748e+01 2.51617763e+01
 2.68727937e+01 2.73842364e+01 2.71430290e+01 2.57755067e+01
 2.31704766e+01 1.97758501e+01 1.56585616e+01 1.13483475e+01
 7.49556649e+00 4.31283055e+00 2.04278166e+00 7.12621147e-01
 1.76482867e-01 3.78573093e-02 6.18315992e-05 0.00000000e+00
 0.00000000e+00]
7
data after
[38.81505105834603, 23.03297475747764, 25.16177631636441, 26.872793663014768, 27.38423643448949, 27.14302900591314, 25.775506665709017, 23.17047660264835, 35.43441172671609, 26.126549325949988]
8
data,sig_tot
[38.81505106 23.03297476 25.16177632 26.87279366 27.38423643 27.14302901
 25.77550667 23.1704766  35.43441173 26.12654933 24.0011234  20.59460912
 24.0471772 ]
[38.81505106 23.03297476 25.16177632 26.87279366 27.38423643 27.14302901
 25.77550667 23.1704766  35.43441173 26.12654933 24.0011234  20.59460912
 24.0471772 ]
1.693895466942788 8.776066428302403 43.76728899636382
val isze = 0
idinces = [ 8 10  4  5  1 12  7  6  2  0  9 11  3]
training loss = 1.9602570533752441 500
training loss = 1.6830880641937256 1000
reduced chi^2 level 2 = 1.6813416481018066
Constrained alpha: 3.1855504512786865
Constrained beta: 2.171783447265625
Constrained gamma: 11.48410701751709
(1, 13)
(1, 0)
data before
[0.00000000e+00 0.00000000e+00 0.00000000e+00 0.00000000e+00
 0.00000000e+00 0.00000000e+00 0.00000000e+00 0.00000000e+00
 0.00000000e+00 0.00000000e+00 0.00000000e+00 0.00000000e+00
 0.00000000e+00 0.00000000e+00 0.00000000e+00 0.00000000e+00
 0.00000000e+00 0.00000000e+00 0.00000000e+00 0.00000000e+00
 1.80517835e+01 2.07632676e+01 2.30329748e+01 2.51617763e+01
 2.68727937e+01 2.73842364e+01 2.71430290e+01 2.57755067e+01
 2.31704766e+01 1.97758501e+01 1.56585616e+01 1.13483475e+01
 7.49556649e+00 4.31283055e+00 2.04278166e+00 7.12621147e-01
 1.76482867e-01 3.78573093e-02 6.18315992e-05 0.00000000e+00
 0.00000000e+00]
7
data after
[38.81505105834603, 23.03297475747764, 25.16177631636441, 26.872793663014768, 27.38423643448949, 27.14302900591314, 25.775506665709017, 23.17047660264835, 35.43441172671609, 26.126549325949988]
8
data,sig_tot
[38.81505106 23.03297476 25.16177632 26.87279366 27.38423643 27.14302901
 25.77550667 23.1704766  35.43441173 26.12654933 24.0011234  20.59460912
 24.0471772 ]
[38.81505106 23.03297476 25.16177632 26.87279366 27.38423643 27.14302901
 25.77550667 23.1704766  35.43441173 26.12654933 24.0011234  20.59460912
 24.0471772 ]
4.463583891873707 5.765808794207117 42.384324756943506
val isze = 0
idinces = [ 5  9 10  0  7 11  3  2  8  6  4  1 12]
training loss = 15.418041229248047 500
training loss = 9.343273162841797 1000
training loss = 7.595302104949951 1500
training loss = 7.008945465087891 2000
training loss = 6.47518253326416 2500
training loss = 5.815778732299805 3000
training loss = 4.976673603057861 3500
training loss = 3.9259836673736572 4000
training loss = 2.7255942821502686 4500
training loss = 1.685516595840454 5000
reduced chi^2 level 2 = 1.6838865280151367
Constrained alpha: 4.017486572265625
Constrained beta: 5.995800971984863
Constrained gamma: 41.75234603881836
(1, 13)
(1, 0)
data before
[0.00000000e+00 0.00000000e+00 0.00000000e+00 0.00000000e+00
 0.00000000e+00 0.00000000e+00 0.00000000e+00 0.00000000e+00
 0.00000000e+00 0.00000000e+00 0.00000000e+00 0.00000000e+00
 0.00000000e+00 0.00000000e+00 0.00000000e+00 0.00000000e+00
 0.00000000e+00 0.00000000e+00 0.00000000e+00 0.00000000e+00
 1.80517835e+01 2.07632676e+01 2.30329748e+01 2.51617763e+01
 2.68727937e+01 2.73842364e+01 2.71430290e+01 2.57755067e+01
 2.31704766e+01 1.97758501e+01 1.56585616e+01 1.13483475e+01
 7.49556649e+00 4.31283055e+00 2.04278166e+00 7.12621147e-01
 1.76482867e-01 3.78573093e-02 6.18315992e-05 0.00000000e+00
 0.00000000e+00]
7
data after
[38.81505105834603, 23.03297475747764, 25.16177631636441, 26.872793663014768, 27.38423643448949, 27.14302900591314, 25.775506665709017, 23.17047660264835, 35.43441172671609, 26.126549325949988]
8
data,sig_tot
[38.81505106 23.03297476 25.16177632 26.87279366 27.38423643 27.14302901
 25.77550667 23.1704766  35.43441173 26.12654933 24.0011234  20.59460912
 24.0471772 ]
[38.81505106 23.03297476 25.16177632 26.87279366 27.38423643 27.14302901
 25.77550667 23.1704766  35.43441173 26.12654933 24.0011234  20.59460912
 24.0471772 ]
2.1328660106890434 11.822567539432816 41.66814610381381
val isze = 0
idinces = [10  8  7  9  6  3  4  5  2  1  0 11 12]
training loss = 1.1596736907958984 500
reduced chi^2 level 2 = 1.1669161319732666
Constrained alpha: 2.4741883277893066
Constrained beta: 5.692076206207275
Constrained gamma: 17.844114303588867
(1, 13)
(1, 0)
data before
[0.00000000e+00 0.00000000e+00 0.00000000e+00 0.00000000e+00
 0.00000000e+00 0.00000000e+00 0.00000000e+00 0.00000000e+00
 0.00000000e+00 0.00000000e+00 0.00000000e+00 0.00000000e+00
 0.00000000e+00 0.00000000e+00 0.00000000e+00 0.00000000e+00
 0.00000000e+00 0.00000000e+00 0.00000000e+00 0.00000000e+00
 1.80517835e+01 2.07632676e+01 2.30329748e+01 2.51617763e+01
 2.68727937e+01 2.73842364e+01 2.71430290e+01 2.57755067e+01
 2.31704766e+01 1.97758501e+01 1.56585616e+01 1.13483475e+01
 7.49556649e+00 4.31283055e+00 2.04278166e+00 7.12621147e-01
 1.76482867e-01 3.78573093e-02 6.18315992e-05 0.00000000e+00
 0.00000000e+00]
7
data after
[38.81505105834603, 23.03297475747764, 25.16177631636441, 26.872793663014768, 27.38423643448949, 27.14302900591314, 25.775506665709017, 23.17047660264835, 35.43441172671609, 26.126549325949988]
8
data,sig_tot
[38.81505106 23.03297476 25.16177632 26.87279366 27.38423643 27.14302901
 25.77550667 23.1704766  35.43441173 26.12654933 24.0011234  20.59460912
 24.0471772 ]
[38.81505106 23.03297476 25.16177632 26.87279366 27.38423643 27.14302901
 25.77550667 23.1704766  35.43441173 26.12654933 24.0011234  20.59460912
 24.0471772 ]
3.600794616371217 15.2004695204198 41.39723807020543
val isze = 0
idinces = [ 2  9  0  4  3  8  7 11  5  1 12 10  6]
training loss = 7.089125156402588 500
training loss = 1.4833427667617798 1000
training loss = 1.295566201210022 1500
training loss = 1.1810208559036255 2000
training loss = 1.100010633468628 2500
training loss = 1.070594072341919 3000
reduced chi^2 level 2 = 1.0724446773529053
Constrained alpha: 3.3491480350494385
Constrained beta: 1.9258780479431152
Constrained gamma: 3.8986294269561768
(1, 13)
(1, 0)
data before
[0.00000000e+00 0.00000000e+00 0.00000000e+00 0.00000000e+00
 0.00000000e+00 0.00000000e+00 0.00000000e+00 0.00000000e+00
 0.00000000e+00 0.00000000e+00 0.00000000e+00 0.00000000e+00
 0.00000000e+00 0.00000000e+00 0.00000000e+00 0.00000000e+00
 0.00000000e+00 0.00000000e+00 0.00000000e+00 0.00000000e+00
 1.80517835e+01 2.07632676e+01 2.30329748e+01 2.51617763e+01
 2.68727937e+01 2.73842364e+01 2.71430290e+01 2.57755067e+01
 2.31704766e+01 1.97758501e+01 1.56585616e+01 1.13483475e+01
 7.49556649e+00 4.31283055e+00 2.04278166e+00 7.12621147e-01
 1.76482867e-01 3.78573093e-02 6.18315992e-05 0.00000000e+00
 0.00000000e+00]
7
data after
[38.81505105834603, 23.03297475747764, 25.16177631636441, 26.872793663014768, 27.38423643448949, 27.14302900591314, 25.775506665709017, 23.17047660264835, 35.43441172671609, 26.126549325949988]
8
data,sig_tot
[38.81505106 23.03297476 25.16177632 26.87279366 27.38423643 27.14302901
 25.77550667 23.1704766  35.43441173 26.12654933 24.0011234  20.59460912
 24.0471772 ]
[38.81505106 23.03297476 25.16177632 26.87279366 27.38423643 27.14302901
 25.77550667 23.1704766  35.43441173 26.12654933 24.0011234  20.59460912
 24.0471772 ]
4.527665573621552 18.717608075386273 82.05247060990307
val isze = 0
idinces = [ 1 12  6  0  8  2 10  9  7  4 11  3  5]
(1, 13)
(1, 0)
data before
[0.00000000e+00 0.00000000e+00 0.00000000e+00 0.00000000e+00
 0.00000000e+00 0.00000000e+00 0.00000000e+00 0.00000000e+00
 0.00000000e+00 0.00000000e+00 0.00000000e+00 0.00000000e+00
 0.00000000e+00 0.00000000e+00 0.00000000e+00 0.00000000e+00
 0.00000000e+00 0.00000000e+00 0.00000000e+00 0.00000000e+00
 1.80517835e+01 2.07632676e+01 2.30329748e+01 2.51617763e+01
 2.68727937e+01 2.73842364e+01 2.71430290e+01 2.57755067e+01
 2.31704766e+01 1.97758501e+01 1.56585616e+01 1.13483475e+01
 7.49556649e+00 4.31283055e+00 2.04278166e+00 7.12621147e-01
 1.76482867e-01 3.78573093e-02 6.18315992e-05 0.00000000e+00
 0.00000000e+00]
7
data after
[38.81505105834603, 23.03297475747764, 25.16177631636441, 26.872793663014768, 27.38423643448949, 27.14302900591314, 25.775506665709017, 23.17047660264835, 35.43441172671609, 26.126549325949988]
8
data,sig_tot
[38.81505106 23.03297476 25.16177632 26.87279366 27.38423643 27.14302901
 25.77550667 23.1704766  35.43441173 26.12654933 24.0011234  20.59460912
 24.0471772 ]
[38.81505106 23.03297476 25.16177632 26.87279366 27.38423643 27.14302901
 25.77550667 23.1704766  35.43441173 26.12654933 24.0011234  20.59460912
 24.0471772 ]
2.338876300276626 14.573854519002944 24.38060454220592
val isze = 0
idinces = [ 1 10  0  5  3  6  7  4  9  2  8 12 11]
training loss = 1.1298965215682983 500
training loss = 1.0684711933135986 1000
reduced chi^2 level 2 = 1.0815913677215576
Constrained alpha: 2.7789394855499268
Constrained beta: 4.3829345703125
Constrained gamma: 3.8926644325256348
(1, 13)
(1, 0)
data before
[0.00000000e+00 0.00000000e+00 0.00000000e+00 0.00000000e+00
 0.00000000e+00 0.00000000e+00 0.00000000e+00 0.00000000e+00
 0.00000000e+00 0.00000000e+00 0.00000000e+00 0.00000000e+00
 0.00000000e+00 0.00000000e+00 0.00000000e+00 0.00000000e+00
 0.00000000e+00 0.00000000e+00 0.00000000e+00 0.00000000e+00
 1.80517835e+01 2.07632676e+01 2.30329748e+01 2.51617763e+01
 2.68727937e+01 2.73842364e+01 2.71430290e+01 2.57755067e+01
 2.31704766e+01 1.97758501e+01 1.56585616e+01 1.13483475e+01
 7.49556649e+00 4.31283055e+00 2.04278166e+00 7.12621147e-01
 1.76482867e-01 3.78573093e-02 6.18315992e-05 0.00000000e+00
 0.00000000e+00]
7
data after
[38.81505105834603, 23.03297475747764, 25.16177631636441, 26.872793663014768, 27.38423643448949, 27.14302900591314, 25.775506665709017, 23.17047660264835, 35.43441172671609, 26.126549325949988]
8
data,sig_tot
[38.81505106 23.03297476 25.16177632 26.87279366 27.38423643 27.14302901
 25.77550667 23.1704766  35.43441173 26.12654933 24.0011234  20.59460912
 24.0471772 ]
[38.81505106 23.03297476 25.16177632 26.87279366 27.38423643 27.14302901
 25.77550667 23.1704766  35.43441173 26.12654933 24.0011234  20.59460912
 24.0471772 ]
1.5945646198851287 9.511616755515902 22.974011715584876
val isze = 0
idinces = [ 8 11  6  5  0 10 12  7  3  1  4  2  9]
training loss = 1.0197608470916748 500
training loss = 0.6916378140449524 1000
reduced chi^2 level 2 = 0.6920324563980103
Constrained alpha: 3.351750135421753
Constrained beta: 1.7110599279403687
Constrained gamma: 2.3372368812561035
(1, 13)
(1, 0)
data before
[0.00000000e+00 0.00000000e+00 0.00000000e+00 0.00000000e+00
 0.00000000e+00 0.00000000e+00 0.00000000e+00 0.00000000e+00
 0.00000000e+00 0.00000000e+00 0.00000000e+00 0.00000000e+00
 0.00000000e+00 0.00000000e+00 0.00000000e+00 0.00000000e+00
 0.00000000e+00 0.00000000e+00 0.00000000e+00 0.00000000e+00
 1.80517835e+01 2.07632676e+01 2.30329748e+01 2.51617763e+01
 2.68727937e+01 2.73842364e+01 2.71430290e+01 2.57755067e+01
 2.31704766e+01 1.97758501e+01 1.56585616e+01 1.13483475e+01
 7.49556649e+00 4.31283055e+00 2.04278166e+00 7.12621147e-01
 1.76482867e-01 3.78573093e-02 6.18315992e-05 0.00000000e+00
 0.00000000e+00]
7
data after
[38.81505105834603, 23.03297475747764, 25.16177631636441, 26.872793663014768, 27.38423643448949, 27.14302900591314, 25.775506665709017, 23.17047660264835, 35.43441172671609, 26.126549325949988]
8
data,sig_tot
[38.81505106 23.03297476 25.16177632 26.87279366 27.38423643 27.14302901
 25.77550667 23.1704766  35.43441173 26.12654933 24.0011234  20.59460912
 24.0471772 ]
[38.81505106 23.03297476 25.16177632 26.87279366 27.38423643 27.14302901
 25.77550667 23.1704766  35.43441173 26.12654933 24.0011234  20.59460912
 24.0471772 ]
1.553833092597432 8.472371473495507 65.59407609481718
val isze = 0
idinces = [ 5  7 12  3  9  6 10  4  8  0  1  2 11]
training loss = 1.0922155380249023 500
training loss = 0.7373074293136597 1000
training loss = 0.7362039089202881 1500
reduced chi^2 level 2 = 0.7362046241760254
Constrained alpha: 3.2913944721221924
Constrained beta: 1.2617099285125732
Constrained gamma: 25.90612030029297
(1, 13)
(1, 0)
data before
[0.00000000e+00 0.00000000e+00 0.00000000e+00 0.00000000e+00
 0.00000000e+00 0.00000000e+00 0.00000000e+00 0.00000000e+00
 0.00000000e+00 0.00000000e+00 0.00000000e+00 0.00000000e+00
 0.00000000e+00 0.00000000e+00 0.00000000e+00 0.00000000e+00
 0.00000000e+00 0.00000000e+00 0.00000000e+00 0.00000000e+00
 1.80517835e+01 2.07632676e+01 2.30329748e+01 2.51617763e+01
 2.68727937e+01 2.73842364e+01 2.71430290e+01 2.57755067e+01
 2.31704766e+01 1.97758501e+01 1.56585616e+01 1.13483475e+01
 7.49556649e+00 4.31283055e+00 2.04278166e+00 7.12621147e-01
 1.76482867e-01 3.78573093e-02 6.18315992e-05 0.00000000e+00
 0.00000000e+00]
7
data after
[38.81505105834603, 23.03297475747764, 25.16177631636441, 26.872793663014768, 27.38423643448949, 27.14302900591314, 25.775506665709017, 23.17047660264835, 35.43441172671609, 26.126549325949988]
8
data,sig_tot
[38.81505106 23.03297476 25.16177632 26.87279366 27.38423643 27.14302901
 25.77550667 23.1704766  35.43441173 26.12654933 24.0011234  20.59460912
 24.0471772 ]
[38.81505106 23.03297476 25.16177632 26.87279366 27.38423643 27.14302901
 25.77550667 23.1704766  35.43441173 26.12654933 24.0011234  20.59460912
 24.0471772 ]
0.29338817792993854 5.786996287983892 65.20473771563717
val isze = 0
idinces = [ 2  1  6  7 10 11  9 12  3  8  5  0  4]
training loss = 1.1838951110839844 500
training loss = 1.1632328033447266 1000
reduced chi^2 level 2 = 1.1672413349151611
Constrained alpha: 2.601364850997925
Constrained beta: 4.436272621154785
Constrained gamma: 32.32371520996094
(1, 13)
(1, 0)
data before
[0.00000000e+00 0.00000000e+00 0.00000000e+00 0.00000000e+00
 0.00000000e+00 0.00000000e+00 0.00000000e+00 0.00000000e+00
 0.00000000e+00 0.00000000e+00 0.00000000e+00 0.00000000e+00
 0.00000000e+00 0.00000000e+00 0.00000000e+00 0.00000000e+00
 0.00000000e+00 0.00000000e+00 0.00000000e+00 0.00000000e+00
 1.80517835e+01 2.07632676e+01 2.30329748e+01 2.51617763e+01
 2.68727937e+01 2.73842364e+01 2.71430290e+01 2.57755067e+01
 2.31704766e+01 1.97758501e+01 1.56585616e+01 1.13483475e+01
 7.49556649e+00 4.31283055e+00 2.04278166e+00 7.12621147e-01
 1.76482867e-01 3.78573093e-02 6.18315992e-05 0.00000000e+00
 0.00000000e+00]
7
data after
[38.81505105834603, 23.03297475747764, 25.16177631636441, 26.872793663014768, 27.38423643448949, 27.14302900591314, 25.775506665709017, 23.17047660264835, 35.43441172671609, 26.126549325949988]
8
data,sig_tot
[38.81505106 23.03297476 25.16177632 26.87279366 27.38423643 27.14302901
 25.77550667 23.1704766  35.43441173 26.12654933 24.0011234  20.59460912
 24.0471772 ]
[38.81505106 23.03297476 25.16177632 26.87279366 27.38423643 27.14302901
 25.77550667 23.1704766  35.43441173 26.12654933 24.0011234  20.59460912
 24.0471772 ]
1.1061624590212882 2.647832969641817 23.25335294857547
val isze = 0
idinces = [ 2 10  9 11  3  1  8  6  4 12  7  5  0]
training loss = 1.1671934127807617 500
reduced chi^2 level 2 = 1.16846764087677
Constrained alpha: 3.0178537368774414
Constrained beta: 2.9236016273498535
Constrained gamma: 7.6773505210876465
(1, 13)
(1, 0)
data before
[0.00000000e+00 0.00000000e+00 0.00000000e+00 0.00000000e+00
 0.00000000e+00 0.00000000e+00 0.00000000e+00 0.00000000e+00
 0.00000000e+00 0.00000000e+00 0.00000000e+00 0.00000000e+00
 0.00000000e+00 0.00000000e+00 0.00000000e+00 0.00000000e+00
 0.00000000e+00 0.00000000e+00 0.00000000e+00 0.00000000e+00
 1.80517835e+01 2.07632676e+01 2.30329748e+01 2.51617763e+01
 2.68727937e+01 2.73842364e+01 2.71430290e+01 2.57755067e+01
 2.31704766e+01 1.97758501e+01 1.56585616e+01 1.13483475e+01
 7.49556649e+00 4.31283055e+00 2.04278166e+00 7.12621147e-01
 1.76482867e-01 3.78573093e-02 6.18315992e-05 0.00000000e+00
 0.00000000e+00]
7
data after
[38.81505105834603, 23.03297475747764, 25.16177631636441, 26.872793663014768, 27.38423643448949, 27.14302900591314, 25.775506665709017, 23.17047660264835, 35.43441172671609, 26.126549325949988]
8
data,sig_tot
[38.81505106 23.03297476 25.16177632 26.87279366 27.38423643 27.14302901
 25.77550667 23.1704766  35.43441173 26.12654933 24.0011234  20.59460912
 24.0471772 ]
[38.81505106 23.03297476 25.16177632 26.87279366 27.38423643 27.14302901
 25.77550667 23.1704766  35.43441173 26.12654933 24.0011234  20.59460912
 24.0471772 ]
0.2600407549198802 18.786087051080955 88.50937623060103
val isze = 0
idinces = [ 0 10  4  3  5  1  8  9  6  2 12  7 11]
training loss = 2.3567912578582764 500
training loss = 1.7084320783615112 1000
training loss = 1.5904203653335571 1500
reduced chi^2 level 2 = 1.5922459363937378
Constrained alpha: 3.0441579818725586
Constrained beta: 3.047372341156006
Constrained gamma: 43.76448440551758
(1, 13)
(1, 0)
data before
[0.00000000e+00 0.00000000e+00 0.00000000e+00 0.00000000e+00
 0.00000000e+00 0.00000000e+00 0.00000000e+00 0.00000000e+00
 0.00000000e+00 0.00000000e+00 0.00000000e+00 0.00000000e+00
 0.00000000e+00 0.00000000e+00 0.00000000e+00 0.00000000e+00
 0.00000000e+00 0.00000000e+00 0.00000000e+00 0.00000000e+00
 1.80517835e+01 2.07632676e+01 2.30329748e+01 2.51617763e+01
 2.68727937e+01 2.73842364e+01 2.71430290e+01 2.57755067e+01
 2.31704766e+01 1.97758501e+01 1.56585616e+01 1.13483475e+01
 7.49556649e+00 4.31283055e+00 2.04278166e+00 7.12621147e-01
 1.76482867e-01 3.78573093e-02 6.18315992e-05 0.00000000e+00
 0.00000000e+00]
7
data after
[38.81505105834603, 23.03297475747764, 25.16177631636441, 26.872793663014768, 27.38423643448949, 27.14302900591314, 25.775506665709017, 23.17047660264835, 35.43441172671609, 26.126549325949988]
8
data,sig_tot
[38.81505106 23.03297476 25.16177632 26.87279366 27.38423643 27.14302901
 25.77550667 23.1704766  35.43441173 26.12654933 24.0011234  20.59460912
 24.0471772 ]
[38.81505106 23.03297476 25.16177632 26.87279366 27.38423643 27.14302901
 25.77550667 23.1704766  35.43441173 26.12654933 24.0011234  20.59460912
 24.0471772 ]
4.834319391031209 12.520790236874191 36.48810663466535
val isze = 0
idinces = [ 3  4  7  6  0  9  8  1  2 12  5 10 11]
training loss = 15.281225204467773 500
training loss = 15.11926555633545 1000
training loss = 14.941850662231445 1500
training loss = 14.730988502502441 2000
training loss = 14.492719650268555 2500
training loss = 14.211764335632324 3000
training loss = 13.828258514404297 3500
training loss = 13.20201301574707 4000
training loss = 12.01455307006836 4500
training loss = 9.689826011657715 5000
(1, 13)
(1, 0)
data before
[0.00000000e+00 0.00000000e+00 0.00000000e+00 0.00000000e+00
 0.00000000e+00 0.00000000e+00 0.00000000e+00 0.00000000e+00
 0.00000000e+00 0.00000000e+00 0.00000000e+00 0.00000000e+00
 0.00000000e+00 0.00000000e+00 0.00000000e+00 0.00000000e+00
 0.00000000e+00 0.00000000e+00 0.00000000e+00 0.00000000e+00
 1.80517835e+01 2.07632676e+01 2.30329748e+01 2.51617763e+01
 2.68727937e+01 2.73842364e+01 2.71430290e+01 2.57755067e+01
 2.31704766e+01 1.97758501e+01 1.56585616e+01 1.13483475e+01
 7.49556649e+00 4.31283055e+00 2.04278166e+00 7.12621147e-01
 1.76482867e-01 3.78573093e-02 6.18315992e-05 0.00000000e+00
 0.00000000e+00]
7
data after
[38.81505105834603, 23.03297475747764, 25.16177631636441, 26.872793663014768, 27.38423643448949, 27.14302900591314, 25.775506665709017, 23.17047660264835, 35.43441172671609, 26.126549325949988]
8
data,sig_tot
[38.81505106 23.03297476 25.16177632 26.87279366 27.38423643 27.14302901
 25.77550667 23.1704766  35.43441173 26.12654933 24.0011234  20.59460912
 24.0471772 ]
[38.81505106 23.03297476 25.16177632 26.87279366 27.38423643 27.14302901
 25.77550667 23.1704766  35.43441173 26.12654933 24.0011234  20.59460912
 24.0471772 ]
2.9659129875727244 8.856066467174848 73.50962259707941
val isze = 0
idinces = [12  2  4  8  3  6 10  7  0 11  5  1  9]
training loss = 0.5516649484634399 500
training loss = 0.504040539264679 1000
training loss = 0.46233218908309937 1500
training loss = 0.44590312242507935 2000
reduced chi^2 level 2 = 0.4469130337238312
Constrained alpha: 2.932976007461548
Constrained beta: 3.2000153064727783
Constrained gamma: 19.663230895996094
(1, 13)
(1, 0)
data before
[0.00000000e+00 0.00000000e+00 0.00000000e+00 0.00000000e+00
 0.00000000e+00 0.00000000e+00 0.00000000e+00 0.00000000e+00
 0.00000000e+00 0.00000000e+00 0.00000000e+00 0.00000000e+00
 0.00000000e+00 0.00000000e+00 0.00000000e+00 0.00000000e+00
 0.00000000e+00 0.00000000e+00 0.00000000e+00 0.00000000e+00
 1.80517835e+01 2.07632676e+01 2.30329748e+01 2.51617763e+01
 2.68727937e+01 2.73842364e+01 2.71430290e+01 2.57755067e+01
 2.31704766e+01 1.97758501e+01 1.56585616e+01 1.13483475e+01
 7.49556649e+00 4.31283055e+00 2.04278166e+00 7.12621147e-01
 1.76482867e-01 3.78573093e-02 6.18315992e-05 0.00000000e+00
 0.00000000e+00]
7
data after
[38.81505105834603, 23.03297475747764, 25.16177631636441, 26.872793663014768, 27.38423643448949, 27.14302900591314, 25.775506665709017, 23.17047660264835, 35.43441172671609, 26.126549325949988]
8
data,sig_tot
[38.81505106 23.03297476 25.16177632 26.87279366 27.38423643 27.14302901
 25.77550667 23.1704766  35.43441173 26.12654933 24.0011234  20.59460912
 24.0471772 ]
[38.81505106 23.03297476 25.16177632 26.87279366 27.38423643 27.14302901
 25.77550667 23.1704766  35.43441173 26.12654933 24.0011234  20.59460912
 24.0471772 ]
2.9335383207765426 1.182363241147757 54.588119605805616
val isze = 0
idinces = [ 9  1  5  2  3  7 12 10 11  0  4  6  8]
training loss = 1.5571001768112183 500
training loss = 0.8167962431907654 1000
training loss = 0.8116613030433655 1500
reduced chi^2 level 2 = 0.8121685981750488
Constrained alpha: 3.148688793182373
Constrained beta: 2.1725783348083496
Constrained gamma: 38.271087646484375
(1, 13)
(1, 0)
data before
[0.00000000e+00 0.00000000e+00 0.00000000e+00 0.00000000e+00
 0.00000000e+00 0.00000000e+00 0.00000000e+00 0.00000000e+00
 0.00000000e+00 0.00000000e+00 0.00000000e+00 0.00000000e+00
 0.00000000e+00 0.00000000e+00 0.00000000e+00 0.00000000e+00
 0.00000000e+00 0.00000000e+00 0.00000000e+00 0.00000000e+00
 1.80517835e+01 2.07632676e+01 2.30329748e+01 2.51617763e+01
 2.68727937e+01 2.73842364e+01 2.71430290e+01 2.57755067e+01
 2.31704766e+01 1.97758501e+01 1.56585616e+01 1.13483475e+01
 7.49556649e+00 4.31283055e+00 2.04278166e+00 7.12621147e-01
 1.76482867e-01 3.78573093e-02 6.18315992e-05 0.00000000e+00
 0.00000000e+00]
7
data after
[38.81505105834603, 23.03297475747764, 25.16177631636441, 26.872793663014768, 27.38423643448949, 27.14302900591314, 25.775506665709017, 23.17047660264835, 35.43441172671609, 26.126549325949988]
8
data,sig_tot
[38.81505106 23.03297476 25.16177632 26.87279366 27.38423643 27.14302901
 25.77550667 23.1704766  35.43441173 26.12654933 24.0011234  20.59460912
 24.0471772 ]
[38.81505106 23.03297476 25.16177632 26.87279366 27.38423643 27.14302901
 25.77550667 23.1704766  35.43441173 26.12654933 24.0011234  20.59460912
 24.0471772 ]
2.6936176787144577 19.795793107656397 65.15009180652672
val isze = 0
idinces = [10  8 11  6 12  7  5  3  9  2  4  0  1]
training loss = 1.766534447669983 500
training loss = 0.939413845539093 1000
training loss = 0.57167649269104 1500
training loss = 0.5639140009880066 2000
reduced chi^2 level 2 = 0.6230482459068298
Constrained alpha: 2.093151330947876
Constrained beta: 1.1074026823043823
Constrained gamma: 16.83369255065918
(1, 13)
(1, 0)
data before
[0.00000000e+00 0.00000000e+00 0.00000000e+00 0.00000000e+00
 0.00000000e+00 0.00000000e+00 0.00000000e+00 0.00000000e+00
 0.00000000e+00 0.00000000e+00 0.00000000e+00 0.00000000e+00
 0.00000000e+00 0.00000000e+00 0.00000000e+00 0.00000000e+00
 0.00000000e+00 0.00000000e+00 0.00000000e+00 0.00000000e+00
 1.80517835e+01 2.07632676e+01 2.30329748e+01 2.51617763e+01
 2.68727937e+01 2.73842364e+01 2.71430290e+01 2.57755067e+01
 2.31704766e+01 1.97758501e+01 1.56585616e+01 1.13483475e+01
 7.49556649e+00 4.31283055e+00 2.04278166e+00 7.12621147e-01
 1.76482867e-01 3.78573093e-02 6.18315992e-05 0.00000000e+00
 0.00000000e+00]
7
data after
[38.81505105834603, 23.03297475747764, 25.16177631636441, 26.872793663014768, 27.38423643448949, 27.14302900591314, 25.775506665709017, 23.17047660264835, 35.43441172671609, 26.126549325949988]
8
data,sig_tot
[38.81505106 23.03297476 25.16177632 26.87279366 27.38423643 27.14302901
 25.77550667 23.1704766  35.43441173 26.12654933 24.0011234  20.59460912
 24.0471772 ]
[38.81505106 23.03297476 25.16177632 26.87279366 27.38423643 27.14302901
 25.77550667 23.1704766  35.43441173 26.12654933 24.0011234  20.59460912
 24.0471772 ]
1.7183984807081965 9.609351341741597 33.805867315673865
val isze = 0
idinces = [ 8  0  5  1 10  7  4  9  2  6 12 11  3]
training loss = 1.6212232112884521 500
training loss = 1.4033867120742798 1000
reduced chi^2 level 2 = 1.405362844467163
Constrained alpha: 3.0666394233703613
Constrained beta: 2.7247843742370605
Constrained gamma: 6.446445465087891
(1, 13)
(1, 0)
data before
[0.00000000e+00 0.00000000e+00 0.00000000e+00 0.00000000e+00
 0.00000000e+00 0.00000000e+00 0.00000000e+00 0.00000000e+00
 0.00000000e+00 0.00000000e+00 0.00000000e+00 0.00000000e+00
 0.00000000e+00 0.00000000e+00 0.00000000e+00 0.00000000e+00
 0.00000000e+00 0.00000000e+00 0.00000000e+00 0.00000000e+00
 1.80517835e+01 2.07632676e+01 2.30329748e+01 2.51617763e+01
 2.68727937e+01 2.73842364e+01 2.71430290e+01 2.57755067e+01
 2.31704766e+01 1.97758501e+01 1.56585616e+01 1.13483475e+01
 7.49556649e+00 4.31283055e+00 2.04278166e+00 7.12621147e-01
 1.76482867e-01 3.78573093e-02 6.18315992e-05 0.00000000e+00
 0.00000000e+00]
7
data after
[38.81505105834603, 23.03297475747764, 25.16177631636441, 26.872793663014768, 27.38423643448949, 27.14302900591314, 25.775506665709017, 23.17047660264835, 35.43441172671609, 26.126549325949988]
8
data,sig_tot
[38.81505106 23.03297476 25.16177632 26.87279366 27.38423643 27.14302901
 25.77550667 23.1704766  35.43441173 26.12654933 24.0011234  20.59460912
 24.0471772 ]
[38.81505106 23.03297476 25.16177632 26.87279366 27.38423643 27.14302901
 25.77550667 23.1704766  35.43441173 26.12654933 24.0011234  20.59460912
 24.0471772 ]
1.7060737396021652 11.154834015361379 62.44386204857333
val isze = 0
idinces = [10  6  9  4  1 11  8  5  2  3  0 12  7]
training loss = 1.577613353729248 500
training loss = 0.817014753818512 1000
training loss = 0.789944589138031 1500
training loss = 0.7281491756439209 2000
training loss = 0.7254694700241089 2500
training loss = 0.7239722013473511 3000
training loss = 0.7224371433258057 3500
training loss = 0.7217409014701843 4000
training loss = 0.7254379987716675 4500
training loss = 0.7214680910110474 5000
reduced chi^2 level 2 = 0.7302601337432861
Constrained alpha: 3.4433960914611816
Constrained beta: 0.1790045201778412
Constrained gamma: 1.3154550790786743
(1, 13)
(1, 0)
data before
[0.00000000e+00 0.00000000e+00 0.00000000e+00 0.00000000e+00
 0.00000000e+00 0.00000000e+00 0.00000000e+00 0.00000000e+00
 0.00000000e+00 0.00000000e+00 0.00000000e+00 0.00000000e+00
 0.00000000e+00 0.00000000e+00 0.00000000e+00 0.00000000e+00
 0.00000000e+00 0.00000000e+00 0.00000000e+00 0.00000000e+00
 1.80517835e+01 2.07632676e+01 2.30329748e+01 2.51617763e+01
 2.68727937e+01 2.73842364e+01 2.71430290e+01 2.57755067e+01
 2.31704766e+01 1.97758501e+01 1.56585616e+01 1.13483475e+01
 7.49556649e+00 4.31283055e+00 2.04278166e+00 7.12621147e-01
 1.76482867e-01 3.78573093e-02 6.18315992e-05 0.00000000e+00
 0.00000000e+00]
7
data after
[38.81505105834603, 23.03297475747764, 25.16177631636441, 26.872793663014768, 27.38423643448949, 27.14302900591314, 25.775506665709017, 23.17047660264835, 35.43441172671609, 26.126549325949988]
8
data,sig_tot
[38.81505106 23.03297476 25.16177632 26.87279366 27.38423643 27.14302901
 25.77550667 23.1704766  35.43441173 26.12654933 24.0011234  20.59460912
 24.0471772 ]
[38.81505106 23.03297476 25.16177632 26.87279366 27.38423643 27.14302901
 25.77550667 23.1704766  35.43441173 26.12654933 24.0011234  20.59460912
 24.0471772 ]
1.0753287633200337 19.096662080585826 44.60858385504994
val isze = 0
idinces = [ 7 11  0  6  2 10  3  9  8  1 12  5  4]
training loss = 1.5772602558135986 500
training loss = 0.5546547770500183 1000
reduced chi^2 level 2 = 0.5746973156929016
Constrained alpha: 2.8082211017608643
Constrained beta: 4.8965277671813965
Constrained gamma: 14.449346542358398
(1, 13)
(1, 0)
data before
[0.00000000e+00 0.00000000e+00 0.00000000e+00 0.00000000e+00
 0.00000000e+00 0.00000000e+00 0.00000000e+00 0.00000000e+00
 0.00000000e+00 0.00000000e+00 0.00000000e+00 0.00000000e+00
 0.00000000e+00 0.00000000e+00 0.00000000e+00 0.00000000e+00
 0.00000000e+00 0.00000000e+00 0.00000000e+00 0.00000000e+00
 1.80517835e+01 2.07632676e+01 2.30329748e+01 2.51617763e+01
 2.68727937e+01 2.73842364e+01 2.71430290e+01 2.57755067e+01
 2.31704766e+01 1.97758501e+01 1.56585616e+01 1.13483475e+01
 7.49556649e+00 4.31283055e+00 2.04278166e+00 7.12621147e-01
 1.76482867e-01 3.78573093e-02 6.18315992e-05 0.00000000e+00
 0.00000000e+00]
7
data after
[38.81505105834603, 23.03297475747764, 25.16177631636441, 26.872793663014768, 27.38423643448949, 27.14302900591314, 25.775506665709017, 23.17047660264835, 35.43441172671609, 26.126549325949988]
8
data,sig_tot
[38.81505106 23.03297476 25.16177632 26.87279366 27.38423643 27.14302901
 25.77550667 23.1704766  35.43441173 26.12654933 24.0011234  20.59460912
 24.0471772 ]
[38.81505106 23.03297476 25.16177632 26.87279366 27.38423643 27.14302901
 25.77550667 23.1704766  35.43441173 26.12654933 24.0011234  20.59460912
 24.0471772 ]
3.8374244424120567 4.176146017060751 12.785058631730116
val isze = 0
idinces = [ 7  3  6  1  0 10  4 12  8  2  9  5 11]
training loss = 2.6330246925354004 500
training loss = 1.083478569984436 1000
training loss = 0.9217448830604553 1500
training loss = 0.9211382269859314 2000
training loss = 0.920523464679718 2500
training loss = 0.920036792755127 3000
training loss = 0.9198294878005981 3500
reduced chi^2 level 2 = 0.9199038743972778
Constrained alpha: 3.297762632369995
Constrained beta: 1.9432016611099243
Constrained gamma: 9.782220840454102
(1, 13)
(1, 0)
data before
[0.00000000e+00 0.00000000e+00 0.00000000e+00 0.00000000e+00
 0.00000000e+00 0.00000000e+00 0.00000000e+00 0.00000000e+00
 0.00000000e+00 0.00000000e+00 0.00000000e+00 0.00000000e+00
 0.00000000e+00 0.00000000e+00 0.00000000e+00 0.00000000e+00
 0.00000000e+00 0.00000000e+00 0.00000000e+00 0.00000000e+00
 1.80517835e+01 2.07632676e+01 2.30329748e+01 2.51617763e+01
 2.68727937e+01 2.73842364e+01 2.71430290e+01 2.57755067e+01
 2.31704766e+01 1.97758501e+01 1.56585616e+01 1.13483475e+01
 7.49556649e+00 4.31283055e+00 2.04278166e+00 7.12621147e-01
 1.76482867e-01 3.78573093e-02 6.18315992e-05 0.00000000e+00
 0.00000000e+00]
7
data after
[38.81505105834603, 23.03297475747764, 25.16177631636441, 26.872793663014768, 27.38423643448949, 27.14302900591314, 25.775506665709017, 23.17047660264835, 35.43441172671609, 26.126549325949988]
8
data,sig_tot
[38.81505106 23.03297476 25.16177632 26.87279366 27.38423643 27.14302901
 25.77550667 23.1704766  35.43441173 26.12654933 24.0011234  20.59460912
 24.0471772 ]
[38.81505106 23.03297476 25.16177632 26.87279366 27.38423643 27.14302901
 25.77550667 23.1704766  35.43441173 26.12654933 24.0011234  20.59460912
 24.0471772 ]
2.165947073308922 16.372577982361612 12.285244767664905
val isze = 0
idinces = [ 2  0 12  7  8  5  3  4 11  6  1  9 10]
training loss = 1.3543903827667236 500
training loss = 1.1412389278411865 1000
reduced chi^2 level 2 = 1.153070330619812
Constrained alpha: 3.0005733966827393
Constrained beta: 3.5191850662231445
Constrained gamma: 1.8595389127731323
(1, 13)
(1, 0)
data before
[0.00000000e+00 0.00000000e+00 0.00000000e+00 0.00000000e+00
 0.00000000e+00 0.00000000e+00 0.00000000e+00 0.00000000e+00
 0.00000000e+00 0.00000000e+00 0.00000000e+00 0.00000000e+00
 0.00000000e+00 0.00000000e+00 0.00000000e+00 0.00000000e+00
 0.00000000e+00 0.00000000e+00 0.00000000e+00 0.00000000e+00
 1.80517835e+01 2.07632676e+01 2.30329748e+01 2.51617763e+01
 2.68727937e+01 2.73842364e+01 2.71430290e+01 2.57755067e+01
 2.31704766e+01 1.97758501e+01 1.56585616e+01 1.13483475e+01
 7.49556649e+00 4.31283055e+00 2.04278166e+00 7.12621147e-01
 1.76482867e-01 3.78573093e-02 6.18315992e-05 0.00000000e+00
 0.00000000e+00]
7
data after
[38.81505105834603, 23.03297475747764, 25.16177631636441, 26.872793663014768, 27.38423643448949, 27.14302900591314, 25.775506665709017, 23.17047660264835, 35.43441172671609, 26.126549325949988]
8
data,sig_tot
[38.81505106 23.03297476 25.16177632 26.87279366 27.38423643 27.14302901
 25.77550667 23.1704766  35.43441173 26.12654933 24.0011234  20.59460912
 24.0471772 ]
[38.81505106 23.03297476 25.16177632 26.87279366 27.38423643 27.14302901
 25.77550667 23.1704766  35.43441173 26.12654933 24.0011234  20.59460912
 24.0471772 ]
1.2645064683588136 9.348089342744908 8.25687364794996
val isze = 0
idinces = [ 5  4  0 11  7  3  1  2 12  6  8  9 10]
training loss = 1.0894691944122314 500
training loss = 1.0559022426605225 1000
reduced chi^2 level 2 = 1.0640935897827148
Constrained alpha: 2.718440055847168
Constrained beta: 4.559343338012695
Constrained gamma: 3.6503899097442627
(1, 13)
(1, 0)
data before
[0.00000000e+00 0.00000000e+00 0.00000000e+00 0.00000000e+00
 0.00000000e+00 0.00000000e+00 0.00000000e+00 0.00000000e+00
 0.00000000e+00 0.00000000e+00 0.00000000e+00 0.00000000e+00
 0.00000000e+00 0.00000000e+00 0.00000000e+00 0.00000000e+00
 0.00000000e+00 0.00000000e+00 0.00000000e+00 0.00000000e+00
 1.80517835e+01 2.07632676e+01 2.30329748e+01 2.51617763e+01
 2.68727937e+01 2.73842364e+01 2.71430290e+01 2.57755067e+01
 2.31704766e+01 1.97758501e+01 1.56585616e+01 1.13483475e+01
 7.49556649e+00 4.31283055e+00 2.04278166e+00 7.12621147e-01
 1.76482867e-01 3.78573093e-02 6.18315992e-05 0.00000000e+00
 0.00000000e+00]
7
data after
[38.81505105834603, 23.03297475747764, 25.16177631636441, 26.872793663014768, 27.38423643448949, 27.14302900591314, 25.775506665709017, 23.17047660264835, 35.43441172671609, 26.126549325949988]
8
data,sig_tot
[38.81505106 23.03297476 25.16177632 26.87279366 27.38423643 27.14302901
 25.77550667 23.1704766  35.43441173 26.12654933 24.0011234  20.59460912
 24.0471772 ]
[38.81505106 23.03297476 25.16177632 26.87279366 27.38423643 27.14302901
 25.77550667 23.1704766  35.43441173 26.12654933 24.0011234  20.59460912
 24.0471772 ]
1.1629272563142024 5.39717176311645 27.933120055389193
val isze = 0
idinces = [12  7 10  6  2  8  0  3  1  9  5 11  4]
training loss = 0.802061140537262 500
reduced chi^2 level 2 = 0.8085736036300659
Constrained alpha: 2.687790870666504
Constrained beta: 4.2279744148254395
Constrained gamma: 9.590814590454102
(1, 13)
(1, 0)
data before
[0.00000000e+00 0.00000000e+00 0.00000000e+00 0.00000000e+00
 0.00000000e+00 0.00000000e+00 0.00000000e+00 0.00000000e+00
 0.00000000e+00 0.00000000e+00 0.00000000e+00 0.00000000e+00
 0.00000000e+00 0.00000000e+00 0.00000000e+00 0.00000000e+00
 0.00000000e+00 0.00000000e+00 0.00000000e+00 0.00000000e+00
 1.80517835e+01 2.07632676e+01 2.30329748e+01 2.51617763e+01
 2.68727937e+01 2.73842364e+01 2.71430290e+01 2.57755067e+01
 2.31704766e+01 1.97758501e+01 1.56585616e+01 1.13483475e+01
 7.49556649e+00 4.31283055e+00 2.04278166e+00 7.12621147e-01
 1.76482867e-01 3.78573093e-02 6.18315992e-05 0.00000000e+00
 0.00000000e+00]
7
data after
[38.81505105834603, 23.03297475747764, 25.16177631636441, 26.872793663014768, 27.38423643448949, 27.14302900591314, 25.775506665709017, 23.17047660264835, 35.43441172671609, 26.126549325949988]
8
data,sig_tot
[38.81505106 23.03297476 25.16177632 26.87279366 27.38423643 27.14302901
 25.77550667 23.1704766  35.43441173 26.12654933 24.0011234  20.59460912
 24.0471772 ]
[38.81505106 23.03297476 25.16177632 26.87279366 27.38423643 27.14302901
 25.77550667 23.1704766  35.43441173 26.12654933 24.0011234  20.59460912
 24.0471772 ]
3.701839154040398 7.963693741904596 96.16484425961164
val isze = 0
idinces = [ 1 12  7  5 11  9  8  6  2  3  4  0 10]
training loss = 7.338492393493652 500
training loss = 6.364792823791504 1000
training loss = 4.720662593841553 1500
training loss = 1.6456632614135742 2000
training loss = 0.5877873301506042 2500
training loss = 0.5306772589683533 3000
training loss = 0.5098996162414551 3500
training loss = 0.4988830089569092 4000
training loss = 0.49061498045921326 4500
training loss = 0.48348933458328247 5000
reduced chi^2 level 2 = 0.483476459980011
Constrained alpha: 3.139995574951172
Constrained beta: 2.9439496994018555
Constrained gamma: 35.054359436035156
(1, 13)
(1, 0)
data before
[0.00000000e+00 0.00000000e+00 0.00000000e+00 0.00000000e+00
 0.00000000e+00 0.00000000e+00 0.00000000e+00 0.00000000e+00
 0.00000000e+00 0.00000000e+00 0.00000000e+00 0.00000000e+00
 0.00000000e+00 0.00000000e+00 0.00000000e+00 0.00000000e+00
 0.00000000e+00 0.00000000e+00 0.00000000e+00 0.00000000e+00
 1.80517835e+01 2.07632676e+01 2.30329748e+01 2.51617763e+01
 2.68727937e+01 2.73842364e+01 2.71430290e+01 2.57755067e+01
 2.31704766e+01 1.97758501e+01 1.56585616e+01 1.13483475e+01
 7.49556649e+00 4.31283055e+00 2.04278166e+00 7.12621147e-01
 1.76482867e-01 3.78573093e-02 6.18315992e-05 0.00000000e+00
 0.00000000e+00]
7
data after
[38.81505105834603, 23.03297475747764, 25.16177631636441, 26.872793663014768, 27.38423643448949, 27.14302900591314, 25.775506665709017, 23.17047660264835, 35.43441172671609, 26.126549325949988]
8
data,sig_tot
[38.81505106 23.03297476 25.16177632 26.87279366 27.38423643 27.14302901
 25.77550667 23.1704766  35.43441173 26.12654933 24.0011234  20.59460912
 24.0471772 ]
[38.81505106 23.03297476 25.16177632 26.87279366 27.38423643 27.14302901
 25.77550667 23.1704766  35.43441173 26.12654933 24.0011234  20.59460912
 24.0471772 ]
1.7729578164191262 18.33170422824683 3.5821558378714813
val isze = 0
idinces = [11  1  6 12  7  2  8  0  3  9 10  4  5]
training loss = 1.8129156827926636 500
training loss = 1.4162646532058716 1000
reduced chi^2 level 2 = 1.4223929643630981
Constrained alpha: 2.987938642501831
Constrained beta: 2.714491367340088
Constrained gamma: 1.9248894453048706
(1, 13)
(1, 0)
data before
[0.00000000e+00 0.00000000e+00 0.00000000e+00 0.00000000e+00
 0.00000000e+00 0.00000000e+00 0.00000000e+00 0.00000000e+00
 0.00000000e+00 0.00000000e+00 0.00000000e+00 0.00000000e+00
 0.00000000e+00 0.00000000e+00 0.00000000e+00 0.00000000e+00
 0.00000000e+00 0.00000000e+00 0.00000000e+00 0.00000000e+00
 1.80517835e+01 2.07632676e+01 2.30329748e+01 2.51617763e+01
 2.68727937e+01 2.73842364e+01 2.71430290e+01 2.57755067e+01
 2.31704766e+01 1.97758501e+01 1.56585616e+01 1.13483475e+01
 7.49556649e+00 4.31283055e+00 2.04278166e+00 7.12621147e-01
 1.76482867e-01 3.78573093e-02 6.18315992e-05 0.00000000e+00
 0.00000000e+00]
7
data after
[38.81505105834603, 23.03297475747764, 25.16177631636441, 26.872793663014768, 27.38423643448949, 27.14302900591314, 25.775506665709017, 23.17047660264835, 35.43441172671609, 26.126549325949988]
8
data,sig_tot
[38.81505106 23.03297476 25.16177632 26.87279366 27.38423643 27.14302901
 25.77550667 23.1704766  35.43441173 26.12654933 24.0011234  20.59460912
 24.0471772 ]
[38.81505106 23.03297476 25.16177632 26.87279366 27.38423643 27.14302901
 25.77550667 23.1704766  35.43441173 26.12654933 24.0011234  20.59460912
 24.0471772 ]
0.37418777512468804 12.215900795252539 82.84525618521944
val isze = 0
idinces = [ 8  4 10  2  1  3 12 11  7  0  9  5  6]
training loss = 0.7646424770355225 500
training loss = 0.40969619154930115 1000
training loss = 0.37653234601020813 1500
reduced chi^2 level 2 = 0.3781183958053589
Constrained alpha: 2.8710975646972656
Constrained beta: 3.7118937969207764
Constrained gamma: 40.93253707885742
(1, 13)
(1, 0)
data before
[0.00000000e+00 0.00000000e+00 0.00000000e+00 0.00000000e+00
 0.00000000e+00 0.00000000e+00 0.00000000e+00 0.00000000e+00
 0.00000000e+00 0.00000000e+00 0.00000000e+00 0.00000000e+00
 0.00000000e+00 0.00000000e+00 0.00000000e+00 0.00000000e+00
 0.00000000e+00 0.00000000e+00 0.00000000e+00 0.00000000e+00
 1.80517835e+01 2.07632676e+01 2.30329748e+01 2.51617763e+01
 2.68727937e+01 2.73842364e+01 2.71430290e+01 2.57755067e+01
 2.31704766e+01 1.97758501e+01 1.56585616e+01 1.13483475e+01
 7.49556649e+00 4.31283055e+00 2.04278166e+00 7.12621147e-01
 1.76482867e-01 3.78573093e-02 6.18315992e-05 0.00000000e+00
 0.00000000e+00]
7
data after
[38.81505105834603, 23.03297475747764, 25.16177631636441, 26.872793663014768, 27.38423643448949, 27.14302900591314, 25.775506665709017, 23.17047660264835, 35.43441172671609, 26.126549325949988]
8
data,sig_tot
[38.81505106 23.03297476 25.16177632 26.87279366 27.38423643 27.14302901
 25.77550667 23.1704766  35.43441173 26.12654933 24.0011234  20.59460912
 24.0471772 ]
[38.81505106 23.03297476 25.16177632 26.87279366 27.38423643 27.14302901
 25.77550667 23.1704766  35.43441173 26.12654933 24.0011234  20.59460912
 24.0471772 ]
4.841965283058513 7.298537223079357 4.468579378141458
val isze = 0
idinces = [ 3 11 10  7  1  2  8  5 12  9  6  0  4]
training loss = 12.088263511657715 500
training loss = 11.866636276245117 1000
training loss = 11.714395523071289 1500
training loss = 11.506904602050781 2000
training loss = 11.205291748046875 2500
training loss = 10.717307090759277 3000
training loss = 9.789613723754883 3500
training loss = 7.433568000793457 4000
training loss = 2.4233758449554443 4500
training loss = 1.9484174251556396 5000
reduced chi^2 level 2 = 1.9475353956222534
Constrained alpha: 4.402624607086182
Constrained beta: 5.012825965881348
Constrained gamma: 4.275559902191162
(1, 13)
(1, 0)
data before
[0.00000000e+00 0.00000000e+00 0.00000000e+00 0.00000000e+00
 0.00000000e+00 0.00000000e+00 0.00000000e+00 0.00000000e+00
 0.00000000e+00 0.00000000e+00 0.00000000e+00 0.00000000e+00
 0.00000000e+00 0.00000000e+00 0.00000000e+00 0.00000000e+00
 0.00000000e+00 0.00000000e+00 0.00000000e+00 0.00000000e+00
 1.80517835e+01 2.07632676e+01 2.30329748e+01 2.51617763e+01
 2.68727937e+01 2.73842364e+01 2.71430290e+01 2.57755067e+01
 2.31704766e+01 1.97758501e+01 1.56585616e+01 1.13483475e+01
 7.49556649e+00 4.31283055e+00 2.04278166e+00 7.12621147e-01
 1.76482867e-01 3.78573093e-02 6.18315992e-05 0.00000000e+00
 0.00000000e+00]
7
data after
[38.81505105834603, 23.03297475747764, 25.16177631636441, 26.872793663014768, 27.38423643448949, 27.14302900591314, 25.775506665709017, 23.17047660264835, 35.43441172671609, 26.126549325949988]
8
data,sig_tot
[38.81505106 23.03297476 25.16177632 26.87279366 27.38423643 27.14302901
 25.77550667 23.1704766  35.43441173 26.12654933 24.0011234  20.59460912
 24.0471772 ]
[38.81505106 23.03297476 25.16177632 26.87279366 27.38423643 27.14302901
 25.77550667 23.1704766  35.43441173 26.12654933 24.0011234  20.59460912
 24.0471772 ]
0.6979273397443769 18.69017502493227 47.90217299365499
val isze = 0
idinces = [ 0  8 10  3  9 12  5  1  7  6 11  4  2]
training loss = 1.0510042905807495 500
training loss = 0.6664320230484009 1000
training loss = 0.6495078206062317 1500
reduced chi^2 level 2 = 0.649761974811554
Constrained alpha: 3.13089919090271
Constrained beta: 3.804258346557617
Constrained gamma: 13.32643985748291
(1, 13)
(1, 0)
data before
[0.00000000e+00 0.00000000e+00 0.00000000e+00 0.00000000e+00
 0.00000000e+00 0.00000000e+00 0.00000000e+00 0.00000000e+00
 0.00000000e+00 0.00000000e+00 0.00000000e+00 0.00000000e+00
 0.00000000e+00 0.00000000e+00 0.00000000e+00 0.00000000e+00
 0.00000000e+00 0.00000000e+00 0.00000000e+00 0.00000000e+00
 1.80517835e+01 2.07632676e+01 2.30329748e+01 2.51617763e+01
 2.68727937e+01 2.73842364e+01 2.71430290e+01 2.57755067e+01
 2.31704766e+01 1.97758501e+01 1.56585616e+01 1.13483475e+01
 7.49556649e+00 4.31283055e+00 2.04278166e+00 7.12621147e-01
 1.76482867e-01 3.78573093e-02 6.18315992e-05 0.00000000e+00
 0.00000000e+00]
7
data after
[38.81505105834603, 23.03297475747764, 25.16177631636441, 26.872793663014768, 27.38423643448949, 27.14302900591314, 25.775506665709017, 23.17047660264835, 35.43441172671609, 26.126549325949988]
8
data,sig_tot
[38.81505106 23.03297476 25.16177632 26.87279366 27.38423643 27.14302901
 25.77550667 23.1704766  35.43441173 26.12654933 24.0011234  20.59460912
 24.0471772 ]
[38.81505106 23.03297476 25.16177632 26.87279366 27.38423643 27.14302901
 25.77550667 23.1704766  35.43441173 26.12654933 24.0011234  20.59460912
 24.0471772 ]
3.147704798200138 11.86079187034802 7.060901332691671
val isze = 0
idinces = [ 3  2  7 11  0 10  1  6  9  8  5  4 12]
training loss = 1.5688084363937378 500
reduced chi^2 level 2 = 1.5729734897613525
Constrained alpha: 2.937580108642578
Constrained beta: 3.8179264068603516
Constrained gamma: 2.4084932804107666
(1, 13)
(1, 0)
data before
[0.00000000e+00 0.00000000e+00 0.00000000e+00 0.00000000e+00
 0.00000000e+00 0.00000000e+00 0.00000000e+00 0.00000000e+00
 0.00000000e+00 0.00000000e+00 0.00000000e+00 0.00000000e+00
 0.00000000e+00 0.00000000e+00 0.00000000e+00 0.00000000e+00
 0.00000000e+00 0.00000000e+00 0.00000000e+00 0.00000000e+00
 1.80517835e+01 2.07632676e+01 2.30329748e+01 2.51617763e+01
 2.68727937e+01 2.73842364e+01 2.71430290e+01 2.57755067e+01
 2.31704766e+01 1.97758501e+01 1.56585616e+01 1.13483475e+01
 7.49556649e+00 4.31283055e+00 2.04278166e+00 7.12621147e-01
 1.76482867e-01 3.78573093e-02 6.18315992e-05 0.00000000e+00
 0.00000000e+00]
7
data after
[38.81505105834603, 23.03297475747764, 25.16177631636441, 26.872793663014768, 27.38423643448949, 27.14302900591314, 25.775506665709017, 23.17047660264835, 35.43441172671609, 26.126549325949988]
8
data,sig_tot
[38.81505106 23.03297476 25.16177632 26.87279366 27.38423643 27.14302901
 25.77550667 23.1704766  35.43441173 26.12654933 24.0011234  20.59460912
 24.0471772 ]
[38.81505106 23.03297476 25.16177632 26.87279366 27.38423643 27.14302901
 25.77550667 23.1704766  35.43441173 26.12654933 24.0011234  20.59460912
 24.0471772 ]
2.18876241369592 5.532466029620795 75.45118808544159
val isze = 0
idinces = [ 9  8  0 11  2  7  6  4  3  1 10  5 12]
training loss = 2.0707077980041504 500
reduced chi^2 level 2 = 2.070964813232422
Constrained alpha: 3.1007912158966064
Constrained beta: 3.0810654163360596
Constrained gamma: 50.59196090698242
(1, 13)
(1, 0)
data before
[0.00000000e+00 0.00000000e+00 0.00000000e+00 0.00000000e+00
 0.00000000e+00 0.00000000e+00 0.00000000e+00 0.00000000e+00
 0.00000000e+00 0.00000000e+00 0.00000000e+00 0.00000000e+00
 0.00000000e+00 0.00000000e+00 0.00000000e+00 0.00000000e+00
 0.00000000e+00 0.00000000e+00 0.00000000e+00 0.00000000e+00
 1.80517835e+01 2.07632676e+01 2.30329748e+01 2.51617763e+01
 2.68727937e+01 2.73842364e+01 2.71430290e+01 2.57755067e+01
 2.31704766e+01 1.97758501e+01 1.56585616e+01 1.13483475e+01
 7.49556649e+00 4.31283055e+00 2.04278166e+00 7.12621147e-01
 1.76482867e-01 3.78573093e-02 6.18315992e-05 0.00000000e+00
 0.00000000e+00]
7
data after
[38.81505105834603, 23.03297475747764, 25.16177631636441, 26.872793663014768, 27.38423643448949, 27.14302900591314, 25.775506665709017, 23.17047660264835, 35.43441172671609, 26.126549325949988]
8
data,sig_tot
[38.81505106 23.03297476 25.16177632 26.87279366 27.38423643 27.14302901
 25.77550667 23.1704766  35.43441173 26.12654933 24.0011234  20.59460912
 24.0471772 ]
[38.81505106 23.03297476 25.16177632 26.87279366 27.38423643 27.14302901
 25.77550667 23.1704766  35.43441173 26.12654933 24.0011234  20.59460912
 24.0471772 ]
2.5015180942143496 1.415055235308047 12.411101054581808
val isze = 0
idinces = [ 0  8  9  5  2  7 10  4  6 11  1 12  3]
training loss = 1.1223981380462646 500
training loss = 1.1203587055206299 1000
training loss = 1.1202250719070435 1500
reduced chi^2 level 2 = 1.1209840774536133
Constrained alpha: 3.1682331562042236
Constrained beta: 2.240586280822754
Constrained gamma: 1.5830307006835938
(1, 13)
(1, 0)
data before
[0.00000000e+00 0.00000000e+00 0.00000000e+00 0.00000000e+00
 0.00000000e+00 0.00000000e+00 0.00000000e+00 0.00000000e+00
 0.00000000e+00 0.00000000e+00 0.00000000e+00 0.00000000e+00
 0.00000000e+00 0.00000000e+00 0.00000000e+00 0.00000000e+00
 0.00000000e+00 0.00000000e+00 0.00000000e+00 0.00000000e+00
 1.80517835e+01 2.07632676e+01 2.30329748e+01 2.51617763e+01
 2.68727937e+01 2.73842364e+01 2.71430290e+01 2.57755067e+01
 2.31704766e+01 1.97758501e+01 1.56585616e+01 1.13483475e+01
 7.49556649e+00 4.31283055e+00 2.04278166e+00 7.12621147e-01
 1.76482867e-01 3.78573093e-02 6.18315992e-05 0.00000000e+00
 0.00000000e+00]
7
data after
[38.81505105834603, 23.03297475747764, 25.16177631636441, 26.872793663014768, 27.38423643448949, 27.14302900591314, 25.775506665709017, 23.17047660264835, 35.43441172671609, 26.126549325949988]
8
data,sig_tot
[38.81505106 23.03297476 25.16177632 26.87279366 27.38423643 27.14302901
 25.77550667 23.1704766  35.43441173 26.12654933 24.0011234  20.59460912
 24.0471772 ]
[38.81505106 23.03297476 25.16177632 26.87279366 27.38423643 27.14302901
 25.77550667 23.1704766  35.43441173 26.12654933 24.0011234  20.59460912
 24.0471772 ]
0.4390751153832906 9.187706595115406 16.169687080150364
val isze = 0
idinces = [10  1  9 11 12  7  0  5  8  2  6  4  3]
training loss = 1.6715649366378784 500
training loss = 1.0900081396102905 1000
reduced chi^2 level 2 = 1.0836771726608276
Constrained alpha: 3.3444008827209473
Constrained beta: 1.2300971746444702
Constrained gamma: 1.5821459293365479
(1, 13)
(1, 0)
data before
[0.00000000e+00 0.00000000e+00 0.00000000e+00 0.00000000e+00
 0.00000000e+00 0.00000000e+00 0.00000000e+00 0.00000000e+00
 0.00000000e+00 0.00000000e+00 0.00000000e+00 0.00000000e+00
 0.00000000e+00 0.00000000e+00 0.00000000e+00 0.00000000e+00
 0.00000000e+00 0.00000000e+00 0.00000000e+00 0.00000000e+00
 1.80517835e+01 2.07632676e+01 2.30329748e+01 2.51617763e+01
 2.68727937e+01 2.73842364e+01 2.71430290e+01 2.57755067e+01
 2.31704766e+01 1.97758501e+01 1.56585616e+01 1.13483475e+01
 7.49556649e+00 4.31283055e+00 2.04278166e+00 7.12621147e-01
 1.76482867e-01 3.78573093e-02 6.18315992e-05 0.00000000e+00
 0.00000000e+00]
7
data after
[38.81505105834603, 23.03297475747764, 25.16177631636441, 26.872793663014768, 27.38423643448949, 27.14302900591314, 25.775506665709017, 23.17047660264835, 35.43441172671609, 26.126549325949988]
8
data,sig_tot
[38.81505106 23.03297476 25.16177632 26.87279366 27.38423643 27.14302901
 25.77550667 23.1704766  35.43441173 26.12654933 24.0011234  20.59460912
 24.0471772 ]
[38.81505106 23.03297476 25.16177632 26.87279366 27.38423643 27.14302901
 25.77550667 23.1704766  35.43441173 26.12654933 24.0011234  20.59460912
 24.0471772 ]
2.592138358118801 7.1016340931342175 27.927507210512104
val isze = 0
idinces = [10  3  0  9 11  8 12  6  2  1  7  5  4]
training loss = 0.568094789981842 500
training loss = 0.5138580203056335 1000
reduced chi^2 level 2 = 0.5142421722412109
Constrained alpha: 3.2639663219451904
Constrained beta: 0.9535084962844849
Constrained gamma: 3.6493732929229736
(1, 13)
(1, 0)
data before
[0.00000000e+00 0.00000000e+00 0.00000000e+00 0.00000000e+00
 0.00000000e+00 0.00000000e+00 0.00000000e+00 0.00000000e+00
 0.00000000e+00 0.00000000e+00 0.00000000e+00 0.00000000e+00
 0.00000000e+00 0.00000000e+00 0.00000000e+00 0.00000000e+00
 0.00000000e+00 0.00000000e+00 0.00000000e+00 0.00000000e+00
 1.80517835e+01 2.07632676e+01 2.30329748e+01 2.51617763e+01
 2.68727937e+01 2.73842364e+01 2.71430290e+01 2.57755067e+01
 2.31704766e+01 1.97758501e+01 1.56585616e+01 1.13483475e+01
 7.49556649e+00 4.31283055e+00 2.04278166e+00 7.12621147e-01
 1.76482867e-01 3.78573093e-02 6.18315992e-05 0.00000000e+00
 0.00000000e+00]
7
data after
[38.81505105834603, 23.03297475747764, 25.16177631636441, 26.872793663014768, 27.38423643448949, 27.14302900591314, 25.775506665709017, 23.17047660264835, 35.43441172671609, 26.126549325949988]
8
data,sig_tot
[38.81505106 23.03297476 25.16177632 26.87279366 27.38423643 27.14302901
 25.77550667 23.1704766  35.43441173 26.12654933 24.0011234  20.59460912
 24.0471772 ]
[38.81505106 23.03297476 25.16177632 26.87279366 27.38423643 27.14302901
 25.77550667 23.1704766  35.43441173 26.12654933 24.0011234  20.59460912
 24.0471772 ]
1.7263626823489537 8.009459381354144 58.651279952971045
val isze = 0
idinces = [10  7  9  1 11  0  4  5  8  2  6 12  3]
training loss = 0.8484650254249573 500
training loss = 0.6886774301528931 1000
reduced chi^2 level 2 = 0.6896353960037231
Constrained alpha: 3.311173439025879
Constrained beta: 2.296462059020996
Constrained gamma: 24.74732208251953
>>>>>>> bf5bffb69ec4a318117f0a4aa6bdaab926d87e87
(1, 13)
(1, 0)
