data before
[0.00000000e+00 0.00000000e+00 0.00000000e+00 0.00000000e+00
 0.00000000e+00 0.00000000e+00 0.00000000e+00 0.00000000e+00
 0.00000000e+00 0.00000000e+00 0.00000000e+00 0.00000000e+00
 0.00000000e+00 0.00000000e+00 0.00000000e+00 0.00000000e+00
 0.00000000e+00 0.00000000e+00 0.00000000e+00 0.00000000e+00
 0.00000000e+00 0.00000000e+00 0.00000000e+00 0.00000000e+00
 0.00000000e+00 0.00000000e+00 0.00000000e+00 0.00000000e+00
 0.00000000e+00 0.00000000e+00 0.00000000e+00 0.00000000e+00
 0.00000000e+00 0.00000000e+00 0.00000000e+00 0.00000000e+00
 0.00000000e+00 0.00000000e+00 0.00000000e+00 0.00000000e+00
 0.00000000e+00 0.00000000e+00 0.00000000e+00 0.00000000e+00
 0.00000000e+00 0.00000000e+00 0.00000000e+00 0.00000000e+00
 0.00000000e+00 0.00000000e+00 0.00000000e+00 0.00000000e+00
 0.00000000e+00 0.00000000e+00 0.00000000e+00 0.00000000e+00
 0.00000000e+00 0.00000000e+00 0.00000000e+00 0.00000000e+00
 0.00000000e+00 0.00000000e+00 0.00000000e+00 0.00000000e+00
 0.00000000e+00 0.00000000e+00 0.00000000e+00 0.00000000e+00
 0.00000000e+00 0.00000000e+00 0.00000000e+00 0.00000000e+00
 0.00000000e+00 0.00000000e+00 0.00000000e+00 0.00000000e+00
 0.00000000e+00 0.00000000e+00 0.00000000e+00 0.00000000e+00
 0.00000000e+00 0.00000000e+00 0.00000000e+00 0.00000000e+00
 0.00000000e+00 0.00000000e+00 0.00000000e+00 0.00000000e+00
 0.00000000e+00 0.00000000e+00 0.00000000e+00 0.00000000e+00
 0.00000000e+00 0.00000000e+00 0.00000000e+00 0.00000000e+00
 0.00000000e+00 0.00000000e+00 0.00000000e+00 0.00000000e+00
 0.00000000e+00 0.00000000e+00 0.00000000e+00 3.52287950e-03
 4.26543232e-02 1.31694501e-01 2.48265903e-01 3.97593248e-01
 5.81304539e-01 8.39411133e-01 1.15018915e+00 1.43999476e+00
 1.79017689e+00 2.23255440e+00 2.76766784e+00 3.33347127e+00
 4.07994297e+00 4.84854851e+00 5.76222134e+00 6.60969427e+00
 7.53928772e+00 8.77367281e+00 9.71086057e+00 1.10335804e+01
 1.26744788e+01 1.46333859e+01 1.62541309e+01 1.85579107e+01
 2.05717331e+01 2.25586006e+01 2.45885560e+01 2.68065849e+01
 2.88584853e+01 3.10338924e+01 3.35662963e+01 3.49433728e+01
 3.69924930e+01 3.91263571e+01 4.07281155e+01 4.31567012e+01
 4.48793042e+01 4.67256715e+01 4.92804122e+01 5.03836936e+01
 5.21833282e+01 5.40246408e+01 5.53992783e+01 5.70651249e+01
 5.78296443e+01 5.82194054e+01 5.90121434e+01 5.94123992e+01
 5.96628396e+01 5.96469131e+01 5.94269172e+01 5.92434502e+01
 5.88520993e+01 5.75134571e+01 5.59584322e+01 5.40154776e+01
 5.17859724e+01 5.02180149e+01 4.92553970e+01 4.76619681e+01
 4.59404272e+01 4.36559667e+01 4.07285997e+01 3.77471093e+01
 3.51772622e+01 3.42571755e+01 3.24879675e+01 3.03631673e+01
 2.79349386e+01 2.49700036e+01 2.21425903e+01 1.98986970e+01
 1.84039075e+01 1.70349529e+01 1.46213483e+01 1.25249151e+01
 9.91248447e+00 7.06810670e+00 5.37502629e+00 4.95140437e+00
 4.51615411e+00 3.51867899e+00 2.66798456e+00 1.90196838e+00
 8.90363790e-01 1.86677124e+00 9.02270455e-01 0.00000000e+00
 0.00000000e+00 0.00000000e+00 0.00000000e+00 0.00000000e+00
 0.00000000e+00 0.00000000e+00 0.00000000e+00 0.00000000e+00
 0.00000000e+00]
16
data after
[23.886992331815755, 28.684876136661416, 20.74444095385524, 27.307864679739986, 34.81204163833778, 20.57173307505124, 22.55860063714938, 24.58855597312241, 26.806584879348023, 28.858485273301167, 31.03389244133664, 33.56629627560268, 34.94337279131151, 36.992493044392305, 39.126357054268766, 40.728115530428774, 43.156701155710856, 44.87930420147137, 46.72567152610552, 49.28041222160495, 50.383693576901855, 52.183328249625816, 54.02464076019347, 55.399278314212836, 57.06512487396507, 57.829644338257594, 58.219405388578295, 59.01214342838607, 59.412399189925885, 59.66283955569506, 59.64691308831201, 59.42691722916308, 59.24345019542847, 58.85209928163101, 57.51345710245665, 55.95843217455012, 54.015477637969134, 51.78597243320084, 50.21801491014674, 49.25539700963764, 47.66196811381787, 45.940427150856614, 43.65596673242579, 40.72859969174296, 37.74710929938571, 35.177262245097864, 34.25717554257845, 32.48796751064511, 30.363167281256448, 27.934938643519086, 24.970003563796524, 22.14259027407182, 38.30260450121469, 31.656301212503664, 22.437399559479054, 33.65872889616951]
29
data,sig_tot
[23.88699233 28.68487614 20.74444095 27.30786468 34.81204164 20.57173308
 22.55860064 24.58855597 26.80658488 28.85848527 31.03389244 33.56629628
 34.94337279 36.99249304 39.12635705 40.72811553 43.15670116 44.8793042
 46.72567153 49.28041222 50.38369358 52.18332825 54.02464076 55.39927831
 57.06512487 57.82964434 58.21940539 59.01214343 59.41239919 59.66283956
 59.64691309 59.42691723 59.2434502  58.85209928 57.5134571  55.95843217
 54.01547764 51.78597243 50.21801491 49.25539701 47.66196811 45.94042715
 43.65596673 40.72859969 37.7471093  35.17726225 34.25717554 32.48796751
 30.36316728 27.93493864 24.97000356 22.14259027 38.3026045  31.65630121
 22.43739956 33.6587289  21.22865823 20.79217752 23.46227407 21.25914327
 24.65051217 27.63080844 29.61856652 20.25292398 20.80311988 20.64895745
 20.25624497 29.03417774 26.71568952 22.4983513  24.69908094 34.760382  ]
[23.88699233 28.68487614 20.74444095 27.30786468 34.81204164 20.57173308
 22.55860064 24.58855597 26.80658488 28.85848527 31.03389244 33.56629628
 34.94337279 36.99249304 39.12635705 40.72811553 43.15670116 44.8793042
 46.72567153 49.28041222 50.38369358 52.18332825 54.02464076 55.39927831
 57.06512487 57.82964434 58.21940539 59.01214343 59.41239919 59.66283956
 59.64691309 59.42691723 59.2434502  58.85209928 57.5134571  55.95843217
 54.01547764 51.78597243 50.21801491 49.25539701 47.66196811 45.94042715
 43.65596673 40.72859969 37.7471093  35.17726225 34.25717554 32.48796751
 30.36316728 27.93493864 24.97000356 22.14259027 38.3026045  31.65630121
 22.43739956 33.6587289  21.22865823 20.79217752 23.46227407 21.25914327
 24.65051217 27.63080844 29.61856652 20.25292398 20.80311988 20.64895745
 20.25624497 29.03417774 26.71568952 22.4983513  24.69908094 34.760382  ]
3.5796833419265517 13.834756462435907 16.025933440893446
val isze = 0
idinces = [69  3 26 39  2  6 61 19 32 58 52 65 35  4 37 38 20 21 50 17 56  7 60 34
 70 71 53 10 57 55 23 42 44 67 18 27 31  1 12 45 41 30 22 68 46 25 48  5
 13 49 14 59 66 33 43 24 63 11 47 62 16 51 36 54 40  0  8 29 28 64 15  9]
training loss = 2.412395477294922 500
training loss = 2.3989779949188232 1000
training loss = 2.3944549560546875 1500
training loss = 2.393157482147217 2000
(1, 72)
(1, 0)
