data before
[0.00000000e+00 0.00000000e+00 0.00000000e+00 0.00000000e+00
 0.00000000e+00 0.00000000e+00 0.00000000e+00 0.00000000e+00
 0.00000000e+00 0.00000000e+00 0.00000000e+00 0.00000000e+00
 0.00000000e+00 0.00000000e+00 0.00000000e+00 0.00000000e+00
 0.00000000e+00 0.00000000e+00 0.00000000e+00 0.00000000e+00
 0.00000000e+00 0.00000000e+00 0.00000000e+00 0.00000000e+00
 0.00000000e+00 0.00000000e+00 0.00000000e+00 0.00000000e+00
 0.00000000e+00 0.00000000e+00 0.00000000e+00 0.00000000e+00
 0.00000000e+00 0.00000000e+00 0.00000000e+00 0.00000000e+00
 0.00000000e+00 0.00000000e+00 0.00000000e+00 0.00000000e+00
 0.00000000e+00 0.00000000e+00 0.00000000e+00 0.00000000e+00
 0.00000000e+00 0.00000000e+00 0.00000000e+00 0.00000000e+00
 0.00000000e+00 0.00000000e+00 0.00000000e+00 0.00000000e+00
 0.00000000e+00 0.00000000e+00 0.00000000e+00 0.00000000e+00
 0.00000000e+00 0.00000000e+00 0.00000000e+00 0.00000000e+00
 0.00000000e+00 0.00000000e+00 0.00000000e+00 0.00000000e+00
 0.00000000e+00 0.00000000e+00 0.00000000e+00 0.00000000e+00
 0.00000000e+00 0.00000000e+00 0.00000000e+00 0.00000000e+00
 0.00000000e+00 0.00000000e+00 0.00000000e+00 0.00000000e+00
 0.00000000e+00 0.00000000e+00 0.00000000e+00 0.00000000e+00
 0.00000000e+00 0.00000000e+00 0.00000000e+00 0.00000000e+00
 0.00000000e+00 0.00000000e+00 0.00000000e+00 0.00000000e+00
 0.00000000e+00 0.00000000e+00 0.00000000e+00 0.00000000e+00
 0.00000000e+00 0.00000000e+00 0.00000000e+00 0.00000000e+00
 0.00000000e+00 0.00000000e+00 0.00000000e+00 0.00000000e+00
 0.00000000e+00 0.00000000e+00 0.00000000e+00 6.00973644e-01
 7.27308798e+00 2.24464767e+01 4.23057047e+01 6.77395012e+01
 9.90211803e+01 1.42901100e+02 1.95692339e+02 2.44810343e+02
 3.04057922e+02 3.78841032e+02 4.69112356e+02 5.64446854e+02
 6.90010811e+02 8.19105312e+02 9.72466049e+02 1.11421934e+03
 1.26941906e+03 1.47551994e+03 1.63107618e+03 1.85086954e+03
 2.12351623e+03 2.44840258e+03 2.71634077e+03 3.09744466e+03
 3.42916810e+03 3.75520634e+03 4.08717270e+03 4.45033584e+03
 4.78499233e+03 5.13976105e+03 5.55432776e+03 5.77661951e+03
 6.10959812e+03 6.45564705e+03 6.71050457e+03 7.09859940e+03
 7.36566996e+03 7.64914327e+03 8.04566515e+03 8.19985620e+03
 8.46498661e+03 8.73310811e+03 8.92471959e+03 9.17160314e+03
 9.27371847e+03 9.31307961e+03 9.41139112e+03 9.44302911e+03
 9.44895198e+03 9.41531616e+03 9.35847476e+03 9.31725445e+03
 9.24315977e+03 9.01347631e+03 8.74872342e+03 8.42136315e+03
 8.04949238e+03 7.78473294e+03 7.61940712e+03 7.35566276e+03
 7.06642006e+03 6.68905552e+03 6.20965144e+03 5.72186542e+03
 5.30546995e+03 5.15013813e+03 4.86634042e+03 4.52089600e+03
 4.12999255e+03 3.65446473e+03 3.19960162e+03 2.85049272e+03
 2.63720383e+03 2.44225231e+03 2.08730801e+03 1.78067211e+03
 1.39944119e+03 9.85051476e+02 7.40547705e+02 6.84139218e+02
 6.26228465e+02 4.86729663e+02 3.68955656e+02 2.62996301e+02
 1.23124699e+02 2.58134653e+02 1.24763486e+02 0.00000000e+00
 0.00000000e+00 0.00000000e+00 0.00000000e+00 0.00000000e+00
 0.00000000e+00 0.00000000e+00 0.00000000e+00 0.00000000e+00
 0.00000000e+00]
10
data after
[30.32053828325287, 42.30570466225505, 67.73950115795641, 99.0211802915972, 142.90109974358748, 195.69233889193563, 244.81034348163394, 304.05792236862203, 378.84103152907016, 469.11235592709977, 564.4468543484803, 690.0108106146853, 819.1053115994035, 972.4660489461222, 1114.2193377527576, 1269.4190594963152, 1475.5199379337676, 1631.0761824286255, 1850.8695421460309, 2123.516225435078, 2448.402582859833, 2716.3407664031242, 3097.4446586665626, 3429.1680950311325, 3755.206336349952, 4087.1727035419217, 4450.335843114388, 4784.992330913555, 5139.761048313429, 5554.327758068952, 5776.619510991104, 6109.598118064486, 6455.647052981889, 6710.5045712783385, 7098.599402928998, 7365.669959318877, 7649.143266715741, 8045.66515401028, 8199.85619998992, 8464.986607763645, 8733.10811312614, 8924.719585451778, 9171.603143130893, 9273.718469821166, 9313.079610954508, 9411.391120816403, 9443.02910805508, 9448.951981441394, 9415.316161004303, 9358.474758367342, 9317.254452407653, 9243.159766965486, 9013.476310703141, 8748.723422797864, 8421.36315075335, 8049.492379984095, 7784.732935934181, 7619.407117658619, 7355.662760860576, 7066.420059594823, 6689.05551827686, 6209.651439284056, 5721.865419372204, 5305.4699535914515, 5150.138132975695, 4866.340423630857, 4520.896003412487, 4129.992550849313, 3654.4647277751674, 3199.6016191867147, 2850.4927187351454, 2637.20383047557, 2442.2523112076283, 2087.3080145156277, 1780.6721133615438, 1399.441185296714, 985.0514762574867, 740.5477045853768, 684.1392177832073, 626.2284654161114, 486.72966279682254, 368.95565611503633, 262.99630092961553, 123.1246994541997, 258.134653284032, 124.7634856792153]
11
data,sig_tot
[  30.32053828   42.30570466   67.73950116   99.02118029  142.90109974
  195.69233889  244.81034348  304.05792237  378.84103153  469.11235593
  564.44685435  690.01081061  819.1053116   972.46604895 1114.21933775
 1269.4190595  1475.51993793 1631.07618243 1850.86954215 2123.51622544
 2448.40258286 2716.3407664  3097.44465867 3429.16809503 3755.20633635
 4087.17270354 4450.33584311 4784.99233091 5139.76104831 5554.32775807
 5776.61951099 6109.59811806 6455.64705298 6710.50457128 7098.59940293
 7365.66995932 7649.14326672 8045.66515401 8199.85619999 8464.98660776
 8733.10811313 8924.71958545 9171.60314313 9273.71846982 9313.07961095
 9411.39112082 9443.02910806 9448.95198144 9415.316161   9358.47475837
 9317.25445241 9243.15976697 9013.4763107  8748.7234228  8421.36315075
 8049.49237998 7784.73293593 7619.40711766 7355.66276086 7066.42005959
 6689.05551828 6209.65143928 5721.86541937 5305.46995359 5150.13813298
 4866.34042363 4520.89600341 4129.99255085 3654.46472778 3199.60161919
 2850.49271874 2637.20383048 2442.25231121 2087.30801452 1780.67211336
 1399.4411853   985.05147626  740.54770459  684.13921778  626.22846542
  486.7296628   368.95565612  262.99630093  123.12469945  258.13465328
  124.76348568   31.10978921   31.06694056   46.70703689   66.91766199
   87.41190549  109.60002562  128.12635494  158.56855114  185.55047023
  213.5050255   247.61124584  282.48651625  319.96224025  356.11462835
  403.52104608  451.15831421  511.00576171  575.26475453  632.94558169
  712.10978922  780.62881294  833.86876011  906.76019321  960.26444882
 1036.01764052 1088.22460739 1137.98389732 1210.90056692 1251.3396765
 1317.87918092 1397.69335116 1423.17025344 1491.79823675 1547.29965271
 1574.67524326 1625.1933611  1640.80907344 1671.789433   1671.69968264
 1699.47926809 1735.77015125 1720.92637828 1721.94598326 1701.40900934
 1695.74881856 1652.42050558 1632.30742767 1587.10402778 1561.80816101
 1526.46867454 1464.75346848 1391.9352873  1301.75178779 1218.90709249
 1148.08513652 1096.00095913 1052.29821319  975.89096375  887.55614478
  790.63130688  689.29024742  605.1784737   571.89103698  533.41072016
  467.80649607  399.09453297  320.46413408  235.03330306  184.18405664
  173.50872932  162.69102129  131.33988548  102.53578888   69.91536181
   33.82245957   31.77243006   30.65745032   28.71879203]
[  30.32053828   42.30570466   67.73950116   99.02118029  142.90109974
  195.69233889  244.81034348  304.05792237  378.84103153  469.11235593
  564.44685435  690.01081061  819.1053116   972.46604895 1114.21933775
 1269.4190595  1475.51993793 1631.07618243 1850.86954215 2123.51622544
 2448.40258286 2716.3407664  3097.44465867 3429.16809503 3755.20633635
 4087.17270354 4450.33584311 4784.99233091 5139.76104831 5554.32775807
 5776.61951099 6109.59811806 6455.64705298 6710.50457128 7098.59940293
 7365.66995932 7649.14326672 8045.66515401 8199.85619999 8464.98660776
 8733.10811313 8924.71958545 9171.60314313 9273.71846982 9313.07961095
 9411.39112082 9443.02910806 9448.95198144 9415.316161   9358.47475837
 9317.25445241 9243.15976697 9013.4763107  8748.7234228  8421.36315075
 8049.49237998 7784.73293593 7619.40711766 7355.66276086 7066.42005959
 6689.05551828 6209.65143928 5721.86541937 5305.46995359 5150.13813298
 4866.34042363 4520.89600341 4129.99255085 3654.46472778 3199.60161919
 2850.49271874 2637.20383048 2442.25231121 2087.30801452 1780.67211336
 1399.4411853   985.05147626  740.54770459  684.13921778  626.22846542
  486.7296628   368.95565612  262.99630093  123.12469945  258.13465328
  124.76348568   31.10978921   31.06694056   46.70703689   66.91766199
   87.41190549  109.60002562  128.12635494  158.56855114  185.55047023
  213.5050255   247.61124584  282.48651625  319.96224025  356.11462835
  403.52104608  451.15831421  511.00576171  575.26475453  632.94558169
  712.10978922  780.62881294  833.86876011  906.76019321  960.26444882
 1036.01764052 1088.22460739 1137.98389732 1210.90056692 1251.3396765
 1317.87918092 1397.69335116 1423.17025344 1491.79823675 1547.29965271
 1574.67524326 1625.1933611  1640.80907344 1671.789433   1671.69968264
 1699.47926809 1735.77015125 1720.92637828 1721.94598326 1701.40900934
 1695.74881856 1652.42050558 1632.30742767 1587.10402778 1561.80816101
 1526.46867454 1464.75346848 1391.9352873  1301.75178779 1218.90709249
 1148.08513652 1096.00095913 1052.29821319  975.89096375  887.55614478
  790.63130688  689.29024742  605.1784737   571.89103698  533.41072016
  467.80649607  399.09453297  320.46413408  235.03330306  184.18405664
  173.50872932  162.69102129  131.33988548  102.53578888   69.91536181
   33.82245957   31.77243006   30.65745032   28.71879203]
4.119306230501668 14.743893322974104 90.92303336676017
val isze = 0
idinces = [ 43  63  87  20 129  68  98 104  66 133 145  10 136  24  61 155  58  70
  52 105   1  35  99  39  19  47  49 106  21  60 103 132 138  97 128 141
  69   2  56 135  38  76 116 118 131  72  82  59  55 134  83  26 137  67
  41  78  32 160 157  48 108  25  53  90 109  51  14 150  29   3 158 114
 153  37 154 152  45 144  81  42  79 130 143  12 110 124  85   6  91  95
 162 151  34 140  50 102 101 112   4   5  44 111  96  84 142 119  75   7
  46  17 121 117  71  80 127 161 163 146  74  28  11 120  94  23  22 148
  93  18  27  36  57  31  65  89  30  86  92 126  13  77 147 149  33  62
 122 107  88  54 139 100  16 115  40   0  73   8 159 156 123 113  64  15
 125   9]
training loss = 58.23581314086914 500
training loss = 6.696085453033447 1000
training loss = 4.0484299659729 1500
training loss = 2.919851541519165 2000
training loss = 2.7050788402557373 2500
training loss = 2.364086151123047 3000
training loss = 2.2686808109283447 3500
training loss = 2.5814573764801025 4000
training loss = 2.338244915008545 4500
training loss = 2.245511293411255 5000
training loss = 2.243248701095581 5500
training loss = 2.2549312114715576 6000
training loss = 2.236928939819336 6500
training loss = 2.574326276779175 7000
training loss = 2.2360148429870605 7500
training loss = 2.2817559242248535 8000
training loss = 2.229296922683716 8500
training loss = 2.2222604751586914 9000
training loss = 2.1923789978027344 9500
training loss = 2.088057518005371 10000
training loss = 2.3645448684692383 10500
training loss = 2.055250406265259 11000
training loss = 2.05375075340271 11500
training loss = 2.0525076389312744 12000
training loss = 2.0511555671691895 12500
training loss = 2.0496628284454346 13000
training loss = 2.047910213470459 13500
training loss = 2.0459446907043457 14000
training loss = 2.043570041656494 14500
training loss = 2.0407896041870117 15000
training loss = 2.0376760959625244 15500
training loss = 3.3011577129364014 16000
training loss = 2.032160520553589 16500
training loss = 2.0703890323638916 17000
training loss = 2.064145565032959 17500
training loss = 2.0182268619537354 18000
training loss = 2.0147738456726074 18500
training loss = 2.010063409805298 19000
training loss = 2.006305694580078 19500
training loss = 2.0026297569274902 20000
training loss = 1.9991044998168945 20500
training loss = 1.9960728883743286 21000
training loss = 2.0340945720672607 21500
training loss = 1.9897083044052124 22000
training loss = 1.9870191812515259 22500
training loss = 1.984287142753601 23000
training loss = 1.9818928241729736 23500
training loss = 1.9793514013290405 24000
training loss = 1.977024793624878 24500
training loss = 1.9747661352157593 25000
training loss = 1.9724971055984497 25500
training loss = 1.9703367948532104 26000
training loss = 1.9681272506713867 26500
training loss = 1.9663373231887817 27000
training loss = 1.973107933998108 27500
training loss = 1.9704986810684204 28000
training loss = 1.9604194164276123 28500
training loss = 1.9587393999099731 29000
training loss = 1.956819772720337 29500
training loss = 1.9562448263168335 30000
reduced chi^2 level 2 = 1.9562482833862305
Constrained alpha: 2.1681454181671143
Constrained beta: 3.406289577484131
Constrained gamma: 21.638492584228516
(1, 164)
(1, 0)
