data before
[0.00000000e+00 0.00000000e+00 0.00000000e+00 0.00000000e+00
 0.00000000e+00 0.00000000e+00 0.00000000e+00 0.00000000e+00
 0.00000000e+00 0.00000000e+00 0.00000000e+00 6.52492038e-04
 2.22093009e-02 1.93749692e-01 5.14384201e-01 9.45867721e-01
 1.57177342e+00 2.48107576e+00 3.64504835e+00 5.63202095e+00
 8.47556082e+00 1.15103408e+01 1.62479086e+01 2.44228366e+01
 2.74593401e+01 2.80214522e+01 2.79876823e+01 2.71657469e+01
 2.54311240e+01 2.22473106e+01 1.77635612e+01 1.30289073e+01
 8.45908111e+00 4.83809704e+00 2.38438204e+00 1.12900866e+00
 6.28072128e-01 5.24530398e-01 6.03874473e-02 0.00000000e+00
 0.00000000e+00]
9
data after
[23.482342702361294, 27.758249365279376, 24.42283661182195, 27.459340053452255, 28.021452208554745, 27.987682329116463, 27.165746887385843, 25.431123957248182, 22.24731057785794, 48.816027268586694]
8
data,sig_tot
[23.4823427  27.75824937 24.42283661 27.45934005 28.02145221 27.98768233
 27.16574689 25.43112396 22.24731058 48.81602727 26.66759502 20.6119807
 22.08083699]
[23.4823427  27.75824937 24.42283661 27.45934005 28.02145221 27.98768233
 27.16574689 25.43112396 22.24731058 48.81602727 26.66759502 20.6119807
 22.08083699]
3.4078645623672226 8.227396119329297 64.98231930100314
val isze = 0
idinces = [ 3  7 11  6  8  2 12  5 10  1  0  4  9]
training loss = 3.3009815216064453 500
training loss = 2.74186635017395 1000
training loss = 1.3628813028335571 1500
training loss = 0.8147357106208801 2000
training loss = 0.5128595232963562 2500
training loss = 0.35991203784942627 3000
training loss = 0.2848758101463318 3500
training loss = 0.24766331911087036 4000
training loss = 0.22357332706451416 4500
training loss = 0.2067832499742508 5000
reduced chi^2 level 2 = 0.20631232857704163
Constrained alpha: 3.151463031768799
Constrained beta: 5.9834980964660645
Constrained gamma: 59.09077453613281
(1, 13)
(1, 0)
