data before
[0.00000000e+00 0.00000000e+00 0.00000000e+00 0.00000000e+00
 0.00000000e+00 0.00000000e+00 0.00000000e+00 0.00000000e+00
 0.00000000e+00 0.00000000e+00 0.00000000e+00 6.52492038e-04
 2.22093009e-02 1.93749692e-01 5.14384201e-01 9.45867721e-01
 1.57177342e+00 2.48107576e+00 3.64504835e+00 5.63202095e+00
 8.47556082e+00 1.15103408e+01 1.62479086e+01 2.44228366e+01
 2.74593401e+01 2.80214522e+01 2.79876823e+01 2.71657469e+01
 2.54311240e+01 2.22473106e+01 1.77635612e+01 1.30289073e+01
 8.45908111e+00 4.83809704e+00 2.38438204e+00 1.12900866e+00
 6.28072128e-01 5.24530398e-01 6.03874473e-02 0.00000000e+00
 0.00000000e+00]
9
data after
[23.482342702361294, 27.758249365279376, 24.42283661182195, 27.459340053452255, 28.021452208554745, 27.987682329116463, 27.165746887385843, 25.431123957248182, 22.24731057785794, 48.816027268586694]
8
data,sig_tot
[23.4823427  27.75824937 24.42283661 27.45934005 28.02145221 27.98768233
 27.16574689 25.43112396 22.24731058 48.81602727 26.66759502 20.6119807
 22.08083699]
[23.4823427  27.75824937 24.42283661 27.45934005 28.02145221 27.98768233
 27.16574689 25.43112396 22.24731058 48.81602727 26.66759502 20.6119807
 22.08083699]
3.8058532928203754 3.7580301952136796 26.682182289847255
val isze = 0
idinces = [ 3  7 11  6  8  2 12  5 10  1  0  4  9]
training loss = 3.1450936794281006 500
training loss = 1.3554363250732422 1000
training loss = 1.054530382156372 1500
training loss = 1.040231704711914 2000
training loss = 1.0294835567474365 2500
training loss = 1.019546627998352 3000
training loss = 1.0097243785858154 3500
training loss = 1.0010650157928467 4000
training loss = 0.9940769672393799 4500
training loss = 0.9880967140197754 5000
reduced chi^2 level 2 = 0.9880855679512024
Constrained alpha: 3.153534412384033
Constrained beta: 2.856739044189453
Constrained gamma: 24.938800811767578
(1, 13)
(1, 0)
