data before
[0.00000000e+00 0.00000000e+00 0.00000000e+00 0.00000000e+00
 0.00000000e+00 0.00000000e+00 0.00000000e+00 0.00000000e+00
 0.00000000e+00 0.00000000e+00 0.00000000e+00 9.17376737e-01
 2.87436164e+01 2.49180256e+02 6.63079121e+02 1.22065861e+03
 2.03698583e+03 3.21634275e+03 4.75029331e+03 7.37539545e+03
 1.12143034e+04 1.54323898e+04 2.24652511e+04 3.47759566e+04
 4.08591781e+04 4.40436909e+04 4.73523428e+04 5.01265999e+04
 5.21138332e+04 5.14355295e+04 4.79536154e+04 4.21893882e+04
 3.36635849e+04 2.42587931e+04 1.55754430e+04 9.78760306e+03
 6.68288505e+03 5.67294803e+03 6.55715929e+02 0.00000000e+00
 0.00000000e+00]
2
data after
[29.660993151841108, 249.18025629698565, 663.0791206980514, 1220.6586099447632, 2036.9858339264833, 3216.3427509086605, 4750.293309300629, 7375.395446675965, 11214.303396917725, 15432.38980980774, 22465.251119976194, 34775.956593591916, 40859.178068666384, 44043.69088234864, 47352.342793178104, 50126.599944482725, 52113.83316188202, 51435.52954527405, 47953.615431912236, 42189.38823230286, 33663.58491148224, 24258.793065937425, 15575.443048762894, 9787.603055130005, 6682.885050846005, 5672.948025443411, 655.7159291787357]
2
data,sig_tot
[2.96609932e+01 2.49180256e+02 6.63079121e+02 1.22065861e+03
 2.03698583e+03 3.21634275e+03 4.75029331e+03 7.37539545e+03
 1.12143034e+04 1.54323898e+04 2.24652511e+04 3.47759566e+04
 4.08591781e+04 4.40436909e+04 4.73523428e+04 5.01265999e+04
 5.21138332e+04 5.14355295e+04 4.79536154e+04 4.21893882e+04
 3.36635849e+04 2.42587931e+04 1.55754430e+04 9.78760306e+03
 6.68288505e+03 5.67294803e+03 6.55715929e+02 5.04350591e+01
 1.59864779e+02 4.74006151e+02 9.60427414e+02 1.55038233e+03
 2.17249007e+03 2.89261735e+03 4.11306767e+03 5.54400221e+03
 7.79539174e+03 1.10351092e+04 1.08642202e+04 1.19164650e+04
 1.26139049e+04 1.23254457e+04 1.16772370e+04 1.02197499e+04
 8.65355999e+03 6.95543045e+03 5.18652627e+03 3.51086037e+03
 2.19478346e+03 1.38934820e+03 9.46228668e+02 7.15352756e+02
 7.78925714e+01]
[2.96609932e+01 2.49180256e+02 6.63079121e+02 1.22065861e+03
 2.03698583e+03 3.21634275e+03 4.75029331e+03 7.37539545e+03
 1.12143034e+04 1.54323898e+04 2.24652511e+04 3.47759566e+04
 4.08591781e+04 4.40436909e+04 4.73523428e+04 5.01265999e+04
 5.21138332e+04 5.14355295e+04 4.79536154e+04 4.21893882e+04
 3.36635849e+04 2.42587931e+04 1.55754430e+04 9.78760306e+03
 6.68288505e+03 5.67294803e+03 6.55715929e+02 5.04350591e+01
 1.59864779e+02 4.74006151e+02 9.60427414e+02 1.55038233e+03
 2.17249007e+03 2.89261735e+03 4.11306767e+03 5.54400221e+03
 7.79539174e+03 1.10351092e+04 1.08642202e+04 1.19164650e+04
 1.26139049e+04 1.23254457e+04 1.16772370e+04 1.02197499e+04
 8.65355999e+03 6.95543045e+03 5.18652627e+03 3.51086037e+03
 2.19478346e+03 1.38934820e+03 9.46228668e+02 7.15352756e+02
 7.78925714e+01]
1.8502077847204186 9.119434256367786 52.407964123414054
val isze = 0
idinces = [20  3 45 17 31 35 39 26 21 38 23 34  7  6 42  2 50 43 10 37 27 18  4  1
 12 48 22 30 47 19 32  5 13 14 44 33 24 11 41 16 51 40 49 52  8 46 29 25
 28  0 15 36  9]
training loss = 48.74256896972656 500
training loss = 45.479087829589844 1000
training loss = 44.964744567871094 1500
training loss = 44.11842346191406 2000
training loss = 41.99635314941406 2500
training loss = 3.5789859294891357 3000
training loss = 3.0802972316741943 3500
training loss = 2.828850746154785 4000
training loss = 2.6962897777557373 4500
training loss = 2.617818593978882 5000
training loss = 2.566122055053711 5500
training loss = 2.525487184524536 6000
training loss = 2.9587807655334473 6500
training loss = 2.7511770725250244 7000
training loss = 2.419276714324951 7500
training loss = 2.37912654876709 8000
training loss = 2.3377010822296143 8500
training loss = 2.293290376663208 9000
training loss = 2.2461087703704834 9500
training loss = 2.1971347332000732 10000
training loss = 2.146472215652466 10500
training loss = 2.0954654216766357 11000
training loss = 2.045444965362549 11500
training loss = 1.9973256587982178 12000
training loss = 1.9516054391860962 12500
training loss = 1.9108461141586304 13000
training loss = 1.8787426948547363 13500
training loss = 1.8813785314559937 14000
training loss = 1.8221508264541626 14500
training loss = 1.820408821105957 15000
training loss = 1.7906769514083862 15500
training loss = 1.780595064163208 16000
training loss = 1.7775784730911255 16500
training loss = 1.9048539400100708 17000
training loss = 1.762276291847229 17500
training loss = 1.7577990293502808 18000
training loss = 1.7545934915542603 18500
training loss = 1.7550805807113647 19000
training loss = 2.3683249950408936 19500
training loss = 1.7549469470977783 20000
training loss = 1.7492849826812744 20500
training loss = 1.748819351196289 21000
training loss = 1.7484439611434937 21500
training loss = 1.7480926513671875 22000
training loss = 1.7477720975875854 22500
training loss = 1.7474613189697266 23000
training loss = 1.7471754550933838 23500
training loss = 1.7469000816345215 24000
training loss = 1.7466284036636353 24500
training loss = 1.7465734481811523 25000
reduced chi^2 level 2 = 1.7466610670089722
Constrained alpha: 2.20039439201355
Constrained beta: 4.883044242858887
Constrained gamma: 43.071346282958984
(1, 53)
(1, 0)
