data before
[0.00000000e+00 0.00000000e+00 0.00000000e+00 0.00000000e+00
 0.00000000e+00 0.00000000e+00 0.00000000e+00 0.00000000e+00
 0.00000000e+00 0.00000000e+00 0.00000000e+00 9.17376737e-01
 2.87436164e+01 2.49180256e+02 6.63079121e+02 1.22065861e+03
 2.03698583e+03 3.21634275e+03 4.75029331e+03 7.37539545e+03
 1.12143034e+04 1.54323898e+04 2.24652511e+04 3.47759566e+04
 4.08591781e+04 4.40436909e+04 4.73523428e+04 5.01265999e+04
 5.21138332e+04 5.14355295e+04 4.79536154e+04 4.21893882e+04
 3.36635849e+04 2.42587931e+04 1.55754430e+04 9.78760306e+03
 6.68288505e+03 5.67294803e+03 6.55715929e+02 0.00000000e+00
 0.00000000e+00]
2
data after
[29.660993151841108, 249.18025629698565, 663.0791206980514, 1220.6586099447632, 2036.9858339264833, 3216.3427509086605, 4750.293309300629, 7375.395446675965, 11214.303396917725, 15432.38980980774, 22465.251119976194, 34775.956593591916, 40859.178068666384, 44043.69088234864, 47352.342793178104, 50126.599944482725, 52113.83316188202, 51435.52954527405, 47953.615431912236, 42189.38823230286, 33663.58491148224, 24258.793065937425, 15575.443048762894, 9787.603055130005, 6682.885050846005, 5672.948025443411, 655.7159291787357]
2
data,sig_tot
[2.96609932e+01 2.49180256e+02 6.63079121e+02 1.22065861e+03
 2.03698583e+03 3.21634275e+03 4.75029331e+03 7.37539545e+03
 1.12143034e+04 1.54323898e+04 2.24652511e+04 3.47759566e+04
 4.08591781e+04 4.40436909e+04 4.73523428e+04 5.01265999e+04
 5.21138332e+04 5.14355295e+04 4.79536154e+04 4.21893882e+04
 3.36635849e+04 2.42587931e+04 1.55754430e+04 9.78760306e+03
 6.68288505e+03 5.67294803e+03 6.55715929e+02 5.04350591e+01
 1.59864779e+02 4.74006151e+02 9.60427414e+02 1.55038233e+03
 2.17249007e+03 2.89261735e+03 4.11306767e+03 5.54400221e+03
 7.79539174e+03 1.10351092e+04 1.08642202e+04 1.19164650e+04
 1.26139049e+04 1.23254457e+04 1.16772370e+04 1.02197499e+04
 8.65355999e+03 6.95543045e+03 5.18652627e+03 3.51086037e+03
 2.19478346e+03 1.38934820e+03 9.46228668e+02 7.15352756e+02
 7.78925714e+01]
[2.96609932e+01 2.49180256e+02 6.63079121e+02 1.22065861e+03
 2.03698583e+03 3.21634275e+03 4.75029331e+03 7.37539545e+03
 1.12143034e+04 1.54323898e+04 2.24652511e+04 3.47759566e+04
 4.08591781e+04 4.40436909e+04 4.73523428e+04 5.01265999e+04
 5.21138332e+04 5.14355295e+04 4.79536154e+04 4.21893882e+04
 3.36635849e+04 2.42587931e+04 1.55754430e+04 9.78760306e+03
 6.68288505e+03 5.67294803e+03 6.55715929e+02 5.04350591e+01
 1.59864779e+02 4.74006151e+02 9.60427414e+02 1.55038233e+03
 2.17249007e+03 2.89261735e+03 4.11306767e+03 5.54400221e+03
 7.79539174e+03 1.10351092e+04 1.08642202e+04 1.19164650e+04
 1.26139049e+04 1.23254457e+04 1.16772370e+04 1.02197499e+04
 8.65355999e+03 6.95543045e+03 5.18652627e+03 3.51086037e+03
 2.19478346e+03 1.38934820e+03 9.46228668e+02 7.15352756e+02
 7.78925714e+01]
0.4866265749650689 5.650122559045954 55.19531344587178
val isze = 0
idinces = [20  3 45 17 31 35 39 26 21 38 23 34  7  6 42  2 50 43 10 37 27 18  4  1
 12 48 22 30 47 19 32  5 13 14 44 33 24 11 41 16 51 40 49 52  8 46 29 25
 28  0 15 36  9]
training loss = 56.79445266723633 500
training loss = 44.51853561401367 1000
training loss = 44.34325408935547 1500
training loss = 44.02667236328125 2000
training loss = 43.32059097290039 2500
training loss = 40.88838577270508 3000
training loss = 3.0826501846313477 3500
training loss = 2.7169747352600098 4000
training loss = 2.6056771278381348 4500
training loss = 2.567929267883301 5000
training loss = 2.5490005016326904 5500
training loss = 2.5309224128723145 6000
training loss = 2.6714000701904297 6500
training loss = 2.5074667930603027 7000
training loss = 2.463029623031616 7500
training loss = 2.4238638877868652 8000
training loss = 2.3848671913146973 8500
training loss = 2.394619941711426 9000
training loss = 2.696788787841797 9500
training loss = 3.1388604640960693 10000
training loss = 2.2305057048797607 10500
training loss = 2.4058027267456055 11000
training loss = 2.0576605796813965 11500
training loss = 15.800514221191406 12000
training loss = 15.366026878356934 12500
training loss = 1.8196316957473755 13000
training loss = 1.765806794166565 13500
training loss = 1.7275415658950806 14000
training loss = 1.7022719383239746 14500
training loss = 1.6870204210281372 15000
training loss = 1.6777466535568237 15500
training loss = 1.6725565195083618 16000
training loss = 1.6695293188095093 16500
training loss = 1.6676045656204224 17000
training loss = 1.6662547588348389 17500
training loss = 1.6652374267578125 18000
training loss = 1.6643074750900269 18500
training loss = 1.663556694984436 19000
training loss = 1.663007378578186 19500
training loss = 1.6626019477844238 20000
training loss = 1.6693460941314697 20500
training loss = 1.6622159481048584 21000
training loss = 1.6609206199645996 21500
training loss = 1.660300374031067 22000
training loss = 1.659905195236206 22500
training loss = 1.6595063209533691 23000
training loss = 1.6592189073562622 23500
training loss = 1.6588345766067505 24000
training loss = 1.658491611480713 24500
training loss = 1.6582062244415283 25000
reduced chi^2 level 2 = 1.658202886581421
Constrained alpha: 2.209282636642456
Constrained beta: 4.684874534606934
Constrained gamma: 45.596954345703125
(1, 53)
(1, 0)
