data before
[0.00000000e+00 0.00000000e+00 0.00000000e+00 0.00000000e+00
 0.00000000e+00 0.00000000e+00 0.00000000e+00 0.00000000e+00
 0.00000000e+00 0.00000000e+00 0.00000000e+00 9.17376737e-01
 2.87436164e+01 2.49180256e+02 6.63079121e+02 1.22065861e+03
 2.03698583e+03 3.21634275e+03 4.75029331e+03 7.37539545e+03
 1.12143034e+04 1.54323898e+04 2.24652511e+04 3.47759566e+04
 4.08591781e+04 4.40436909e+04 4.73523428e+04 5.01265999e+04
 5.21138332e+04 5.14355295e+04 4.79536154e+04 4.21893882e+04
 3.36635849e+04 2.42587931e+04 1.55754430e+04 9.78760306e+03
 6.68288505e+03 5.67294803e+03 6.55715929e+02 0.00000000e+00
 0.00000000e+00]
2
data after
[29.660993151841108, 249.18025629698565, 663.0791206980514, 1220.6586099447632, 2036.9858339264833, 3216.3427509086605, 4750.293309300629, 7375.395446675965, 11214.303396917725, 15432.38980980774, 22465.251119976194, 34775.956593591916, 40859.178068666384, 44043.69088234864, 47352.342793178104, 50126.599944482725, 52113.83316188202, 51435.52954527405, 47953.615431912236, 42189.38823230286, 33663.58491148224, 24258.793065937425, 15575.443048762894, 9787.603055130005, 6682.885050846005, 5672.948025443411, 655.7159291787357]
2
data,sig_tot
[2.96609932e+01 2.49180256e+02 6.63079121e+02 1.22065861e+03
 2.03698583e+03 3.21634275e+03 4.75029331e+03 7.37539545e+03
 1.12143034e+04 1.54323898e+04 2.24652511e+04 3.47759566e+04
 4.08591781e+04 4.40436909e+04 4.73523428e+04 5.01265999e+04
 5.21138332e+04 5.14355295e+04 4.79536154e+04 4.21893882e+04
 3.36635849e+04 2.42587931e+04 1.55754430e+04 9.78760306e+03
 6.68288505e+03 5.67294803e+03 6.55715929e+02 5.04350591e+01
 1.59864779e+02 4.74006151e+02 9.60427414e+02 1.55038233e+03
 2.17249007e+03 2.89261735e+03 4.11306767e+03 5.54400221e+03
 7.79539174e+03 1.10351092e+04 1.08642202e+04 1.19164650e+04
 1.26139049e+04 1.23254457e+04 1.16772370e+04 1.02197499e+04
 8.65355999e+03 6.95543045e+03 5.18652627e+03 3.51086037e+03
 2.19478346e+03 1.38934820e+03 9.46228668e+02 7.15352756e+02
 7.78925714e+01]
[2.96609932e+01 2.49180256e+02 6.63079121e+02 1.22065861e+03
 2.03698583e+03 3.21634275e+03 4.75029331e+03 7.37539545e+03
 1.12143034e+04 1.54323898e+04 2.24652511e+04 3.47759566e+04
 4.08591781e+04 4.40436909e+04 4.73523428e+04 5.01265999e+04
 5.21138332e+04 5.14355295e+04 4.79536154e+04 4.21893882e+04
 3.36635849e+04 2.42587931e+04 1.55754430e+04 9.78760306e+03
 6.68288505e+03 5.67294803e+03 6.55715929e+02 5.04350591e+01
 1.59864779e+02 4.74006151e+02 9.60427414e+02 1.55038233e+03
 2.17249007e+03 2.89261735e+03 4.11306767e+03 5.54400221e+03
 7.79539174e+03 1.10351092e+04 1.08642202e+04 1.19164650e+04
 1.26139049e+04 1.23254457e+04 1.16772370e+04 1.02197499e+04
 8.65355999e+03 6.95543045e+03 5.18652627e+03 3.51086037e+03
 2.19478346e+03 1.38934820e+03 9.46228668e+02 7.15352756e+02
 7.78925714e+01]
2.22337360740327 15.637275870222018 32.63927568484931
val isze = 0
idinces = [20  3 45 17 31 35 39 26 21 38 23 34  7  6 42  2 50 43 10 37 27 18  4  1
 12 48 22 30 47 19 32  5 13 14 44 33 24 11 41 16 51 40 49 52  8 46 29 25
 28  0 15 36  9]
training loss = 54.65617370605469 500
training loss = 45.4814453125 1000
training loss = 42.75069046020508 1500
training loss = 2.5762531757354736 2000
training loss = 2.1935324668884277 2500
training loss = 2.1771175861358643 3000
training loss = 2.164189577102661 3500
training loss = 2.13930344581604 4000
training loss = 2.5242271423339844 4500
training loss = 2.313999891281128 5000
training loss = 2.0620594024658203 5500
training loss = 2.026031970977783 6000
training loss = 1.9889309406280518 6500
training loss = 2.995070695877075 7000
training loss = 1.9865353107452393 7500
training loss = 2.497860908508301 8000
training loss = 1.8989261388778687 8500
training loss = 1.8946443796157837 9000
training loss = 1.8945337533950806 9500
training loss = 3.810859203338623 10000
training loss = 1.8874831199645996 10500
training loss = 1.8871763944625854 11000
training loss = 1.884246587753296 11500
training loss = 1.882900357246399 12000
training loss = 4.826859951019287 12500
training loss = 2.234346628189087 13000
training loss = 1.8808605670928955 13500
training loss = 1.8794208765029907 14000
training loss = 1.8768644332885742 14500
training loss = 8.800881385803223 15000
training loss = 1.8755545616149902 15500
training loss = 2.4521284103393555 16000
training loss = 1.873443603515625 16500
training loss = 1.9000691175460815 17000
training loss = 4.216436386108398 17500
training loss = 7.966729640960693 18000
training loss = 1.8680930137634277 18500
training loss = 2.0622127056121826 19000
training loss = 1.8817673921585083 19500
training loss = 2.054741382598877 20000
training loss = 1.8885040283203125 20500
training loss = 1.869289755821228 21000
training loss = 1.8840363025665283 21500
training loss = 1.8795477151870728 22000
training loss = 8.30894947052002 22500
training loss = 1.8575838804244995 23000
training loss = 2.839569091796875 23500
training loss = 2.106097936630249 24000
training loss = 2.1018829345703125 24500
training loss = 1.8530694246292114 25000
reduced chi^2 level 2 = 1.85308039188385
Constrained alpha: 2.2187600135803223
Constrained beta: 5.238267421722412
Constrained gamma: 29.5103702545166
(1, 53)
(1, 0)
