data before
[0.00000000e+00 0.00000000e+00 0.00000000e+00 0.00000000e+00
 0.00000000e+00 0.00000000e+00 0.00000000e+00 0.00000000e+00
 0.00000000e+00 0.00000000e+00 0.00000000e+00 9.17376737e-01
 2.87436164e+01 2.49180256e+02 6.63079121e+02 1.22065861e+03
 2.03698583e+03 3.21634275e+03 4.75029331e+03 7.37539545e+03
 1.12143034e+04 1.54323898e+04 2.24652511e+04 3.47759566e+04
 4.08591781e+04 4.40436909e+04 4.73523428e+04 5.01265999e+04
 5.21138332e+04 5.14355295e+04 4.79536154e+04 4.21893882e+04
 3.36635849e+04 2.42587931e+04 1.55754430e+04 9.78760306e+03
 6.68288505e+03 5.67294803e+03 6.55715929e+02 0.00000000e+00
 0.00000000e+00]
2
data after
[29.660993151841108, 249.18025629698565, 663.0791206980514, 1220.6586099447632, 2036.9858339264833, 3216.3427509086605, 4750.293309300629, 7375.395446675965, 11214.303396917725, 15432.38980980774, 22465.251119976194, 34775.956593591916, 40859.178068666384, 44043.69088234864, 47352.342793178104, 50126.599944482725, 52113.83316188202, 51435.52954527405, 47953.615431912236, 42189.38823230286, 33663.58491148224, 24258.793065937425, 15575.443048762894, 9787.603055130005, 6682.885050846005, 5672.948025443411, 655.7159291787357]
2
data,sig_tot
[2.96609932e+01 2.49180256e+02 6.63079121e+02 1.22065861e+03
 2.03698583e+03 3.21634275e+03 4.75029331e+03 7.37539545e+03
 1.12143034e+04 1.54323898e+04 2.24652511e+04 3.47759566e+04
 4.08591781e+04 4.40436909e+04 4.73523428e+04 5.01265999e+04
 5.21138332e+04 5.14355295e+04 4.79536154e+04 4.21893882e+04
 3.36635849e+04 2.42587931e+04 1.55754430e+04 9.78760306e+03
 6.68288505e+03 5.67294803e+03 6.55715929e+02 5.04350591e+01
 1.59864779e+02 4.74006151e+02 9.60427414e+02 1.55038233e+03
 2.17249007e+03 2.89261735e+03 4.11306767e+03 5.54400221e+03
 7.79539174e+03 1.10351092e+04 1.08642202e+04 1.19164650e+04
 1.26139049e+04 1.23254457e+04 1.16772370e+04 1.02197499e+04
 8.65355999e+03 6.95543045e+03 5.18652627e+03 3.51086037e+03
 2.19478346e+03 1.38934820e+03 9.46228668e+02 7.15352756e+02
 7.78925714e+01]
[2.96609932e+01 2.49180256e+02 6.63079121e+02 1.22065861e+03
 2.03698583e+03 3.21634275e+03 4.75029331e+03 7.37539545e+03
 1.12143034e+04 1.54323898e+04 2.24652511e+04 3.47759566e+04
 4.08591781e+04 4.40436909e+04 4.73523428e+04 5.01265999e+04
 5.21138332e+04 5.14355295e+04 4.79536154e+04 4.21893882e+04
 3.36635849e+04 2.42587931e+04 1.55754430e+04 9.78760306e+03
 6.68288505e+03 5.67294803e+03 6.55715929e+02 5.04350591e+01
 1.59864779e+02 4.74006151e+02 9.60427414e+02 1.55038233e+03
 2.17249007e+03 2.89261735e+03 4.11306767e+03 5.54400221e+03
 7.79539174e+03 1.10351092e+04 1.08642202e+04 1.19164650e+04
 1.26139049e+04 1.23254457e+04 1.16772370e+04 1.02197499e+04
 8.65355999e+03 6.95543045e+03 5.18652627e+03 3.51086037e+03
 2.19478346e+03 1.38934820e+03 9.46228668e+02 7.15352756e+02
 7.78925714e+01]
1.1745227451186828 11.726831052898685 78.13912734686107
val isze = 0
idinces = [20  3 45 17 31 35 39 26 21 38 23 34  7  6 42  2 50 43 10 37 27 18  4  1
 12 48 22 30 47 19 32  5 13 14 44 33 24 11 41 16 51 40 49 52  8 46 29 25
 28  0 15 36  9]
training loss = 81.78519439697266 500
training loss = 3.102792978286743 1000
training loss = 3.032228708267212 1500
training loss = 2.9975061416625977 2000
training loss = 2.9827029705047607 2500
training loss = 2.964585781097412 3000
training loss = 2.959562301635742 3500
training loss = 2.9818506240844727 4000
training loss = 2.9245173931121826 4500
training loss = 2.980459690093994 5000
training loss = 3.0641963481903076 5500
training loss = 2.883687734603882 6000
training loss = 3.073122501373291 6500
training loss = 2.9662187099456787 7000
training loss = 2.866885185241699 7500
training loss = 2.783006429672241 8000
training loss = 3.4829649925231934 8500
training loss = 2.9737625122070312 9000
training loss = 2.6943721771240234 9500
training loss = 2.641618490219116 10000
training loss = 2.8440072536468506 10500
training loss = 2.5536417961120605 11000
training loss = 2.4871976375579834 11500
training loss = 2.4289231300354004 12000
training loss = 5.777076721191406 12500
training loss = 2.2904579639434814 13000
training loss = 2.249448776245117 13500
training loss = 2.144198417663574 14000
training loss = 2.071868896484375 14500
training loss = 2.0749800205230713 15000
training loss = 1.939801573753357 15500
training loss = 1.8789088726043701 16000
training loss = 1.7969180345535278 16500
training loss = 1.9100631475448608 17000
training loss = 1.7018020153045654 17500
training loss = 1.6583970785140991 18000
training loss = 1.6930961608886719 18500
training loss = 1.5835928916931152 19000
training loss = 1.4447355270385742 19500
training loss = 2.687868595123291 20000
training loss = 6.3505144119262695 20500
training loss = 1.4105298519134521 21000
training loss = 1.4127217531204224 21500
training loss = 1.404570460319519 22000
training loss = 1.4028942584991455 22500
training loss = 1.4013913869857788 23000
training loss = 3.295649766921997 23500
training loss = 1.4014729261398315 24000
training loss = 1.3971766233444214 24500
training loss = 1.3958051204681396 25000
reduced chi^2 level 2 = 1.395810604095459
Constrained alpha: 2.166440963745117
Constrained beta: 5.203289985656738
Constrained gamma: 56.23746871948242
(1, 53)
(1, 0)
