data before
[0.00000000e+00 0.00000000e+00 0.00000000e+00 0.00000000e+00
 0.00000000e+00 0.00000000e+00 0.00000000e+00 0.00000000e+00
 0.00000000e+00 0.00000000e+00 0.00000000e+00 9.17376737e-01
 2.87436164e+01 2.49180256e+02 6.63079121e+02 1.22065861e+03
 2.03698583e+03 3.21634275e+03 4.75029331e+03 7.37539545e+03
 1.12143034e+04 1.54323898e+04 2.24652511e+04 3.47759566e+04
 4.08591781e+04 4.40436909e+04 4.73523428e+04 5.01265999e+04
 5.21138332e+04 5.14355295e+04 4.79536154e+04 4.21893882e+04
 3.36635849e+04 2.42587931e+04 1.55754430e+04 9.78760306e+03
 6.68288505e+03 5.67294803e+03 6.55715929e+02 0.00000000e+00
 0.00000000e+00]
2
data after
[29.660993151841108, 249.18025629698565, 663.0791206980514, 1220.6586099447632, 2036.9858339264833, 3216.3427509086605, 4750.293309300629, 7375.395446675965, 11214.303396917725, 15432.38980980774, 22465.251119976194, 34775.956593591916, 40859.178068666384, 44043.69088234864, 47352.342793178104, 50126.599944482725, 52113.83316188202, 51435.52954527405, 47953.615431912236, 42189.38823230286, 33663.58491148224, 24258.793065937425, 15575.443048762894, 9787.603055130005, 6682.885050846005, 5672.948025443411, 655.7159291787357]
2
data,sig_tot
[2.96609932e+01 2.49180256e+02 6.63079121e+02 1.22065861e+03
 2.03698583e+03 3.21634275e+03 4.75029331e+03 7.37539545e+03
 1.12143034e+04 1.54323898e+04 2.24652511e+04 3.47759566e+04
 4.08591781e+04 4.40436909e+04 4.73523428e+04 5.01265999e+04
 5.21138332e+04 5.14355295e+04 4.79536154e+04 4.21893882e+04
 3.36635849e+04 2.42587931e+04 1.55754430e+04 9.78760306e+03
 6.68288505e+03 5.67294803e+03 6.55715929e+02 5.04350591e+01
 1.59864779e+02 4.74006151e+02 9.60427414e+02 1.55038233e+03
 2.17249007e+03 2.89261735e+03 4.11306767e+03 5.54400221e+03
 7.79539174e+03 1.10351092e+04 1.08642202e+04 1.19164650e+04
 1.26139049e+04 1.23254457e+04 1.16772370e+04 1.02197499e+04
 8.65355999e+03 6.95543045e+03 5.18652627e+03 3.51086037e+03
 2.19478346e+03 1.38934820e+03 9.46228668e+02 7.15352756e+02
 7.78925714e+01]
[2.96609932e+01 2.49180256e+02 6.63079121e+02 1.22065861e+03
 2.03698583e+03 3.21634275e+03 4.75029331e+03 7.37539545e+03
 1.12143034e+04 1.54323898e+04 2.24652511e+04 3.47759566e+04
 4.08591781e+04 4.40436909e+04 4.73523428e+04 5.01265999e+04
 5.21138332e+04 5.14355295e+04 4.79536154e+04 4.21893882e+04
 3.36635849e+04 2.42587931e+04 1.55754430e+04 9.78760306e+03
 6.68288505e+03 5.67294803e+03 6.55715929e+02 5.04350591e+01
 1.59864779e+02 4.74006151e+02 9.60427414e+02 1.55038233e+03
 2.17249007e+03 2.89261735e+03 4.11306767e+03 5.54400221e+03
 7.79539174e+03 1.10351092e+04 1.08642202e+04 1.19164650e+04
 1.26139049e+04 1.23254457e+04 1.16772370e+04 1.02197499e+04
 8.65355999e+03 6.95543045e+03 5.18652627e+03 3.51086037e+03
 2.19478346e+03 1.38934820e+03 9.46228668e+02 7.15352756e+02
 7.78925714e+01]
2.037167930191746 8.480401223650713 90.70436132170597
val isze = 0
idinces = [20  3 45 17 31 35 39 26 21 38 23 34  7  6 42  2 50 43 10 37 27 18  4  1
 12 48 22 30 47 19 32  5 13 14 44 33 24 11 41 16 51 40 49 52  8 46 29 25
 28  0 15 36  9]
training loss = 42.30661392211914 500
training loss = 41.41275405883789 1000
training loss = 40.85261154174805 1500
training loss = 39.70405960083008 2000
training loss = 33.99419021606445 2500
training loss = 2.5615968704223633 3000
training loss = 2.3197021484375 3500
training loss = 2.1616406440734863 4000
training loss = 2.036923408508301 4500
training loss = 1.9830374717712402 5000
training loss = 2.200855255126953 5500
training loss = 1.9550341367721558 6000
training loss = 2.0326712131500244 6500
training loss = 1.9611073732376099 7000
training loss = 1.950589656829834 7500
training loss = 1.949389934539795 8000
training loss = 1.9483705759048462 8500
training loss = 1.9471933841705322 9000
training loss = 1.9459260702133179 9500
training loss = 1.9447150230407715 10000
training loss = 1.9435393810272217 10500
training loss = 1.9433726072311401 11000
training loss = 4.91183614730835 11500
training loss = 1.9396511316299438 12000
training loss = 1.9385714530944824 12500
training loss = 1.9383021593093872 13000
training loss = 1.9358292818069458 13500
training loss = 1.9344236850738525 14000
training loss = 1.9329842329025269 14500
training loss = 1.931496024131775 15000
training loss = 1.933047890663147 15500
training loss = 2.3883438110351562 16000
training loss = 1.9264672994613647 16500
training loss = 1.9247877597808838 17000
training loss = 1.9299261569976807 17500
training loss = 2.0974669456481934 18000
training loss = 1.919545292854309 18500
training loss = 1.917825698852539 19000
training loss = 1.9161533117294312 19500
training loss = 1.9154460430145264 20000
training loss = 2.005894899368286 20500
training loss = 1.9135874509811401 21000
training loss = 2.1549720764160156 21500
training loss = 2.064073324203491 22000
training loss = 1.9479737281799316 22500
training loss = 1.9266871213912964 23000
training loss = 2.519408702850342 23500
training loss = 1.9215590953826904 24000
training loss = 3.131700038909912 24500
training loss = 1.8974599838256836 25000
reduced chi^2 level 2 = 1.8974546194076538
Constrained alpha: 2.207813262939453
Constrained beta: 4.716210842132568
Constrained gamma: 65.18106079101562
(1, 53)
(1, 0)
