data before
[0.00000000e+00 0.00000000e+00 0.00000000e+00 0.00000000e+00
 0.00000000e+00 0.00000000e+00 0.00000000e+00 0.00000000e+00
 0.00000000e+00 0.00000000e+00 0.00000000e+00 9.17376737e-01
 2.87436164e+01 2.49180256e+02 6.63079121e+02 1.22065861e+03
 2.03698583e+03 3.21634275e+03 4.75029331e+03 7.37539545e+03
 1.12143034e+04 1.54323898e+04 2.24652511e+04 3.47759566e+04
 4.08591781e+04 4.40436909e+04 4.73523428e+04 5.01265999e+04
 5.21138332e+04 5.14355295e+04 4.79536154e+04 4.21893882e+04
 3.36635849e+04 2.42587931e+04 1.55754430e+04 9.78760306e+03
 6.68288505e+03 5.67294803e+03 6.55715929e+02 0.00000000e+00
 0.00000000e+00]
2
data after
[29.660993151841108, 249.18025629698565, 663.0791206980514, 1220.6586099447632, 2036.9858339264833, 3216.3427509086605, 4750.293309300629, 7375.395446675965, 11214.303396917725, 15432.38980980774, 22465.251119976194, 34775.956593591916, 40859.178068666384, 44043.69088234864, 47352.342793178104, 50126.599944482725, 52113.83316188202, 51435.52954527405, 47953.615431912236, 42189.38823230286, 33663.58491148224, 24258.793065937425, 15575.443048762894, 9787.603055130005, 6682.885050846005, 5672.948025443411, 655.7159291787357]
2
data,sig_tot
[2.96609932e+01 2.49180256e+02 6.63079121e+02 1.22065861e+03
 2.03698583e+03 3.21634275e+03 4.75029331e+03 7.37539545e+03
 1.12143034e+04 1.54323898e+04 2.24652511e+04 3.47759566e+04
 4.08591781e+04 4.40436909e+04 4.73523428e+04 5.01265999e+04
 5.21138332e+04 5.14355295e+04 4.79536154e+04 4.21893882e+04
 3.36635849e+04 2.42587931e+04 1.55754430e+04 9.78760306e+03
 6.68288505e+03 5.67294803e+03 6.55715929e+02 5.04350591e+01
 1.59864779e+02 4.74006151e+02 9.60427414e+02 1.55038233e+03
 2.17249007e+03 2.89261735e+03 4.11306767e+03 5.54400221e+03
 7.79539174e+03 1.10351092e+04 1.08642202e+04 1.19164650e+04
 1.26139049e+04 1.23254457e+04 1.16772370e+04 1.02197499e+04
 8.65355999e+03 6.95543045e+03 5.18652627e+03 3.51086037e+03
 2.19478346e+03 1.38934820e+03 9.46228668e+02 7.15352756e+02
 7.78925714e+01]
[2.96609932e+01 2.49180256e+02 6.63079121e+02 1.22065861e+03
 2.03698583e+03 3.21634275e+03 4.75029331e+03 7.37539545e+03
 1.12143034e+04 1.54323898e+04 2.24652511e+04 3.47759566e+04
 4.08591781e+04 4.40436909e+04 4.73523428e+04 5.01265999e+04
 5.21138332e+04 5.14355295e+04 4.79536154e+04 4.21893882e+04
 3.36635849e+04 2.42587931e+04 1.55754430e+04 9.78760306e+03
 6.68288505e+03 5.67294803e+03 6.55715929e+02 5.04350591e+01
 1.59864779e+02 4.74006151e+02 9.60427414e+02 1.55038233e+03
 2.17249007e+03 2.89261735e+03 4.11306767e+03 5.54400221e+03
 7.79539174e+03 1.10351092e+04 1.08642202e+04 1.19164650e+04
 1.26139049e+04 1.23254457e+04 1.16772370e+04 1.02197499e+04
 8.65355999e+03 6.95543045e+03 5.18652627e+03 3.51086037e+03
 2.19478346e+03 1.38934820e+03 9.46228668e+02 7.15352756e+02
 7.78925714e+01]
2.0292554996700387 17.78505797113923 5.549965739584417
val isze = 0
idinces = [20  3 45 17 31 35 39 26 21 38 23 34  7  6 42  2 50 43 10 37 27 18  4  1
 12 48 22 30 47 19 32  5 13 14 44 33 24 11 41 16 51 40 49 52  8 46 29 25
 28  0 15 36  9]
training loss = 265.4955139160156 500
training loss = 42.168209075927734 1000
training loss = 42.086238861083984 1500
training loss = 41.98401641845703 2000
training loss = 41.64075469970703 2500
training loss = 34.90970230102539 3000
training loss = 2.328021287918091 3500
training loss = 2.099949359893799 4000
training loss = 13.030237197875977 4500
training loss = 2.0281829833984375 5000
training loss = 2.2472150325775146 5500
training loss = 1.9823014736175537 6000
training loss = 3.378758430480957 6500
training loss = 1.9095306396484375 7000
training loss = 1.8591245412826538 7500
training loss = 2.042017698287964 8000
training loss = 1.7435684204101562 8500
training loss = 10.342146873474121 9000
training loss = 3.0782852172851562 9500
training loss = 1.644695520401001 10000
training loss = 2.577876329421997 10500
training loss = 1.6063121557235718 11000
training loss = 1.5915526151657104 11500
training loss = 5.154124736785889 12000
training loss = 1.567487359046936 12500
training loss = 1.5579715967178345 13000
training loss = 1.5496448278427124 13500
training loss = 1.6845283508300781 14000
training loss = 1.5527580976486206 14500
training loss = 1.5329090356826782 15000
training loss = 1.528894066810608 15500
training loss = 4.715400695800781 16000
training loss = 1.5560507774353027 16500
training loss = 1.6379233598709106 17000
training loss = 1.5202455520629883 17500
training loss = 4.319482326507568 18000
training loss = 1.5227056741714478 18500
training loss = 1.5144935846328735 19000
training loss = 1.5133037567138672 19500
training loss = 1.5667985677719116 20000
training loss = 1.598969578742981 20500
training loss = 1.6832447052001953 21000
training loss = 1.510369896888733 21500
training loss = 1.5105851888656616 22000
training loss = 1.563035488128662 22500
training loss = 1.6595041751861572 23000
training loss = 1.5089725255966187 23500
training loss = 1.508012294769287 24000
training loss = 1.507774829864502 24500
training loss = 1.507283329963684 25000
reduced chi^2 level 2 = 1.5072834491729736
Constrained alpha: 2.246206045150757
Constrained beta: 5.0241618156433105
Constrained gamma: 8.630961418151855
(1, 53)
(1, 0)
