data before
[0.00000000e+00 0.00000000e+00 0.00000000e+00 0.00000000e+00
 0.00000000e+00 0.00000000e+00 0.00000000e+00 0.00000000e+00
 0.00000000e+00 0.00000000e+00 0.00000000e+00 9.17376737e-01
 2.87436164e+01 2.49180256e+02 6.63079121e+02 1.22065861e+03
 2.03698583e+03 3.21634275e+03 4.75029331e+03 7.37539545e+03
 1.12143034e+04 1.54323898e+04 2.24652511e+04 3.47759566e+04
 4.08591781e+04 4.40436909e+04 4.73523428e+04 5.01265999e+04
 5.21138332e+04 5.14355295e+04 4.79536154e+04 4.21893882e+04
 3.36635849e+04 2.42587931e+04 1.55754430e+04 9.78760306e+03
 6.68288505e+03 5.67294803e+03 6.55715929e+02 0.00000000e+00
 0.00000000e+00]
2
data after
[29.660993151841108, 249.18025629698565, 663.0791206980514, 1220.6586099447632, 2036.9858339264833, 3216.3427509086605, 4750.293309300629, 7375.395446675965, 11214.303396917725, 15432.38980980774, 22465.251119976194, 34775.956593591916, 40859.178068666384, 44043.69088234864, 47352.342793178104, 50126.599944482725, 52113.83316188202, 51435.52954527405, 47953.615431912236, 42189.38823230286, 33663.58491148224, 24258.793065937425, 15575.443048762894, 9787.603055130005, 6682.885050846005, 5672.948025443411, 655.7159291787357]
2
data,sig_tot
[2.96609932e+01 2.49180256e+02 6.63079121e+02 1.22065861e+03
 2.03698583e+03 3.21634275e+03 4.75029331e+03 7.37539545e+03
 1.12143034e+04 1.54323898e+04 2.24652511e+04 3.47759566e+04
 4.08591781e+04 4.40436909e+04 4.73523428e+04 5.01265999e+04
 5.21138332e+04 5.14355295e+04 4.79536154e+04 4.21893882e+04
 3.36635849e+04 2.42587931e+04 1.55754430e+04 9.78760306e+03
 6.68288505e+03 5.67294803e+03 6.55715929e+02 5.04350591e+01
 1.59864779e+02 4.74006151e+02 9.60427414e+02 1.55038233e+03
 2.17249007e+03 2.89261735e+03 4.11306767e+03 5.54400221e+03
 7.79539174e+03 1.10351092e+04 1.08642202e+04 1.19164650e+04
 1.26139049e+04 1.23254457e+04 1.16772370e+04 1.02197499e+04
 8.65355999e+03 6.95543045e+03 5.18652627e+03 3.51086037e+03
 2.19478346e+03 1.38934820e+03 9.46228668e+02 7.15352756e+02
 7.78925714e+01]
[2.96609932e+01 2.49180256e+02 6.63079121e+02 1.22065861e+03
 2.03698583e+03 3.21634275e+03 4.75029331e+03 7.37539545e+03
 1.12143034e+04 1.54323898e+04 2.24652511e+04 3.47759566e+04
 4.08591781e+04 4.40436909e+04 4.73523428e+04 5.01265999e+04
 5.21138332e+04 5.14355295e+04 4.79536154e+04 4.21893882e+04
 3.36635849e+04 2.42587931e+04 1.55754430e+04 9.78760306e+03
 6.68288505e+03 5.67294803e+03 6.55715929e+02 5.04350591e+01
 1.59864779e+02 4.74006151e+02 9.60427414e+02 1.55038233e+03
 2.17249007e+03 2.89261735e+03 4.11306767e+03 5.54400221e+03
 7.79539174e+03 1.10351092e+04 1.08642202e+04 1.19164650e+04
 1.26139049e+04 1.23254457e+04 1.16772370e+04 1.02197499e+04
 8.65355999e+03 6.95543045e+03 5.18652627e+03 3.51086037e+03
 2.19478346e+03 1.38934820e+03 9.46228668e+02 7.15352756e+02
 7.78925714e+01]
1.6830753921413737 12.477645074402695 28.923470829621355
val isze = 0
idinces = [20  3 45 17 31 35 39 26 21 38 23 34  7  6 42  2 50 43 10 37 27 18  4  1
 12 48 22 30 47 19 32  5 13 14 44 33 24 11 41 16 51 40 49 52  8 46 29 25
 28  0 15 36  9]
training loss = 73.69268798828125 500
training loss = 44.64643859863281 1000
training loss = 44.23414611816406 1500
training loss = 43.7199592590332 2000
training loss = 42.93956756591797 2500
training loss = 40.151206970214844 3000
training loss = 4.502588272094727 3500
training loss = 3.5118460655212402 4000
training loss = 2.9377827644348145 4500
training loss = 15.477192878723145 5000
training loss = 4.613755226135254 5500
training loss = 2.768422842025757 6000
training loss = 2.7231292724609375 6500
training loss = 2.719332695007324 7000
training loss = 2.67826247215271 7500
training loss = 9.794537544250488 8000
training loss = 2.7028279304504395 8500
training loss = 4.47501802444458 9000
training loss = 2.5558764934539795 9500
training loss = 2.5165200233459473 10000
training loss = 3.0088419914245605 10500
training loss = 3.652935266494751 11000
training loss = 2.3536183834075928 11500
training loss = 2.2888364791870117 12000
training loss = 2.207353115081787 12500
training loss = 2.185985565185547 13000
training loss = 2.3912532329559326 13500
training loss = 1.865735650062561 14000
training loss = 1.7438112497329712 14500
training loss = 3.112260580062866 15000
training loss = 1.4699517488479614 15500
training loss = 1.4029711484909058 16000
training loss = 1.3465074300765991 16500
training loss = 1.3130087852478027 17000
training loss = 1.3037915229797363 17500
training loss = 1.2999593019485474 18000
training loss = 1.298214316368103 18500
training loss = 1.297212839126587 19000
training loss = 1.2966398000717163 19500
training loss = 1.2960532903671265 20000
training loss = 1.295608401298523 20500
training loss = 2.8462328910827637 21000
training loss = 1.295375943183899 21500
training loss = 1.2946066856384277 22000
training loss = 1.2943106889724731 22500
training loss = 1.293969750404358 23000
training loss = 2.060234546661377 23500
training loss = 1.3013548851013184 24000
training loss = 1.2935653924942017 24500
training loss = 1.2933717966079712 25000
reduced chi^2 level 2 = 1.2933543920516968
Constrained alpha: 2.1811959743499756
Constrained beta: 4.91572904586792
Constrained gamma: 27.170608520507812
(1, 53)
(1, 0)
