data before
[0.00000000e+00 0.00000000e+00 0.00000000e+00 0.00000000e+00
 0.00000000e+00 0.00000000e+00 0.00000000e+00 0.00000000e+00
 0.00000000e+00 0.00000000e+00 0.00000000e+00 9.17376737e-01
 2.87436164e+01 2.49180256e+02 6.63079121e+02 1.22065861e+03
 2.03698583e+03 3.21634275e+03 4.75029331e+03 7.37539545e+03
 1.12143034e+04 1.54323898e+04 2.24652511e+04 3.47759566e+04
 4.08591781e+04 4.40436909e+04 4.73523428e+04 5.01265999e+04
 5.21138332e+04 5.14355295e+04 4.79536154e+04 4.21893882e+04
 3.36635849e+04 2.42587931e+04 1.55754430e+04 9.78760306e+03
 6.68288505e+03 5.67294803e+03 6.55715929e+02 0.00000000e+00
 0.00000000e+00]
2
data after
[29.660993151841108, 249.18025629698565, 663.0791206980514, 1220.6586099447632, 2036.9858339264833, 3216.3427509086605, 4750.293309300629, 7375.395446675965, 11214.303396917725, 15432.38980980774, 22465.251119976194, 34775.956593591916, 40859.178068666384, 44043.69088234864, 47352.342793178104, 50126.599944482725, 52113.83316188202, 51435.52954527405, 47953.615431912236, 42189.38823230286, 33663.58491148224, 24258.793065937425, 15575.443048762894, 9787.603055130005, 6682.885050846005, 5672.948025443411, 655.7159291787357]
2
data,sig_tot
[2.96609932e+01 2.49180256e+02 6.63079121e+02 1.22065861e+03
 2.03698583e+03 3.21634275e+03 4.75029331e+03 7.37539545e+03
 1.12143034e+04 1.54323898e+04 2.24652511e+04 3.47759566e+04
 4.08591781e+04 4.40436909e+04 4.73523428e+04 5.01265999e+04
 5.21138332e+04 5.14355295e+04 4.79536154e+04 4.21893882e+04
 3.36635849e+04 2.42587931e+04 1.55754430e+04 9.78760306e+03
 6.68288505e+03 5.67294803e+03 6.55715929e+02 5.04350591e+01
 1.59864779e+02 4.74006151e+02 9.60427414e+02 1.55038233e+03
 2.17249007e+03 2.89261735e+03 4.11306767e+03 5.54400221e+03
 7.79539174e+03 1.10351092e+04 1.08642202e+04 1.19164650e+04
 1.26139049e+04 1.23254457e+04 1.16772370e+04 1.02197499e+04
 8.65355999e+03 6.95543045e+03 5.18652627e+03 3.51086037e+03
 2.19478346e+03 1.38934820e+03 9.46228668e+02 7.15352756e+02
 7.78925714e+01]
[2.96609932e+01 2.49180256e+02 6.63079121e+02 1.22065861e+03
 2.03698583e+03 3.21634275e+03 4.75029331e+03 7.37539545e+03
 1.12143034e+04 1.54323898e+04 2.24652511e+04 3.47759566e+04
 4.08591781e+04 4.40436909e+04 4.73523428e+04 5.01265999e+04
 5.21138332e+04 5.14355295e+04 4.79536154e+04 4.21893882e+04
 3.36635849e+04 2.42587931e+04 1.55754430e+04 9.78760306e+03
 6.68288505e+03 5.67294803e+03 6.55715929e+02 5.04350591e+01
 1.59864779e+02 4.74006151e+02 9.60427414e+02 1.55038233e+03
 2.17249007e+03 2.89261735e+03 4.11306767e+03 5.54400221e+03
 7.79539174e+03 1.10351092e+04 1.08642202e+04 1.19164650e+04
 1.26139049e+04 1.23254457e+04 1.16772370e+04 1.02197499e+04
 8.65355999e+03 6.95543045e+03 5.18652627e+03 3.51086037e+03
 2.19478346e+03 1.38934820e+03 9.46228668e+02 7.15352756e+02
 7.78925714e+01]
0.3231233552931173 5.6562114489675785 91.50013297419736
val isze = 0
idinces = [20  3 45 17 31 35 39 26 21 38 23 34  7  6 42  2 50 43 10 37 27 18  4  1
 12 48 22 30 47 19 32  5 13 14 44 33 24 11 41 16 51 40 49 52  8 46 29 25
 28  0 15 36  9]
training loss = 53.235572814941406 500
training loss = 42.47649002075195 1000
training loss = 41.997798919677734 1500
training loss = 41.007469177246094 2000
training loss = 37.92207717895508 2500
training loss = 12.303881645202637 3000
training loss = 7.476278305053711 3500
training loss = 3.447478771209717 4000
training loss = 3.213365077972412 4500
training loss = 12.86802864074707 5000
training loss = 9.269257545471191 5500
training loss = 3.2961244583129883 6000
training loss = 3.074476480484009 6500
training loss = 3.608367919921875 7000
training loss = 3.051290988922119 7500
training loss = 3.836379289627075 8000
training loss = 2.9976911544799805 8500
training loss = 2.958017587661743 9000
training loss = 2.9125490188598633 9500
training loss = 2.860640048980713 10000
training loss = 2.798983573913574 10500
training loss = 3.188218116760254 11000
training loss = 2.6922757625579834 11500
training loss = 2.5901432037353516 12000
training loss = 2.6899895668029785 12500
training loss = 2.4982056617736816 13000
training loss = 2.37009596824646 13500
training loss = 2.2872941493988037 14000
training loss = 2.194803237915039 14500
training loss = 2.1362571716308594 15000
training loss = 2.0710806846618652 15500
training loss = 12.359745979309082 16000
training loss = 2.018418073654175 16500
training loss = 1.994547724723816 17000
training loss = 1.9955588579177856 17500
training loss = 1.9778716564178467 18000
training loss = 2.5500760078430176 18500
training loss = 3.7722272872924805 19000
training loss = 3.9163286685943604 19500
training loss = 2.0520455837249756 20000
training loss = 2.867849349975586 20500
training loss = 8.831893920898438 21000
training loss = 1.9960362911224365 21500
training loss = 2.018949508666992 22000
training loss = 1.9765026569366455 22500
training loss = 2.8445792198181152 23000
training loss = 2.0115997791290283 23500
training loss = 2.165363311767578 24000
training loss = 1.9521150588989258 24500
training loss = 1.9518603086471558 25000
reduced chi^2 level 2 = 1.951665997505188
Constrained alpha: 2.182676076889038
Constrained beta: 4.658279895782471
Constrained gamma: 66.02810668945312
(1, 53)
(1, 0)
