data before
[0.00000000e+00 0.00000000e+00 0.00000000e+00 0.00000000e+00
 0.00000000e+00 0.00000000e+00 0.00000000e+00 0.00000000e+00
 0.00000000e+00 0.00000000e+00 0.00000000e+00 9.17376737e-01
 2.87436164e+01 2.49180256e+02 6.63079121e+02 1.22065861e+03
 2.03698583e+03 3.21634275e+03 4.75029331e+03 7.37539545e+03
 1.12143034e+04 1.54323898e+04 2.24652511e+04 3.47759566e+04
 4.08591781e+04 4.40436909e+04 4.73523428e+04 5.01265999e+04
 5.21138332e+04 5.14355295e+04 4.79536154e+04 4.21893882e+04
 3.36635849e+04 2.42587931e+04 1.55754430e+04 9.78760306e+03
 6.68288505e+03 5.67294803e+03 6.55715929e+02 0.00000000e+00
 0.00000000e+00]
2
data after
[29.660993151841108, 249.18025629698565, 663.0791206980514, 1220.6586099447632, 2036.9858339264833, 3216.3427509086605, 4750.293309300629, 7375.395446675965, 11214.303396917725, 15432.38980980774, 22465.251119976194, 34775.956593591916, 40859.178068666384, 44043.69088234864, 47352.342793178104, 50126.599944482725, 52113.83316188202, 51435.52954527405, 47953.615431912236, 42189.38823230286, 33663.58491148224, 24258.793065937425, 15575.443048762894, 9787.603055130005, 6682.885050846005, 5672.948025443411, 655.7159291787357]
2
data,sig_tot
[2.96609932e+01 2.49180256e+02 6.63079121e+02 1.22065861e+03
 2.03698583e+03 3.21634275e+03 4.75029331e+03 7.37539545e+03
 1.12143034e+04 1.54323898e+04 2.24652511e+04 3.47759566e+04
 4.08591781e+04 4.40436909e+04 4.73523428e+04 5.01265999e+04
 5.21138332e+04 5.14355295e+04 4.79536154e+04 4.21893882e+04
 3.36635849e+04 2.42587931e+04 1.55754430e+04 9.78760306e+03
 6.68288505e+03 5.67294803e+03 6.55715929e+02 5.04350591e+01
 1.59864779e+02 4.74006151e+02 9.60427414e+02 1.55038233e+03
 2.17249007e+03 2.89261735e+03 4.11306767e+03 5.54400221e+03
 7.79539174e+03 1.10351092e+04 1.08642202e+04 1.19164650e+04
 1.26139049e+04 1.23254457e+04 1.16772370e+04 1.02197499e+04
 8.65355999e+03 6.95543045e+03 5.18652627e+03 3.51086037e+03
 2.19478346e+03 1.38934820e+03 9.46228668e+02 7.15352756e+02
 7.78925714e+01]
[2.96609932e+01 2.49180256e+02 6.63079121e+02 1.22065861e+03
 2.03698583e+03 3.21634275e+03 4.75029331e+03 7.37539545e+03
 1.12143034e+04 1.54323898e+04 2.24652511e+04 3.47759566e+04
 4.08591781e+04 4.40436909e+04 4.73523428e+04 5.01265999e+04
 5.21138332e+04 5.14355295e+04 4.79536154e+04 4.21893882e+04
 3.36635849e+04 2.42587931e+04 1.55754430e+04 9.78760306e+03
 6.68288505e+03 5.67294803e+03 6.55715929e+02 5.04350591e+01
 1.59864779e+02 4.74006151e+02 9.60427414e+02 1.55038233e+03
 2.17249007e+03 2.89261735e+03 4.11306767e+03 5.54400221e+03
 7.79539174e+03 1.10351092e+04 1.08642202e+04 1.19164650e+04
 1.26139049e+04 1.23254457e+04 1.16772370e+04 1.02197499e+04
 8.65355999e+03 6.95543045e+03 5.18652627e+03 3.51086037e+03
 2.19478346e+03 1.38934820e+03 9.46228668e+02 7.15352756e+02
 7.78925714e+01]
1.1438685821897776 16.916857153479857 20.312674921542307
val isze = 0
idinces = [20  3 45 17 31 35 39 26 21 38 23 34  7  6 42  2 50 43 10 37 27 18  4  1
 12 48 22 30 47 19 32  5 13 14 44 33 24 11 41 16 51 40 49 52  8 46 29 25
 28  0 15 36  9]
training loss = 356.9294128417969 500
training loss = 41.67039108276367 1000
training loss = 29.869583129882812 1500
training loss = 5.609800815582275 2000
training loss = 3.9958462715148926 2500
training loss = 3.1947901248931885 3000
training loss = 3.0034284591674805 3500
training loss = 3.035243272781372 4000
training loss = 2.9451754093170166 4500
training loss = 3.0757641792297363 5000
training loss = 2.9302213191986084 5500
training loss = 2.9221785068511963 6000
training loss = 7.342023849487305 6500
training loss = 2.932450771331787 7000
training loss = 3.7047348022460938 7500
training loss = 2.866891384124756 8000
training loss = 2.8446004390716553 8500
training loss = 2.7975480556488037 9000
training loss = 2.742624044418335 9500
training loss = 3.3159983158111572 10000
training loss = 2.516288995742798 10500
training loss = 2.379129648208618 11000
training loss = 2.125136613845825 11500
training loss = 2.0222041606903076 12000
training loss = 2.0836780071258545 12500
training loss = 1.924776554107666 13000
training loss = 1.9124281406402588 13500
training loss = 1.8667393922805786 14000
training loss = 2.415351152420044 14500
training loss = 1.8914133310317993 15000
training loss = 1.8382444381713867 15500
training loss = 1.8523577451705933 16000
training loss = 2.032127857208252 16500
training loss = 2.0485734939575195 17000
training loss = 1.7624704837799072 17500
training loss = 1.7928190231323242 18000
training loss = 1.7462711334228516 18500
training loss = 1.8935214281082153 19000
training loss = 1.738032341003418 19500
training loss = 1.7453343868255615 20000
training loss = 1.7319786548614502 20500
training loss = 1.7296303510665894 21000
training loss = 1.881717324256897 21500
training loss = 1.7236409187316895 22000
training loss = 1.7216534614562988 22500
training loss = 1.864839792251587 23000
training loss = 2.550827980041504 23500
training loss = 1.9170223474502563 24000
training loss = 1.7180653810501099 24500
training loss = 2.4781274795532227 25000
reduced chi^2 level 2 = 1.9056881666183472
Constrained alpha: 2.220029830932617
Constrained beta: 4.925589561462402
Constrained gamma: 20.710865020751953
(1, 53)
(1, 0)
