data before
[0.00000000e+00 0.00000000e+00 0.00000000e+00 0.00000000e+00
 0.00000000e+00 0.00000000e+00 0.00000000e+00 0.00000000e+00
 0.00000000e+00 0.00000000e+00 0.00000000e+00 9.17376737e-01
 2.87436164e+01 2.49180256e+02 6.63079121e+02 1.22065861e+03
 2.03698583e+03 3.21634275e+03 4.75029331e+03 7.37539545e+03
 1.12143034e+04 1.54323898e+04 2.24652511e+04 3.47759566e+04
 4.08591781e+04 4.40436909e+04 4.73523428e+04 5.01265999e+04
 5.21138332e+04 5.14355295e+04 4.79536154e+04 4.21893882e+04
 3.36635849e+04 2.42587931e+04 1.55754430e+04 9.78760306e+03
 6.68288505e+03 5.67294803e+03 6.55715929e+02 0.00000000e+00
 0.00000000e+00]
2
data after
[29.660993151841108, 249.18025629698565, 663.0791206980514, 1220.6586099447632, 2036.9858339264833, 3216.3427509086605, 4750.293309300629, 7375.395446675965, 11214.303396917725, 15432.38980980774, 22465.251119976194, 34775.956593591916, 40859.178068666384, 44043.69088234864, 47352.342793178104, 50126.599944482725, 52113.83316188202, 51435.52954527405, 47953.615431912236, 42189.38823230286, 33663.58491148224, 24258.793065937425, 15575.443048762894, 9787.603055130005, 6682.885050846005, 5672.948025443411, 655.7159291787357]
2
data,sig_tot
[2.96609932e+01 2.49180256e+02 6.63079121e+02 1.22065861e+03
 2.03698583e+03 3.21634275e+03 4.75029331e+03 7.37539545e+03
 1.12143034e+04 1.54323898e+04 2.24652511e+04 3.47759566e+04
 4.08591781e+04 4.40436909e+04 4.73523428e+04 5.01265999e+04
 5.21138332e+04 5.14355295e+04 4.79536154e+04 4.21893882e+04
 3.36635849e+04 2.42587931e+04 1.55754430e+04 9.78760306e+03
 6.68288505e+03 5.67294803e+03 6.55715929e+02 5.04350591e+01
 1.59864779e+02 4.74006151e+02 9.60427414e+02 1.55038233e+03
 2.17249007e+03 2.89261735e+03 4.11306767e+03 5.54400221e+03
 7.79539174e+03 1.10351092e+04 1.08642202e+04 1.19164650e+04
 1.26139049e+04 1.23254457e+04 1.16772370e+04 1.02197499e+04
 8.65355999e+03 6.95543045e+03 5.18652627e+03 3.51086037e+03
 2.19478346e+03 1.38934820e+03 9.46228668e+02 7.15352756e+02
 7.78925714e+01]
[2.96609932e+01 2.49180256e+02 6.63079121e+02 1.22065861e+03
 2.03698583e+03 3.21634275e+03 4.75029331e+03 7.37539545e+03
 1.12143034e+04 1.54323898e+04 2.24652511e+04 3.47759566e+04
 4.08591781e+04 4.40436909e+04 4.73523428e+04 5.01265999e+04
 5.21138332e+04 5.14355295e+04 4.79536154e+04 4.21893882e+04
 3.36635849e+04 2.42587931e+04 1.55754430e+04 9.78760306e+03
 6.68288505e+03 5.67294803e+03 6.55715929e+02 5.04350591e+01
 1.59864779e+02 4.74006151e+02 9.60427414e+02 1.55038233e+03
 2.17249007e+03 2.89261735e+03 4.11306767e+03 5.54400221e+03
 7.79539174e+03 1.10351092e+04 1.08642202e+04 1.19164650e+04
 1.26139049e+04 1.23254457e+04 1.16772370e+04 1.02197499e+04
 8.65355999e+03 6.95543045e+03 5.18652627e+03 3.51086037e+03
 2.19478346e+03 1.38934820e+03 9.46228668e+02 7.15352756e+02
 7.78925714e+01]
4.7732720234683255 13.36542302789698 23.409344923829213
val isze = 0
idinces = [20  3 45 17 31 35 39 26 21 38 23 34  7  6 42  2 50 43 10 37 27 18  4  1
 12 48 22 30 47 19 32  5 13 14 44 33 24 11 41 16 51 40 49 52  8 46 29 25
 28  0 15 36  9]
training loss = 44.36472702026367 500
training loss = 7.267996311187744 1000
training loss = 4.094809055328369 1500
training loss = 2.6065006256103516 2000
training loss = 2.1995251178741455 2500
training loss = 2.1752805709838867 3000
training loss = 2.1579947471618652 3500
training loss = 2.142627477645874 4000
training loss = 2.1267364025115967 4500
training loss = 2.109382152557373 5000
training loss = 2.0906670093536377 5500
training loss = 2.6615312099456787 6000
training loss = 2.048139810562134 6500
training loss = 2.0690765380859375 7000
training loss = 1.8121165037155151 7500
training loss = 1.4966866970062256 8000
training loss = 1.4916343688964844 8500
training loss = 1.4898051023483276 9000
training loss = 1.4885680675506592 9500
training loss = 1.487856388092041 10000
training loss = 1.4869287014007568 10500
training loss = 5.110798358917236 11000
training loss = 1.4862557649612427 11500
training loss = 1.4852551221847534 12000
training loss = 1.5212163925170898 12500
training loss = 1.5050029754638672 13000
training loss = 1.4848840236663818 13500
training loss = 2.16168212890625 14000
training loss = 1.5885688066482544 14500
training loss = 1.4902592897415161 15000
training loss = 1.492974877357483 15500
training loss = 1.484349250793457 16000
training loss = 3.31913423538208 16500
training loss = 4.82318639755249 17000
training loss = 1.5057005882263184 17500
training loss = 1.4837923049926758 18000
training loss = 1.494931936264038 18500
training loss = 3.438479423522949 19000
training loss = 2.664959669113159 19500
training loss = 2.2750003337860107 20000
training loss = 1.589077115058899 20500
training loss = 2.280870199203491 21000
training loss = 1.5027505159378052 21500
training loss = 1.4922207593917847 22000
training loss = 1.477228045463562 22500
training loss = 3.4132332801818848 23000
training loss = 1.4712682962417603 23500
training loss = 1.4770920276641846 24000
training loss = 1.8419748544692993 24500
training loss = 1.4768242835998535 25000
reduced chi^2 level 2 = 1.4756656885147095
Constrained alpha: 2.2184641361236572
Constrained beta: 4.632122039794922
Constrained gamma: 22.235029220581055
(1, 53)
(1, 0)
