data before
[0.00000000e+00 0.00000000e+00 0.00000000e+00 0.00000000e+00
 0.00000000e+00 0.00000000e+00 0.00000000e+00 0.00000000e+00
 0.00000000e+00 0.00000000e+00 0.00000000e+00 9.17376737e-01
 2.87436164e+01 2.49180256e+02 6.63079121e+02 1.22065861e+03
 2.03698583e+03 3.21634275e+03 4.75029331e+03 7.37539545e+03
 1.12143034e+04 1.54323898e+04 2.24652511e+04 3.47759566e+04
 4.08591781e+04 4.40436909e+04 4.73523428e+04 5.01265999e+04
 5.21138332e+04 5.14355295e+04 4.79536154e+04 4.21893882e+04
 3.36635849e+04 2.42587931e+04 1.55754430e+04 9.78760306e+03
 6.68288505e+03 5.67294803e+03 6.55715929e+02 0.00000000e+00
 0.00000000e+00]
2
data after
[29.660993151841108, 249.18025629698565, 663.0791206980514, 1220.6586099447632, 2036.9858339264833, 3216.3427509086605, 4750.293309300629, 7375.395446675965, 11214.303396917725, 15432.38980980774, 22465.251119976194, 34775.956593591916, 40859.178068666384, 44043.69088234864, 47352.342793178104, 50126.599944482725, 52113.83316188202, 51435.52954527405, 47953.615431912236, 42189.38823230286, 33663.58491148224, 24258.793065937425, 15575.443048762894, 9787.603055130005, 6682.885050846005, 5672.948025443411, 655.7159291787357]
2
data,sig_tot
[2.96609932e+01 2.49180256e+02 6.63079121e+02 1.22065861e+03
 2.03698583e+03 3.21634275e+03 4.75029331e+03 7.37539545e+03
 1.12143034e+04 1.54323898e+04 2.24652511e+04 3.47759566e+04
 4.08591781e+04 4.40436909e+04 4.73523428e+04 5.01265999e+04
 5.21138332e+04 5.14355295e+04 4.79536154e+04 4.21893882e+04
 3.36635849e+04 2.42587931e+04 1.55754430e+04 9.78760306e+03
 6.68288505e+03 5.67294803e+03 6.55715929e+02 5.04350591e+01
 1.59864779e+02 4.74006151e+02 9.60427414e+02 1.55038233e+03
 2.17249007e+03 2.89261735e+03 4.11306767e+03 5.54400221e+03
 7.79539174e+03 1.10351092e+04 1.08642202e+04 1.19164650e+04
 1.26139049e+04 1.23254457e+04 1.16772370e+04 1.02197499e+04
 8.65355999e+03 6.95543045e+03 5.18652627e+03 3.51086037e+03
 2.19478346e+03 1.38934820e+03 9.46228668e+02 7.15352756e+02
 7.78925714e+01]
[2.96609932e+01 2.49180256e+02 6.63079121e+02 1.22065861e+03
 2.03698583e+03 3.21634275e+03 4.75029331e+03 7.37539545e+03
 1.12143034e+04 1.54323898e+04 2.24652511e+04 3.47759566e+04
 4.08591781e+04 4.40436909e+04 4.73523428e+04 5.01265999e+04
 5.21138332e+04 5.14355295e+04 4.79536154e+04 4.21893882e+04
 3.36635849e+04 2.42587931e+04 1.55754430e+04 9.78760306e+03
 6.68288505e+03 5.67294803e+03 6.55715929e+02 5.04350591e+01
 1.59864779e+02 4.74006151e+02 9.60427414e+02 1.55038233e+03
 2.17249007e+03 2.89261735e+03 4.11306767e+03 5.54400221e+03
 7.79539174e+03 1.10351092e+04 1.08642202e+04 1.19164650e+04
 1.26139049e+04 1.23254457e+04 1.16772370e+04 1.02197499e+04
 8.65355999e+03 6.95543045e+03 5.18652627e+03 3.51086037e+03
 2.19478346e+03 1.38934820e+03 9.46228668e+02 7.15352756e+02
 7.78925714e+01]
0.9611494407383858 13.060712634154704 71.10881519982587
val isze = 0
idinces = [20  3 45 17 31 35 39 26 21 38 23 34  7  6 42  2 50 43 10 37 27 18  4  1
 12 48 22 30 47 19 32  5 13 14 44 33 24 11 41 16 51 40 49 52  8 46 29 25
 28  0 15 36  9]
training loss = 118.25424194335938 500
training loss = 39.65471267700195 1000
training loss = 36.606727600097656 1500
training loss = 4.348118782043457 2000
training loss = 2.8369674682617188 2500
training loss = 2.5938663482666016 3000
training loss = 2.5425329208374023 3500
training loss = 2.5779900550842285 4000
training loss = 2.5248873233795166 4500
training loss = 2.5462558269500732 5000
training loss = 2.487017869949341 5500
training loss = 2.6719799041748047 6000
training loss = 2.4504847526550293 6500
training loss = 2.544015645980835 7000
training loss = 2.3773205280303955 7500
training loss = 2.30938458442688 8000
training loss = 2.2485997676849365 8500
training loss = 2.197106122970581 9000
training loss = 6.003520965576172 9500
training loss = 2.1011464595794678 10000
training loss = 2.0493392944335938 10500
training loss = 2.0040924549102783 11000
training loss = 2.0630300045013428 11500
training loss = 1.9181573390960693 12000
training loss = 1.9585107564926147 12500
training loss = 1.858283281326294 13000
training loss = 1.7954167127609253 13500
training loss = 1.8155940771102905 14000
training loss = 1.7310832738876343 14500
training loss = 1.8877968788146973 15000
training loss = 1.679589033126831 15500
training loss = 1.708113193511963 16000
training loss = 1.6765767335891724 16500
training loss = 1.6285935640335083 17000
training loss = 2.146169662475586 17500
training loss = 1.6107137203216553 18000
training loss = 1.6122283935546875 18500
training loss = 1.5980401039123535 19000
training loss = 1.5945181846618652 19500
training loss = 1.6116336584091187 20000
training loss = 1.6043275594711304 20500
training loss = 1.5877925157546997 21000
training loss = 1.5908790826797485 21500
training loss = 1.585957646369934 22000
training loss = 1.7695292234420776 22500
training loss = 1.8561468124389648 23000
training loss = 1.5908313989639282 23500
training loss = 1.753109097480774 24000
reduced chi^2 level 2 = 1.7154412269592285
Constrained alpha: 2.233841896057129
Constrained beta: 5.074118137359619
Constrained gamma: 53.6477165222168
(1, 53)
(1, 0)
