data before
[0.00000000e+00 0.00000000e+00 0.00000000e+00 0.00000000e+00
 0.00000000e+00 0.00000000e+00 0.00000000e+00 0.00000000e+00
 0.00000000e+00 0.00000000e+00 0.00000000e+00 9.17376737e-01
 2.87436164e+01 2.49180256e+02 6.63079121e+02 1.22065861e+03
 2.03698583e+03 3.21634275e+03 4.75029331e+03 7.37539545e+03
 1.12143034e+04 1.54323898e+04 2.24652511e+04 3.47759566e+04
 4.08591781e+04 4.40436909e+04 4.73523428e+04 5.01265999e+04
 5.21138332e+04 5.14355295e+04 4.79536154e+04 4.21893882e+04
 3.36635849e+04 2.42587931e+04 1.55754430e+04 9.78760306e+03
 6.68288505e+03 5.67294803e+03 6.55715929e+02 0.00000000e+00
 0.00000000e+00]
2
data after
[29.660993151841108, 249.18025629698565, 663.0791206980514, 1220.6586099447632, 2036.9858339264833, 3216.3427509086605, 4750.293309300629, 7375.395446675965, 11214.303396917725, 15432.38980980774, 22465.251119976194, 34775.956593591916, 40859.178068666384, 44043.69088234864, 47352.342793178104, 50126.599944482725, 52113.83316188202, 51435.52954527405, 47953.615431912236, 42189.38823230286, 33663.58491148224, 24258.793065937425, 15575.443048762894, 9787.603055130005, 6682.885050846005, 5672.948025443411, 655.7159291787357]
2
data,sig_tot
[2.96609932e+01 2.49180256e+02 6.63079121e+02 1.22065861e+03
 2.03698583e+03 3.21634275e+03 4.75029331e+03 7.37539545e+03
 1.12143034e+04 1.54323898e+04 2.24652511e+04 3.47759566e+04
 4.08591781e+04 4.40436909e+04 4.73523428e+04 5.01265999e+04
 5.21138332e+04 5.14355295e+04 4.79536154e+04 4.21893882e+04
 3.36635849e+04 2.42587931e+04 1.55754430e+04 9.78760306e+03
 6.68288505e+03 5.67294803e+03 6.55715929e+02 5.04350591e+01
 1.59864779e+02 4.74006151e+02 9.60427414e+02 1.55038233e+03
 2.17249007e+03 2.89261735e+03 4.11306767e+03 5.54400221e+03
 7.79539174e+03 1.10351092e+04 1.08642202e+04 1.19164650e+04
 1.26139049e+04 1.23254457e+04 1.16772370e+04 1.02197499e+04
 8.65355999e+03 6.95543045e+03 5.18652627e+03 3.51086037e+03
 2.19478346e+03 1.38934820e+03 9.46228668e+02 7.15352756e+02
 7.78925714e+01]
[2.96609932e+01 2.49180256e+02 6.63079121e+02 1.22065861e+03
 2.03698583e+03 3.21634275e+03 4.75029331e+03 7.37539545e+03
 1.12143034e+04 1.54323898e+04 2.24652511e+04 3.47759566e+04
 4.08591781e+04 4.40436909e+04 4.73523428e+04 5.01265999e+04
 5.21138332e+04 5.14355295e+04 4.79536154e+04 4.21893882e+04
 3.36635849e+04 2.42587931e+04 1.55754430e+04 9.78760306e+03
 6.68288505e+03 5.67294803e+03 6.55715929e+02 5.04350591e+01
 1.59864779e+02 4.74006151e+02 9.60427414e+02 1.55038233e+03
 2.17249007e+03 2.89261735e+03 4.11306767e+03 5.54400221e+03
 7.79539174e+03 1.10351092e+04 1.08642202e+04 1.19164650e+04
 1.26139049e+04 1.23254457e+04 1.16772370e+04 1.02197499e+04
 8.65355999e+03 6.95543045e+03 5.18652627e+03 3.51086037e+03
 2.19478346e+03 1.38934820e+03 9.46228668e+02 7.15352756e+02
 7.78925714e+01]
0.43850839600811653 11.245317008434705 36.07866219563206
val isze = 0
idinces = [20  3 45 17 31 35 39 26 21 38 23 34  7  6 42  2 50 43 10 37 27 18  4  1
 12 48 22 30 47 19 32  5 13 14 44 33 24 11 41 16 51 40 49 52  8 46 29 25
 28  0 15 36  9]
training loss = 115.77233123779297 500
training loss = 42.8577766418457 1000
training loss = 41.85745620727539 1500
training loss = 40.18705749511719 2000
training loss = 31.62415885925293 2500
training loss = 5.084508419036865 3000
training loss = 3.089118003845215 3500
training loss = 2.5793778896331787 4000
training loss = 2.4633584022521973 4500
training loss = 2.4306704998016357 5000
training loss = 2.415208101272583 5500
training loss = 2.402928590774536 6000
training loss = 2.837583541870117 6500
training loss = 2.552959442138672 7000
training loss = 2.3682973384857178 7500
training loss = 2.3487141132354736 8000
training loss = 5.539839267730713 8500
training loss = 2.361543893814087 9000
training loss = 2.6307287216186523 9500
training loss = 2.2717225551605225 10000
training loss = 2.244579553604126 10500
training loss = 2.2193610668182373 11000
training loss = 2.346087694168091 11500
training loss = 2.433173418045044 12000
training loss = 11.671928405761719 12500
training loss = 1.8625856637954712 13000
training loss = 1.7392014265060425 13500
training loss = 1.607295036315918 14000
training loss = 1.4957324266433716 14500
training loss = 1.4128084182739258 15000
training loss = 1.3623898029327393 15500
training loss = 1.3360886573791504 16000
training loss = 1.3239357471466064 16500
training loss = 1.3246572017669678 17000
training loss = 2.493492603302002 17500
training loss = 1.5507948398590088 18000
training loss = 1.3139961957931519 18500
training loss = 1.3135807514190674 19000
training loss = 1.3132652044296265 19500
training loss = 1.3129997253417969 20000
training loss = 1.3127737045288086 20500
training loss = 1.3125742673873901 21000
training loss = 1.312653660774231 21500
training loss = 1.3272792100906372 22000
training loss = 5.783202648162842 22500
training loss = 1.3118244409561157 23000
training loss = 1.311637282371521 23500
training loss = 1.311486005783081 24000
training loss = 1.3113155364990234 24500
training loss = 1.3111183643341064 25000
reduced chi^2 level 2 = 1.3111218214035034
Constrained alpha: 2.1554207801818848
Constrained beta: 4.92890739440918
Constrained gamma: 32.14836883544922
(1, 53)
(1, 0)
