data before
[0.00000000e+00 0.00000000e+00 0.00000000e+00 0.00000000e+00
 0.00000000e+00 0.00000000e+00 0.00000000e+00 0.00000000e+00
 0.00000000e+00 0.00000000e+00 0.00000000e+00 9.17376737e-01
 2.87436164e+01 2.49180256e+02 6.63079121e+02 1.22065861e+03
 2.03698583e+03 3.21634275e+03 4.75029331e+03 7.37539545e+03
 1.12143034e+04 1.54323898e+04 2.24652511e+04 3.47759566e+04
 4.08591781e+04 4.40436909e+04 4.73523428e+04 5.01265999e+04
 5.21138332e+04 5.14355295e+04 4.79536154e+04 4.21893882e+04
 3.36635849e+04 2.42587931e+04 1.55754430e+04 9.78760306e+03
 6.68288505e+03 5.67294803e+03 6.55715929e+02 0.00000000e+00
 0.00000000e+00]
2
data after
[29.660993151841108, 249.18025629698565, 663.0791206980514, 1220.6586099447632, 2036.9858339264833, 3216.3427509086605, 4750.293309300629, 7375.395446675965, 11214.303396917725, 15432.38980980774, 22465.251119976194, 34775.956593591916, 40859.178068666384, 44043.69088234864, 47352.342793178104, 50126.599944482725, 52113.83316188202, 51435.52954527405, 47953.615431912236, 42189.38823230286, 33663.58491148224, 24258.793065937425, 15575.443048762894, 9787.603055130005, 6682.885050846005, 5672.948025443411, 655.7159291787357]
2
data,sig_tot
[2.96609932e+01 2.49180256e+02 6.63079121e+02 1.22065861e+03
 2.03698583e+03 3.21634275e+03 4.75029331e+03 7.37539545e+03
 1.12143034e+04 1.54323898e+04 2.24652511e+04 3.47759566e+04
 4.08591781e+04 4.40436909e+04 4.73523428e+04 5.01265999e+04
 5.21138332e+04 5.14355295e+04 4.79536154e+04 4.21893882e+04
 3.36635849e+04 2.42587931e+04 1.55754430e+04 9.78760306e+03
 6.68288505e+03 5.67294803e+03 6.55715929e+02 5.04350591e+01
 1.59864779e+02 4.74006151e+02 9.60427414e+02 1.55038233e+03
 2.17249007e+03 2.89261735e+03 4.11306767e+03 5.54400221e+03
 7.79539174e+03 1.10351092e+04 1.08642202e+04 1.19164650e+04
 1.26139049e+04 1.23254457e+04 1.16772370e+04 1.02197499e+04
 8.65355999e+03 6.95543045e+03 5.18652627e+03 3.51086037e+03
 2.19478346e+03 1.38934820e+03 9.46228668e+02 7.15352756e+02
 7.78925714e+01]
[2.96609932e+01 2.49180256e+02 6.63079121e+02 1.22065861e+03
 2.03698583e+03 3.21634275e+03 4.75029331e+03 7.37539545e+03
 1.12143034e+04 1.54323898e+04 2.24652511e+04 3.47759566e+04
 4.08591781e+04 4.40436909e+04 4.73523428e+04 5.01265999e+04
 5.21138332e+04 5.14355295e+04 4.79536154e+04 4.21893882e+04
 3.36635849e+04 2.42587931e+04 1.55754430e+04 9.78760306e+03
 6.68288505e+03 5.67294803e+03 6.55715929e+02 5.04350591e+01
 1.59864779e+02 4.74006151e+02 9.60427414e+02 1.55038233e+03
 2.17249007e+03 2.89261735e+03 4.11306767e+03 5.54400221e+03
 7.79539174e+03 1.10351092e+04 1.08642202e+04 1.19164650e+04
 1.26139049e+04 1.23254457e+04 1.16772370e+04 1.02197499e+04
 8.65355999e+03 6.95543045e+03 5.18652627e+03 3.51086037e+03
 2.19478346e+03 1.38934820e+03 9.46228668e+02 7.15352756e+02
 7.78925714e+01]
1.2877253046970483 2.650688315301335 11.40240649848815
val isze = 0
idinces = [20  3 45 17 31 35 39 26 21 38 23 34  7  6 42  2 50 43 10 37 27 18  4  1
 12 48 22 30 47 19 32  5 13 14 44 33 24 11 41 16 51 40 49 52  8 46 29 25
 28  0 15 36  9]
training loss = 53.35310363769531 500
training loss = 46.17593002319336 1000
training loss = 46.144309997558594 1500
training loss = 46.11442947387695 2000
training loss = 46.078250885009766 2500
training loss = 46.03794860839844 3000
training loss = 45.99139404296875 3500
training loss = 46.044700622558594 4000
training loss = 45.885711669921875 4500
training loss = 49.1264762878418 5000
training loss = 50.020103454589844 5500
training loss = 45.671878814697266 6000
training loss = 45.589752197265625 6500
training loss = 46.72018814086914 7000
training loss = 45.827056884765625 7500
training loss = 46.05535888671875 8000
training loss = 50.489566802978516 8500
training loss = 44.979156494140625 9000
training loss = 49.71677017211914 9500
training loss = 42.895606994628906 10000
training loss = 3.1177978515625 10500
training loss = 2.7641303539276123 11000
training loss = 2.6568517684936523 11500
training loss = 2.6010453701019287 12000
training loss = 2.557097911834717 12500
training loss = 2.5829451084136963 13000
training loss = 2.4644222259521484 13500
training loss = 2.4212868213653564 14000
training loss = 3.396559238433838 14500
training loss = 2.3152549266815186 15000
training loss = 2.256218433380127 15500
training loss = 2.181661605834961 16000
training loss = 2.0624637603759766 16500
training loss = 1.87713623046875 17000
training loss = 1.6932862997055054 17500
training loss = 1.7455532550811768 18000
training loss = 1.572065830230713 18500
training loss = 1.7101950645446777 19000
training loss = 1.5891447067260742 19500
training loss = 1.5519582033157349 20000
training loss = 1.5491809844970703 20500
training loss = 1.547026515007019 21000
training loss = 1.5918431282043457 21500
training loss = 1.7253023386001587 22000
training loss = 1.5425935983657837 22500
training loss = 1.5678402185440063 23000
training loss = 1.5771026611328125 23500
training loss = 1.5414395332336426 24000
training loss = 1.5416767597198486 24500
training loss = 1.5358721017837524 25000
reduced chi^2 level 2 = 1.5358713865280151
Constrained alpha: 2.1965928077697754
Constrained beta: 4.356471538543701
Constrained gamma: 12.83742618560791
(1, 53)
(1, 0)
