data before
[0.00000000e+00 0.00000000e+00 0.00000000e+00 0.00000000e+00
 0.00000000e+00 0.00000000e+00 0.00000000e+00 0.00000000e+00
 0.00000000e+00 0.00000000e+00 0.00000000e+00 9.17376737e-01
 2.87436164e+01 2.49180256e+02 6.63079121e+02 1.22065861e+03
 2.03698583e+03 3.21634275e+03 4.75029331e+03 7.37539545e+03
 1.12143034e+04 1.54323898e+04 2.24652511e+04 3.47759566e+04
 4.08591781e+04 4.40436909e+04 4.73523428e+04 5.01265999e+04
 5.21138332e+04 5.14355295e+04 4.79536154e+04 4.21893882e+04
 3.36635849e+04 2.42587931e+04 1.55754430e+04 9.78760306e+03
 6.68288505e+03 5.67294803e+03 6.55715929e+02 0.00000000e+00
 0.00000000e+00]
2
data after
[29.660993151841108, 249.18025629698565, 663.0791206980514, 1220.6586099447632, 2036.9858339264833, 3216.3427509086605, 4750.293309300629, 7375.395446675965, 11214.303396917725, 15432.38980980774, 22465.251119976194, 34775.956593591916, 40859.178068666384, 44043.69088234864, 47352.342793178104, 50126.599944482725, 52113.83316188202, 51435.52954527405, 47953.615431912236, 42189.38823230286, 33663.58491148224, 24258.793065937425, 15575.443048762894, 9787.603055130005, 6682.885050846005, 5672.948025443411, 655.7159291787357]
2
data,sig_tot
[2.96609932e+01 2.49180256e+02 6.63079121e+02 1.22065861e+03
 2.03698583e+03 3.21634275e+03 4.75029331e+03 7.37539545e+03
 1.12143034e+04 1.54323898e+04 2.24652511e+04 3.47759566e+04
 4.08591781e+04 4.40436909e+04 4.73523428e+04 5.01265999e+04
 5.21138332e+04 5.14355295e+04 4.79536154e+04 4.21893882e+04
 3.36635849e+04 2.42587931e+04 1.55754430e+04 9.78760306e+03
 6.68288505e+03 5.67294803e+03 6.55715929e+02 5.04350591e+01
 1.59864779e+02 4.74006151e+02 9.60427414e+02 1.55038233e+03
 2.17249007e+03 2.89261735e+03 4.11306767e+03 5.54400221e+03
 7.79539174e+03 1.10351092e+04 1.08642202e+04 1.19164650e+04
 1.26139049e+04 1.23254457e+04 1.16772370e+04 1.02197499e+04
 8.65355999e+03 6.95543045e+03 5.18652627e+03 3.51086037e+03
 2.19478346e+03 1.38934820e+03 9.46228668e+02 7.15352756e+02
 7.78925714e+01]
[2.96609932e+01 2.49180256e+02 6.63079121e+02 1.22065861e+03
 2.03698583e+03 3.21634275e+03 4.75029331e+03 7.37539545e+03
 1.12143034e+04 1.54323898e+04 2.24652511e+04 3.47759566e+04
 4.08591781e+04 4.40436909e+04 4.73523428e+04 5.01265999e+04
 5.21138332e+04 5.14355295e+04 4.79536154e+04 4.21893882e+04
 3.36635849e+04 2.42587931e+04 1.55754430e+04 9.78760306e+03
 6.68288505e+03 5.67294803e+03 6.55715929e+02 5.04350591e+01
 1.59864779e+02 4.74006151e+02 9.60427414e+02 1.55038233e+03
 2.17249007e+03 2.89261735e+03 4.11306767e+03 5.54400221e+03
 7.79539174e+03 1.10351092e+04 1.08642202e+04 1.19164650e+04
 1.26139049e+04 1.23254457e+04 1.16772370e+04 1.02197499e+04
 8.65355999e+03 6.95543045e+03 5.18652627e+03 3.51086037e+03
 2.19478346e+03 1.38934820e+03 9.46228668e+02 7.15352756e+02
 7.78925714e+01]
2.4542751103365923 1.3118513459772774 85.05881848168657
val isze = 0
idinces = [20  3 45 17 31 35 39 26 21 38 23 34  7  6 42  2 50 43 10 37 27 18  4  1
 12 48 22 30 47 19 32  5 13 14 44 33 24 11 41 16 51 40 49 52  8 46 29 25
 28  0 15 36  9]
training loss = 66.08879089355469 500
training loss = 47.5088996887207 1000
training loss = 47.32487869262695 1500
training loss = 47.17049026489258 2000
training loss = 47.02699279785156 2500
training loss = 46.90243148803711 3000
training loss = 46.7995491027832 3500
training loss = 46.729042053222656 4000
training loss = 46.66276931762695 4500
training loss = 46.61296844482422 5000
training loss = 46.5543098449707 5500
training loss = 46.461666107177734 6000
training loss = 46.28733444213867 6500
training loss = 45.935298919677734 7000
training loss = 45.0529670715332 7500
training loss = 40.40625 8000
training loss = 3.304833173751831 8500
training loss = 3.0240139961242676 9000
training loss = 2.935300827026367 9500
training loss = 2.9288992881774902 10000
training loss = 2.8640458583831787 10500
training loss = 2.8757965564727783 11000
training loss = 2.8405511379241943 11500
training loss = 4.702551364898682 12000
training loss = 2.83646821975708 12500
training loss = 3.183619737625122 13000
training loss = 2.8352272510528564 13500
training loss = 2.858401298522949 14000
training loss = 2.8430261611938477 14500
training loss = 2.934079885482788 15000
training loss = 2.832775592803955 15500
training loss = 2.8276753425598145 16000
training loss = 2.8295094966888428 16500
training loss = 2.8195502758026123 17000
training loss = 2.852435350418091 17500
training loss = 2.816356658935547 18000
training loss = 2.8112599849700928 18500
training loss = 2.80949330329895 19000
training loss = 2.8072268962860107 19500
training loss = 2.962557077407837 20000
(1, 53)
(1, 0)
