data before
[0.00000000e+00 0.00000000e+00 0.00000000e+00 0.00000000e+00
 0.00000000e+00 0.00000000e+00 0.00000000e+00 0.00000000e+00
 0.00000000e+00 0.00000000e+00 0.00000000e+00 9.17376737e-01
 2.87436164e+01 2.49180256e+02 6.63079121e+02 1.22065861e+03
 2.03698583e+03 3.21634275e+03 4.75029331e+03 7.37539545e+03
 1.12143034e+04 1.54323898e+04 2.24652511e+04 3.47759566e+04
 4.08591781e+04 4.40436909e+04 4.73523428e+04 5.01265999e+04
 5.21138332e+04 5.14355295e+04 4.79536154e+04 4.21893882e+04
 3.36635849e+04 2.42587931e+04 1.55754430e+04 9.78760306e+03
 6.68288505e+03 5.67294803e+03 6.55715929e+02 0.00000000e+00
 0.00000000e+00]
2
data after
[29.660993151841108, 249.18025629698565, 663.0791206980514, 1220.6586099447632, 2036.9858339264833, 3216.3427509086605, 4750.293309300629, 7375.395446675965, 11214.303396917725, 15432.38980980774, 22465.251119976194, 34775.956593591916, 40859.178068666384, 44043.69088234864, 47352.342793178104, 50126.599944482725, 52113.83316188202, 51435.52954527405, 47953.615431912236, 42189.38823230286, 33663.58491148224, 24258.793065937425, 15575.443048762894, 9787.603055130005, 6682.885050846005, 5672.948025443411, 655.7159291787357]
2
data,sig_tot
[2.96609932e+01 2.49180256e+02 6.63079121e+02 1.22065861e+03
 2.03698583e+03 3.21634275e+03 4.75029331e+03 7.37539545e+03
 1.12143034e+04 1.54323898e+04 2.24652511e+04 3.47759566e+04
 4.08591781e+04 4.40436909e+04 4.73523428e+04 5.01265999e+04
 5.21138332e+04 5.14355295e+04 4.79536154e+04 4.21893882e+04
 3.36635849e+04 2.42587931e+04 1.55754430e+04 9.78760306e+03
 6.68288505e+03 5.67294803e+03 6.55715929e+02 5.04350591e+01
 1.59864779e+02 4.74006151e+02 9.60427414e+02 1.55038233e+03
 2.17249007e+03 2.89261735e+03 4.11306767e+03 5.54400221e+03
 7.79539174e+03 1.10351092e+04 1.08642202e+04 1.19164650e+04
 1.26139049e+04 1.23254457e+04 1.16772370e+04 1.02197499e+04
 8.65355999e+03 6.95543045e+03 5.18652627e+03 3.51086037e+03
 2.19478346e+03 1.38934820e+03 9.46228668e+02 7.15352756e+02
 7.78925714e+01]
[2.96609932e+01 2.49180256e+02 6.63079121e+02 1.22065861e+03
 2.03698583e+03 3.21634275e+03 4.75029331e+03 7.37539545e+03
 1.12143034e+04 1.54323898e+04 2.24652511e+04 3.47759566e+04
 4.08591781e+04 4.40436909e+04 4.73523428e+04 5.01265999e+04
 5.21138332e+04 5.14355295e+04 4.79536154e+04 4.21893882e+04
 3.36635849e+04 2.42587931e+04 1.55754430e+04 9.78760306e+03
 6.68288505e+03 5.67294803e+03 6.55715929e+02 5.04350591e+01
 1.59864779e+02 4.74006151e+02 9.60427414e+02 1.55038233e+03
 2.17249007e+03 2.89261735e+03 4.11306767e+03 5.54400221e+03
 7.79539174e+03 1.10351092e+04 1.08642202e+04 1.19164650e+04
 1.26139049e+04 1.23254457e+04 1.16772370e+04 1.02197499e+04
 8.65355999e+03 6.95543045e+03 5.18652627e+03 3.51086037e+03
 2.19478346e+03 1.38934820e+03 9.46228668e+02 7.15352756e+02
 7.78925714e+01]
3.2573411072694936 13.532409951554307 76.10200667992181
val isze = 0
idinces = [20  3 45 17 31 35 39 26 21 38 23 34  7  6 42  2 50 43 10 37 27 18  4  1
 12 48 22 30 47 19 32  5 13 14 44 33 24 11 41 16 51 40 49 52  8 46 29 25
 28  0 15 36  9]
training loss = 39.64830017089844 500
training loss = 39.47894287109375 1000
training loss = 39.32087326049805 1500
training loss = 39.092994689941406 2000
training loss = 38.67560577392578 2500
training loss = 29.812808990478516 3000
training loss = 1.147753357887268 3500
training loss = 1.106909990310669 4000
training loss = 1.405237078666687 4500
training loss = 1.400936245918274 5000
training loss = 1.094777226448059 5500
training loss = 1.0846364498138428 6000
training loss = 1.0831612348556519 6500
training loss = 1.0821521282196045 7000
training loss = 1.081195592880249 7500
training loss = 1.0804780721664429 8000
training loss = 1.0798296928405762 8500
training loss = 1.0792168378829956 9000
training loss = 1.078637957572937 9500
training loss = 1.0780718326568604 10000
training loss = 1.1263630390167236 10500
training loss = 1.5332189798355103 11000
training loss = 1.0772335529327393 11500
training loss = 1.0759025812149048 12000
training loss = 1.0752803087234497 12500
training loss = 1.0747119188308716 13000
training loss = 1.0741373300552368 13500
training loss = 1.3341695070266724 14000
training loss = 1.0730149745941162 14500
training loss = 1.872302770614624 15000
training loss = 1.0718568563461304 15500
training loss = 1.0711432695388794 16000
training loss = 1.1575483083724976 16500
training loss = 1.0699129104614258 17000
training loss = 1.0730500221252441 17500
training loss = 1.0684818029403687 18000
training loss = 1.0851610898971558 18500
training loss = 1.0670713186264038 19000
training loss = 1.066304326057434 19500
training loss = 1.4132527112960815 20000
training loss = 1.0647985935211182 20500
training loss = 1.651953935623169 21000
training loss = 1.0634496212005615 21500
training loss = 2.1912295818328857 22000
training loss = 1.0627650022506714 22500
training loss = 1.0612084865570068 23000
training loss = 1.070958137512207 23500
training loss = 1.0610449314117432 24000
training loss = 1.0610414743423462 24500
training loss = 1.0585929155349731 25000
reduced chi^2 level 2 = 1.058587670326233
Constrained alpha: 2.1921029090881348
Constrained beta: 5.0825629234313965
Constrained gamma: 55.34313201904297
(1, 53)
(1, 0)
