data before
[0.00000000e+00 0.00000000e+00 0.00000000e+00 0.00000000e+00
 0.00000000e+00 0.00000000e+00 0.00000000e+00 0.00000000e+00
 0.00000000e+00 0.00000000e+00 0.00000000e+00 9.17376737e-01
 2.87436164e+01 2.49180256e+02 6.63079121e+02 1.22065861e+03
 2.03698583e+03 3.21634275e+03 4.75029331e+03 7.37539545e+03
 1.12143034e+04 1.54323898e+04 2.24652511e+04 3.47759566e+04
 4.08591781e+04 4.40436909e+04 4.73523428e+04 5.01265999e+04
 5.21138332e+04 5.14355295e+04 4.79536154e+04 4.21893882e+04
 3.36635849e+04 2.42587931e+04 1.55754430e+04 9.78760306e+03
 6.68288505e+03 5.67294803e+03 6.55715929e+02 0.00000000e+00
 0.00000000e+00]
2
data after
[29.660993151841108, 249.18025629698565, 663.0791206980514, 1220.6586099447632, 2036.9858339264833, 3216.3427509086605, 4750.293309300629, 7375.395446675965, 11214.303396917725, 15432.38980980774, 22465.251119976194, 34775.956593591916, 40859.178068666384, 44043.69088234864, 47352.342793178104, 50126.599944482725, 52113.83316188202, 51435.52954527405, 47953.615431912236, 42189.38823230286, 33663.58491148224, 24258.793065937425, 15575.443048762894, 9787.603055130005, 6682.885050846005, 5672.948025443411, 655.7159291787357]
2
data,sig_tot
[2.96609932e+01 2.49180256e+02 6.63079121e+02 1.22065861e+03
 2.03698583e+03 3.21634275e+03 4.75029331e+03 7.37539545e+03
 1.12143034e+04 1.54323898e+04 2.24652511e+04 3.47759566e+04
 4.08591781e+04 4.40436909e+04 4.73523428e+04 5.01265999e+04
 5.21138332e+04 5.14355295e+04 4.79536154e+04 4.21893882e+04
 3.36635849e+04 2.42587931e+04 1.55754430e+04 9.78760306e+03
 6.68288505e+03 5.67294803e+03 6.55715929e+02 5.04350591e+01
 1.59864779e+02 4.74006151e+02 9.60427414e+02 1.55038233e+03
 2.17249007e+03 2.89261735e+03 4.11306767e+03 5.54400221e+03
 7.79539174e+03 1.10351092e+04 1.08642202e+04 1.19164650e+04
 1.26139049e+04 1.23254457e+04 1.16772370e+04 1.02197499e+04
 8.65355999e+03 6.95543045e+03 5.18652627e+03 3.51086037e+03
 2.19478346e+03 1.38934820e+03 9.46228668e+02 7.15352756e+02
 7.78925714e+01]
[2.96609932e+01 2.49180256e+02 6.63079121e+02 1.22065861e+03
 2.03698583e+03 3.21634275e+03 4.75029331e+03 7.37539545e+03
 1.12143034e+04 1.54323898e+04 2.24652511e+04 3.47759566e+04
 4.08591781e+04 4.40436909e+04 4.73523428e+04 5.01265999e+04
 5.21138332e+04 5.14355295e+04 4.79536154e+04 4.21893882e+04
 3.36635849e+04 2.42587931e+04 1.55754430e+04 9.78760306e+03
 6.68288505e+03 5.67294803e+03 6.55715929e+02 5.04350591e+01
 1.59864779e+02 4.74006151e+02 9.60427414e+02 1.55038233e+03
 2.17249007e+03 2.89261735e+03 4.11306767e+03 5.54400221e+03
 7.79539174e+03 1.10351092e+04 1.08642202e+04 1.19164650e+04
 1.26139049e+04 1.23254457e+04 1.16772370e+04 1.02197499e+04
 8.65355999e+03 6.95543045e+03 5.18652627e+03 3.51086037e+03
 2.19478346e+03 1.38934820e+03 9.46228668e+02 7.15352756e+02
 7.78925714e+01]
3.5033912729149623 10.070332523697104 66.20811370886854
val isze = 0
idinces = [20  3 45 17 31 35 39 26 21 38 23 34  7  6 42  2 50 43 10 37 27 18  4  1
 12 48 22 30 47 19 32  5 13 14 44 33 24 11 41 16 51 40 49 52  8 46 29 25
 28  0 15 36  9]
training loss = 41.671730041503906 500
training loss = 41.34817886352539 1000
training loss = 41.09951400756836 1500
training loss = 40.8778190612793 2000
training loss = 40.62104797363281 2500
training loss = 39.878150939941406 3000
training loss = 2.6859116554260254 3500
training loss = 2.416088581085205 4000
training loss = 2.3664889335632324 4500
training loss = 1.9309462308883667 5000
training loss = 1.6357395648956299 5500
training loss = 1.400597333908081 6000
training loss = 1.2447694540023804 6500
training loss = 1.1376131772994995 7000
training loss = 1.1139322519302368 7500
training loss = 1.1064375638961792 8000
training loss = 1.1168869733810425 8500
training loss = 1.1065959930419922 9000
training loss = 1.1218491792678833 9500
training loss = 3.345703125 10000
training loss = 6.662054061889648 10500
training loss = 1.190487265586853 11000
training loss = 1.1300369501113892 11500
training loss = 1.1020854711532593 12000
training loss = 7.216177463531494 12500
training loss = 7.08389139175415 13000
training loss = 1.1528592109680176 13500
training loss = 1.1145037412643433 14000
training loss = 1.1015007495880127 14500
training loss = 1.10137140750885 15000
training loss = 1.4435310363769531 15500
training loss = 1.112748622894287 16000
training loss = 1.1023117303848267 16500
training loss = 1.1484167575836182 17000
training loss = 1.100925326347351 17500
training loss = 5.246651649475098 18000
training loss = 1.1071425676345825 18500
training loss = 1.1053723096847534 19000
training loss = 1.101280689239502 19500
training loss = 1.5135208368301392 20000
training loss = 1.1021209955215454 20500
training loss = 1.117722988128662 21000
training loss = 1.2375619411468506 21500
training loss = 1.1007635593414307 22000
training loss = 1.100268840789795 22500
training loss = 4.583272933959961 23000
training loss = 1.100083351135254 23500
training loss = 1.0999858379364014 24000
training loss = 1.1001135110855103 24500
training loss = 1.1014914512634277 25000
reduced chi^2 level 2 = 1.1242969036102295
Constrained alpha: 2.1227333545684814
Constrained beta: 4.629899024963379
Constrained gamma: 50.10844802856445
(1, 53)
(1, 0)
