data before
[0.00000000e+00 0.00000000e+00 0.00000000e+00 0.00000000e+00
 0.00000000e+00 0.00000000e+00 0.00000000e+00 0.00000000e+00
 0.00000000e+00 0.00000000e+00 0.00000000e+00 9.17376737e-01
 2.87436164e+01 2.49180256e+02 6.63079121e+02 1.22065861e+03
 2.03698583e+03 3.21634275e+03 4.75029331e+03 7.37539545e+03
 1.12143034e+04 1.54323898e+04 2.24652511e+04 3.47759566e+04
 4.08591781e+04 4.40436909e+04 4.73523428e+04 5.01265999e+04
 5.21138332e+04 5.14355295e+04 4.79536154e+04 4.21893882e+04
 3.36635849e+04 2.42587931e+04 1.55754430e+04 9.78760306e+03
 6.68288505e+03 5.67294803e+03 6.55715929e+02 0.00000000e+00
 0.00000000e+00]
2
data after
[29.660993151841108, 249.18025629698565, 663.0791206980514, 1220.6586099447632, 2036.9858339264833, 3216.3427509086605, 4750.293309300629, 7375.395446675965, 11214.303396917725, 15432.38980980774, 22465.251119976194, 34775.956593591916, 40859.178068666384, 44043.69088234864, 47352.342793178104, 50126.599944482725, 52113.83316188202, 51435.52954527405, 47953.615431912236, 42189.38823230286, 33663.58491148224, 24258.793065937425, 15575.443048762894, 9787.603055130005, 6682.885050846005, 5672.948025443411, 655.7159291787357]
2
data,sig_tot
[2.96609932e+01 2.49180256e+02 6.63079121e+02 1.22065861e+03
 2.03698583e+03 3.21634275e+03 4.75029331e+03 7.37539545e+03
 1.12143034e+04 1.54323898e+04 2.24652511e+04 3.47759566e+04
 4.08591781e+04 4.40436909e+04 4.73523428e+04 5.01265999e+04
 5.21138332e+04 5.14355295e+04 4.79536154e+04 4.21893882e+04
 3.36635849e+04 2.42587931e+04 1.55754430e+04 9.78760306e+03
 6.68288505e+03 5.67294803e+03 6.55715929e+02 5.04350591e+01
 1.59864779e+02 4.74006151e+02 9.60427414e+02 1.55038233e+03
 2.17249007e+03 2.89261735e+03 4.11306767e+03 5.54400221e+03
 7.79539174e+03 1.10351092e+04 1.08642202e+04 1.19164650e+04
 1.26139049e+04 1.23254457e+04 1.16772370e+04 1.02197499e+04
 8.65355999e+03 6.95543045e+03 5.18652627e+03 3.51086037e+03
 2.19478346e+03 1.38934820e+03 9.46228668e+02 7.15352756e+02
 7.78925714e+01]
[2.96609932e+01 2.49180256e+02 6.63079121e+02 1.22065861e+03
 2.03698583e+03 3.21634275e+03 4.75029331e+03 7.37539545e+03
 1.12143034e+04 1.54323898e+04 2.24652511e+04 3.47759566e+04
 4.08591781e+04 4.40436909e+04 4.73523428e+04 5.01265999e+04
 5.21138332e+04 5.14355295e+04 4.79536154e+04 4.21893882e+04
 3.36635849e+04 2.42587931e+04 1.55754430e+04 9.78760306e+03
 6.68288505e+03 5.67294803e+03 6.55715929e+02 5.04350591e+01
 1.59864779e+02 4.74006151e+02 9.60427414e+02 1.55038233e+03
 2.17249007e+03 2.89261735e+03 4.11306767e+03 5.54400221e+03
 7.79539174e+03 1.10351092e+04 1.08642202e+04 1.19164650e+04
 1.26139049e+04 1.23254457e+04 1.16772370e+04 1.02197499e+04
 8.65355999e+03 6.95543045e+03 5.18652627e+03 3.51086037e+03
 2.19478346e+03 1.38934820e+03 9.46228668e+02 7.15352756e+02
 7.78925714e+01]
2.704046555771304 5.812874735620834 16.48183876215914
val isze = 0
idinces = [20  3 45 17 31 35 39 26 21 38 23 34  7  6 42  2 50 43 10 37 27 18  4  1
 12 48 22 30 47 19 32  5 13 14 44 33 24 11 41 16 51 40 49 52  8 46 29 25
 28  0 15 36  9]
training loss = 43.968631744384766 500
training loss = 43.06359100341797 1000
training loss = 42.754661560058594 1500
training loss = 3.1846141815185547 2000
training loss = 3.1176090240478516 2500
training loss = 3.0931286811828613 3000
training loss = 3.078808546066284 3500
training loss = 3.0629849433898926 4000
training loss = 3.0416505336761475 4500
training loss = 3.0477824211120605 5000
training loss = 3.0824668407440186 5500
training loss = 2.993807315826416 6000
training loss = 2.9812934398651123 6500
training loss = 8.210073471069336 7000
training loss = 2.9426488876342773 7500
training loss = 3.0468101501464844 8000
training loss = 2.9311954975128174 8500
training loss = 2.9803543090820312 9000
training loss = 3.083000421524048 9500
training loss = 7.354652404785156 10000
training loss = 2.817530632019043 10500
training loss = 2.8492791652679443 11000
training loss = 2.8043179512023926 11500
training loss = 2.7124483585357666 12000
training loss = 2.6730549335479736 12500
training loss = 2.6328718662261963 13000
training loss = 2.7700788974761963 13500
training loss = 3.2504773139953613 14000
training loss = 5.622106552124023 14500
training loss = 2.549060821533203 15000
training loss = 2.5898375511169434 15500
training loss = 2.4562246799468994 16000
training loss = 2.29311466217041 16500
training loss = 2.244637966156006 17000
training loss = 2.1503942012786865 17500
training loss = 2.1323957443237305 18000
training loss = 8.06152057647705 18500
training loss = 1.9589688777923584 19000
training loss = 1.920823335647583 19500
training loss = 4.311546325683594 20000
training loss = 2.1895337104797363 20500
training loss = 1.8331142663955688 21000
training loss = 1.7960081100463867 21500
training loss = 1.790486454963684 22000
training loss = 2.063138246536255 22500
training loss = 5.451262474060059 23000
training loss = 2.0777289867401123 23500
training loss = 1.85763418674469 24000
training loss = 4.820826530456543 24500
training loss = 2.033273935317993 25000
reduced chi^2 level 2 = 1.9263105392456055
Constrained alpha: 2.180802345275879
Constrained beta: 4.781974792480469
Constrained gamma: 16.629066467285156
(1, 53)
(1, 0)
