data before
[0.00000000e+00 0.00000000e+00 0.00000000e+00 0.00000000e+00
 0.00000000e+00 0.00000000e+00 0.00000000e+00 0.00000000e+00
 0.00000000e+00 0.00000000e+00 0.00000000e+00 9.17376737e-01
 2.87436164e+01 2.49180256e+02 6.63079121e+02 1.22065861e+03
 2.03698583e+03 3.21634275e+03 4.75029331e+03 7.37539545e+03
 1.12143034e+04 1.54323898e+04 2.24652511e+04 3.47759566e+04
 4.08591781e+04 4.40436909e+04 4.73523428e+04 5.01265999e+04
 5.21138332e+04 5.14355295e+04 4.79536154e+04 4.21893882e+04
 3.36635849e+04 2.42587931e+04 1.55754430e+04 9.78760306e+03
 6.68288505e+03 5.67294803e+03 6.55715929e+02 0.00000000e+00
 0.00000000e+00]
2
data after
[29.660993151841108, 249.18025629698565, 663.0791206980514, 1220.6586099447632, 2036.9858339264833, 3216.3427509086605, 4750.293309300629, 7375.395446675965, 11214.303396917725, 15432.38980980774, 22465.251119976194, 34775.956593591916, 40859.178068666384, 44043.69088234864, 47352.342793178104, 50126.599944482725, 52113.83316188202, 51435.52954527405, 47953.615431912236, 42189.38823230286, 33663.58491148224, 24258.793065937425, 15575.443048762894, 9787.603055130005, 6682.885050846005, 5672.948025443411, 655.7159291787357]
2
data,sig_tot
[2.96609932e+01 2.49180256e+02 6.63079121e+02 1.22065861e+03
 2.03698583e+03 3.21634275e+03 4.75029331e+03 7.37539545e+03
 1.12143034e+04 1.54323898e+04 2.24652511e+04 3.47759566e+04
 4.08591781e+04 4.40436909e+04 4.73523428e+04 5.01265999e+04
 5.21138332e+04 5.14355295e+04 4.79536154e+04 4.21893882e+04
 3.36635849e+04 2.42587931e+04 1.55754430e+04 9.78760306e+03
 6.68288505e+03 5.67294803e+03 6.55715929e+02 5.04350591e+01
 1.59864779e+02 4.74006151e+02 9.60427414e+02 1.55038233e+03
 2.17249007e+03 2.89261735e+03 4.11306767e+03 5.54400221e+03
 7.79539174e+03 1.10351092e+04 1.08642202e+04 1.19164650e+04
 1.26139049e+04 1.23254457e+04 1.16772370e+04 1.02197499e+04
 8.65355999e+03 6.95543045e+03 5.18652627e+03 3.51086037e+03
 2.19478346e+03 1.38934820e+03 9.46228668e+02 7.15352756e+02
 7.78925714e+01]
[2.96609932e+01 2.49180256e+02 6.63079121e+02 1.22065861e+03
 2.03698583e+03 3.21634275e+03 4.75029331e+03 7.37539545e+03
 1.12143034e+04 1.54323898e+04 2.24652511e+04 3.47759566e+04
 4.08591781e+04 4.40436909e+04 4.73523428e+04 5.01265999e+04
 5.21138332e+04 5.14355295e+04 4.79536154e+04 4.21893882e+04
 3.36635849e+04 2.42587931e+04 1.55754430e+04 9.78760306e+03
 6.68288505e+03 5.67294803e+03 6.55715929e+02 5.04350591e+01
 1.59864779e+02 4.74006151e+02 9.60427414e+02 1.55038233e+03
 2.17249007e+03 2.89261735e+03 4.11306767e+03 5.54400221e+03
 7.79539174e+03 1.10351092e+04 1.08642202e+04 1.19164650e+04
 1.26139049e+04 1.23254457e+04 1.16772370e+04 1.02197499e+04
 8.65355999e+03 6.95543045e+03 5.18652627e+03 3.51086037e+03
 2.19478346e+03 1.38934820e+03 9.46228668e+02 7.15352756e+02
 7.78925714e+01]
4.68664352978312 8.138763819424355 61.25471012694933
val isze = 0
idinces = [20  3 45 17 31 35 39 26 21 38 23 34  7  6 42  2 50 43 10 37 27 18  4  1
 12 48 22 30 47 19 32  5 13 14 44 33 24 11 41 16 51 40 49 52  8 46 29 25
 28  0 15 36  9]
training loss = 43.93376159667969 500
training loss = 43.20425033569336 1000
training loss = 42.95494079589844 1500
training loss = 42.819725036621094 2000
training loss = 2.583268404006958 2500
training loss = 1.9844560623168945 3000
training loss = 1.7924079895019531 3500
training loss = 1.6995400190353394 4000
training loss = 1.636078953742981 4500
training loss = 1.5811079740524292 5000
training loss = 1.5465165376663208 5500
training loss = 1.523664951324463 6000
training loss = 1.510567307472229 6500
training loss = 1.5004140138626099 7000
training loss = 1.49172842502594 7500
training loss = 1.4855117797851562 8000
training loss = 1.4811427593231201 8500
training loss = 1.4779250621795654 9000
training loss = 2.4217941761016846 9500
training loss = 1.4811732769012451 10000
training loss = 1.4716588258743286 10500
training loss = 1.4711642265319824 11000
training loss = 1.4343786239624023 11500
training loss = 1.4149473905563354 12000
training loss = 1.776941180229187 12500
training loss = 1.3984885215759277 13000
training loss = 1.4058828353881836 13500
training loss = 1.414554238319397 14000
training loss = 1.3908870220184326 14500
training loss = 1.5289353132247925 15000
training loss = 3.3404626846313477 15500
training loss = 1.7960695028305054 16000
training loss = 1.425898790359497 16500
training loss = 3.153578281402588 17000
training loss = 1.3997654914855957 17500
training loss = 1.5444341897964478 18000
training loss = 1.4316885471343994 18500
training loss = 1.5268019437789917 19000
training loss = 2.3254990577697754 19500
training loss = 1.3914142847061157 20000
training loss = 1.4118609428405762 20500
training loss = 1.4200433492660522 21000
training loss = 1.4624701738357544 21500
training loss = 1.3856052160263062 22000
training loss = 1.5045833587646484 22500
training loss = 1.7353110313415527 23000
training loss = 1.518662929534912 23500
training loss = 1.4133847951889038 24000
training loss = 1.4000213146209717 24500
training loss = 1.4514402151107788 25000
reduced chi^2 level 2 = 1.4401118755340576
Constrained alpha: 2.1701388359069824
Constrained beta: 4.110464096069336
Constrained gamma: 45.44544982910156
(1, 53)
(1, 0)
