LHAPDF 6.5.4 loading /data/theorie/jjohn/miniconda3/envs/nnpdf_dev/share/LHAPDF/FASERv_EPOS+POWHEG_7TeV/FASERv_EPOS+POWHEG_7TeV_0000.dat
FASERv_EPOS+POWHEG_7TeV PDF set, member #0, version 1; LHAPDF ID = 70001000
LHAPDF 6.5.4 loading /data/theorie/jjohn/miniconda3/envs/nnpdf_dev/share/LHAPDF/FASERv_EPOS+POWHEG_7TeV/FASERv_EPOS+POWHEG_7TeV_0000.dat
FASERv_EPOS+POWHEG_7TeV PDF set, member #0, version 1; LHAPDF ID = 70001000
2.219825845487844 19.780899518499552 69.26207139920479
val isze = 0
idinces = [5 1 2 3 0 4]
training loss = 27.755155563354492
training loss = 12.039491653442383
training loss = 6.8519487380981445
training loss = 1.88749361038208
training loss = 1.4519679546356201
training loss = 1.2828125953674316
training loss = 1.1460691690444946
training loss = 1.0236117839813232
training loss = 0.906522810459137
training loss = 0.788561999797821
training loss = 0.6652270555496216
training loss = 0.5392630696296692
training loss = 0.4213331341743469
training loss = 0.30852198600769043
training loss = 0.19082581996917725
training loss = 0.09709201753139496
training loss = 0.04499050974845886
training loss = 0.021348513662815094
training loss = 0.011494357138872147
training loss = 0.007413461804389954
rep 1 done out of 1
reduced chi^2 level 2 = 0.0073880720883607864
Constrained alpha: 1.4844096899032593
Constrained beta: 14.724958419799805
Constrained gamma: 57.86996078491211
(1, 6)
(1, 0)
Thanks for using LHAPDF 6.5.4. Please make sure to cite the paper:
  Eur.Phys.J. C75 (2015) 3, 132  (http://arxiv.org/abs/1412.7420)
