LHAPDF 6.5.4 loading /data/theorie/jjohn/miniconda3/envs/nnpdf_dev/share/LHAPDF/FASERv_EPOS+POWHEG_7TeV/FASERv_EPOS+POWHEG_7TeV_0000.dat
FASERv_EPOS+POWHEG_7TeV PDF set, member #0, version 1; LHAPDF ID = 70001000
LHAPDF 6.5.4 loading /data/theorie/jjohn/miniconda3/envs/nnpdf_dev/share/LHAPDF/FASERv_EPOS+POWHEG_7TeV/FASERv_EPOS+POWHEG_7TeV_0000.dat
FASERv_EPOS+POWHEG_7TeV PDF set, member #0, version 1; LHAPDF ID = 70001000
2.888944088651505 10.920705946506828 87.87496984217495
val isze = 0
idinces = [5 1 2 3 0 4]
training loss = 105.86048126220703
training loss = 93.57823181152344
training loss = 79.13825988769531
training loss = 63.074432373046875
training loss = 46.77894592285156
training loss = 32.078216552734375
training loss = 20.96482276916504
training loss = 14.838912010192871
training loss = 12.761962890625
training loss = 11.974477767944336
training loss = 11.422462463378906
training loss = 11.002735137939453
training loss = 10.629364013671875
training loss = 10.234707832336426
training loss = 9.776424407958984
training loss = 9.235687255859375
training loss = 8.615537643432617
training loss = 7.919951915740967
training loss = 7.030843734741211
training loss = 5.203304767608643
(1, 6)
(1, 0)
Thanks for using LHAPDF 6.5.4. Please make sure to cite the paper:
  Eur.Phys.J. C75 (2015) 3, 132  (http://arxiv.org/abs/1412.7420)
