LHAPDF 6.5.4 loading /data/theorie/jjohn/miniconda3/envs/nnpdf_dev/share/LHAPDF/FASERv_EPOS+POWHEG_7TeV/FASERv_EPOS+POWHEG_7TeV_0000.dat
FASERv_EPOS+POWHEG_7TeV PDF set, member #0, version 1; LHAPDF ID = 70001000
LHAPDF 6.5.4 loading /data/theorie/jjohn/miniconda3/envs/nnpdf_dev/share/LHAPDF/FASERv_EPOS+POWHEG_7TeV/FASERv_EPOS+POWHEG_7TeV_0000.dat
FASERv_EPOS+POWHEG_7TeV PDF set, member #0, version 1; LHAPDF ID = 70001000
2.6755649448108643 3.957025400243195 1.096693126979953
val isze = 0
idinces = [5 1 2 3 0 4]
training loss = 13.588083267211914
training loss = 11.085935592651367
training loss = 8.523009300231934
training loss = 6.200129508972168
training loss = 5.230491638183594
training loss = 4.993519306182861
training loss = 4.866307258605957
training loss = 4.647186279296875
training loss = 4.377680778503418
training loss = 4.084231376647949
training loss = 3.7782392501831055
training loss = 3.476923942565918
training loss = 3.201848268508911
training loss = 2.971609115600586
training loss = 2.7895255088806152
training loss = 2.651764392852783
training loss = 2.543896436691284
training loss = 2.449113368988037
training loss = 2.349709987640381
training loss = 2.157292127609253
rep 1 done out of 1
reduced chi^2 level 2 = 2.151139497756958
Constrained alpha: 1.8268922567367554
Constrained beta: 1.7006686925888062
Constrained gamma: 2.6117300987243652
(1, 6)
(1, 0)
Thanks for using LHAPDF 6.5.4. Please make sure to cite the paper:
  Eur.Phys.J. C75 (2015) 3, 132  (http://arxiv.org/abs/1412.7420)
