LHAPDF 6.5.4 loading /data/theorie/jjohn/miniconda3/envs/nnpdf_dev/share/LHAPDF/FASERv_EPOS+POWHEG_7TeV/FASERv_EPOS+POWHEG_7TeV_0000.dat
FASERv_EPOS+POWHEG_7TeV PDF set, member #0, version 1; LHAPDF ID = 70001000
LHAPDF 6.5.4 loading /data/theorie/jjohn/miniconda3/envs/nnpdf_dev/share/LHAPDF/FASERv_EPOS+POWHEG_7TeV/FASERv_EPOS+POWHEG_7TeV_0000.dat
FASERv_EPOS+POWHEG_7TeV PDF set, member #0, version 1; LHAPDF ID = 70001000
4.408074903561242 18.92156285539492 93.81539055817181
val isze = 0
idinces = [5 1 2 3 0 4]
training loss = 548568.1875
training loss = 97180.9375
training loss = 33198.8671875
training loss = 16041.802734375
training loss = 9312.919921875
training loss = 6048.2392578125
training loss = 4239.00146484375
training loss = 3141.4248046875
training loss = 2430.706787109375
training loss = 1947.34716796875
training loss = 1605.816162109375
training loss = 1356.9498291015625
training loss = 1171.0634765625
training loss = 1029.4713134765625
training loss = 919.6712646484375
training loss = 833.2518920898438
training loss = 764.38720703125
training loss = 708.92578125
training loss = 663.8450927734375
training loss = 626.909912109375
(1, 6)
(1, 0)
Thanks for using LHAPDF 6.5.4. Please make sure to cite the paper:
  Eur.Phys.J. C75 (2015) 3, 132  (http://arxiv.org/abs/1412.7420)
