LHAPDF 6.5.4 loading /data/theorie/jjohn/miniconda3/envs/nnpdf_dev/share/LHAPDF/FASERv_EPOS+POWHEG_7TeV/FASERv_EPOS+POWHEG_7TeV_0000.dat
FASERv_EPOS+POWHEG_7TeV PDF set, member #0, version 1; LHAPDF ID = 70001000
LHAPDF 6.5.4 loading /data/theorie/jjohn/miniconda3/envs/nnpdf_dev/share/LHAPDF/FASERv_EPOS+POWHEG_7TeV/FASERv_EPOS+POWHEG_7TeV_0000.dat
FASERv_EPOS+POWHEG_7TeV PDF set, member #0, version 1; LHAPDF ID = 70001000
4.235668423985207 19.766177626749993 32.83742904046868
val isze = 0
idinces = [5 1 2 3 0 4]
training loss = 1064.4490966796875
training loss = 933.0963134765625
training loss = 824.6964111328125
training loss = 744.889404296875
training loss = 688.6629638671875
training loss = 649.49365234375
training loss = 622.14208984375
training loss = 602.8592529296875
training loss = 589.0947875976562
training loss = 579.11767578125
training loss = 571.7535400390625
training loss = 566.200439453125
training loss = 561.903076171875
training loss = 558.4647827148438
training loss = 555.611083984375
training loss = 553.1337890625
training loss = 550.8846435546875
training loss = 548.752197265625
training loss = 546.6466674804688
training loss = 544.4998779296875
(1, 6)
(1, 0)
Thanks for using LHAPDF 6.5.4. Please make sure to cite the paper:
  Eur.Phys.J. C75 (2015) 3, 132  (http://arxiv.org/abs/1412.7420)
