LHAPDF 6.5.4 loading /data/theorie/jjohn/miniconda3/envs/nnpdf_dev/share/LHAPDF/FASERv_EPOS+POWHEG_7TeV/FASERv_EPOS+POWHEG_7TeV_0000.dat
FASERv_EPOS+POWHEG_7TeV PDF set, member #0, version 1; LHAPDF ID = 70001000
LHAPDF 6.5.4 loading /data/theorie/jjohn/miniconda3/envs/nnpdf_dev/share/LHAPDF/FASERv_EPOS+POWHEG_7TeV/FASERv_EPOS+POWHEG_7TeV_0000.dat
FASERv_EPOS+POWHEG_7TeV PDF set, member #0, version 1; LHAPDF ID = 70001000
1.9619929276705206 7.143033173492981 98.41249949492313
val isze = 0
idinces = [5 1 2 3 0 4]
training loss = 11.134592056274414
training loss = 9.606688499450684
training loss = 4.64788293838501
training loss = 3.2574853897094727
training loss = 1.9608752727508545
training loss = 1.385831356048584
training loss = 1.301862359046936
training loss = 0.6313923001289368
training loss = 0.26890772581100464
training loss = 0.08462028950452805
training loss = 0.166486918926239
training loss = 0.00477643683552742
training loss = 0.0009195402963086963
training loss = 0.0037266132421791553
rep 1 done out of 1
reduced chi^2 level 2 = 0.003485010238364339
Constrained alpha: 1.9808849096298218
Constrained beta: 8.804170608520508
Constrained gamma: 88.78510284423828
(1, 6)
(1, 0)
Thanks for using LHAPDF 6.5.4. Please make sure to cite the paper:
  Eur.Phys.J. C75 (2015) 3, 132  (http://arxiv.org/abs/1412.7420)
