LHAPDF 6.5.4 loading /data/theorie/jjohn/miniconda3/envs/nnpdf_dev/share/LHAPDF/FASERv_EPOS+POWHEG_7TeV/FASERv_EPOS+POWHEG_7TeV_0000.dat
FASERv_EPOS+POWHEG_7TeV PDF set, member #0, version 1; LHAPDF ID = 70001000
LHAPDF 6.5.4 loading /data/theorie/jjohn/miniconda3/envs/nnpdf_dev/share/LHAPDF/FASERv_EPOS+POWHEG_7TeV/FASERv_EPOS+POWHEG_7TeV_0000.dat
FASERv_EPOS+POWHEG_7TeV PDF set, member #0, version 1; LHAPDF ID = 70001000
0.29289657463199836 15.775458370281266 71.52982668714898
val isze = 0
idinces = [5 1 2 3 0 4]
training loss = 12.21152114868164
training loss = 11.329190254211426
training loss = 10.587275505065918
training loss = 9.838052749633789
training loss = 9.141315460205078
training loss = 8.529631614685059
training loss = 8.006030082702637
training loss = 7.533353805541992
training loss = 6.989959239959717
training loss = 5.9228339195251465
training loss = 1.707190752029419
training loss = 0.4774037003517151
training loss = 0.3781583309173584
training loss = 0.3423241972923279
training loss = 0.32768386602401733
training loss = 0.32087188959121704
training loss = 0.33146074414253235
training loss = 0.31457918882369995
training loss = 0.31280046701431274
training loss = 0.31086504459381104
rep 1 done out of 1
reduced chi^2 level 2 = 0.3108854293823242
Constrained alpha: 1.7871819734573364
Constrained beta: 12.432954788208008
Constrained gamma: 63.36896896362305
(1, 6)
(1, 0)
Thanks for using LHAPDF 6.5.4. Please make sure to cite the paper:
  Eur.Phys.J. C75 (2015) 3, 132  (http://arxiv.org/abs/1412.7420)
