LHAPDF 6.5.4 loading /data/theorie/jjohn/miniconda3/envs/nnpdf_dev/share/LHAPDF/FASERv_EPOS+POWHEG_7TeV/FASERv_EPOS+POWHEG_7TeV_0000.dat
FASERv_EPOS+POWHEG_7TeV PDF set, member #0, version 1; LHAPDF ID = 70001000
LHAPDF 6.5.4 loading /data/theorie/jjohn/miniconda3/envs/nnpdf_dev/share/LHAPDF/FASERv_EPOS+POWHEG_7TeV/FASERv_EPOS+POWHEG_7TeV_0000.dat
FASERv_EPOS+POWHEG_7TeV PDF set, member #0, version 1; LHAPDF ID = 70001000
4.952535015132358 3.0937761335193947 95.0643446671167
val isze = 0
idinces = [5 1 2 3 0 4]
training loss = 1864351.625
training loss = 1557669.875
training loss = 1268891.875
training loss = 1025150.5
training loss = 829494.875
training loss = 675479.6875
training loss = 554918.5625
training loss = 460059.75
training loss = 384948.71875
training loss = 324983.9375
training loss = 276583.78125
training loss = 237153.75
training loss = 204755.984375
training loss = 177938.515625
training loss = 155510.328125
training loss = 136611.40625
training loss = 120576.1328125
training loss = 106881.8828125
training loss = 95116.6875
training loss = 84952.75
(1, 6)
(1, 0)
Thanks for using LHAPDF 6.5.4. Please make sure to cite the paper:
  Eur.Phys.J. C75 (2015) 3, 132  (http://arxiv.org/abs/1412.7420)
