LHAPDF 6.5.4 loading /data/theorie/jjohn/miniconda3/envs/nnpdf_dev/share/LHAPDF/FASERv_EPOS+POWHEG_7TeV/FASERv_EPOS+POWHEG_7TeV_0000.dat
FASERv_EPOS+POWHEG_7TeV PDF set, member #0, version 1; LHAPDF ID = 70001000
LHAPDF 6.5.4 loading /data/theorie/jjohn/miniconda3/envs/nnpdf_dev/share/LHAPDF/FASERv_EPOS+POWHEG_7TeV/FASERv_EPOS+POWHEG_7TeV_0000.dat
FASERv_EPOS+POWHEG_7TeV PDF set, member #0, version 1; LHAPDF ID = 70001000
1.1927761248713904 16.194485271424092 37.32118231454575
val isze = 0
idinces = [5 1 2 3 0 4]
training loss = 14.499496459960938
training loss = 10.919550895690918
training loss = 9.377384185791016
training loss = 7.811147212982178
training loss = 6.337435722351074
training loss = 4.994210720062256
training loss = 3.6095032691955566
training loss = 3.0889439582824707
training loss = 2.8997716903686523
training loss = 2.8383750915527344
training loss = 2.777902603149414
training loss = 2.713623046875
training loss = 2.585538387298584
training loss = 2.4311351776123047
training loss = 2.247248649597168
training loss = 2.1260151863098145
training loss = 7.822684288024902
training loss = 1.3133617639541626
training loss = 0.9083415269851685
training loss = 0.17841693758964539
rep 1 done out of 1
reduced chi^2 level 2 = 0.20202189683914185
Constrained alpha: 2.620425224304199
Constrained beta: 11.547558784484863
Constrained gamma: 35.85443878173828
(1, 6)
(1, 0)
Thanks for using LHAPDF 6.5.4. Please make sure to cite the paper:
  Eur.Phys.J. C75 (2015) 3, 132  (http://arxiv.org/abs/1412.7420)
