LHAPDF 6.5.4 loading /data/theorie/jjohn/miniconda3/envs/nnpdf_dev/share/LHAPDF/FASERv_EPOS+POWHEG_7TeV/FASERv_EPOS+POWHEG_7TeV_0000.dat
FASERv_EPOS+POWHEG_7TeV PDF set, member #0, version 1; LHAPDF ID = 70001000
LHAPDF 6.5.4 loading /data/theorie/jjohn/miniconda3/envs/nnpdf_dev/share/LHAPDF/FASERv_EPOS+POWHEG_7TeV/FASERv_EPOS+POWHEG_7TeV_0000.dat
FASERv_EPOS+POWHEG_7TeV PDF set, member #0, version 1; LHAPDF ID = 70001000
3.3527031982966333 0.6438830202759305 9.320341603888805
val isze = 0
idinces = [5 1 2 3 0 4]
training loss = 62.4880485534668
training loss = 47.508338928222656
training loss = 35.17454528808594
training loss = 28.280174255371094
training loss = 25.589460372924805
training loss = 24.68042755126953
training loss = 24.232149124145508
training loss = 23.853931427001953
training loss = 23.472087860107422
training loss = 23.078683853149414
training loss = 22.674850463867188
training loss = 22.262290954589844
training loss = 21.84231185913086
training loss = 21.415687561035156
training loss = 20.982677459716797
training loss = 20.543041229248047
training loss = 20.095993041992188
training loss = 19.64021873474121
training loss = 19.174076080322266
training loss = 18.695690155029297
(1, 6)
(1, 0)
Thanks for using LHAPDF 6.5.4. Please make sure to cite the paper:
  Eur.Phys.J. C75 (2015) 3, 132  (http://arxiv.org/abs/1412.7420)
