LHAPDF 6.5.4 loading /data/theorie/jjohn/miniconda3/envs/nnpdf_dev/share/LHAPDF/FASERv_EPOS+POWHEG_7TeV/FASERv_EPOS+POWHEG_7TeV_0000.dat
FASERv_EPOS+POWHEG_7TeV PDF set, member #0, version 1; LHAPDF ID = 70001000
LHAPDF 6.5.4 loading /data/theorie/jjohn/miniconda3/envs/nnpdf_dev/share/LHAPDF/FASERv_EPOS+POWHEG_7TeV/FASERv_EPOS+POWHEG_7TeV_0000.dat
FASERv_EPOS+POWHEG_7TeV PDF set, member #0, version 1; LHAPDF ID = 70001000
2.657837118843112 6.791111694081184 1.6671978392970743
val isze = 0
idinces = [5 1 2 3 0 4]
training loss = 15.33089542388916
training loss = 13.221216201782227
training loss = 11.495182037353516
training loss = 10.136682510375977
training loss = 9.18258285522461
training loss = 8.579545021057129
training loss = 8.2365140914917
training loss = 8.06099796295166
training loss = 7.979714870452881
training loss = 7.9447736740112305
training loss = 7.929788589477539
training loss = 7.922292232513428
training loss = 7.91709041595459
training loss = 7.91215181350708
training loss = 7.906571388244629
training loss = 7.899698257446289
training loss = 7.890684604644775
training loss = 7.87799072265625
training loss = 7.858194351196289
training loss = 7.821968078613281
(1, 6)
(1, 0)
Thanks for using LHAPDF 6.5.4. Please make sure to cite the paper:
  Eur.Phys.J. C75 (2015) 3, 132  (http://arxiv.org/abs/1412.7420)
