LHAPDF 6.5.4 loading /data/theorie/jjohn/miniconda3/envs/nnpdf_dev/share/LHAPDF/FASERv_EPOS+POWHEG_7TeV/FASERv_EPOS+POWHEG_7TeV_0000.dat
FASERv_EPOS+POWHEG_7TeV PDF set, member #0, version 1; LHAPDF ID = 70001000
LHAPDF 6.5.4 loading /data/theorie/jjohn/miniconda3/envs/nnpdf_dev/share/LHAPDF/FASERv_EPOS+POWHEG_7TeV/FASERv_EPOS+POWHEG_7TeV_0000.dat
FASERv_EPOS+POWHEG_7TeV PDF set, member #0, version 1; LHAPDF ID = 70001000
4.310354726795629 6.045856826012674 56.23963837410151
val isze = 0
idinces = [5 1 2 3 0 4]
training loss = 10003.236328125
training loss = 6117.53515625
training loss = 3826.652587890625
training loss = 2538.421875
training loss = 1792.06494140625
training loss = 1339.36279296875
training loss = 1052.3680419921875
training loss = 863.2830810546875
training loss = 734.6035766601562
training loss = 644.6321411132812
training loss = 580.29736328125
training loss = 533.4210205078125
training loss = 498.7210998535156
training loss = 472.7186279296875
training loss = 452.99505615234375
training loss = 437.9239196777344
training loss = 426.29766845703125
training loss = 417.28253173828125
training loss = 410.2572937011719
training loss = 404.7467346191406
(1, 6)
(1, 0)
Thanks for using LHAPDF 6.5.4. Please make sure to cite the paper:
  Eur.Phys.J. C75 (2015) 3, 132  (http://arxiv.org/abs/1412.7420)
