LHAPDF 6.5.4 loading /data/theorie/jjohn/miniconda3/envs/nnpdf_dev/share/LHAPDF/FASERv_EPOS+POWHEG_7TeV/FASERv_EPOS+POWHEG_7TeV_0000.dat
FASERv_EPOS+POWHEG_7TeV PDF set, member #0, version 1; LHAPDF ID = 70001000
LHAPDF 6.5.4 loading /data/theorie/jjohn/miniconda3/envs/nnpdf_dev/share/LHAPDF/FASERv_EPOS+POWHEG_7TeV/FASERv_EPOS+POWHEG_7TeV_0000.dat
FASERv_EPOS+POWHEG_7TeV PDF set, member #0, version 1; LHAPDF ID = 70001000
0.24086538947478753 12.831699411111927 89.72069828720655
val isze = 0
idinces = [5 1 2 3 0 4]
training loss = 22.758838653564453
training loss = 17.322248458862305
training loss = 15.595231056213379
training loss = 13.726469993591309
training loss = 11.804899215698242
training loss = 9.824799537658691
training loss = 7.577871322631836
training loss = 4.975701808929443
training loss = 4.605288505554199
training loss = 4.345828533172607
training loss = 4.306056976318359
training loss = 4.2708916664123535
training loss = 4.235091686248779
training loss = 4.19713020324707
training loss = 4.155403137207031
training loss = 4.107397079467773
training loss = 4.0486884117126465
training loss = 3.9705889225006104
training loss = 3.852206230163574
training loss = 3.6228504180908203
rep 1 done out of 1
reduced chi^2 level 2 = 3.6193158626556396
Constrained alpha: 2.0526466369628906
Constrained beta: 8.956098556518555
Constrained gamma: 78.68212890625
(1, 6)
(1, 0)
Thanks for using LHAPDF 6.5.4. Please make sure to cite the paper:
  Eur.Phys.J. C75 (2015) 3, 132  (http://arxiv.org/abs/1412.7420)
