LHAPDF 6.5.4 loading /data/theorie/jjohn/miniconda3/envs/nnpdf_dev/share/LHAPDF/FASERv_EPOS+POWHEG_7TeV/FASERv_EPOS+POWHEG_7TeV_0000.dat
FASERv_EPOS+POWHEG_7TeV PDF set, member #0, version 1; LHAPDF ID = 70001000
LHAPDF 6.5.4 loading /data/theorie/jjohn/miniconda3/envs/nnpdf_dev/share/LHAPDF/FASERv_EPOS+POWHEG_7TeV/FASERv_EPOS+POWHEG_7TeV_0000.dat
FASERv_EPOS+POWHEG_7TeV PDF set, member #0, version 1; LHAPDF ID = 70001000
3.5459088127893645 4.307207748395587 5.287109056709416
val isze = 0
idinces = [5 1 2 3 0 4]
training loss = 208.1071319580078
training loss = 178.85287475585938
training loss = 134.81231689453125
training loss = 79.76374053955078
training loss = 41.63587188720703
training loss = 33.76946258544922
training loss = 32.77741241455078
training loss = 32.05148696899414
training loss = 31.284475326538086
training loss = 30.471372604370117
training loss = 29.6109619140625
training loss = 28.701370239257812
training loss = 27.740211486816406
training loss = 26.72509002685547
training loss = 25.65399932861328
training loss = 24.525625228881836
training loss = 23.34006118774414
training loss = 22.099716186523438
training loss = 20.810779571533203
training loss = 19.485233306884766
(1, 6)
(1, 0)
Thanks for using LHAPDF 6.5.4. Please make sure to cite the paper:
  Eur.Phys.J. C75 (2015) 3, 132  (http://arxiv.org/abs/1412.7420)
