LHAPDF 6.5.4 loading /data/theorie/jjohn/miniconda3/envs/nnpdf_dev/share/LHAPDF/FASERv_EPOS+POWHEG_7TeV/FASERv_EPOS+POWHEG_7TeV_0000.dat
FASERv_EPOS+POWHEG_7TeV PDF set, member #0, version 1; LHAPDF ID = 70001000
LHAPDF 6.5.4 loading /data/theorie/jjohn/miniconda3/envs/nnpdf_dev/share/LHAPDF/FASERv_EPOS+POWHEG_7TeV/FASERv_EPOS+POWHEG_7TeV_0000.dat
FASERv_EPOS+POWHEG_7TeV PDF set, member #0, version 1; LHAPDF ID = 70001000
3.1377965846279148 13.365822719022356 21.59064240220395
val isze = 0
idinces = [5 1 2 3 0 4]
training loss = 249.82418823242188
training loss = 212.78646850585938
training loss = 145.48849487304688
training loss = 18.90116310119629
training loss = 17.89284896850586
training loss = 17.334321975708008
training loss = 16.818105697631836
training loss = 16.250043869018555
training loss = 15.514626502990723
training loss = 14.43175983428955
training loss = 12.848002433776855
training loss = 11.24020004272461
training loss = 10.241785049438477
training loss = 9.678147315979004
training loss = 9.415410995483398
training loss = 9.098575592041016
training loss = 8.928537368774414
training loss = 8.82987117767334
training loss = 8.767062187194824
training loss = 8.732690811157227
(1, 6)
(1, 0)
Thanks for using LHAPDF 6.5.4. Please make sure to cite the paper:
  Eur.Phys.J. C75 (2015) 3, 132  (http://arxiv.org/abs/1412.7420)
