LHAPDF 6.5.4 loading /data/theorie/jjohn/miniconda3/envs/nnpdf_dev/share/LHAPDF/FASERv_EPOS+POWHEG_7TeV/FASERv_EPOS+POWHEG_7TeV_0000.dat
FASERv_EPOS+POWHEG_7TeV PDF set, member #0, version 1; LHAPDF ID = 70001000
LHAPDF 6.5.4 loading /data/theorie/jjohn/miniconda3/envs/nnpdf_dev/share/LHAPDF/FASERv_EPOS+POWHEG_7TeV/FASERv_EPOS+POWHEG_7TeV_0000.dat
FASERv_EPOS+POWHEG_7TeV PDF set, member #0, version 1; LHAPDF ID = 70001000
1.400523233348205 2.9343263561570665 19.014214901529357
val isze = 0
idinces = [2 5 0 3 4 1]
training loss = 14.058826446533203
training loss = 12.743965148925781
training loss = 11.277424812316895
training loss = 9.776123046875
training loss = 8.340442657470703
training loss = 6.9595441818237305
training loss = 3.1981213092803955
training loss = 0.4921467900276184
training loss = 0.34108132123947144
training loss = 0.3335767984390259
training loss = 0.220659077167511
training loss = 0.20735883712768555
training loss = 0.1095084398984909
training loss = 0.07493890821933746
training loss = 0.0474528931081295
training loss = 0.029776711016893387
training loss = 0.01895925961434841
training loss = 0.011427327990531921
training loss = 0.007341926917433739
training loss = 0.0044740913435816765
rep 1 done out of 1
reduced chi^2 level 2 = 0.0044530238956213
Constrained alpha: 1.6066147089004517
Constrained beta: 5.949335098266602
Constrained gamma: 19.143075942993164
(1, 6)
(1, 0)
Thanks for using LHAPDF 6.5.4. Please make sure to cite the paper:
  Eur.Phys.J. C75 (2015) 3, 132  (http://arxiv.org/abs/1412.7420)
