LHAPDF 6.5.4 loading /data/theorie/jjohn/miniconda3/envs/nnpdf_dev/share/LHAPDF/FASERv_EPOS+POWHEG_7TeV/FASERv_EPOS+POWHEG_7TeV_0000.dat
FASERv_EPOS+POWHEG_7TeV PDF set, member #0, version 1; LHAPDF ID = 70001000
LHAPDF 6.5.4 loading /data/theorie/jjohn/miniconda3/envs/nnpdf_dev/share/LHAPDF/FASERv_EPOS+POWHEG_7TeV/FASERv_EPOS+POWHEG_7TeV_0000.dat
FASERv_EPOS+POWHEG_7TeV PDF set, member #0, version 1; LHAPDF ID = 70001000
4.612459319872586 2.003252880274522 59.46577784452812
val isze = 0
idinces = [5 1 2 3 0 4]
training loss = 84323.6640625
training loss = 43482.5234375
training loss = 23369.40234375
training loss = 13632.2392578125
training loss = 8605.1533203125
training loss = 5807.81494140625
training loss = 4144.501953125
training loss = 3097.9296875
training loss = 2409.3984375
training loss = 1938.3199462890625
training loss = 1605.749267578125
training loss = 1364.7449951171875
training loss = 1186.21533203125
training loss = 1051.461669921875
training loss = 948.1151123046875
training loss = 867.7623291015625
training loss = 804.7061157226562
training loss = 754.546630859375
training loss = 714.2919311523438
training loss = 681.7378540039062
(1, 6)
(1, 0)
Thanks for using LHAPDF 6.5.4. Please make sure to cite the paper:
  Eur.Phys.J. C75 (2015) 3, 132  (http://arxiv.org/abs/1412.7420)
