LHAPDF 6.5.4 loading /data/theorie/jjohn/miniconda3/envs/nnpdf_dev/share/LHAPDF/FASERv_EPOS+POWHEG_7TeV/FASERv_EPOS+POWHEG_7TeV_0000.dat
FASERv_EPOS+POWHEG_7TeV PDF set, member #0, version 1; LHAPDF ID = 70001000
LHAPDF 6.5.4 loading /data/theorie/jjohn/miniconda3/envs/nnpdf_dev/share/LHAPDF/FASERv_EPOS+POWHEG_7TeV/FASERv_EPOS+POWHEG_7TeV_0000.dat
FASERv_EPOS+POWHEG_7TeV PDF set, member #0, version 1; LHAPDF ID = 70001000
2.1917933867741244 12.283778262477883 68.41775709109011
val isze = 0
idinces = [5 1 2 3 0 4]
training loss = 8.362338066101074
training loss = 8.294248580932617
training loss = 8.234395980834961
training loss = 8.113848686218262
training loss = 6.420873165130615
training loss = 0.7594503164291382
training loss = 0.6352035999298096
training loss = 0.6094437837600708
training loss = 0.5995990633964539
training loss = 0.5937987565994263
training loss = 0.5893627405166626
training loss = 0.5855484008789062
training loss = 0.5820631980895996
training loss = 0.5787726640701294
training loss = 0.575581431388855
training loss = 0.572431743144989
training loss = 0.5692840814590454
training loss = 0.616708517074585
training loss = 0.562974750995636
training loss = 0.628980278968811
rep 1 done out of 1
reduced chi^2 level 2 = 0.6651715040206909
Constrained alpha: 1.7483851909637451
Constrained beta: 11.236618995666504
Constrained gamma: 49.132957458496094
(1, 6)
(1, 0)
Thanks for using LHAPDF 6.5.4. Please make sure to cite the paper:
  Eur.Phys.J. C75 (2015) 3, 132  (http://arxiv.org/abs/1412.7420)
