LHAPDF 6.5.4 loading /data/theorie/jjohn/miniconda3/envs/nnpdf_dev/share/LHAPDF/FASERv_EPOS+POWHEG_7TeV/FASERv_EPOS+POWHEG_7TeV_0000.dat
FASERv_EPOS+POWHEG_7TeV PDF set, member #0, version 1; LHAPDF ID = 70001000
LHAPDF 6.5.4 loading /data/theorie/jjohn/miniconda3/envs/nnpdf_dev/share/LHAPDF/FASERv_EPOS+POWHEG_7TeV/FASERv_EPOS+POWHEG_7TeV_0000.dat
FASERv_EPOS+POWHEG_7TeV PDF set, member #0, version 1; LHAPDF ID = 70001000
4.702501421385882 18.165443116886845 65.29926823302539
val isze = 0
idinces = [5 1 2 3 0 4]
training loss = 1065434.75
training loss = 148618.140625
training loss = 52199.73828125
training loss = 26224.9765625
training loss = 15698.4716796875
training loss = 10429.1943359375
training loss = 7425.109375
training loss = 5556.6904296875
training loss = 4319.52734375
training loss = 3460.751708984375
training loss = 2842.91552734375
training loss = 2384.862548828125
training loss = 2036.6990966796875
training loss = 1766.7447509765625
training loss = 1553.8896484375
training loss = 1383.633544921875
training loss = 1245.77734375
training loss = 1132.951416015625
training loss = 1039.7579345703125
training loss = 962.1513671875
(1, 6)
(1, 0)
Thanks for using LHAPDF 6.5.4. Please make sure to cite the paper:
  Eur.Phys.J. C75 (2015) 3, 132  (http://arxiv.org/abs/1412.7420)
