LHAPDF 6.5.4 loading /data/theorie/jjohn/miniconda3/envs/nnpdf_dev/share/LHAPDF/FASERv_EPOS+POWHEG_7TeV/FASERv_EPOS+POWHEG_7TeV_0000.dat
FASERv_EPOS+POWHEG_7TeV PDF set, member #0, version 1; LHAPDF ID = 70001000
LHAPDF 6.5.4 loading /data/theorie/jjohn/miniconda3/envs/nnpdf_dev/share/LHAPDF/FASERv_EPOS+POWHEG_7TeV/FASERv_EPOS+POWHEG_7TeV_0000.dat
FASERv_EPOS+POWHEG_7TeV PDF set, member #0, version 1; LHAPDF ID = 70001000
1.4946582406955855 19.74828001890134 93.6507908119521
val isze = 0
idinces = [5 1 2 3 0 4]
training loss = 50.84584045410156
training loss = 20.829004287719727
training loss = 7.526045322418213
training loss = 6.662175178527832
training loss = 6.000280380249023
training loss = 5.318253993988037
training loss = 4.573441982269287
training loss = 3.793090581893921
training loss = 3.0457324981689453
training loss = 2.376631498336792
training loss = 1.6963791847229004
training loss = 0.7180149555206299
training loss = 0.337873637676239
training loss = 0.15381136536598206
training loss = 0.07819613814353943
training loss = 0.03183646500110626
training loss = 0.0238394346088171
training loss = 0.00851646438241005
training loss = 0.010890057310461998
training loss = 0.0037723619025200605
rep 1 done out of 1
reduced chi^2 level 2 = 0.003762117587029934
Constrained alpha: 1.0480740070343018
Constrained beta: 14.707255363464355
Constrained gamma: 81.66974639892578
(1, 6)
(1, 0)
Thanks for using LHAPDF 6.5.4. Please make sure to cite the paper:
  Eur.Phys.J. C75 (2015) 3, 132  (http://arxiv.org/abs/1412.7420)
