LHAPDF 6.5.4 loading /data/theorie/jjohn/miniconda3/envs/nnpdf_dev/share/LHAPDF/FASERv_EPOS+POWHEG_7TeV/FASERv_EPOS+POWHEG_7TeV_0000.dat
FASERv_EPOS+POWHEG_7TeV PDF set, member #0, version 1; LHAPDF ID = 70001000
LHAPDF 6.5.4 loading /data/theorie/jjohn/miniconda3/envs/nnpdf_dev/share/LHAPDF/FASERv_EPOS+POWHEG_7TeV/FASERv_EPOS+POWHEG_7TeV_0000.dat
FASERv_EPOS+POWHEG_7TeV PDF set, member #0, version 1; LHAPDF ID = 70001000
4.7454800357192175 16.85031276207191 59.250684858913935
val isze = 0
idinces = [5 1 2 3 0 4]
training loss = 616666.375
training loss = 287365.1875
training loss = 145428.984375
training loss = 81562.734375
training loss = 49812.94140625
training loss = 32510.6953125
training loss = 22348.95703125
training loss = 16009.8525390625
training loss = 11858.837890625
training loss = 9030.5615234375
training loss = 7039.6650390625
training loss = 5598.86572265625
training loss = 4531.04052734375
training loss = 3723.98193359375
training loss = 3104.44970703125
training loss = 2620.67431640625
training loss = 2237.9814453125
training loss = 1931.7943115234375
training loss = 1684.328125
training loss = 1482.5252685546875
(1, 6)
(1, 0)
Thanks for using LHAPDF 6.5.4. Please make sure to cite the paper:
  Eur.Phys.J. C75 (2015) 3, 132  (http://arxiv.org/abs/1412.7420)
