LHAPDF 6.5.4 loading /data/theorie/jjohn/miniconda3/envs/nnpdf_dev/share/LHAPDF/FASERv_EPOS+POWHEG_7TeV/FASERv_EPOS+POWHEG_7TeV_0000.dat
FASERv_EPOS+POWHEG_7TeV PDF set, member #0, version 1; LHAPDF ID = 70001000
LHAPDF 6.5.4 loading /data/theorie/jjohn/miniconda3/envs/nnpdf_dev/share/LHAPDF/FASERv_EPOS+POWHEG_7TeV/FASERv_EPOS+POWHEG_7TeV_0000.dat
FASERv_EPOS+POWHEG_7TeV PDF set, member #0, version 1; LHAPDF ID = 70001000
4.10757154992463 16.75939386049311 83.31141648415492
val isze = 0
idinces = [5 1 2 3 0 4]
training loss = 15763.2666015625
training loss = 5881.30908203125
training loss = 2819.823486328125
training loss = 1680.666259765625
training loss = 1176.067138671875
training loss = 921.681640625
training loss = 780.7325439453125
training loss = 696.95654296875
training loss = 644.4503784179688
training loss = 610.1483764648438
training loss = 587.0028076171875
training loss = 570.97216796875
training loss = 559.6312255859375
training loss = 551.468017578125
training loss = 545.51416015625
training loss = 541.1119384765625
training loss = 537.8223876953125
training loss = 535.3402709960938
training loss = 533.4521484375
training loss = 531.99951171875
(1, 6)
(1, 0)
Thanks for using LHAPDF 6.5.4. Please make sure to cite the paper:
  Eur.Phys.J. C75 (2015) 3, 132  (http://arxiv.org/abs/1412.7420)
