LHAPDF 6.5.4 loading /data/theorie/jjohn/miniconda3/envs/nnpdf_dev/share/LHAPDF/FASERv_EPOS+POWHEG_7TeV/FASERv_EPOS+POWHEG_7TeV_0000.dat
FASERv_EPOS+POWHEG_7TeV PDF set, member #0, version 1; LHAPDF ID = 70001000
LHAPDF 6.5.4 loading /data/theorie/jjohn/miniconda3/envs/nnpdf_dev/share/LHAPDF/FASERv_EPOS+POWHEG_7TeV/FASERv_EPOS+POWHEG_7TeV_0000.dat
FASERv_EPOS+POWHEG_7TeV PDF set, member #0, version 1; LHAPDF ID = 70001000
0.12197332849940457 9.906333172493817 21.300834594863126
val isze = 0
idinces = [5 1 2 3 0 4]
training loss = 6.513967514038086
training loss = 3.884085178375244
training loss = 3.826401710510254
training loss = 3.7664217948913574
training loss = 3.7084457874298096
training loss = 3.6553356647491455
training loss = 3.608736753463745
training loss = 3.569316864013672
training loss = 3.5369632244110107
training loss = 3.510965585708618
training loss = 3.49021053314209
training loss = 3.473367691040039
training loss = 3.458864212036133
training loss = 3.4449303150177
training loss = 3.4293336868286133
training loss = 3.408863067626953
training loss = 3.378098487854004
training loss = 3.326411485671997
training loss = 3.2296626567840576
training loss = 3.023280620574951
rep 1 done out of 1
reduced chi^2 level 2 = 3.0201916694641113
Constrained alpha: 2.0683364868164062
Constrained beta: 8.697112083435059
Constrained gamma: 21.513336181640625
(1, 6)
(1, 0)
Thanks for using LHAPDF 6.5.4. Please make sure to cite the paper:
  Eur.Phys.J. C75 (2015) 3, 132  (http://arxiv.org/abs/1412.7420)
