LHAPDF 6.5.4 loading /data/theorie/jjohn/miniconda3/envs/nnpdf_dev/share/LHAPDF/FASERv_EPOS+POWHEG_7TeV/FASERv_EPOS+POWHEG_7TeV_0000.dat
FASERv_EPOS+POWHEG_7TeV PDF set, member #0, version 1; LHAPDF ID = 70001000
LHAPDF 6.5.4 loading /data/theorie/jjohn/miniconda3/envs/nnpdf_dev/share/LHAPDF/FASERv_EPOS+POWHEG_7TeV/FASERv_EPOS+POWHEG_7TeV_0000.dat
FASERv_EPOS+POWHEG_7TeV PDF set, member #0, version 1; LHAPDF ID = 70001000
3.6000793171752106 15.681424581096868 3.399014104366338
val isze = 0
idinces = [5 1 2 3 0 4]
training loss = 380.6839904785156
training loss = 352.0087585449219
training loss = 289.0248718261719
training loss = 12.774330139160156
training loss = 3.4121899604797363
training loss = 1.9042879343032837
training loss = 1.6249351501464844
training loss = 1.485520362854004
training loss = 1.3375089168548584
training loss = 1.1671606302261353
training loss = 0.9727400541305542
training loss = 0.7772752046585083
training loss = 0.5550954937934875
training loss = 0.8905496597290039
training loss = 0.21173298358917236
training loss = 0.39429670572280884
training loss = 0.04786312207579613
training loss = 0.025366736575961113
training loss = 0.006352339871227741
training loss = 0.00255108461715281
rep 1 done out of 1
reduced chi^2 level 2 = 0.003010284621268511
Constrained alpha: 2.8216745853424072
Constrained beta: 8.165787696838379
Constrained gamma: 3.703557014465332
(1, 6)
(1, 0)
Thanks for using LHAPDF 6.5.4. Please make sure to cite the paper:
  Eur.Phys.J. C75 (2015) 3, 132  (http://arxiv.org/abs/1412.7420)
