LHAPDF 6.5.4 loading /data/theorie/jjohn/miniconda3/envs/nnpdf_dev/share/LHAPDF/FASERv_EPOS+POWHEG_7TeV/FASERv_EPOS+POWHEG_7TeV_0000.dat
FASERv_EPOS+POWHEG_7TeV PDF set, member #0, version 1; LHAPDF ID = 70001000
LHAPDF 6.5.4 loading /data/theorie/jjohn/miniconda3/envs/nnpdf_dev/share/LHAPDF/FASERv_EPOS+POWHEG_7TeV/FASERv_EPOS+POWHEG_7TeV_0000.dat
FASERv_EPOS+POWHEG_7TeV PDF set, member #0, version 1; LHAPDF ID = 70001000
3.768907841306876 3.450987294183292 71.73330563816923
val isze = 0
idinces = [5 1 2 3 0 4]
training loss = 291.736083984375
training loss = 285.94964599609375
training loss = 279.4644775390625
training loss = 272.60369873046875
training loss = 265.4535217285156
training loss = 258.06146240234375
training loss = 250.5426483154297
training loss = 243.08180236816406
training loss = 235.90191650390625
training loss = 229.21182250976562
training loss = 223.162353515625
training loss = 217.82127380371094
training loss = 213.17491149902344
training loss = 209.14950561523438
training loss = 205.63526916503906
training loss = 202.51211547851562
training loss = 199.66372680664062
training loss = 196.9888153076172
training loss = 194.40164184570312
training loss = 191.83224487304688
(1, 6)
(1, 0)
Thanks for using LHAPDF 6.5.4. Please make sure to cite the paper:
  Eur.Phys.J. C75 (2015) 3, 132  (http://arxiv.org/abs/1412.7420)
