LHAPDF 6.5.4 loading /data/theorie/jjohn/miniconda3/envs/nnpdf_dev/share/LHAPDF/FASERv_EPOS+POWHEG_7TeV/FASERv_EPOS+POWHEG_7TeV_0000.dat
FASERv_EPOS+POWHEG_7TeV PDF set, member #0, version 1; LHAPDF ID = 70001000
LHAPDF 6.5.4 loading /data/theorie/jjohn/miniconda3/envs/nnpdf_dev/share/LHAPDF/FASERv_EPOS+POWHEG_7TeV/FASERv_EPOS+POWHEG_7TeV_0000.dat
FASERv_EPOS+POWHEG_7TeV PDF set, member #0, version 1; LHAPDF ID = 70001000
0.10942637147726586 18.07582473640358 6.491346478275606
val isze = 0
idinces = [5 1 2 3 0 4]
training loss = 14.855522155761719
training loss = 12.066228866577148
training loss = 11.137956619262695
training loss = 10.199047088623047
training loss = 9.33869743347168
training loss = 8.616827011108398
training loss = 8.061159133911133
training loss = 7.66886043548584
training loss = 7.414490222930908
training loss = 7.2619476318359375
training loss = 7.1758317947387695
training loss = 7.128222942352295
training loss = 7.099936485290527
training loss = 7.052694320678711
training loss = 6.829556465148926
training loss = 6.487622261047363
training loss = 6.317839622497559
training loss = 6.130405426025391
training loss = 5.614739418029785
training loss = 3.9725611209869385
rep 1 done out of 1
reduced chi^2 level 2 = 4.002879619598389
Constrained alpha: 1.6277134418487549
Constrained beta: 10.01253890991211
Constrained gamma: 7.784258842468262
(1, 6)
(1, 0)
Thanks for using LHAPDF 6.5.4. Please make sure to cite the paper:
  Eur.Phys.J. C75 (2015) 3, 132  (http://arxiv.org/abs/1412.7420)
