LHAPDF 6.5.4 loading /data/theorie/jjohn/miniconda3/envs/nnpdf_dev/share/LHAPDF/FASERv_EPOS+POWHEG_7TeV/FASERv_EPOS+POWHEG_7TeV_0000.dat
FASERv_EPOS+POWHEG_7TeV PDF set, member #0, version 1; LHAPDF ID = 70001000
LHAPDF 6.5.4 loading /data/theorie/jjohn/miniconda3/envs/nnpdf_dev/share/LHAPDF/FASERv_EPOS+POWHEG_7TeV/FASERv_EPOS+POWHEG_7TeV_0000.dat
FASERv_EPOS+POWHEG_7TeV PDF set, member #0, version 1; LHAPDF ID = 70001000
2.282052330754547 15.358273857111119 78.14729498180736
val isze = 0
idinces = [5 1 2 3 0 4]
training loss = 7.569594383239746
training loss = 5.998171806335449
training loss = 2.3768019676208496
training loss = 0.07420758903026581
training loss = 0.06805117428302765
training loss = 0.06346340477466583
training loss = 0.0581325925886631
training loss = 0.05300265923142433
training loss = 0.0706704780459404
training loss = 0.044062770903110504
training loss = 0.04602106288075447
training loss = 0.03638119995594025
training loss = 0.039011478424072266
training loss = 0.02963847853243351
training loss = 0.09160643070936203
training loss = 0.0232870914041996
training loss = 0.020000657066702843
training loss = 0.017308546230196953
training loss = 0.013906964100897312
training loss = 0.026982100680470467
rep 1 done out of 1
reduced chi^2 level 2 = 0.025901254266500473
Constrained alpha: 1.9362841844558716
Constrained beta: 12.292525291442871
Constrained gamma: 52.575984954833984
(1, 6)
(1, 0)
Thanks for using LHAPDF 6.5.4. Please make sure to cite the paper:
  Eur.Phys.J. C75 (2015) 3, 132  (http://arxiv.org/abs/1412.7420)
