LHAPDF 6.5.4 loading /data/theorie/jjohn/miniconda3/envs/nnpdf_dev/share/LHAPDF/FASERv_EPOS+POWHEG_7TeV/FASERv_EPOS+POWHEG_7TeV_0000.dat
FASERv_EPOS+POWHEG_7TeV PDF set, member #0, version 1; LHAPDF ID = 70001000
LHAPDF 6.5.4 loading /data/theorie/jjohn/miniconda3/envs/nnpdf_dev/share/LHAPDF/FASERv_EPOS+POWHEG_7TeV/FASERv_EPOS+POWHEG_7TeV_0000.dat
FASERv_EPOS+POWHEG_7TeV PDF set, member #0, version 1; LHAPDF ID = 70001000
2.7548900399255674 19.349322455581966 16.0218228046509
val isze = 0
idinces = [5 1 2 3 0 4]
training loss = 22.77224349975586
training loss = 13.29107666015625
training loss = 7.109817028045654
training loss = 1.3243907690048218
training loss = 0.9668393731117249
training loss = 0.8269485235214233
training loss = 0.737167477607727
training loss = 0.6624683737754822
training loss = 0.5923894643783569
training loss = 0.5227255821228027
training loss = 0.45182928442955017
training loss = 0.3797972798347473
training loss = 0.30826258659362793
training loss = 0.24006710946559906
training loss = 0.17863093316555023
training loss = 0.1297181248664856
training loss = 0.09377055615186691
training loss = 0.06475944817066193
training loss = 0.04623032361268997
training loss = 0.034010156989097595
rep 1 done out of 1
reduced chi^2 level 2 = 0.034500375390052795
Constrained alpha: 1.358318567276001
Constrained beta: 15.785266876220703
Constrained gamma: 16.85857391357422
(1, 6)
(1, 0)
Thanks for using LHAPDF 6.5.4. Please make sure to cite the paper:
  Eur.Phys.J. C75 (2015) 3, 132  (http://arxiv.org/abs/1412.7420)
