LHAPDF 6.5.4 loading /data/theorie/jjohn/miniconda3/envs/nnpdf_dev/share/LHAPDF/FASERv_EPOS+POWHEG_7TeV/FASERv_EPOS+POWHEG_7TeV_0000.dat
FASERv_EPOS+POWHEG_7TeV PDF set, member #0, version 1; LHAPDF ID = 70001000
LHAPDF 6.5.4 loading /data/theorie/jjohn/miniconda3/envs/nnpdf_dev/share/LHAPDF/FASERv_EPOS+POWHEG_7TeV/FASERv_EPOS+POWHEG_7TeV_0000.dat
FASERv_EPOS+POWHEG_7TeV PDF set, member #0, version 1; LHAPDF ID = 70001000
1.7737854910632567 13.008647288230373 87.46295812599368
val isze = 0
idinces = [0 2 5 1 4 3]
training loss = 7.580544948577881
training loss = 7.113275527954102
training loss = 6.239070415496826
training loss = 1.8790485858917236
training loss = 0.35051411390304565
training loss = 0.30438846349716187
training loss = 0.2599261403083801
training loss = 0.20976035296916962
training loss = 0.1448194831609726
training loss = 0.07982832193374634
training loss = 0.027800559997558594
training loss = 0.00860847532749176
training loss = 0.002771037630736828
training loss = 0.03989974036812782
training loss = 0.0006781255942769349
training loss = 0.0022167181596159935
rep 1 done out of 1
reduced chi^2 level 2 = 0.0006256722845137119
Constrained alpha: 1.7307571172714233
Constrained beta: 10.3006591796875
Constrained gamma: 77.84114837646484
(1, 6)
(1, 0)
Thanks for using LHAPDF 6.5.4. Please make sure to cite the paper:
  Eur.Phys.J. C75 (2015) 3, 132  (http://arxiv.org/abs/1412.7420)
