LHAPDF 6.5.4 loading /data/theorie/jjohn/miniconda3/envs/nnpdf_dev/share/LHAPDF/FASERv_EPOS+POWHEG_7TeV/FASERv_EPOS+POWHEG_7TeV_0000.dat
FASERv_EPOS+POWHEG_7TeV PDF set, member #0, version 1; LHAPDF ID = 70001000
LHAPDF 6.5.4 loading /data/theorie/jjohn/miniconda3/envs/nnpdf_dev/share/LHAPDF/FASERv_EPOS+POWHEG_7TeV/FASERv_EPOS+POWHEG_7TeV_0000.dat
FASERv_EPOS+POWHEG_7TeV PDF set, member #0, version 1; LHAPDF ID = 70001000
3.1224380083323493 12.34893557884335 49.1381202188151
val isze = 0
idinces = [5 1 2 3 0 4]
training loss = 208.071533203125
training loss = 196.89822387695312
training loss = 184.0266876220703
training loss = 167.5296630859375
training loss = 147.24105834960938
training loss = 123.15694427490234
training loss = 95.89030456542969
training loss = 67.6033935546875
training loss = 42.965354919433594
training loss = 27.202056884765625
training loss = 20.351694107055664
training loss = 17.385868072509766
training loss = 13.911273956298828
training loss = 9.063187599182129
training loss = 6.785212516784668
training loss = 5.4540252685546875
training loss = 4.074398040771484
training loss = 2.807488203048706
training loss = 1.8878873586654663
training loss = 1.3435585498809814
rep 1 done out of 1
reduced chi^2 level 2 = 1.3396430015563965
Constrained alpha: 2.443342447280884
Constrained beta: 5.027497291564941
Constrained gamma: 49.310218811035156
(1, 6)
(1, 0)
Thanks for using LHAPDF 6.5.4. Please make sure to cite the paper:
  Eur.Phys.J. C75 (2015) 3, 132  (http://arxiv.org/abs/1412.7420)
