LHAPDF 6.5.4 loading /data/theorie/jjohn/miniconda3/envs/nnpdf_dev/share/LHAPDF/FASERv_EPOS+POWHEG_7TeV/FASERv_EPOS+POWHEG_7TeV_0000.dat
FASERv_EPOS+POWHEG_7TeV PDF set, member #0, version 1; LHAPDF ID = 70001000
LHAPDF 6.5.4 loading /data/theorie/jjohn/miniconda3/envs/nnpdf_dev/share/LHAPDF/FASERv_EPOS+POWHEG_7TeV/FASERv_EPOS+POWHEG_7TeV_0000.dat
FASERv_EPOS+POWHEG_7TeV PDF set, member #0, version 1; LHAPDF ID = 70001000
0.057019573610200824 3.142687376730482 16.935634553968338
val isze = 0
idinces = [5 1 2 3 0 4]
training loss = 28.685562133789062
training loss = 24.170124053955078
training loss = 22.584209442138672
training loss = 20.333694458007812
training loss = 9.091976165771484
training loss = 5.712864398956299
training loss = 5.810169696807861
training loss = 4.666790962219238
training loss = 4.575089454650879
training loss = 4.483188152313232
training loss = 4.359507083892822
training loss = 4.157794952392578
training loss = 3.7108116149902344
training loss = 2.7397124767303467
training loss = 1.2490328550338745
training loss = 0.3302622437477112
training loss = 0.08989574015140533
training loss = 0.028083784505724907
training loss = 0.011376943439245224
training loss = 0.004700921941548586
rep 1 done out of 1
reduced chi^2 level 2 = 0.004666122607886791
Constrained alpha: 1.4103267192840576
Constrained beta: 5.138967037200928
Constrained gamma: 18.465349197387695
(1, 6)
(1, 0)
Thanks for using LHAPDF 6.5.4. Please make sure to cite the paper:
  Eur.Phys.J. C75 (2015) 3, 132  (http://arxiv.org/abs/1412.7420)
