LHAPDF 6.5.4 loading /data/theorie/jjohn/miniconda3/envs/nnpdf_dev/share/LHAPDF/FASERv_EPOS+POWHEG_7TeV/FASERv_EPOS+POWHEG_7TeV_0000.dat
FASERv_EPOS+POWHEG_7TeV PDF set, member #0, version 1; LHAPDF ID = 70001000
LHAPDF 6.5.4 loading /data/theorie/jjohn/miniconda3/envs/nnpdf_dev/share/LHAPDF/FASERv_EPOS+POWHEG_7TeV/FASERv_EPOS+POWHEG_7TeV_0000.dat
FASERv_EPOS+POWHEG_7TeV PDF set, member #0, version 1; LHAPDF ID = 70001000
1.2746116748495895 6.216959828041658 11.471368420706817
val isze = 0
idinces = [5 1 2 3 0 4]
training loss = 5.963505268096924
training loss = 5.453134059906006
training loss = 4.9367828369140625
training loss = 4.4264936447143555
training loss = 3.9603404998779297
training loss = 3.5587892532348633
training loss = 3.229630947113037
training loss = 2.971681594848633
training loss = 2.7777910232543945
training loss = 2.6373112201690674
training loss = 2.5381224155426025
training loss = 2.4681196212768555
training loss = 2.4159786701202393
training loss = 2.371049642562866
training loss = 2.3217976093292236
training loss = 2.2512078285217285
training loss = 2.123157501220703
training loss = 1.8340767621994019
training loss = 1.0613042116165161
training loss = 0.19236917793750763
rep 1 done out of 1
reduced chi^2 level 2 = 0.19072122871875763
Constrained alpha: 1.9177567958831787
Constrained beta: 8.905839920043945
Constrained gamma: 12.390213012695312
(1, 6)
(1, 0)
Thanks for using LHAPDF 6.5.4. Please make sure to cite the paper:
  Eur.Phys.J. C75 (2015) 3, 132  (http://arxiv.org/abs/1412.7420)
