LHAPDF 6.5.4 loading /data/theorie/jjohn/miniconda3/envs/nnpdf_dev/share/LHAPDF/FASERv_EPOS+POWHEG_7TeV/FASERv_EPOS+POWHEG_7TeV_0000.dat
FASERv_EPOS+POWHEG_7TeV PDF set, member #0, version 1; LHAPDF ID = 70001000
LHAPDF 6.5.4 loading /data/theorie/jjohn/miniconda3/envs/nnpdf_dev/share/LHAPDF/FASERv_EPOS+POWHEG_7TeV/FASERv_EPOS+POWHEG_7TeV_0000.dat
FASERv_EPOS+POWHEG_7TeV PDF set, member #0, version 1; LHAPDF ID = 70001000
1.6673984716910057 16.88984578744551 0.7358197721248128
val isze = 0
idinces = [2 5 0 3 4 1]
training loss = 55.06422805786133
training loss = 1.0457282066345215
training loss = 1.0041755437850952
training loss = 0.9686197638511658
training loss = 0.9382011890411377
training loss = 0.9138660430908203
training loss = 0.8954393863677979
training loss = 0.8821178674697876
training loss = 0.8728600144386292
training loss = 0.8666207790374756
training loss = 0.8624979257583618
training loss = 0.859775960445404
training loss = 0.8579349517822266
training loss = 0.8566168546676636
training loss = 0.8555817604064941
training loss = 0.8545693755149841
training loss = 0.8536452054977417
training loss = 0.8527528047561646
training loss = 0.8518754243850708
training loss = 0.8509722948074341
rep 1 done out of 1
reduced chi^2 level 2 = 0.8509659767150879
Constrained alpha: 1.670084834098816
Constrained beta: 12.50844955444336
Constrained gamma: 2.4400806427001953
(1, 6)
(1, 0)
Thanks for using LHAPDF 6.5.4. Please make sure to cite the paper:
  Eur.Phys.J. C75 (2015) 3, 132  (http://arxiv.org/abs/1412.7420)
