data before
[  123.53821875  1687.09225     3931.007       5805.83
  7320.7295      8397.556       9205.764       9750.013
 10053.568      10283.554      10289.437      10253.646
 10113.978       9972.364       9698.318       9319.854
  9141.636       8782.052       8503.543       8116.817
  7867.5755      7597.26        7233.451       6980.226
  6637.1315      6363.239       6137.5255      5886.869
  5546.464       5361.528       5073.998       4833.4815
  4638.7595      4433.336       4225.735       4008.93625
  3768.94975     3628.78175     3460.456       3312.60075
  3109.51575     2964.7855      2818.44625     2680.32325
  2512.092       2430.706       2303.77675     2157.72575
  2037.643125    1949.698125    1814.027       1696.907875
  1601.02225     1515.329       1432.62225     1327.16025
  1241.00225     1175.999375    1071.97275     1053.996625
   985.31875      932.5113125    836.206125     756.1414375
   718.0486875    662.0879375    610.0186875    575.774
   549.0010625    506.5071875    459.1523125    397.69971875
   374.03340625   339.9001875    327.42409375   301.01640625
   260.3458125    249.57698437   218.92410938   185.25320312
   173.0581875    155.60020313   137.42165625   126.54148437
   112.01871875    97.44910938    86.74976562    71.75148438
    65.67804688    54.57683594    52.30407031    47.96584375
    42.25255469    33.50196484    32.75308203    26.70411523
    23.12064258    17.3744668     15.87377344    13.51517188]
1
data after
[123.53821875, 1687.09225, 3931.007, 5805.83, 7320.7295, 8397.556, 9205.764000000001, 9750.013, 10053.568, 10283.554, 10289.437, 10253.646, 10113.978000000001, 9972.364, 9698.318, 9319.854, 9141.636, 8782.052, 8503.543, 8116.817, 7867.5755, 7597.26, 7233.451, 6980.226000000001, 6637.1315, 6363.2390000000005, 6137.5255, 5886.869, 5546.464, 5361.528, 5073.9980000000005, 4833.4815, 4638.7595, 4433.336, 4225.735, 4008.93625, 3768.94975, 3628.78175, 3460.456, 3312.60075, 3109.51575, 2964.7855, 2818.44625, 2680.32325, 2512.092, 2430.706, 2303.77675, 2157.72575, 2037.643125, 1949.6981250000001, 1814.027, 1696.907875, 1601.02225, 1515.329, 1432.6222500000001, 1327.1602500000001, 1241.00225, 1175.999375, 1071.9727500000001, 1053.996625, 985.31875, 932.5113125, 836.206125, 756.1414375, 718.0486875, 662.0879375000001, 610.0186875, 575.774, 549.0010625, 506.5071875, 459.1523125, 397.69971875, 374.03340625, 339.9001875, 327.42409375, 301.01640625, 260.3458125, 249.576984375, 218.924109375, 185.253203125, 173.0581875, 155.600203125, 137.42165625, 126.541484375, 112.01871875, 97.449109375, 86.749765625, 71.751484375, 65.678046875, 54.5768359375, 52.3040703125, 47.96584375, 42.2525546875, 33.50196484375, 32.75308203125, 26.704115234375, 23.120642578125, 46.763412109375004]
5
data,sig_tot
[  123.53821875  1687.09225     3931.007       5805.83
  7320.7295      8397.556       9205.764       9750.013
 10053.568      10283.554      10289.437      10253.646
 10113.978       9972.364       9698.318       9319.854
  9141.636       8782.052       8503.543       8116.817
  7867.5755      7597.26        7233.451       6980.226
  6637.1315      6363.239       6137.5255      5886.869
  5546.464       5361.528       5073.998       4833.4815
  4638.7595      4433.336       4225.735       4008.93625
  3768.94975     3628.78175     3460.456       3312.60075
  3109.51575     2964.7855      2818.44625     2680.32325
  2512.092       2430.706       2303.77675     2157.72575
  2037.643125    1949.698125    1814.027       1696.907875
  1601.02225     1515.329       1432.62225     1327.16025
  1241.00225     1175.999375    1071.97275     1053.996625
   985.31875      932.5113125    836.206125     756.1414375
   718.0486875    662.0879375    610.0186875    575.774
   549.0010625    506.5071875    459.1523125    397.69971875
   374.03340625   339.9001875    327.42409375   301.01640625
   260.3458125    249.57698437   218.92410938   185.25320312
   173.0581875    155.60020313   137.42165625   126.54148437
   112.01871875    97.44910938    86.74976562    71.75148438
    65.67804688    54.57683594    52.30407031    47.96584375
    42.25255469    33.50196484    32.75308203    26.70411523
    23.12064258    46.76341211    37.08021094   604.5376875
  1485.823       2207.084       2740.10575     3058.73875
  3257.223       3365.107       3366.8415      3325.63
  3220.09575     3108.58225     2994.3895      2824.508
  2640.44625     2524.75025     2386.688       2237.34225
  2059.44375     1934.4915      1820.82225     1699.622125
  1570.96675     1470.871625    1370.92675     1263.364
  1177.95225     1091.5         1012.735875     947.5715
   872.0946875    807.5365625    741.9499375    707.9255625
   644.30875      609.9760625    553.0299375    511.46115625
   477.37471875   429.04990625   407.714        367.856125
   351.891125     319.40621875   289.17703125   271.9073125
   234.70846875   225.49604688   209.15226563   194.63089063
   181.18803125   159.83942187   147.53017188   133.24351563
   119.29732031   113.53435938   102.60972656    88.724625
    86.33452344    79.86203125    68.30251562    58.82129688
    58.91789453    52.07051562    47.35830078    42.57382031
    42.03540234    33.16805859    32.71565039    30.56263477
    28.07656641    22.17194141    21.37577148    33.12608008
    28.32276758    23.26878223    23.81528174    22.42724756
    24.84917944]
[  123.53821875  1687.09225     3931.007       5805.83
  7320.7295      8397.556       9205.764       9750.013
 10053.568      10283.554      10289.437      10253.646
 10113.978       9972.364       9698.318       9319.854
  9141.636       8782.052       8503.543       8116.817
  7867.5755      7597.26        7233.451       6980.226
  6637.1315      6363.239       6137.5255      5886.869
  5546.464       5361.528       5073.998       4833.4815
  4638.7595      4433.336       4225.735       4008.93625
  3768.94975     3628.78175     3460.456       3312.60075
  3109.51575     2964.7855      2818.44625     2680.32325
  2512.092       2430.706       2303.77675     2157.72575
  2037.643125    1949.698125    1814.027       1696.907875
  1601.02225     1515.329       1432.62225     1327.16025
  1241.00225     1175.999375    1071.97275     1053.996625
   985.31875      932.5113125    836.206125     756.1414375
   718.0486875    662.0879375    610.0186875    575.774
   549.0010625    506.5071875    459.1523125    397.69971875
   374.03340625   339.9001875    327.42409375   301.01640625
   260.3458125    249.57698438   218.92410938   185.25320312
   173.0581875    155.60020313   137.42165625   126.54148438
   112.01871875    97.44910938    86.74976563    71.75148437
    65.67804687    54.57683594    52.30407031    47.96584375
    42.25255469    33.50196484    32.75308203    26.70411523
    23.12064258    46.76341211    37.08021094   604.5376875
  1485.823       2207.084       2740.10575     3058.73875
  3257.223       3365.107       3366.8415      3325.63
  3220.09575     3108.58225     2994.3895      2824.508
  2640.44625     2524.75025     2386.688       2237.34225
  2059.44375     1934.4915      1820.82225     1699.622125
  1570.96675     1470.871625    1370.92675     1263.364
  1177.95225     1091.5         1012.735875     947.5715
   872.0946875    807.5365625    741.9499375    707.9255625
   644.30875      609.9760625    553.0299375    511.46115625
   477.37471875   429.04990625   407.714        367.856125
   351.891125     319.40621875   289.17703125   271.9073125
   234.70846875   225.49604688   209.15226563   194.63089063
   181.18803125   159.83942187   147.53017188   133.24351563
   119.29732031   113.53435938   102.60972656    88.724625
    86.33452344    79.86203125    68.30251562    58.82129687
    58.91789453    52.07051563    47.35830078    42.57382031
    42.03540234    33.16805859    32.71565039    30.56263477
    28.07656641    22.17194141    21.37577148    33.12608008
    28.32276758    23.26878223    23.81528174    22.42724756
    24.84917944]
3.2275348037361864 5.741322032183993 35.5209706471328
val isze = 0
idinces = [ 69 103  20 116  56  97 117  39 171  10  19  66  55  61 102  59  83  78
 110 163   1 160  47  49  67 136  68 133  60  76 170 169  70 167 124  26
  95  91  24 109 121  21 175  63  58  99 144  81  87  43 150 120 138  35
 173  82   2 114 153  38  52 142 176 146 148 101  80  72 145  98  41  32
 105  48  25  53  90 149  51  14 162  29   3  23 131 165  37 166 164  45
 111 134  42  79 143 155 119 147  12 127  22  85   6 106 112 135 132 104
  34 152 108  50 168 130 129   4   5  44 128  96  84 154  28  75   7  46
  17  11 158  71 118 137 174  74  94 151  93  18  27  36  57  31  65 140
  89  30  86  92 141 126  13  77 159 161  33  62 122 107  88  54 139 100
  16 115  40   0  73   8 172 157 156 123 113  64  15 125   9]
training loss = 12.263727188110352 500
training loss = 8.103314399719238 1000
training loss = 6.443020820617676 1500
training loss = 5.72408390045166 2000
training loss = 5.395927906036377 2500
training loss = 5.242291450500488 3000
training loss = 5.16494607925415 3500
training loss = 5.109604835510254 4000
training loss = 5.000529766082764 4500
training loss = 1.924984335899353 5000
training loss = 2.011423349380493 5500
training loss = 1.9374052286148071 6000
training loss = 1.885920524597168 6500
training loss = 1.8818057775497437 7000
training loss = 1.8795514106750488 7500
training loss = 1.8780872821807861 8000
training loss = 1.8768800497055054 8500
training loss = 1.8757880926132202 9000
training loss = 1.874838948249817 9500
training loss = 1.8739596605300903 10000
training loss = 1.8731658458709717 10500
training loss = 1.8723723888397217 11000
training loss = 1.8716506958007812 11500
training loss = 1.8709690570831299 12000
training loss = 1.8703365325927734 12500
training loss = 1.8696513175964355 13000
training loss = 1.8689547777175903 13500
training loss = 1.8683220148086548 14000
training loss = 1.867688536643982 14500
training loss = 1.8670616149902344 15000
training loss = 1.8665226697921753 15500
training loss = 1.8659251928329468 16000
training loss = 1.8653634786605835 16500
training loss = 1.8648736476898193 17000
training loss = 1.8644691705703735 17500
training loss = 2.104288339614868 18000
training loss = 2.2097833156585693 18500
training loss = 1.8630447387695312 19000
training loss = 2.388988733291626 19500
training loss = 1.8621793985366821 20000
training loss = 1.8617357015609741 20500
training loss = 1.8613619804382324 21000
training loss = 1.8610384464263916 21500
training loss = 1.8606919050216675 22000
training loss = 1.860402226448059 22500
training loss = 1.8601216077804565 23000
training loss = 1.85984468460083 23500
training loss = 1.8597373962402344 24000
training loss = 1.8826665878295898 24500
training loss = 1.9206864833831787 25000
training loss = 1.85881769657135 25500
training loss = 1.8585522174835205 26000
training loss = 1.8583447933197021 26500
training loss = 1.8581275939941406 27000
training loss = 1.8577879667282104 27500
training loss = 1.86261785030365 28000
training loss = 1.8575304746627808 28500
training loss = 1.857419490814209 29000
training loss = 1.8573408126831055 29500
training loss = 1.8571982383728027 30000
reduced chi^2 level 2 = 1.8571994304656982
Constrained alpha: 2.742629289627075
Constrained beta: 6.271781921386719
Constrained gamma: 14.865326881408691
(1, 177)
(1, 0)
