data before
[  123.53821875  1687.09225     3931.007       5805.83
  7320.7295      8397.556       9205.764       9750.013
 10053.568      10283.554      10289.437      10253.646
 10113.978       9972.364       9698.318       9319.854
  9141.636       8782.052       8503.543       8116.817
  7867.5755      7597.26        7233.451       6980.226
  6637.1315      6363.239       6137.5255      5886.869
  5546.464       5361.528       5073.998       4833.4815
  4638.7595      4433.336       4225.735       4008.93625
  3768.94975     3628.78175     3460.456       3312.60075
  3109.51575     2964.7855      2818.44625     2680.32325
  2512.092       2430.706       2303.77675     2157.72575
  2037.643125    1949.698125    1814.027       1696.907875
  1601.02225     1515.329       1432.62225     1327.16025
  1241.00225     1175.999375    1071.97275     1053.996625
   985.31875      932.5113125    836.206125     756.1414375
   718.0486875    662.0879375    610.0186875    575.774
   549.0010625    506.5071875    459.1523125    397.69971875
   374.03340625   339.9001875    327.42409375   301.01640625
   260.3458125    249.57698437   218.92410938   185.25320312
   173.0581875    155.60020313   137.42165625   126.54148437
   112.01871875    97.44910938    86.74976562    71.75148438
    65.67804688    54.57683594    52.30407031    47.96584375
    42.25255469    33.50196484    32.75308203    26.70411523
    23.12064258    17.3744668     15.87377344    13.51517188]
1
data after
[123.53821875, 1687.09225, 3931.007, 5805.83, 7320.7295, 8397.556, 9205.764000000001, 9750.013, 10053.568, 10283.554, 10289.437, 10253.646, 10113.978000000001, 9972.364, 9698.318, 9319.854, 9141.636, 8782.052, 8503.543, 8116.817, 7867.5755, 7597.26, 7233.451, 6980.226000000001, 6637.1315, 6363.2390000000005, 6137.5255, 5886.869, 5546.464, 5361.528, 5073.9980000000005, 4833.4815, 4638.7595, 4433.336, 4225.735, 4008.93625, 3768.94975, 3628.78175, 3460.456, 3312.60075, 3109.51575, 2964.7855, 2818.44625, 2680.32325, 2512.092, 2430.706, 2303.77675, 2157.72575, 2037.643125, 1949.6981250000001, 1814.027, 1696.907875, 1601.02225, 1515.329, 1432.6222500000001, 1327.1602500000001, 1241.00225, 1175.999375, 1071.9727500000001, 1053.996625, 985.31875, 932.5113125, 836.206125, 756.1414375, 718.0486875, 662.0879375000001, 610.0186875, 575.774, 549.0010625, 506.5071875, 459.1523125, 397.69971875, 374.03340625, 339.9001875, 327.42409375, 301.01640625, 260.3458125, 249.576984375, 218.924109375, 185.253203125, 173.0581875, 155.600203125, 137.42165625, 126.541484375, 112.01871875, 97.449109375, 86.749765625, 71.751484375, 65.678046875, 54.5768359375, 52.3040703125, 47.96584375, 42.2525546875, 33.50196484375, 32.75308203125, 26.704115234375, 23.120642578125, 46.763412109375004]
5
data,sig_tot
[  123.53821875  1687.09225     3931.007       5805.83
  7320.7295      8397.556       9205.764       9750.013
 10053.568      10283.554      10289.437      10253.646
 10113.978       9972.364       9698.318       9319.854
  9141.636       8782.052       8503.543       8116.817
  7867.5755      7597.26        7233.451       6980.226
  6637.1315      6363.239       6137.5255      5886.869
  5546.464       5361.528       5073.998       4833.4815
  4638.7595      4433.336       4225.735       4008.93625
  3768.94975     3628.78175     3460.456       3312.60075
  3109.51575     2964.7855      2818.44625     2680.32325
  2512.092       2430.706       2303.77675     2157.72575
  2037.643125    1949.698125    1814.027       1696.907875
  1601.02225     1515.329       1432.62225     1327.16025
  1241.00225     1175.999375    1071.97275     1053.996625
   985.31875      932.5113125    836.206125     756.1414375
   718.0486875    662.0879375    610.0186875    575.774
   549.0010625    506.5071875    459.1523125    397.69971875
   374.03340625   339.9001875    327.42409375   301.01640625
   260.3458125    249.57698437   218.92410938   185.25320312
   173.0581875    155.60020313   137.42165625   126.54148437
   112.01871875    97.44910938    86.74976562    71.75148438
    65.67804688    54.57683594    52.30407031    47.96584375
    42.25255469    33.50196484    32.75308203    26.70411523
    23.12064258    46.76341211    37.08021094   604.5376875
  1485.823       2207.084       2740.10575     3058.73875
  3257.223       3365.107       3366.8415      3325.63
  3220.09575     3108.58225     2994.3895      2824.508
  2640.44625     2524.75025     2386.688       2237.34225
  2059.44375     1934.4915      1820.82225     1699.622125
  1570.96675     1470.871625    1370.92675     1263.364
  1177.95225     1091.5         1012.735875     947.5715
   872.0946875    807.5365625    741.9499375    707.9255625
   644.30875      609.9760625    553.0299375    511.46115625
   477.37471875   429.04990625   407.714        367.856125
   351.891125     319.40621875   289.17703125   271.9073125
   234.70846875   225.49604688   209.15226563   194.63089063
   181.18803125   159.83942187   147.53017188   133.24351563
   119.29732031   113.53435938   102.60972656    88.724625
    86.33452344    79.86203125    68.30251562    58.82129688
    58.91789453    52.07051562    47.35830078    42.57382031
    42.03540234    33.16805859    32.71565039    30.56263477
    28.07656641    22.17194141    21.37577148    33.12608008
    28.32276758    23.26878223    23.81528174    22.42724756
    24.84917944]
[  123.53821875  1687.09225     3931.007       5805.83
  7320.7295      8397.556       9205.764       9750.013
 10053.568      10283.554      10289.437      10253.646
 10113.978       9972.364       9698.318       9319.854
  9141.636       8782.052       8503.543       8116.817
  7867.5755      7597.26        7233.451       6980.226
  6637.1315      6363.239       6137.5255      5886.869
  5546.464       5361.528       5073.998       4833.4815
  4638.7595      4433.336       4225.735       4008.93625
  3768.94975     3628.78175     3460.456       3312.60075
  3109.51575     2964.7855      2818.44625     2680.32325
  2512.092       2430.706       2303.77675     2157.72575
  2037.643125    1949.698125    1814.027       1696.907875
  1601.02225     1515.329       1432.62225     1327.16025
  1241.00225     1175.999375    1071.97275     1053.996625
   985.31875      932.5113125    836.206125     756.1414375
   718.0486875    662.0879375    610.0186875    575.774
   549.0010625    506.5071875    459.1523125    397.69971875
   374.03340625   339.9001875    327.42409375   301.01640625
   260.3458125    249.57698438   218.92410938   185.25320312
   173.0581875    155.60020313   137.42165625   126.54148438
   112.01871875    97.44910938    86.74976563    71.75148437
    65.67804687    54.57683594    52.30407031    47.96584375
    42.25255469    33.50196484    32.75308203    26.70411523
    23.12064258    46.76341211    37.08021094   604.5376875
  1485.823       2207.084       2740.10575     3058.73875
  3257.223       3365.107       3366.8415      3325.63
  3220.09575     3108.58225     2994.3895      2824.508
  2640.44625     2524.75025     2386.688       2237.34225
  2059.44375     1934.4915      1820.82225     1699.622125
  1570.96675     1470.871625    1370.92675     1263.364
  1177.95225     1091.5         1012.735875     947.5715
   872.0946875    807.5365625    741.9499375    707.9255625
   644.30875      609.9760625    553.0299375    511.46115625
   477.37471875   429.04990625   407.714        367.856125
   351.891125     319.40621875   289.17703125   271.9073125
   234.70846875   225.49604688   209.15226563   194.63089063
   181.18803125   159.83942187   147.53017188   133.24351563
   119.29732031   113.53435938   102.60972656    88.724625
    86.33452344    79.86203125    68.30251562    58.82129687
    58.91789453    52.07051563    47.35830078    42.57382031
    42.03540234    33.16805859    32.71565039    30.56263477
    28.07656641    22.17194141    21.37577148    33.12608008
    28.32276758    23.26878223    23.81528174    22.42724756
    24.84917944]
0.44112569432787907 16.57705883807259 69.99426313033383
val isze = 0
idinces = [ 69 103  20 116  56  97 117  39 171  10  19  66  55  61 102  59  83  78
 110 163   1 160  47  49  67 136  68 133  60  76 170 169  70 167 124  26
  95  91  24 109 121  21 175  63  58  99 144  81  87  43 150 120 138  35
 173  82   2 114 153  38  52 142 176 146 148 101  80  72 145  98  41  32
 105  48  25  53  90 149  51  14 162  29   3  23 131 165  37 166 164  45
 111 134  42  79 143 155 119 147  12 127  22  85   6 106 112 135 132 104
  34 152 108  50 168 130 129   4   5  44 128  96  84 154  28  75   7  46
  17  11 158  71 118 137 174  74  94 151  93  18  27  36  57  31  65 140
  89  30  86  92 141 126  13  77 159 161  33  62 122 107  88  54 139 100
  16 115  40   0  73   8 172 157 156 123 113  64  15 125   9]
training loss = 6.274684429168701 500
training loss = 6.149514675140381 1000
training loss = 5.972322463989258 1500
training loss = 5.747095584869385 2000
training loss = 5.486120223999023 2500
training loss = 5.216857433319092 3000
training loss = 4.9798383712768555 3500
training loss = 4.789103984832764 4000
training loss = 4.411561012268066 4500
training loss = 2.0853710174560547 5000
training loss = 1.9508177042007446 5500
training loss = 1.9121114015579224 6000
training loss = 1.8952523469924927 6500
training loss = 1.8847168684005737 7000
training loss = 1.875887393951416 7500
training loss = 1.867972731590271 8000
training loss = 1.8604731559753418 8500
training loss = 1.8532718420028687 9000
training loss = 1.8464274406433105 9500
training loss = 1.8398464918136597 10000
training loss = 1.833600401878357 10500
training loss = 1.8321123123168945 11000
training loss = 1.8222211599349976 11500
training loss = 1.8166940212249756 12000
training loss = 1.8114103078842163 12500
training loss = 1.8061507940292358 13000
training loss = 1.8008664846420288 13500
training loss = 1.7958842515945435 14000
training loss = 1.791632890701294 14500
training loss = 1.7883362770080566 15000
training loss = 1.7858805656433105 15500
training loss = 1.7838354110717773 16000
training loss = 1.7821227312088013 16500
training loss = 1.7806028127670288 17000
training loss = 1.7792872190475464 17500
training loss = 1.7780992984771729 18000
training loss = 1.7771096229553223 18500
training loss = 1.7762478590011597 19000
training loss = 2.0186023712158203 19500
training loss = 1.7778702974319458 20000
training loss = 1.7743278741836548 20500
training loss = 1.7737209796905518 21000
training loss = 1.773275375366211 21500
training loss = 1.7728761434555054 22000
training loss = 1.7725259065628052 22500
training loss = 1.7722121477127075 23000
training loss = 1.7889652252197266 23500
training loss = 1.774600625038147 24000
training loss = 1.7714475393295288 24500
training loss = 1.771203875541687 25000
training loss = 1.7710072994232178 25500
training loss = 1.7708654403686523 26000
training loss = 1.7707353830337524 26500
training loss = 1.7706222534179688 27000
training loss = 1.7705421447753906 27500
training loss = 1.7704360485076904 28000
training loss = 1.770400881767273 28500
training loss = 1.7703741788864136 29000
training loss = 2.289621591567993 29500
training loss = 1.7704248428344727 30000
reduced chi^2 level 2 = 1.7703906297683716
Constrained alpha: 2.737687110900879
Constrained beta: 5.96950101852417
Constrained gamma: 16.587818145751953
(1, 177)
(1, 0)
