data before
[  123.53821875  1687.09225     3931.007       5805.83
  7320.7295      8397.556       9205.764       9750.013
 10053.568      10283.554      10289.437      10253.646
 10113.978       9972.364       9698.318       9319.854
  9141.636       8782.052       8503.543       8116.817
  7867.5755      7597.26        7233.451       6980.226
  6637.1315      6363.239       6137.5255      5886.869
  5546.464       5361.528       5073.998       4833.4815
  4638.7595      4433.336       4225.735       4008.93625
  3768.94975     3628.78175     3460.456       3312.60075
  3109.51575     2964.7855      2818.44625     2680.32325
  2512.092       2430.706       2303.77675     2157.72575
  2037.643125    1949.698125    1814.027       1696.907875
  1601.02225     1515.329       1432.62225     1327.16025
  1241.00225     1175.999375    1071.97275     1053.996625
   985.31875      932.5113125    836.206125     756.1414375
   718.0486875    662.0879375    610.0186875    575.774
   549.0010625    506.5071875    459.1523125    397.69971875
   374.03340625   339.9001875    327.42409375   301.01640625
   260.3458125    249.57698437   218.92410938   185.25320312
   173.0581875    155.60020313   137.42165625   126.54148437
   112.01871875    97.44910938    86.74976562    71.75148438
    65.67804688    54.57683594    52.30407031    47.96584375
    42.25255469    33.50196484    32.75308203    26.70411523
    23.12064258    17.3744668     15.87377344    13.51517188]
1
data after
[123.53821875, 1687.09225, 3931.007, 5805.83, 7320.7295, 8397.556, 9205.764000000001, 9750.013, 10053.568, 10283.554, 10289.437, 10253.646, 10113.978000000001, 9972.364, 9698.318, 9319.854, 9141.636, 8782.052, 8503.543, 8116.817, 7867.5755, 7597.26, 7233.451, 6980.226000000001, 6637.1315, 6363.2390000000005, 6137.5255, 5886.869, 5546.464, 5361.528, 5073.9980000000005, 4833.4815, 4638.7595, 4433.336, 4225.735, 4008.93625, 3768.94975, 3628.78175, 3460.456, 3312.60075, 3109.51575, 2964.7855, 2818.44625, 2680.32325, 2512.092, 2430.706, 2303.77675, 2157.72575, 2037.643125, 1949.6981250000001, 1814.027, 1696.907875, 1601.02225, 1515.329, 1432.6222500000001, 1327.1602500000001, 1241.00225, 1175.999375, 1071.9727500000001, 1053.996625, 985.31875, 932.5113125, 836.206125, 756.1414375, 718.0486875, 662.0879375000001, 610.0186875, 575.774, 549.0010625, 506.5071875, 459.1523125, 397.69971875, 374.03340625, 339.9001875, 327.42409375, 301.01640625, 260.3458125, 249.576984375, 218.924109375, 185.253203125, 173.0581875, 155.600203125, 137.42165625, 126.541484375, 112.01871875, 97.449109375, 86.749765625, 71.751484375, 65.678046875, 54.5768359375, 52.3040703125, 47.96584375, 42.2525546875, 33.50196484375, 32.75308203125, 26.704115234375, 23.120642578125, 46.763412109375004]
5
data,sig_tot
[  123.53821875  1687.09225     3931.007       5805.83
  7320.7295      8397.556       9205.764       9750.013
 10053.568      10283.554      10289.437      10253.646
 10113.978       9972.364       9698.318       9319.854
  9141.636       8782.052       8503.543       8116.817
  7867.5755      7597.26        7233.451       6980.226
  6637.1315      6363.239       6137.5255      5886.869
  5546.464       5361.528       5073.998       4833.4815
  4638.7595      4433.336       4225.735       4008.93625
  3768.94975     3628.78175     3460.456       3312.60075
  3109.51575     2964.7855      2818.44625     2680.32325
  2512.092       2430.706       2303.77675     2157.72575
  2037.643125    1949.698125    1814.027       1696.907875
  1601.02225     1515.329       1432.62225     1327.16025
  1241.00225     1175.999375    1071.97275     1053.996625
   985.31875      932.5113125    836.206125     756.1414375
   718.0486875    662.0879375    610.0186875    575.774
   549.0010625    506.5071875    459.1523125    397.69971875
   374.03340625   339.9001875    327.42409375   301.01640625
   260.3458125    249.57698437   218.92410938   185.25320312
   173.0581875    155.60020313   137.42165625   126.54148437
   112.01871875    97.44910938    86.74976562    71.75148438
    65.67804688    54.57683594    52.30407031    47.96584375
    42.25255469    33.50196484    32.75308203    26.70411523
    23.12064258    46.76341211    37.08021094   604.5376875
  1485.823       2207.084       2740.10575     3058.73875
  3257.223       3365.107       3366.8415      3325.63
  3220.09575     3108.58225     2994.3895      2824.508
  2640.44625     2524.75025     2386.688       2237.34225
  2059.44375     1934.4915      1820.82225     1699.622125
  1570.96675     1470.871625    1370.92675     1263.364
  1177.95225     1091.5         1012.735875     947.5715
   872.0946875    807.5365625    741.9499375    707.9255625
   644.30875      609.9760625    553.0299375    511.46115625
   477.37471875   429.04990625   407.714        367.856125
   351.891125     319.40621875   289.17703125   271.9073125
   234.70846875   225.49604688   209.15226563   194.63089063
   181.18803125   159.83942187   147.53017188   133.24351563
   119.29732031   113.53435938   102.60972656    88.724625
    86.33452344    79.86203125    68.30251562    58.82129688
    58.91789453    52.07051562    47.35830078    42.57382031
    42.03540234    33.16805859    32.71565039    30.56263477
    28.07656641    22.17194141    21.37577148    33.12608008
    28.32276758    23.26878223    23.81528174    22.42724756
    24.84917944]
[  123.53821875  1687.09225     3931.007       5805.83
  7320.7295      8397.556       9205.764       9750.013
 10053.568      10283.554      10289.437      10253.646
 10113.978       9972.364       9698.318       9319.854
  9141.636       8782.052       8503.543       8116.817
  7867.5755      7597.26        7233.451       6980.226
  6637.1315      6363.239       6137.5255      5886.869
  5546.464       5361.528       5073.998       4833.4815
  4638.7595      4433.336       4225.735       4008.93625
  3768.94975     3628.78175     3460.456       3312.60075
  3109.51575     2964.7855      2818.44625     2680.32325
  2512.092       2430.706       2303.77675     2157.72575
  2037.643125    1949.698125    1814.027       1696.907875
  1601.02225     1515.329       1432.62225     1327.16025
  1241.00225     1175.999375    1071.97275     1053.996625
   985.31875      932.5113125    836.206125     756.1414375
   718.0486875    662.0879375    610.0186875    575.774
   549.0010625    506.5071875    459.1523125    397.69971875
   374.03340625   339.9001875    327.42409375   301.01640625
   260.3458125    249.57698438   218.92410938   185.25320312
   173.0581875    155.60020313   137.42165625   126.54148438
   112.01871875    97.44910938    86.74976563    71.75148437
    65.67804687    54.57683594    52.30407031    47.96584375
    42.25255469    33.50196484    32.75308203    26.70411523
    23.12064258    46.76341211    37.08021094   604.5376875
  1485.823       2207.084       2740.10575     3058.73875
  3257.223       3365.107       3366.8415      3325.63
  3220.09575     3108.58225     2994.3895      2824.508
  2640.44625     2524.75025     2386.688       2237.34225
  2059.44375     1934.4915      1820.82225     1699.622125
  1570.96675     1470.871625    1370.92675     1263.364
  1177.95225     1091.5         1012.735875     947.5715
   872.0946875    807.5365625    741.9499375    707.9255625
   644.30875      609.9760625    553.0299375    511.46115625
   477.37471875   429.04990625   407.714        367.856125
   351.891125     319.40621875   289.17703125   271.9073125
   234.70846875   225.49604688   209.15226563   194.63089063
   181.18803125   159.83942187   147.53017188   133.24351563
   119.29732031   113.53435938   102.60972656    88.724625
    86.33452344    79.86203125    68.30251562    58.82129687
    58.91789453    52.07051563    47.35830078    42.57382031
    42.03540234    33.16805859    32.71565039    30.56263477
    28.07656641    22.17194141    21.37577148    33.12608008
    28.32276758    23.26878223    23.81528174    22.42724756
    24.84917944]
4.796938250979971 6.18909366203429 20.353717157865425
val isze = 0
idinces = [ 69 103  20 116  56  97 117  39 171  10  19  66  55  61 102  59  83  78
 110 163   1 160  47  49  67 136  68 133  60  76 170 169  70 167 124  26
  95  91  24 109 121  21 175  63  58  99 144  81  87  43 150 120 138  35
 173  82   2 114 153  38  52 142 176 146 148 101  80  72 145  98  41  32
 105  48  25  53  90 149  51  14 162  29   3  23 131 165  37 166 164  45
 111 134  42  79 143 155 119 147  12 127  22  85   6 106 112 135 132 104
  34 152 108  50 168 130 129   4   5  44 128  96  84 154  28  75   7  46
  17  11 158  71 118 137 174  74  94 151  93  18  27  36  57  31  65 140
  89  30  86  92 141 126  13  77 159 161  33  62 122 107  88  54 139 100
  16 115  40   0  73   8 172 157 156 123 113  64  15 125   9]
training loss = 3.839656114578247 500
training loss = 2.5744218826293945 1000
training loss = 2.505542039871216 1500
training loss = 2.4674980640411377 2000
training loss = 2.439765453338623 2500
training loss = 2.4195404052734375 3000
training loss = 2.4028241634368896 3500
training loss = 2.3879387378692627 4000
training loss = 2.3721249103546143 4500
training loss = 2.351548194885254 5000
training loss = 2.4602150917053223 5500
training loss = 2.2433571815490723 6000
training loss = 2.224928617477417 6500
training loss = 2.6526310443878174 7000
training loss = 2.216010570526123 7500
training loss = 2.21486496925354 8000
training loss = 2.2097482681274414 8500
training loss = 2.2086246013641357 9000
training loss = 2.20489501953125 9500
training loss = 2.2026476860046387 10000
training loss = 2.200702667236328 10500
training loss = 2.211318016052246 11000
training loss = 2.7034947872161865 11500
training loss = 2.1975669860839844 12000
training loss = 2.1981124877929688 12500
training loss = 2.217031478881836 13000
training loss = 2.190441846847534 13500
training loss = 2.1885569095611572 14000
training loss = 2.187058210372925 14500
training loss = 2.184622049331665 15000
training loss = 2.1826462745666504 15500
training loss = 2.180367946624756 16000
training loss = 2.269106149673462 16500
training loss = 2.184373140335083 17000
training loss = 2.1749582290649414 17500
training loss = 2.173950433731079 18000
training loss = 2.173398971557617 18500
training loss = 2.1716701984405518 19000
training loss = 2.170503854751587 19500
training loss = 2.1696088314056396 20000
training loss = 2.16900634765625 20500
training loss = 2.1683313846588135 21000
training loss = 2.168020486831665 21500
training loss = 2.1673879623413086 22000
training loss = 2.1668238639831543 22500
training loss = 2.166318893432617 23000
training loss = 2.16585636138916 23500
training loss = 2.1654672622680664 24000
training loss = 2.170156955718994 24500
training loss = 2.1651241779327393 25000
training loss = 2.164618492126465 25500
training loss = 2.1642496585845947 26000
training loss = 2.163973569869995 26500
training loss = 2.163583278656006 27000
training loss = 2.163210868835449 27500
training loss = 2.1628518104553223 28000
training loss = 2.1741526126861572 28500
training loss = 2.166797637939453 29000
training loss = 2.1621310710906982 29500
training loss = 2.1617918014526367 30000
reduced chi^2 level 2 = 2.1617894172668457
Constrained alpha: 4.4393630027771
Constrained beta: 3.3175177574157715
Constrained gamma: 13.057323455810547
(1, 177)
(1, 0)
