data before
[  123.53821875  1687.09225     3931.007       5805.83
  7320.7295      8397.556       9205.764       9750.013
 10053.568      10283.554      10289.437      10253.646
 10113.978       9972.364       9698.318       9319.854
  9141.636       8782.052       8503.543       8116.817
  7867.5755      7597.26        7233.451       6980.226
  6637.1315      6363.239       6137.5255      5886.869
  5546.464       5361.528       5073.998       4833.4815
  4638.7595      4433.336       4225.735       4008.93625
  3768.94975     3628.78175     3460.456       3312.60075
  3109.51575     2964.7855      2818.44625     2680.32325
  2512.092       2430.706       2303.77675     2157.72575
  2037.643125    1949.698125    1814.027       1696.907875
  1601.02225     1515.329       1432.62225     1327.16025
  1241.00225     1175.999375    1071.97275     1053.996625
   985.31875      932.5113125    836.206125     756.1414375
   718.0486875    662.0879375    610.0186875    575.774
   549.0010625    506.5071875    459.1523125    397.69971875
   374.03340625   339.9001875    327.42409375   301.01640625
   260.3458125    249.57698437   218.92410938   185.25320312
   173.0581875    155.60020313   137.42165625   126.54148437
   112.01871875    97.44910938    86.74976562    71.75148438
    65.67804688    54.57683594    52.30407031    47.96584375
    42.25255469    33.50196484    32.75308203    26.70411523
    23.12064258    17.3744668     15.87377344    13.51517188]
1
data after
[123.53821875, 1687.09225, 3931.007, 5805.83, 7320.7295, 8397.556, 9205.764000000001, 9750.013, 10053.568, 10283.554, 10289.437, 10253.646, 10113.978000000001, 9972.364, 9698.318, 9319.854, 9141.636, 8782.052, 8503.543, 8116.817, 7867.5755, 7597.26, 7233.451, 6980.226000000001, 6637.1315, 6363.2390000000005, 6137.5255, 5886.869, 5546.464, 5361.528, 5073.9980000000005, 4833.4815, 4638.7595, 4433.336, 4225.735, 4008.93625, 3768.94975, 3628.78175, 3460.456, 3312.60075, 3109.51575, 2964.7855, 2818.44625, 2680.32325, 2512.092, 2430.706, 2303.77675, 2157.72575, 2037.643125, 1949.6981250000001, 1814.027, 1696.907875, 1601.02225, 1515.329, 1432.6222500000001, 1327.1602500000001, 1241.00225, 1175.999375, 1071.9727500000001, 1053.996625, 985.31875, 932.5113125, 836.206125, 756.1414375, 718.0486875, 662.0879375000001, 610.0186875, 575.774, 549.0010625, 506.5071875, 459.1523125, 397.69971875, 374.03340625, 339.9001875, 327.42409375, 301.01640625, 260.3458125, 249.576984375, 218.924109375, 185.253203125, 173.0581875, 155.600203125, 137.42165625, 126.541484375, 112.01871875, 97.449109375, 86.749765625, 71.751484375, 65.678046875, 54.5768359375, 52.3040703125, 47.96584375, 42.2525546875, 33.50196484375, 32.75308203125, 26.704115234375, 23.120642578125, 46.763412109375004]
5
data,sig_tot
[  123.53821875  1687.09225     3931.007       5805.83
  7320.7295      8397.556       9205.764       9750.013
 10053.568      10283.554      10289.437      10253.646
 10113.978       9972.364       9698.318       9319.854
  9141.636       8782.052       8503.543       8116.817
  7867.5755      7597.26        7233.451       6980.226
  6637.1315      6363.239       6137.5255      5886.869
  5546.464       5361.528       5073.998       4833.4815
  4638.7595      4433.336       4225.735       4008.93625
  3768.94975     3628.78175     3460.456       3312.60075
  3109.51575     2964.7855      2818.44625     2680.32325
  2512.092       2430.706       2303.77675     2157.72575
  2037.643125    1949.698125    1814.027       1696.907875
  1601.02225     1515.329       1432.62225     1327.16025
  1241.00225     1175.999375    1071.97275     1053.996625
   985.31875      932.5113125    836.206125     756.1414375
   718.0486875    662.0879375    610.0186875    575.774
   549.0010625    506.5071875    459.1523125    397.69971875
   374.03340625   339.9001875    327.42409375   301.01640625
   260.3458125    249.57698437   218.92410938   185.25320312
   173.0581875    155.60020313   137.42165625   126.54148437
   112.01871875    97.44910938    86.74976562    71.75148438
    65.67804688    54.57683594    52.30407031    47.96584375
    42.25255469    33.50196484    32.75308203    26.70411523
    23.12064258    46.76341211    37.08021094   604.5376875
  1485.823       2207.084       2740.10575     3058.73875
  3257.223       3365.107       3366.8415      3325.63
  3220.09575     3108.58225     2994.3895      2824.508
  2640.44625     2524.75025     2386.688       2237.34225
  2059.44375     1934.4915      1820.82225     1699.622125
  1570.96675     1470.871625    1370.92675     1263.364
  1177.95225     1091.5         1012.735875     947.5715
   872.0946875    807.5365625    741.9499375    707.9255625
   644.30875      609.9760625    553.0299375    511.46115625
   477.37471875   429.04990625   407.714        367.856125
   351.891125     319.40621875   289.17703125   271.9073125
   234.70846875   225.49604688   209.15226563   194.63089063
   181.18803125   159.83942187   147.53017188   133.24351563
   119.29732031   113.53435938   102.60972656    88.724625
    86.33452344    79.86203125    68.30251562    58.82129688
    58.91789453    52.07051562    47.35830078    42.57382031
    42.03540234    33.16805859    32.71565039    30.56263477
    28.07656641    22.17194141    21.37577148    33.12608008
    28.32276758    23.26878223    23.81528174    22.42724756
    24.84917944]
[  123.53821875  1687.09225     3931.007       5805.83
  7320.7295      8397.556       9205.764       9750.013
 10053.568      10283.554      10289.437      10253.646
 10113.978       9972.364       9698.318       9319.854
  9141.636       8782.052       8503.543       8116.817
  7867.5755      7597.26        7233.451       6980.226
  6637.1315      6363.239       6137.5255      5886.869
  5546.464       5361.528       5073.998       4833.4815
  4638.7595      4433.336       4225.735       4008.93625
  3768.94975     3628.78175     3460.456       3312.60075
  3109.51575     2964.7855      2818.44625     2680.32325
  2512.092       2430.706       2303.77675     2157.72575
  2037.643125    1949.698125    1814.027       1696.907875
  1601.02225     1515.329       1432.62225     1327.16025
  1241.00225     1175.999375    1071.97275     1053.996625
   985.31875      932.5113125    836.206125     756.1414375
   718.0486875    662.0879375    610.0186875    575.774
   549.0010625    506.5071875    459.1523125    397.69971875
   374.03340625   339.9001875    327.42409375   301.01640625
   260.3458125    249.57698438   218.92410938   185.25320312
   173.0581875    155.60020313   137.42165625   126.54148438
   112.01871875    97.44910938    86.74976563    71.75148437
    65.67804687    54.57683594    52.30407031    47.96584375
    42.25255469    33.50196484    32.75308203    26.70411523
    23.12064258    46.76341211    37.08021094   604.5376875
  1485.823       2207.084       2740.10575     3058.73875
  3257.223       3365.107       3366.8415      3325.63
  3220.09575     3108.58225     2994.3895      2824.508
  2640.44625     2524.75025     2386.688       2237.34225
  2059.44375     1934.4915      1820.82225     1699.622125
  1570.96675     1470.871625    1370.92675     1263.364
  1177.95225     1091.5         1012.735875     947.5715
   872.0946875    807.5365625    741.9499375    707.9255625
   644.30875      609.9760625    553.0299375    511.46115625
   477.37471875   429.04990625   407.714        367.856125
   351.891125     319.40621875   289.17703125   271.9073125
   234.70846875   225.49604688   209.15226563   194.63089063
   181.18803125   159.83942187   147.53017188   133.24351563
   119.29732031   113.53435938   102.60972656    88.724625
    86.33452344    79.86203125    68.30251562    58.82129687
    58.91789453    52.07051563    47.35830078    42.57382031
    42.03540234    33.16805859    32.71565039    30.56263477
    28.07656641    22.17194141    21.37577148    33.12608008
    28.32276758    23.26878223    23.81528174    22.42724756
    24.84917944]
0.05642860866468924 8.00036775571475 67.8862058548588
val isze = 0
idinces = [ 69 103  20 116  56  97 117  39 171  10  19  66  55  61 102  59  83  78
 110 163   1 160  47  49  67 136  68 133  60  76 170 169  70 167 124  26
  95  91  24 109 121  21 175  63  58  99 144  81  87  43 150 120 138  35
 173  82   2 114 153  38  52 142 176 146 148 101  80  72 145  98  41  32
 105  48  25  53  90 149  51  14 162  29   3  23 131 165  37 166 164  45
 111 134  42  79 143 155 119 147  12 127  22  85   6 106 112 135 132 104
  34 152 108  50 168 130 129   4   5  44 128  96  84 154  28  75   7  46
  17  11 158  71 118 137 174  74  94 151  93  18  27  36  57  31  65 140
  89  30  86  92 141 126  13  77 159 161  33  62 122 107  88  54 139 100
  16 115  40   0  73   8 172 157 156 123 113  64  15 125   9]
training loss = 5.801955223083496 500
training loss = 5.791631698608398 1000
training loss = 5.778313636779785 1500
training loss = 5.763500213623047 2000
training loss = 5.748842716217041 2500
training loss = 5.735921859741211 3000
training loss = 5.725662708282471 3500
training loss = 5.717755317687988 4000
training loss = 5.7104997634887695 4500
training loss = 5.701210975646973 5000
training loss = 5.686511039733887 5500
training loss = 5.655806541442871 6000
training loss = 5.552555084228516 6500
training loss = 3.9266068935394287 7000
training loss = 2.4545421600341797 7500
training loss = 2.371208667755127 8000
training loss = 2.3414244651794434 8500
training loss = 2.326712131500244 9000
training loss = 2.317086935043335 9500
training loss = 2.3091678619384766 10000
training loss = 2.3020877838134766 10500
training loss = 2.4963150024414062 11000
training loss = 2.285900831222534 11500
training loss = 2.2920660972595215 12000
training loss = 2.289111375808716 12500
training loss = 2.907072067260742 13000
training loss = 2.2650818824768066 13500
training loss = 2.261187791824341 14000
training loss = 2.5204312801361084 14500
training loss = 2.2678394317626953 15000
training loss = 2.254840135574341 15500
training loss = 2.2534682750701904 16000
training loss = 2.2518889904022217 16500
training loss = 2.250699043273926 17000
training loss = 2.2496867179870605 17500
training loss = 2.2488131523132324 18000
training loss = 2.2480945587158203 18500
training loss = 2.2477805614471436 19000
training loss = 2.2468245029449463 19500
training loss = 2.246495246887207 20000
training loss = 2.246511936187744 20500
training loss = 2.247602701187134 21000
training loss = 2.2450268268585205 21500
training loss = 2.244738817214966 22000
training loss = 2.244539976119995 22500
training loss = 2.2442896366119385 23000
training loss = 2.244093179702759 23500
training loss = 2.243992328643799 24000
training loss = 2.4331774711608887 24500
training loss = 2.2444827556610107 25000
training loss = 2.2582759857177734 25500
training loss = 2.244443416595459 26000
training loss = 2.2433676719665527 26500
training loss = 2.2432901859283447 27000
training loss = 2.247645854949951 27500
training loss = 2.658235788345337 28000
reduced chi^2 level 2 = 2.251858949661255
Constrained alpha: 2.6963260173797607
Constrained beta: 5.909653663635254
Constrained gamma: 17.231037139892578
(1, 177)
(1, 0)
