data before
[0.00000000e+00 0.00000000e+00 0.00000000e+00 0.00000000e+00
 0.00000000e+00 0.00000000e+00 0.00000000e+00 0.00000000e+00
 0.00000000e+00 0.00000000e+00 0.00000000e+00 0.00000000e+00
 0.00000000e+00 0.00000000e+00 0.00000000e+00 0.00000000e+00
 0.00000000e+00 0.00000000e+00 0.00000000e+00 0.00000000e+00
 0.00000000e+00 0.00000000e+00 0.00000000e+00 0.00000000e+00
 0.00000000e+00 0.00000000e+00 0.00000000e+00 0.00000000e+00
 0.00000000e+00 0.00000000e+00 0.00000000e+00 0.00000000e+00
 0.00000000e+00 0.00000000e+00 0.00000000e+00 0.00000000e+00
 0.00000000e+00 0.00000000e+00 0.00000000e+00 0.00000000e+00
 0.00000000e+00 0.00000000e+00 0.00000000e+00 0.00000000e+00
 0.00000000e+00 0.00000000e+00 0.00000000e+00 0.00000000e+00
 0.00000000e+00 0.00000000e+00 0.00000000e+00 0.00000000e+00
 0.00000000e+00 0.00000000e+00 0.00000000e+00 0.00000000e+00
 0.00000000e+00 0.00000000e+00 0.00000000e+00 0.00000000e+00
 0.00000000e+00 0.00000000e+00 0.00000000e+00 0.00000000e+00
 0.00000000e+00 0.00000000e+00 0.00000000e+00 0.00000000e+00
 0.00000000e+00 0.00000000e+00 0.00000000e+00 0.00000000e+00
 0.00000000e+00 0.00000000e+00 0.00000000e+00 0.00000000e+00
 0.00000000e+00 0.00000000e+00 0.00000000e+00 0.00000000e+00
 0.00000000e+00 0.00000000e+00 0.00000000e+00 0.00000000e+00
 0.00000000e+00 0.00000000e+00 0.00000000e+00 0.00000000e+00
 0.00000000e+00 0.00000000e+00 0.00000000e+00 0.00000000e+00
 0.00000000e+00 0.00000000e+00 0.00000000e+00 0.00000000e+00
 0.00000000e+00 0.00000000e+00 0.00000000e+00 0.00000000e+00
 0.00000000e+00 0.00000000e+00 0.00000000e+00 9.02120736e-01
 1.08492659e+01 3.32277718e+01 6.20071608e+01 9.81599436e+01
 1.42109306e+02 2.02897876e+02 2.76149084e+02 3.44286646e+02
 4.26968015e+02 5.32617917e+02 6.60020362e+02 7.95600895e+02
 9.74107332e+02 1.15638046e+03 1.36998699e+03 1.56340263e+03
 1.77197069e+03 2.04951094e+03 2.25509152e+03 2.54612999e+03
 2.90581656e+03 3.32821154e+03 3.66454072e+03 4.14002850e+03
 4.53920424e+03 4.92155239e+03 5.30104946e+03 5.71373686e+03
 6.07067928e+03 6.43702333e+03 6.87173007e+03 7.04085740e+03
 7.32895322e+03 7.62201661e+03 7.77845040e+03 8.09290876e+03
 8.25277693e+03 8.41678849e+03 8.69106842e+03 8.65836169e+03
 8.72707119e+03 8.76811139e+03 8.73222620e+03 8.84041605e+03
 8.82808126e+03 8.73961761e+03 8.66742439e+03 8.51222544e+03
 8.31956686e+03 8.09386828e+03 7.87623981e+03 7.70193880e+03
 7.48801260e+03 7.10127813e+03 6.66769107e+03 6.16860717e+03
 5.66725968e+03 5.35803611e+03 5.26466066e+03 5.12168294e+03
 4.90896739e+03 4.64859984e+03 4.32276564e+03 3.98649440e+03
 3.68083083e+03 3.53239375e+03 3.29106803e+03 3.00725355e+03
 2.68785762e+03 2.30118013e+03 1.92847145e+03 1.66386426e+03
 1.53828459e+03 1.42379017e+03 1.19383370e+03 9.97807655e+02
 7.56052447e+02 4.95176130e+02 3.47081353e+02 3.25972390e+02
 3.04425845e+02 2.32434623e+02 1.75017954e+02 1.23485244e+02
 5.57924629e+01 1.19976970e+02 5.82797084e+01 0.00000000e+00
 0.00000000e+00 0.00000000e+00 0.00000000e+00 0.00000000e+00
 0.00000000e+00 0.00000000e+00 0.00000000e+00 0.00000000e+00
 0.00000000e+00]
10
data after
[44.97915838010026, 62.00716083721929, 98.15994362759909, 142.10930644871112, 202.8978758476287, 276.1490843971384, 344.28664578579793, 426.96801501831936, 532.6179165405205, 660.0203618815315, 795.6008950573919, 974.1073318597721, 1156.3804618431468, 1369.9869897101603, 1563.4026303260744, 1771.9706944896755, 2049.510936885998, 2255.091516100161, 2546.1299914694764, 2905.8165649075986, 3328.211539236464, 3664.540724778544, 4140.028504843744, 4539.204236679776, 4921.552388970796, 5301.049459335093, 5713.73686087748, 6070.679283531872, 6437.023330675891, 6871.730069588682, 7040.857396879414, 7328.953220007628, 7622.016609097397, 7778.450400742588, 8092.908764426799, 8252.776932203758, 8416.788493262007, 8691.068416835484, 8658.361689010757, 8727.071193984142, 8768.111390686125, 8732.226200084138, 8840.416051959839, 8828.081259641107, 8739.617607282597, 8667.424388891632, 8512.225437459234, 8319.566857004997, 8093.868278758086, 7876.239814898403, 7701.9388020501265, 7488.012600597685, 7101.278126855439, 6667.691069773773, 6168.607166289195, 5667.259683015656, 5358.03611050952, 5264.660663560363, 5121.682938280998, 4908.9673854309, 4648.599840728045, 4322.765635929222, 3986.4944025587056, 3680.83083097775, 3532.3937501469554, 3291.068027354117, 3007.2535503893732, 2687.8576177210293, 2301.180132489116, 1928.4714478090373, 1663.8642632170952, 1538.2845901455782, 1423.7901681420374, 1193.8336992568418, 997.8076551628097, 756.0524471128973, 495.17613020989177, 347.08135316823586, 325.97238955141904, 304.42584519669106, 232.43462320327, 175.01795356008316, 123.48524362700844, 55.792462936644526, 119.97697032405578, 58.27970841261588]
11
data,sig_tot
[  44.97915838   62.00716084   98.15994363  142.10930645  202.89787585
  276.1490844   344.28664579  426.96801502  532.61791654  660.02036188
  795.60089506  974.10733186 1156.38046184 1369.98698971 1563.40263033
 1771.97069449 2049.51093689 2255.0915161  2546.12999147 2905.81656491
 3328.21153924 3664.54072478 4140.02850484 4539.20423668 4921.55238897
 5301.04945934 5713.73686088 6070.67928353 6437.02333068 6871.73006959
 7040.85739688 7328.95322001 7622.0166091  7778.45040074 8092.90876443
 8252.7769322  8416.78849326 8691.06841684 8658.36168901 8727.07119398
 8768.11139069 8732.22620008 8840.41605196 8828.08125964 8739.61760728
 8667.42438889 8512.22543746 8319.566857   8093.86827876 7876.2398149
 7701.93880205 7488.0126006  7101.27812686 6667.69106977 6168.60716629
 5667.25968302 5358.03611051 5264.66066356 5121.68293828 4908.96738543
 4648.59984073 4322.76563593 3986.49440256 3680.83083098 3532.39375015
 3291.06802735 3007.25355039 2687.85761772 2301.18013249 1928.47144781
 1663.86426322 1538.28459015 1423.79016814 1193.83369926  997.80765516
  756.05244711  495.17613021  347.08135317  325.97238955  304.4258452
  232.4346232   175.01795356  123.48524363   55.79246294  119.97697032
   58.27970841   48.27058599   48.04227429   72.05344989  102.97584888
  134.1864599   167.78132332  195.60976147  241.38224899  281.59932464
  323.01162084  373.29228901  423.6761097   476.67466335  526.29017615
  591.64895981  656.00959662  736.71512008  822.05109534  896.94408569
 1003.05599118 1093.14031975 1161.32199365 1254.58499382 1318.11889046
 1411.00704532 1469.05610611 1520.63724531 1601.31351493 1633.28356337
 1696.6006135  1773.24706111 1776.8917086  1839.66871898 1885.04032557
 1897.07838466 1935.88279829 1925.94555578 1931.04935924 1894.94525514
 1893.04796282 1916.15388463 1887.90202985 1875.23669168 1832.90327477
 1804.37022836 1733.01541456 1686.25868094 1616.68458794 1571.00489689
 1512.45808128 1421.98944455 1317.0187868  1192.81835494 1082.08182877
 1006.79113153  979.11102355  964.58789805  913.46278064  855.81196584
  795.37946933  729.24799293  664.96316289  631.30548926  591.1385187
  530.8908024   465.58099675  390.3739764   307.65841837  259.11782408
  249.31169119  239.48851103  208.79871966  180.18091972  148.7439964
  112.49974758   90.32622516   83.10943191   75.17648363   59.35572351
   44.77705969   31.86325874   61.87287695]
[  44.97915838   62.00716084   98.15994363  142.10930645  202.89787585
  276.1490844   344.28664579  426.96801502  532.61791654  660.02036188
  795.60089506  974.10733186 1156.38046184 1369.98698971 1563.40263033
 1771.97069449 2049.51093689 2255.0915161  2546.12999147 2905.81656491
 3328.21153924 3664.54072478 4140.02850484 4539.20423668 4921.55238897
 5301.04945934 5713.73686088 6070.67928353 6437.02333068 6871.73006959
 7040.85739688 7328.95322001 7622.0166091  7778.45040074 8092.90876443
 8252.7769322  8416.78849326 8691.06841684 8658.36168901 8727.07119398
 8768.11139069 8732.22620008 8840.41605196 8828.08125964 8739.61760728
 8667.42438889 8512.22543746 8319.566857   8093.86827876 7876.2398149
 7701.93880205 7488.0126006  7101.27812686 6667.69106977 6168.60716629
 5667.25968302 5358.03611051 5264.66066356 5121.68293828 4908.96738543
 4648.59984073 4322.76563593 3986.49440256 3680.83083098 3532.39375015
 3291.06802735 3007.25355039 2687.85761772 2301.18013249 1928.47144781
 1663.86426322 1538.28459015 1423.79016814 1193.83369926  997.80765516
  756.05244711  495.17613021  347.08135317  325.97238955  304.4258452
  232.4346232   175.01795356  123.48524363   55.79246294  119.97697032
   58.27970841   48.27058599   48.04227429   72.05344989  102.97584888
  134.1864599   167.78132332  195.60976147  241.38224899  281.59932464
  323.01162084  373.29228901  423.6761097   476.67466335  526.29017615
  591.64895981  656.00959662  736.71512008  822.05109534  896.94408569
 1003.05599118 1093.14031975 1161.32199365 1254.58499382 1318.11889046
 1411.00704532 1469.05610611 1520.63724531 1601.31351493 1633.28356337
 1696.6006135  1773.24706111 1776.8917086  1839.66871898 1885.04032557
 1897.07838466 1935.88279829 1925.94555578 1931.04935924 1894.94525514
 1893.04796282 1916.15388463 1887.90202985 1875.23669168 1832.90327477
 1804.37022836 1733.01541456 1686.25868094 1616.68458794 1571.00489689
 1512.45808128 1421.98944455 1317.0187868  1192.81835494 1082.08182877
 1006.79113153  979.11102355  964.58789805  913.46278064  855.81196584
  795.37946933  729.24799293  664.96316289  631.30548926  591.1385187
  530.8908024   465.58099675  390.3739764   307.65841837  259.11782408
  249.31169119  239.48851103  208.79871966  180.18091972  148.7439964
  112.49974758   90.32622516   83.10943191   75.17648363   59.35572351
   44.77705969   31.86325874   61.87287695]
0.6339487153104978 1.5226881165316852 36.359870238075246
val isze = 0
idinces = [ 39  61  24 101  69  83  90  91 129 108 135  78  95 110  10 136 132  20
 158 103 105  43 164   1  21  68 102  55  19  49  87 148 144 141 121 131
  35  63  72   2  59 151  38  47 119  76 134 109  56  52  58 137  66 138
  26  81  70  41  60  32  67  82  48 111  25  53 116 112  51  14 153  29
   3 140 117 161  37 160 155  45  97 106  42  79 133 146  12 159 127  85
   6 166  98 128 118  34 143  50  99 104 154   4   5  44 114  96  84 145
 147  75   7  46  17 162 124  71  80 130 165 167 149  74  28  11 120  94
  23  22 142  93  18  27  36  57  31  65  89  30  86  92 126  13  77 150
 152  33  62 122 107  88  54 139 100  16 115  40   0  73   8 163 157 156
 123 113  64  15 125   9]
training loss = 7.557059288024902 500
training loss = 4.729439735412598 1000
training loss = 4.233156681060791 1500
training loss = 3.7961554527282715 2000
training loss = 4.05027437210083 2500
training loss = 3.405885934829712 3000
training loss = 3.3160135746002197 3500
training loss = 3.1829869747161865 4000
training loss = 3.0295703411102295 4500
training loss = 3.0103530883789062 5000
training loss = 3.0135695934295654 5500
training loss = 2.984279155731201 6000
training loss = 2.983856678009033 6500
training loss = 2.9616899490356445 7000
training loss = 3.0692901611328125 7500
training loss = 2.9609711170196533 8000
training loss = 2.9170589447021484 8500
training loss = 2.9101574420928955 9000
training loss = 2.9035704135894775 9500
training loss = 3.0078532695770264 10000
training loss = 2.8982439041137695 10500
training loss = 2.8825085163116455 11000
training loss = 2.8741531372070312 11500
training loss = 5.232623100280762 12000
training loss = 2.8587019443511963 12500
training loss = 3.2477591037750244 13000
training loss = 2.8391942977905273 13500
training loss = 2.8306941986083984 14000
training loss = 2.931556224822998 14500
training loss = 2.825042486190796 15000
training loss = 2.8055994510650635 15500
training loss = 2.79788875579834 16000
training loss = 2.7907469272613525 16500
training loss = 2.784212112426758 17000
training loss = 3.0921006202697754 17500
training loss = 2.7762463092803955 18000
training loss = 2.768983840942383 18500
training loss = 2.7632360458374023 19000
training loss = 4.031559467315674 19500
training loss = 2.9832241535186768 20000
training loss = 2.7670180797576904 20500
training loss = 2.7480475902557373 21000
training loss = 2.740176200866699 21500
training loss = 2.7306292057037354 22000
training loss = 2.721951961517334 22500
training loss = 2.714071035385132 23000
training loss = 2.7058603763580322 23500
training loss = 2.7123830318450928 24000
training loss = 3.751859426498413 24500
training loss = 2.6854476928710938 25000
training loss = 2.6766676902770996 25500
training loss = 2.6694083213806152 26000
training loss = 2.6600849628448486 26500
training loss = 2.653073787689209 27000
training loss = 2.6446759700775146 27500
training loss = 2.6368229389190674 28000
training loss = 5.156846046447754 28500
training loss = 2.9167494773864746 29000
training loss = 2.6644182205200195 29500
training loss = 2.6253654956817627 30000
reduced chi^2 level 2 = 2.6361846923828125
Constrained alpha: 2.0847957134246826
Constrained beta: 2.8696436882019043
Constrained gamma: 21.531036376953125
(1, 168)
(1, 0)
