LHAPDF 6.5.4 loading /data/theorie/jjohn/miniconda3/envs/nnpdf_dev/share/LHAPDF/FASERv_EPOS+POWHEG_7TeV/FASERv_EPOS+POWHEG_7TeV_0000.dat
FASERv_EPOS+POWHEG_7TeV PDF set, member #0, version 1; LHAPDF ID = 70001000
LHAPDF 6.5.4 loading /data/theorie/jjohn/miniconda3/envs/nnpdf_dev/share/LHAPDF/FASERv_EPOS+POWHEG_7TeV/FASERv_EPOS+POWHEG_7TeV_0000.dat
FASERv_EPOS+POWHEG_7TeV PDF set, member #0, version 1; LHAPDF ID = 70001000
1.5967013928817742 2.787894000594726 78.9176377206915
val isze = 0
idinces = [2 5 0 3 4 1]
training loss = 3.1076250076293945 100
training loss = 2.4328765869140625 200
training loss = 2.3075313568115234 300
training loss = 2.1656107902526855 400
training loss = 2.0135016441345215 500
training loss = 1.8563613891601562 600
training loss = 1.698491096496582 700
training loss = 1.5432194471359253 800
training loss = 1.3927180767059326 900
training loss = 1.2484104633331299 1000
training loss = 1.1111319065093994 1100
training loss = 0.9810149073600769 1200
training loss = 0.9223176836967468 1300
training loss = 0.47042936086654663 1400
training loss = 0.02503853663802147 1500
training loss = 0.007754040416330099 1600
training loss = 0.010947499424219131 1700
training loss = 0.005972838960587978 1800
training loss = 0.005224398337304592 1900
training loss = 0.004480199888348579 2000
training loss = 0.003660046262666583 2100
training loss = 0.003197654616087675 2200
training loss = 0.002772755455225706 2300
training loss = 0.002217535860836506 2400
training loss = 0.007900610566139221 2500
training loss = 0.001482607563957572 2600
training loss = 0.0012896466068923473 2700
training loss = 0.001817413605749607 2800
training loss = 0.0008248362573795021 2900
training loss = 0.000729855615645647 3000
training loss = 0.01605036109685898 3100
training loss = 0.00043965171789750457 3200
training loss = 0.00040365010499954224 3300
training loss = 0.08377163112163544 3400
training loss = 0.00023942772531881928 3500
training loss = 0.0002284143993165344 3600
training loss = 0.019566062837839127 3700
training loss = 0.00011069533502450213 3800
training loss = 0.00012130307732149959 3900
rep 1 done out of 1
reduced chi^2 level 2 = 0.0001339128939434886
Constrained alpha: 1.9576215744018555
Constrained beta: 6.450279235839844
Constrained gamma: 47.27680206298828
(1, 6)
(1, 0)
Thanks for using LHAPDF 6.5.4. Please make sure to cite the paper:
  Eur.Phys.J. C75 (2015) 3, 132  (http://arxiv.org/abs/1412.7420)
