LHAPDF 6.5.4 loading /data/theorie/jjohn/miniconda3/envs/nnpdf_dev/share/LHAPDF/FASERv_EPOS+POWHEG_7TeV/FASERv_EPOS+POWHEG_7TeV_0000.dat
FASERv_EPOS+POWHEG_7TeV PDF set, member #0, version 1; LHAPDF ID = 70001000
LHAPDF 6.5.4 loading /data/theorie/jjohn/miniconda3/envs/nnpdf_dev/share/LHAPDF/FASERv_EPOS+POWHEG_7TeV/FASERv_EPOS+POWHEG_7TeV_0000.dat
FASERv_EPOS+POWHEG_7TeV PDF set, member #0, version 1; LHAPDF ID = 70001000
0.20814411625323548 2.837211790307117 23.428596550960222
val isze = 0
idinces = [2 5 0 3 4 1]
training loss = 58.650489807128906 100
training loss = 0.46993133425712585 200
training loss = 0.26224571466445923 300
training loss = 0.2388368546962738 400
training loss = 0.21989189088344574 500
training loss = 0.185177743434906 600
training loss = 0.12343825399875641 700
training loss = 0.05900220572948456 800
training loss = 0.0021744007244706154 900
training loss = 5.246377986622974e-05 1000
training loss = 5.5738186347298324e-05 1100
rep 1 done out of 1
reduced chi^2 level 2 = 0.0005206000059843063
Constrained alpha: 2.1736812591552734
Constrained beta: 4.118729591369629
Constrained gamma: 22.356502532958984
(1, 6)
(1, 0)
Thanks for using LHAPDF 6.5.4. Please make sure to cite the paper:
  Eur.Phys.J. C75 (2015) 3, 132  (http://arxiv.org/abs/1412.7420)
