LHAPDF 6.5.4 loading /data/theorie/jjohn/miniconda3/envs/nnpdf_dev/share/LHAPDF/FASERv_EPOS+POWHEG_7TeV/FASERv_EPOS+POWHEG_7TeV_0000.dat
FASERv_EPOS+POWHEG_7TeV PDF set, member #0, version 1; LHAPDF ID = 70001000
LHAPDF 6.5.4 loading /data/theorie/jjohn/miniconda3/envs/nnpdf_dev/share/LHAPDF/FASERv_EPOS+POWHEG_7TeV/FASERv_EPOS+POWHEG_7TeV_0000.dat
FASERv_EPOS+POWHEG_7TeV PDF set, member #0, version 1; LHAPDF ID = 70001000
1.4723225036043526 4.271657397158394 64.86441264331778
val isze = 0
idinces = [2 5 0 3 4 1]
training loss = 3.547980785369873 100
training loss = 1.7047351598739624 200
training loss = 1.6423864364624023 300
training loss = 1.5713261365890503 400
training loss = 1.4942320585250854 500
training loss = 1.413459300994873 600
training loss = 1.330986499786377 700
training loss = 1.2484910488128662 800
training loss = 1.1673635244369507 900
training loss = 1.0887260437011719 1000
training loss = 1.0134564638137817 1100
training loss = 0.9423279762268066 1200
training loss = 0.8760787844657898 1300
training loss = 0.8156948089599609 1400
training loss = 0.7628278136253357 1500
training loss = 0.7117955088615417 1600
training loss = 0.668639600276947 1700
training loss = 0.6303078532218933 1800
training loss = 0.5975971221923828 1900
training loss = 0.5689427852630615 2000
training loss = 0.5457796454429626 2100
training loss = 0.5245879888534546 2200
training loss = 0.5074717998504639 2300
training loss = 0.4938657283782959 2400
training loss = 0.48236221075057983 2500
training loss = 0.4731155037879944 2600
training loss = 0.4660117030143738 2700
training loss = 0.46011409163475037 2800
training loss = 0.4554974436759949 2900
training loss = 0.45212095975875854 3000
training loss = 0.44934210181236267 3100
training loss = 0.44722169637680054 3200
training loss = 0.4457734525203705 3300
training loss = 0.4445360600948334 3400
training loss = 0.4436047673225403 3500
training loss = 0.4459724426269531 3600
training loss = 0.44248074293136597 3700
training loss = 0.4420810639858246 3800
training loss = 0.45291823148727417 3900
training loss = 0.44163841009140015 4000
rep 1 done out of 1
reduced chi^2 level 2 = 0.44163787364959717
Constrained alpha: 1.8741034269332886
Constrained beta: 9.615890502929688
Constrained gamma: 38.485416412353516
(1, 6)
(1, 0)
Thanks for using LHAPDF 6.5.4. Please make sure to cite the paper:
  Eur.Phys.J. C75 (2015) 3, 132  (http://arxiv.org/abs/1412.7420)
