LHAPDF 6.5.4 loading /data/theorie/jjohn/miniconda3/envs/nnpdf_dev/share/LHAPDF/FASERv_EPOS+POWHEG_7TeV/FASERv_EPOS+POWHEG_7TeV_0000.dat
FASERv_EPOS+POWHEG_7TeV PDF set, member #0, version 1; LHAPDF ID = 70001000
LHAPDF 6.5.4 loading /data/theorie/jjohn/miniconda3/envs/nnpdf_dev/share/LHAPDF/FASERv_EPOS+POWHEG_7TeV/FASERv_EPOS+POWHEG_7TeV_0000.dat
FASERv_EPOS+POWHEG_7TeV PDF set, member #0, version 1; LHAPDF ID = 70001000
2.5961407921048467 3.6187353037181436 52.806281710649486
val isze = 0
idinces = [2 5 0 3 4 1]
training loss = 2.919478416442871 100
training loss = 2.6749677658081055 200
training loss = 2.4868521690368652 300
training loss = 2.285872459411621 400
training loss = 2.080536365509033 500
training loss = 1.8741534948349 600
training loss = 1.664259433746338 700
training loss = 1.453465223312378 800
training loss = 1.2499001026153564 900
training loss = 1.0222409963607788 1000
training loss = 0.7507002353668213 1100
training loss = 0.474520742893219 1200
training loss = 0.2754952311515808 1300
training loss = 0.06787325441837311 1400
training loss = 0.02249934896826744 1500
training loss = 0.019185181707143784 1600
training loss = 0.016354061663150787 1700
training loss = 0.014263401739299297 1800
training loss = 0.012320104986429214 1900
training loss = 0.010632003657519817 2000
training loss = 0.009101059287786484 2100
training loss = 0.007791473530232906 2200
training loss = 0.02762065827846527 2300
training loss = 0.0056440262123942375 2400
training loss = 0.004784916061908007 2500
training loss = 0.004117440432310104 2600
training loss = 0.0034289236646145582 2700
training loss = 0.07350807636976242 2800
training loss = 0.0024456733372062445 2900
training loss = 0.00208572531118989 3000
training loss = 0.02597018890082836 3100
training loss = 0.0014917799271643162 3200
training loss = 0.0013021314516663551 3300
training loss = 0.0011976186651736498 3400
training loss = 0.0009540477185510099 3500
training loss = 0.003174891695380211 3600
training loss = 0.0006742651457898319 3700
training loss = 0.0006354714860208333 3800
training loss = 0.0006002869340591133 3900
training loss = 0.0004816348082385957 4000
rep 1 done out of 1
reduced chi^2 level 2 = 0.000490293838083744
Constrained alpha: 1.9683247804641724
Constrained beta: 6.129714488983154
Constrained gamma: 36.03834915161133
(1, 6)
(1, 0)
Thanks for using LHAPDF 6.5.4. Please make sure to cite the paper:
  Eur.Phys.J. C75 (2015) 3, 132  (http://arxiv.org/abs/1412.7420)
