LHAPDF 6.5.4 loading /data/theorie/jjohn/miniconda3/envs/nnpdf_dev/share/LHAPDF/FASERv_EPOS+POWHEG_7TeV/FASERv_EPOS+POWHEG_7TeV_0000.dat
FASERv_EPOS+POWHEG_7TeV PDF set, member #0, version 1; LHAPDF ID = 70001000
LHAPDF 6.5.4 loading /data/theorie/jjohn/miniconda3/envs/nnpdf_dev/share/LHAPDF/FASERv_EPOS+POWHEG_7TeV/FASERv_EPOS+POWHEG_7TeV_0000.dat
FASERv_EPOS+POWHEG_7TeV PDF set, member #0, version 1; LHAPDF ID = 70001000
0.8479833545957244 2.4232853809237564 73.92951518623204
val isze = 0
idinces = [2 5 0 3 4 1]
training loss = 21.174619674682617 100
training loss = 4.3011064529418945 200
training loss = 4.134944915771484 300
training loss = 3.9467856884002686 400
training loss = 3.743751049041748 500
training loss = 3.5317249298095703 600
training loss = 3.3151185512542725 700
training loss = 3.0963034629821777 800
training loss = 2.7437658309936523 900
training loss = 0.3946087062358856 1000
training loss = 0.21862255036830902 1100
training loss = 0.11438077688217163 1200
training loss = 0.05898990482091904 1300
training loss = 0.03461650013923645 1400
training loss = 0.00685727596282959 1500
training loss = 0.0047516836784780025 1600
training loss = 0.0006808902835473418 1700
training loss = 0.008599347434937954 1800
training loss = 0.0004913224838674068 1900
training loss = 0.00013893797586206347 2000
training loss = 0.00467710429802537 2100
training loss = 0.00021603095228783786 2200
rep 1 done out of 1
reduced chi^2 level 2 = 0.00014725993969477713
Constrained alpha: 1.7958683967590332
Constrained beta: 5.7031569480896
Constrained gamma: 57.00028991699219
(1, 6)
(1, 0)
Thanks for using LHAPDF 6.5.4. Please make sure to cite the paper:
  Eur.Phys.J. C75 (2015) 3, 132  (http://arxiv.org/abs/1412.7420)
