LHAPDF 6.5.4 loading /data/theorie/jjohn/miniconda3/envs/nnpdf_dev/share/LHAPDF/FASERv_EPOS+POWHEG_7TeV/FASERv_EPOS+POWHEG_7TeV_0000.dat
FASERv_EPOS+POWHEG_7TeV PDF set, member #0, version 1; LHAPDF ID = 70001000
LHAPDF 6.5.4 loading /data/theorie/jjohn/miniconda3/envs/nnpdf_dev/share/LHAPDF/FASERv_EPOS+POWHEG_7TeV/FASERv_EPOS+POWHEG_7TeV_0000.dat
FASERv_EPOS+POWHEG_7TeV PDF set, member #0, version 1; LHAPDF ID = 70001000
1.1953324783579344 13.773883807911492 31.949220930687762
val isze = 0
idinces = [2 5 0 3 4 1]
training loss = 4.084649562835693 100
training loss = 3.3809332847595215 200
training loss = 3.170647621154785 300
training loss = 2.9724509716033936 400
training loss = 2.755770683288574 500
training loss = 2.5203263759613037 600
training loss = 2.252318859100342 700
training loss = 1.7047948837280273 800
training loss = 1.0376734733581543 900
training loss = 0.8040410280227661 1000
training loss = 0.5391029119491577 1100
training loss = 1.1979775428771973 1200
training loss = 0.4295564591884613 1300
training loss = 0.15421456098556519 1400
training loss = 0.6683182716369629 1500
training loss = 0.12454386800527573 1600
rep 1 done out of 1
reduced chi^2 level 2 = 0.021387740969657898
Constrained alpha: 2.09427809715271
Constrained beta: 11.052998542785645
Constrained gamma: 30.09689712524414
(1, 6)
(1, 0)
Thanks for using LHAPDF 6.5.4. Please make sure to cite the paper:
  Eur.Phys.J. C75 (2015) 3, 132  (http://arxiv.org/abs/1412.7420)
