LHAPDF 6.5.4 loading /data/theorie/jjohn/miniconda3/envs/nnpdf_dev/share/LHAPDF/FASERv_EPOS+POWHEG_7TeV/FASERv_EPOS+POWHEG_7TeV_0000.dat
FASERv_EPOS+POWHEG_7TeV PDF set, member #0, version 1; LHAPDF ID = 70001000
LHAPDF 6.5.4 loading /data/theorie/jjohn/miniconda3/envs/nnpdf_dev/share/LHAPDF/FASERv_EPOS+POWHEG_7TeV/FASERv_EPOS+POWHEG_7TeV_0000.dat
FASERv_EPOS+POWHEG_7TeV PDF set, member #0, version 1; LHAPDF ID = 70001000
2.4709718729838572 0.8866415783540171 18.003994647315103
val isze = 0
idinces = [2 5 0 3 4 1]
training loss = 3.0250182151794434 100
training loss = 2.8579063415527344 200
training loss = 2.6628947257995605 300
training loss = 2.4591822624206543 400
training loss = 2.2593302726745605 500
training loss = 2.071694850921631 600
training loss = 1.90164315700531 700
training loss = 1.7506179809570312 800
training loss = 1.556540846824646 900
training loss = 0.8174203634262085 1000
training loss = 0.38288062810897827 1100
training loss = 0.03920359164476395 1200
training loss = 0.18091516196727753 1300
training loss = 0.0002802839153446257 1400
training loss = 0.00014454737538471818 1500
training loss = 0.00044007180258631706 1600
rep 1 done out of 1
reduced chi^2 level 2 = 0.0001718918647384271
Constrained alpha: 2.5728139877319336
Constrained beta: 4.0381035804748535
Constrained gamma: 16.888957977294922
(1, 6)
(1, 0)
Thanks for using LHAPDF 6.5.4. Please make sure to cite the paper:
  Eur.Phys.J. C75 (2015) 3, 132  (http://arxiv.org/abs/1412.7420)
