LHAPDF 6.5.4 loading /data/theorie/jjohn/miniconda3/envs/nnpdf_dev/share/LHAPDF/FASERv_EPOS+POWHEG_7TeV/FASERv_EPOS+POWHEG_7TeV_0000.dat
FASERv_EPOS+POWHEG_7TeV PDF set, member #0, version 1; LHAPDF ID = 70001000
LHAPDF 6.5.4 loading /data/theorie/jjohn/miniconda3/envs/nnpdf_dev/share/LHAPDF/FASERv_EPOS+POWHEG_7TeV/FASERv_EPOS+POWHEG_7TeV_0000.dat
FASERv_EPOS+POWHEG_7TeV PDF set, member #0, version 1; LHAPDF ID = 70001000
0.6233789636548515 3.1540333547634147 96.23879002411383
val isze = 0
idinces = [2 5 0 3 4 1]
training loss = 28.950775146484375 100
training loss = 1.6217422485351562 200
training loss = 1.550072431564331 300
training loss = 1.4713172912597656 400
training loss = 1.3861302137374878 500
training loss = 1.2965853214263916 600
training loss = 1.2004666328430176 700
training loss = 1.0860936641693115 800
training loss = 0.8894076347351074 900
training loss = 0.855544924736023 1000
training loss = 0.2801622748374939 1100
training loss = 0.029372310265898705 1200
training loss = 0.0697009339928627 1300
training loss = 0.012384247034788132 1400
training loss = 0.010809714905917645 1500
training loss = 0.011094413697719574 1600
training loss = 0.007931184954941273 1700
training loss = 0.0057728905230760574 1800
training loss = 0.011095695197582245 1900
training loss = 0.004376713186502457 2000
training loss = 0.0030642845667898655 2100
training loss = 0.010862966999411583 2200
training loss = 0.002076258882880211 2300
training loss = 0.00124102714471519 2400
training loss = 0.04202282056212425 2500
training loss = 0.0010628632735460997 2600
training loss = 0.0005209787050262094 2700
training loss = 0.00032231665682047606 2800
training loss = 0.00113856908865273 2900
training loss = 0.00039048161124810576 3000
rep 1 done out of 1
reduced chi^2 level 2 = 0.00036258873296901584
Constrained alpha: 1.8864014148712158
Constrained beta: 5.951467990875244
Constrained gamma: 70.37268829345703
(1, 6)
(1, 0)
Thanks for using LHAPDF 6.5.4. Please make sure to cite the paper:
  Eur.Phys.J. C75 (2015) 3, 132  (http://arxiv.org/abs/1412.7420)
