LHAPDF 6.5.4 loading /data/theorie/jjohn/miniconda3/envs/nnpdf_dev/share/LHAPDF/FASERv_EPOS+POWHEG_7TeV/FASERv_EPOS+POWHEG_7TeV_0000.dat
FASERv_EPOS+POWHEG_7TeV PDF set, member #0, version 1; LHAPDF ID = 70001000
LHAPDF 6.5.4 loading /data/theorie/jjohn/miniconda3/envs/nnpdf_dev/share/LHAPDF/FASERv_EPOS+POWHEG_7TeV/FASERv_EPOS+POWHEG_7TeV_0000.dat
FASERv_EPOS+POWHEG_7TeV PDF set, member #0, version 1; LHAPDF ID = 70001000
3.8035419836631705 0.7431839366344151 1.4441936960966517
val isze = 0
idinces = [2 5 0 3 4 1]
training loss = 45.32069396972656 100
training loss = 41.68122100830078 200
training loss = 38.21759796142578 300
training loss = 34.0155029296875 400
training loss = 26.531513214111328 500
training loss = 5.287915229797363 600
training loss = 2.2232353687286377 700
training loss = 0.4682820439338684 800
training loss = 0.1145598292350769 900
training loss = 0.2386053502559662 1000
training loss = 0.014920447021722794 1100
training loss = 0.0038325113710016012 1200
training loss = 0.001018195180222392 1300
training loss = 0.00024764781119301915 1400
training loss = 0.03233705461025238 1500
training loss = 6.188968836795539e-05 1600
training loss = 4.730837463284843e-05 1700
training loss = 0.006325650028884411 1800
training loss = 3.945075150113553e-05 1900
training loss = 3.887312050210312e-05 2000
rep 1 done out of 1
reduced chi^2 level 2 = 0.02481575310230255
Constrained alpha: 3.323486804962158
Constrained beta: -0.06110905110836029
Constrained gamma: 1.405908226966858
(1, 6)
(1, 0)
Thanks for using LHAPDF 6.5.4. Please make sure to cite the paper:
  Eur.Phys.J. C75 (2015) 3, 132  (http://arxiv.org/abs/1412.7420)
