LHAPDF 6.5.4 loading /data/theorie/jjohn/miniconda3/envs/nnpdf_dev/share/LHAPDF/FASERv_EPOS+POWHEG_7TeV/FASERv_EPOS+POWHEG_7TeV_0000.dat
FASERv_EPOS+POWHEG_7TeV PDF set, member #0, version 1; LHAPDF ID = 70001000
LHAPDF 6.5.4 loading /data/theorie/jjohn/miniconda3/envs/nnpdf_dev/share/LHAPDF/FASERv_EPOS+POWHEG_7TeV/FASERv_EPOS+POWHEG_7TeV_0000.dat
FASERv_EPOS+POWHEG_7TeV PDF set, member #0, version 1; LHAPDF ID = 70001000
1.4547641946486822 6.216704116030767 72.41268695384774
val isze = 0
idinces = [2 5 0 3 4 1]
training loss = 1.2878713607788086 100
training loss = 0.1589268445968628 200
training loss = 0.1531577706336975 300
training loss = 0.1470927894115448 400
training loss = 0.1405453085899353 500
training loss = 0.1337297558784485 600
training loss = 0.12682577967643738 700
training loss = 0.11998538672924042 800
training loss = 0.11333462595939636 900
training loss = 0.10697691142559052 1000
training loss = 0.10099129378795624 1100
training loss = 0.09543673694133759 1200
training loss = 0.09035401791334152 1300
training loss = 0.08576543629169464 1400
training loss = 0.08167825639247894 1500
training loss = 0.07808834314346313 1600
training loss = 0.07497658580541611 1700
training loss = 0.0723155215382576 1800
training loss = 0.07006901502609253 1900
training loss = 0.06819668412208557 2000
training loss = 0.0666794627904892 2100
training loss = 0.06916617602109909 2200
training loss = 0.06443385779857635 2300
training loss = 0.06489549577236176 2400
training loss = 0.06301633268594742 2500
training loss = 0.06251008808612823 2600
training loss = 0.06215140223503113 2700
training loss = 0.06183595582842827 2800
training loss = 0.06183939799666405 2900
training loss = 0.061448171734809875 3000
training loss = 0.06130371242761612 3100
training loss = 0.06260320544242859 3200
training loss = 0.06114254891872406 3300
training loss = 0.06107327342033386 3400
training loss = 0.10541746020317078 3500
training loss = 0.061019398272037506 3600
training loss = 0.06098087877035141 3700
training loss = 0.06095285713672638 3800
training loss = 0.06101837381720543 3900
training loss = 0.060944728553295135 4000
rep 1 done out of 1
reduced chi^2 level 2 = 0.0609440878033638
Constrained alpha: 2.0022037029266357
Constrained beta: 8.09286880493164
Constrained gamma: 43.49654006958008
(1, 6)
(1, 0)
Thanks for using LHAPDF 6.5.4. Please make sure to cite the paper:
  Eur.Phys.J. C75 (2015) 3, 132  (http://arxiv.org/abs/1412.7420)
