LHAPDF 6.5.4 loading /data/theorie/jjohn/miniconda3/envs/nnpdf_dev/share/LHAPDF/FASERv_EPOS+POWHEG_7TeV/FASERv_EPOS+POWHEG_7TeV_0000.dat
FASERv_EPOS+POWHEG_7TeV PDF set, member #0, version 1; LHAPDF ID = 70001000
LHAPDF 6.5.4 loading /data/theorie/jjohn/miniconda3/envs/nnpdf_dev/share/LHAPDF/FASERv_EPOS+POWHEG_7TeV/FASERv_EPOS+POWHEG_7TeV_0000.dat
FASERv_EPOS+POWHEG_7TeV PDF set, member #0, version 1; LHAPDF ID = 70001000
1.8169612988263006 4.806228358396869 32.61088222565238
val isze = 0
idinces = [2 5 0 3 4 1]
training loss = 0.9881595373153687 100
training loss = 0.6827417612075806 200
training loss = 0.6548511981964111 300
training loss = 0.6236063241958618 400
training loss = 0.590539813041687 500
training loss = 0.5568742156028748 600
training loss = 0.5235916376113892 700
training loss = 0.4914703369140625 800
training loss = 0.46109697222709656 900
training loss = 0.43288514018058777 1000
training loss = 0.4070778489112854 1100
training loss = 0.38373804092407227 1200
training loss = 0.3627654016017914 1300
training loss = 0.3445066809654236 1400
training loss = 0.3291100263595581 1500
training loss = 0.3179165720939636 1600
training loss = 0.3103224039077759 1700
training loss = 0.29124268889427185 1800
training loss = 0.28536972403526306 1900
training loss = 0.2771540880203247 2000
training loss = 0.27252185344696045 2100
training loss = 0.2705341577529907 2200
training loss = 0.26849615573883057 2300
training loss = 0.26728349924087524 2400
training loss = 0.26658886671066284 2500
training loss = 0.26578304171562195 2600
training loss = 0.2674407362937927 2700
training loss = 0.2651359736919403 2800
training loss = 0.2647252678871155 2900
training loss = 0.26601195335388184 3000
training loss = 0.2644674479961395 3100
training loss = 0.2934935986995697 3200
training loss = 0.26427945494651794 3300
training loss = 0.2640877962112427 3400
training loss = 0.26520299911499023 3500
training loss = 0.26408058404922485 3600
rep 1 done out of 1
reduced chi^2 level 2 = 0.2680411636829376
Constrained alpha: 2.0097365379333496
Constrained beta: 7.630335330963135
Constrained gamma: 23.211687088012695
(1, 6)
(1, 0)
Thanks for using LHAPDF 6.5.4. Please make sure to cite the paper:
  Eur.Phys.J. C75 (2015) 3, 132  (http://arxiv.org/abs/1412.7420)
