LHAPDF 6.5.4 loading /data/theorie/jjohn/miniconda3/envs/nnpdf_dev/share/LHAPDF/FASERv_EPOS+POWHEG_7TeV/FASERv_EPOS+POWHEG_7TeV_0000.dat
FASERv_EPOS+POWHEG_7TeV PDF set, member #0, version 1; LHAPDF ID = 70001000
LHAPDF 6.5.4 loading /data/theorie/jjohn/miniconda3/envs/nnpdf_dev/share/LHAPDF/FASERv_EPOS+POWHEG_7TeV/FASERv_EPOS+POWHEG_7TeV_0000.dat
FASERv_EPOS+POWHEG_7TeV PDF set, member #0, version 1; LHAPDF ID = 70001000
0.40962939972519263 10.741255507895662 44.978111201448634
val isze = 0
idinces = [2 5 0 3 4 1]
training loss = 14.7245512008667 100
training loss = 1.1592202186584473 200
training loss = 0.9612604975700378 300
training loss = 0.9596412181854248 400
training loss = 0.9578702449798584 500
training loss = 0.9559575319290161 600
training loss = 0.9540250301361084 700
training loss = 0.9519410133361816 800
training loss = 0.9496991038322449 900
training loss = 0.9482123851776123 1000
training loss = 0.9437543153762817 1100
training loss = 0.9395047426223755 1200
training loss = 0.9914723634719849 1300
training loss = 0.9168300628662109 1400
training loss = 0.8128558993339539 1500
training loss = 0.9427661895751953 1600
training loss = 0.9294223785400391 1700
rep 1 done out of 1
reduced chi^2 level 2 = 0.9234580397605896
Constrained alpha: 1.7184621095657349
Constrained beta: 11.096146583557129
Constrained gamma: 39.68134689331055
(1, 6)
(1, 0)
Thanks for using LHAPDF 6.5.4. Please make sure to cite the paper:
  Eur.Phys.J. C75 (2015) 3, 132  (http://arxiv.org/abs/1412.7420)
