LHAPDF 6.5.4 loading /data/theorie/jjohn/miniconda3/envs/nnpdf_dev/share/LHAPDF/FASERv_EPOS+POWHEG_7TeV/FASERv_EPOS+POWHEG_7TeV_0000.dat
FASERv_EPOS+POWHEG_7TeV PDF set, member #0, version 1; LHAPDF ID = 70001000
LHAPDF 6.5.4 loading /data/theorie/jjohn/miniconda3/envs/nnpdf_dev/share/LHAPDF/FASERv_EPOS+POWHEG_7TeV/FASERv_EPOS+POWHEG_7TeV_0000.dat
FASERv_EPOS+POWHEG_7TeV PDF set, member #0, version 1; LHAPDF ID = 70001000
2.3832586294551135 19.071806991575084 11.405470556389597
val isze = 0
idinces = [2 5 0 3 4 1]
training loss = 25.298542022705078 100
training loss = 5.869618892669678 200
training loss = 1.620854377746582 300
training loss = 1.409076452255249 400
training loss = 1.1766513586044312 500
training loss = 0.003648096229881048 600
training loss = 0.00029039394576102495 700
training loss = 5.112438520882279e-05 800
training loss = 6.051031959941611e-05 900
rep 1 done out of 1
reduced chi^2 level 2 = 0.004999199882149696
Constrained alpha: 1.7362349033355713
Constrained beta: 16.48873519897461
Constrained gamma: 11.500753402709961
(1, 6)
(1, 0)
Thanks for using LHAPDF 6.5.4. Please make sure to cite the paper:
  Eur.Phys.J. C75 (2015) 3, 132  (http://arxiv.org/abs/1412.7420)
