LHAPDF 6.5.4 loading /data/theorie/jjohn/miniconda3/envs/nnpdf_dev/share/LHAPDF/FASERv_EPOS+POWHEG_7TeV/FASERv_EPOS+POWHEG_7TeV_0000.dat
FASERv_EPOS+POWHEG_7TeV PDF set, member #0, version 1; LHAPDF ID = 70001000
LHAPDF 6.5.4 loading /data/theorie/jjohn/miniconda3/envs/nnpdf_dev/share/LHAPDF/FASERv_EPOS+POWHEG_7TeV/FASERv_EPOS+POWHEG_7TeV_0000.dat
FASERv_EPOS+POWHEG_7TeV PDF set, member #0, version 1; LHAPDF ID = 70001000
1.0366300751845925 8.796683271974352 86.87445047808127
val isze = 0
idinces = [2 5 0 3 4 1]
training loss = 4.041929244995117 100
training loss = 0.9417974352836609 200
training loss = 0.9118660688400269 300
training loss = 0.885796070098877 400
training loss = 0.8571792840957642 500
training loss = 0.8267139792442322 600
training loss = 0.7948994636535645 700
training loss = 0.7619542479515076 800
training loss = 0.7273691892623901 900
training loss = 0.6803113222122192 1000
training loss = 0.5779640674591064 1100
training loss = 0.3415182828903198 1200
training loss = 0.20999163389205933 1300
training loss = 0.3017744719982147 1400
training loss = 0.17599248886108398 1500
training loss = 0.16849911212921143 1600
training loss = 0.15817075967788696 1700
training loss = 0.14295846223831177 1800
training loss = 0.13346979022026062 1900
training loss = 0.11202540248632431 2000
training loss = 0.09996630996465683 2100
training loss = 0.07903550565242767 2200
training loss = 0.050691910088062286 2300
training loss = 0.16651365160942078 2400
training loss = 0.0007043364457786083 2500
training loss = 0.001304199337027967 2600
training loss = 0.00024098705034703016 2700
training loss = 0.03814160078763962 2800
training loss = 0.00022351599182002246 2900
training loss = 0.00017899791419040412 3000
training loss = 0.0002949625195469707 3100
training loss = 0.00016116413462441415 3200
training loss = 0.020643476396799088 3300
training loss = 0.00017893877520691603 3400
training loss = 0.0001361567119602114 3500
training loss = 0.0012003008741885424 3600
training loss = 0.00013669489999301732 3700
training loss = 0.0002763868833426386 3800
training loss = 0.00021795963402837515 3900
training loss = 0.00011173369421157986 4000
rep 1 done out of 1
reduced chi^2 level 2 = 0.00011156516848132014
Constrained alpha: 1.439268946647644
Constrained beta: 10.077630043029785
Constrained gamma: 57.42317199707031
(1, 6)
(1, 0)
Thanks for using LHAPDF 6.5.4. Please make sure to cite the paper:
  Eur.Phys.J. C75 (2015) 3, 132  (http://arxiv.org/abs/1412.7420)
