LHAPDF 6.5.4 loading /data/theorie/jjohn/miniconda3/envs/nnpdf_dev/share/LHAPDF/FASERv_EPOS+POWHEG_7TeV/FASERv_EPOS+POWHEG_7TeV_0000.dat
FASERv_EPOS+POWHEG_7TeV PDF set, member #0, version 1; LHAPDF ID = 70001000
LHAPDF 6.5.4 loading /data/theorie/jjohn/miniconda3/envs/nnpdf_dev/share/LHAPDF/FASERv_EPOS+POWHEG_7TeV/FASERv_EPOS+POWHEG_7TeV_0000.dat
FASERv_EPOS+POWHEG_7TeV PDF set, member #0, version 1; LHAPDF ID = 70001000
0.06475948880407367 3.2057955668385785 96.07705960424778
val isze = 0
idinces = [2 5 0 3 4 1]
training loss = 65.59223937988281 100
training loss = 5.174696922302246 200
training loss = 1.6479161977767944 300
training loss = 0.575453519821167 400
training loss = 0.4874863624572754 500
training loss = 0.44113728404045105 600
training loss = 0.4133327901363373 700
training loss = 0.3595265746116638 800
training loss = 0.3370475172996521 900
training loss = 0.28128868341445923 1000
training loss = 0.0401078537106514 1100
training loss = 0.0025555368047207594 1200
training loss = 0.0005511843482963741 1300
training loss = 0.07462998479604721 1400
training loss = 9.303836850449443e-05 1500
training loss = 0.043637361377477646 1600
training loss = 6.114780262578279e-05 1700
training loss = 0.12183674424886703 1800
training loss = 6.706926797050983e-05 1900
training loss = 0.23971860110759735 2000
training loss = 9.665082325227559e-05 2100
training loss = 0.00019033327407669276 2200
training loss = 0.00024229389964602888 2300
training loss = 1.9110942957922816e-05 2400
training loss = 0.0014169997302815318 2500
training loss = 1.871035055955872e-05 2600
training loss = 0.059078555554151535 2700
training loss = 2.4259925339720212e-05 2800
training loss = 0.008768104016780853 2900
training loss = 0.00012447019980754703 3000
training loss = 1.5878626072662883e-05 3100
training loss = 0.0007124130497686565 3200
training loss = 1.5258253370120656e-05 3300
training loss = 0.013350891880691051 3400
rep 1 done out of 1
reduced chi^2 level 2 = 1.6607667930657044e-05
Constrained alpha: 1.7981767654418945
Constrained beta: 4.91229772567749
Constrained gamma: 68.19252014160156
(1, 6)
(1, 0)
Thanks for using LHAPDF 6.5.4. Please make sure to cite the paper:
  Eur.Phys.J. C75 (2015) 3, 132  (http://arxiv.org/abs/1412.7420)
