LHAPDF 6.5.4 loading /data/theorie/jjohn/miniconda3/envs/nnpdf_dev/share/LHAPDF/FASERv_EPOS+POWHEG_7TeV/FASERv_EPOS+POWHEG_7TeV_0000.dat
FASERv_EPOS+POWHEG_7TeV PDF set, member #0, version 1; LHAPDF ID = 70001000
LHAPDF 6.5.4 loading /data/theorie/jjohn/miniconda3/envs/nnpdf_dev/share/LHAPDF/FASERv_EPOS+POWHEG_7TeV/FASERv_EPOS+POWHEG_7TeV_0000.dat
FASERv_EPOS+POWHEG_7TeV PDF set, member #0, version 1; LHAPDF ID = 70001000
0.7134872397184339 11.91880565730591 78.96167902557649
val isze = 0
idinces = [2 5 0 3 4 1]
training loss = 8.308692932128906 100
training loss = 3.3958537578582764 200
training loss = 3.0999860763549805 300
training loss = 2.9698257446289062 400
training loss = 2.8291165828704834 500
training loss = 2.6810688972473145 600
training loss = 2.5291595458984375 700
training loss = 2.3764965534210205 800
training loss = 2.2257680892944336 900
training loss = 2.079052448272705 1000
training loss = 1.9466581344604492 1100
training loss = 1.8130080699920654 1200
training loss = 1.8186625242233276 1300
training loss = 1.5422568321228027 1400
training loss = 1.3365135192871094 1500
training loss = 1.0647691488265991 1600
training loss = 0.30038005113601685 1700
training loss = 0.08813309669494629 1800
training loss = 0.07782189548015594 1900
training loss = 0.07316692173480988 2000
training loss = 0.07044199109077454 2100
training loss = 0.06834420561790466 2200
training loss = 0.06653068214654922 2300
training loss = 0.06491849571466446 2400
training loss = 0.06549239158630371 2500
training loss = 0.06303778290748596 2600
training loss = 0.19863896071910858 2700
training loss = 0.06153874844312668 2800
training loss = 0.06043653190135956 2900
training loss = 0.060931496322155 3000
training loss = 0.05946514010429382 3100
training loss = 0.058549027889966965 3200
training loss = 0.058840781450271606 3300
training loss = 0.05760706961154938 3400
training loss = 0.43584713339805603 3500
training loss = 0.05679931491613388 3600
training loss = 0.056031715124845505 3700
training loss = 0.07421471923589706 3800
training loss = 0.05535336583852768 3900
training loss = 0.054636549204587936 4000
rep 1 done out of 1
reduced chi^2 level 2 = 0.05462946742773056
Constrained alpha: 2.15855073928833
Constrained beta: 8.236353874206543
Constrained gamma: 51.21501159667969
(1, 6)
(1, 0)
Thanks for using LHAPDF 6.5.4. Please make sure to cite the paper:
  Eur.Phys.J. C75 (2015) 3, 132  (http://arxiv.org/abs/1412.7420)
