LHAPDF 6.5.4 loading /data/theorie/jjohn/miniconda3/envs/nnpdf_dev/share/LHAPDF/FASERv_EPOS+POWHEG_7TeV/FASERv_EPOS+POWHEG_7TeV_0000.dat
FASERv_EPOS+POWHEG_7TeV PDF set, member #0, version 1; LHAPDF ID = 70001000
LHAPDF 6.5.4 loading /data/theorie/jjohn/miniconda3/envs/nnpdf_dev/share/LHAPDF/FASERv_EPOS+POWHEG_7TeV/FASERv_EPOS+POWHEG_7TeV_0000.dat
FASERv_EPOS+POWHEG_7TeV PDF set, member #0, version 1; LHAPDF ID = 70001000
0.6255008234425591 4.066981723402785 45.46056566366155
val isze = 0
idinces = [2 5 0 3 4 1]
training loss = 29.16243553161621 100
training loss = 1.4911925792694092 200
training loss = 1.4575579166412354 300
training loss = 1.4321006536483765 400
training loss = 1.4035314321517944 500
training loss = 1.3708852529525757 600
training loss = 1.3208471536636353 700
training loss = 1.1789395809173584 800
training loss = 1.4638813734054565 900
training loss = 0.6445159912109375 1000
training loss = 0.5053833723068237 1100
training loss = 0.4720240533351898 1200
training loss = 0.4282485842704773 1300
training loss = 0.3901227116584778 1400
training loss = 0.3191628158092499 1500
training loss = 0.19106873869895935 1600
training loss = 0.10162200033664703 1700
training loss = 0.019632097333669662 1800
training loss = 0.004377457313239574 1900
training loss = 0.00022783665917813778 2000
training loss = 8.486513252137229e-05 2100
training loss = 0.00011835144687211141 2200
training loss = 0.019018836319446564 2300
rep 1 done out of 1
reduced chi^2 level 2 = 0.035844117403030396
Constrained alpha: 2.0816726684570312
Constrained beta: 5.795446395874023
Constrained gamma: 36.48984909057617
(1, 6)
(1, 0)
Thanks for using LHAPDF 6.5.4. Please make sure to cite the paper:
  Eur.Phys.J. C75 (2015) 3, 132  (http://arxiv.org/abs/1412.7420)
