LHAPDF 6.5.4 loading /data/theorie/jjohn/miniconda3/envs/nnpdf_dev/share/LHAPDF/FASERv_EPOS+POWHEG_7TeV/FASERv_EPOS+POWHEG_7TeV_0000.dat
FASERv_EPOS+POWHEG_7TeV PDF set, member #0, version 1; LHAPDF ID = 70001000
LHAPDF 6.5.4 loading /data/theorie/jjohn/miniconda3/envs/nnpdf_dev/share/LHAPDF/FASERv_EPOS+POWHEG_7TeV/FASERv_EPOS+POWHEG_7TeV_0000.dat
FASERv_EPOS+POWHEG_7TeV PDF set, member #0, version 1; LHAPDF ID = 70001000
1.4083204345922484 7.940046622208962 61.033912089682595
val isze = 0
idinces = [2 5 0 3 4 1]
training loss = 1.5227020978927612 100
training loss = 0.28653866052627563 200
training loss = 0.2719794511795044 300
training loss = 0.257921427488327 400
training loss = 0.24274758994579315 500
training loss = 0.2269500494003296 600
training loss = 0.21093818545341492 700
training loss = 0.19505766034126282 800
training loss = 0.17959275841712952 900
training loss = 0.16477423906326294 1000
training loss = 0.15078094601631165 1100
training loss = 0.137747660279274 1200
training loss = 0.12576285004615784 1300
training loss = 0.11488056182861328 1400
training loss = 0.10511930286884308 1500
training loss = 0.09647120535373688 1600
training loss = 0.08890297263860703 1700
training loss = 0.08235874027013779 1800
training loss = 0.07723516970872879 1900
training loss = 0.07210195064544678 2000
training loss = 0.0682470053434372 2100
training loss = 0.0649610310792923 2200
training loss = 0.06248524785041809 2300
training loss = 0.06019294261932373 2400
training loss = 0.06373591721057892 2500
training loss = 0.057147275656461716 2600
training loss = 0.05605647712945938 2700
training loss = 0.057477906346321106 2800
training loss = 0.054586440324783325 2900
training loss = 0.05406573414802551 3000
training loss = 0.053894080221652985 3100
training loss = 0.05341006815433502 3200
training loss = 0.053165536373853683 3300
training loss = 0.053096331655979156 3400
training loss = 0.052888061851263046 3500
training loss = 0.05276917666196823 3600
training loss = 0.0572546124458313 3700
training loss = 0.052667729556560516 3800
training loss = 0.05260344594717026 3900
training loss = 0.0670332983136177 4000
rep 1 done out of 1
reduced chi^2 level 2 = 0.05568116158246994
Constrained alpha: 1.8055858612060547
Constrained beta: 10.576126098632812
Constrained gamma: 37.19820785522461
(1, 6)
(1, 0)
Thanks for using LHAPDF 6.5.4. Please make sure to cite the paper:
  Eur.Phys.J. C75 (2015) 3, 132  (http://arxiv.org/abs/1412.7420)
