LHAPDF 6.5.4 loading /data/theorie/jjohn/miniconda3/envs/nnpdf_dev/share/LHAPDF/FASERv_EPOS+POWHEG_7TeV/FASERv_EPOS+POWHEG_7TeV_0000.dat
FASERv_EPOS+POWHEG_7TeV PDF set, member #0, version 1; LHAPDF ID = 70001000
LHAPDF 6.5.4 loading /data/theorie/jjohn/miniconda3/envs/nnpdf_dev/share/LHAPDF/FASERv_EPOS+POWHEG_7TeV/FASERv_EPOS+POWHEG_7TeV_0000.dat
FASERv_EPOS+POWHEG_7TeV PDF set, member #0, version 1; LHAPDF ID = 70001000
0.8945682116346831 3.9326364272069103 49.869482168343616
val isze = 0
idinces = [2 5 0 3 4 1]
training loss = 16.228439331054688 100
training loss = 1.1704018115997314 200
training loss = 1.1391217708587646 300
training loss = 1.105193018913269 400
training loss = 1.0682063102722168 500
training loss = 1.0292608737945557 600
training loss = 0.9892836809158325 700
training loss = 0.9490699768066406 800
training loss = 0.9092961549758911 900
training loss = 0.8705300688743591 1000
training loss = 0.8332566618919373 1100
training loss = 0.7981553077697754 1200
training loss = 0.7652198672294617 1300
training loss = 0.7349890470504761 1400
training loss = 0.7075774669647217 1500
training loss = 0.6824434995651245 1600
training loss = 0.6606196165084839 1700
training loss = 0.6406018137931824 1800
training loss = 0.6233341693878174 1900
training loss = 0.6086708307266235 2000
training loss = 0.5959007740020752 2100
training loss = 0.5882646441459656 2200
training loss = 0.5763015151023865 2300
training loss = 0.5688328146934509 2400
training loss = 0.5629056692123413 2500
training loss = 0.5579530000686646 2600
training loss = 0.5539882183074951 2700
training loss = 0.5510186553001404 2800
training loss = 0.5485444068908691 2900
training loss = 0.5466189980506897 3000
training loss = 0.5454216003417969 3100
training loss = 0.5441035032272339 3200
training loss = 0.5432332158088684 3300
training loss = 0.7837094664573669 3400
training loss = 0.5421892404556274 3500
training loss = 0.5418035984039307 3600
training loss = 0.5415157079696655 3700
training loss = 0.7103556394577026 3800
training loss = 0.5412087440490723 3900
training loss = 0.5410739183425903 4000
rep 1 done out of 1
reduced chi^2 level 2 = 0.5410720109939575
Constrained alpha: 1.9106262922286987
Constrained beta: 8.095161437988281
Constrained gamma: 28.428909301757812
(1, 6)
(1, 0)
Thanks for using LHAPDF 6.5.4. Please make sure to cite the paper:
  Eur.Phys.J. C75 (2015) 3, 132  (http://arxiv.org/abs/1412.7420)
