LHAPDF 6.5.4 loading /data/theorie/jjohn/miniconda3/envs/nnpdf_dev/share/LHAPDF/FASERv_EPOS+POWHEG_7TeV/FASERv_EPOS+POWHEG_7TeV_0000.dat
FASERv_EPOS+POWHEG_7TeV PDF set, member #0, version 1; LHAPDF ID = 70001000
LHAPDF 6.5.4 loading /data/theorie/jjohn/miniconda3/envs/nnpdf_dev/share/LHAPDF/FASERv_EPOS+POWHEG_7TeV/FASERv_EPOS+POWHEG_7TeV_0000.dat
FASERv_EPOS+POWHEG_7TeV PDF set, member #0, version 1; LHAPDF ID = 70001000
0.6416974134385894 14.043631447416107 5.45587687334611
val isze = 0
idinces = [2 5 0 3 4 1]
training loss = 6.866696834564209 100
training loss = 3.802018880844116 200
training loss = 3.314319372177124 300
training loss = 3.1356570720672607 400
training loss = 2.9538276195526123 500
training loss = 2.762136459350586 600
training loss = 2.5640811920166016 700
training loss = 2.3629939556121826 800
training loss = 2.1581575870513916 900
training loss = 1.9575790166854858 1000
training loss = 1.739537000656128 1100
training loss = 1.518682837486267 1200
training loss = 1.2946515083312988 1300
training loss = 1.1613037586212158 1400
training loss = 0.40341052412986755 1500
training loss = 0.03187550604343414 1600
training loss = 0.012235808186233044 1700
training loss = 0.00885540246963501 1800
training loss = 0.007916374132037163 1900
training loss = 0.006546227261424065 2000
training loss = 0.020543217658996582 2100
training loss = 0.0051592872478067875 2200
training loss = 0.0043587880209088326 2300
training loss = 0.003661631140857935 2400
training loss = 0.00748381856828928 2500
training loss = 0.0029229929205030203 2600
training loss = 0.002429527696222067 2700
training loss = 0.010981259867548943 2800
training loss = 0.00201412383466959 2900
training loss = 0.0016633986961096525 3000
training loss = 0.0021843011491000652 3100
training loss = 0.0014888047007843852 3200
training loss = 0.0012216279283165932 3300
training loss = 0.006891909055411816 3400
training loss = 0.0011719834292307496 3500
training loss = 0.0009471061057411134 3600
training loss = 0.003008859930559993 3700
training loss = 0.0008888840093277395 3800
training loss = 0.08822384476661682 3900
training loss = 0.0009281508391723037 4000
rep 1 done out of 1
reduced chi^2 level 2 = 0.0009282866958528757
Constrained alpha: 2.050665855407715
Constrained beta: 9.570642471313477
Constrained gamma: 5.4391961097717285
(1, 6)
(1, 0)
Thanks for using LHAPDF 6.5.4. Please make sure to cite the paper:
  Eur.Phys.J. C75 (2015) 3, 132  (http://arxiv.org/abs/1412.7420)
