LHAPDF 6.5.4 loading /data/theorie/jjohn/miniconda3/envs/nnpdf_dev/share/LHAPDF/FASERv_EPOS+POWHEG_7TeV/FASERv_EPOS+POWHEG_7TeV_0000.dat
FASERv_EPOS+POWHEG_7TeV PDF set, member #0, version 1; LHAPDF ID = 70001000
LHAPDF 6.5.4 loading /data/theorie/jjohn/miniconda3/envs/nnpdf_dev/share/LHAPDF/FASERv_EPOS+POWHEG_7TeV/FASERv_EPOS+POWHEG_7TeV_0000.dat
FASERv_EPOS+POWHEG_7TeV PDF set, member #0, version 1; LHAPDF ID = 70001000
3.0422697778098104 17.49588874959288 21.791675106058285
val isze = 0
idinces = [2 5 0 3 4 1]
training loss = 56.72425079345703 100
training loss = 46.6248893737793 200
training loss = 20.05371856689453 300
training loss = 0.39965564012527466 400
training loss = 0.2121780812740326 500
training loss = 0.19031384587287903 600
training loss = 0.17485305666923523 700
training loss = 0.16293060779571533 800
training loss = 0.1530153602361679 900
training loss = 0.1415116786956787 1000
training loss = 0.11484738439321518 1100
training loss = 0.060863785445690155 1200
training loss = 0.029407691210508347 1300
training loss = 0.007192357908934355 1400
training loss = 0.0010171466274186969 1500
training loss = 0.02365495264530182 1600
training loss = 9.282791143050417e-05 1700
training loss = 0.0014801216311752796 1800
training loss = 7.539882062701508e-05 1900
training loss = 0.007277167402207851 2000
training loss = 8.094382064882666e-05 2100
training loss = 0.0002175974368583411 2200
training loss = 0.0001416359154973179 2300
training loss = 4.656673991121352e-05 2400
training loss = 0.00827677920460701 2500
training loss = 4.8186484491452575e-05 2600
training loss = 0.001559246564283967 2700
training loss = 8.426577551290393e-05 2800
training loss = 3.737262886716053e-05 2900
training loss = 0.00018391897901892662 3000
training loss = 3.322855263832025e-05 3100
training loss = 0.004287700168788433 3200
training loss = 2.8887447115266696e-05 3300
training loss = 2.9891967642470263e-05 3400
rep 1 done out of 1
reduced chi^2 level 2 = 0.0013299898710101843
Constrained alpha: 2.139775276184082
Constrained beta: 13.482633590698242
Constrained gamma: 19.296409606933594
(1, 6)
(1, 0)
Thanks for using LHAPDF 6.5.4. Please make sure to cite the paper:
  Eur.Phys.J. C75 (2015) 3, 132  (http://arxiv.org/abs/1412.7420)
