LHAPDF 6.5.4 loading /data/theorie/jjohn/miniconda3/envs/nnpdf_dev/share/LHAPDF/FASERv_EPOS+POWHEG_7TeV/FASERv_EPOS+POWHEG_7TeV_0000.dat
FASERv_EPOS+POWHEG_7TeV PDF set, member #0, version 1; LHAPDF ID = 70001000
LHAPDF 6.5.4 loading /data/theorie/jjohn/miniconda3/envs/nnpdf_dev/share/LHAPDF/FASERv_EPOS+POWHEG_7TeV/FASERv_EPOS+POWHEG_7TeV_0000.dat
FASERv_EPOS+POWHEG_7TeV PDF set, member #0, version 1; LHAPDF ID = 70001000
2.623343171965909 17.046179349435235 5.951823218921337
val isze = 0
idinces = [2 5 0 3 4 1]
training loss = 22.345449447631836 100
training loss = 0.7678557634353638 200
training loss = 0.6460212469100952 300
training loss = 0.4179325997829437 400
training loss = 0.247410386800766 500
training loss = 0.19717441499233246 600
training loss = 0.16618457436561584 700
training loss = 0.17964337766170502 800
training loss = 0.09757625311613083 900
training loss = 0.02759855054318905 1000
training loss = 0.004907696042209864 1100
training loss = 0.0018531301757320762 1200
training loss = 0.005350311286747456 1300
training loss = 0.009974433109164238 1400
training loss = 0.12012588977813721 1500
rep 1 done out of 1
reduced chi^2 level 2 = 0.000916087708901614
Constrained alpha: 2.0746243000030518
Constrained beta: 15.302189826965332
Constrained gamma: 6.094987392425537
(1, 6)
(1, 0)
Thanks for using LHAPDF 6.5.4. Please make sure to cite the paper:
  Eur.Phys.J. C75 (2015) 3, 132  (http://arxiv.org/abs/1412.7420)
