data before
[0.00000000e+00 0.00000000e+00 0.00000000e+00 0.00000000e+00
 0.00000000e+00 0.00000000e+00 0.00000000e+00 0.00000000e+00
 0.00000000e+00 0.00000000e+00 0.00000000e+00 0.00000000e+00
 0.00000000e+00 0.00000000e+00 0.00000000e+00 0.00000000e+00
 0.00000000e+00 0.00000000e+00 0.00000000e+00 0.00000000e+00
 1.84176728e+01 2.18499386e+01 2.53173195e+01 2.91548563e+01
 3.33574413e+01 3.70034536e+01 4.06619458e+01 4.37814481e+01
 4.59820862e+01 4.73011766e+01 4.68162564e+01 4.39996560e+01
 3.81621197e+01 2.92377547e+01 1.88342737e+01 9.14647027e+00
 3.30404540e+00 7.28423529e-01 1.18858551e-03 0.00000000e+00
 0.00000000e+00]
5
data after
[40.26761131885887, 25.31731947627604, 29.15485628897786, 33.35744134149492, 37.003453550398355, 40.66194582975268, 43.781448062188325, 45.98208621004462, 47.30117657683849, 46.816256432634596, 43.99965598469377, 38.16211969864145, 29.2377546518296, 32.014401494928755]
5
data,sig_tot
[40.26761132 25.31731948 29.15485629 33.35744134 37.00345355 40.66194583
 43.78144806 45.98208621 47.30117658 46.81625643 43.99965598 38.1621197
 29.23775465 32.01440149 22.04780275 25.09218693 21.18650171 21.05538735
 22.1172931 ]
[40.26761132 25.31731948 29.15485629 33.35744134 37.00345355 40.66194583
 43.78144806 45.98208621 47.30117658 46.81625643 43.99965598 38.1621197
 29.23775465 32.01440149 22.04780275 25.09218693 21.18650171 21.05538735
 22.1172931 ]
<<<<<<< HEAD
3.8795971097814337 1.297844274562694 2.152639491183994
val isze = 0
idinces = [ 3  7 17  5  6  2 10 13  8 14 16 18 12 11  1  0 15  4  9]
training loss = 1.5183310508728027 500
training loss = 1.3628730773925781 1000
training loss = 1.3468329906463623 1500
training loss = 1.3382285833358765 2000
training loss = 1.3307832479476929 2500
training loss = 1.3271273374557495 3000
training loss = 1.31803560256958 3500
training loss = 1.3111821413040161 4000
training loss = 1.386891484260559 4500
training loss = 1.2596571445465088 5000
reduced chi^2 level 2 = 1.2595247030258179
Constrained alpha: 2.517545700073242
Constrained beta: -0.00012026706826873124
Constrained gamma: 3.0543301105499268
=======
pred
[tensor([36.5073, 18.3377, 25.4296, 44.1756, 44.6180, 37.1921, 44.9046, 49.2563,
        60.8861, 47.4009, 51.5589, 47.6472, 23.5669, 35.0938, 11.5638, 38.1576,
        25.4554, 21.0597, 19.9720])]
4.149562995500247 14.940663322509181 34.88413394463101
val isze = 0
idinces = [13  6  0 14  5  3 10  7 15 16 11  1  4 18  2 12  8 17  9]
training loss = 31.11042594909668 500
training loss = 30.99547004699707 1000
training loss = 30.84103012084961 1500
training loss = 30.59130859375 2000
training loss = 30.018272399902344 2500
training loss = 26.922338485717773 3000
training loss = 16.014684677124023 3500
training loss = 10.336573600769043 4000
training loss = 4.029636383056641 4500
training loss = 3.0802595615386963 5000
>>>>>>> bf5bffb69ec4a318117f0a4aa6bdaab926d87e87
(1, 19)
(1, 0)
data before
[0.00000000e+00 0.00000000e+00 0.00000000e+00 0.00000000e+00
 0.00000000e+00 0.00000000e+00 0.00000000e+00 0.00000000e+00
 0.00000000e+00 0.00000000e+00 0.00000000e+00 0.00000000e+00
 0.00000000e+00 0.00000000e+00 0.00000000e+00 0.00000000e+00
 0.00000000e+00 0.00000000e+00 0.00000000e+00 0.00000000e+00
 1.84176728e+01 2.18499386e+01 2.53173195e+01 2.91548563e+01
 3.33574413e+01 3.70034536e+01 4.06619458e+01 4.37814481e+01
 4.59820862e+01 4.73011766e+01 4.68162564e+01 4.39996560e+01
 3.81621197e+01 2.92377547e+01 1.88342737e+01 9.14647027e+00
 3.30404540e+00 7.28423529e-01 1.18858551e-03 0.00000000e+00
 0.00000000e+00]
5
data after
[40.26761131885887, 25.31731947627604, 29.15485628897786, 33.35744134149492, 37.003453550398355, 40.66194582975268, 43.781448062188325, 45.98208621004462, 47.30117657683849, 46.816256432634596, 43.99965598469377, 38.16211969864145, 29.2377546518296, 32.014401494928755]
5
data,sig_tot
[40.26761132 25.31731948 29.15485629 33.35744134 37.00345355 40.66194583
 43.78144806 45.98208621 47.30117658 46.81625643 43.99965598 38.1621197
 29.23775465 32.01440149 22.04780275 25.09218693 21.18650171 21.05538735
 22.1172931 ]
[40.26761132 25.31731948 29.15485629 33.35744134 37.00345355 40.66194583
 43.78144806 45.98208621 47.30117658 46.81625643 43.99965598 38.1621197
 29.23775465 32.01440149 22.04780275 25.09218693 21.18650171 21.05538735
 22.1172931 ]
<<<<<<< HEAD
4.721303561194006 19.752509498037444 45.63045470947841
val isze = 0
idinces = [ 3  7 17  5  6  2 10 13  8 14 16 18 12 11  1  0 15  4  9]
training loss = 33.29169464111328 500
training loss = 31.88084602355957 1000
training loss = 30.445556640625 1500
training loss = 29.759952545166016 2000
training loss = 29.5904541015625 2500
training loss = 29.536537170410156 3000
training loss = 29.49542808532715 3500
training loss = 29.447002410888672 4000
training loss = 29.385921478271484 4500
training loss = 29.307212829589844 5000
=======
pred
[tensor([38.1389, 20.0613, 32.2119, 45.8268, 40.7369, 30.0252, 34.4594, 47.6023,
        64.3212, 39.6903, 44.4915, 60.2405, 27.7633, 30.0175,  9.8697, 31.8031,
        22.8759, 21.5224, 17.2470])]
1.5295909413681863 3.752038470110921 84.81576131416031
val isze = 0
idinces = [12  1  3 16  0 14  5 10 13 18  7  4 11 15 17  6  8  2  9]
>>>>>>> bf5bffb69ec4a318117f0a4aa6bdaab926d87e87
(1, 19)
(1, 0)
data before
[0.00000000e+00 0.00000000e+00 0.00000000e+00 0.00000000e+00
 0.00000000e+00 0.00000000e+00 0.00000000e+00 0.00000000e+00
 0.00000000e+00 0.00000000e+00 0.00000000e+00 0.00000000e+00
 0.00000000e+00 0.00000000e+00 0.00000000e+00 0.00000000e+00
 0.00000000e+00 0.00000000e+00 0.00000000e+00 0.00000000e+00
 1.84176728e+01 2.18499386e+01 2.53173195e+01 2.91548563e+01
 3.33574413e+01 3.70034536e+01 4.06619458e+01 4.37814481e+01
 4.59820862e+01 4.73011766e+01 4.68162564e+01 4.39996560e+01
 3.81621197e+01 2.92377547e+01 1.88342737e+01 9.14647027e+00
 3.30404540e+00 7.28423529e-01 1.18858551e-03 0.00000000e+00
 0.00000000e+00]
5
data after
[40.26761131885887, 25.31731947627604, 29.15485628897786, 33.35744134149492, 37.003453550398355, 40.66194582975268, 43.781448062188325, 45.98208621004462, 47.30117657683849, 46.816256432634596, 43.99965598469377, 38.16211969864145, 29.2377546518296, 32.014401494928755]
5
data,sig_tot
[40.26761132 25.31731948 29.15485629 33.35744134 37.00345355 40.66194583
 43.78144806 45.98208621 47.30117658 46.81625643 43.99965598 38.1621197
 29.23775465 32.01440149 22.04780275 25.09218693 21.18650171 21.05538735
 22.1172931 ]
[40.26761132 25.31731948 29.15485629 33.35744134 37.00345355 40.66194583
 43.78144806 45.98208621 47.30117658 46.81625643 43.99965598 38.1621197
 29.23775465 32.01440149 22.04780275 25.09218693 21.18650171 21.05538735
 22.1172931 ]
<<<<<<< HEAD
4.721303561194006 19.752509498037444 45.63045470947841
val isze = 0
idinces = [ 3  7 17  5  6  2 10 13  8 14 16 18 12 11  1  0 15  4  9]
training loss = 30.057884216308594 500
training loss = 29.924489974975586 1000
training loss = 29.802030563354492 1500
training loss = 29.670063018798828 2000
training loss = 29.550392150878906 2500
training loss = 29.457561492919922 3000
training loss = 29.382484436035156 3500
training loss = 29.303218841552734 4000
training loss = 29.199195861816406 4500
training loss = 29.044818878173828 5000
=======
pred
[tensor([43.9871, 23.3102, 28.0834, 33.4223, 32.7430, 42.4412, 42.7692, 50.7001,
        56.3577, 51.4071, 43.4583, 47.4033, 26.2107, 17.1239, 18.3803, 25.7452,
        27.7087, 23.8613, 12.4483])]
4.2245472045318255 12.107450916053502 0.5653961502265825
val isze = 0
idinces = [10  5  9  8 15  7 13 16  0 17 18  1 14  4 11  3 12  6  2]
training loss = 0.8732103109359741 500
reduced chi^2 level 2 = 0.8878666758537292
Constrained alpha: 1.622206449508667
Constrained beta: 4.700022220611572
Constrained gamma: 2.543748617172241
>>>>>>> bf5bffb69ec4a318117f0a4aa6bdaab926d87e87
(1, 19)
(1, 0)
data before
[0.00000000e+00 0.00000000e+00 0.00000000e+00 0.00000000e+00
 0.00000000e+00 0.00000000e+00 0.00000000e+00 0.00000000e+00
 0.00000000e+00 0.00000000e+00 0.00000000e+00 0.00000000e+00
 0.00000000e+00 0.00000000e+00 0.00000000e+00 0.00000000e+00
 0.00000000e+00 0.00000000e+00 0.00000000e+00 0.00000000e+00
 1.84176728e+01 2.18499386e+01 2.53173195e+01 2.91548563e+01
 3.33574413e+01 3.70034536e+01 4.06619458e+01 4.37814481e+01
 4.59820862e+01 4.73011766e+01 4.68162564e+01 4.39996560e+01
 3.81621197e+01 2.92377547e+01 1.88342737e+01 9.14647027e+00
 3.30404540e+00 7.28423529e-01 1.18858551e-03 0.00000000e+00
 0.00000000e+00]
5
data after
[40.26761131885887, 25.31731947627604, 29.15485628897786, 33.35744134149492, 37.003453550398355, 40.66194582975268, 43.781448062188325, 45.98208621004462, 47.30117657683849, 46.816256432634596, 43.99965598469377, 38.16211969864145, 29.2377546518296, 32.014401494928755]
5
data,sig_tot
[40.26761132 25.31731948 29.15485629 33.35744134 37.00345355 40.66194583
 43.78144806 45.98208621 47.30117658 46.81625643 43.99965598 38.1621197
 29.23775465 32.01440149 22.04780275 25.09218693 21.18650171 21.05538735
 22.1172931 ]
[40.26761132 25.31731948 29.15485629 33.35744134 37.00345355 40.66194583
 43.78144806 45.98208621 47.30117658 46.81625643 43.99965598 38.1621197
 29.23775465 32.01440149 22.04780275 25.09218693 21.18650171 21.05538735
 22.1172931 ]
<<<<<<< HEAD
4.721303561194006 19.752509498037444 45.63045470947841
val isze = 0
idinces = [ 3  7 17  5  6  2 10 13  8 14 16 18 12 11  1  0 15  4  9]
training loss = 30.530357360839844 500
training loss = 29.946908950805664 1000
training loss = 29.713510513305664 1500
training loss = 29.620338439941406 2000
training loss = 29.568180084228516 2500
training loss = 29.519807815551758 3000
training loss = 29.463430404663086 3500
training loss = 29.39399528503418 4000
training loss = 29.3049259185791 4500
training loss = 29.182283401489258 5000
=======
pred
[tensor([42.4658, 25.6934, 25.8118, 38.5175, 42.0042, 32.8332, 39.0669, 61.0708,
        47.3821, 35.5407, 49.5368, 48.2799, 14.5274, 25.0155, 15.5633, 16.8319,
        27.3565, 11.7186, 20.0862])]
3.6557370477599878 4.681297119902991 44.19900015627833
val isze = 0
idinces = [ 8  1  9 17  2  0  4 14  5  3  7  6 18 16 13 11 12 15 10]
training loss = 12.972233772277832 500
training loss = 6.244813919067383 1000
training loss = 1.678293228149414 1500
training loss = 1.5778272151947021 2000
training loss = 1.5277838706970215 2500
training loss = 1.503334879875183 3000
training loss = 1.4912806749343872 3500
training loss = 1.48536217212677 4000
training loss = 1.483057975769043 4500
training loss = 1.4835467338562012 5000
reduced chi^2 level 2 = 1.4835495948791504
Constrained alpha: 3.0355143547058105
Constrained beta: 2.7093346118927
Constrained gamma: 16.184288024902344
>>>>>>> bf5bffb69ec4a318117f0a4aa6bdaab926d87e87
(1, 19)
(1, 0)
data before
[0.00000000e+00 0.00000000e+00 0.00000000e+00 0.00000000e+00
 0.00000000e+00 0.00000000e+00 0.00000000e+00 0.00000000e+00
 0.00000000e+00 0.00000000e+00 0.00000000e+00 0.00000000e+00
 0.00000000e+00 0.00000000e+00 0.00000000e+00 0.00000000e+00
 0.00000000e+00 0.00000000e+00 0.00000000e+00 0.00000000e+00
 1.84176728e+01 2.18499386e+01 2.53173195e+01 2.91548563e+01
 3.33574413e+01 3.70034536e+01 4.06619458e+01 4.37814481e+01
 4.59820862e+01 4.73011766e+01 4.68162564e+01 4.39996560e+01
 3.81621197e+01 2.92377547e+01 1.88342737e+01 9.14647027e+00
 3.30404540e+00 7.28423529e-01 1.18858551e-03 0.00000000e+00
 0.00000000e+00]
5
data after
[40.26761131885887, 25.31731947627604, 29.15485628897786, 33.35744134149492, 37.003453550398355, 40.66194582975268, 43.781448062188325, 45.98208621004462, 47.30117657683849, 46.816256432634596, 43.99965598469377, 38.16211969864145, 29.2377546518296, 32.014401494928755]
5
data,sig_tot
[40.26761132 25.31731948 29.15485629 33.35744134 37.00345355 40.66194583
 43.78144806 45.98208621 47.30117658 46.81625643 43.99965598 38.1621197
 29.23775465 32.01440149 22.04780275 25.09218693 21.18650171 21.05538735
 22.1172931 ]
[40.26761132 25.31731948 29.15485629 33.35744134 37.00345355 40.66194583
 43.78144806 45.98208621 47.30117658 46.81625643 43.99965598 38.1621197
 29.23775465 32.01440149 22.04780275 25.09218693 21.18650171 21.05538735
 22.1172931 ]
<<<<<<< HEAD
4.721303561194006 19.752509498037444 45.63045470947841
val isze = 0
idinces = [ 3  7 17  5  6  2 10 13  8 14 16 18 12 11  1  0 15  4  9]
training loss = 31.505680084228516 500
training loss = 30.31348991394043 1000
training loss = 29.723445892333984 1500
training loss = 29.57607650756836 2000
training loss = 29.524019241333008 2500
training loss = 29.478960037231445 3000
training loss = 29.42463493347168 3500
training loss = 29.357275009155273 4000
training loss = 29.2734317779541 4500
training loss = 29.167436599731445 5000
=======
pred
[tensor([43.8549, 16.9123, 20.4536, 38.7354, 47.8241, 38.4173, 43.6507, 46.8170,
        47.2389, 58.9030, 53.0095, 48.4667, 25.0080, 34.4577, 20.0468, 34.4332,
        27.9273, 26.5699, 16.9573])]
4.836085686321316 1.7224423957307744 65.89864743595666
val isze = 0
idinces = [ 8  6  2  0  9 17 16 13  5 12 14  7 11  3  4  1 15 10 18]
training loss = 31.186485290527344 500
training loss = 30.565950393676758 1000
training loss = 30.31031608581543 1500
training loss = 30.1871280670166 2000
training loss = 30.07447624206543 2500
training loss = 29.92873764038086 3000
training loss = 29.727821350097656 3500
training loss = 29.444869995117188 4000
training loss = 29.034385681152344 4500
training loss = 28.414981842041016 5000
>>>>>>> bf5bffb69ec4a318117f0a4aa6bdaab926d87e87
(1, 19)
(1, 0)
data before
[0.00000000e+00 0.00000000e+00 0.00000000e+00 0.00000000e+00
 0.00000000e+00 0.00000000e+00 0.00000000e+00 0.00000000e+00
 0.00000000e+00 0.00000000e+00 0.00000000e+00 0.00000000e+00
 0.00000000e+00 0.00000000e+00 0.00000000e+00 0.00000000e+00
 0.00000000e+00 0.00000000e+00 0.00000000e+00 0.00000000e+00
 1.84176728e+01 2.18499386e+01 2.53173195e+01 2.91548563e+01
 3.33574413e+01 3.70034536e+01 4.06619458e+01 4.37814481e+01
 4.59820862e+01 4.73011766e+01 4.68162564e+01 4.39996560e+01
 3.81621197e+01 2.92377547e+01 1.88342737e+01 9.14647027e+00
 3.30404540e+00 7.28423529e-01 1.18858551e-03 0.00000000e+00
 0.00000000e+00]
5
data after
[40.26761131885887, 25.31731947627604, 29.15485628897786, 33.35744134149492, 37.003453550398355, 40.66194582975268, 43.781448062188325, 45.98208621004462, 47.30117657683849, 46.816256432634596, 43.99965598469377, 38.16211969864145, 29.2377546518296, 32.014401494928755]
5
data,sig_tot
[40.26761132 25.31731948 29.15485629 33.35744134 37.00345355 40.66194583
 43.78144806 45.98208621 47.30117658 46.81625643 43.99965598 38.1621197
 29.23775465 32.01440149 22.04780275 25.09218693 21.18650171 21.05538735
 22.1172931 ]
[40.26761132 25.31731948 29.15485629 33.35744134 37.00345355 40.66194583
 43.78144806 45.98208621 47.30117658 46.81625643 43.99965598 38.1621197
 29.23775465 32.01440149 22.04780275 25.09218693 21.18650171 21.05538735
 22.1172931 ]
<<<<<<< HEAD
4.721303561194006 19.752509498037444 45.63045470947841
val isze = 0
idinces = [ 3  7 17  5  6  2 10 13  8 14 16 18 12 11  1  0 15  4  9]
training loss = 35.2453498840332 500
training loss = 31.791601181030273 1000
training loss = 31.10073471069336 1500
training loss = 30.47508430480957 2000
training loss = 29.969501495361328 2500
training loss = 29.6845645904541 3000
training loss = 29.556438446044922 3500
training loss = 29.497112274169922 4000
training loss = 29.457536697387695 4500
training loss = 29.418216705322266 5000
=======
pred
[tensor([36.2442, 36.0174, 17.7758, 46.9605, 40.5812, 36.4004, 40.9479, 44.9548,
        52.7303, 49.5340, 37.8033, 51.6479, 30.2698, 19.1620, 15.3289, 25.8876,
        34.0900, 19.6333, 19.2318])]
2.0536230945550327 15.345534402938629 92.44034120030825
val isze = 0
idinces = [ 7  1  9 14 15  6  5 17  3 13 10 12  4  0 18 11 16  8  2]
training loss = 1.9948530197143555 500
training loss = 1.7308361530303955 1000
reduced chi^2 level 2 = 1.7358046770095825
Constrained alpha: 1.6423912048339844
Constrained beta: 4.7429423332214355
Constrained gamma: 64.56239318847656
>>>>>>> bf5bffb69ec4a318117f0a4aa6bdaab926d87e87
(1, 19)
(1, 0)
data before
[0.00000000e+00 0.00000000e+00 0.00000000e+00 0.00000000e+00
 0.00000000e+00 0.00000000e+00 0.00000000e+00 0.00000000e+00
 0.00000000e+00 0.00000000e+00 0.00000000e+00 0.00000000e+00
 0.00000000e+00 0.00000000e+00 0.00000000e+00 0.00000000e+00
 0.00000000e+00 0.00000000e+00 0.00000000e+00 0.00000000e+00
 1.84176728e+01 2.18499386e+01 2.53173195e+01 2.91548563e+01
 3.33574413e+01 3.70034536e+01 4.06619458e+01 4.37814481e+01
 4.59820862e+01 4.73011766e+01 4.68162564e+01 4.39996560e+01
 3.81621197e+01 2.92377547e+01 1.88342737e+01 9.14647027e+00
 3.30404540e+00 7.28423529e-01 1.18858551e-03 0.00000000e+00
 0.00000000e+00]
5
data after
[40.26761131885887, 25.31731947627604, 29.15485628897786, 33.35744134149492, 37.003453550398355, 40.66194582975268, 43.781448062188325, 45.98208621004462, 47.30117657683849, 46.816256432634596, 43.99965598469377, 38.16211969864145, 29.2377546518296, 32.014401494928755]
5
data,sig_tot
[40.26761132 25.31731948 29.15485629 33.35744134 37.00345355 40.66194583
 43.78144806 45.98208621 47.30117658 46.81625643 43.99965598 38.1621197
 29.23775465 32.01440149 22.04780275 25.09218693 21.18650171 21.05538735
 22.1172931 ]
[40.26761132 25.31731948 29.15485629 33.35744134 37.00345355 40.66194583
 43.78144806 45.98208621 47.30117658 46.81625643 43.99965598 38.1621197
 29.23775465 32.01440149 22.04780275 25.09218693 21.18650171 21.05538735
 22.1172931 ]
<<<<<<< HEAD
4.721303561194006 19.752509498037444 45.63045470947841
val isze = 0
idinces = [ 3  7 17  5  6  2 10 13  8 14 16 18 12 11  1  0 15  4  9]
training loss = 31.063640594482422 500
training loss = 29.814401626586914 1000
training loss = 29.744930267333984 1500
training loss = 29.711095809936523 2000
training loss = 29.6784610748291 2500
training loss = 29.6452579498291 3000
training loss = 29.607036590576172 3500
training loss = 29.559669494628906 4000
training loss = 29.499496459960938 4500
training loss = 29.423006057739258 5000
=======
pred
[tensor([41.7596, 34.0772, 24.3942, 49.8489, 25.1611, 44.4295, 39.9684, 42.9997,
        45.2349, 47.7292, 41.5166, 40.0000, 25.9238, 30.5411, 17.7562, 36.4024,
        24.0307, 15.7165, 18.1106])]
4.831999815135652 11.510876975556283 69.04142035532313
val isze = 0
idinces = [14  6 12 17  5  2  4  0  3 18  1 16  8 15 10 13  7 11  9]
training loss = 41.76262283325195 500
training loss = 28.439842224121094 1000
training loss = 26.81181526184082 1500
training loss = 26.540714263916016 2000
training loss = 26.4794864654541 2500
training loss = 26.44212532043457 3000
training loss = 26.399429321289062 3500
training loss = 26.347972869873047 4000
training loss = 26.284730911254883 4500
training loss = 26.205162048339844 5000
>>>>>>> bf5bffb69ec4a318117f0a4aa6bdaab926d87e87
(1, 19)
(1, 0)
data before
[0.00000000e+00 0.00000000e+00 0.00000000e+00 0.00000000e+00
 0.00000000e+00 0.00000000e+00 0.00000000e+00 0.00000000e+00
 0.00000000e+00 0.00000000e+00 0.00000000e+00 0.00000000e+00
 0.00000000e+00 0.00000000e+00 0.00000000e+00 0.00000000e+00
 0.00000000e+00 0.00000000e+00 0.00000000e+00 0.00000000e+00
 1.84176728e+01 2.18499386e+01 2.53173195e+01 2.91548563e+01
 3.33574413e+01 3.70034536e+01 4.06619458e+01 4.37814481e+01
 4.59820862e+01 4.73011766e+01 4.68162564e+01 4.39996560e+01
 3.81621197e+01 2.92377547e+01 1.88342737e+01 9.14647027e+00
 3.30404540e+00 7.28423529e-01 1.18858551e-03 0.00000000e+00
 0.00000000e+00]
5
data after
[40.26761131885887, 25.31731947627604, 29.15485628897786, 33.35744134149492, 37.003453550398355, 40.66194582975268, 43.781448062188325, 45.98208621004462, 47.30117657683849, 46.816256432634596, 43.99965598469377, 38.16211969864145, 29.2377546518296, 32.014401494928755]
5
data,sig_tot
[40.26761132 25.31731948 29.15485629 33.35744134 37.00345355 40.66194583
 43.78144806 45.98208621 47.30117658 46.81625643 43.99965598 38.1621197
 29.23775465 32.01440149 22.04780275 25.09218693 21.18650171 21.05538735
 22.1172931 ]
[40.26761132 25.31731948 29.15485629 33.35744134 37.00345355 40.66194583
 43.78144806 45.98208621 47.30117658 46.81625643 43.99965598 38.1621197
 29.23775465 32.01440149 22.04780275 25.09218693 21.18650171 21.05538735
 22.1172931 ]
<<<<<<< HEAD
4.721303561194006 19.752509498037444 45.63045470947841
val isze = 0
idinces = [ 3  7 17  5  6  2 10 13  8 14 16 18 12 11  1  0 15  4  9]
=======
pred
[tensor([47.5451, 27.8111, 27.5791, 42.1713, 25.6519, 43.7712, 44.3208, 49.1598,
        57.3604, 49.1486, 40.5554, 47.4435, 20.1795, 34.1193, 20.8043, 24.4525,
        20.6403, 19.5506,  9.4417])]
2.4340614922321624 19.233193353904973 48.053173106025916
val isze = 0
idinces = [17 18  4  5  2  3 11 12  1  7  9 13 16 10  6 15  8 14  0]
training loss = 0.9706394672393799 500
training loss = 0.8039588332176208 1000
reduced chi^2 level 2 = 0.8094221949577332
Constrained alpha: 2.0743274688720703
Constrained beta: 3.1569325923919678
Constrained gamma: 17.454063415527344
>>>>>>> bf5bffb69ec4a318117f0a4aa6bdaab926d87e87
(1, 19)
(1, 0)
data before
[0.00000000e+00 0.00000000e+00 0.00000000e+00 0.00000000e+00
 0.00000000e+00 0.00000000e+00 0.00000000e+00 0.00000000e+00
 0.00000000e+00 0.00000000e+00 0.00000000e+00 0.00000000e+00
 0.00000000e+00 0.00000000e+00 0.00000000e+00 0.00000000e+00
 0.00000000e+00 0.00000000e+00 0.00000000e+00 0.00000000e+00
 1.84176728e+01 2.18499386e+01 2.53173195e+01 2.91548563e+01
 3.33574413e+01 3.70034536e+01 4.06619458e+01 4.37814481e+01
 4.59820862e+01 4.73011766e+01 4.68162564e+01 4.39996560e+01
 3.81621197e+01 2.92377547e+01 1.88342737e+01 9.14647027e+00
 3.30404540e+00 7.28423529e-01 1.18858551e-03 0.00000000e+00
 0.00000000e+00]
5
data after
[40.26761131885887, 25.31731947627604, 29.15485628897786, 33.35744134149492, 37.003453550398355, 40.66194582975268, 43.781448062188325, 45.98208621004462, 47.30117657683849, 46.816256432634596, 43.99965598469377, 38.16211969864145, 29.2377546518296, 32.014401494928755]
5
data,sig_tot
[40.26761132 25.31731948 29.15485629 33.35744134 37.00345355 40.66194583
 43.78144806 45.98208621 47.30117658 46.81625643 43.99965598 38.1621197
 29.23775465 32.01440149 22.04780275 25.09218693 21.18650171 21.05538735
 22.1172931 ]
[40.26761132 25.31731948 29.15485629 33.35744134 37.00345355 40.66194583
 43.78144806 45.98208621 47.30117658 46.81625643 43.99965598 38.1621197
 29.23775465 32.01440149 22.04780275 25.09218693 21.18650171 21.05538735
 22.1172931 ]
<<<<<<< HEAD
4.721303561194006 19.752509498037444 45.63045470947841
val isze = 0
idinces = [ 3  7 17  5  6  2 10 13  8 14 16 18 12 11  1  0 15  4  9]
training loss = 29.858501434326172 500
training loss = 29.7408390045166 1000
training loss = 29.707584381103516 1500
training loss = 29.67853355407715 2000
training loss = 29.648563385009766 2500
training loss = 29.613182067871094 3000
training loss = 29.5687313079834 3500
training loss = 29.512418746948242 4000
training loss = 29.441123962402344 4500
training loss = 29.350688934326172 5000
=======
pred
[tensor([43.0901, 21.8675, 16.8660, 34.2879, 27.0739, 30.5579, 45.3982, 56.2176,
        44.8787, 59.0538, 46.5034, 54.6445, 34.3702, 34.4416,  8.0821, 34.4406,
        25.7066, 19.4222, 20.2677])]
4.97823782634288 8.275755981209628 28.419202826293255
val isze = 0
idinces = [12  7  8  4  5  9 17  3  1 18  0 11 13 15  2  6 16 10 14]
training loss = 31.033672332763672 500
training loss = 30.729209899902344 1000
training loss = 30.675251007080078 1500
training loss = 30.644254684448242 2000
training loss = 30.605026245117188 2500
training loss = 30.553178787231445 3000
training loss = 30.484859466552734 3500
training loss = 30.39413070678711 4000
training loss = 30.274188995361328 4500
training loss = 30.113378524780273 5000
>>>>>>> bf5bffb69ec4a318117f0a4aa6bdaab926d87e87
(1, 19)
(1, 0)
data before
[0.00000000e+00 0.00000000e+00 0.00000000e+00 0.00000000e+00
 0.00000000e+00 0.00000000e+00 0.00000000e+00 0.00000000e+00
 0.00000000e+00 0.00000000e+00 0.00000000e+00 0.00000000e+00
 0.00000000e+00 0.00000000e+00 0.00000000e+00 0.00000000e+00
 0.00000000e+00 0.00000000e+00 0.00000000e+00 0.00000000e+00
 1.84176728e+01 2.18499386e+01 2.53173195e+01 2.91548563e+01
 3.33574413e+01 3.70034536e+01 4.06619458e+01 4.37814481e+01
 4.59820862e+01 4.73011766e+01 4.68162564e+01 4.39996560e+01
 3.81621197e+01 2.92377547e+01 1.88342737e+01 9.14647027e+00
 3.30404540e+00 7.28423529e-01 1.18858551e-03 0.00000000e+00
 0.00000000e+00]
5
data after
[40.26761131885887, 25.31731947627604, 29.15485628897786, 33.35744134149492, 37.003453550398355, 40.66194582975268, 43.781448062188325, 45.98208621004462, 47.30117657683849, 46.816256432634596, 43.99965598469377, 38.16211969864145, 29.2377546518296, 32.014401494928755]
5
data,sig_tot
[40.26761132 25.31731948 29.15485629 33.35744134 37.00345355 40.66194583
 43.78144806 45.98208621 47.30117658 46.81625643 43.99965598 38.1621197
 29.23775465 32.01440149 22.04780275 25.09218693 21.18650171 21.05538735
 22.1172931 ]
[40.26761132 25.31731948 29.15485629 33.35744134 37.00345355 40.66194583
 43.78144806 45.98208621 47.30117658 46.81625643 43.99965598 38.1621197
 29.23775465 32.01440149 22.04780275 25.09218693 21.18650171 21.05538735
 22.1172931 ]
<<<<<<< HEAD
4.721303561194006 19.752509498037444 45.63045470947841
val isze = 0
idinces = [ 3  7 17  5  6  2 10 13  8 14 16 18 12 11  1  0 15  4  9]
=======
pred
[tensor([34.6120, 35.1567, 20.8079, 39.4494, 32.4539, 34.7104, 48.1154, 48.1336,
        48.3872, 49.0164, 43.4401, 48.8165, 20.4767, 28.8274, 16.3687, 26.5215,
        28.6080, 21.0371, 13.7165])]
3.898114382266566 19.11225464990987 93.04438814846415
val isze = 0
idinces = [ 8  9  2  0  4 16  5 14 18 13 10  7 17  3 11 15  1  6 12]
>>>>>>> bf5bffb69ec4a318117f0a4aa6bdaab926d87e87
(1, 19)
(1, 0)
data before
[0.00000000e+00 0.00000000e+00 0.00000000e+00 0.00000000e+00
 0.00000000e+00 0.00000000e+00 0.00000000e+00 0.00000000e+00
 0.00000000e+00 0.00000000e+00 0.00000000e+00 0.00000000e+00
 0.00000000e+00 0.00000000e+00 0.00000000e+00 0.00000000e+00
 0.00000000e+00 0.00000000e+00 0.00000000e+00 0.00000000e+00
 1.84176728e+01 2.18499386e+01 2.53173195e+01 2.91548563e+01
 3.33574413e+01 3.70034536e+01 4.06619458e+01 4.37814481e+01
 4.59820862e+01 4.73011766e+01 4.68162564e+01 4.39996560e+01
 3.81621197e+01 2.92377547e+01 1.88342737e+01 9.14647027e+00
 3.30404540e+00 7.28423529e-01 1.18858551e-03 0.00000000e+00
 0.00000000e+00]
5
data after
[40.26761131885887, 25.31731947627604, 29.15485628897786, 33.35744134149492, 37.003453550398355, 40.66194582975268, 43.781448062188325, 45.98208621004462, 47.30117657683849, 46.816256432634596, 43.99965598469377, 38.16211969864145, 29.2377546518296, 32.014401494928755]
5
data,sig_tot
[40.26761132 25.31731948 29.15485629 33.35744134 37.00345355 40.66194583
 43.78144806 45.98208621 47.30117658 46.81625643 43.99965598 38.1621197
 29.23775465 32.01440149 22.04780275 25.09218693 21.18650171 21.05538735
 22.1172931 ]
[40.26761132 25.31731948 29.15485629 33.35744134 37.00345355 40.66194583
 43.78144806 45.98208621 47.30117658 46.81625643 43.99965598 38.1621197
 29.23775465 32.01440149 22.04780275 25.09218693 21.18650171 21.05538735
 22.1172931 ]
<<<<<<< HEAD
4.721303561194006 19.752509498037444 45.63045470947841
val isze = 0
idinces = [ 3  7 17  5  6  2 10 13  8 14 16 18 12 11  1  0 15  4  9]
training loss = 29.99245834350586 500
training loss = 29.757648468017578 1000
training loss = 29.638710021972656 1500
training loss = 29.586641311645508 2000
training loss = 29.559574127197266 2500
training loss = 29.536113739013672 3000
training loss = 29.509183883666992 3500
training loss = 29.4764461517334 4000
training loss = 29.43569564819336 4500
training loss = 29.38290023803711 5000
=======
pred
[tensor([45.7182, 21.3367, 28.2647, 29.4789, 29.7677, 33.4193, 42.5804, 55.7531,
        38.6662, 48.3379, 64.7453, 47.9163, 31.6778, 18.0254, 22.2575, 41.8216,
        17.7154, 17.0430, 21.5810])]
1.8600740782029135 5.22341001952584 80.8544135788199
val isze = 0
idinces = [17 14 18  3 15  0 12 11 13  7  8  2 16  9  1 10  5  4  6]
training loss = 2.2534313201904297 500
training loss = 1.3998078107833862 1000
training loss = 1.0381237268447876 1500
training loss = 0.5317721962928772 2000
training loss = 0.5282239317893982 2500
training loss = 0.5169554948806763 3000
training loss = 0.5516419410705566 3500
training loss = 0.5232951045036316 4000
training loss = 0.5024517774581909 4500
training loss = 0.5021232962608337 5000
reduced chi^2 level 2 = 0.5006672739982605
Constrained alpha: 4.5256547927856445
Constrained beta: 3.866262912750244
Constrained gamma: 2.2662060260772705
>>>>>>> bf5bffb69ec4a318117f0a4aa6bdaab926d87e87
(1, 19)
(1, 0)
data before
[0.00000000e+00 0.00000000e+00 0.00000000e+00 0.00000000e+00
 0.00000000e+00 0.00000000e+00 0.00000000e+00 0.00000000e+00
 0.00000000e+00 0.00000000e+00 0.00000000e+00 0.00000000e+00
 0.00000000e+00 0.00000000e+00 0.00000000e+00 0.00000000e+00
 0.00000000e+00 0.00000000e+00 0.00000000e+00 0.00000000e+00
 1.84176728e+01 2.18499386e+01 2.53173195e+01 2.91548563e+01
 3.33574413e+01 3.70034536e+01 4.06619458e+01 4.37814481e+01
 4.59820862e+01 4.73011766e+01 4.68162564e+01 4.39996560e+01
 3.81621197e+01 2.92377547e+01 1.88342737e+01 9.14647027e+00
 3.30404540e+00 7.28423529e-01 1.18858551e-03 0.00000000e+00
 0.00000000e+00]
5
data after
[40.26761131885887, 25.31731947627604, 29.15485628897786, 33.35744134149492, 37.003453550398355, 40.66194582975268, 43.781448062188325, 45.98208621004462, 47.30117657683849, 46.816256432634596, 43.99965598469377, 38.16211969864145, 29.2377546518296, 32.014401494928755]
5
data,sig_tot
[40.26761132 25.31731948 29.15485629 33.35744134 37.00345355 40.66194583
 43.78144806 45.98208621 47.30117658 46.81625643 43.99965598 38.1621197
 29.23775465 32.01440149 22.04780275 25.09218693 21.18650171 21.05538735
 22.1172931 ]
[40.26761132 25.31731948 29.15485629 33.35744134 37.00345355 40.66194583
 43.78144806 45.98208621 47.30117658 46.81625643 43.99965598 38.1621197
 29.23775465 32.01440149 22.04780275 25.09218693 21.18650171 21.05538735
 22.1172931 ]
<<<<<<< HEAD
4.721303561194006 19.752509498037444 45.63045470947841
val isze = 0
idinces = [ 3  7 17  5  6  2 10 13  8 14 16 18 12 11  1  0 15  4  9]
training loss = 33.90862274169922 500
training loss = 31.673847198486328 1000
training loss = 30.196495056152344 1500
training loss = 29.7337703704834 2000
training loss = 29.63526725769043 2500
training loss = 29.596866607666016 3000
training loss = 29.561054229736328 3500
training loss = 29.517005920410156 4000
training loss = 29.461551666259766 4500
training loss = 29.391752243041992 5000
=======
pred
[tensor([40.9607, 31.6251, 33.2674, 35.9925, 42.9083, 49.7983, 45.0207, 46.1054,
        55.5111, 40.2788, 40.2924, 45.4528, 30.6831, 30.8977, 20.8634, 17.5714,
        21.5576, 14.8442,  8.4062])]
1.1897582003510965 6.7905699261675085 62.598757137281055
val isze = 0
idinces = [17 16 10  0  7 11  5 12 18 15  1  9  2  6  3  4 13  8 14]
training loss = 0.7409189939498901 500
training loss = 0.4535318613052368 1000
training loss = 0.449492871761322 1500
training loss = 0.4460428059101105 2000
training loss = 0.4441460072994232 2500
training loss = 0.43926694989204407 3000
training loss = 0.4146915376186371 3500
training loss = 0.4123905599117279 4000
reduced chi^2 level 2 = 0.4121556580066681
Constrained alpha: 2.397045612335205
Constrained beta: -0.00898777786642313
Constrained gamma: 2.6810302734375
>>>>>>> bf5bffb69ec4a318117f0a4aa6bdaab926d87e87
(1, 19)
(1, 0)
data before
[0.00000000e+00 0.00000000e+00 0.00000000e+00 0.00000000e+00
 0.00000000e+00 0.00000000e+00 0.00000000e+00 0.00000000e+00
 0.00000000e+00 0.00000000e+00 0.00000000e+00 0.00000000e+00
 0.00000000e+00 0.00000000e+00 0.00000000e+00 0.00000000e+00
 0.00000000e+00 0.00000000e+00 0.00000000e+00 0.00000000e+00
 1.84176728e+01 2.18499386e+01 2.53173195e+01 2.91548563e+01
 3.33574413e+01 3.70034536e+01 4.06619458e+01 4.37814481e+01
 4.59820862e+01 4.73011766e+01 4.68162564e+01 4.39996560e+01
 3.81621197e+01 2.92377547e+01 1.88342737e+01 9.14647027e+00
 3.30404540e+00 7.28423529e-01 1.18858551e-03 0.00000000e+00
 0.00000000e+00]
5
data after
[40.26761131885887, 25.31731947627604, 29.15485628897786, 33.35744134149492, 37.003453550398355, 40.66194582975268, 43.781448062188325, 45.98208621004462, 47.30117657683849, 46.816256432634596, 43.99965598469377, 38.16211969864145, 29.2377546518296, 32.014401494928755]
5
data,sig_tot
[40.26761132 25.31731948 29.15485629 33.35744134 37.00345355 40.66194583
 43.78144806 45.98208621 47.30117658 46.81625643 43.99965598 38.1621197
 29.23775465 32.01440149 22.04780275 25.09218693 21.18650171 21.05538735
 22.1172931 ]
[40.26761132 25.31731948 29.15485629 33.35744134 37.00345355 40.66194583
 43.78144806 45.98208621 47.30117658 46.81625643 43.99965598 38.1621197
 29.23775465 32.01440149 22.04780275 25.09218693 21.18650171 21.05538735
 22.1172931 ]
<<<<<<< HEAD
4.721303561194006 19.752509498037444 45.63045470947841
val isze = 0
idinces = [ 3  7 17  5  6  2 10 13  8 14 16 18 12 11  1  0 15  4  9]
=======
pred
[tensor([29.8880, 26.7317, 24.2919, 49.7858, 34.7040, 26.6430, 35.1322, 45.3251,
        41.5666, 49.3355, 44.8428, 44.2963, 34.5004, 28.8852, 19.5231, 34.6500,
        20.0313, 20.4841, 12.5141])]
4.937929196225349 5.390551309977574 96.94823905246913
val isze = 0
idinces = [ 3 10 16 14 12 11 13  7  1  6  9 15 18  4  2  8  5  0 17]
training loss = 147.19766235351562 500
training loss = 57.331851959228516 1000
training loss = 36.4898796081543 1500
training loss = 30.041118621826172 2000
training loss = 27.704002380371094 2500
training loss = 26.782588958740234 3000
training loss = 26.38724136352539 3500
training loss = 26.18443489074707 4000
training loss = 26.0386962890625 4500
training loss = 25.89798355102539 5000
>>>>>>> bf5bffb69ec4a318117f0a4aa6bdaab926d87e87
(1, 19)
(1, 0)
data before
[0.00000000e+00 0.00000000e+00 0.00000000e+00 0.00000000e+00
 0.00000000e+00 0.00000000e+00 0.00000000e+00 0.00000000e+00
 0.00000000e+00 0.00000000e+00 0.00000000e+00 0.00000000e+00
 0.00000000e+00 0.00000000e+00 0.00000000e+00 0.00000000e+00
 0.00000000e+00 0.00000000e+00 0.00000000e+00 0.00000000e+00
 1.84176728e+01 2.18499386e+01 2.53173195e+01 2.91548563e+01
 3.33574413e+01 3.70034536e+01 4.06619458e+01 4.37814481e+01
 4.59820862e+01 4.73011766e+01 4.68162564e+01 4.39996560e+01
 3.81621197e+01 2.92377547e+01 1.88342737e+01 9.14647027e+00
 3.30404540e+00 7.28423529e-01 1.18858551e-03 0.00000000e+00
 0.00000000e+00]
5
data after
[40.26761131885887, 25.31731947627604, 29.15485628897786, 33.35744134149492, 37.003453550398355, 40.66194582975268, 43.781448062188325, 45.98208621004462, 47.30117657683849, 46.816256432634596, 43.99965598469377, 38.16211969864145, 29.2377546518296, 32.014401494928755]
5
data,sig_tot
[40.26761132 25.31731948 29.15485629 33.35744134 37.00345355 40.66194583
 43.78144806 45.98208621 47.30117658 46.81625643 43.99965598 38.1621197
 29.23775465 32.01440149 22.04780275 25.09218693 21.18650171 21.05538735
 22.1172931 ]
[40.26761132 25.31731948 29.15485629 33.35744134 37.00345355 40.66194583
 43.78144806 45.98208621 47.30117658 46.81625643 43.99965598 38.1621197
 29.23775465 32.01440149 22.04780275 25.09218693 21.18650171 21.05538735
 22.1172931 ]
<<<<<<< HEAD
4.721303561194006 19.752509498037444 45.63045470947841
val isze = 0
idinces = [ 3  7 17  5  6  2 10 13  8 14 16 18 12 11  1  0 15  4  9]
=======
pred
[tensor([49.7066, 24.9946, 30.1610, 36.5942, 42.4298, 39.0490, 28.5826, 44.3611,
        46.4899, 38.7756, 57.3315, 54.4860, 18.0097, 29.5327, 15.0928, 25.2005,
        15.9853, 22.1769, 22.7824])]
4.090412741245075 6.447745251168455 64.94370487669349
val isze = 0
idinces = [13 15  8  6  1  4  9  2 18 16  5 11  3 10  7  0 14 17 12]
training loss = 21.268592834472656 500
training loss = 19.929767608642578 1000
training loss = 19.20277214050293 1500
training loss = 17.620723724365234 2000
training loss = 12.931137084960938 2500
training loss = 5.58229923248291 3000
training loss = 2.1927525997161865 3500
training loss = 1.3239654302597046 4000
training loss = 1.2944986820220947 4500
reduced chi^2 level 2 = 1.2963076829910278
Constrained alpha: 3.7420449256896973
Constrained beta: 2.9442293643951416
Constrained gamma: 56.77872085571289
>>>>>>> bf5bffb69ec4a318117f0a4aa6bdaab926d87e87
(1, 19)
(1, 0)
data before
[0.00000000e+00 0.00000000e+00 0.00000000e+00 0.00000000e+00
 0.00000000e+00 0.00000000e+00 0.00000000e+00 0.00000000e+00
 0.00000000e+00 0.00000000e+00 0.00000000e+00 0.00000000e+00
 0.00000000e+00 0.00000000e+00 0.00000000e+00 0.00000000e+00
 0.00000000e+00 0.00000000e+00 0.00000000e+00 0.00000000e+00
 1.84176728e+01 2.18499386e+01 2.53173195e+01 2.91548563e+01
 3.33574413e+01 3.70034536e+01 4.06619458e+01 4.37814481e+01
 4.59820862e+01 4.73011766e+01 4.68162564e+01 4.39996560e+01
 3.81621197e+01 2.92377547e+01 1.88342737e+01 9.14647027e+00
 3.30404540e+00 7.28423529e-01 1.18858551e-03 0.00000000e+00
 0.00000000e+00]
5
data after
[40.26761131885887, 25.31731947627604, 29.15485628897786, 33.35744134149492, 37.003453550398355, 40.66194582975268, 43.781448062188325, 45.98208621004462, 47.30117657683849, 46.816256432634596, 43.99965598469377, 38.16211969864145, 29.2377546518296, 32.014401494928755]
5
data,sig_tot
[40.26761132 25.31731948 29.15485629 33.35744134 37.00345355 40.66194583
 43.78144806 45.98208621 47.30117658 46.81625643 43.99965598 38.1621197
 29.23775465 32.01440149 22.04780275 25.09218693 21.18650171 21.05538735
 22.1172931 ]
[40.26761132 25.31731948 29.15485629 33.35744134 37.00345355 40.66194583
 43.78144806 45.98208621 47.30117658 46.81625643 43.99965598 38.1621197
 29.23775465 32.01440149 22.04780275 25.09218693 21.18650171 21.05538735
 22.1172931 ]
<<<<<<< HEAD
4.721303561194006 19.752509498037444 45.63045470947841
val isze = 0
idinces = [ 3  7 17  5  6  2 10 13  8 14 16 18 12 11  1  0 15  4  9]
training loss = 32.92093276977539 500
training loss = 30.024686813354492 1000
training loss = 29.755205154418945 1500
training loss = 29.709367752075195 2000
training loss = 29.677780151367188 2500
training loss = 29.641292572021484 3000
training loss = 29.598209381103516 3500
training loss = 29.54737663269043 4000
training loss = 29.486373901367188 4500
training loss = 29.40969467163086 5000
=======
pred
[tensor([41.8217, 22.4252, 18.0796, 35.7383, 42.0382, 40.9751, 40.4441, 50.0883,
        46.2154, 50.3718, 49.6055, 62.3849, 37.6515, 19.9298, 16.4701, 20.2966,
        23.9084, 15.5356, 17.4958])]
1.8329123076136111 8.004034539385545 62.795594147249034
val isze = 0
idinces = [16 12 10  7 14  2  4 18 13  1 15  5 17  0  8 11  6  3  9]
training loss = 1.3122570514678955 500
reduced chi^2 level 2 = 1.3151414394378662
Constrained alpha: 1.5420671701431274
Constrained beta: 4.513646602630615
Constrained gamma: 45.183719635009766
>>>>>>> bf5bffb69ec4a318117f0a4aa6bdaab926d87e87
(1, 19)
(1, 0)
data before
[0.00000000e+00 0.00000000e+00 0.00000000e+00 0.00000000e+00
 0.00000000e+00 0.00000000e+00 0.00000000e+00 0.00000000e+00
 0.00000000e+00 0.00000000e+00 0.00000000e+00 0.00000000e+00
 0.00000000e+00 0.00000000e+00 0.00000000e+00 0.00000000e+00
 0.00000000e+00 0.00000000e+00 0.00000000e+00 0.00000000e+00
 1.84176728e+01 2.18499386e+01 2.53173195e+01 2.91548563e+01
 3.33574413e+01 3.70034536e+01 4.06619458e+01 4.37814481e+01
 4.59820862e+01 4.73011766e+01 4.68162564e+01 4.39996560e+01
 3.81621197e+01 2.92377547e+01 1.88342737e+01 9.14647027e+00
 3.30404540e+00 7.28423529e-01 1.18858551e-03 0.00000000e+00
 0.00000000e+00]
5
data after
[40.26761131885887, 25.31731947627604, 29.15485628897786, 33.35744134149492, 37.003453550398355, 40.66194582975268, 43.781448062188325, 45.98208621004462, 47.30117657683849, 46.816256432634596, 43.99965598469377, 38.16211969864145, 29.2377546518296, 32.014401494928755]
5
data,sig_tot
[40.26761132 25.31731948 29.15485629 33.35744134 37.00345355 40.66194583
 43.78144806 45.98208621 47.30117658 46.81625643 43.99965598 38.1621197
 29.23775465 32.01440149 22.04780275 25.09218693 21.18650171 21.05538735
 22.1172931 ]
[40.26761132 25.31731948 29.15485629 33.35744134 37.00345355 40.66194583
 43.78144806 45.98208621 47.30117658 46.81625643 43.99965598 38.1621197
 29.23775465 32.01440149 22.04780275 25.09218693 21.18650171 21.05538735
 22.1172931 ]
<<<<<<< HEAD
4.721303561194006 19.752509498037444 45.63045470947841
val isze = 0
idinces = [ 3  7 17  5  6  2 10 13  8 14 16 18 12 11  1  0 15  4  9]
training loss = 30.707870483398438 500
training loss = 30.086360931396484 1000
training loss = 29.766874313354492 1500
training loss = 29.6436710357666 2000
training loss = 29.5839900970459 2500
training loss = 29.5303897857666 3000
training loss = 29.466459274291992 3500
training loss = 29.386898040771484 4000
training loss = 29.287166595458984 4500
training loss = 29.15971565246582 5000
=======
pred
[tensor([38.3704, 32.6091, 30.9803, 44.9782, 37.6862, 44.7591, 40.1224, 53.2022,
        48.9449, 44.2591, 56.1989, 49.8443, 36.2349, 18.0610, 18.1822, 31.4902,
        20.8911, 26.6156, 13.7163])]
3.7962906125602465 9.176330208951821 8.11801729279269
val isze = 0
idinces = [16  5  4  1 11  7 18 13 10 14  0  6 12 15 17  8  2  3  9]
training loss = 1.3299181461334229 500
training loss = 0.8796989917755127 1000
training loss = 0.7838001847267151 1500
training loss = 0.7416463494300842 2000
training loss = 0.7181995511054993 2500
training loss = 0.7032526135444641 3000
training loss = 0.6813732981681824 3500
training loss = 0.6057214140892029 4000
training loss = 0.5440046191215515 4500
training loss = 0.5356405973434448 5000
reduced chi^2 level 2 = 0.5323843955993652
Constrained alpha: 4.070049285888672
Constrained beta: 4.292906284332275
Constrained gamma: 2.5450940132141113
>>>>>>> bf5bffb69ec4a318117f0a4aa6bdaab926d87e87
(1, 19)
(1, 0)
data before
[0.00000000e+00 0.00000000e+00 0.00000000e+00 0.00000000e+00
 0.00000000e+00 0.00000000e+00 0.00000000e+00 0.00000000e+00
 0.00000000e+00 0.00000000e+00 0.00000000e+00 0.00000000e+00
 0.00000000e+00 0.00000000e+00 0.00000000e+00 0.00000000e+00
 0.00000000e+00 0.00000000e+00 0.00000000e+00 0.00000000e+00
 1.84176728e+01 2.18499386e+01 2.53173195e+01 2.91548563e+01
 3.33574413e+01 3.70034536e+01 4.06619458e+01 4.37814481e+01
 4.59820862e+01 4.73011766e+01 4.68162564e+01 4.39996560e+01
 3.81621197e+01 2.92377547e+01 1.88342737e+01 9.14647027e+00
 3.30404540e+00 7.28423529e-01 1.18858551e-03 0.00000000e+00
 0.00000000e+00]
5
data after
[40.26761131885887, 25.31731947627604, 29.15485628897786, 33.35744134149492, 37.003453550398355, 40.66194582975268, 43.781448062188325, 45.98208621004462, 47.30117657683849, 46.816256432634596, 43.99965598469377, 38.16211969864145, 29.2377546518296, 32.014401494928755]
5
data,sig_tot
[40.26761132 25.31731948 29.15485629 33.35744134 37.00345355 40.66194583
 43.78144806 45.98208621 47.30117658 46.81625643 43.99965598 38.1621197
 29.23775465 32.01440149 22.04780275 25.09218693 21.18650171 21.05538735
 22.1172931 ]
[40.26761132 25.31731948 29.15485629 33.35744134 37.00345355 40.66194583
 43.78144806 45.98208621 47.30117658 46.81625643 43.99965598 38.1621197
 29.23775465 32.01440149 22.04780275 25.09218693 21.18650171 21.05538735
 22.1172931 ]
<<<<<<< HEAD
4.721303561194006 19.752509498037444 45.63045470947841
val isze = 0
idinces = [ 3  7 17  5  6  2 10 13  8 14 16 18 12 11  1  0 15  4  9]
=======
pred
[tensor([39.9518, 22.0016, 27.7854, 40.2833, 41.6265, 33.6238, 36.2811, 34.5343,
        39.7652, 51.2604, 49.9337, 56.4781, 24.0515, 29.9066, 16.0835, 30.0153,
        22.5999, 16.4513, 18.7149])]
0.5836985671547756 6.431537321361425 98.15722973266145
val isze = 0
idinces = [13  3  2 14  1  0 17 16 11  8 15  4 10 18  9  6 12  5  7]
training loss = 1.6504971981048584 500
training loss = 1.2880765199661255 1000
reduced chi^2 level 2 = 1.2889844179153442
Constrained alpha: 1.9991941452026367
Constrained beta: 3.427149772644043
Constrained gamma: 67.93903350830078
>>>>>>> bf5bffb69ec4a318117f0a4aa6bdaab926d87e87
(1, 19)
(1, 0)
data before
[0.00000000e+00 0.00000000e+00 0.00000000e+00 0.00000000e+00
 0.00000000e+00 0.00000000e+00 0.00000000e+00 0.00000000e+00
 0.00000000e+00 0.00000000e+00 0.00000000e+00 0.00000000e+00
 0.00000000e+00 0.00000000e+00 0.00000000e+00 0.00000000e+00
 0.00000000e+00 0.00000000e+00 0.00000000e+00 0.00000000e+00
 1.84176728e+01 2.18499386e+01 2.53173195e+01 2.91548563e+01
 3.33574413e+01 3.70034536e+01 4.06619458e+01 4.37814481e+01
 4.59820862e+01 4.73011766e+01 4.68162564e+01 4.39996560e+01
 3.81621197e+01 2.92377547e+01 1.88342737e+01 9.14647027e+00
 3.30404540e+00 7.28423529e-01 1.18858551e-03 0.00000000e+00
 0.00000000e+00]
5
data after
[40.26761131885887, 25.31731947627604, 29.15485628897786, 33.35744134149492, 37.003453550398355, 40.66194582975268, 43.781448062188325, 45.98208621004462, 47.30117657683849, 46.816256432634596, 43.99965598469377, 38.16211969864145, 29.2377546518296, 32.014401494928755]
5
data,sig_tot
[40.26761132 25.31731948 29.15485629 33.35744134 37.00345355 40.66194583
 43.78144806 45.98208621 47.30117658 46.81625643 43.99965598 38.1621197
 29.23775465 32.01440149 22.04780275 25.09218693 21.18650171 21.05538735
 22.1172931 ]
[40.26761132 25.31731948 29.15485629 33.35744134 37.00345355 40.66194583
 43.78144806 45.98208621 47.30117658 46.81625643 43.99965598 38.1621197
 29.23775465 32.01440149 22.04780275 25.09218693 21.18650171 21.05538735
 22.1172931 ]
<<<<<<< HEAD
4.721303561194006 19.752509498037444 45.63045470947841
val isze = 0
idinces = [ 3  7 17  5  6  2 10 13  8 14 16 18 12 11  1  0 15  4  9]
training loss = 30.446651458740234 500
training loss = 30.089406967163086 1000
training loss = 29.901582717895508 1500
training loss = 29.692190170288086 2000
training loss = 29.537277221679688 2500
training loss = 29.452566146850586 3000
training loss = 29.386388778686523 3500
training loss = 29.310808181762695 4000
training loss = 29.213359832763672 4500
training loss = 29.074501037597656 5000
=======
pred
[tensor([49.7849, 26.1777, 21.2074, 32.7666, 36.6440, 44.6039, 48.3445, 50.7276,
        46.3066, 40.3922, 41.2878, 45.3131, 24.6458, 31.5465, 25.3693, 31.2837,
        16.2461, 18.3462, 21.9612])]
3.7384978322155598 12.060656646126652 47.46714733429568
val isze = 0
idinces = [12  1 18 13  2  3  4  7 14 17 11 15  6  5  8 10  0 16  9]
training loss = 20.109636306762695 500
training loss = 17.807281494140625 1000
training loss = 11.162156105041504 1500
training loss = 0.8573921918869019 2000
training loss = 0.7742577791213989 2500
training loss = 0.7213199734687805 3000
training loss = 0.6383787393569946 3500
training loss = 0.5853203535079956 4000
training loss = 0.5698727369308472 4500
training loss = 0.566062331199646 5000
reduced chi^2 level 2 = 0.5660589337348938
Constrained alpha: 2.517756462097168
Constrained beta: 2.7592310905456543
Constrained gamma: 7.437224864959717
>>>>>>> bf5bffb69ec4a318117f0a4aa6bdaab926d87e87
(1, 19)
(1, 0)
data before
[0.00000000e+00 0.00000000e+00 0.00000000e+00 0.00000000e+00
 0.00000000e+00 0.00000000e+00 0.00000000e+00 0.00000000e+00
 0.00000000e+00 0.00000000e+00 0.00000000e+00 0.00000000e+00
 0.00000000e+00 0.00000000e+00 0.00000000e+00 0.00000000e+00
 0.00000000e+00 0.00000000e+00 0.00000000e+00 0.00000000e+00
 1.84176728e+01 2.18499386e+01 2.53173195e+01 2.91548563e+01
 3.33574413e+01 3.70034536e+01 4.06619458e+01 4.37814481e+01
 4.59820862e+01 4.73011766e+01 4.68162564e+01 4.39996560e+01
 3.81621197e+01 2.92377547e+01 1.88342737e+01 9.14647027e+00
 3.30404540e+00 7.28423529e-01 1.18858551e-03 0.00000000e+00
 0.00000000e+00]
5
data after
[40.26761131885887, 25.31731947627604, 29.15485628897786, 33.35744134149492, 37.003453550398355, 40.66194582975268, 43.781448062188325, 45.98208621004462, 47.30117657683849, 46.816256432634596, 43.99965598469377, 38.16211969864145, 29.2377546518296, 32.014401494928755]
5
data,sig_tot
[40.26761132 25.31731948 29.15485629 33.35744134 37.00345355 40.66194583
 43.78144806 45.98208621 47.30117658 46.81625643 43.99965598 38.1621197
 29.23775465 32.01440149 22.04780275 25.09218693 21.18650171 21.05538735
 22.1172931 ]
[40.26761132 25.31731948 29.15485629 33.35744134 37.00345355 40.66194583
 43.78144806 45.98208621 47.30117658 46.81625643 43.99965598 38.1621197
 29.23775465 32.01440149 22.04780275 25.09218693 21.18650171 21.05538735
 22.1172931 ]
<<<<<<< HEAD
4.721303561194006 19.752509498037444 45.63045470947841
val isze = 0
idinces = [ 3  7 17  5  6  2 10 13  8 14 16 18 12 11  1  0 15  4  9]
training loss = 34.25442123413086 500
training loss = 29.898681640625 1000
training loss = 29.630178451538086 1500
training loss = 29.599933624267578 2000
training loss = 29.585805892944336 2500
training loss = 29.575529098510742 3000
training loss = 29.566593170166016 3500
training loss = 29.557350158691406 4000
training loss = 29.545944213867188 4500
training loss = 29.5317440032959 5000
=======
pred
[tensor([36.0036, 29.0651, 25.7132, 31.2198, 40.0007, 47.2832, 41.1253, 44.4427,
        44.6659, 60.7080, 49.3916, 47.8400, 31.2412, 30.0235, 25.6135, 28.6212,
        25.1247, 19.5547, 19.1613])]
4.950894096978996 13.01036772417783 12.504835534418257
val isze = 0
idinces = [ 0  1  2 10 15 11 17  3 12  8 13  4  6  9 14 16  7 18  5]
training loss = 30.225168228149414 500
training loss = 30.17542839050293 1000
training loss = 30.159114837646484 1500
training loss = 30.1503849029541 2000
training loss = 30.1401424407959 2500
training loss = 30.126625061035156 3000
training loss = 30.1087703704834 3500
training loss = 30.085121154785156 4000
training loss = 30.053544998168945 4500
training loss = 30.010540008544922 5000
>>>>>>> bf5bffb69ec4a318117f0a4aa6bdaab926d87e87
(1, 19)
(1, 0)
data before
[0.00000000e+00 0.00000000e+00 0.00000000e+00 0.00000000e+00
 0.00000000e+00 0.00000000e+00 0.00000000e+00 0.00000000e+00
 0.00000000e+00 0.00000000e+00 0.00000000e+00 0.00000000e+00
 0.00000000e+00 0.00000000e+00 0.00000000e+00 0.00000000e+00
 0.00000000e+00 0.00000000e+00 0.00000000e+00 0.00000000e+00
 1.84176728e+01 2.18499386e+01 2.53173195e+01 2.91548563e+01
 3.33574413e+01 3.70034536e+01 4.06619458e+01 4.37814481e+01
 4.59820862e+01 4.73011766e+01 4.68162564e+01 4.39996560e+01
 3.81621197e+01 2.92377547e+01 1.88342737e+01 9.14647027e+00
 3.30404540e+00 7.28423529e-01 1.18858551e-03 0.00000000e+00
 0.00000000e+00]
5
data after
[40.26761131885887, 25.31731947627604, 29.15485628897786, 33.35744134149492, 37.003453550398355, 40.66194582975268, 43.781448062188325, 45.98208621004462, 47.30117657683849, 46.816256432634596, 43.99965598469377, 38.16211969864145, 29.2377546518296, 32.014401494928755]
5
data,sig_tot
[40.26761132 25.31731948 29.15485629 33.35744134 37.00345355 40.66194583
 43.78144806 45.98208621 47.30117658 46.81625643 43.99965598 38.1621197
 29.23775465 32.01440149 22.04780275 25.09218693 21.18650171 21.05538735
 22.1172931 ]
[40.26761132 25.31731948 29.15485629 33.35744134 37.00345355 40.66194583
 43.78144806 45.98208621 47.30117658 46.81625643 43.99965598 38.1621197
 29.23775465 32.01440149 22.04780275 25.09218693 21.18650171 21.05538735
 22.1172931 ]
<<<<<<< HEAD
4.721303561194006 19.752509498037444 45.63045470947841
val isze = 0
idinces = [ 3  7 17  5  6  2 10 13  8 14 16 18 12 11  1  0 15  4  9]
training loss = 31.997333526611328 500
training loss = 29.993364334106445 1000
training loss = 29.830833435058594 1500
training loss = 29.667377471923828 2000
training loss = 29.500444412231445 2500
training loss = 29.384254455566406 3000
training loss = 29.311927795410156 3500
training loss = 29.23769760131836 4000
training loss = 29.142873764038086 4500
training loss = 29.01893424987793 5000
=======
pred
[tensor([46.2931, 22.9894, 29.9609, 31.5326, 38.9980, 34.4224, 49.4687, 49.0201,
        46.7437, 51.6434, 49.3158, 50.6238, 32.1230, 27.9449, 21.9623, 25.0731,
        27.4615, 20.1730, 26.6758])]
3.5411537834594005 9.14790556178431 66.69361443352862
val isze = 0
idinces = [12 15 14  3  8  1  0 11  6  7 10  4 16  2  9  5 13 17 18]
training loss = 20.326168060302734 500
training loss = 16.50758171081543 1000
training loss = 0.8733406066894531 1500
training loss = 0.5000430941581726 2000
training loss = 0.48927775025367737 2500
reduced chi^2 level 2 = 0.4915120601654053
Constrained alpha: 2.7191989421844482
Constrained beta: 2.5231828689575195
Constrained gamma: 42.85483932495117
>>>>>>> bf5bffb69ec4a318117f0a4aa6bdaab926d87e87
(1, 19)
(1, 0)
data before
[0.00000000e+00 0.00000000e+00 0.00000000e+00 0.00000000e+00
 0.00000000e+00 0.00000000e+00 0.00000000e+00 0.00000000e+00
 0.00000000e+00 0.00000000e+00 0.00000000e+00 0.00000000e+00
 0.00000000e+00 0.00000000e+00 0.00000000e+00 0.00000000e+00
 0.00000000e+00 0.00000000e+00 0.00000000e+00 0.00000000e+00
 1.84176728e+01 2.18499386e+01 2.53173195e+01 2.91548563e+01
 3.33574413e+01 3.70034536e+01 4.06619458e+01 4.37814481e+01
 4.59820862e+01 4.73011766e+01 4.68162564e+01 4.39996560e+01
 3.81621197e+01 2.92377547e+01 1.88342737e+01 9.14647027e+00
 3.30404540e+00 7.28423529e-01 1.18858551e-03 0.00000000e+00
 0.00000000e+00]
5
data after
[40.26761131885887, 25.31731947627604, 29.15485628897786, 33.35744134149492, 37.003453550398355, 40.66194582975268, 43.781448062188325, 45.98208621004462, 47.30117657683849, 46.816256432634596, 43.99965598469377, 38.16211969864145, 29.2377546518296, 32.014401494928755]
5
data,sig_tot
[40.26761132 25.31731948 29.15485629 33.35744134 37.00345355 40.66194583
 43.78144806 45.98208621 47.30117658 46.81625643 43.99965598 38.1621197
 29.23775465 32.01440149 22.04780275 25.09218693 21.18650171 21.05538735
 22.1172931 ]
[40.26761132 25.31731948 29.15485629 33.35744134 37.00345355 40.66194583
 43.78144806 45.98208621 47.30117658 46.81625643 43.99965598 38.1621197
 29.23775465 32.01440149 22.04780275 25.09218693 21.18650171 21.05538735
 22.1172931 ]
<<<<<<< HEAD
4.721303561194006 19.752509498037444 45.63045470947841
val isze = 0
idinces = [ 3  7 17  5  6  2 10 13  8 14 16 18 12 11  1  0 15  4  9]
training loss = 50.93021011352539 500
training loss = 29.7850284576416 1000
training loss = 29.2575740814209 1500
training loss = 29.214866638183594 2000
training loss = 29.1837215423584 2500
training loss = 29.146747589111328 3000
training loss = 29.101863861083984 3500
training loss = 29.047258377075195 4000
training loss = 28.980966567993164 4500
training loss = 28.901229858398438 5000
=======
pred
[tensor([40.3316, 26.6733, 24.9573, 49.7840, 33.3902, 37.2771, 45.2184, 56.8865,
        40.5571, 53.6263, 43.0794, 53.8411, 33.6128, 29.0318, 23.2819, 29.6538,
        21.7977, 11.7286, 23.5928])]
2.380947284303838 16.805223096595423 25.0233443595281
val isze = 0
idinces = [18 11  7  3 14  8  4  2  9  5 13  6  0 10 16 17 15 12  1]
training loss = 1.4486689567565918 500
reduced chi^2 level 2 = 1.20956289768219
Constrained alpha: 2.4440810680389404
Constrained beta: 3.6800830364227295
Constrained gamma: 5.550791263580322
>>>>>>> bf5bffb69ec4a318117f0a4aa6bdaab926d87e87
(1, 19)
(1, 0)
data before
[0.00000000e+00 0.00000000e+00 0.00000000e+00 0.00000000e+00
 0.00000000e+00 0.00000000e+00 0.00000000e+00 0.00000000e+00
 0.00000000e+00 0.00000000e+00 0.00000000e+00 0.00000000e+00
 0.00000000e+00 0.00000000e+00 0.00000000e+00 0.00000000e+00
 0.00000000e+00 0.00000000e+00 0.00000000e+00 0.00000000e+00
 1.84176728e+01 2.18499386e+01 2.53173195e+01 2.91548563e+01
 3.33574413e+01 3.70034536e+01 4.06619458e+01 4.37814481e+01
 4.59820862e+01 4.73011766e+01 4.68162564e+01 4.39996560e+01
 3.81621197e+01 2.92377547e+01 1.88342737e+01 9.14647027e+00
 3.30404540e+00 7.28423529e-01 1.18858551e-03 0.00000000e+00
 0.00000000e+00]
5
data after
[40.26761131885887, 25.31731947627604, 29.15485628897786, 33.35744134149492, 37.003453550398355, 40.66194582975268, 43.781448062188325, 45.98208621004462, 47.30117657683849, 46.816256432634596, 43.99965598469377, 38.16211969864145, 29.2377546518296, 32.014401494928755]
5
data,sig_tot
[40.26761132 25.31731948 29.15485629 33.35744134 37.00345355 40.66194583
 43.78144806 45.98208621 47.30117658 46.81625643 43.99965598 38.1621197
 29.23775465 32.01440149 22.04780275 25.09218693 21.18650171 21.05538735
 22.1172931 ]
[40.26761132 25.31731948 29.15485629 33.35744134 37.00345355 40.66194583
 43.78144806 45.98208621 47.30117658 46.81625643 43.99965598 38.1621197
 29.23775465 32.01440149 22.04780275 25.09218693 21.18650171 21.05538735
 22.1172931 ]
<<<<<<< HEAD
4.721303561194006 19.752509498037444 45.63045470947841
val isze = 0
idinces = [ 3  7 17  5  6  2 10 13  8 14 16 18 12 11  1  0 15  4  9]
=======
pred
[tensor([32.3601, 24.8631, 23.2063, 46.3820, 42.2869, 40.6929, 36.3504, 47.8752,
        46.3671, 53.9389, 51.4313, 47.9431, 15.0568, 33.4842, 19.6789, 30.5429,
        25.1461, 23.5681, 19.6561])]
1.4518347894290433 11.304363360390713 23.631136600851853
val isze = 0
idinces = [14  3  8  4 16  6 11  5 17 12  1 15 18  9 13  7  2 10  0]
training loss = 1.517699956893921 500
training loss = 1.4441825151443481 1000
reduced chi^2 level 2 = 1.4502360820770264
Constrained alpha: 1.8878859281539917
Constrained beta: 3.37781023979187
Constrained gamma: 4.823304176330566
>>>>>>> bf5bffb69ec4a318117f0a4aa6bdaab926d87e87
(1, 19)
(1, 0)
data before
[0.00000000e+00 0.00000000e+00 0.00000000e+00 0.00000000e+00
 0.00000000e+00 0.00000000e+00 0.00000000e+00 0.00000000e+00
 0.00000000e+00 0.00000000e+00 0.00000000e+00 0.00000000e+00
 0.00000000e+00 0.00000000e+00 0.00000000e+00 0.00000000e+00
 0.00000000e+00 0.00000000e+00 0.00000000e+00 0.00000000e+00
 1.84176728e+01 2.18499386e+01 2.53173195e+01 2.91548563e+01
 3.33574413e+01 3.70034536e+01 4.06619458e+01 4.37814481e+01
 4.59820862e+01 4.73011766e+01 4.68162564e+01 4.39996560e+01
 3.81621197e+01 2.92377547e+01 1.88342737e+01 9.14647027e+00
 3.30404540e+00 7.28423529e-01 1.18858551e-03 0.00000000e+00
 0.00000000e+00]
5
data after
[40.26761131885887, 25.31731947627604, 29.15485628897786, 33.35744134149492, 37.003453550398355, 40.66194582975268, 43.781448062188325, 45.98208621004462, 47.30117657683849, 46.816256432634596, 43.99965598469377, 38.16211969864145, 29.2377546518296, 32.014401494928755]
5
data,sig_tot
[40.26761132 25.31731948 29.15485629 33.35744134 37.00345355 40.66194583
 43.78144806 45.98208621 47.30117658 46.81625643 43.99965598 38.1621197
 29.23775465 32.01440149 22.04780275 25.09218693 21.18650171 21.05538735
 22.1172931 ]
[40.26761132 25.31731948 29.15485629 33.35744134 37.00345355 40.66194583
 43.78144806 45.98208621 47.30117658 46.81625643 43.99965598 38.1621197
 29.23775465 32.01440149 22.04780275 25.09218693 21.18650171 21.05538735
 22.1172931 ]
<<<<<<< HEAD
4.721303561194006 19.752509498037444 45.63045470947841
val isze = 0
idinces = [ 3  7 17  5  6  2 10 13  8 14 16 18 12 11  1  0 15  4  9]
training loss = 33.62520980834961 500
training loss = 30.014102935791016 1000
training loss = 29.805213928222656 1500
training loss = 29.708660125732422 2000
training loss = 29.620426177978516 2500
training loss = 29.556922912597656 3000
training loss = 29.52227210998535 3500
training loss = 29.503746032714844 4000
training loss = 29.488178253173828 4500
training loss = 29.469707489013672 5000
=======
pred
[tensor([37.6691, 18.0045, 23.4310, 35.8624, 41.7460, 43.0778, 42.9318, 45.6384,
        51.5158, 55.3749, 46.6717, 53.4202, 25.3707, 34.7202,  8.4458, 25.5867,
        33.9615, 17.6964, 21.7973])]
2.750563641934445 8.634963128703612 58.42196598805701
val isze = 0
idinces = [ 2  6 10 12 18 17  5 13 16  3  7  4 11 15  8 14  0  1  9]
training loss = 1.0545493364334106 500
training loss = 1.0472317934036255 1000
training loss = 1.0415784120559692 1500
reduced chi^2 level 2 = 1.0426571369171143
Constrained alpha: 1.5378212928771973
Constrained beta: 2.1363189220428467
Constrained gamma: 17.877748489379883
>>>>>>> bf5bffb69ec4a318117f0a4aa6bdaab926d87e87
(1, 19)
(1, 0)
data before
[0.00000000e+00 0.00000000e+00 0.00000000e+00 0.00000000e+00
 0.00000000e+00 0.00000000e+00 0.00000000e+00 0.00000000e+00
 0.00000000e+00 0.00000000e+00 0.00000000e+00 0.00000000e+00
 0.00000000e+00 0.00000000e+00 0.00000000e+00 0.00000000e+00
 0.00000000e+00 0.00000000e+00 0.00000000e+00 0.00000000e+00
 1.84176728e+01 2.18499386e+01 2.53173195e+01 2.91548563e+01
 3.33574413e+01 3.70034536e+01 4.06619458e+01 4.37814481e+01
 4.59820862e+01 4.73011766e+01 4.68162564e+01 4.39996560e+01
 3.81621197e+01 2.92377547e+01 1.88342737e+01 9.14647027e+00
 3.30404540e+00 7.28423529e-01 1.18858551e-03 0.00000000e+00
 0.00000000e+00]
5
data after
[40.26761131885887, 25.31731947627604, 29.15485628897786, 33.35744134149492, 37.003453550398355, 40.66194582975268, 43.781448062188325, 45.98208621004462, 47.30117657683849, 46.816256432634596, 43.99965598469377, 38.16211969864145, 29.2377546518296, 32.014401494928755]
5
data,sig_tot
[40.26761132 25.31731948 29.15485629 33.35744134 37.00345355 40.66194583
 43.78144806 45.98208621 47.30117658 46.81625643 43.99965598 38.1621197
 29.23775465 32.01440149 22.04780275 25.09218693 21.18650171 21.05538735
 22.1172931 ]
[40.26761132 25.31731948 29.15485629 33.35744134 37.00345355 40.66194583
 43.78144806 45.98208621 47.30117658 46.81625643 43.99965598 38.1621197
 29.23775465 32.01440149 22.04780275 25.09218693 21.18650171 21.05538735
 22.1172931 ]
<<<<<<< HEAD
4.721303561194006 19.752509498037444 45.63045470947841
val isze = 0
idinces = [ 3  7 17  5  6  2 10 13  8 14 16 18 12 11  1  0 15  4  9]
=======
pred
[tensor([40.6990, 26.5339, 21.1371, 36.8644, 34.9755, 43.6991, 41.3733, 56.4497,
        51.2178, 41.9269, 41.3844, 52.0254, 33.4956, 19.4665,  3.6843, 26.4627,
        21.5594, 23.1647, 14.1351])]
1.322012788751043 13.779414548693843 86.87176652749903
val isze = 0
idinces = [ 0 15  6 12  7 11  4 16  1 14 10  9 17  5  8  3  2 18 13]
training loss = 1.4286860227584839 500
training loss = 1.3247559070587158 1000
reduced chi^2 level 2 = 1.3328773975372314
Constrained alpha: 1.4680147171020508
Constrained beta: 4.45527458190918
Constrained gamma: 54.216983795166016
>>>>>>> bf5bffb69ec4a318117f0a4aa6bdaab926d87e87
(1, 19)
(1, 0)
data before
[0.00000000e+00 0.00000000e+00 0.00000000e+00 0.00000000e+00
 0.00000000e+00 0.00000000e+00 0.00000000e+00 0.00000000e+00
 0.00000000e+00 0.00000000e+00 0.00000000e+00 0.00000000e+00
 0.00000000e+00 0.00000000e+00 0.00000000e+00 0.00000000e+00
 0.00000000e+00 0.00000000e+00 0.00000000e+00 0.00000000e+00
 1.84176728e+01 2.18499386e+01 2.53173195e+01 2.91548563e+01
 3.33574413e+01 3.70034536e+01 4.06619458e+01 4.37814481e+01
 4.59820862e+01 4.73011766e+01 4.68162564e+01 4.39996560e+01
 3.81621197e+01 2.92377547e+01 1.88342737e+01 9.14647027e+00
 3.30404540e+00 7.28423529e-01 1.18858551e-03 0.00000000e+00
 0.00000000e+00]
5
data after
[40.26761131885887, 25.31731947627604, 29.15485628897786, 33.35744134149492, 37.003453550398355, 40.66194582975268, 43.781448062188325, 45.98208621004462, 47.30117657683849, 46.816256432634596, 43.99965598469377, 38.16211969864145, 29.2377546518296, 32.014401494928755]
5
data,sig_tot
[40.26761132 25.31731948 29.15485629 33.35744134 37.00345355 40.66194583
 43.78144806 45.98208621 47.30117658 46.81625643 43.99965598 38.1621197
 29.23775465 32.01440149 22.04780275 25.09218693 21.18650171 21.05538735
 22.1172931 ]
[40.26761132 25.31731948 29.15485629 33.35744134 37.00345355 40.66194583
 43.78144806 45.98208621 47.30117658 46.81625643 43.99965598 38.1621197
 29.23775465 32.01440149 22.04780275 25.09218693 21.18650171 21.05538735
 22.1172931 ]
<<<<<<< HEAD
4.721303561194006 19.752509498037444 45.63045470947841
val isze = 0
idinces = [ 3  7 17  5  6  2 10 13  8 14 16 18 12 11  1  0 15  4  9]
training loss = 29.6599063873291 500
training loss = 29.647071838378906 1000
training loss = 29.637779235839844 1500
training loss = 29.628971099853516 2000
training loss = 29.61915397644043 2500
training loss = 29.607242584228516 3000
training loss = 29.592792510986328 3500
training loss = 29.575214385986328 4000
training loss = 29.55373764038086 4500
training loss = 29.52704429626465 5000
=======
pred
[tensor([35.0217, 27.7832, 32.9029, 39.2938, 42.1772, 40.8292, 48.4783, 55.7228,
        54.0346, 58.6164, 36.4405, 56.8661, 31.2817, 31.7817, 22.8855, 21.4054,
        27.6627, 35.1847, 14.3608])]
4.957357120611421 12.472698328505285 36.292741638842664
val isze = 0
idinces = [ 2 10 11 17  4 12 14 13  5  7  0  9 16 18  8 15  6  3  1]
training loss = 42.81422805786133 500
training loss = 36.82061004638672 1000
training loss = 35.9735221862793 1500
training loss = 35.69968795776367 2000
training loss = 35.5360107421875 2500
training loss = 35.427223205566406 3000
training loss = 35.3535041809082 3500
training loss = 35.295928955078125 4000
training loss = 35.24104309082031 4500
training loss = 35.178260803222656 5000
>>>>>>> bf5bffb69ec4a318117f0a4aa6bdaab926d87e87
(1, 19)
(1, 0)
data before
[0.00000000e+00 0.00000000e+00 0.00000000e+00 0.00000000e+00
 0.00000000e+00 0.00000000e+00 0.00000000e+00 0.00000000e+00
 0.00000000e+00 0.00000000e+00 0.00000000e+00 0.00000000e+00
 0.00000000e+00 0.00000000e+00 0.00000000e+00 0.00000000e+00
 0.00000000e+00 0.00000000e+00 0.00000000e+00 0.00000000e+00
 1.84176728e+01 2.18499386e+01 2.53173195e+01 2.91548563e+01
 3.33574413e+01 3.70034536e+01 4.06619458e+01 4.37814481e+01
 4.59820862e+01 4.73011766e+01 4.68162564e+01 4.39996560e+01
 3.81621197e+01 2.92377547e+01 1.88342737e+01 9.14647027e+00
 3.30404540e+00 7.28423529e-01 1.18858551e-03 0.00000000e+00
 0.00000000e+00]
5
data after
[40.26761131885887, 25.31731947627604, 29.15485628897786, 33.35744134149492, 37.003453550398355, 40.66194582975268, 43.781448062188325, 45.98208621004462, 47.30117657683849, 46.816256432634596, 43.99965598469377, 38.16211969864145, 29.2377546518296, 32.014401494928755]
5
data,sig_tot
[40.26761132 25.31731948 29.15485629 33.35744134 37.00345355 40.66194583
 43.78144806 45.98208621 47.30117658 46.81625643 43.99965598 38.1621197
 29.23775465 32.01440149 22.04780275 25.09218693 21.18650171 21.05538735
 22.1172931 ]
[40.26761132 25.31731948 29.15485629 33.35744134 37.00345355 40.66194583
 43.78144806 45.98208621 47.30117658 46.81625643 43.99965598 38.1621197
 29.23775465 32.01440149 22.04780275 25.09218693 21.18650171 21.05538735
 22.1172931 ]
<<<<<<< HEAD
4.721303561194006 19.752509498037444 45.63045470947841
val isze = 0
idinces = [ 3  7 17  5  6  2 10 13  8 14 16 18 12 11  1  0 15  4  9]
=======
pred
[tensor([34.5436, 22.8714, 33.4367, 43.2295, 38.7941, 35.8544, 47.0297, 51.8727,
        43.6762, 42.6495, 45.1162, 44.8492, 23.1594, 25.1728,  8.9099, 29.3927,
        16.9890, 20.5935, 20.9549])]
3.2741289195305106 9.222983781217597 78.29317691513553
val isze = 0
idinces = [ 7 12  9 11  0 18  4 15 16 10  2 17  8 14 13  1  3  5  6]
training loss = 11.2708101272583 500
training loss = 1.099198341369629 1000
training loss = 0.8870989084243774 1500
training loss = 0.8380349278450012 2000
training loss = 0.8131552934646606 2500
training loss = 0.7880277633666992 3000
training loss = 0.7664174437522888 3500
training loss = 0.7606474757194519 4000
training loss = 0.7248157858848572 4500
training loss = 0.6948472857475281 5000
reduced chi^2 level 2 = 0.69481360912323
Constrained alpha: 3.083156108856201
Constrained beta: 2.4021990299224854
Constrained gamma: 5.3462233543396
>>>>>>> bf5bffb69ec4a318117f0a4aa6bdaab926d87e87
(1, 19)
(1, 0)
data before
[0.00000000e+00 0.00000000e+00 0.00000000e+00 0.00000000e+00
 0.00000000e+00 0.00000000e+00 0.00000000e+00 0.00000000e+00
 0.00000000e+00 0.00000000e+00 0.00000000e+00 0.00000000e+00
 0.00000000e+00 0.00000000e+00 0.00000000e+00 0.00000000e+00
 0.00000000e+00 0.00000000e+00 0.00000000e+00 0.00000000e+00
 1.84176728e+01 2.18499386e+01 2.53173195e+01 2.91548563e+01
 3.33574413e+01 3.70034536e+01 4.06619458e+01 4.37814481e+01
 4.59820862e+01 4.73011766e+01 4.68162564e+01 4.39996560e+01
 3.81621197e+01 2.92377547e+01 1.88342737e+01 9.14647027e+00
 3.30404540e+00 7.28423529e-01 1.18858551e-03 0.00000000e+00
 0.00000000e+00]
5
data after
[40.26761131885887, 25.31731947627604, 29.15485628897786, 33.35744134149492, 37.003453550398355, 40.66194582975268, 43.781448062188325, 45.98208621004462, 47.30117657683849, 46.816256432634596, 43.99965598469377, 38.16211969864145, 29.2377546518296, 32.014401494928755]
5
data,sig_tot
[40.26761132 25.31731948 29.15485629 33.35744134 37.00345355 40.66194583
 43.78144806 45.98208621 47.30117658 46.81625643 43.99965598 38.1621197
 29.23775465 32.01440149 22.04780275 25.09218693 21.18650171 21.05538735
 22.1172931 ]
[40.26761132 25.31731948 29.15485629 33.35744134 37.00345355 40.66194583
 43.78144806 45.98208621 47.30117658 46.81625643 43.99965598 38.1621197
 29.23775465 32.01440149 22.04780275 25.09218693 21.18650171 21.05538735
 22.1172931 ]
<<<<<<< HEAD
4.721303561194006 19.752509498037444 45.63045470947841
val isze = 0
idinces = [ 3  7 17  5  6  2 10 13  8 14 16 18 12 11  1  0 15  4  9]
training loss = 34.37748718261719 500
training loss = 34.13877487182617 1000
training loss = 33.7815055847168 1500
training loss = 32.88346862792969 2000
training loss = 30.635231018066406 2500
training loss = 29.70697593688965 3000
training loss = 29.5916748046875 3500
training loss = 29.51996421813965 4000
training loss = 29.434974670410156 4500
training loss = 29.32933235168457 5000
=======
pred
[tensor([40.7765, 21.5373, 19.7218, 33.7415, 43.4609, 33.0686, 40.9205, 54.5884,
        53.3113, 43.8243, 39.5079, 47.9551, 26.1348, 22.4205, 14.8318, 31.2947,
        23.4730, 21.3201,  5.8337])]
2.0982806746903404 17.19761662542119 78.2191811294792
val isze = 0
idinces = [18  3  0  2  6  8 17  4 15  1 10 13 12 16  9 14  7 11  5]
training loss = 1.8299189805984497 500
training loss = 0.8047541975975037 1000
training loss = 0.7822539210319519 1500
training loss = 0.7542712092399597 2000
training loss = 0.750074565410614 2500
training loss = 0.7474541068077087 3000
training loss = 0.744299054145813 3500
training loss = 0.7403004169464111 4000
training loss = 0.7382920384407043 4500
training loss = 0.7370853424072266 5000
reduced chi^2 level 2 = 0.7370855212211609
Constrained alpha: 2.0506510734558105
Constrained beta: -0.0009739302331581712
Constrained gamma: 3.2736995220184326
>>>>>>> bf5bffb69ec4a318117f0a4aa6bdaab926d87e87
(1, 19)
(1, 0)
data before
[0.00000000e+00 0.00000000e+00 0.00000000e+00 0.00000000e+00
 0.00000000e+00 0.00000000e+00 0.00000000e+00 0.00000000e+00
 0.00000000e+00 0.00000000e+00 0.00000000e+00 0.00000000e+00
 0.00000000e+00 0.00000000e+00 0.00000000e+00 0.00000000e+00
 0.00000000e+00 0.00000000e+00 0.00000000e+00 0.00000000e+00
 1.84176728e+01 2.18499386e+01 2.53173195e+01 2.91548563e+01
 3.33574413e+01 3.70034536e+01 4.06619458e+01 4.37814481e+01
 4.59820862e+01 4.73011766e+01 4.68162564e+01 4.39996560e+01
 3.81621197e+01 2.92377547e+01 1.88342737e+01 9.14647027e+00
 3.30404540e+00 7.28423529e-01 1.18858551e-03 0.00000000e+00
 0.00000000e+00]
5
data after
[40.26761131885887, 25.31731947627604, 29.15485628897786, 33.35744134149492, 37.003453550398355, 40.66194582975268, 43.781448062188325, 45.98208621004462, 47.30117657683849, 46.816256432634596, 43.99965598469377, 38.16211969864145, 29.2377546518296, 32.014401494928755]
5
data,sig_tot
[40.26761132 25.31731948 29.15485629 33.35744134 37.00345355 40.66194583
 43.78144806 45.98208621 47.30117658 46.81625643 43.99965598 38.1621197
 29.23775465 32.01440149 22.04780275 25.09218693 21.18650171 21.05538735
 22.1172931 ]
[40.26761132 25.31731948 29.15485629 33.35744134 37.00345355 40.66194583
 43.78144806 45.98208621 47.30117658 46.81625643 43.99965598 38.1621197
 29.23775465 32.01440149 22.04780275 25.09218693 21.18650171 21.05538735
 22.1172931 ]
<<<<<<< HEAD
4.721303561194006 19.752509498037444 45.63045470947841
val isze = 0
idinces = [ 3  7 17  5  6  2 10 13  8 14 16 18 12 11  1  0 15  4  9]
=======
pred
[tensor([47.6286, 33.5949, 29.3243, 41.3069, 35.7324, 46.9083, 43.6720, 55.7780,
        46.5860, 46.0028, 53.0509, 49.6570, 37.3196, 15.6129, 11.9234, 34.2922,
        19.9404, 20.0052, 28.1364])]
0.6879416849661207 18.950396229558027 64.3236873799827
val isze = 0
idinces = [ 2 15  4 10 14  1  6  0  3 16  9 18 11 17 12  8  5 13  7]
training loss = 2.1751930713653564 500
training loss = 1.3741084337234497 1000
reduced chi^2 level 2 = 1.371516227722168
Constrained alpha: 1.8340883255004883
Constrained beta: 3.702404260635376
Constrained gamma: 28.505327224731445
>>>>>>> bf5bffb69ec4a318117f0a4aa6bdaab926d87e87
(1, 19)
(1, 0)
data before
[0.00000000e+00 0.00000000e+00 0.00000000e+00 0.00000000e+00
 0.00000000e+00 0.00000000e+00 0.00000000e+00 0.00000000e+00
 0.00000000e+00 0.00000000e+00 0.00000000e+00 0.00000000e+00
 0.00000000e+00 0.00000000e+00 0.00000000e+00 0.00000000e+00
 0.00000000e+00 0.00000000e+00 0.00000000e+00 0.00000000e+00
 1.84176728e+01 2.18499386e+01 2.53173195e+01 2.91548563e+01
 3.33574413e+01 3.70034536e+01 4.06619458e+01 4.37814481e+01
 4.59820862e+01 4.73011766e+01 4.68162564e+01 4.39996560e+01
 3.81621197e+01 2.92377547e+01 1.88342737e+01 9.14647027e+00
 3.30404540e+00 7.28423529e-01 1.18858551e-03 0.00000000e+00
 0.00000000e+00]
5
data after
[40.26761131885887, 25.31731947627604, 29.15485628897786, 33.35744134149492, 37.003453550398355, 40.66194582975268, 43.781448062188325, 45.98208621004462, 47.30117657683849, 46.816256432634596, 43.99965598469377, 38.16211969864145, 29.2377546518296, 32.014401494928755]
5
data,sig_tot
[40.26761132 25.31731948 29.15485629 33.35744134 37.00345355 40.66194583
 43.78144806 45.98208621 47.30117658 46.81625643 43.99965598 38.1621197
 29.23775465 32.01440149 22.04780275 25.09218693 21.18650171 21.05538735
 22.1172931 ]
[40.26761132 25.31731948 29.15485629 33.35744134 37.00345355 40.66194583
 43.78144806 45.98208621 47.30117658 46.81625643 43.99965598 38.1621197
 29.23775465 32.01440149 22.04780275 25.09218693 21.18650171 21.05538735
 22.1172931 ]
<<<<<<< HEAD
4.721303561194006 19.752509498037444 45.63045470947841
val isze = 0
idinces = [ 3  7 17  5  6  2 10 13  8 14 16 18 12 11  1  0 15  4  9]
training loss = 30.637163162231445 500
training loss = 29.8199462890625 1000
training loss = 29.6155948638916 1500
training loss = 29.529855728149414 2000
training loss = 29.494970321655273 2500
training loss = 29.472932815551758 3000
training loss = 29.4510555267334 3500
training loss = 29.425636291503906 4000
training loss = 29.395118713378906 4500
training loss = 29.35650634765625 5000
=======
pred
[tensor([33.3540, 30.0972, 25.3155, 44.8807, 39.4569, 32.2828, 44.9559, 51.6627,
        45.5954, 41.0369, 54.4387, 50.4249, 41.5156, 34.6919, 12.3180, 18.4651,
        28.0130, 18.5429, 12.6519])]
3.5687415268898848 4.327874932438062 26.789776529333796
val isze = 0
idinces = [ 2 10  3  0  5 13 16  1 18  6 11  4 12  8 17  9 14 15  7]
training loss = 3.3855221271514893 500
training loss = 2.653277635574341 1000
training loss = 2.3892123699188232 1500
training loss = 2.142298936843872 2000
training loss = 1.862214207649231 2500
training loss = 1.697024941444397 3000
training loss = 1.410111904144287 3500
training loss = 1.3026028871536255 4000
training loss = 1.2283296585083008 4500
training loss = 1.1993072032928467 5000
reduced chi^2 level 2 = 1.1992902755737305
Constrained alpha: 1.9308736324310303
Constrained beta: 3.0877864360809326
Constrained gamma: 4.630739688873291
>>>>>>> bf5bffb69ec4a318117f0a4aa6bdaab926d87e87
(1, 19)
(1, 0)
data before
[0.00000000e+00 0.00000000e+00 0.00000000e+00 0.00000000e+00
 0.00000000e+00 0.00000000e+00 0.00000000e+00 0.00000000e+00
 0.00000000e+00 0.00000000e+00 0.00000000e+00 0.00000000e+00
 0.00000000e+00 0.00000000e+00 0.00000000e+00 0.00000000e+00
 0.00000000e+00 0.00000000e+00 0.00000000e+00 0.00000000e+00
 1.84176728e+01 2.18499386e+01 2.53173195e+01 2.91548563e+01
 3.33574413e+01 3.70034536e+01 4.06619458e+01 4.37814481e+01
 4.59820862e+01 4.73011766e+01 4.68162564e+01 4.39996560e+01
 3.81621197e+01 2.92377547e+01 1.88342737e+01 9.14647027e+00
 3.30404540e+00 7.28423529e-01 1.18858551e-03 0.00000000e+00
 0.00000000e+00]
5
data after
[40.26761131885887, 25.31731947627604, 29.15485628897786, 33.35744134149492, 37.003453550398355, 40.66194582975268, 43.781448062188325, 45.98208621004462, 47.30117657683849, 46.816256432634596, 43.99965598469377, 38.16211969864145, 29.2377546518296, 32.014401494928755]
5
data,sig_tot
[40.26761132 25.31731948 29.15485629 33.35744134 37.00345355 40.66194583
 43.78144806 45.98208621 47.30117658 46.81625643 43.99965598 38.1621197
 29.23775465 32.01440149 22.04780275 25.09218693 21.18650171 21.05538735
 22.1172931 ]
[40.26761132 25.31731948 29.15485629 33.35744134 37.00345355 40.66194583
 43.78144806 45.98208621 47.30117658 46.81625643 43.99965598 38.1621197
 29.23775465 32.01440149 22.04780275 25.09218693 21.18650171 21.05538735
 22.1172931 ]
<<<<<<< HEAD
4.721303561194006 19.752509498037444 45.63045470947841
val isze = 0
idinces = [ 3  7 17  5  6  2 10 13  8 14 16 18 12 11  1  0 15  4  9]
training loss = 30.273113250732422 500
training loss = 30.18292236328125 1000
training loss = 30.05976676940918 1500
training loss = 29.90369987487793 2000
training loss = 29.75277328491211 2500
training loss = 29.65528678894043 3000
training loss = 29.5999813079834 3500
training loss = 29.548622131347656 4000
training loss = 29.486469268798828 4500
training loss = 29.408742904663086 5000
=======
pred
[tensor([46.1749, 26.6159, 26.5037, 42.6685, 39.8813, 34.8332, 47.0813, 48.2260,
        50.7400, 49.3305, 41.3997, 42.1651, 22.6103, 36.5757, 22.5117, 37.6403,
        20.6316, 16.3388, 19.3550])]
4.739760215460782 16.466676689527578 19.61357236162897
val isze = 0
idinces = [ 4 14 18  3  6  1 11 17  8  9 13  0  5  2 16 12  7 10 15]
>>>>>>> bf5bffb69ec4a318117f0a4aa6bdaab926d87e87
(1, 19)
(1, 0)
