data before
[0.00000000e+00 0.00000000e+00 0.00000000e+00 0.00000000e+00
 0.00000000e+00 0.00000000e+00 0.00000000e+00 0.00000000e+00
 0.00000000e+00 0.00000000e+00 0.00000000e+00 0.00000000e+00
 0.00000000e+00 0.00000000e+00 0.00000000e+00 0.00000000e+00
 0.00000000e+00 0.00000000e+00 0.00000000e+00 0.00000000e+00
 1.84176728e+01 2.18499386e+01 2.53173195e+01 2.91548563e+01
 3.33574413e+01 3.70034536e+01 4.06619458e+01 4.37814481e+01
 4.59820862e+01 4.73011766e+01 4.68162564e+01 4.39996560e+01
 3.81621197e+01 2.92377547e+01 1.88342737e+01 9.14647027e+00
 3.30404540e+00 7.28423529e-01 1.18858551e-03 0.00000000e+00
 0.00000000e+00]
5
data after
[40.26761131885887, 25.31731947627604, 29.15485628897786, 33.35744134149492, 37.003453550398355, 40.66194582975268, 43.781448062188325, 45.98208621004462, 47.30117657683849, 46.816256432634596, 43.99965598469377, 38.16211969864145, 29.2377546518296, 32.014401494928755]
5
data,sig_tot
[40.26761132 25.31731948 29.15485629 33.35744134 37.00345355 40.66194583
 43.78144806 45.98208621 47.30117658 46.81625643 43.99965598 38.1621197
 29.23775465 32.01440149 22.04780275 25.09218693 21.18650171 21.05538735
 22.1172931 ]
[40.26761132 25.31731948 29.15485629 33.35744134 37.00345355 40.66194583
 43.78144806 45.98208621 47.30117658 46.81625643 43.99965598 38.1621197
 29.23775465 32.01440149 22.04780275 25.09218693 21.18650171 21.05538735
 22.1172931 ]
<<<<<<< HEAD
0.8653227948337378 16.849169686269516 72.06006568711204
val isze = 0
idinces = [ 3  7 17  5  6  2 10 13  8 14 16 18 12 11  1  0 15  4  9]
training loss = 1.3512799739837646 500
training loss = 0.9429821372032166 1000
training loss = 0.6579238176345825 1500
training loss = 0.6540612578392029 2000
training loss = 0.6484841108322144 2500
training loss = 0.6401172280311584 3000
training loss = 0.6220114827156067 3500
reduced chi^2 level 2 = 0.611905038356781
Constrained alpha: 2.363821506500244
Constrained beta: 3.56925630569458
Constrained gamma: 4.927985668182373
=======
pred
[tensor([29.7200, 24.1889, 28.2251, 41.9413, 32.0801, 47.7183, 48.8125, 51.5355,
        54.1396, 57.3484, 35.8496, 50.9593, 33.5366, 26.0532, 16.0941, 26.6004,
        30.6054, 21.2319, 17.9210])]
1.9906861873538018 15.775032808000784 43.68139000621777
val isze = 0
idinces = [17  1  9  6 16 12  4 15  8  0 18 10 14 11 13  7  5  3  2]
training loss = 1.2828563451766968 500
training loss = 1.143237590789795 1000
reduced chi^2 level 2 = 1.1573114395141602
Constrained alpha: 1.5580538511276245
Constrained beta: 4.310791015625
Constrained gamma: 15.622224807739258
>>>>>>> bf5bffb69ec4a318117f0a4aa6bdaab926d87e87
(1, 19)
(1, 0)
data before
[0.00000000e+00 0.00000000e+00 0.00000000e+00 0.00000000e+00
 0.00000000e+00 0.00000000e+00 0.00000000e+00 0.00000000e+00
 0.00000000e+00 0.00000000e+00 0.00000000e+00 0.00000000e+00
 0.00000000e+00 0.00000000e+00 0.00000000e+00 0.00000000e+00
 0.00000000e+00 0.00000000e+00 0.00000000e+00 0.00000000e+00
 1.84176728e+01 2.18499386e+01 2.53173195e+01 2.91548563e+01
 3.33574413e+01 3.70034536e+01 4.06619458e+01 4.37814481e+01
 4.59820862e+01 4.73011766e+01 4.68162564e+01 4.39996560e+01
 3.81621197e+01 2.92377547e+01 1.88342737e+01 9.14647027e+00
 3.30404540e+00 7.28423529e-01 1.18858551e-03 0.00000000e+00
 0.00000000e+00]
5
data after
[40.26761131885887, 25.31731947627604, 29.15485628897786, 33.35744134149492, 37.003453550398355, 40.66194582975268, 43.781448062188325, 45.98208621004462, 47.30117657683849, 46.816256432634596, 43.99965598469377, 38.16211969864145, 29.2377546518296, 32.014401494928755]
5
data,sig_tot
[40.26761132 25.31731948 29.15485629 33.35744134 37.00345355 40.66194583
 43.78144806 45.98208621 47.30117658 46.81625643 43.99965598 38.1621197
 29.23775465 32.01440149 22.04780275 25.09218693 21.18650171 21.05538735
 22.1172931 ]
[40.26761132 25.31731948 29.15485629 33.35744134 37.00345355 40.66194583
 43.78144806 45.98208621 47.30117658 46.81625643 43.99965598 38.1621197
 29.23775465 32.01440149 22.04780275 25.09218693 21.18650171 21.05538735
 22.1172931 ]
<<<<<<< HEAD
4.721303561194006 19.752509498037444 45.63045470947841
val isze = 0
idinces = [ 3  7 17  5  6  2 10 13  8 14 16 18 12 11  1  0 15  4  9]
training loss = 32.2326545715332 500
training loss = 30.960100173950195 1000
training loss = 29.985031127929688 1500
training loss = 29.610923767089844 2000
training loss = 29.482929229736328 2500
training loss = 29.407278060913086 3000
training loss = 29.330162048339844 3500
training loss = 29.23719596862793 4000
training loss = 29.119096755981445 4500
training loss = 28.958251953125 5000
=======
pred
[tensor([39.7927, 15.3575, 16.3945, 40.3716, 32.6934, 44.1124, 35.0987, 54.2946,
        54.5665, 49.3844, 36.1465, 46.6950, 26.0373, 29.2863, 19.6487, 26.3329,
        34.9931, 19.1962, 19.8911])]
1.2802949318719614 19.905996564796794 5.926614639343142
val isze = 0
idinces = [18  0 16 13  1  7  8 17 15 14 12 10  4  6 11  5  2  9  3]
training loss = 1.9977260828018188 500
training loss = 1.6422756910324097 1000
reduced chi^2 level 2 = 1.6623562574386597
Constrained alpha: 1.761890172958374
Constrained beta: 3.648256778717041
Constrained gamma: 3.222909450531006
>>>>>>> bf5bffb69ec4a318117f0a4aa6bdaab926d87e87
(1, 19)
(1, 0)
data before
[0.00000000e+00 0.00000000e+00 0.00000000e+00 0.00000000e+00
 0.00000000e+00 0.00000000e+00 0.00000000e+00 0.00000000e+00
 0.00000000e+00 0.00000000e+00 0.00000000e+00 0.00000000e+00
 0.00000000e+00 0.00000000e+00 0.00000000e+00 0.00000000e+00
 0.00000000e+00 0.00000000e+00 0.00000000e+00 0.00000000e+00
 1.84176728e+01 2.18499386e+01 2.53173195e+01 2.91548563e+01
 3.33574413e+01 3.70034536e+01 4.06619458e+01 4.37814481e+01
 4.59820862e+01 4.73011766e+01 4.68162564e+01 4.39996560e+01
 3.81621197e+01 2.92377547e+01 1.88342737e+01 9.14647027e+00
 3.30404540e+00 7.28423529e-01 1.18858551e-03 0.00000000e+00
 0.00000000e+00]
5
data after
[40.26761131885887, 25.31731947627604, 29.15485628897786, 33.35744134149492, 37.003453550398355, 40.66194582975268, 43.781448062188325, 45.98208621004462, 47.30117657683849, 46.816256432634596, 43.99965598469377, 38.16211969864145, 29.2377546518296, 32.014401494928755]
5
data,sig_tot
[40.26761132 25.31731948 29.15485629 33.35744134 37.00345355 40.66194583
 43.78144806 45.98208621 47.30117658 46.81625643 43.99965598 38.1621197
 29.23775465 32.01440149 22.04780275 25.09218693 21.18650171 21.05538735
 22.1172931 ]
[40.26761132 25.31731948 29.15485629 33.35744134 37.00345355 40.66194583
 43.78144806 45.98208621 47.30117658 46.81625643 43.99965598 38.1621197
 29.23775465 32.01440149 22.04780275 25.09218693 21.18650171 21.05538735
 22.1172931 ]
<<<<<<< HEAD
4.721303561194006 19.752509498037444 45.63045470947841
val isze = 0
idinces = [ 3  7 17  5  6  2 10 13  8 14 16 18 12 11  1  0 15  4  9]
training loss = 30.5177059173584 500
training loss = 29.751766204833984 1000
training loss = 29.559770584106445 1500
training loss = 29.476116180419922 2000
training loss = 29.398271560668945 2500
training loss = 29.310855865478516 3000
training loss = 29.2080078125 3500
training loss = 29.076820373535156 4000
training loss = 28.886154174804688 4500
training loss = 28.55525016784668 5000
=======
pred
[tensor([34.1036, 28.2001, 14.6934, 39.4698, 45.8014, 46.6816, 37.9757, 51.0278,
        48.7994, 53.8337, 49.3749, 54.1065, 36.1915, 28.0328, 21.5105, 35.4960,
        26.7440, 18.0728, 17.0423])]
0.7593428695021642 5.380961048582861 19.330045703354937
val isze = 0
idinces = [ 6 15 10  3  7 13 12 16  2  8 17  1  9  5  0  4 14 11 18]
training loss = 1.9777253866195679 500
reduced chi^2 level 2 = 1.9821330308914185
Constrained alpha: 1.7850089073181152
Constrained beta: 3.6694180965423584
Constrained gamma: 8.043359756469727
>>>>>>> bf5bffb69ec4a318117f0a4aa6bdaab926d87e87
(1, 19)
(1, 0)
data before
[0.00000000e+00 0.00000000e+00 0.00000000e+00 0.00000000e+00
 0.00000000e+00 0.00000000e+00 0.00000000e+00 0.00000000e+00
 0.00000000e+00 0.00000000e+00 0.00000000e+00 0.00000000e+00
 0.00000000e+00 0.00000000e+00 0.00000000e+00 0.00000000e+00
 0.00000000e+00 0.00000000e+00 0.00000000e+00 0.00000000e+00
 1.84176728e+01 2.18499386e+01 2.53173195e+01 2.91548563e+01
 3.33574413e+01 3.70034536e+01 4.06619458e+01 4.37814481e+01
 4.59820862e+01 4.73011766e+01 4.68162564e+01 4.39996560e+01
 3.81621197e+01 2.92377547e+01 1.88342737e+01 9.14647027e+00
 3.30404540e+00 7.28423529e-01 1.18858551e-03 0.00000000e+00
 0.00000000e+00]
5
data after
[40.26761131885887, 25.31731947627604, 29.15485628897786, 33.35744134149492, 37.003453550398355, 40.66194582975268, 43.781448062188325, 45.98208621004462, 47.30117657683849, 46.816256432634596, 43.99965598469377, 38.16211969864145, 29.2377546518296, 32.014401494928755]
5
data,sig_tot
[40.26761132 25.31731948 29.15485629 33.35744134 37.00345355 40.66194583
 43.78144806 45.98208621 47.30117658 46.81625643 43.99965598 38.1621197
 29.23775465 32.01440149 22.04780275 25.09218693 21.18650171 21.05538735
 22.1172931 ]
[40.26761132 25.31731948 29.15485629 33.35744134 37.00345355 40.66194583
 43.78144806 45.98208621 47.30117658 46.81625643 43.99965598 38.1621197
 29.23775465 32.01440149 22.04780275 25.09218693 21.18650171 21.05538735
 22.1172931 ]
<<<<<<< HEAD
4.721303561194006 19.752509498037444 45.63045470947841
val isze = 0
idinces = [ 3  7 17  5  6  2 10 13  8 14 16 18 12 11  1  0 15  4  9]
training loss = 30.007125854492188 500
training loss = 29.743698120117188 1000
training loss = 29.693334579467773 1500
training loss = 29.647905349731445 2000
training loss = 29.6031551361084 2500
training loss = 29.5535945892334 3000
training loss = 29.495351791381836 3500
training loss = 29.425472259521484 4000
training loss = 29.340730667114258 4500
training loss = 29.23495101928711 5000
=======
pred
[tensor([41.1032, 26.1863, 29.0050, 28.0330, 33.7426, 47.6236, 42.3333, 49.9580,
        36.3046, 49.9037, 54.8920, 49.1960, 28.5790, 23.1562, 16.7431, 31.7457,
        28.2957, 26.4550, 21.6355])]
4.888132480740877 9.695826488617158 75.70630229288999
val isze = 0
idinces = [ 3 10  4  8 15 11 17 12  1 13  7  6  2  0  9  5 16 14 18]
training loss = 40.39518737792969 500
training loss = 35.518211364746094 1000
training loss = 34.76726531982422 1500
training loss = 34.3643913269043 2000
training loss = 33.74694061279297 2500
training loss = 32.54737091064453 3000
training loss = 30.79189682006836 3500
training loss = 29.460838317871094 4000
training loss = 28.730031967163086 4500
training loss = 28.2197208404541 5000
>>>>>>> bf5bffb69ec4a318117f0a4aa6bdaab926d87e87
(1, 19)
(1, 0)
data before
[0.00000000e+00 0.00000000e+00 0.00000000e+00 0.00000000e+00
 0.00000000e+00 0.00000000e+00 0.00000000e+00 0.00000000e+00
 0.00000000e+00 0.00000000e+00 0.00000000e+00 0.00000000e+00
 0.00000000e+00 0.00000000e+00 0.00000000e+00 0.00000000e+00
 0.00000000e+00 0.00000000e+00 0.00000000e+00 0.00000000e+00
 1.84176728e+01 2.18499386e+01 2.53173195e+01 2.91548563e+01
 3.33574413e+01 3.70034536e+01 4.06619458e+01 4.37814481e+01
 4.59820862e+01 4.73011766e+01 4.68162564e+01 4.39996560e+01
 3.81621197e+01 2.92377547e+01 1.88342737e+01 9.14647027e+00
 3.30404540e+00 7.28423529e-01 1.18858551e-03 0.00000000e+00
 0.00000000e+00]
5
data after
[40.26761131885887, 25.31731947627604, 29.15485628897786, 33.35744134149492, 37.003453550398355, 40.66194582975268, 43.781448062188325, 45.98208621004462, 47.30117657683849, 46.816256432634596, 43.99965598469377, 38.16211969864145, 29.2377546518296, 32.014401494928755]
5
data,sig_tot
[40.26761132 25.31731948 29.15485629 33.35744134 37.00345355 40.66194583
 43.78144806 45.98208621 47.30117658 46.81625643 43.99965598 38.1621197
 29.23775465 32.01440149 22.04780275 25.09218693 21.18650171 21.05538735
 22.1172931 ]
[40.26761132 25.31731948 29.15485629 33.35744134 37.00345355 40.66194583
 43.78144806 45.98208621 47.30117658 46.81625643 43.99965598 38.1621197
 29.23775465 32.01440149 22.04780275 25.09218693 21.18650171 21.05538735
 22.1172931 ]
<<<<<<< HEAD
4.721303561194006 19.752509498037444 45.63045470947841
val isze = 0
idinces = [ 3  7 17  5  6  2 10 13  8 14 16 18 12 11  1  0 15  4  9]
=======
pred
[tensor([32.6404, 24.7342, 22.0933, 45.4607, 29.5321, 25.9849, 47.2432, 47.0482,
        59.5902, 44.8562, 56.7755, 52.9974, 33.7114, 31.6981, 19.2946, 28.1197,
        26.6893, 24.2555, 19.8254])]
2.487224144586351 12.68114152477442 79.56233631016877
val isze = 0
idinces = [ 8 13  4 16  7  6 15  0  9 18  5 11 17  1  3 12 10  2 14]
training loss = 1.1052813529968262 500
reduced chi^2 level 2 = 1.055063009262085
Constrained alpha: 1.6139600276947021
Constrained beta: 4.501175403594971
Constrained gamma: 55.340206146240234
>>>>>>> bf5bffb69ec4a318117f0a4aa6bdaab926d87e87
(1, 19)
(1, 0)
data before
[0.00000000e+00 0.00000000e+00 0.00000000e+00 0.00000000e+00
 0.00000000e+00 0.00000000e+00 0.00000000e+00 0.00000000e+00
 0.00000000e+00 0.00000000e+00 0.00000000e+00 0.00000000e+00
 0.00000000e+00 0.00000000e+00 0.00000000e+00 0.00000000e+00
 0.00000000e+00 0.00000000e+00 0.00000000e+00 0.00000000e+00
 1.84176728e+01 2.18499386e+01 2.53173195e+01 2.91548563e+01
 3.33574413e+01 3.70034536e+01 4.06619458e+01 4.37814481e+01
 4.59820862e+01 4.73011766e+01 4.68162564e+01 4.39996560e+01
 3.81621197e+01 2.92377547e+01 1.88342737e+01 9.14647027e+00
 3.30404540e+00 7.28423529e-01 1.18858551e-03 0.00000000e+00
 0.00000000e+00]
5
data after
[40.26761131885887, 25.31731947627604, 29.15485628897786, 33.35744134149492, 37.003453550398355, 40.66194582975268, 43.781448062188325, 45.98208621004462, 47.30117657683849, 46.816256432634596, 43.99965598469377, 38.16211969864145, 29.2377546518296, 32.014401494928755]
5
data,sig_tot
[40.26761132 25.31731948 29.15485629 33.35744134 37.00345355 40.66194583
 43.78144806 45.98208621 47.30117658 46.81625643 43.99965598 38.1621197
 29.23775465 32.01440149 22.04780275 25.09218693 21.18650171 21.05538735
 22.1172931 ]
[40.26761132 25.31731948 29.15485629 33.35744134 37.00345355 40.66194583
 43.78144806 45.98208621 47.30117658 46.81625643 43.99965598 38.1621197
 29.23775465 32.01440149 22.04780275 25.09218693 21.18650171 21.05538735
 22.1172931 ]
<<<<<<< HEAD
4.721303561194006 19.752509498037444 45.63045470947841
val isze = 0
idinces = [ 3  7 17  5  6  2 10 13  8 14 16 18 12 11  1  0 15  4  9]
training loss = 31.50721549987793 500
training loss = 29.794368743896484 1000
training loss = 29.674739837646484 1500
training loss = 29.6314640045166 2000
training loss = 29.607948303222656 2500
training loss = 29.594167709350586 3000
training loss = 29.580801010131836 3500
training loss = 29.564485549926758 4000
training loss = 29.543466567993164 4500
training loss = 29.51664924621582 5000
=======
pred
[tensor([42.0576, 22.4884, 22.1045, 29.4171, 31.0378, 33.6809, 37.8058, 40.3351,
        52.1626, 41.8246, 50.9120, 43.8260, 24.8233, 34.5032, 25.7192, 23.1706,
        17.6110, 27.6236, 14.1987])]
1.2883273083907287 10.49226242833807 68.16472933900185
val isze = 0
idinces = [ 6 13 14  2 11  5  1 16 10 18 15 12  8 17  9  3  4  7  0]
training loss = 0.7103919386863708 500
training loss = 0.6475111246109009 1000
reduced chi^2 level 2 = 0.6480921506881714
Constrained alpha: 2.081916570663452
Constrained beta: 3.203429698944092
Constrained gamma: 39.720947265625
>>>>>>> bf5bffb69ec4a318117f0a4aa6bdaab926d87e87
(1, 19)
(1, 0)
data before
[0.00000000e+00 0.00000000e+00 0.00000000e+00 0.00000000e+00
 0.00000000e+00 0.00000000e+00 0.00000000e+00 0.00000000e+00
 0.00000000e+00 0.00000000e+00 0.00000000e+00 0.00000000e+00
 0.00000000e+00 0.00000000e+00 0.00000000e+00 0.00000000e+00
 0.00000000e+00 0.00000000e+00 0.00000000e+00 0.00000000e+00
 1.84176728e+01 2.18499386e+01 2.53173195e+01 2.91548563e+01
 3.33574413e+01 3.70034536e+01 4.06619458e+01 4.37814481e+01
 4.59820862e+01 4.73011766e+01 4.68162564e+01 4.39996560e+01
 3.81621197e+01 2.92377547e+01 1.88342737e+01 9.14647027e+00
 3.30404540e+00 7.28423529e-01 1.18858551e-03 0.00000000e+00
 0.00000000e+00]
5
data after
[40.26761131885887, 25.31731947627604, 29.15485628897786, 33.35744134149492, 37.003453550398355, 40.66194582975268, 43.781448062188325, 45.98208621004462, 47.30117657683849, 46.816256432634596, 43.99965598469377, 38.16211969864145, 29.2377546518296, 32.014401494928755]
5
data,sig_tot
[40.26761132 25.31731948 29.15485629 33.35744134 37.00345355 40.66194583
 43.78144806 45.98208621 47.30117658 46.81625643 43.99965598 38.1621197
 29.23775465 32.01440149 22.04780275 25.09218693 21.18650171 21.05538735
 22.1172931 ]
[40.26761132 25.31731948 29.15485629 33.35744134 37.00345355 40.66194583
 43.78144806 45.98208621 47.30117658 46.81625643 43.99965598 38.1621197
 29.23775465 32.01440149 22.04780275 25.09218693 21.18650171 21.05538735
 22.1172931 ]
<<<<<<< HEAD
4.721303561194006 19.752509498037444 45.63045470947841
val isze = 0
idinces = [ 3  7 17  5  6  2 10 13  8 14 16 18 12 11  1  0 15  4  9]
=======
pred
[tensor([55.8500, 30.7962, 22.6441, 45.2295, 34.6276, 32.3526, 41.8596, 55.7877,
        56.6375, 52.1987, 38.0049, 40.5595, 31.7762, 32.6580, 15.7248, 23.7433,
        26.5345, 29.6098, 27.0789])]
0.8758836513553642 6.624448898098436 89.1336221038954
val isze = 0
idinces = [ 2 17 16  3  5  4 10 13  0 14 12  7  8  1 11 18  9  6 15]
training loss = 1.2981380224227905 500
training loss = 1.1470403671264648 1000
reduced chi^2 level 2 = 1.1485154628753662
Constrained alpha: 2.1066229343414307
Constrained beta: 2.7699527740478516
Constrained gamma: 53.69843292236328
>>>>>>> bf5bffb69ec4a318117f0a4aa6bdaab926d87e87
(1, 19)
(1, 0)
data before
[0.00000000e+00 0.00000000e+00 0.00000000e+00 0.00000000e+00
 0.00000000e+00 0.00000000e+00 0.00000000e+00 0.00000000e+00
 0.00000000e+00 0.00000000e+00 0.00000000e+00 0.00000000e+00
 0.00000000e+00 0.00000000e+00 0.00000000e+00 0.00000000e+00
 0.00000000e+00 0.00000000e+00 0.00000000e+00 0.00000000e+00
 1.84176728e+01 2.18499386e+01 2.53173195e+01 2.91548563e+01
 3.33574413e+01 3.70034536e+01 4.06619458e+01 4.37814481e+01
 4.59820862e+01 4.73011766e+01 4.68162564e+01 4.39996560e+01
 3.81621197e+01 2.92377547e+01 1.88342737e+01 9.14647027e+00
 3.30404540e+00 7.28423529e-01 1.18858551e-03 0.00000000e+00
 0.00000000e+00]
5
data after
[40.26761131885887, 25.31731947627604, 29.15485628897786, 33.35744134149492, 37.003453550398355, 40.66194582975268, 43.781448062188325, 45.98208621004462, 47.30117657683849, 46.816256432634596, 43.99965598469377, 38.16211969864145, 29.2377546518296, 32.014401494928755]
5
data,sig_tot
[40.26761132 25.31731948 29.15485629 33.35744134 37.00345355 40.66194583
 43.78144806 45.98208621 47.30117658 46.81625643 43.99965598 38.1621197
 29.23775465 32.01440149 22.04780275 25.09218693 21.18650171 21.05538735
 22.1172931 ]
[40.26761132 25.31731948 29.15485629 33.35744134 37.00345355 40.66194583
 43.78144806 45.98208621 47.30117658 46.81625643 43.99965598 38.1621197
 29.23775465 32.01440149 22.04780275 25.09218693 21.18650171 21.05538735
 22.1172931 ]
<<<<<<< HEAD
4.721303561194006 19.752509498037444 45.63045470947841
val isze = 0
idinces = [ 3  7 17  5  6  2 10 13  8 14 16 18 12 11  1  0 15  4  9]
training loss = 30.444650650024414 500
training loss = 29.822317123413086 1000
training loss = 29.647294998168945 1500
training loss = 29.585777282714844 2000
training loss = 29.543302536010742 2500
training loss = 29.496816635131836 3000
training loss = 29.441959381103516 3500
training loss = 29.37689781188965 4000
training loss = 29.2989501953125 4500
training loss = 29.2030029296875 5000
=======
pred
[tensor([39.1493, 13.4809, 23.6737, 32.2504, 32.0109, 34.3096, 49.0110, 46.1742,
        60.2309, 54.9896, 32.5713, 49.8378, 13.4444, 39.8009, 16.1452, 35.9987,
        26.1233, 22.0628, 19.9883])]
2.820124763086749 1.3983867964906072 9.06788398055063
val isze = 0
idinces = [ 0 15 18  4  5  2  1  9 11  3 17 13  6  7  8 10 16 12 14]
training loss = 1.6052247285842896 500
training loss = 1.4951683282852173 1000
training loss = 1.3775144815444946 1500
training loss = 1.377354383468628 2000
reduced chi^2 level 2 = 1.3775269985198975
Constrained alpha: 1.6918597221374512
Constrained beta: -0.012803202494978905
Constrained gamma: 3.6581807136535645
>>>>>>> bf5bffb69ec4a318117f0a4aa6bdaab926d87e87
(1, 19)
(1, 0)
data before
[0.00000000e+00 0.00000000e+00 0.00000000e+00 0.00000000e+00
 0.00000000e+00 0.00000000e+00 0.00000000e+00 0.00000000e+00
 0.00000000e+00 0.00000000e+00 0.00000000e+00 0.00000000e+00
 0.00000000e+00 0.00000000e+00 0.00000000e+00 0.00000000e+00
 0.00000000e+00 0.00000000e+00 0.00000000e+00 0.00000000e+00
 1.84176728e+01 2.18499386e+01 2.53173195e+01 2.91548563e+01
 3.33574413e+01 3.70034536e+01 4.06619458e+01 4.37814481e+01
 4.59820862e+01 4.73011766e+01 4.68162564e+01 4.39996560e+01
 3.81621197e+01 2.92377547e+01 1.88342737e+01 9.14647027e+00
 3.30404540e+00 7.28423529e-01 1.18858551e-03 0.00000000e+00
 0.00000000e+00]
5
data after
[40.26761131885887, 25.31731947627604, 29.15485628897786, 33.35744134149492, 37.003453550398355, 40.66194582975268, 43.781448062188325, 45.98208621004462, 47.30117657683849, 46.816256432634596, 43.99965598469377, 38.16211969864145, 29.2377546518296, 32.014401494928755]
5
data,sig_tot
[40.26761132 25.31731948 29.15485629 33.35744134 37.00345355 40.66194583
 43.78144806 45.98208621 47.30117658 46.81625643 43.99965598 38.1621197
 29.23775465 32.01440149 22.04780275 25.09218693 21.18650171 21.05538735
 22.1172931 ]
[40.26761132 25.31731948 29.15485629 33.35744134 37.00345355 40.66194583
 43.78144806 45.98208621 47.30117658 46.81625643 43.99965598 38.1621197
 29.23775465 32.01440149 22.04780275 25.09218693 21.18650171 21.05538735
 22.1172931 ]
<<<<<<< HEAD
4.721303561194006 19.752509498037444 45.63045470947841
val isze = 0
idinces = [ 3  7 17  5  6  2 10 13  8 14 16 18 12 11  1  0 15  4  9]
training loss = 29.725887298583984 500
training loss = 29.480751037597656 1000
training loss = 29.46019172668457 1500
training loss = 29.43504524230957 2000
training loss = 29.4044246673584 2500
training loss = 29.366798400878906 3000
training loss = 29.320161819458008 3500
training loss = 29.2616024017334 4000
training loss = 29.186189651489258 4500
training loss = 29.084796905517578 5000
=======
pred
[tensor([36.8460, 20.0706, 35.1506, 34.6245, 37.0063, 36.3066, 43.2969, 45.9858,
        49.0653, 51.8835, 37.1135, 48.4204, 25.6185, 28.9959, 17.7275, 21.0601,
        20.0534, 16.3177, 12.6838])]
1.923184508014661 0.8265237254761071 79.7801928925358
val isze = 0
idinces = [ 7 18 15  4  5 16 13  9 14  6 11  1  2 10 17  8 12  3  0]
training loss = 0.47085893154144287 500
training loss = 0.4337101876735687 1000
training loss = 0.4329221546649933 1500
training loss = 0.43046435713768005 2000
training loss = 0.4279458820819855 2500
training loss = 0.4235011637210846 3000
training loss = 0.4209670424461365 3500
training loss = 0.42250120639801025 4000
reduced chi^2 level 2 = 0.42278239130973816
Constrained alpha: 2.2595865726470947
Constrained beta: -0.011179124936461449
Constrained gamma: 4.9303879737854
>>>>>>> bf5bffb69ec4a318117f0a4aa6bdaab926d87e87
(1, 19)
(1, 0)
data before
[0.00000000e+00 0.00000000e+00 0.00000000e+00 0.00000000e+00
 0.00000000e+00 0.00000000e+00 0.00000000e+00 0.00000000e+00
 0.00000000e+00 0.00000000e+00 0.00000000e+00 0.00000000e+00
 0.00000000e+00 0.00000000e+00 0.00000000e+00 0.00000000e+00
 0.00000000e+00 0.00000000e+00 0.00000000e+00 0.00000000e+00
 1.84176728e+01 2.18499386e+01 2.53173195e+01 2.91548563e+01
 3.33574413e+01 3.70034536e+01 4.06619458e+01 4.37814481e+01
 4.59820862e+01 4.73011766e+01 4.68162564e+01 4.39996560e+01
 3.81621197e+01 2.92377547e+01 1.88342737e+01 9.14647027e+00
 3.30404540e+00 7.28423529e-01 1.18858551e-03 0.00000000e+00
 0.00000000e+00]
5
data after
[40.26761131885887, 25.31731947627604, 29.15485628897786, 33.35744134149492, 37.003453550398355, 40.66194582975268, 43.781448062188325, 45.98208621004462, 47.30117657683849, 46.816256432634596, 43.99965598469377, 38.16211969864145, 29.2377546518296, 32.014401494928755]
5
data,sig_tot
[40.26761132 25.31731948 29.15485629 33.35744134 37.00345355 40.66194583
 43.78144806 45.98208621 47.30117658 46.81625643 43.99965598 38.1621197
 29.23775465 32.01440149 22.04780275 25.09218693 21.18650171 21.05538735
 22.1172931 ]
[40.26761132 25.31731948 29.15485629 33.35744134 37.00345355 40.66194583
 43.78144806 45.98208621 47.30117658 46.81625643 43.99965598 38.1621197
 29.23775465 32.01440149 22.04780275 25.09218693 21.18650171 21.05538735
 22.1172931 ]
<<<<<<< HEAD
4.721303561194006 19.752509498037444 45.63045470947841
val isze = 0
idinces = [ 3  7 17  5  6  2 10 13  8 14 16 18 12 11  1  0 15  4  9]
=======
pred
[tensor([46.5025, 21.6129, 26.4014, 36.0084, 34.4930, 38.6394, 46.6407, 44.7820,
        49.1449, 52.7789, 49.6227, 52.6498, 22.4135, 23.2707, 20.1762, 34.5032,
        24.6595, 15.4646, 19.4610])]
0.9147921521017477 18.652157826969404 33.43041403620914
val isze = 0
idinces = [ 1  3  2 16 12  4 11  6 18 17 14  5 15 10  0  7  8 13  9]
training loss = 1.8409968614578247 500
training loss = 1.2695422172546387 1000
reduced chi^2 level 2 = 1.2821323871612549
Constrained alpha: 1.9186651706695557
Constrained beta: 3.611898899078369
Constrained gamma: 5.871016502380371
>>>>>>> bf5bffb69ec4a318117f0a4aa6bdaab926d87e87
(1, 19)
(1, 0)
data before
[0.00000000e+00 0.00000000e+00 0.00000000e+00 0.00000000e+00
 0.00000000e+00 0.00000000e+00 0.00000000e+00 0.00000000e+00
 0.00000000e+00 0.00000000e+00 0.00000000e+00 0.00000000e+00
 0.00000000e+00 0.00000000e+00 0.00000000e+00 0.00000000e+00
 0.00000000e+00 0.00000000e+00 0.00000000e+00 0.00000000e+00
 1.84176728e+01 2.18499386e+01 2.53173195e+01 2.91548563e+01
 3.33574413e+01 3.70034536e+01 4.06619458e+01 4.37814481e+01
 4.59820862e+01 4.73011766e+01 4.68162564e+01 4.39996560e+01
 3.81621197e+01 2.92377547e+01 1.88342737e+01 9.14647027e+00
 3.30404540e+00 7.28423529e-01 1.18858551e-03 0.00000000e+00
 0.00000000e+00]
5
data after
[40.26761131885887, 25.31731947627604, 29.15485628897786, 33.35744134149492, 37.003453550398355, 40.66194582975268, 43.781448062188325, 45.98208621004462, 47.30117657683849, 46.816256432634596, 43.99965598469377, 38.16211969864145, 29.2377546518296, 32.014401494928755]
5
data,sig_tot
[40.26761132 25.31731948 29.15485629 33.35744134 37.00345355 40.66194583
 43.78144806 45.98208621 47.30117658 46.81625643 43.99965598 38.1621197
 29.23775465 32.01440149 22.04780275 25.09218693 21.18650171 21.05538735
 22.1172931 ]
[40.26761132 25.31731948 29.15485629 33.35744134 37.00345355 40.66194583
 43.78144806 45.98208621 47.30117658 46.81625643 43.99965598 38.1621197
 29.23775465 32.01440149 22.04780275 25.09218693 21.18650171 21.05538735
 22.1172931 ]
<<<<<<< HEAD
4.721303561194006 19.752509498037444 45.63045470947841
val isze = 0
idinces = [ 3  7 17  5  6  2 10 13  8 14 16 18 12 11  1  0 15  4  9]
training loss = 34.280799865722656 500
training loss = 30.36003303527832 1000
training loss = 29.9344539642334 1500
training loss = 29.812255859375 2000
training loss = 29.743389129638672 2500
training loss = 29.702959060668945 3000
training loss = 29.679269790649414 3500
training loss = 29.661710739135742 4000
training loss = 29.644081115722656 4500
training loss = 29.62270736694336 5000
=======
pred
[tensor([36.9110, 31.1368, 22.3091, 31.2760, 33.5246, 54.9184, 46.6219, 49.5115,
        51.0168, 49.3266, 48.8078, 57.3067, 26.4880, 23.1938, 14.0948, 21.7388,
        28.2780, 14.6443, 20.5874])]
2.372286398489992 5.357606005531763 54.332191628364534
val isze = 0
idinces = [ 2 17 18 12 10 15  8  1 11  7  3  6 14  5 16  9  0  4 13]
training loss = 1.2563273906707764 500
training loss = 1.2511218786239624 1000
reduced chi^2 level 2 = 1.2518110275268555
Constrained alpha: 1.5682920217514038
Constrained beta: 4.101959228515625
Constrained gamma: 23.827152252197266
>>>>>>> bf5bffb69ec4a318117f0a4aa6bdaab926d87e87
(1, 19)
(1, 0)
data before
[0.00000000e+00 0.00000000e+00 0.00000000e+00 0.00000000e+00
 0.00000000e+00 0.00000000e+00 0.00000000e+00 0.00000000e+00
 0.00000000e+00 0.00000000e+00 0.00000000e+00 0.00000000e+00
 0.00000000e+00 0.00000000e+00 0.00000000e+00 0.00000000e+00
 0.00000000e+00 0.00000000e+00 0.00000000e+00 0.00000000e+00
 1.84176728e+01 2.18499386e+01 2.53173195e+01 2.91548563e+01
 3.33574413e+01 3.70034536e+01 4.06619458e+01 4.37814481e+01
 4.59820862e+01 4.73011766e+01 4.68162564e+01 4.39996560e+01
 3.81621197e+01 2.92377547e+01 1.88342737e+01 9.14647027e+00
 3.30404540e+00 7.28423529e-01 1.18858551e-03 0.00000000e+00
 0.00000000e+00]
5
data after
[40.26761131885887, 25.31731947627604, 29.15485628897786, 33.35744134149492, 37.003453550398355, 40.66194582975268, 43.781448062188325, 45.98208621004462, 47.30117657683849, 46.816256432634596, 43.99965598469377, 38.16211969864145, 29.2377546518296, 32.014401494928755]
5
data,sig_tot
[40.26761132 25.31731948 29.15485629 33.35744134 37.00345355 40.66194583
 43.78144806 45.98208621 47.30117658 46.81625643 43.99965598 38.1621197
 29.23775465 32.01440149 22.04780275 25.09218693 21.18650171 21.05538735
 22.1172931 ]
[40.26761132 25.31731948 29.15485629 33.35744134 37.00345355 40.66194583
 43.78144806 45.98208621 47.30117658 46.81625643 43.99965598 38.1621197
 29.23775465 32.01440149 22.04780275 25.09218693 21.18650171 21.05538735
 22.1172931 ]
<<<<<<< HEAD
4.721303561194006 19.752509498037444 45.63045470947841
val isze = 0
idinces = [ 3  7 17  5  6  2 10 13  8 14 16 18 12 11  1  0 15  4  9]
=======
pred
[tensor([36.0209, 21.6380, 22.3825, 38.4546, 31.9343, 40.2225, 27.8684, 53.3498,
        47.4081, 46.1778, 48.6291, 50.2101, 32.4556, 28.8425, 21.3624, 30.4343,
        31.4696, 25.7483, 15.1240])]
4.933149711582914 15.18375051342965 50.96449558395527
val isze = 0
idinces = [17 18  0 13  2  9 15 11 10  4  6  1  8 14  5  7  3 12 16]
training loss = 31.11416244506836 500
training loss = 29.799964904785156 1000
training loss = 29.626779556274414 1500
training loss = 29.600297927856445 2000
training loss = 29.584928512573242 2500
training loss = 29.567852020263672 3000
training loss = 29.547527313232422 3500
training loss = 29.522113800048828 4000
training loss = 29.49062728881836 4500
training loss = 29.45118522644043 5000
>>>>>>> bf5bffb69ec4a318117f0a4aa6bdaab926d87e87
(1, 19)
(1, 0)
data before
[0.00000000e+00 0.00000000e+00 0.00000000e+00 0.00000000e+00
 0.00000000e+00 0.00000000e+00 0.00000000e+00 0.00000000e+00
 0.00000000e+00 0.00000000e+00 0.00000000e+00 0.00000000e+00
 0.00000000e+00 0.00000000e+00 0.00000000e+00 0.00000000e+00
 0.00000000e+00 0.00000000e+00 0.00000000e+00 0.00000000e+00
 1.84176728e+01 2.18499386e+01 2.53173195e+01 2.91548563e+01
 3.33574413e+01 3.70034536e+01 4.06619458e+01 4.37814481e+01
 4.59820862e+01 4.73011766e+01 4.68162564e+01 4.39996560e+01
 3.81621197e+01 2.92377547e+01 1.88342737e+01 9.14647027e+00
 3.30404540e+00 7.28423529e-01 1.18858551e-03 0.00000000e+00
 0.00000000e+00]
5
data after
[40.26761131885887, 25.31731947627604, 29.15485628897786, 33.35744134149492, 37.003453550398355, 40.66194582975268, 43.781448062188325, 45.98208621004462, 47.30117657683849, 46.816256432634596, 43.99965598469377, 38.16211969864145, 29.2377546518296, 32.014401494928755]
5
data,sig_tot
[40.26761132 25.31731948 29.15485629 33.35744134 37.00345355 40.66194583
 43.78144806 45.98208621 47.30117658 46.81625643 43.99965598 38.1621197
 29.23775465 32.01440149 22.04780275 25.09218693 21.18650171 21.05538735
 22.1172931 ]
[40.26761132 25.31731948 29.15485629 33.35744134 37.00345355 40.66194583
 43.78144806 45.98208621 47.30117658 46.81625643 43.99965598 38.1621197
 29.23775465 32.01440149 22.04780275 25.09218693 21.18650171 21.05538735
 22.1172931 ]
<<<<<<< HEAD
4.721303561194006 19.752509498037444 45.63045470947841
val isze = 0
idinces = [ 3  7 17  5  6  2 10 13  8 14 16 18 12 11  1  0 15  4  9]
training loss = 34.44955062866211 500
training loss = 34.225746154785156 1000
training loss = 33.60704803466797 1500
training loss = 30.90083122253418 2000
training loss = 29.37132453918457 2500
training loss = 29.256563186645508 3000
training loss = 29.120094299316406 3500
training loss = 28.936800003051758 4000
training loss = 28.680301666259766 4500
training loss = 28.29102897644043 5000
=======
pred
[tensor([42.4638, 19.9834, 32.0806, 42.4612, 22.8685, 28.9433, 47.0085, 63.0245,
        48.9589, 40.4853, 49.0061, 54.7815, 23.3492, 36.0796,  9.9396, 29.4432,
        28.1705, 26.2047, 25.6868])]
3.091893925231037 4.243580492720378 96.31286355192728
val isze = 0
idinces = [10  3 13 15  8 11 12 17 16  7  5 18  6  4  0 14  9  2  1]
training loss = 3.3113186359405518 500
training loss = 2.2694637775421143 1000
training loss = 2.2450873851776123 1500
training loss = 2.229182004928589 2000
training loss = 2.2069380283355713 2500
training loss = 2.1183032989501953 3000
training loss = 2.009823799133301 3500
training loss = 1.9552005529403687 4000
training loss = 1.9326796531677246 4500
training loss = 1.925162434577942 5000
reduced chi^2 level 2 = 1.9251567125320435
Constrained alpha: 1.8359367847442627
Constrained beta: 3.0933029651641846
Constrained gamma: 10.096261978149414
>>>>>>> bf5bffb69ec4a318117f0a4aa6bdaab926d87e87
(1, 19)
(1, 0)
data before
[0.00000000e+00 0.00000000e+00 0.00000000e+00 0.00000000e+00
 0.00000000e+00 0.00000000e+00 0.00000000e+00 0.00000000e+00
 0.00000000e+00 0.00000000e+00 0.00000000e+00 0.00000000e+00
 0.00000000e+00 0.00000000e+00 0.00000000e+00 0.00000000e+00
 0.00000000e+00 0.00000000e+00 0.00000000e+00 0.00000000e+00
 1.84176728e+01 2.18499386e+01 2.53173195e+01 2.91548563e+01
 3.33574413e+01 3.70034536e+01 4.06619458e+01 4.37814481e+01
 4.59820862e+01 4.73011766e+01 4.68162564e+01 4.39996560e+01
 3.81621197e+01 2.92377547e+01 1.88342737e+01 9.14647027e+00
 3.30404540e+00 7.28423529e-01 1.18858551e-03 0.00000000e+00
 0.00000000e+00]
5
data after
[40.26761131885887, 25.31731947627604, 29.15485628897786, 33.35744134149492, 37.003453550398355, 40.66194582975268, 43.781448062188325, 45.98208621004462, 47.30117657683849, 46.816256432634596, 43.99965598469377, 38.16211969864145, 29.2377546518296, 32.014401494928755]
5
data,sig_tot
[40.26761132 25.31731948 29.15485629 33.35744134 37.00345355 40.66194583
 43.78144806 45.98208621 47.30117658 46.81625643 43.99965598 38.1621197
 29.23775465 32.01440149 22.04780275 25.09218693 21.18650171 21.05538735
 22.1172931 ]
[40.26761132 25.31731948 29.15485629 33.35744134 37.00345355 40.66194583
 43.78144806 45.98208621 47.30117658 46.81625643 43.99965598 38.1621197
 29.23775465 32.01440149 22.04780275 25.09218693 21.18650171 21.05538735
 22.1172931 ]
<<<<<<< HEAD
4.721303561194006 19.752509498037444 45.63045470947841
val isze = 0
idinces = [ 3  7 17  5  6  2 10 13  8 14 16 18 12 11  1  0 15  4  9]
training loss = 33.65074920654297 500
training loss = 32.81863784790039 1000
training loss = 31.7132568359375 1500
training loss = 30.397756576538086 2000
training loss = 29.7722110748291 2500
training loss = 29.589946746826172 3000
training loss = 29.50555992126465 3500
training loss = 29.42369270324707 4000
training loss = 29.322532653808594 4500
training loss = 29.190996170043945 5000
=======
pred
[tensor([31.7677, 27.9396, 34.7027, 48.1676, 16.5679, 25.7797, 47.2456, 55.9781,
        51.5358, 47.5770, 44.1474, 56.4819, 17.8425, 35.1796, 25.6926, 23.3183,
        27.0114, 18.3876, 13.4242])]
3.2427119345770334 4.785201372348212 6.903605038381255
val isze = 0
idinces = [11  9 10  3  2 17  6  4  5 16  1 18  0 15 14  7 13  8 12]
>>>>>>> bf5bffb69ec4a318117f0a4aa6bdaab926d87e87
(1, 19)
(1, 0)
data before
[0.00000000e+00 0.00000000e+00 0.00000000e+00 0.00000000e+00
 0.00000000e+00 0.00000000e+00 0.00000000e+00 0.00000000e+00
 0.00000000e+00 0.00000000e+00 0.00000000e+00 0.00000000e+00
 0.00000000e+00 0.00000000e+00 0.00000000e+00 0.00000000e+00
 0.00000000e+00 0.00000000e+00 0.00000000e+00 0.00000000e+00
 1.84176728e+01 2.18499386e+01 2.53173195e+01 2.91548563e+01
 3.33574413e+01 3.70034536e+01 4.06619458e+01 4.37814481e+01
 4.59820862e+01 4.73011766e+01 4.68162564e+01 4.39996560e+01
 3.81621197e+01 2.92377547e+01 1.88342737e+01 9.14647027e+00
 3.30404540e+00 7.28423529e-01 1.18858551e-03 0.00000000e+00
 0.00000000e+00]
5
data after
[40.26761131885887, 25.31731947627604, 29.15485628897786, 33.35744134149492, 37.003453550398355, 40.66194582975268, 43.781448062188325, 45.98208621004462, 47.30117657683849, 46.816256432634596, 43.99965598469377, 38.16211969864145, 29.2377546518296, 32.014401494928755]
5
data,sig_tot
[40.26761132 25.31731948 29.15485629 33.35744134 37.00345355 40.66194583
 43.78144806 45.98208621 47.30117658 46.81625643 43.99965598 38.1621197
 29.23775465 32.01440149 22.04780275 25.09218693 21.18650171 21.05538735
 22.1172931 ]
[40.26761132 25.31731948 29.15485629 33.35744134 37.00345355 40.66194583
 43.78144806 45.98208621 47.30117658 46.81625643 43.99965598 38.1621197
 29.23775465 32.01440149 22.04780275 25.09218693 21.18650171 21.05538735
 22.1172931 ]
<<<<<<< HEAD
4.721303561194006 19.752509498037444 45.63045470947841
val isze = 0
idinces = [ 3  7 17  5  6  2 10 13  8 14 16 18 12 11  1  0 15  4  9]
training loss = 31.019174575805664 500
training loss = 29.958200454711914 1000
training loss = 29.54043197631836 1500
training loss = 29.432348251342773 2000
training loss = 29.3558292388916 2500
training loss = 29.265609741210938 3000
training loss = 29.154151916503906 3500
training loss = 29.012836456298828 4000
training loss = 28.822566986083984 4500
training loss = 28.535869598388672 5000
=======
pred
[tensor([32.3927, 30.3685, 32.4104, 41.4486, 41.4359, 44.7929, 43.2007, 32.3559,
        44.4894, 58.1303, 50.4647, 38.7016, 25.8107, 34.1449, 18.9036, 17.9640,
        26.9388, 18.7427, 18.3835])]
4.904314303588729 4.843764488368891 92.76243317876008
val isze = 0
idinces = [ 7  5 14  9  6  1  2  3 10 16 15 11 18  4  8  0 13 17 12]
training loss = 385.291015625 500
training loss = 119.5683364868164 1000
training loss = 65.05237579345703 1500
training loss = 46.92837142944336 2000
training loss = 39.301918029785156 2500
training loss = 35.61762619018555 3000
training loss = 33.65827941894531 3500
training loss = 32.51692199707031 4000
training loss = 31.76058578491211 4500
training loss = 31.14629554748535 5000
>>>>>>> bf5bffb69ec4a318117f0a4aa6bdaab926d87e87
(1, 19)
(1, 0)
data before
[0.00000000e+00 0.00000000e+00 0.00000000e+00 0.00000000e+00
 0.00000000e+00 0.00000000e+00 0.00000000e+00 0.00000000e+00
 0.00000000e+00 0.00000000e+00 0.00000000e+00 0.00000000e+00
 0.00000000e+00 0.00000000e+00 0.00000000e+00 0.00000000e+00
 0.00000000e+00 0.00000000e+00 0.00000000e+00 0.00000000e+00
 1.84176728e+01 2.18499386e+01 2.53173195e+01 2.91548563e+01
 3.33574413e+01 3.70034536e+01 4.06619458e+01 4.37814481e+01
 4.59820862e+01 4.73011766e+01 4.68162564e+01 4.39996560e+01
 3.81621197e+01 2.92377547e+01 1.88342737e+01 9.14647027e+00
 3.30404540e+00 7.28423529e-01 1.18858551e-03 0.00000000e+00
 0.00000000e+00]
5
data after
[40.26761131885887, 25.31731947627604, 29.15485628897786, 33.35744134149492, 37.003453550398355, 40.66194582975268, 43.781448062188325, 45.98208621004462, 47.30117657683849, 46.816256432634596, 43.99965598469377, 38.16211969864145, 29.2377546518296, 32.014401494928755]
5
data,sig_tot
[40.26761132 25.31731948 29.15485629 33.35744134 37.00345355 40.66194583
 43.78144806 45.98208621 47.30117658 46.81625643 43.99965598 38.1621197
 29.23775465 32.01440149 22.04780275 25.09218693 21.18650171 21.05538735
 22.1172931 ]
[40.26761132 25.31731948 29.15485629 33.35744134 37.00345355 40.66194583
 43.78144806 45.98208621 47.30117658 46.81625643 43.99965598 38.1621197
 29.23775465 32.01440149 22.04780275 25.09218693 21.18650171 21.05538735
 22.1172931 ]
<<<<<<< HEAD
4.721303561194006 19.752509498037444 45.63045470947841
val isze = 0
idinces = [ 3  7 17  5  6  2 10 13  8 14 16 18 12 11  1  0 15  4  9]
training loss = 33.04907989501953 500
training loss = 30.318490982055664 1000
training loss = 29.870586395263672 1500
training loss = 29.692852020263672 2000
training loss = 29.633956909179688 2500
training loss = 29.612586975097656 3000
training loss = 29.598106384277344 3500
training loss = 29.582082748413086 4000
training loss = 29.562339782714844 4500
training loss = 29.537565231323242 5000
=======
pred
[tensor([43.8674, 19.0447, 28.3133, 36.0581, 34.5501, 34.5702, 41.3801, 52.2937,
        61.0379, 48.7408, 32.6795, 45.8019, 34.5729, 31.2813, 14.3620, 26.9308,
        32.6428, 16.1940, 18.7817])]
0.05531248748596895 1.895897034710743 64.7253759185363
val isze = 0
idinces = [10 12 16  1  2  7  4  0 15 14  3  8 17  5  9 13 18  6 11]
training loss = 1.4669137001037598 500
training loss = 1.4597023725509644 1000
reduced chi^2 level 2 = 1.4605425596237183
Constrained alpha: 1.895721197128296
Constrained beta: 3.200148820877075
Constrained gamma: 29.124921798706055
>>>>>>> bf5bffb69ec4a318117f0a4aa6bdaab926d87e87
(1, 19)
(1, 0)
data before
[0.00000000e+00 0.00000000e+00 0.00000000e+00 0.00000000e+00
 0.00000000e+00 0.00000000e+00 0.00000000e+00 0.00000000e+00
 0.00000000e+00 0.00000000e+00 0.00000000e+00 0.00000000e+00
 0.00000000e+00 0.00000000e+00 0.00000000e+00 0.00000000e+00
 0.00000000e+00 0.00000000e+00 0.00000000e+00 0.00000000e+00
 1.84176728e+01 2.18499386e+01 2.53173195e+01 2.91548563e+01
 3.33574413e+01 3.70034536e+01 4.06619458e+01 4.37814481e+01
 4.59820862e+01 4.73011766e+01 4.68162564e+01 4.39996560e+01
 3.81621197e+01 2.92377547e+01 1.88342737e+01 9.14647027e+00
 3.30404540e+00 7.28423529e-01 1.18858551e-03 0.00000000e+00
 0.00000000e+00]
5
data after
[40.26761131885887, 25.31731947627604, 29.15485628897786, 33.35744134149492, 37.003453550398355, 40.66194582975268, 43.781448062188325, 45.98208621004462, 47.30117657683849, 46.816256432634596, 43.99965598469377, 38.16211969864145, 29.2377546518296, 32.014401494928755]
5
data,sig_tot
[40.26761132 25.31731948 29.15485629 33.35744134 37.00345355 40.66194583
 43.78144806 45.98208621 47.30117658 46.81625643 43.99965598 38.1621197
 29.23775465 32.01440149 22.04780275 25.09218693 21.18650171 21.05538735
 22.1172931 ]
[40.26761132 25.31731948 29.15485629 33.35744134 37.00345355 40.66194583
 43.78144806 45.98208621 47.30117658 46.81625643 43.99965598 38.1621197
 29.23775465 32.01440149 22.04780275 25.09218693 21.18650171 21.05538735
 22.1172931 ]
<<<<<<< HEAD
4.721303561194006 19.752509498037444 45.63045470947841
val isze = 0
idinces = [ 3  7 17  5  6  2 10 13  8 14 16 18 12 11  1  0 15  4  9]
=======
pred
[tensor([37.0914, 25.1071, 20.5279, 36.9973, 34.6983, 38.6049, 45.5129, 56.8583,
        45.1830, 50.1679, 46.2702, 45.4140, 22.1463, 27.0893, 22.4853, 28.6192,
        32.5866, 26.7600, 21.1819])]
4.9040304350513395 0.5288122394844441 90.75359815873331
val isze = 0
idinces = [16 11 12 18  1 13 14  0  9  7  5  4 10  8  3  2  6 17 15]
training loss = 724.2180786132812 500
training loss = 154.9173583984375 1000
training loss = 66.7885971069336 1500
training loss = 41.48908615112305 2000
training loss = 32.081207275390625 2500
training loss = 28.109580993652344 3000
training loss = 26.316701889038086 3500
training loss = 25.48470687866211 4000
training loss = 25.078914642333984 4500
training loss = 24.856178283691406 5000
>>>>>>> bf5bffb69ec4a318117f0a4aa6bdaab926d87e87
(1, 19)
(1, 0)
data before
[0.00000000e+00 0.00000000e+00 0.00000000e+00 0.00000000e+00
 0.00000000e+00 0.00000000e+00 0.00000000e+00 0.00000000e+00
 0.00000000e+00 0.00000000e+00 0.00000000e+00 0.00000000e+00
 0.00000000e+00 0.00000000e+00 0.00000000e+00 0.00000000e+00
 0.00000000e+00 0.00000000e+00 0.00000000e+00 0.00000000e+00
 1.84176728e+01 2.18499386e+01 2.53173195e+01 2.91548563e+01
 3.33574413e+01 3.70034536e+01 4.06619458e+01 4.37814481e+01
 4.59820862e+01 4.73011766e+01 4.68162564e+01 4.39996560e+01
 3.81621197e+01 2.92377547e+01 1.88342737e+01 9.14647027e+00
 3.30404540e+00 7.28423529e-01 1.18858551e-03 0.00000000e+00
 0.00000000e+00]
5
data after
[40.26761131885887, 25.31731947627604, 29.15485628897786, 33.35744134149492, 37.003453550398355, 40.66194582975268, 43.781448062188325, 45.98208621004462, 47.30117657683849, 46.816256432634596, 43.99965598469377, 38.16211969864145, 29.2377546518296, 32.014401494928755]
5
data,sig_tot
[40.26761132 25.31731948 29.15485629 33.35744134 37.00345355 40.66194583
 43.78144806 45.98208621 47.30117658 46.81625643 43.99965598 38.1621197
 29.23775465 32.01440149 22.04780275 25.09218693 21.18650171 21.05538735
 22.1172931 ]
[40.26761132 25.31731948 29.15485629 33.35744134 37.00345355 40.66194583
 43.78144806 45.98208621 47.30117658 46.81625643 43.99965598 38.1621197
 29.23775465 32.01440149 22.04780275 25.09218693 21.18650171 21.05538735
 22.1172931 ]
<<<<<<< HEAD
4.721303561194006 19.752509498037444 45.63045470947841
val isze = 0
idinces = [ 3  7 17  5  6  2 10 13  8 14 16 18 12 11  1  0 15  4  9]
training loss = 30.777555465698242 500
training loss = 29.697345733642578 1000
training loss = 29.63817024230957 1500
training loss = 29.6206111907959 2000
training loss = 29.610416412353516 2500
training loss = 29.604093551635742 3000
training loss = 29.598896026611328 3500
training loss = 29.59315299987793 4000
training loss = 29.585905075073242 4500
training loss = 29.5765323638916 5000
=======
pred
[tensor([28.4104, 22.2054, 25.7048, 29.6661, 34.1093, 29.0416, 40.3856, 51.3109,
        43.4738, 46.0305, 54.8456, 35.3777, 28.8025, 27.7038, 24.4089, 27.7140,
        29.5735, 21.0668, 15.2330])]
1.8231781190084666 13.645427860489672 76.91833640678567
val isze = 0
idinces = [12 10 14 13 18 11 17  5  4 15  7  0 16  2  8  3  9  1  6]
training loss = 0.38360562920570374 500
reduced chi^2 level 2 = 0.39230450987815857
Constrained alpha: 1.657801866531372
Constrained beta: 4.350958824157715
Constrained gamma: 51.12968444824219
>>>>>>> bf5bffb69ec4a318117f0a4aa6bdaab926d87e87
(1, 19)
(1, 0)
data before
[0.00000000e+00 0.00000000e+00 0.00000000e+00 0.00000000e+00
 0.00000000e+00 0.00000000e+00 0.00000000e+00 0.00000000e+00
 0.00000000e+00 0.00000000e+00 0.00000000e+00 0.00000000e+00
 0.00000000e+00 0.00000000e+00 0.00000000e+00 0.00000000e+00
 0.00000000e+00 0.00000000e+00 0.00000000e+00 0.00000000e+00
 1.84176728e+01 2.18499386e+01 2.53173195e+01 2.91548563e+01
 3.33574413e+01 3.70034536e+01 4.06619458e+01 4.37814481e+01
 4.59820862e+01 4.73011766e+01 4.68162564e+01 4.39996560e+01
 3.81621197e+01 2.92377547e+01 1.88342737e+01 9.14647027e+00
 3.30404540e+00 7.28423529e-01 1.18858551e-03 0.00000000e+00
 0.00000000e+00]
5
data after
[40.26761131885887, 25.31731947627604, 29.15485628897786, 33.35744134149492, 37.003453550398355, 40.66194582975268, 43.781448062188325, 45.98208621004462, 47.30117657683849, 46.816256432634596, 43.99965598469377, 38.16211969864145, 29.2377546518296, 32.014401494928755]
5
data,sig_tot
[40.26761132 25.31731948 29.15485629 33.35744134 37.00345355 40.66194583
 43.78144806 45.98208621 47.30117658 46.81625643 43.99965598 38.1621197
 29.23775465 32.01440149 22.04780275 25.09218693 21.18650171 21.05538735
 22.1172931 ]
[40.26761132 25.31731948 29.15485629 33.35744134 37.00345355 40.66194583
 43.78144806 45.98208621 47.30117658 46.81625643 43.99965598 38.1621197
 29.23775465 32.01440149 22.04780275 25.09218693 21.18650171 21.05538735
 22.1172931 ]
<<<<<<< HEAD
4.721303561194006 19.752509498037444 45.63045470947841
val isze = 0
idinces = [ 3  7 17  5  6  2 10 13  8 14 16 18 12 11  1  0 15  4  9]
=======
pred
[tensor([34.9346, 22.5950, 14.6036, 42.4228, 40.3355, 36.7679, 38.5586, 66.3431,
        63.8089, 39.4561, 50.7018, 50.2901, 29.4485, 31.7090, 18.0688, 29.4838,
        27.3210, 15.0525, 19.5555])]
3.418166650438796 5.4144724766032954 67.75747059888394
val isze = 0
idinces = [ 3  7  5 14 17 11 13 16  9 10  0  8 12  2 15  6  4  1 18]
training loss = 3.3367137908935547 500
training loss = 2.79347825050354 1000
training loss = 2.4994990825653076 1500
training loss = 2.261942148208618 2000
training loss = 1.632265567779541 2500
training loss = 1.5510226488113403 3000
training loss = 1.5390580892562866 3500
reduced chi^2 level 2 = 1.5474082231521606
Constrained alpha: 2.244154930114746
Constrained beta: 3.72586989402771
Constrained gamma: 9.145466804504395
>>>>>>> bf5bffb69ec4a318117f0a4aa6bdaab926d87e87
(1, 19)
(1, 0)
data before
[0.00000000e+00 0.00000000e+00 0.00000000e+00 0.00000000e+00
 0.00000000e+00 0.00000000e+00 0.00000000e+00 0.00000000e+00
 0.00000000e+00 0.00000000e+00 0.00000000e+00 0.00000000e+00
 0.00000000e+00 0.00000000e+00 0.00000000e+00 0.00000000e+00
 0.00000000e+00 0.00000000e+00 0.00000000e+00 0.00000000e+00
 1.84176728e+01 2.18499386e+01 2.53173195e+01 2.91548563e+01
 3.33574413e+01 3.70034536e+01 4.06619458e+01 4.37814481e+01
 4.59820862e+01 4.73011766e+01 4.68162564e+01 4.39996560e+01
 3.81621197e+01 2.92377547e+01 1.88342737e+01 9.14647027e+00
 3.30404540e+00 7.28423529e-01 1.18858551e-03 0.00000000e+00
 0.00000000e+00]
5
data after
[40.26761131885887, 25.31731947627604, 29.15485628897786, 33.35744134149492, 37.003453550398355, 40.66194582975268, 43.781448062188325, 45.98208621004462, 47.30117657683849, 46.816256432634596, 43.99965598469377, 38.16211969864145, 29.2377546518296, 32.014401494928755]
5
data,sig_tot
[40.26761132 25.31731948 29.15485629 33.35744134 37.00345355 40.66194583
 43.78144806 45.98208621 47.30117658 46.81625643 43.99965598 38.1621197
 29.23775465 32.01440149 22.04780275 25.09218693 21.18650171 21.05538735
 22.1172931 ]
[40.26761132 25.31731948 29.15485629 33.35744134 37.00345355 40.66194583
 43.78144806 45.98208621 47.30117658 46.81625643 43.99965598 38.1621197
 29.23775465 32.01440149 22.04780275 25.09218693 21.18650171 21.05538735
 22.1172931 ]
<<<<<<< HEAD
4.721303561194006 19.752509498037444 45.63045470947841
val isze = 0
idinces = [ 3  7 17  5  6  2 10 13  8 14 16 18 12 11  1  0 15  4  9]
=======
pred
[tensor([31.6290, 11.8346, 28.1404, 42.6941, 22.4654, 46.5275, 41.1349, 38.0382,
        54.2608, 54.3701, 47.6760, 65.9554, 36.2202, 18.2184, 19.1798, 30.2680,
        26.8245, 22.0572, 16.0466])]
2.640204482918937 18.017166077550193 9.932019103765322
val isze = 0
idinces = [15  2  6 18  1  4  8  5 17 12  7 14 16 13 11 10  9  0  3]
training loss = 2.753039836883545 500
>>>>>>> bf5bffb69ec4a318117f0a4aa6bdaab926d87e87
(1, 19)
(1, 0)
data before
[0.00000000e+00 0.00000000e+00 0.00000000e+00 0.00000000e+00
 0.00000000e+00 0.00000000e+00 0.00000000e+00 0.00000000e+00
 0.00000000e+00 0.00000000e+00 0.00000000e+00 0.00000000e+00
 0.00000000e+00 0.00000000e+00 0.00000000e+00 0.00000000e+00
 0.00000000e+00 0.00000000e+00 0.00000000e+00 0.00000000e+00
 1.84176728e+01 2.18499386e+01 2.53173195e+01 2.91548563e+01
 3.33574413e+01 3.70034536e+01 4.06619458e+01 4.37814481e+01
 4.59820862e+01 4.73011766e+01 4.68162564e+01 4.39996560e+01
 3.81621197e+01 2.92377547e+01 1.88342737e+01 9.14647027e+00
 3.30404540e+00 7.28423529e-01 1.18858551e-03 0.00000000e+00
 0.00000000e+00]
5
data after
[40.26761131885887, 25.31731947627604, 29.15485628897786, 33.35744134149492, 37.003453550398355, 40.66194582975268, 43.781448062188325, 45.98208621004462, 47.30117657683849, 46.816256432634596, 43.99965598469377, 38.16211969864145, 29.2377546518296, 32.014401494928755]
5
data,sig_tot
[40.26761132 25.31731948 29.15485629 33.35744134 37.00345355 40.66194583
 43.78144806 45.98208621 47.30117658 46.81625643 43.99965598 38.1621197
 29.23775465 32.01440149 22.04780275 25.09218693 21.18650171 21.05538735
 22.1172931 ]
[40.26761132 25.31731948 29.15485629 33.35744134 37.00345355 40.66194583
 43.78144806 45.98208621 47.30117658 46.81625643 43.99965598 38.1621197
 29.23775465 32.01440149 22.04780275 25.09218693 21.18650171 21.05538735
 22.1172931 ]
<<<<<<< HEAD
4.721303561194006 19.752509498037444 45.63045470947841
val isze = 0
idinces = [ 3  7 17  5  6  2 10 13  8 14 16 18 12 11  1  0 15  4  9]
=======
pred
[tensor([38.4337, 31.4656, 25.7504, 40.2789, 24.2138, 44.2077, 43.1986, 56.0243,
        46.4186, 62.7360, 45.6809, 51.3224, 26.3461, 13.5215, 17.8646, 34.9033,
        31.5769, 19.9989, 20.0396])]
2.0355026476720783 18.0751427988603 83.55193699570466
val isze = 0
idinces = [ 3  8  4  6  0  1 15 13 12 17 11  2  7 10 16 18 14  9  5]
training loss = 1.7908885478973389 500
training loss = 1.6527056694030762 1000
reduced chi^2 level 2 = 1.3428068161010742
Constrained alpha: 1.4552751779556274
Constrained beta: 5.401622772216797
Constrained gamma: 47.11782455444336
>>>>>>> bf5bffb69ec4a318117f0a4aa6bdaab926d87e87
(1, 19)
(1, 0)
data before
[0.00000000e+00 0.00000000e+00 0.00000000e+00 0.00000000e+00
 0.00000000e+00 0.00000000e+00 0.00000000e+00 0.00000000e+00
 0.00000000e+00 0.00000000e+00 0.00000000e+00 0.00000000e+00
 0.00000000e+00 0.00000000e+00 0.00000000e+00 0.00000000e+00
 0.00000000e+00 0.00000000e+00 0.00000000e+00 0.00000000e+00
 1.84176728e+01 2.18499386e+01 2.53173195e+01 2.91548563e+01
 3.33574413e+01 3.70034536e+01 4.06619458e+01 4.37814481e+01
 4.59820862e+01 4.73011766e+01 4.68162564e+01 4.39996560e+01
 3.81621197e+01 2.92377547e+01 1.88342737e+01 9.14647027e+00
 3.30404540e+00 7.28423529e-01 1.18858551e-03 0.00000000e+00
 0.00000000e+00]
5
data after
[40.26761131885887, 25.31731947627604, 29.15485628897786, 33.35744134149492, 37.003453550398355, 40.66194582975268, 43.781448062188325, 45.98208621004462, 47.30117657683849, 46.816256432634596, 43.99965598469377, 38.16211969864145, 29.2377546518296, 32.014401494928755]
5
data,sig_tot
[40.26761132 25.31731948 29.15485629 33.35744134 37.00345355 40.66194583
 43.78144806 45.98208621 47.30117658 46.81625643 43.99965598 38.1621197
 29.23775465 32.01440149 22.04780275 25.09218693 21.18650171 21.05538735
 22.1172931 ]
[40.26761132 25.31731948 29.15485629 33.35744134 37.00345355 40.66194583
 43.78144806 45.98208621 47.30117658 46.81625643 43.99965598 38.1621197
 29.23775465 32.01440149 22.04780275 25.09218693 21.18650171 21.05538735
 22.1172931 ]
<<<<<<< HEAD
4.721303561194006 19.752509498037444 45.63045470947841
val isze = 0
idinces = [ 3  7 17  5  6  2 10 13  8 14 16 18 12 11  1  0 15  4  9]
training loss = 34.44682693481445 500
training loss = 33.95433807373047 1000
training loss = 33.3071403503418 1500
training loss = 31.690752029418945 2000
training loss = 29.844886779785156 2500
training loss = 29.216054916381836 3000
training loss = 28.879535675048828 3500
training loss = 28.47085189819336 4000
training loss = 27.894813537597656 4500
training loss = 27.043006896972656 5000
=======
pred
[tensor([29.3978, 29.3934, 22.6524, 44.6038, 35.1011, 42.9752, 48.7662, 44.4290,
        38.6335, 57.7370, 49.8893, 47.7377, 28.6429, 29.9245, 15.9763, 34.8241,
        23.2850, 16.4700, 10.4617])]
4.4924392281571865 19.005410729754654 20.66504307060638
val isze = 0
idinces = [ 2  0 18 16  9 17 15 11  4  7 13 12  8 14  1  5  6 10  3]
>>>>>>> bf5bffb69ec4a318117f0a4aa6bdaab926d87e87
(1, 19)
(1, 0)
data before
[0.00000000e+00 0.00000000e+00 0.00000000e+00 0.00000000e+00
 0.00000000e+00 0.00000000e+00 0.00000000e+00 0.00000000e+00
 0.00000000e+00 0.00000000e+00 0.00000000e+00 0.00000000e+00
 0.00000000e+00 0.00000000e+00 0.00000000e+00 0.00000000e+00
 0.00000000e+00 0.00000000e+00 0.00000000e+00 0.00000000e+00
 1.84176728e+01 2.18499386e+01 2.53173195e+01 2.91548563e+01
 3.33574413e+01 3.70034536e+01 4.06619458e+01 4.37814481e+01
 4.59820862e+01 4.73011766e+01 4.68162564e+01 4.39996560e+01
 3.81621197e+01 2.92377547e+01 1.88342737e+01 9.14647027e+00
 3.30404540e+00 7.28423529e-01 1.18858551e-03 0.00000000e+00
 0.00000000e+00]
5
data after
[40.26761131885887, 25.31731947627604, 29.15485628897786, 33.35744134149492, 37.003453550398355, 40.66194582975268, 43.781448062188325, 45.98208621004462, 47.30117657683849, 46.816256432634596, 43.99965598469377, 38.16211969864145, 29.2377546518296, 32.014401494928755]
5
data,sig_tot
[40.26761132 25.31731948 29.15485629 33.35744134 37.00345355 40.66194583
 43.78144806 45.98208621 47.30117658 46.81625643 43.99965598 38.1621197
 29.23775465 32.01440149 22.04780275 25.09218693 21.18650171 21.05538735
 22.1172931 ]
[40.26761132 25.31731948 29.15485629 33.35744134 37.00345355 40.66194583
 43.78144806 45.98208621 47.30117658 46.81625643 43.99965598 38.1621197
 29.23775465 32.01440149 22.04780275 25.09218693 21.18650171 21.05538735
 22.1172931 ]
<<<<<<< HEAD
4.721303561194006 19.752509498037444 45.63045470947841
val isze = 0
idinces = [ 3  7 17  5  6  2 10 13  8 14 16 18 12 11  1  0 15  4  9]
=======
pred
[tensor([28.9125, 19.7540, 19.3672, 41.8832, 38.1589, 43.2558, 48.2938, 42.4813,
        52.6420, 49.0434, 43.8366, 44.9036, 37.4272, 24.5265, 10.0603, 28.8223,
        30.2992, 17.3894, 20.9437])]
2.6677727838263756 14.555546966338271 31.192114632882827
val isze = 0
idinces = [16 15  7  0  3 13  8  4 12 10 17  6  5 18  9 11  1  2 14]
training loss = 1.2558679580688477 500
reduced chi^2 level 2 = 1.21975839138031
Constrained alpha: 1.50847589969635
Constrained beta: 4.126617908477783
Constrained gamma: 8.665406227111816
>>>>>>> bf5bffb69ec4a318117f0a4aa6bdaab926d87e87
(1, 19)
(1, 0)
data before
[0.00000000e+00 0.00000000e+00 0.00000000e+00 0.00000000e+00
 0.00000000e+00 0.00000000e+00 0.00000000e+00 0.00000000e+00
 0.00000000e+00 0.00000000e+00 0.00000000e+00 0.00000000e+00
 0.00000000e+00 0.00000000e+00 0.00000000e+00 0.00000000e+00
 0.00000000e+00 0.00000000e+00 0.00000000e+00 0.00000000e+00
 1.84176728e+01 2.18499386e+01 2.53173195e+01 2.91548563e+01
 3.33574413e+01 3.70034536e+01 4.06619458e+01 4.37814481e+01
 4.59820862e+01 4.73011766e+01 4.68162564e+01 4.39996560e+01
 3.81621197e+01 2.92377547e+01 1.88342737e+01 9.14647027e+00
 3.30404540e+00 7.28423529e-01 1.18858551e-03 0.00000000e+00
 0.00000000e+00]
5
data after
[40.26761131885887, 25.31731947627604, 29.15485628897786, 33.35744134149492, 37.003453550398355, 40.66194582975268, 43.781448062188325, 45.98208621004462, 47.30117657683849, 46.816256432634596, 43.99965598469377, 38.16211969864145, 29.2377546518296, 32.014401494928755]
5
data,sig_tot
[40.26761132 25.31731948 29.15485629 33.35744134 37.00345355 40.66194583
 43.78144806 45.98208621 47.30117658 46.81625643 43.99965598 38.1621197
 29.23775465 32.01440149 22.04780275 25.09218693 21.18650171 21.05538735
 22.1172931 ]
[40.26761132 25.31731948 29.15485629 33.35744134 37.00345355 40.66194583
 43.78144806 45.98208621 47.30117658 46.81625643 43.99965598 38.1621197
 29.23775465 32.01440149 22.04780275 25.09218693 21.18650171 21.05538735
 22.1172931 ]
<<<<<<< HEAD
4.721303561194006 19.752509498037444 45.63045470947841
val isze = 0
idinces = [ 3  7 17  5  6  2 10 13  8 14 16 18 12 11  1  0 15  4  9]
=======
pred
[tensor([33.4093, 30.8959, 21.1329, 27.2807, 40.6719, 31.9813, 38.4842, 51.9100,
        38.7455, 48.8929, 43.4205, 42.6794, 27.3610, 15.1218, 27.0888, 21.6593,
        25.5779, 17.5545, 20.7282])]
3.4672312176781266 9.034433274098427 37.86719525443625
val isze = 0
idinces = [14 10 18  5  9 12 13  8  4 11 15  0  6 17 16  2  7  1  3]
training loss = 1.578028917312622 500
training loss = 1.255213737487793 1000
training loss = 1.2071090936660767 1500
training loss = 1.2029924392700195 2000
reduced chi^2 level 2 = 1.2042428255081177
Constrained alpha: 1.9123084545135498
Constrained beta: 3.683856725692749
Constrained gamma: 4.775347709655762
>>>>>>> bf5bffb69ec4a318117f0a4aa6bdaab926d87e87
(1, 19)
(1, 0)
data before
[0.00000000e+00 0.00000000e+00 0.00000000e+00 0.00000000e+00
 0.00000000e+00 0.00000000e+00 0.00000000e+00 0.00000000e+00
 0.00000000e+00 0.00000000e+00 0.00000000e+00 0.00000000e+00
 0.00000000e+00 0.00000000e+00 0.00000000e+00 0.00000000e+00
 0.00000000e+00 0.00000000e+00 0.00000000e+00 0.00000000e+00
 1.84176728e+01 2.18499386e+01 2.53173195e+01 2.91548563e+01
 3.33574413e+01 3.70034536e+01 4.06619458e+01 4.37814481e+01
 4.59820862e+01 4.73011766e+01 4.68162564e+01 4.39996560e+01
 3.81621197e+01 2.92377547e+01 1.88342737e+01 9.14647027e+00
 3.30404540e+00 7.28423529e-01 1.18858551e-03 0.00000000e+00
 0.00000000e+00]
5
data after
[40.26761131885887, 25.31731947627604, 29.15485628897786, 33.35744134149492, 37.003453550398355, 40.66194582975268, 43.781448062188325, 45.98208621004462, 47.30117657683849, 46.816256432634596, 43.99965598469377, 38.16211969864145, 29.2377546518296, 32.014401494928755]
5
data,sig_tot
[40.26761132 25.31731948 29.15485629 33.35744134 37.00345355 40.66194583
 43.78144806 45.98208621 47.30117658 46.81625643 43.99965598 38.1621197
 29.23775465 32.01440149 22.04780275 25.09218693 21.18650171 21.05538735
 22.1172931 ]
[40.26761132 25.31731948 29.15485629 33.35744134 37.00345355 40.66194583
 43.78144806 45.98208621 47.30117658 46.81625643 43.99965598 38.1621197
 29.23775465 32.01440149 22.04780275 25.09218693 21.18650171 21.05538735
 22.1172931 ]
<<<<<<< HEAD
4.721303561194006 19.752509498037444 45.63045470947841
val isze = 0
idinces = [ 3  7 17  5  6  2 10 13  8 14 16 18 12 11  1  0 15  4  9]
training loss = 34.68980407714844 500
training loss = 33.942230224609375 1000
training loss = 32.78886413574219 1500
training loss = 30.490896224975586 2000
training loss = 29.652544021606445 2500
training loss = 29.502126693725586 3000
training loss = 29.396221160888672 3500
training loss = 29.267221450805664 4000
training loss = 29.102928161621094 4500
training loss = 28.88884925842285 5000
=======
pred
[tensor([46.1937, 14.6920, 27.3825, 31.5448, 36.3223, 33.6312, 30.5724, 49.3849,
        44.0348, 35.1480, 49.1080, 58.6502, 33.6232, 32.9472, 11.2202, 25.5330,
        28.8215, 22.5612,  9.5792])]
2.749740482885803 5.974991005556181 34.599810382342696
val isze = 0
idinces = [ 7 18 15  4 17 14  5  8  2  9  6  1  0 10 16 12  3 13 11]
training loss = 1.6982932090759277 500
training loss = 1.6279593706130981 1000
training loss = 1.465812087059021 1500
training loss = 1.4227341413497925 2000
training loss = 1.40653395652771 2500
training loss = 1.401873230934143 3000
training loss = 1.3987544775009155 3500
training loss = 1.3962308168411255 4000
training loss = 1.39350163936615 4500
training loss = 1.3917917013168335 5000
reduced chi^2 level 2 = 1.3917943239212036
Constrained alpha: 2.2269060611724854
Constrained beta: -1.1588285815378185e-05
Constrained gamma: 3.0279669761657715
>>>>>>> bf5bffb69ec4a318117f0a4aa6bdaab926d87e87
(1, 19)
(1, 0)
data before
[0.00000000e+00 0.00000000e+00 0.00000000e+00 0.00000000e+00
 0.00000000e+00 0.00000000e+00 0.00000000e+00 0.00000000e+00
 0.00000000e+00 0.00000000e+00 0.00000000e+00 0.00000000e+00
 0.00000000e+00 0.00000000e+00 0.00000000e+00 0.00000000e+00
 0.00000000e+00 0.00000000e+00 0.00000000e+00 0.00000000e+00
 1.84176728e+01 2.18499386e+01 2.53173195e+01 2.91548563e+01
 3.33574413e+01 3.70034536e+01 4.06619458e+01 4.37814481e+01
 4.59820862e+01 4.73011766e+01 4.68162564e+01 4.39996560e+01
 3.81621197e+01 2.92377547e+01 1.88342737e+01 9.14647027e+00
 3.30404540e+00 7.28423529e-01 1.18858551e-03 0.00000000e+00
 0.00000000e+00]
5
data after
[40.26761131885887, 25.31731947627604, 29.15485628897786, 33.35744134149492, 37.003453550398355, 40.66194582975268, 43.781448062188325, 45.98208621004462, 47.30117657683849, 46.816256432634596, 43.99965598469377, 38.16211969864145, 29.2377546518296, 32.014401494928755]
5
data,sig_tot
[40.26761132 25.31731948 29.15485629 33.35744134 37.00345355 40.66194583
 43.78144806 45.98208621 47.30117658 46.81625643 43.99965598 38.1621197
 29.23775465 32.01440149 22.04780275 25.09218693 21.18650171 21.05538735
 22.1172931 ]
[40.26761132 25.31731948 29.15485629 33.35744134 37.00345355 40.66194583
 43.78144806 45.98208621 47.30117658 46.81625643 43.99965598 38.1621197
 29.23775465 32.01440149 22.04780275 25.09218693 21.18650171 21.05538735
 22.1172931 ]
<<<<<<< HEAD
4.721303561194006 19.752509498037444 45.63045470947841
val isze = 0
idinces = [ 3  7 17  5  6  2 10 13  8 14 16 18 12 11  1  0 15  4  9]
=======
pred
[tensor([47.4059, 18.1309, 27.4406, 43.7285, 41.8904, 37.0822, 32.3982, 48.6780,
        49.5191, 66.7971, 48.9032, 54.7704, 29.9639, 39.5037, 11.8466, 21.1903,
        26.8923, 15.3096, 13.3151])]
2.5585543800992667 2.244777203650663 53.105560381777906
val isze = 0
idinces = [ 4  3  0 14 16  8 13 17  1 18  7  5  6 12  9 15 10  2 11]
training loss = 1.4373852014541626 500
training loss = 1.421533465385437 1000
training loss = 1.4183768033981323 1500
training loss = 1.411848783493042 2000
training loss = 1.3564672470092773 2500
training loss = 1.345057487487793 3000
reduced chi^2 level 2 = 1.3447829484939575
Constrained alpha: 2.18430757522583
Constrained beta: -0.014469144865870476
Constrained gamma: 3.489255905151367
>>>>>>> bf5bffb69ec4a318117f0a4aa6bdaab926d87e87
(1, 19)
(1, 0)
data before
[0.00000000e+00 0.00000000e+00 0.00000000e+00 0.00000000e+00
 0.00000000e+00 0.00000000e+00 0.00000000e+00 0.00000000e+00
 0.00000000e+00 0.00000000e+00 0.00000000e+00 0.00000000e+00
 0.00000000e+00 0.00000000e+00 0.00000000e+00 0.00000000e+00
 0.00000000e+00 0.00000000e+00 0.00000000e+00 0.00000000e+00
 1.84176728e+01 2.18499386e+01 2.53173195e+01 2.91548563e+01
 3.33574413e+01 3.70034536e+01 4.06619458e+01 4.37814481e+01
 4.59820862e+01 4.73011766e+01 4.68162564e+01 4.39996560e+01
 3.81621197e+01 2.92377547e+01 1.88342737e+01 9.14647027e+00
 3.30404540e+00 7.28423529e-01 1.18858551e-03 0.00000000e+00
 0.00000000e+00]
5
data after
[40.26761131885887, 25.31731947627604, 29.15485628897786, 33.35744134149492, 37.003453550398355, 40.66194582975268, 43.781448062188325, 45.98208621004462, 47.30117657683849, 46.816256432634596, 43.99965598469377, 38.16211969864145, 29.2377546518296, 32.014401494928755]
5
data,sig_tot
[40.26761132 25.31731948 29.15485629 33.35744134 37.00345355 40.66194583
 43.78144806 45.98208621 47.30117658 46.81625643 43.99965598 38.1621197
 29.23775465 32.01440149 22.04780275 25.09218693 21.18650171 21.05538735
 22.1172931 ]
[40.26761132 25.31731948 29.15485629 33.35744134 37.00345355 40.66194583
 43.78144806 45.98208621 47.30117658 46.81625643 43.99965598 38.1621197
 29.23775465 32.01440149 22.04780275 25.09218693 21.18650171 21.05538735
 22.1172931 ]
<<<<<<< HEAD
4.721303561194006 19.752509498037444 45.63045470947841
val isze = 0
idinces = [ 3  7 17  5  6  2 10 13  8 14 16 18 12 11  1  0 15  4  9]
=======
pred
[tensor([35.5545, 27.1169, 35.0727, 38.1064, 39.5803, 46.6726, 43.9474, 42.3405,
        57.1265, 51.5982, 43.6074, 42.4441, 21.4496, 25.4406,  8.8769, 26.6403,
        24.5344, 22.6346, 11.6694])]
2.149873007248837 3.482395688937383 30.86526462771657
val isze = 0
idinces = [ 6  2  7  4 12  9  3 10 16  5 11 13  1  8 17 14 15 18  0]
training loss = 0.8842297792434692 500
training loss = 0.8584396839141846 1000
reduced chi^2 level 2 = 0.8613911867141724
Constrained alpha: 1.7371149063110352
Constrained beta: 4.0085768699646
Constrained gamma: 7.2073974609375
>>>>>>> bf5bffb69ec4a318117f0a4aa6bdaab926d87e87
(1, 19)
(1, 0)
data before
[0.00000000e+00 0.00000000e+00 0.00000000e+00 0.00000000e+00
 0.00000000e+00 0.00000000e+00 0.00000000e+00 0.00000000e+00
 0.00000000e+00 0.00000000e+00 0.00000000e+00 0.00000000e+00
 0.00000000e+00 0.00000000e+00 0.00000000e+00 0.00000000e+00
 0.00000000e+00 0.00000000e+00 0.00000000e+00 0.00000000e+00
 1.84176728e+01 2.18499386e+01 2.53173195e+01 2.91548563e+01
 3.33574413e+01 3.70034536e+01 4.06619458e+01 4.37814481e+01
 4.59820862e+01 4.73011766e+01 4.68162564e+01 4.39996560e+01
 3.81621197e+01 2.92377547e+01 1.88342737e+01 9.14647027e+00
 3.30404540e+00 7.28423529e-01 1.18858551e-03 0.00000000e+00
 0.00000000e+00]
5
data after
[40.26761131885887, 25.31731947627604, 29.15485628897786, 33.35744134149492, 37.003453550398355, 40.66194582975268, 43.781448062188325, 45.98208621004462, 47.30117657683849, 46.816256432634596, 43.99965598469377, 38.16211969864145, 29.2377546518296, 32.014401494928755]
5
data,sig_tot
[40.26761132 25.31731948 29.15485629 33.35744134 37.00345355 40.66194583
 43.78144806 45.98208621 47.30117658 46.81625643 43.99965598 38.1621197
 29.23775465 32.01440149 22.04780275 25.09218693 21.18650171 21.05538735
 22.1172931 ]
[40.26761132 25.31731948 29.15485629 33.35744134 37.00345355 40.66194583
 43.78144806 45.98208621 47.30117658 46.81625643 43.99965598 38.1621197
 29.23775465 32.01440149 22.04780275 25.09218693 21.18650171 21.05538735
 22.1172931 ]
<<<<<<< HEAD
4.721303561194006 19.752509498037444 45.63045470947841
val isze = 0
idinces = [ 3  7 17  5  6  2 10 13  8 14 16 18 12 11  1  0 15  4  9]
training loss = 30.802509307861328 500
training loss = 29.982744216918945 1000
training loss = 29.66917610168457 1500
training loss = 29.565631866455078 2000
training loss = 29.521516799926758 2500
training loss = 29.4852352142334 3000
training loss = 29.442171096801758 3500
training loss = 29.38758659362793 4000
training loss = 29.317716598510742 4500
training loss = 29.227256774902344 5000
=======
pred
[tensor([44.8189, 25.2800, 20.8971, 39.4344, 39.0202, 27.6718, 39.9494, 46.0265,
        44.2581, 52.2051, 48.1740, 50.9691, 22.9501, 32.7235, 14.4695, 24.7648,
        35.0895, 24.2042, 17.8831])]
2.600010179382993 7.022593887924032 41.452432190618836
val isze = 0
idinces = [16 17 15 14  6 18  8  3 11  1 10  2  9  5  7  0  4 12 13]
training loss = 1.3311996459960938 500
training loss = 1.282249093055725 1000
training loss = 1.2402293682098389 1500
training loss = 1.2105275392532349 2000
reduced chi^2 level 2 = 1.209850788116455
Constrained alpha: 2.0943713188171387
Constrained beta: -0.021206991747021675
Constrained gamma: 3.7710483074188232
>>>>>>> bf5bffb69ec4a318117f0a4aa6bdaab926d87e87
(1, 19)
(1, 0)
data before
[0.00000000e+00 0.00000000e+00 0.00000000e+00 0.00000000e+00
 0.00000000e+00 0.00000000e+00 0.00000000e+00 0.00000000e+00
 0.00000000e+00 0.00000000e+00 0.00000000e+00 0.00000000e+00
 0.00000000e+00 0.00000000e+00 0.00000000e+00 0.00000000e+00
 0.00000000e+00 0.00000000e+00 0.00000000e+00 0.00000000e+00
 1.84176728e+01 2.18499386e+01 2.53173195e+01 2.91548563e+01
 3.33574413e+01 3.70034536e+01 4.06619458e+01 4.37814481e+01
 4.59820862e+01 4.73011766e+01 4.68162564e+01 4.39996560e+01
 3.81621197e+01 2.92377547e+01 1.88342737e+01 9.14647027e+00
 3.30404540e+00 7.28423529e-01 1.18858551e-03 0.00000000e+00
 0.00000000e+00]
5
data after
[40.26761131885887, 25.31731947627604, 29.15485628897786, 33.35744134149492, 37.003453550398355, 40.66194582975268, 43.781448062188325, 45.98208621004462, 47.30117657683849, 46.816256432634596, 43.99965598469377, 38.16211969864145, 29.2377546518296, 32.014401494928755]
5
data,sig_tot
[40.26761132 25.31731948 29.15485629 33.35744134 37.00345355 40.66194583
 43.78144806 45.98208621 47.30117658 46.81625643 43.99965598 38.1621197
 29.23775465 32.01440149 22.04780275 25.09218693 21.18650171 21.05538735
 22.1172931 ]
[40.26761132 25.31731948 29.15485629 33.35744134 37.00345355 40.66194583
 43.78144806 45.98208621 47.30117658 46.81625643 43.99965598 38.1621197
 29.23775465 32.01440149 22.04780275 25.09218693 21.18650171 21.05538735
 22.1172931 ]
<<<<<<< HEAD
4.721303561194006 19.752509498037444 45.63045470947841
val isze = 0
idinces = [ 3  7 17  5  6  2 10 13  8 14 16 18 12 11  1  0 15  4  9]
training loss = 30.703792572021484 500
training loss = 30.108924865722656 1000
training loss = 29.90829086303711 1500
training loss = 29.788856506347656 2000
training loss = 29.720504760742188 2500
training loss = 29.673057556152344 3000
training loss = 29.627275466918945 3500
training loss = 29.573495864868164 4000
training loss = 29.50706672668457 4500
training loss = 29.424509048461914 5000
=======
pred
[tensor([39.7635, 21.1972, 34.8392, 35.7237, 43.7580, 38.6449, 31.4447, 56.3954,
        43.9449, 44.1829, 51.0494, 46.5104, 22.6452, 27.0331, 23.1110, 20.1239,
        31.8670, 20.6569, 17.6845])]
4.728220594296749 5.961805361584771 86.77155409767974
val isze = 0
idinces = [10 16  3  8  9  1  6  2 11  0 18  5 17 13 12  7  4 14 15]
training loss = 34.31327438354492 500
training loss = 28.633724212646484 1000
training loss = 27.284687042236328 1500
training loss = 26.733213424682617 2000
training loss = 26.28668785095215 2500
training loss = 25.850173950195312 3000
training loss = 25.46344566345215 3500
training loss = 25.16496467590332 4000
training loss = 24.95265007019043 4500
training loss = 24.794349670410156 5000
>>>>>>> bf5bffb69ec4a318117f0a4aa6bdaab926d87e87
(1, 19)
(1, 0)
data before
[0.00000000e+00 0.00000000e+00 0.00000000e+00 0.00000000e+00
 0.00000000e+00 0.00000000e+00 0.00000000e+00 0.00000000e+00
 0.00000000e+00 0.00000000e+00 0.00000000e+00 0.00000000e+00
 0.00000000e+00 0.00000000e+00 0.00000000e+00 0.00000000e+00
 0.00000000e+00 0.00000000e+00 0.00000000e+00 0.00000000e+00
 1.84176728e+01 2.18499386e+01 2.53173195e+01 2.91548563e+01
 3.33574413e+01 3.70034536e+01 4.06619458e+01 4.37814481e+01
 4.59820862e+01 4.73011766e+01 4.68162564e+01 4.39996560e+01
 3.81621197e+01 2.92377547e+01 1.88342737e+01 9.14647027e+00
 3.30404540e+00 7.28423529e-01 1.18858551e-03 0.00000000e+00
 0.00000000e+00]
5
data after
[40.26761131885887, 25.31731947627604, 29.15485628897786, 33.35744134149492, 37.003453550398355, 40.66194582975268, 43.781448062188325, 45.98208621004462, 47.30117657683849, 46.816256432634596, 43.99965598469377, 38.16211969864145, 29.2377546518296, 32.014401494928755]
5
data,sig_tot
[40.26761132 25.31731948 29.15485629 33.35744134 37.00345355 40.66194583
 43.78144806 45.98208621 47.30117658 46.81625643 43.99965598 38.1621197
 29.23775465 32.01440149 22.04780275 25.09218693 21.18650171 21.05538735
 22.1172931 ]
[40.26761132 25.31731948 29.15485629 33.35744134 37.00345355 40.66194583
 43.78144806 45.98208621 47.30117658 46.81625643 43.99965598 38.1621197
 29.23775465 32.01440149 22.04780275 25.09218693 21.18650171 21.05538735
 22.1172931 ]
<<<<<<< HEAD
4.721303561194006 19.752509498037444 45.63045470947841
val isze = 0
idinces = [ 3  7 17  5  6  2 10 13  8 14 16 18 12 11  1  0 15  4  9]
=======
pred
[tensor([45.2889, 18.1418, 33.9186, 35.3468, 26.7705, 36.0303, 46.2775, 44.0991,
        52.6408, 59.3754, 53.1762, 43.6635, 24.4637, 28.8955, 25.7812, 25.7858,
        29.7931, 17.8691, 10.8752])]
2.8565738551842763 14.647470602803965 50.50864832416353
val isze = 0
idinces = [ 8  9 15 18  3 16  4  5 10 11 17  1 12  2 13  7  6 14  0]
training loss = 2.003854751586914 500
reduced chi^2 level 2 = 0.8437076210975647
Constrained alpha: 1.9090222120285034
Constrained beta: 4.173133373260498
Constrained gamma: 24.827022552490234
>>>>>>> bf5bffb69ec4a318117f0a4aa6bdaab926d87e87
(1, 19)
(1, 0)
