data before
[9.67058813e+02 7.73632550e+03 1.39693540e+04 1.79588800e+04
 2.04816940e+04 2.17447580e+04 2.22255860e+04 2.22116500e+04
 2.17239520e+04 2.11691300e+04 2.03197240e+04 1.94683960e+04
 1.85784420e+04 1.77583200e+04 1.67228360e+04 1.57543810e+04
 1.50164600e+04 1.41019380e+04 1.34099640e+04 1.25471570e+04
 1.18988130e+04 1.12833070e+04 1.05663230e+04 1.00715760e+04
 9.46862500e+03 8.92300100e+03 8.51597300e+03 8.05771800e+03
 7.51552000e+03 7.18577650e+03 6.73224500e+03 6.34581450e+03
 6.03791500e+03 5.69741250e+03 5.41598150e+03 5.08102750e+03
 4.75176800e+03 4.54249900e+03 4.31851800e+03 4.10337100e+03
 3.83378650e+03 3.63498825e+03 3.43285475e+03 3.26566850e+03
 3.03720225e+03 2.92424325e+03 2.76459475e+03 2.56823225e+03
 2.43493225e+03 2.32799550e+03 2.16778825e+03 2.01658100e+03
 1.88801925e+03 1.77310325e+03 1.68706462e+03 1.57601225e+03
 1.46281337e+03 1.38551325e+03 1.25734112e+03 1.24214550e+03
 1.14792463e+03 1.08719675e+03 9.74702688e+02 8.95379750e+02
 8.41933437e+02 7.83856938e+02 7.20456125e+02 6.81643438e+02
 6.49283125e+02 5.91525688e+02 5.39762187e+02 4.73298031e+02
 4.45151531e+02 4.18594938e+02 3.93863812e+02 3.65149844e+02
 3.17449437e+02 3.01806562e+02 2.67526344e+02 2.28581781e+02
 2.13884891e+02 1.92604141e+02 1.70005219e+02 1.53383094e+02
 1.43669344e+02 1.23481633e+02 1.10613164e+02 9.10134297e+01
 8.74642578e+01 7.38398984e+01 7.01964375e+01 6.25361641e+01
 5.56689766e+01 4.59693867e+01 4.41395742e+01 3.65424648e+01
 3.20052910e+01 2.49390859e+01 2.35646016e+01 1.79726016e+01]
1
data after
[967.0588125, 7736.3255, 13969.354000000001, 17958.88, 20481.694, 21744.758, 22225.586, 22211.65, 21723.952, 21169.13, 20319.724000000002, 19468.396, 18578.442, 17758.32, 16722.836, 15754.381000000001, 15016.460000000001, 14101.938, 13409.964, 12547.157000000001, 11898.813, 11283.307, 10566.323, 10071.576000000001, 9468.625, 8923.001, 8515.973, 8057.718, 7515.52, 7185.7765, 6732.245, 6345.8145, 6037.915, 5697.4125, 5415.9815, 5081.0275, 4751.768, 4542.499, 4318.518, 4103.371, 3833.7865, 3634.98825, 3432.85475, 3265.6685, 3037.2022500000003, 2924.24325, 2764.59475, 2568.23225, 2434.93225, 2327.9955, 2167.78825, 2016.5810000000001, 1888.01925, 1773.1032500000001, 1687.064625, 1576.01225, 1462.813375, 1385.51325, 1257.341125, 1242.1455, 1147.924625, 1087.19675, 974.7026875, 895.3797500000001, 841.9334375, 783.8569375000001, 720.456125, 681.6434375, 649.283125, 591.5256875, 539.7621875, 473.29803125, 445.15153125, 418.5949375, 393.8638125, 365.14984375, 317.4494375, 301.8065625, 267.52634375, 228.58178125, 213.884890625, 192.604140625, 170.00521875, 153.38309375, 143.66934375, 123.4816328125, 110.6131640625, 91.01342968750001, 87.46425781250001, 73.8398984375, 70.1964375, 62.5361640625, 55.6689765625, 45.96938671875, 44.13957421875, 36.542464843750004, 32.005291015625, 24.9390859375, 41.537203125000005]
6
data,sig_tot
[9.67058813e+02 7.73632550e+03 1.39693540e+04 1.79588800e+04
 2.04816940e+04 2.17447580e+04 2.22255860e+04 2.22116500e+04
 2.17239520e+04 2.11691300e+04 2.03197240e+04 1.94683960e+04
 1.85784420e+04 1.77583200e+04 1.67228360e+04 1.57543810e+04
 1.50164600e+04 1.41019380e+04 1.34099640e+04 1.25471570e+04
 1.18988130e+04 1.12833070e+04 1.05663230e+04 1.00715760e+04
 9.46862500e+03 8.92300100e+03 8.51597300e+03 8.05771800e+03
 7.51552000e+03 7.18577650e+03 6.73224500e+03 6.34581450e+03
 6.03791500e+03 5.69741250e+03 5.41598150e+03 5.08102750e+03
 4.75176800e+03 4.54249900e+03 4.31851800e+03 4.10337100e+03
 3.83378650e+03 3.63498825e+03 3.43285475e+03 3.26566850e+03
 3.03720225e+03 2.92424325e+03 2.76459475e+03 2.56823225e+03
 2.43493225e+03 2.32799550e+03 2.16778825e+03 2.01658100e+03
 1.88801925e+03 1.77310325e+03 1.68706462e+03 1.57601225e+03
 1.46281337e+03 1.38551325e+03 1.25734112e+03 1.24214550e+03
 1.14792463e+03 1.08719675e+03 9.74702688e+02 8.95379750e+02
 8.41933437e+02 7.83856938e+02 7.20456125e+02 6.81643438e+02
 6.49283125e+02 5.91525688e+02 5.39762187e+02 4.73298031e+02
 4.45151531e+02 4.18594938e+02 3.93863812e+02 3.65149844e+02
 3.17449437e+02 3.01806562e+02 2.67526344e+02 2.28581781e+02
 2.13884891e+02 1.92604141e+02 1.70005219e+02 1.53383094e+02
 1.43669344e+02 1.23481633e+02 1.10613164e+02 9.10134297e+01
 8.74642578e+01 7.38398984e+01 7.01964375e+01 6.25361641e+01
 5.56689766e+01 4.59693867e+01 4.41395742e+01 3.65424648e+01
 3.20052910e+01 2.49390859e+01 4.15372031e+01 3.71123063e+02
 3.12451775e+03 5.58216650e+03 6.94513000e+03 7.58491350e+03
 7.70501400e+03 7.56532400e+03 7.27888800e+03 6.83701250e+03
 6.37354000e+03 5.87887950e+03 5.40949350e+03 4.99134900e+03
 4.55062550e+03 4.12280275e+03 3.80760075e+03 3.48668450e+03
 3.18260025e+03 2.86172350e+03 2.61803100e+03 2.41091300e+03
 2.20413350e+03 2.01331838e+03 1.84315013e+03 1.68211462e+03
 1.53268863e+03 1.40832450e+03 1.28416037e+03 1.17864313e+03
 1.08610650e+03 9.89423563e+02 9.09996375e+02 8.26090063e+02
 7.82287875e+02 7.07633000e+02 6.61405250e+02 5.91734563e+02
 5.48162438e+02 5.09832344e+02 4.55095375e+02 4.26474406e+02
 3.84186156e+02 3.64434500e+02 3.28306844e+02 2.94577875e+02
 2.80093563e+02 2.42775422e+02 2.31434969e+02 2.14677344e+02
 1.98097875e+02 1.84098828e+02 1.61905781e+02 1.48138375e+02
 1.33657344e+02 1.19584758e+02 1.14164289e+02 1.02422109e+02
 8.76530000e+01 8.52976016e+01 7.95694687e+01 6.85610234e+01
 5.91035352e+01 5.87541445e+01 5.21499570e+01 4.66872031e+01
 4.26272266e+01 4.15022188e+01 3.34108164e+01 3.28873320e+01
 3.05403496e+01 2.78347090e+01 2.25603633e+01 2.16776094e+01
 3.30820127e+01 2.88798047e+01 2.40450449e+01 2.52982910e+01
 2.37810532e+01 2.85976579e+01]
[9.67058813e+02 7.73632550e+03 1.39693540e+04 1.79588800e+04
 2.04816940e+04 2.17447580e+04 2.22255860e+04 2.22116500e+04
 2.17239520e+04 2.11691300e+04 2.03197240e+04 1.94683960e+04
 1.85784420e+04 1.77583200e+04 1.67228360e+04 1.57543810e+04
 1.50164600e+04 1.41019380e+04 1.34099640e+04 1.25471570e+04
 1.18988130e+04 1.12833070e+04 1.05663230e+04 1.00715760e+04
 9.46862500e+03 8.92300100e+03 8.51597300e+03 8.05771800e+03
 7.51552000e+03 7.18577650e+03 6.73224500e+03 6.34581450e+03
 6.03791500e+03 5.69741250e+03 5.41598150e+03 5.08102750e+03
 4.75176800e+03 4.54249900e+03 4.31851800e+03 4.10337100e+03
 3.83378650e+03 3.63498825e+03 3.43285475e+03 3.26566850e+03
 3.03720225e+03 2.92424325e+03 2.76459475e+03 2.56823225e+03
 2.43493225e+03 2.32799550e+03 2.16778825e+03 2.01658100e+03
 1.88801925e+03 1.77310325e+03 1.68706462e+03 1.57601225e+03
 1.46281337e+03 1.38551325e+03 1.25734112e+03 1.24214550e+03
 1.14792463e+03 1.08719675e+03 9.74702688e+02 8.95379750e+02
 8.41933437e+02 7.83856938e+02 7.20456125e+02 6.81643438e+02
 6.49283125e+02 5.91525688e+02 5.39762187e+02 4.73298031e+02
 4.45151531e+02 4.18594938e+02 3.93863813e+02 3.65149844e+02
 3.17449437e+02 3.01806562e+02 2.67526344e+02 2.28581781e+02
 2.13884891e+02 1.92604141e+02 1.70005219e+02 1.53383094e+02
 1.43669344e+02 1.23481633e+02 1.10613164e+02 9.10134297e+01
 8.74642578e+01 7.38398984e+01 7.01964375e+01 6.25361641e+01
 5.56689766e+01 4.59693867e+01 4.41395742e+01 3.65424648e+01
 3.20052910e+01 2.49390859e+01 4.15372031e+01 3.71123063e+02
 3.12451775e+03 5.58216650e+03 6.94513000e+03 7.58491350e+03
 7.70501400e+03 7.56532400e+03 7.27888800e+03 6.83701250e+03
 6.37354000e+03 5.87887950e+03 5.40949350e+03 4.99134900e+03
 4.55062550e+03 4.12280275e+03 3.80760075e+03 3.48668450e+03
 3.18260025e+03 2.86172350e+03 2.61803100e+03 2.41091300e+03
 2.20413350e+03 2.01331837e+03 1.84315013e+03 1.68211463e+03
 1.53268863e+03 1.40832450e+03 1.28416037e+03 1.17864313e+03
 1.08610650e+03 9.89423563e+02 9.09996375e+02 8.26090063e+02
 7.82287875e+02 7.07633000e+02 6.61405250e+02 5.91734563e+02
 5.48162438e+02 5.09832344e+02 4.55095375e+02 4.26474406e+02
 3.84186156e+02 3.64434500e+02 3.28306844e+02 2.94577875e+02
 2.80093563e+02 2.42775422e+02 2.31434969e+02 2.14677344e+02
 1.98097875e+02 1.84098828e+02 1.61905781e+02 1.48138375e+02
 1.33657344e+02 1.19584758e+02 1.14164289e+02 1.02422109e+02
 8.76530000e+01 8.52976016e+01 7.95694687e+01 6.85610234e+01
 5.91035352e+01 5.87541445e+01 5.21499570e+01 4.66872031e+01
 4.26272266e+01 4.15022187e+01 3.34108164e+01 3.28873320e+01
 3.05403496e+01 2.78347090e+01 2.25603633e+01 2.16776094e+01
 3.30820127e+01 2.88798047e+01 2.40450449e+01 2.52982910e+01
 2.37810532e+01 2.85976579e+01]
0.45782293590053647 13.159150412738212 20.635912594874927
val isze = 0
idinces = [ 69 103  20 116  56  97 117  39 172  10  19  66  55  61 102  59  83  78
 110 163   1 160  47  49  67 136  68 133  60  76 171 170  70 168 124  26
  95  91  24 109 121  21 176  63  58  99 144  81  87  43 150 120 138  35
 174  82   2 114 153  38  52 142 177 146 148 101  80  72 145  98  41  32
 105  48  25  53  90 149  51  14 162  29   3  23 131 166  37 167 165  45
 111 134  42  79 143 155 119 147  12 127  22  85   6 106 112 135 132 104
  34 152 108  50 169 130 129   4   5  44 128  96  84 154  28  75   7  46
  17  11 158  71 118 137 175  74  94 151  93  18  27  36  57  31  65 140
  89  30  86  92 141 126  13  77 159 161  33  62 122 107  88  54 139 100
  16 115 164  40   0  73   8 173 157 156 123 113  64  15 125   9]
training loss = 7.000942230224609 500
training loss = 6.762962818145752 1000
training loss = 6.507065773010254 1500
training loss = 6.3038330078125 2000
training loss = 6.191168308258057 2500
training loss = 6.150456428527832 3000
training loss = 6.138383865356445 3500
training loss = 6.130855560302734 4000
training loss = 6.122550964355469 4500
training loss = 6.112088203430176 5000
training loss = 6.096739292144775 5500
training loss = 6.072070121765137 6000
training loss = 6.012928485870361 6500
training loss = 5.780553817749023 7000
training loss = 4.557253360748291 7500
training loss = 2.3701205253601074 8000
training loss = 2.353384017944336 8500
training loss = 2.347168445587158 9000
training loss = 2.342449188232422 9500
training loss = 2.4683454036712646 10000
training loss = 2.338972568511963 10500
training loss = 2.361217975616455 11000
training loss = 2.3159706592559814 11500
training loss = 2.309981107711792 12000
training loss = 2.3047139644622803 12500
training loss = 2.2997655868530273 13000
training loss = 2.295144557952881 13500
training loss = 2.2908308506011963 14000
training loss = 2.286771535873413 14500
training loss = 2.2829575538635254 15000
training loss = 2.2792837619781494 15500
training loss = 2.2756760120391846 16000
training loss = 2.271962881088257 16500
training loss = 2.267747640609741 17000
training loss = 2.2619450092315674 17500
training loss = 2.2517430782318115 18000
training loss = 2.2389674186706543 18500
training loss = 2.2311148643493652 19000
training loss = 2.2272427082061768 19500
training loss = 2.22514271736145 20000
training loss = 2.2238948345184326 20500
training loss = 2.2229666709899902 21000
training loss = 2.222153902053833 21500
training loss = 2.2215733528137207 22000
training loss = 2.2207424640655518 22500
training loss = 2.2201011180877686 23000
training loss = 2.219442367553711 23500
training loss = 2.2188079357147217 24000
training loss = 2.2181615829467773 24500
training loss = 2.217588186264038 25000
training loss = 2.217003583908081 25500
training loss = 2.2165043354034424 26000
training loss = 2.216029644012451 26500
training loss = 2.216360330581665 27000
training loss = 2.215226650238037 27500
training loss = 2.2148654460906982 28000
training loss = 2.2146079540252686 28500
training loss = 2.2143852710723877 29000
training loss = 2.2143945693969727 29500
training loss = 2.3117618560791016 30000
reduced chi^2 level 2 = 2.3849692344665527
Constrained alpha: 2.5660345554351807
Constrained beta: 3.7847342491149902
Constrained gamma: 16.10166358947754
(1, 178)
(1, 0)
