data before
[ 0.          0.          0.          0.          0.          0.
  0.          0.          0.          0.          0.          0.
  0.          0.          0.          0.          0.          0.
  0.          0.         16.01057878 18.80903445 21.60008665 24.47482322
 26.96743781 29.16325909 30.50389214 31.26188957 30.43797267 28.10180099
 24.41295403 19.91822533 15.16629036 10.96496343  7.5227208   5.03922493
  4.09402748  3.70270844  0.35892254  0.          0.        ]
5
data after
[34.81961323485136, 21.60008664993882, 24.474823224906327, 26.967437811353804, 29.16325908910036, 30.50389213723719, 31.261889567720143, 30.437972668584734, 28.101800988161415, 24.41295402737856, 35.08451569841653, 31.682567610504265]
11
data,sig_tot
[34.81961323 21.60008665 24.47482322 26.96743781 29.16325909 30.50389214
 31.26188957 30.43797267 28.10180099 24.41295403 35.0845157  31.68256761
 21.80479976 34.5319641 ]
[34.81961323 21.60008665 24.47482322 26.96743781 29.16325909 30.50389214
 31.26188957 30.43797267 28.10180099 24.41295403 35.0845157  31.68256761
 21.80479976 34.5319641 ]
0.4180682334123814 19.4371590013921 61.83284978506537
val isze = 0
idinces = [ 3  7 12  6  8  2 10  5 11 13  1  0  4  9]
training loss = 2.9287188053131104 500
training loss = 1.3309119939804077 1000
training loss = 1.3061883449554443 1500
training loss = 1.267065405845642 2000
training loss = 1.2363048791885376 2500
training loss = 1.2099465131759644 3000
training loss = 1.062683343887329 3500
training loss = 1.0524382591247559 4000
training loss = 1.0485599040985107 4500
training loss = 1.061303734779358 5000
reduced chi^2 level 2 = 1.0672489404678345
Constrained alpha: 2.3207099437713623
Constrained beta: -0.002944961190223694
Constrained gamma: 3.0146965980529785
(1, 14)
(1, 0)
