data before
[ 0.          0.          0.          0.          0.          0.
  0.          0.          0.          0.          0.          0.
  0.          0.          0.          0.          0.          0.
  0.          0.         16.01057878 18.80903445 21.60008665 24.47482322
 26.96743781 29.16325909 30.50389214 31.26188957 30.43797267 28.10180099
 24.41295403 19.91822533 15.16629036 10.96496343  7.5227208   5.03922493
  4.09402748  3.70270844  0.35892254  0.          0.        ]
5
data after
[34.81961323485136, 21.60008664993882, 24.474823224906327, 26.967437811353804, 29.16325908910036, 30.50389213723719, 31.261889567720143, 30.437972668584734, 28.101800988161415, 24.41295402737856, 35.08451569841653, 31.682567610504265]
11
data,sig_tot
[34.81961323 21.60008665 24.47482322 26.96743781 29.16325909 30.50389214
 31.26188957 30.43797267 28.10180099 24.41295403 35.0845157  31.68256761
 21.80479976 34.5319641 ]
[34.81961323 21.60008665 24.47482322 26.96743781 29.16325909 30.50389214
 31.26188957 30.43797267 28.10180099 24.41295403 35.0845157  31.68256761
 21.80479976 34.5319641 ]
3.8272311302509947 1.8104551957660697 10.76045128452565
val isze = 0
idinces = [ 3  7 12  6  8  2 10  5 11 13  1  0  4  9]
training loss = 2.9288065433502197 500
training loss = 2.604106903076172 1000
training loss = 2.359316349029541 1500
training loss = 2.0875372886657715 2000
training loss = 1.8998626470565796 2500
training loss = 1.6387543678283691 3000
training loss = 1.6055930852890015 3500
training loss = 1.5977226495742798 4000
training loss = 1.592769742012024 4500
training loss = 1.5888971090316772 5000
reduced chi^2 level 2 = 1.5888906717300415
Constrained alpha: 2.7437548637390137
Constrained beta: 0.896320104598999
Constrained gamma: 7.533664226531982
(1, 14)
(1, 0)
