data before
[ 0.          0.          0.          0.          0.          0.
  0.          0.          0.          0.          0.          0.
  0.          0.          0.          0.          0.          0.
  0.          0.         16.01057878 18.80903445 21.60008665 24.47482322
 26.96743781 29.16325909 30.50389214 31.26188957 30.43797267 28.10180099
 24.41295403 19.91822533 15.16629036 10.96496343  7.5227208   5.03922493
  4.09402748  3.70270844  0.35892254  0.          0.        ]
5
data after
[34.81961323485136, 21.60008664993882, 24.474823224906327, 26.967437811353804, 29.16325908910036, 30.50389213723719, 31.261889567720143, 30.437972668584734, 28.101800988161415, 24.41295402737856, 35.08451569841653, 31.682567610504265]
11
data,sig_tot
[34.81961323 21.60008665 24.47482322 26.96743781 29.16325909 30.50389214
 31.26188957 30.43797267 28.10180099 24.41295403 35.0845157  31.68256761
 21.80479976 34.5319641 ]
[34.81961323 21.60008665 24.47482322 26.96743781 29.16325909 30.50389214
 31.26188957 30.43797267 28.10180099 24.41295403 35.0845157  31.68256761
 21.80479976 34.5319641 ]
3.413260295368263 0.5841996667670868 23.988695281933726
val isze = 0
idinces = [ 3  7 12  6  8  2 10  5 11 13  1  0  4  9]
training loss = 0.7623704075813293 500
training loss = 0.6088758707046509 1000
training loss = 0.457195520401001 1500
training loss = 0.3321164846420288 2000
training loss = 0.2502027153968811 2500
training loss = 0.21330596506595612 3000
training loss = 0.19971472024917603 3500
training loss = 0.19468222558498383 4000
training loss = 0.1931387037038803 4500
reduced chi^2 level 2 = 0.19311518967151642
Constrained alpha: 2.7046072483062744
Constrained beta: 1.8579596281051636
Constrained gamma: 6.2737836837768555
(1, 14)
(1, 0)
