data before
[ 0.          0.          0.          0.          0.          0.
  0.          0.          0.          0.          0.          0.
  0.          0.          0.          0.          0.          0.
  0.          0.         16.01057878 18.80903445 21.60008665 24.47482322
 26.96743781 29.16325909 30.50389214 31.26188957 30.43797267 28.10180099
 24.41295403 19.91822533 15.16629036 10.96496343  7.5227208   5.03922493
  4.09402748  3.70270844  0.35892254  0.          0.        ]
5
data after
[34.81961323485136, 21.60008664993882, 24.474823224906327, 26.967437811353804, 29.16325908910036, 30.50389213723719, 31.261889567720143, 30.437972668584734, 28.101800988161415, 24.41295402737856, 35.08451569841653, 31.682567610504265]
11
data,sig_tot
[34.81961323 21.60008665 24.47482322 26.96743781 29.16325909 30.50389214
 31.26188957 30.43797267 28.10180099 24.41295403 35.0845157  31.68256761
 21.80479976 34.5319641 ]
[34.81961323 21.60008665 24.47482322 26.96743781 29.16325909 30.50389214
 31.26188957 30.43797267 28.10180099 24.41295403 35.0845157  31.68256761
 21.80479976 34.5319641 ]
4.1906412952096055 11.198120669116118 76.498538098235
val isze = 0
idinces = [ 3  7 12  6  8  2 10  5 11 13  1  0  4  9]
training loss = 22.57303810119629 500
training loss = 20.892200469970703 1000
training loss = 18.2286319732666 1500
training loss = 13.197007179260254 2000
training loss = 9.047323226928711 2500
training loss = 7.75180196762085 3000
training loss = 7.081920623779297 3500
training loss = 6.560118675231934 4000
training loss = 6.091368198394775 4500
training loss = 5.643967151641846 5000
(1, 14)
(1, 0)
