data before
[0.15595679 1.90414636 4.17066113 5.94325098 7.31499951 8.23678809
 8.87966113 9.28368164 9.45243457 9.55012598 9.46103125 9.33435938
 9.13269922 8.93088379 8.6121543  8.23512891 8.02253857 7.65906494
 7.38060107 7.0065791  6.75373975 6.49012598 6.15363672 5.91725586
 5.61052881 5.35640088 5.15206738 4.92397559 4.62575244 4.45668311
 4.20539844 3.99751221 3.82681226 3.64165527 3.4721145  3.28163281
 3.07781055 2.95840601 2.82066602 2.69397998 2.52438818 2.40439136
 2.28096338 2.16960791 2.02875793 1.96137366 1.85769958 1.73622424
 1.64200317 1.57004517 1.4605033  1.36458496 1.28379858 1.21311328
 1.14943579 1.06687988 0.99630951 0.94543811 0.85967798 0.84690747
 0.78988635 0.74800977 0.66984277 0.60908459 0.57660028 0.53319794
 0.49156342 0.46399466 0.44332901 0.40738733 0.37026651 0.32158191
 0.30326318 0.27807187 0.26668182 0.24550104 0.21250986 0.20364044
 0.17937051 0.15178847 0.14230334 0.12766809 0.11325557 0.10351281
 0.09334123 0.08062126 0.07207014 0.05919836 0.05520914 0.04614952
 0.04430345 0.04021654 0.03541116 0.02852289 0.02772202 0.02279769
 0.01965581 0.01502086 0.01385699 0.01136674]
48
data after
[27.725802856445313, 27.615777343749997, 28.3455166015625, 26.6757373046875, 23.916732421875, 21.140919921875, 24.17154736328125, 20.0581962890625, 20.128061279296872, 20.828998046875, 38.25549062156678]
64
data,sig_tot
[27.72580286 27.61577734 28.3455166  26.6757373  23.91673242 21.14091992
 24.17154736 20.05819629 20.12806128 20.82899805 38.25549062 21.48039838
 21.50477637 25.65534994]
[27.72580286 27.61577734 28.3455166  26.6757373  23.91673242 21.14091992
 24.17154736 20.05819629 20.12806128 20.82899805 38.25549062 21.48039838
 21.50477637 25.65534994]
<<<<<<< HEAD
2.593904751488203 3.2750960613222135 84.62157768061803
val isze = 0
idinces = [ 3  7 12  6  8  2 10  5 11 13  1  0  4  9]
training loss = 1.1090391874313354 500
training loss = 1.082580327987671 1000
reduced chi^2 level 2 = 1.083399772644043
Constrained alpha: 2.6808037757873535
Constrained beta: 4.672914028167725
Constrained gamma: 54.909141540527344
=======
0.35328975904989623 2.7464816000749703 74.54239311080059
val isze = 0
idinces = [ 1  8 13  2  3  0 11  5  9  6 12  4  7 10]
reduced chi^2 level 2 = 0.455702006816864
Constrained alpha: 2.7495851516723633
Constrained beta: 4.111667633056641
Constrained gamma: 63.84500503540039
>>>>>>> bf5bffb69ec4a318117f0a4aa6bdaab926d87e87
(1, 14)
(1, 0)
data before
[0.15595679 1.90414636 4.17066113 5.94325098 7.31499951 8.23678809
 8.87966113 9.28368164 9.45243457 9.55012598 9.46103125 9.33435938
 9.13269922 8.93088379 8.6121543  8.23512891 8.02253857 7.65906494
 7.38060107 7.0065791  6.75373975 6.49012598 6.15363672 5.91725586
 5.61052881 5.35640088 5.15206738 4.92397559 4.62575244 4.45668311
 4.20539844 3.99751221 3.82681226 3.64165527 3.4721145  3.28163281
 3.07781055 2.95840601 2.82066602 2.69397998 2.52438818 2.40439136
 2.28096338 2.16960791 2.02875793 1.96137366 1.85769958 1.73622424
 1.64200317 1.57004517 1.4605033  1.36458496 1.28379858 1.21311328
 1.14943579 1.06687988 0.99630951 0.94543811 0.85967798 0.84690747
 0.78988635 0.74800977 0.66984277 0.60908459 0.57660028 0.53319794
 0.49156342 0.46399466 0.44332901 0.40738733 0.37026651 0.32158191
 0.30326318 0.27807187 0.26668182 0.24550104 0.21250986 0.20364044
 0.17937051 0.15178847 0.14230334 0.12766809 0.11325557 0.10351281
 0.09334123 0.08062126 0.07207014 0.05919836 0.05520914 0.04614952
 0.04430345 0.04021654 0.03541116 0.02852289 0.02772202 0.02279769
 0.01965581 0.01502086 0.01385699 0.01136674]
48
data after
[27.725802856445313, 27.615777343749997, 28.3455166015625, 26.6757373046875, 23.916732421875, 21.140919921875, 24.17154736328125, 20.0581962890625, 20.128061279296872, 20.828998046875, 38.25549062156678]
64
data,sig_tot
[27.72580286 27.61577734 28.3455166  26.6757373  23.91673242 21.14091992
 24.17154736 20.05819629 20.12806128 20.82899805 38.25549062 21.48039838
 21.50477637 25.65534994]
[27.72580286 27.61577734 28.3455166  26.6757373  23.91673242 21.14091992
 24.17154736 20.05819629 20.12806128 20.82899805 38.25549062 21.48039838
 21.50477637 25.65534994]
<<<<<<< HEAD
4.096434978350343 3.978950793576246 85.68503024577332
val isze = 0
idinces = [ 3  7 12  6  8  2 10  5 11 13  1  0  4  9]
=======
3.965565934029561 17.232075181521708 10.873052881514678
val isze = 0
idinces = [ 2  8 13  7  6 11  4  9  0 12 10  3  5  1]
training loss = 7.276201248168945 500
training loss = 0.672620415687561 1000
reduced chi^2 level 2 = 0.6683130860328674
Constrained alpha: 2.831559896469116
Constrained beta: 5.350710868835449
Constrained gamma: 8.487317085266113
>>>>>>> bf5bffb69ec4a318117f0a4aa6bdaab926d87e87
(1, 14)
(1, 0)
data before
[0.15595679 1.90414636 4.17066113 5.94325098 7.31499951 8.23678809
 8.87966113 9.28368164 9.45243457 9.55012598 9.46103125 9.33435938
 9.13269922 8.93088379 8.6121543  8.23512891 8.02253857 7.65906494
 7.38060107 7.0065791  6.75373975 6.49012598 6.15363672 5.91725586
 5.61052881 5.35640088 5.15206738 4.92397559 4.62575244 4.45668311
 4.20539844 3.99751221 3.82681226 3.64165527 3.4721145  3.28163281
 3.07781055 2.95840601 2.82066602 2.69397998 2.52438818 2.40439136
 2.28096338 2.16960791 2.02875793 1.96137366 1.85769958 1.73622424
 1.64200317 1.57004517 1.4605033  1.36458496 1.28379858 1.21311328
 1.14943579 1.06687988 0.99630951 0.94543811 0.85967798 0.84690747
 0.78988635 0.74800977 0.66984277 0.60908459 0.57660028 0.53319794
 0.49156342 0.46399466 0.44332901 0.40738733 0.37026651 0.32158191
 0.30326318 0.27807187 0.26668182 0.24550104 0.21250986 0.20364044
 0.17937051 0.15178847 0.14230334 0.12766809 0.11325557 0.10351281
 0.09334123 0.08062126 0.07207014 0.05919836 0.05520914 0.04614952
 0.04430345 0.04021654 0.03541116 0.02852289 0.02772202 0.02279769
 0.01965581 0.01502086 0.01385699 0.01136674]
48
data after
[27.725802856445313, 27.615777343749997, 28.3455166015625, 26.6757373046875, 23.916732421875, 21.140919921875, 24.17154736328125, 20.0581962890625, 20.128061279296872, 20.828998046875, 38.25549062156678]
64
data,sig_tot
[27.72580286 27.61577734 28.3455166  26.6757373  23.91673242 21.14091992
 24.17154736 20.05819629 20.12806128 20.82899805 38.25549062 21.48039838
 21.50477637 25.65534994]
[27.72580286 27.61577734 28.3455166  26.6757373  23.91673242 21.14091992
 24.17154736 20.05819629 20.12806128 20.82899805 38.25549062 21.48039838
 21.50477637 25.65534994]
<<<<<<< HEAD
4.096434978350343 3.978950793576246 85.68503024577332
val isze = 0
idinces = [ 3  7 12  6  8  2 10  5 11 13  1  0  4  9]
training loss = 5.455615520477295 500
training loss = 4.535482406616211 1000
training loss = 4.45513391494751 1500
training loss = 4.3728108406066895 2000
training loss = 4.257688999176025 2500
training loss = 4.087899208068848 3000
training loss = 3.817739486694336 3500
training loss = 3.3646976947784424 4000
training loss = 2.7334558963775635 4500
training loss = 2.3123388290405273 5000
reduced chi^2 level 2 = 2.311884880065918
Constrained alpha: 3.6794683933258057
Constrained beta: 4.107263088226318
Constrained gamma: 82.69108581542969
=======
0.14314365451418787 8.383105379248612 5.2767874765184075
val isze = 0
idinces = [13  2  9  1  4 10 12  7  6  5  0  8 11  3]
training loss = 1.024709701538086 500
training loss = 1.0059590339660645 1000
training loss = 0.9916378855705261 1500
reduced chi^2 level 2 = 0.9903217554092407
Constrained alpha: 3.246464490890503
Constrained beta: 2.3204681873321533
Constrained gamma: 1.6937365531921387
>>>>>>> bf5bffb69ec4a318117f0a4aa6bdaab926d87e87
(1, 14)
(1, 0)
data before
[0.15595679 1.90414636 4.17066113 5.94325098 7.31499951 8.23678809
 8.87966113 9.28368164 9.45243457 9.55012598 9.46103125 9.33435938
 9.13269922 8.93088379 8.6121543  8.23512891 8.02253857 7.65906494
 7.38060107 7.0065791  6.75373975 6.49012598 6.15363672 5.91725586
 5.61052881 5.35640088 5.15206738 4.92397559 4.62575244 4.45668311
 4.20539844 3.99751221 3.82681226 3.64165527 3.4721145  3.28163281
 3.07781055 2.95840601 2.82066602 2.69397998 2.52438818 2.40439136
 2.28096338 2.16960791 2.02875793 1.96137366 1.85769958 1.73622424
 1.64200317 1.57004517 1.4605033  1.36458496 1.28379858 1.21311328
 1.14943579 1.06687988 0.99630951 0.94543811 0.85967798 0.84690747
 0.78988635 0.74800977 0.66984277 0.60908459 0.57660028 0.53319794
 0.49156342 0.46399466 0.44332901 0.40738733 0.37026651 0.32158191
 0.30326318 0.27807187 0.26668182 0.24550104 0.21250986 0.20364044
 0.17937051 0.15178847 0.14230334 0.12766809 0.11325557 0.10351281
 0.09334123 0.08062126 0.07207014 0.05919836 0.05520914 0.04614952
 0.04430345 0.04021654 0.03541116 0.02852289 0.02772202 0.02279769
 0.01965581 0.01502086 0.01385699 0.01136674]
48
data after
[27.725802856445313, 27.615777343749997, 28.3455166015625, 26.6757373046875, 23.916732421875, 21.140919921875, 24.17154736328125, 20.0581962890625, 20.128061279296872, 20.828998046875, 38.25549062156678]
64
data,sig_tot
[27.72580286 27.61577734 28.3455166  26.6757373  23.91673242 21.14091992
 24.17154736 20.05819629 20.12806128 20.82899805 38.25549062 21.48039838
 21.50477637 25.65534994]
[27.72580286 27.61577734 28.3455166  26.6757373  23.91673242 21.14091992
 24.17154736 20.05819629 20.12806128 20.82899805 38.25549062 21.48039838
 21.50477637 25.65534994]
<<<<<<< HEAD
4.096434978350343 3.978950793576246 85.68503024577332
val isze = 0
idinces = [ 3  7 12  6  8  2 10  5 11 13  1  0  4  9]
training loss = 4.581777572631836 500
training loss = 4.447182655334473 1000
training loss = 4.3170671463012695 1500
training loss = 4.134149551391602 2000
training loss = 3.831982374191284 2500
training loss = 3.309476613998413 3000
training loss = 2.6230592727661133 3500
training loss = 2.160252809524536 4000
training loss = 1.981231451034546 4500
training loss = 1.8770831823349 5000
reduced chi^2 level 2 = 1.8768823146820068
Constrained alpha: 3.6451473236083984
Constrained beta: 4.168030738830566
Constrained gamma: 81.96953582763672
=======
1.3440617543614353 19.45410062476723 17.23205149203921
val isze = 0
idinces = [ 2  0  8  3  9  1  5  6  4 12 11  7 13 10]
training loss = 1.4762743711471558 500
training loss = 1.4324239492416382 1000
training loss = 1.391133189201355 1500
training loss = 1.377428650856018 2000
reduced chi^2 level 2 = 1.377451777458191
Constrained alpha: 3.735273838043213
Constrained beta: 1.107138752937317
Constrained gamma: 0.85367751121521
>>>>>>> bf5bffb69ec4a318117f0a4aa6bdaab926d87e87
(1, 14)
(1, 0)
data before
[0.15595679 1.90414636 4.17066113 5.94325098 7.31499951 8.23678809
 8.87966113 9.28368164 9.45243457 9.55012598 9.46103125 9.33435938
 9.13269922 8.93088379 8.6121543  8.23512891 8.02253857 7.65906494
 7.38060107 7.0065791  6.75373975 6.49012598 6.15363672 5.91725586
 5.61052881 5.35640088 5.15206738 4.92397559 4.62575244 4.45668311
 4.20539844 3.99751221 3.82681226 3.64165527 3.4721145  3.28163281
 3.07781055 2.95840601 2.82066602 2.69397998 2.52438818 2.40439136
 2.28096338 2.16960791 2.02875793 1.96137366 1.85769958 1.73622424
 1.64200317 1.57004517 1.4605033  1.36458496 1.28379858 1.21311328
 1.14943579 1.06687988 0.99630951 0.94543811 0.85967798 0.84690747
 0.78988635 0.74800977 0.66984277 0.60908459 0.57660028 0.53319794
 0.49156342 0.46399466 0.44332901 0.40738733 0.37026651 0.32158191
 0.30326318 0.27807187 0.26668182 0.24550104 0.21250986 0.20364044
 0.17937051 0.15178847 0.14230334 0.12766809 0.11325557 0.10351281
 0.09334123 0.08062126 0.07207014 0.05919836 0.05520914 0.04614952
 0.04430345 0.04021654 0.03541116 0.02852289 0.02772202 0.02279769
 0.01965581 0.01502086 0.01385699 0.01136674]
48
data after
[27.725802856445313, 27.615777343749997, 28.3455166015625, 26.6757373046875, 23.916732421875, 21.140919921875, 24.17154736328125, 20.0581962890625, 20.128061279296872, 20.828998046875, 38.25549062156678]
64
data,sig_tot
[27.72580286 27.61577734 28.3455166  26.6757373  23.91673242 21.14091992
 24.17154736 20.05819629 20.12806128 20.82899805 38.25549062 21.48039838
 21.50477637 25.65534994]
[27.72580286 27.61577734 28.3455166  26.6757373  23.91673242 21.14091992
 24.17154736 20.05819629 20.12806128 20.82899805 38.25549062 21.48039838
 21.50477637 25.65534994]
<<<<<<< HEAD
4.096434978350343 3.978950793576246 85.68503024577332
val isze = 0
idinces = [ 3  7 12  6  8  2 10  5 11 13  1  0  4  9]
=======
1.0249406134576955 8.241905546951667 22.955150992064087
val isze = 0
idinces = [ 1  5  0 11  8 12 10  7  9  6 13  4  2  3]
training loss = 0.7968112230300903 500
training loss = 0.7194131016731262 1000
training loss = 0.6270899176597595 1500
training loss = 0.5766221880912781 2000
training loss = 0.5724033713340759 2500
training loss = 0.5729193687438965 3000
training loss = 0.5722464323043823 3500
reduced chi^2 level 2 = 0.5722243785858154
Constrained alpha: 3.87309193611145
Constrained beta: 0.060470983386039734
Constrained gamma: 0.749129056930542
>>>>>>> bf5bffb69ec4a318117f0a4aa6bdaab926d87e87
(1, 14)
(1, 0)
data before
[0.15595679 1.90414636 4.17066113 5.94325098 7.31499951 8.23678809
 8.87966113 9.28368164 9.45243457 9.55012598 9.46103125 9.33435938
 9.13269922 8.93088379 8.6121543  8.23512891 8.02253857 7.65906494
 7.38060107 7.0065791  6.75373975 6.49012598 6.15363672 5.91725586
 5.61052881 5.35640088 5.15206738 4.92397559 4.62575244 4.45668311
 4.20539844 3.99751221 3.82681226 3.64165527 3.4721145  3.28163281
 3.07781055 2.95840601 2.82066602 2.69397998 2.52438818 2.40439136
 2.28096338 2.16960791 2.02875793 1.96137366 1.85769958 1.73622424
 1.64200317 1.57004517 1.4605033  1.36458496 1.28379858 1.21311328
 1.14943579 1.06687988 0.99630951 0.94543811 0.85967798 0.84690747
 0.78988635 0.74800977 0.66984277 0.60908459 0.57660028 0.53319794
 0.49156342 0.46399466 0.44332901 0.40738733 0.37026651 0.32158191
 0.30326318 0.27807187 0.26668182 0.24550104 0.21250986 0.20364044
 0.17937051 0.15178847 0.14230334 0.12766809 0.11325557 0.10351281
 0.09334123 0.08062126 0.07207014 0.05919836 0.05520914 0.04614952
 0.04430345 0.04021654 0.03541116 0.02852289 0.02772202 0.02279769
 0.01965581 0.01502086 0.01385699 0.01136674]
48
data after
[27.725802856445313, 27.615777343749997, 28.3455166015625, 26.6757373046875, 23.916732421875, 21.140919921875, 24.17154736328125, 20.0581962890625, 20.128061279296872, 20.828998046875, 38.25549062156678]
64
data,sig_tot
[27.72580286 27.61577734 28.3455166  26.6757373  23.91673242 21.14091992
 24.17154736 20.05819629 20.12806128 20.82899805 38.25549062 21.48039838
 21.50477637 25.65534994]
[27.72580286 27.61577734 28.3455166  26.6757373  23.91673242 21.14091992
 24.17154736 20.05819629 20.12806128 20.82899805 38.25549062 21.48039838
 21.50477637 25.65534994]
<<<<<<< HEAD
4.096434978350343 3.978950793576246 85.68503024577332
val isze = 0
idinces = [ 3  7 12  6  8  2 10  5 11 13  1  0  4  9]
training loss = 12.39476203918457 500
training loss = 11.345189094543457 1000
training loss = 10.822469711303711 1500
training loss = 9.078250885009766 2000
training loss = 4.462372303009033 2500
training loss = 3.7293684482574463 3000
training loss = 3.529911518096924 3500
training loss = 3.3341143131256104 4000
training loss = 3.162531852722168 4500
training loss = 3.0265719890594482 5000
=======
1.1708652797331265 10.927508665765224 83.34042057237302
val isze = 0
idinces = [ 5  4  6  3 13 12  8 10  2  0  7  1 11  9]
training loss = 1.1168855428695679 500
training loss = 1.0960659980773926 1000
training loss = 1.0839347839355469 1500
reduced chi^2 level 2 = 1.0836656093597412
Constrained alpha: 2.9700629711151123
Constrained beta: 3.245694637298584
Constrained gamma: 36.12124252319336
>>>>>>> bf5bffb69ec4a318117f0a4aa6bdaab926d87e87
(1, 14)
(1, 0)
data before
[0.15595679 1.90414636 4.17066113 5.94325098 7.31499951 8.23678809
 8.87966113 9.28368164 9.45243457 9.55012598 9.46103125 9.33435938
 9.13269922 8.93088379 8.6121543  8.23512891 8.02253857 7.65906494
 7.38060107 7.0065791  6.75373975 6.49012598 6.15363672 5.91725586
 5.61052881 5.35640088 5.15206738 4.92397559 4.62575244 4.45668311
 4.20539844 3.99751221 3.82681226 3.64165527 3.4721145  3.28163281
 3.07781055 2.95840601 2.82066602 2.69397998 2.52438818 2.40439136
 2.28096338 2.16960791 2.02875793 1.96137366 1.85769958 1.73622424
 1.64200317 1.57004517 1.4605033  1.36458496 1.28379858 1.21311328
 1.14943579 1.06687988 0.99630951 0.94543811 0.85967798 0.84690747
 0.78988635 0.74800977 0.66984277 0.60908459 0.57660028 0.53319794
 0.49156342 0.46399466 0.44332901 0.40738733 0.37026651 0.32158191
 0.30326318 0.27807187 0.26668182 0.24550104 0.21250986 0.20364044
 0.17937051 0.15178847 0.14230334 0.12766809 0.11325557 0.10351281
 0.09334123 0.08062126 0.07207014 0.05919836 0.05520914 0.04614952
 0.04430345 0.04021654 0.03541116 0.02852289 0.02772202 0.02279769
 0.01965581 0.01502086 0.01385699 0.01136674]
48
data after
[27.725802856445313, 27.615777343749997, 28.3455166015625, 26.6757373046875, 23.916732421875, 21.140919921875, 24.17154736328125, 20.0581962890625, 20.128061279296872, 20.828998046875, 38.25549062156678]
64
data,sig_tot
[27.72580286 27.61577734 28.3455166  26.6757373  23.91673242 21.14091992
 24.17154736 20.05819629 20.12806128 20.82899805 38.25549062 21.48039838
 21.50477637 25.65534994]
[27.72580286 27.61577734 28.3455166  26.6757373  23.91673242 21.14091992
 24.17154736 20.05819629 20.12806128 20.82899805 38.25549062 21.48039838
 21.50477637 25.65534994]
<<<<<<< HEAD
4.096434978350343 3.978950793576246 85.68503024577332
val isze = 0
idinces = [ 3  7 12  6  8  2 10  5 11 13  1  0  4  9]
training loss = 9.099178314208984 500
training loss = 5.048905849456787 1000
training loss = 4.594496726989746 1500
training loss = 4.143289566040039 2000
training loss = 3.5977563858032227 2500
training loss = 3.0381784439086914 3000
training loss = 2.5636210441589355 3500
training loss = 2.2280685901641846 4000
training loss = 2.036383628845215 4500
training loss = 1.9453136920928955 5000
reduced chi^2 level 2 = 1.9451916217803955
Constrained alpha: 3.6197192668914795
Constrained beta: 4.339837074279785
Constrained gamma: 83.69071197509766
=======
2.2113614191117223 8.823171447836158 79.03788836560669
val isze = 0
idinces = [ 8  0 11  9 10  2  4  6  7  1 13 12  5  3]
training loss = 1.817442536354065 500
training loss = 1.6527217626571655 1000
training loss = 1.459074854850769 1500
reduced chi^2 level 2 = 1.4383167028427124
Constrained alpha: 3.902268171310425
Constrained beta: -0.018284961581230164
Constrained gamma: 32.74016189575195
>>>>>>> bf5bffb69ec4a318117f0a4aa6bdaab926d87e87
(1, 14)
(1, 0)
data before
[0.15595679 1.90414636 4.17066113 5.94325098 7.31499951 8.23678809
 8.87966113 9.28368164 9.45243457 9.55012598 9.46103125 9.33435938
 9.13269922 8.93088379 8.6121543  8.23512891 8.02253857 7.65906494
 7.38060107 7.0065791  6.75373975 6.49012598 6.15363672 5.91725586
 5.61052881 5.35640088 5.15206738 4.92397559 4.62575244 4.45668311
 4.20539844 3.99751221 3.82681226 3.64165527 3.4721145  3.28163281
 3.07781055 2.95840601 2.82066602 2.69397998 2.52438818 2.40439136
 2.28096338 2.16960791 2.02875793 1.96137366 1.85769958 1.73622424
 1.64200317 1.57004517 1.4605033  1.36458496 1.28379858 1.21311328
 1.14943579 1.06687988 0.99630951 0.94543811 0.85967798 0.84690747
 0.78988635 0.74800977 0.66984277 0.60908459 0.57660028 0.53319794
 0.49156342 0.46399466 0.44332901 0.40738733 0.37026651 0.32158191
 0.30326318 0.27807187 0.26668182 0.24550104 0.21250986 0.20364044
 0.17937051 0.15178847 0.14230334 0.12766809 0.11325557 0.10351281
 0.09334123 0.08062126 0.07207014 0.05919836 0.05520914 0.04614952
 0.04430345 0.04021654 0.03541116 0.02852289 0.02772202 0.02279769
 0.01965581 0.01502086 0.01385699 0.01136674]
48
data after
[27.725802856445313, 27.615777343749997, 28.3455166015625, 26.6757373046875, 23.916732421875, 21.140919921875, 24.17154736328125, 20.0581962890625, 20.128061279296872, 20.828998046875, 38.25549062156678]
64
data,sig_tot
[27.72580286 27.61577734 28.3455166  26.6757373  23.91673242 21.14091992
 24.17154736 20.05819629 20.12806128 20.82899805 38.25549062 21.48039838
 21.50477637 25.65534994]
[27.72580286 27.61577734 28.3455166  26.6757373  23.91673242 21.14091992
 24.17154736 20.05819629 20.12806128 20.82899805 38.25549062 21.48039838
 21.50477637 25.65534994]
<<<<<<< HEAD
4.096434978350343 3.978950793576246 85.68503024577332
val isze = 0
idinces = [ 3  7 12  6  8  2 10  5 11 13  1  0  4  9]
=======
1.6633449161928988 11.659756175795561 14.979557845850378
val isze = 0
idinces = [ 2 11  9  7 10  4  8  0  6 12  5  3 13  1]
training loss = 0.9184677004814148 500
training loss = 0.8986321091651917 1000
reduced chi^2 level 2 = 0.8982412219047546
Constrained alpha: 3.0275800228118896
Constrained beta: 2.6642260551452637
Constrained gamma: 1.6681448221206665
>>>>>>> bf5bffb69ec4a318117f0a4aa6bdaab926d87e87
(1, 14)
(1, 0)
data before
[0.15595679 1.90414636 4.17066113 5.94325098 7.31499951 8.23678809
 8.87966113 9.28368164 9.45243457 9.55012598 9.46103125 9.33435938
 9.13269922 8.93088379 8.6121543  8.23512891 8.02253857 7.65906494
 7.38060107 7.0065791  6.75373975 6.49012598 6.15363672 5.91725586
 5.61052881 5.35640088 5.15206738 4.92397559 4.62575244 4.45668311
 4.20539844 3.99751221 3.82681226 3.64165527 3.4721145  3.28163281
 3.07781055 2.95840601 2.82066602 2.69397998 2.52438818 2.40439136
 2.28096338 2.16960791 2.02875793 1.96137366 1.85769958 1.73622424
 1.64200317 1.57004517 1.4605033  1.36458496 1.28379858 1.21311328
 1.14943579 1.06687988 0.99630951 0.94543811 0.85967798 0.84690747
 0.78988635 0.74800977 0.66984277 0.60908459 0.57660028 0.53319794
 0.49156342 0.46399466 0.44332901 0.40738733 0.37026651 0.32158191
 0.30326318 0.27807187 0.26668182 0.24550104 0.21250986 0.20364044
 0.17937051 0.15178847 0.14230334 0.12766809 0.11325557 0.10351281
 0.09334123 0.08062126 0.07207014 0.05919836 0.05520914 0.04614952
 0.04430345 0.04021654 0.03541116 0.02852289 0.02772202 0.02279769
 0.01965581 0.01502086 0.01385699 0.01136674]
48
data after
[27.725802856445313, 27.615777343749997, 28.3455166015625, 26.6757373046875, 23.916732421875, 21.140919921875, 24.17154736328125, 20.0581962890625, 20.128061279296872, 20.828998046875, 38.25549062156678]
64
data,sig_tot
[27.72580286 27.61577734 28.3455166  26.6757373  23.91673242 21.14091992
 24.17154736 20.05819629 20.12806128 20.82899805 38.25549062 21.48039838
 21.50477637 25.65534994]
[27.72580286 27.61577734 28.3455166  26.6757373  23.91673242 21.14091992
 24.17154736 20.05819629 20.12806128 20.82899805 38.25549062 21.48039838
 21.50477637 25.65534994]
<<<<<<< HEAD
4.096434978350343 3.978950793576246 85.68503024577332
val isze = 0
idinces = [ 3  7 12  6  8  2 10  5 11 13  1  0  4  9]
=======
1.1963897238977976 15.782483519610322 79.48775353007407
val isze = 0
idinces = [ 0  7  9  5 10  6 12 13  8  4  1 11  2  3]
reduced chi^2 level 2 = 1.628740668296814
Constrained alpha: 1.5380338430404663
Constrained beta: 10.713963508605957
Constrained gamma: 65.66887664794922
>>>>>>> bf5bffb69ec4a318117f0a4aa6bdaab926d87e87
(1, 14)
(1, 0)
data before
[0.15595679 1.90414636 4.17066113 5.94325098 7.31499951 8.23678809
 8.87966113 9.28368164 9.45243457 9.55012598 9.46103125 9.33435938
 9.13269922 8.93088379 8.6121543  8.23512891 8.02253857 7.65906494
 7.38060107 7.0065791  6.75373975 6.49012598 6.15363672 5.91725586
 5.61052881 5.35640088 5.15206738 4.92397559 4.62575244 4.45668311
 4.20539844 3.99751221 3.82681226 3.64165527 3.4721145  3.28163281
 3.07781055 2.95840601 2.82066602 2.69397998 2.52438818 2.40439136
 2.28096338 2.16960791 2.02875793 1.96137366 1.85769958 1.73622424
 1.64200317 1.57004517 1.4605033  1.36458496 1.28379858 1.21311328
 1.14943579 1.06687988 0.99630951 0.94543811 0.85967798 0.84690747
 0.78988635 0.74800977 0.66984277 0.60908459 0.57660028 0.53319794
 0.49156342 0.46399466 0.44332901 0.40738733 0.37026651 0.32158191
 0.30326318 0.27807187 0.26668182 0.24550104 0.21250986 0.20364044
 0.17937051 0.15178847 0.14230334 0.12766809 0.11325557 0.10351281
 0.09334123 0.08062126 0.07207014 0.05919836 0.05520914 0.04614952
 0.04430345 0.04021654 0.03541116 0.02852289 0.02772202 0.02279769
 0.01965581 0.01502086 0.01385699 0.01136674]
48
data after
[27.725802856445313, 27.615777343749997, 28.3455166015625, 26.6757373046875, 23.916732421875, 21.140919921875, 24.17154736328125, 20.0581962890625, 20.128061279296872, 20.828998046875, 38.25549062156678]
64
data,sig_tot
[27.72580286 27.61577734 28.3455166  26.6757373  23.91673242 21.14091992
 24.17154736 20.05819629 20.12806128 20.82899805 38.25549062 21.48039838
 21.50477637 25.65534994]
[27.72580286 27.61577734 28.3455166  26.6757373  23.91673242 21.14091992
 24.17154736 20.05819629 20.12806128 20.82899805 38.25549062 21.48039838
 21.50477637 25.65534994]
<<<<<<< HEAD
4.096434978350343 3.978950793576246 85.68503024577332
val isze = 0
idinces = [ 3  7 12  6  8  2 10  5 11 13  1  0  4  9]
training loss = 4.610724925994873 500
training loss = 4.592493534088135 1000
training loss = 4.566655158996582 1500
training loss = 4.5323638916015625 2000
training loss = 4.487856864929199 2500
training loss = 4.429477214813232 3000
training loss = 4.34998083114624 3500
training loss = 4.234909534454346 4000
training loss = 4.054596424102783 4500
training loss = 3.74794340133667 5000
=======
4.519226647870958 7.221970711413357 38.04037104163462
val isze = 0
idinces = [ 7  0  5  8  4 10  9 11 12 13  3  2  6  1]
training loss = 15.734310150146484 500
training loss = 5.25688362121582 1000
training loss = 3.905196189880371 1500
training loss = 3.528822422027588 2000
training loss = 3.4524006843566895 2500
training loss = 3.4370651245117188 3000
training loss = 3.4286715984344482 3500
training loss = 3.418745517730713 4000
training loss = 3.405966281890869 4500
training loss = 3.3894853591918945 5000
training loss = 3.368218183517456 5500
training loss = 3.3407270908355713 6000
training loss = 3.305081844329834 6500
training loss = 3.258622407913208 7000
>>>>>>> bf5bffb69ec4a318117f0a4aa6bdaab926d87e87
(1, 14)
(1, 0)
data before
[0.15595679 1.90414636 4.17066113 5.94325098 7.31499951 8.23678809
 8.87966113 9.28368164 9.45243457 9.55012598 9.46103125 9.33435938
 9.13269922 8.93088379 8.6121543  8.23512891 8.02253857 7.65906494
 7.38060107 7.0065791  6.75373975 6.49012598 6.15363672 5.91725586
 5.61052881 5.35640088 5.15206738 4.92397559 4.62575244 4.45668311
 4.20539844 3.99751221 3.82681226 3.64165527 3.4721145  3.28163281
 3.07781055 2.95840601 2.82066602 2.69397998 2.52438818 2.40439136
 2.28096338 2.16960791 2.02875793 1.96137366 1.85769958 1.73622424
 1.64200317 1.57004517 1.4605033  1.36458496 1.28379858 1.21311328
 1.14943579 1.06687988 0.99630951 0.94543811 0.85967798 0.84690747
 0.78988635 0.74800977 0.66984277 0.60908459 0.57660028 0.53319794
 0.49156342 0.46399466 0.44332901 0.40738733 0.37026651 0.32158191
 0.30326318 0.27807187 0.26668182 0.24550104 0.21250986 0.20364044
 0.17937051 0.15178847 0.14230334 0.12766809 0.11325557 0.10351281
 0.09334123 0.08062126 0.07207014 0.05919836 0.05520914 0.04614952
 0.04430345 0.04021654 0.03541116 0.02852289 0.02772202 0.02279769
 0.01965581 0.01502086 0.01385699 0.01136674]
48
data after
[27.725802856445313, 27.615777343749997, 28.3455166015625, 26.6757373046875, 23.916732421875, 21.140919921875, 24.17154736328125, 20.0581962890625, 20.128061279296872, 20.828998046875, 38.25549062156678]
64
data,sig_tot
[27.72580286 27.61577734 28.3455166  26.6757373  23.91673242 21.14091992
 24.17154736 20.05819629 20.12806128 20.82899805 38.25549062 21.48039838
 21.50477637 25.65534994]
[27.72580286 27.61577734 28.3455166  26.6757373  23.91673242 21.14091992
 24.17154736 20.05819629 20.12806128 20.82899805 38.25549062 21.48039838
 21.50477637 25.65534994]
<<<<<<< HEAD
4.096434978350343 3.978950793576246 85.68503024577332
val isze = 0
idinces = [ 3  7 12  6  8  2 10  5 11 13  1  0  4  9]
training loss = 5.763667583465576 500
training loss = 4.589496612548828 1000
training loss = 4.479087829589844 1500
training loss = 4.33841609954834 2000
training loss = 4.159795761108398 2500
training loss = 3.9289307594299316 3000
training loss = 3.6267380714416504 3500
training loss = 3.2452635765075684 4000
training loss = 2.8213865756988525 4500
training loss = 2.445115327835083 5000
reduced chi^2 level 2 = 2.4444591999053955
Constrained alpha: 3.6529178619384766
Constrained beta: 3.853797197341919
Constrained gamma: 80.13507843017578
=======
4.170934817430322 10.03773960920026 2.9798096570164745
val isze = 0
idinces = [12 13  0 11  5  3  4  2  7 10  9  1  6  8]
training loss = 3.529139995574951 500
training loss = 1.621057391166687 1000
training loss = 1.598286747932434 1500
training loss = 1.5764695405960083 2000
training loss = 1.5596327781677246 2500
training loss = 1.5487570762634277 3000
training loss = 1.5429656505584717 3500
training loss = 1.5406010150909424 4000
training loss = 1.5399826765060425 4500
training loss = 1.5399388074874878 5000
reduced chi^2 level 2 = 1.539940595626831
Constrained alpha: 2.840744972229004
Constrained beta: 3.1052162647247314
Constrained gamma: 1.9278699159622192
>>>>>>> bf5bffb69ec4a318117f0a4aa6bdaab926d87e87
(1, 14)
(1, 0)
data before
[0.15595679 1.90414636 4.17066113 5.94325098 7.31499951 8.23678809
 8.87966113 9.28368164 9.45243457 9.55012598 9.46103125 9.33435938
 9.13269922 8.93088379 8.6121543  8.23512891 8.02253857 7.65906494
 7.38060107 7.0065791  6.75373975 6.49012598 6.15363672 5.91725586
 5.61052881 5.35640088 5.15206738 4.92397559 4.62575244 4.45668311
 4.20539844 3.99751221 3.82681226 3.64165527 3.4721145  3.28163281
 3.07781055 2.95840601 2.82066602 2.69397998 2.52438818 2.40439136
 2.28096338 2.16960791 2.02875793 1.96137366 1.85769958 1.73622424
 1.64200317 1.57004517 1.4605033  1.36458496 1.28379858 1.21311328
 1.14943579 1.06687988 0.99630951 0.94543811 0.85967798 0.84690747
 0.78988635 0.74800977 0.66984277 0.60908459 0.57660028 0.53319794
 0.49156342 0.46399466 0.44332901 0.40738733 0.37026651 0.32158191
 0.30326318 0.27807187 0.26668182 0.24550104 0.21250986 0.20364044
 0.17937051 0.15178847 0.14230334 0.12766809 0.11325557 0.10351281
 0.09334123 0.08062126 0.07207014 0.05919836 0.05520914 0.04614952
 0.04430345 0.04021654 0.03541116 0.02852289 0.02772202 0.02279769
 0.01965581 0.01502086 0.01385699 0.01136674]
48
data after
[27.725802856445313, 27.615777343749997, 28.3455166015625, 26.6757373046875, 23.916732421875, 21.140919921875, 24.17154736328125, 20.0581962890625, 20.128061279296872, 20.828998046875, 38.25549062156678]
64
data,sig_tot
[27.72580286 27.61577734 28.3455166  26.6757373  23.91673242 21.14091992
 24.17154736 20.05819629 20.12806128 20.82899805 38.25549062 21.48039838
 21.50477637 25.65534994]
[27.72580286 27.61577734 28.3455166  26.6757373  23.91673242 21.14091992
 24.17154736 20.05819629 20.12806128 20.82899805 38.25549062 21.48039838
 21.50477637 25.65534994]
<<<<<<< HEAD
4.096434978350343 3.978950793576246 85.68503024577332
val isze = 0
idinces = [ 3  7 12  6  8  2 10  5 11 13  1  0  4  9]
=======
0.43707301149578215 5.7920913207783915 95.78991705002124
val isze = 0
idinces = [10  7  2  0  3  9  8 13  4  6 11 12  5  1]
training loss = 1.4952490329742432 500
reduced chi^2 level 2 = 1.4954068660736084
Constrained alpha: 2.3652660846710205
Constrained beta: 5.842958927154541
Constrained gamma: 72.87185668945312
>>>>>>> bf5bffb69ec4a318117f0a4aa6bdaab926d87e87
(1, 14)
(1, 0)
data before
[0.15595679 1.90414636 4.17066113 5.94325098 7.31499951 8.23678809
 8.87966113 9.28368164 9.45243457 9.55012598 9.46103125 9.33435938
 9.13269922 8.93088379 8.6121543  8.23512891 8.02253857 7.65906494
 7.38060107 7.0065791  6.75373975 6.49012598 6.15363672 5.91725586
 5.61052881 5.35640088 5.15206738 4.92397559 4.62575244 4.45668311
 4.20539844 3.99751221 3.82681226 3.64165527 3.4721145  3.28163281
 3.07781055 2.95840601 2.82066602 2.69397998 2.52438818 2.40439136
 2.28096338 2.16960791 2.02875793 1.96137366 1.85769958 1.73622424
 1.64200317 1.57004517 1.4605033  1.36458496 1.28379858 1.21311328
 1.14943579 1.06687988 0.99630951 0.94543811 0.85967798 0.84690747
 0.78988635 0.74800977 0.66984277 0.60908459 0.57660028 0.53319794
 0.49156342 0.46399466 0.44332901 0.40738733 0.37026651 0.32158191
 0.30326318 0.27807187 0.26668182 0.24550104 0.21250986 0.20364044
 0.17937051 0.15178847 0.14230334 0.12766809 0.11325557 0.10351281
 0.09334123 0.08062126 0.07207014 0.05919836 0.05520914 0.04614952
 0.04430345 0.04021654 0.03541116 0.02852289 0.02772202 0.02279769
 0.01965581 0.01502086 0.01385699 0.01136674]
48
data after
[27.725802856445313, 27.615777343749997, 28.3455166015625, 26.6757373046875, 23.916732421875, 21.140919921875, 24.17154736328125, 20.0581962890625, 20.128061279296872, 20.828998046875, 38.25549062156678]
64
data,sig_tot
[27.72580286 27.61577734 28.3455166  26.6757373  23.91673242 21.14091992
 24.17154736 20.05819629 20.12806128 20.82899805 38.25549062 21.48039838
 21.50477637 25.65534994]
[27.72580286 27.61577734 28.3455166  26.6757373  23.91673242 21.14091992
 24.17154736 20.05819629 20.12806128 20.82899805 38.25549062 21.48039838
 21.50477637 25.65534994]
<<<<<<< HEAD
4.096434978350343 3.978950793576246 85.68503024577332
val isze = 0
idinces = [ 3  7 12  6  8  2 10  5 11 13  1  0  4  9]
training loss = 12.147573471069336 500
training loss = 4.920267581939697 1000
training loss = 4.340482711791992 1500
training loss = 4.254546642303467 2000
training loss = 4.166393756866455 2500
training loss = 4.039107322692871 3000
training loss = 3.8454678058624268 3500
training loss = 3.538151264190674 4000
training loss = 3.056187868118286 4500
training loss = 2.447192430496216 5000
reduced chi^2 level 2 = 2.4460554122924805
Constrained alpha: 3.625319004058838
Constrained beta: 4.244015216827393
Constrained gamma: 83.40863800048828
=======
0.14544658648855568 7.282659191842821 13.155680752019737
val isze = 0
idinces = [ 9 11  5  4  8  7  6  3  0 12  1 13  2 10]
training loss = 0.7903578877449036 500
training loss = 0.7876964807510376 1000
reduced chi^2 level 2 = 0.7883999347686768
Constrained alpha: 2.8424925804138184
Constrained beta: 4.919753074645996
Constrained gamma: 2.7072761058807373
>>>>>>> bf5bffb69ec4a318117f0a4aa6bdaab926d87e87
(1, 14)
(1, 0)
data before
[0.15595679 1.90414636 4.17066113 5.94325098 7.31499951 8.23678809
 8.87966113 9.28368164 9.45243457 9.55012598 9.46103125 9.33435938
 9.13269922 8.93088379 8.6121543  8.23512891 8.02253857 7.65906494
 7.38060107 7.0065791  6.75373975 6.49012598 6.15363672 5.91725586
 5.61052881 5.35640088 5.15206738 4.92397559 4.62575244 4.45668311
 4.20539844 3.99751221 3.82681226 3.64165527 3.4721145  3.28163281
 3.07781055 2.95840601 2.82066602 2.69397998 2.52438818 2.40439136
 2.28096338 2.16960791 2.02875793 1.96137366 1.85769958 1.73622424
 1.64200317 1.57004517 1.4605033  1.36458496 1.28379858 1.21311328
 1.14943579 1.06687988 0.99630951 0.94543811 0.85967798 0.84690747
 0.78988635 0.74800977 0.66984277 0.60908459 0.57660028 0.53319794
 0.49156342 0.46399466 0.44332901 0.40738733 0.37026651 0.32158191
 0.30326318 0.27807187 0.26668182 0.24550104 0.21250986 0.20364044
 0.17937051 0.15178847 0.14230334 0.12766809 0.11325557 0.10351281
 0.09334123 0.08062126 0.07207014 0.05919836 0.05520914 0.04614952
 0.04430345 0.04021654 0.03541116 0.02852289 0.02772202 0.02279769
 0.01965581 0.01502086 0.01385699 0.01136674]
48
data after
[27.725802856445313, 27.615777343749997, 28.3455166015625, 26.6757373046875, 23.916732421875, 21.140919921875, 24.17154736328125, 20.0581962890625, 20.128061279296872, 20.828998046875, 38.25549062156678]
64
data,sig_tot
[27.72580286 27.61577734 28.3455166  26.6757373  23.91673242 21.14091992
 24.17154736 20.05819629 20.12806128 20.82899805 38.25549062 21.48039838
 21.50477637 25.65534994]
[27.72580286 27.61577734 28.3455166  26.6757373  23.91673242 21.14091992
 24.17154736 20.05819629 20.12806128 20.82899805 38.25549062 21.48039838
 21.50477637 25.65534994]
<<<<<<< HEAD
4.096434978350343 3.978950793576246 85.68503024577332
val isze = 0
idinces = [ 3  7 12  6  8  2 10  5 11 13  1  0  4  9]
training loss = 5.137814521789551 500
training loss = 4.722983360290527 1000
training loss = 4.672194004058838 1500
training loss = 4.6086015701293945 2000
training loss = 4.520527362823486 2500
training loss = 4.391286849975586 3000
training loss = 4.181406021118164 3500
training loss = 3.80403470993042 4000
training loss = 3.245880365371704 4500
training loss = 2.872677803039551 5000
=======
4.9660496103499945 18.640722955067236 89.45715870551018
val isze = 0
idinces = [ 9 13  1 11 10 12  3  6  8  0  5  7  4  2]
training loss = 64.039306640625 500
training loss = 17.52198028564453 1000
training loss = 11.952675819396973 1500
training loss = 10.766045570373535 2000
training loss = 10.36633014678955 2500
training loss = 10.107657432556152 3000
training loss = 9.871149063110352 3500
training loss = 9.656768798828125 4000
training loss = 9.482194900512695 4500
training loss = 9.35752010345459 5000
training loss = 9.279680252075195 5500
training loss = 9.236246109008789 6000
training loss = 9.212579727172852 6500
training loss = 9.196640014648438 7000
>>>>>>> bf5bffb69ec4a318117f0a4aa6bdaab926d87e87
(1, 14)
(1, 0)
data before
[0.15595679 1.90414636 4.17066113 5.94325098 7.31499951 8.23678809
 8.87966113 9.28368164 9.45243457 9.55012598 9.46103125 9.33435938
 9.13269922 8.93088379 8.6121543  8.23512891 8.02253857 7.65906494
 7.38060107 7.0065791  6.75373975 6.49012598 6.15363672 5.91725586
 5.61052881 5.35640088 5.15206738 4.92397559 4.62575244 4.45668311
 4.20539844 3.99751221 3.82681226 3.64165527 3.4721145  3.28163281
 3.07781055 2.95840601 2.82066602 2.69397998 2.52438818 2.40439136
 2.28096338 2.16960791 2.02875793 1.96137366 1.85769958 1.73622424
 1.64200317 1.57004517 1.4605033  1.36458496 1.28379858 1.21311328
 1.14943579 1.06687988 0.99630951 0.94543811 0.85967798 0.84690747
 0.78988635 0.74800977 0.66984277 0.60908459 0.57660028 0.53319794
 0.49156342 0.46399466 0.44332901 0.40738733 0.37026651 0.32158191
 0.30326318 0.27807187 0.26668182 0.24550104 0.21250986 0.20364044
 0.17937051 0.15178847 0.14230334 0.12766809 0.11325557 0.10351281
 0.09334123 0.08062126 0.07207014 0.05919836 0.05520914 0.04614952
 0.04430345 0.04021654 0.03541116 0.02852289 0.02772202 0.02279769
 0.01965581 0.01502086 0.01385699 0.01136674]
48
data after
[27.725802856445313, 27.615777343749997, 28.3455166015625, 26.6757373046875, 23.916732421875, 21.140919921875, 24.17154736328125, 20.0581962890625, 20.128061279296872, 20.828998046875, 38.25549062156678]
64
data,sig_tot
[27.72580286 27.61577734 28.3455166  26.6757373  23.91673242 21.14091992
 24.17154736 20.05819629 20.12806128 20.82899805 38.25549062 21.48039838
 21.50477637 25.65534994]
[27.72580286 27.61577734 28.3455166  26.6757373  23.91673242 21.14091992
 24.17154736 20.05819629 20.12806128 20.82899805 38.25549062 21.48039838
 21.50477637 25.65534994]
<<<<<<< HEAD
4.096434978350343 3.978950793576246 85.68503024577332
val isze = 0
idinces = [ 3  7 12  6  8  2 10  5 11 13  1  0  4  9]
=======
0.5422133834264548 10.506405250974423 20.926324900586547
val isze = 0
idinces = [ 3  0 11  6 10 12  2  5  9  4  7  1  8 13]
training loss = 2.3479442596435547 500
training loss = 2.2661550045013428 1000
training loss = 2.136146306991577 1500
training loss = 2.000391960144043 2000
reduced chi^2 level 2 = 2.000324249267578
Constrained alpha: 3.879318952560425
Constrained beta: -0.025305250659585
Constrained gamma: 0.6530623435974121
>>>>>>> bf5bffb69ec4a318117f0a4aa6bdaab926d87e87
(1, 14)
(1, 0)
data before
[0.15595679 1.90414636 4.17066113 5.94325098 7.31499951 8.23678809
 8.87966113 9.28368164 9.45243457 9.55012598 9.46103125 9.33435938
 9.13269922 8.93088379 8.6121543  8.23512891 8.02253857 7.65906494
 7.38060107 7.0065791  6.75373975 6.49012598 6.15363672 5.91725586
 5.61052881 5.35640088 5.15206738 4.92397559 4.62575244 4.45668311
 4.20539844 3.99751221 3.82681226 3.64165527 3.4721145  3.28163281
 3.07781055 2.95840601 2.82066602 2.69397998 2.52438818 2.40439136
 2.28096338 2.16960791 2.02875793 1.96137366 1.85769958 1.73622424
 1.64200317 1.57004517 1.4605033  1.36458496 1.28379858 1.21311328
 1.14943579 1.06687988 0.99630951 0.94543811 0.85967798 0.84690747
 0.78988635 0.74800977 0.66984277 0.60908459 0.57660028 0.53319794
 0.49156342 0.46399466 0.44332901 0.40738733 0.37026651 0.32158191
 0.30326318 0.27807187 0.26668182 0.24550104 0.21250986 0.20364044
 0.17937051 0.15178847 0.14230334 0.12766809 0.11325557 0.10351281
 0.09334123 0.08062126 0.07207014 0.05919836 0.05520914 0.04614952
 0.04430345 0.04021654 0.03541116 0.02852289 0.02772202 0.02279769
 0.01965581 0.01502086 0.01385699 0.01136674]
48
data after
[27.725802856445313, 27.615777343749997, 28.3455166015625, 26.6757373046875, 23.916732421875, 21.140919921875, 24.17154736328125, 20.0581962890625, 20.128061279296872, 20.828998046875, 38.25549062156678]
64
data,sig_tot
[27.72580286 27.61577734 28.3455166  26.6757373  23.91673242 21.14091992
 24.17154736 20.05819629 20.12806128 20.82899805 38.25549062 21.48039838
 21.50477637 25.65534994]
[27.72580286 27.61577734 28.3455166  26.6757373  23.91673242 21.14091992
 24.17154736 20.05819629 20.12806128 20.82899805 38.25549062 21.48039838
 21.50477637 25.65534994]
<<<<<<< HEAD
4.096434978350343 3.978950793576246 85.68503024577332
val isze = 0
idinces = [ 3  7 12  6  8  2 10  5 11 13  1  0  4  9]
training loss = 5.014650344848633 500
training loss = 4.851158142089844 1000
training loss = 4.782939434051514 1500
training loss = 4.701620578765869 2000
training loss = 4.599147796630859 2500
training loss = 4.467288970947266 3000
training loss = 4.285991191864014 3500
training loss = 4.000850200653076 4000
training loss = 3.426396131515503 4500
training loss = 2.609638214111328 5000
reduced chi^2 level 2 = 2.6085686683654785
Constrained alpha: 3.6378989219665527
Constrained beta: 3.751142740249634
Constrained gamma: 79.8314208984375
=======
1.5567502086066183 18.61498262565521 48.18676371968748
val isze = 0
idinces = [ 1  4  9  3  8 13 12  0 11  2 10  6  5  7]
training loss = 1.2042570114135742 500
training loss = 1.134351372718811 1000
training loss = 1.0727821588516235 1500
training loss = 1.0438637733459473 2000
training loss = 1.0384392738342285 2500
training loss = 1.0368038415908813 3000
training loss = 1.0366133451461792 3500
reduced chi^2 level 2 = 1.0366089344024658
Constrained alpha: 3.750279188156128
Constrained beta: 0.36332643032073975
Constrained gamma: 0.8286102414131165
>>>>>>> bf5bffb69ec4a318117f0a4aa6bdaab926d87e87
(1, 14)
(1, 0)
data before
[0.15595679 1.90414636 4.17066113 5.94325098 7.31499951 8.23678809
 8.87966113 9.28368164 9.45243457 9.55012598 9.46103125 9.33435938
 9.13269922 8.93088379 8.6121543  8.23512891 8.02253857 7.65906494
 7.38060107 7.0065791  6.75373975 6.49012598 6.15363672 5.91725586
 5.61052881 5.35640088 5.15206738 4.92397559 4.62575244 4.45668311
 4.20539844 3.99751221 3.82681226 3.64165527 3.4721145  3.28163281
 3.07781055 2.95840601 2.82066602 2.69397998 2.52438818 2.40439136
 2.28096338 2.16960791 2.02875793 1.96137366 1.85769958 1.73622424
 1.64200317 1.57004517 1.4605033  1.36458496 1.28379858 1.21311328
 1.14943579 1.06687988 0.99630951 0.94543811 0.85967798 0.84690747
 0.78988635 0.74800977 0.66984277 0.60908459 0.57660028 0.53319794
 0.49156342 0.46399466 0.44332901 0.40738733 0.37026651 0.32158191
 0.30326318 0.27807187 0.26668182 0.24550104 0.21250986 0.20364044
 0.17937051 0.15178847 0.14230334 0.12766809 0.11325557 0.10351281
 0.09334123 0.08062126 0.07207014 0.05919836 0.05520914 0.04614952
 0.04430345 0.04021654 0.03541116 0.02852289 0.02772202 0.02279769
 0.01965581 0.01502086 0.01385699 0.01136674]
48
data after
[27.725802856445313, 27.615777343749997, 28.3455166015625, 26.6757373046875, 23.916732421875, 21.140919921875, 24.17154736328125, 20.0581962890625, 20.128061279296872, 20.828998046875, 38.25549062156678]
64
data,sig_tot
[27.72580286 27.61577734 28.3455166  26.6757373  23.91673242 21.14091992
 24.17154736 20.05819629 20.12806128 20.82899805 38.25549062 21.48039838
 21.50477637 25.65534994]
[27.72580286 27.61577734 28.3455166  26.6757373  23.91673242 21.14091992
 24.17154736 20.05819629 20.12806128 20.82899805 38.25549062 21.48039838
 21.50477637 25.65534994]
<<<<<<< HEAD
4.096434978350343 3.978950793576246 85.68503024577332
val isze = 0
idinces = [ 3  7 12  6  8  2 10  5 11 13  1  0  4  9]
training loss = 4.751665115356445 500
training loss = 4.712933540344238 1000
training loss = 4.659391403198242 1500
training loss = 4.587563991546631 2000
training loss = 4.488526821136475 2500
training loss = 4.34133768081665 3000
training loss = 4.079718589782715 3500
training loss = 3.462947130203247 4000
training loss = 2.5789830684661865 4500
training loss = 2.27475905418396 5000
reduced chi^2 level 2 = 2.2744133472442627
Constrained alpha: 3.6391372680664062
Constrained beta: 3.6496710777282715
Constrained gamma: 78.25552368164062
=======
0.7448797097567794 4.918769154240472 89.64507157117268
val isze = 0
idinces = [12 11 13  8  7  6  3  2  9  1  5  4 10  0]
training loss = 2.0872960090637207 500
reduced chi^2 level 2 = 2.0875067710876465
Constrained alpha: 2.473048210144043
Constrained beta: 5.522575378417969
Constrained gamma: 72.39308166503906
>>>>>>> bf5bffb69ec4a318117f0a4aa6bdaab926d87e87
(1, 14)
(1, 0)
data before
[0.15595679 1.90414636 4.17066113 5.94325098 7.31499951 8.23678809
 8.87966113 9.28368164 9.45243457 9.55012598 9.46103125 9.33435938
 9.13269922 8.93088379 8.6121543  8.23512891 8.02253857 7.65906494
 7.38060107 7.0065791  6.75373975 6.49012598 6.15363672 5.91725586
 5.61052881 5.35640088 5.15206738 4.92397559 4.62575244 4.45668311
 4.20539844 3.99751221 3.82681226 3.64165527 3.4721145  3.28163281
 3.07781055 2.95840601 2.82066602 2.69397998 2.52438818 2.40439136
 2.28096338 2.16960791 2.02875793 1.96137366 1.85769958 1.73622424
 1.64200317 1.57004517 1.4605033  1.36458496 1.28379858 1.21311328
 1.14943579 1.06687988 0.99630951 0.94543811 0.85967798 0.84690747
 0.78988635 0.74800977 0.66984277 0.60908459 0.57660028 0.53319794
 0.49156342 0.46399466 0.44332901 0.40738733 0.37026651 0.32158191
 0.30326318 0.27807187 0.26668182 0.24550104 0.21250986 0.20364044
 0.17937051 0.15178847 0.14230334 0.12766809 0.11325557 0.10351281
 0.09334123 0.08062126 0.07207014 0.05919836 0.05520914 0.04614952
 0.04430345 0.04021654 0.03541116 0.02852289 0.02772202 0.02279769
 0.01965581 0.01502086 0.01385699 0.01136674]
48
data after
[27.725802856445313, 27.615777343749997, 28.3455166015625, 26.6757373046875, 23.916732421875, 21.140919921875, 24.17154736328125, 20.0581962890625, 20.128061279296872, 20.828998046875, 38.25549062156678]
64
data,sig_tot
[27.72580286 27.61577734 28.3455166  26.6757373  23.91673242 21.14091992
 24.17154736 20.05819629 20.12806128 20.82899805 38.25549062 21.48039838
 21.50477637 25.65534994]
[27.72580286 27.61577734 28.3455166  26.6757373  23.91673242 21.14091992
 24.17154736 20.05819629 20.12806128 20.82899805 38.25549062 21.48039838
 21.50477637 25.65534994]
<<<<<<< HEAD
4.096434978350343 3.978950793576246 85.68503024577332
val isze = 0
idinces = [ 3  7 12  6  8  2 10  5 11 13  1  0  4  9]
=======
2.428978815880185 2.1867333236036535 22.60094848722981
val isze = 0
idinces = [ 7  9 12  3 11  0  4 10  8  5  1  6 13  2]
reduced chi^2 level 2 = 0.47058141231536865
Constrained alpha: 2.8660361766815186
Constrained beta: 3.0459859371185303
Constrained gamma: 15.337178230285645
>>>>>>> bf5bffb69ec4a318117f0a4aa6bdaab926d87e87
(1, 14)
(1, 0)
data before
[0.15595679 1.90414636 4.17066113 5.94325098 7.31499951 8.23678809
 8.87966113 9.28368164 9.45243457 9.55012598 9.46103125 9.33435938
 9.13269922 8.93088379 8.6121543  8.23512891 8.02253857 7.65906494
 7.38060107 7.0065791  6.75373975 6.49012598 6.15363672 5.91725586
 5.61052881 5.35640088 5.15206738 4.92397559 4.62575244 4.45668311
 4.20539844 3.99751221 3.82681226 3.64165527 3.4721145  3.28163281
 3.07781055 2.95840601 2.82066602 2.69397998 2.52438818 2.40439136
 2.28096338 2.16960791 2.02875793 1.96137366 1.85769958 1.73622424
 1.64200317 1.57004517 1.4605033  1.36458496 1.28379858 1.21311328
 1.14943579 1.06687988 0.99630951 0.94543811 0.85967798 0.84690747
 0.78988635 0.74800977 0.66984277 0.60908459 0.57660028 0.53319794
 0.49156342 0.46399466 0.44332901 0.40738733 0.37026651 0.32158191
 0.30326318 0.27807187 0.26668182 0.24550104 0.21250986 0.20364044
 0.17937051 0.15178847 0.14230334 0.12766809 0.11325557 0.10351281
 0.09334123 0.08062126 0.07207014 0.05919836 0.05520914 0.04614952
 0.04430345 0.04021654 0.03541116 0.02852289 0.02772202 0.02279769
 0.01965581 0.01502086 0.01385699 0.01136674]
48
data after
[27.725802856445313, 27.615777343749997, 28.3455166015625, 26.6757373046875, 23.916732421875, 21.140919921875, 24.17154736328125, 20.0581962890625, 20.128061279296872, 20.828998046875, 38.25549062156678]
64
data,sig_tot
[27.72580286 27.61577734 28.3455166  26.6757373  23.91673242 21.14091992
 24.17154736 20.05819629 20.12806128 20.82899805 38.25549062 21.48039838
 21.50477637 25.65534994]
[27.72580286 27.61577734 28.3455166  26.6757373  23.91673242 21.14091992
 24.17154736 20.05819629 20.12806128 20.82899805 38.25549062 21.48039838
 21.50477637 25.65534994]
<<<<<<< HEAD
4.096434978350343 3.978950793576246 85.68503024577332
val isze = 0
idinces = [ 3  7 12  6  8  2 10  5 11 13  1  0  4  9]
=======
4.955908717196722 15.297515509842732 16.88063388225268
val isze = 0
idinces = [ 1  3 10  0  7  4  6  8  5 13 12 11  2  9]
training loss = 22.583566665649414 500
training loss = 22.23882293701172 1000
training loss = 19.922748565673828 1500
training loss = 7.519939422607422 2000
training loss = 7.480282783508301 2500
training loss = 7.432587146759033 3000
training loss = 7.374251365661621 3500
training loss = 7.3042402267456055 4000
training loss = 7.221318244934082 4500
training loss = 7.123310089111328 5000
training loss = 7.005196571350098 5500
training loss = 6.85434627532959 6000
training loss = 6.638266563415527 6500
training loss = 6.264448642730713 7000
>>>>>>> bf5bffb69ec4a318117f0a4aa6bdaab926d87e87
(1, 14)
(1, 0)
data before
[0.15595679 1.90414636 4.17066113 5.94325098 7.31499951 8.23678809
 8.87966113 9.28368164 9.45243457 9.55012598 9.46103125 9.33435938
 9.13269922 8.93088379 8.6121543  8.23512891 8.02253857 7.65906494
 7.38060107 7.0065791  6.75373975 6.49012598 6.15363672 5.91725586
 5.61052881 5.35640088 5.15206738 4.92397559 4.62575244 4.45668311
 4.20539844 3.99751221 3.82681226 3.64165527 3.4721145  3.28163281
 3.07781055 2.95840601 2.82066602 2.69397998 2.52438818 2.40439136
 2.28096338 2.16960791 2.02875793 1.96137366 1.85769958 1.73622424
 1.64200317 1.57004517 1.4605033  1.36458496 1.28379858 1.21311328
 1.14943579 1.06687988 0.99630951 0.94543811 0.85967798 0.84690747
 0.78988635 0.74800977 0.66984277 0.60908459 0.57660028 0.53319794
 0.49156342 0.46399466 0.44332901 0.40738733 0.37026651 0.32158191
 0.30326318 0.27807187 0.26668182 0.24550104 0.21250986 0.20364044
 0.17937051 0.15178847 0.14230334 0.12766809 0.11325557 0.10351281
 0.09334123 0.08062126 0.07207014 0.05919836 0.05520914 0.04614952
 0.04430345 0.04021654 0.03541116 0.02852289 0.02772202 0.02279769
 0.01965581 0.01502086 0.01385699 0.01136674]
48
data after
[27.725802856445313, 27.615777343749997, 28.3455166015625, 26.6757373046875, 23.916732421875, 21.140919921875, 24.17154736328125, 20.0581962890625, 20.128061279296872, 20.828998046875, 38.25549062156678]
64
data,sig_tot
[27.72580286 27.61577734 28.3455166  26.6757373  23.91673242 21.14091992
 24.17154736 20.05819629 20.12806128 20.82899805 38.25549062 21.48039838
 21.50477637 25.65534994]
[27.72580286 27.61577734 28.3455166  26.6757373  23.91673242 21.14091992
 24.17154736 20.05819629 20.12806128 20.82899805 38.25549062 21.48039838
 21.50477637 25.65534994]
<<<<<<< HEAD
4.096434978350343 3.978950793576246 85.68503024577332
val isze = 0
idinces = [ 3  7 12  6  8  2 10  5 11 13  1  0  4  9]
=======
1.5150679533155138 18.229352922044946 49.27749320020298
val isze = 0
idinces = [12  4  5  8  7  3 10 13 11  0  2  9  6  1]
training loss = 0.8044983744621277 500
reduced chi^2 level 2 = 0.8049505352973938
Constrained alpha: 1.6826318502426147
Constrained beta: 10.017772674560547
Constrained gamma: 33.15506362915039
>>>>>>> bf5bffb69ec4a318117f0a4aa6bdaab926d87e87
(1, 14)
(1, 0)
data before
[0.15595679 1.90414636 4.17066113 5.94325098 7.31499951 8.23678809
 8.87966113 9.28368164 9.45243457 9.55012598 9.46103125 9.33435938
 9.13269922 8.93088379 8.6121543  8.23512891 8.02253857 7.65906494
 7.38060107 7.0065791  6.75373975 6.49012598 6.15363672 5.91725586
 5.61052881 5.35640088 5.15206738 4.92397559 4.62575244 4.45668311
 4.20539844 3.99751221 3.82681226 3.64165527 3.4721145  3.28163281
 3.07781055 2.95840601 2.82066602 2.69397998 2.52438818 2.40439136
 2.28096338 2.16960791 2.02875793 1.96137366 1.85769958 1.73622424
 1.64200317 1.57004517 1.4605033  1.36458496 1.28379858 1.21311328
 1.14943579 1.06687988 0.99630951 0.94543811 0.85967798 0.84690747
 0.78988635 0.74800977 0.66984277 0.60908459 0.57660028 0.53319794
 0.49156342 0.46399466 0.44332901 0.40738733 0.37026651 0.32158191
 0.30326318 0.27807187 0.26668182 0.24550104 0.21250986 0.20364044
 0.17937051 0.15178847 0.14230334 0.12766809 0.11325557 0.10351281
 0.09334123 0.08062126 0.07207014 0.05919836 0.05520914 0.04614952
 0.04430345 0.04021654 0.03541116 0.02852289 0.02772202 0.02279769
 0.01965581 0.01502086 0.01385699 0.01136674]
48
data after
[27.725802856445313, 27.615777343749997, 28.3455166015625, 26.6757373046875, 23.916732421875, 21.140919921875, 24.17154736328125, 20.0581962890625, 20.128061279296872, 20.828998046875, 38.25549062156678]
64
data,sig_tot
[27.72580286 27.61577734 28.3455166  26.6757373  23.91673242 21.14091992
 24.17154736 20.05819629 20.12806128 20.82899805 38.25549062 21.48039838
 21.50477637 25.65534994]
[27.72580286 27.61577734 28.3455166  26.6757373  23.91673242 21.14091992
 24.17154736 20.05819629 20.12806128 20.82899805 38.25549062 21.48039838
 21.50477637 25.65534994]
<<<<<<< HEAD
4.096434978350343 3.978950793576246 85.68503024577332
val isze = 0
idinces = [ 3  7 12  6  8  2 10  5 11 13  1  0  4  9]
training loss = 4.541689872741699 500
training loss = 4.469945907592773 1000
training loss = 4.40662145614624 1500
training loss = 4.324633598327637 2000
training loss = 4.218264102935791 2500
training loss = 4.080773830413818 3000
training loss = 3.900719404220581 3500
training loss = 3.6602015495300293 4000
training loss = 3.3373024463653564 4500
training loss = 2.9279043674468994 5000
=======
4.1361764761203865 17.119148953583306 99.13974045789337
val isze = 0
idinces = [ 4 12 13  6  8  5  7  1 10  2 11  9  3  0]
training loss = 5.198012828826904 500
training loss = 5.140531539916992 1000
training loss = 5.118771553039551 1500
training loss = 5.09495735168457 2000
training loss = 5.066232681274414 2500
training loss = 5.028045177459717 3000
training loss = 4.972779273986816 3500
training loss = 4.883505821228027 4000
training loss = 4.70632791519165 4500
training loss = 4.070864677429199 5000
training loss = 1.454801321029663 5500
training loss = 0.976568877696991 6000
training loss = 0.925542950630188 6500
training loss = 0.8842830657958984 7000
reduced chi^2 level 2 = 0.8865447044372559
Constrained alpha: 3.6847052574157715
Constrained beta: 14.927340507507324
Constrained gamma: 63.76274108886719
>>>>>>> bf5bffb69ec4a318117f0a4aa6bdaab926d87e87
(1, 14)
(1, 0)
data before
[0.15595679 1.90414636 4.17066113 5.94325098 7.31499951 8.23678809
 8.87966113 9.28368164 9.45243457 9.55012598 9.46103125 9.33435938
 9.13269922 8.93088379 8.6121543  8.23512891 8.02253857 7.65906494
 7.38060107 7.0065791  6.75373975 6.49012598 6.15363672 5.91725586
 5.61052881 5.35640088 5.15206738 4.92397559 4.62575244 4.45668311
 4.20539844 3.99751221 3.82681226 3.64165527 3.4721145  3.28163281
 3.07781055 2.95840601 2.82066602 2.69397998 2.52438818 2.40439136
 2.28096338 2.16960791 2.02875793 1.96137366 1.85769958 1.73622424
 1.64200317 1.57004517 1.4605033  1.36458496 1.28379858 1.21311328
 1.14943579 1.06687988 0.99630951 0.94543811 0.85967798 0.84690747
 0.78988635 0.74800977 0.66984277 0.60908459 0.57660028 0.53319794
 0.49156342 0.46399466 0.44332901 0.40738733 0.37026651 0.32158191
 0.30326318 0.27807187 0.26668182 0.24550104 0.21250986 0.20364044
 0.17937051 0.15178847 0.14230334 0.12766809 0.11325557 0.10351281
 0.09334123 0.08062126 0.07207014 0.05919836 0.05520914 0.04614952
 0.04430345 0.04021654 0.03541116 0.02852289 0.02772202 0.02279769
 0.01965581 0.01502086 0.01385699 0.01136674]
48
data after
[27.725802856445313, 27.615777343749997, 28.3455166015625, 26.6757373046875, 23.916732421875, 21.140919921875, 24.17154736328125, 20.0581962890625, 20.128061279296872, 20.828998046875, 38.25549062156678]
64
data,sig_tot
[27.72580286 27.61577734 28.3455166  26.6757373  23.91673242 21.14091992
 24.17154736 20.05819629 20.12806128 20.82899805 38.25549062 21.48039838
 21.50477637 25.65534994]
[27.72580286 27.61577734 28.3455166  26.6757373  23.91673242 21.14091992
 24.17154736 20.05819629 20.12806128 20.82899805 38.25549062 21.48039838
 21.50477637 25.65534994]
<<<<<<< HEAD
4.096434978350343 3.978950793576246 85.68503024577332
val isze = 0
idinces = [ 3  7 12  6  8  2 10  5 11 13  1  0  4  9]
training loss = 4.751811981201172 500
training loss = 4.671123027801514 1000
training loss = 4.570003986358643 1500
training loss = 4.380349159240723 2000
training loss = 3.914788007736206 2500
training loss = 2.914130926132202 3000
training loss = 2.4232592582702637 3500
training loss = 2.260181427001953 4000
training loss = 2.0558395385742188 4500
training loss = 1.816887378692627 5000
reduced chi^2 level 2 = 1.8164335489273071
Constrained alpha: 3.703843116760254
Constrained beta: 3.9148082733154297
Constrained gamma: 78.30140686035156
=======
3.5935552316706554 11.819746477833458 49.12312836402673
val isze = 0
idinces = [ 6  0  7  9 11  1 12 10  3  8  5  4  2 13]
training loss = 2.3281588554382324 500
training loss = 1.9968494176864624 1000
training loss = 1.56589674949646 1500
training loss = 1.16775643825531 2000
training loss = 1.0099635124206543 2500
training loss = 0.994250476360321 3000
training loss = 0.9790239334106445 3500
training loss = 0.9595158696174622 4000
training loss = 0.937160849571228 4500
training loss = 0.9137704372406006 5000
training loss = 0.8924218416213989 5500
training loss = 0.8761904835700989 6000
training loss = 0.8667858242988586 6500
training loss = 0.8627578020095825 7000
reduced chi^2 level 2 = 0.8627536296844482
Constrained alpha: 3.976701259613037
Constrained beta: 0.20229071378707886
Constrained gamma: 0.583053708076477
>>>>>>> bf5bffb69ec4a318117f0a4aa6bdaab926d87e87
(1, 14)
(1, 0)
data before
[0.15595679 1.90414636 4.17066113 5.94325098 7.31499951 8.23678809
 8.87966113 9.28368164 9.45243457 9.55012598 9.46103125 9.33435938
 9.13269922 8.93088379 8.6121543  8.23512891 8.02253857 7.65906494
 7.38060107 7.0065791  6.75373975 6.49012598 6.15363672 5.91725586
 5.61052881 5.35640088 5.15206738 4.92397559 4.62575244 4.45668311
 4.20539844 3.99751221 3.82681226 3.64165527 3.4721145  3.28163281
 3.07781055 2.95840601 2.82066602 2.69397998 2.52438818 2.40439136
 2.28096338 2.16960791 2.02875793 1.96137366 1.85769958 1.73622424
 1.64200317 1.57004517 1.4605033  1.36458496 1.28379858 1.21311328
 1.14943579 1.06687988 0.99630951 0.94543811 0.85967798 0.84690747
 0.78988635 0.74800977 0.66984277 0.60908459 0.57660028 0.53319794
 0.49156342 0.46399466 0.44332901 0.40738733 0.37026651 0.32158191
 0.30326318 0.27807187 0.26668182 0.24550104 0.21250986 0.20364044
 0.17937051 0.15178847 0.14230334 0.12766809 0.11325557 0.10351281
 0.09334123 0.08062126 0.07207014 0.05919836 0.05520914 0.04614952
 0.04430345 0.04021654 0.03541116 0.02852289 0.02772202 0.02279769
 0.01965581 0.01502086 0.01385699 0.01136674]
48
data after
[27.725802856445313, 27.615777343749997, 28.3455166015625, 26.6757373046875, 23.916732421875, 21.140919921875, 24.17154736328125, 20.0581962890625, 20.128061279296872, 20.828998046875, 38.25549062156678]
64
data,sig_tot
[27.72580286 27.61577734 28.3455166  26.6757373  23.91673242 21.14091992
 24.17154736 20.05819629 20.12806128 20.82899805 38.25549062 21.48039838
 21.50477637 25.65534994]
[27.72580286 27.61577734 28.3455166  26.6757373  23.91673242 21.14091992
 24.17154736 20.05819629 20.12806128 20.82899805 38.25549062 21.48039838
 21.50477637 25.65534994]
<<<<<<< HEAD
4.096434978350343 3.978950793576246 85.68503024577332
val isze = 0
idinces = [ 3  7 12  6  8  2 10  5 11 13  1  0  4  9]
training loss = 4.7415289878845215 500
training loss = 4.6127166748046875 1000
training loss = 4.483219146728516 1500
training loss = 4.33549690246582 2000
training loss = 4.176225185394287 2500
training loss = 4.00551176071167 3000
training loss = 3.8178889751434326 3500
training loss = 3.609480381011963 4000
training loss = 3.389399528503418 4500
training loss = 3.1836304664611816 5000
=======
2.3490308876062436 15.901972074391871 63.877766895711964
val isze = 0
idinces = [ 3 10  2 13  5  7  1  4  9  0  8  6 11 12]
training loss = 0.8183956742286682 500
training loss = 0.7684587240219116 1000
training loss = 0.7228504419326782 1500
training loss = 0.7045124173164368 2000
training loss = 0.701550304889679 2500
training loss = 0.7012102007865906 3000
training loss = 0.7011986374855042 3500
reduced chi^2 level 2 = 0.7012035846710205
Constrained alpha: 3.615034341812134
Constrained beta: 0.916293203830719
Constrained gamma: 2.443263292312622
>>>>>>> bf5bffb69ec4a318117f0a4aa6bdaab926d87e87
(1, 14)
(1, 0)
data before
[0.15595679 1.90414636 4.17066113 5.94325098 7.31499951 8.23678809
 8.87966113 9.28368164 9.45243457 9.55012598 9.46103125 9.33435938
 9.13269922 8.93088379 8.6121543  8.23512891 8.02253857 7.65906494
 7.38060107 7.0065791  6.75373975 6.49012598 6.15363672 5.91725586
 5.61052881 5.35640088 5.15206738 4.92397559 4.62575244 4.45668311
 4.20539844 3.99751221 3.82681226 3.64165527 3.4721145  3.28163281
 3.07781055 2.95840601 2.82066602 2.69397998 2.52438818 2.40439136
 2.28096338 2.16960791 2.02875793 1.96137366 1.85769958 1.73622424
 1.64200317 1.57004517 1.4605033  1.36458496 1.28379858 1.21311328
 1.14943579 1.06687988 0.99630951 0.94543811 0.85967798 0.84690747
 0.78988635 0.74800977 0.66984277 0.60908459 0.57660028 0.53319794
 0.49156342 0.46399466 0.44332901 0.40738733 0.37026651 0.32158191
 0.30326318 0.27807187 0.26668182 0.24550104 0.21250986 0.20364044
 0.17937051 0.15178847 0.14230334 0.12766809 0.11325557 0.10351281
 0.09334123 0.08062126 0.07207014 0.05919836 0.05520914 0.04614952
 0.04430345 0.04021654 0.03541116 0.02852289 0.02772202 0.02279769
 0.01965581 0.01502086 0.01385699 0.01136674]
48
data after
[27.725802856445313, 27.615777343749997, 28.3455166015625, 26.6757373046875, 23.916732421875, 21.140919921875, 24.17154736328125, 20.0581962890625, 20.128061279296872, 20.828998046875, 38.25549062156678]
64
data,sig_tot
[27.72580286 27.61577734 28.3455166  26.6757373  23.91673242 21.14091992
 24.17154736 20.05819629 20.12806128 20.82899805 38.25549062 21.48039838
 21.50477637 25.65534994]
[27.72580286 27.61577734 28.3455166  26.6757373  23.91673242 21.14091992
 24.17154736 20.05819629 20.12806128 20.82899805 38.25549062 21.48039838
 21.50477637 25.65534994]
<<<<<<< HEAD
4.096434978350343 3.978950793576246 85.68503024577332
val isze = 0
idinces = [ 3  7 12  6  8  2 10  5 11 13  1  0  4  9]
training loss = 5.240298271179199 500
training loss = 4.590583801269531 1000
training loss = 4.423548221588135 1500
training loss = 4.216639995574951 2000
training loss = 3.9288814067840576 2500
training loss = 3.5034687519073486 3000
training loss = 2.907536506652832 3500
training loss = 2.325408935546875 4000
training loss = 2.037344217300415 4500
training loss = 1.922979712486267 5000
reduced chi^2 level 2 = 1.9227935075759888
Constrained alpha: 3.6974101066589355
Constrained beta: 4.049885272979736
Constrained gamma: 81.52622985839844
=======
1.5249503513264235 6.653909679831306 89.30054913849759
val isze = 0
idinces = [ 9 11  2 13  0  4  1  8 10 12  6  3  5  7]
training loss = 0.5981157422065735 500
training loss = 0.5947861075401306 1000
reduced chi^2 level 2 = 0.5952291488647461
Constrained alpha: 2.736307144165039
Constrained beta: 4.624762058258057
Constrained gamma: 54.29555892944336
>>>>>>> bf5bffb69ec4a318117f0a4aa6bdaab926d87e87
(1, 14)
(1, 0)
data before
[0.15595679 1.90414636 4.17066113 5.94325098 7.31499951 8.23678809
 8.87966113 9.28368164 9.45243457 9.55012598 9.46103125 9.33435938
 9.13269922 8.93088379 8.6121543  8.23512891 8.02253857 7.65906494
 7.38060107 7.0065791  6.75373975 6.49012598 6.15363672 5.91725586
 5.61052881 5.35640088 5.15206738 4.92397559 4.62575244 4.45668311
 4.20539844 3.99751221 3.82681226 3.64165527 3.4721145  3.28163281
 3.07781055 2.95840601 2.82066602 2.69397998 2.52438818 2.40439136
 2.28096338 2.16960791 2.02875793 1.96137366 1.85769958 1.73622424
 1.64200317 1.57004517 1.4605033  1.36458496 1.28379858 1.21311328
 1.14943579 1.06687988 0.99630951 0.94543811 0.85967798 0.84690747
 0.78988635 0.74800977 0.66984277 0.60908459 0.57660028 0.53319794
 0.49156342 0.46399466 0.44332901 0.40738733 0.37026651 0.32158191
 0.30326318 0.27807187 0.26668182 0.24550104 0.21250986 0.20364044
 0.17937051 0.15178847 0.14230334 0.12766809 0.11325557 0.10351281
 0.09334123 0.08062126 0.07207014 0.05919836 0.05520914 0.04614952
 0.04430345 0.04021654 0.03541116 0.02852289 0.02772202 0.02279769
 0.01965581 0.01502086 0.01385699 0.01136674]
48
data after
[27.725802856445313, 27.615777343749997, 28.3455166015625, 26.6757373046875, 23.916732421875, 21.140919921875, 24.17154736328125, 20.0581962890625, 20.128061279296872, 20.828998046875, 38.25549062156678]
64
data,sig_tot
[27.72580286 27.61577734 28.3455166  26.6757373  23.91673242 21.14091992
 24.17154736 20.05819629 20.12806128 20.82899805 38.25549062 21.48039838
 21.50477637 25.65534994]
[27.72580286 27.61577734 28.3455166  26.6757373  23.91673242 21.14091992
 24.17154736 20.05819629 20.12806128 20.82899805 38.25549062 21.48039838
 21.50477637 25.65534994]
<<<<<<< HEAD
4.096434978350343 3.978950793576246 85.68503024577332
val isze = 0
idinces = [ 3  7 12  6  8  2 10  5 11 13  1  0  4  9]
training loss = 5.524212837219238 500
training loss = 4.788969993591309 1000
training loss = 4.620353698730469 1500
training loss = 4.428647041320801 2000
training loss = 4.201537132263184 2500
training loss = 3.9127047061920166 3000
training loss = 3.5173351764678955 3500
training loss = 2.985862970352173 4000
training loss = 2.42783784866333 4500
training loss = 2.0827152729034424 5000
reduced chi^2 level 2 = 2.0822761058807373
Constrained alpha: 3.6855132579803467
Constrained beta: 3.8466193675994873
Constrained gamma: 80.43600463867188
=======
2.1335468224041962 1.5047122408157332 70.27954590063699
val isze = 0
idinces = [ 6  0  3 10  7 11 12  4 13  9  2  1  5  8]
training loss = 1.456970453262329 500
training loss = 1.163988709449768 1000
training loss = 1.0953800678253174 1500
training loss = 1.0510730743408203 2000
training loss = 1.04498291015625 2500
reduced chi^2 level 2 = 1.1344248056411743
Constrained alpha: 4.032023906707764
Constrained beta: -0.008320956490933895
Constrained gamma: 12.619854927062988
>>>>>>> bf5bffb69ec4a318117f0a4aa6bdaab926d87e87
(1, 14)
(1, 0)
data before
[0.15595679 1.90414636 4.17066113 5.94325098 7.31499951 8.23678809
 8.87966113 9.28368164 9.45243457 9.55012598 9.46103125 9.33435938
 9.13269922 8.93088379 8.6121543  8.23512891 8.02253857 7.65906494
 7.38060107 7.0065791  6.75373975 6.49012598 6.15363672 5.91725586
 5.61052881 5.35640088 5.15206738 4.92397559 4.62575244 4.45668311
 4.20539844 3.99751221 3.82681226 3.64165527 3.4721145  3.28163281
 3.07781055 2.95840601 2.82066602 2.69397998 2.52438818 2.40439136
 2.28096338 2.16960791 2.02875793 1.96137366 1.85769958 1.73622424
 1.64200317 1.57004517 1.4605033  1.36458496 1.28379858 1.21311328
 1.14943579 1.06687988 0.99630951 0.94543811 0.85967798 0.84690747
 0.78988635 0.74800977 0.66984277 0.60908459 0.57660028 0.53319794
 0.49156342 0.46399466 0.44332901 0.40738733 0.37026651 0.32158191
 0.30326318 0.27807187 0.26668182 0.24550104 0.21250986 0.20364044
 0.17937051 0.15178847 0.14230334 0.12766809 0.11325557 0.10351281
 0.09334123 0.08062126 0.07207014 0.05919836 0.05520914 0.04614952
 0.04430345 0.04021654 0.03541116 0.02852289 0.02772202 0.02279769
 0.01965581 0.01502086 0.01385699 0.01136674]
48
data after
[27.725802856445313, 27.615777343749997, 28.3455166015625, 26.6757373046875, 23.916732421875, 21.140919921875, 24.17154736328125, 20.0581962890625, 20.128061279296872, 20.828998046875, 38.25549062156678]
64
data,sig_tot
[27.72580286 27.61577734 28.3455166  26.6757373  23.91673242 21.14091992
 24.17154736 20.05819629 20.12806128 20.82899805 38.25549062 21.48039838
 21.50477637 25.65534994]
[27.72580286 27.61577734 28.3455166  26.6757373  23.91673242 21.14091992
 24.17154736 20.05819629 20.12806128 20.82899805 38.25549062 21.48039838
 21.50477637 25.65534994]
<<<<<<< HEAD
4.096434978350343 3.978950793576246 85.68503024577332
val isze = 0
idinces = [ 3  7 12  6  8  2 10  5 11 13  1  0  4  9]
training loss = 4.600457668304443 500
training loss = 4.53762149810791 1000
training loss = 4.51950740814209 1500
training loss = 4.49569034576416 2000
training loss = 4.4648847579956055 2500
training loss = 4.42587423324585 3000
training loss = 4.377081871032715 3500
training loss = 4.3162736892700195 4000
training loss = 4.240016460418701 4500
training loss = 4.142589569091797 5000
=======
3.491319289434807 10.326630403493615 81.82632123461015
val isze = 0
idinces = [10  7  4 13 12 11  8  2  5  3  1  6  9  0]
training loss = 2.7479729652404785 500
training loss = 2.4553842544555664 1000
training loss = 2.065061569213867 1500
training loss = 1.5759520530700684 2000
training loss = 1.07917320728302 2500
training loss = 0.8107796907424927 3000
training loss = 0.77759850025177 3500
reduced chi^2 level 2 = 0.7790015339851379
Constrained alpha: 2.7345099449157715
Constrained beta: 4.945996284484863
Constrained gamma: 32.18564987182617
>>>>>>> bf5bffb69ec4a318117f0a4aa6bdaab926d87e87
(1, 14)
(1, 0)
data before
[0.15595679 1.90414636 4.17066113 5.94325098 7.31499951 8.23678809
 8.87966113 9.28368164 9.45243457 9.55012598 9.46103125 9.33435938
 9.13269922 8.93088379 8.6121543  8.23512891 8.02253857 7.65906494
 7.38060107 7.0065791  6.75373975 6.49012598 6.15363672 5.91725586
 5.61052881 5.35640088 5.15206738 4.92397559 4.62575244 4.45668311
 4.20539844 3.99751221 3.82681226 3.64165527 3.4721145  3.28163281
 3.07781055 2.95840601 2.82066602 2.69397998 2.52438818 2.40439136
 2.28096338 2.16960791 2.02875793 1.96137366 1.85769958 1.73622424
 1.64200317 1.57004517 1.4605033  1.36458496 1.28379858 1.21311328
 1.14943579 1.06687988 0.99630951 0.94543811 0.85967798 0.84690747
 0.78988635 0.74800977 0.66984277 0.60908459 0.57660028 0.53319794
 0.49156342 0.46399466 0.44332901 0.40738733 0.37026651 0.32158191
 0.30326318 0.27807187 0.26668182 0.24550104 0.21250986 0.20364044
 0.17937051 0.15178847 0.14230334 0.12766809 0.11325557 0.10351281
 0.09334123 0.08062126 0.07207014 0.05919836 0.05520914 0.04614952
 0.04430345 0.04021654 0.03541116 0.02852289 0.02772202 0.02279769
 0.01965581 0.01502086 0.01385699 0.01136674]
48
data after
[27.725802856445313, 27.615777343749997, 28.3455166015625, 26.6757373046875, 23.916732421875, 21.140919921875, 24.17154736328125, 20.0581962890625, 20.128061279296872, 20.828998046875, 38.25549062156678]
64
data,sig_tot
[27.72580286 27.61577734 28.3455166  26.6757373  23.91673242 21.14091992
 24.17154736 20.05819629 20.12806128 20.82899805 38.25549062 21.48039838
 21.50477637 25.65534994]
[27.72580286 27.61577734 28.3455166  26.6757373  23.91673242 21.14091992
 24.17154736 20.05819629 20.12806128 20.82899805 38.25549062 21.48039838
 21.50477637 25.65534994]
<<<<<<< HEAD
4.096434978350343 3.978950793576246 85.68503024577332
val isze = 0
idinces = [ 3  7 12  6  8  2 10  5 11 13  1  0  4  9]
training loss = 5.009549617767334 500
training loss = 4.555098533630371 1000
training loss = 4.422746181488037 1500
training loss = 4.269165992736816 2000
training loss = 4.087518215179443 2500
training loss = 3.859804391860962 3000
training loss = 3.553785800933838 3500
training loss = 3.137535810470581 4000
training loss = 2.6491096019744873 4500
training loss = 2.251614570617676 5000
reduced chi^2 level 2 = 2.2509841918945312
Constrained alpha: 3.6475205421447754
Constrained beta: 4.145971298217773
Constrained gamma: 82.4521484375
=======
3.953645624984292 16.564367971026783 33.413806194628634
val isze = 0
idinces = [12 13 11 10  6  4  0  2  1  3  9  8  7  5]
training loss = 5.589119911193848 500
training loss = 5.364339828491211 1000
training loss = 4.990995407104492 1500
training loss = 4.399568557739258 2000
training loss = 3.463099956512451 2500
training loss = 2.042584180831909 3000
training loss = 1.2379584312438965 3500
training loss = 1.230118751525879 4000
training loss = 1.2245372533798218 4500
training loss = 1.2182128429412842 5000
training loss = 1.2117469310760498 5500
training loss = 1.2060716152191162 6000
training loss = 1.20211923122406 6500
training loss = 1.200128197669983 7000
reduced chi^2 level 2 = 1.2001259326934814
Constrained alpha: 3.4853038787841797
Constrained beta: 1.2724496126174927
Constrained gamma: 1.3770356178283691
>>>>>>> bf5bffb69ec4a318117f0a4aa6bdaab926d87e87
(1, 14)
(1, 0)
data before
[0.15595679 1.90414636 4.17066113 5.94325098 7.31499951 8.23678809
 8.87966113 9.28368164 9.45243457 9.55012598 9.46103125 9.33435938
 9.13269922 8.93088379 8.6121543  8.23512891 8.02253857 7.65906494
 7.38060107 7.0065791  6.75373975 6.49012598 6.15363672 5.91725586
 5.61052881 5.35640088 5.15206738 4.92397559 4.62575244 4.45668311
 4.20539844 3.99751221 3.82681226 3.64165527 3.4721145  3.28163281
 3.07781055 2.95840601 2.82066602 2.69397998 2.52438818 2.40439136
 2.28096338 2.16960791 2.02875793 1.96137366 1.85769958 1.73622424
 1.64200317 1.57004517 1.4605033  1.36458496 1.28379858 1.21311328
 1.14943579 1.06687988 0.99630951 0.94543811 0.85967798 0.84690747
 0.78988635 0.74800977 0.66984277 0.60908459 0.57660028 0.53319794
 0.49156342 0.46399466 0.44332901 0.40738733 0.37026651 0.32158191
 0.30326318 0.27807187 0.26668182 0.24550104 0.21250986 0.20364044
 0.17937051 0.15178847 0.14230334 0.12766809 0.11325557 0.10351281
 0.09334123 0.08062126 0.07207014 0.05919836 0.05520914 0.04614952
 0.04430345 0.04021654 0.03541116 0.02852289 0.02772202 0.02279769
 0.01965581 0.01502086 0.01385699 0.01136674]
48
data after
[27.725802856445313, 27.615777343749997, 28.3455166015625, 26.6757373046875, 23.916732421875, 21.140919921875, 24.17154736328125, 20.0581962890625, 20.128061279296872, 20.828998046875, 38.25549062156678]
64
data,sig_tot
[27.72580286 27.61577734 28.3455166  26.6757373  23.91673242 21.14091992
 24.17154736 20.05819629 20.12806128 20.82899805 38.25549062 21.48039838
 21.50477637 25.65534994]
[27.72580286 27.61577734 28.3455166  26.6757373  23.91673242 21.14091992
 24.17154736 20.05819629 20.12806128 20.82899805 38.25549062 21.48039838
 21.50477637 25.65534994]
<<<<<<< HEAD
4.096434978350343 3.978950793576246 85.68503024577332
val isze = 0
idinces = [ 3  7 12  6  8  2 10  5 11 13  1  0  4  9]
=======
0.33733638671311295 7.103710875549845 73.79977498682794
val isze = 0
idinces = [12  9 10  0  8  6  5 11  1  3  4  7  2 13]
training loss = 0.8867867588996887 500
reduced chi^2 level 2 = 0.8872605562210083
Constrained alpha: 2.2276439666748047
Constrained beta: 6.877021312713623
Constrained gamma: 57.35824203491211
>>>>>>> bf5bffb69ec4a318117f0a4aa6bdaab926d87e87
(1, 14)
(1, 0)
data before
[0.15595679 1.90414636 4.17066113 5.94325098 7.31499951 8.23678809
 8.87966113 9.28368164 9.45243457 9.55012598 9.46103125 9.33435938
 9.13269922 8.93088379 8.6121543  8.23512891 8.02253857 7.65906494
 7.38060107 7.0065791  6.75373975 6.49012598 6.15363672 5.91725586
 5.61052881 5.35640088 5.15206738 4.92397559 4.62575244 4.45668311
 4.20539844 3.99751221 3.82681226 3.64165527 3.4721145  3.28163281
 3.07781055 2.95840601 2.82066602 2.69397998 2.52438818 2.40439136
 2.28096338 2.16960791 2.02875793 1.96137366 1.85769958 1.73622424
 1.64200317 1.57004517 1.4605033  1.36458496 1.28379858 1.21311328
 1.14943579 1.06687988 0.99630951 0.94543811 0.85967798 0.84690747
 0.78988635 0.74800977 0.66984277 0.60908459 0.57660028 0.53319794
 0.49156342 0.46399466 0.44332901 0.40738733 0.37026651 0.32158191
 0.30326318 0.27807187 0.26668182 0.24550104 0.21250986 0.20364044
 0.17937051 0.15178847 0.14230334 0.12766809 0.11325557 0.10351281
 0.09334123 0.08062126 0.07207014 0.05919836 0.05520914 0.04614952
 0.04430345 0.04021654 0.03541116 0.02852289 0.02772202 0.02279769
 0.01965581 0.01502086 0.01385699 0.01136674]
48
data after
[27.725802856445313, 27.615777343749997, 28.3455166015625, 26.6757373046875, 23.916732421875, 21.140919921875, 24.17154736328125, 20.0581962890625, 20.128061279296872, 20.828998046875, 38.25549062156678]
64
data,sig_tot
[27.72580286 27.61577734 28.3455166  26.6757373  23.91673242 21.14091992
 24.17154736 20.05819629 20.12806128 20.82899805 38.25549062 21.48039838
 21.50477637 25.65534994]
[27.72580286 27.61577734 28.3455166  26.6757373  23.91673242 21.14091992
 24.17154736 20.05819629 20.12806128 20.82899805 38.25549062 21.48039838
 21.50477637 25.65534994]
<<<<<<< HEAD
4.096434978350343 3.978950793576246 85.68503024577332
val isze = 0
idinces = [ 3  7 12  6  8  2 10  5 11 13  1  0  4  9]
=======
0.37498289723523703 10.607250134469144 68.85080731326258
val isze = 0
idinces = [ 8 13 11  3 10  7 12  4  1  0  6  2  5  9]
training loss = 1.5576987266540527 500
training loss = 1.545701265335083 1000
training loss = 1.5388239622116089 1500
reduced chi^2 level 2 = 1.5413161516189575
Constrained alpha: 2.9370675086975098
Constrained beta: 3.9126579761505127
Constrained gamma: 24.115358352661133
>>>>>>> bf5bffb69ec4a318117f0a4aa6bdaab926d87e87
(1, 14)
(1, 0)
data before
[0.15595679 1.90414636 4.17066113 5.94325098 7.31499951 8.23678809
 8.87966113 9.28368164 9.45243457 9.55012598 9.46103125 9.33435938
 9.13269922 8.93088379 8.6121543  8.23512891 8.02253857 7.65906494
 7.38060107 7.0065791  6.75373975 6.49012598 6.15363672 5.91725586
 5.61052881 5.35640088 5.15206738 4.92397559 4.62575244 4.45668311
 4.20539844 3.99751221 3.82681226 3.64165527 3.4721145  3.28163281
 3.07781055 2.95840601 2.82066602 2.69397998 2.52438818 2.40439136
 2.28096338 2.16960791 2.02875793 1.96137366 1.85769958 1.73622424
 1.64200317 1.57004517 1.4605033  1.36458496 1.28379858 1.21311328
 1.14943579 1.06687988 0.99630951 0.94543811 0.85967798 0.84690747
 0.78988635 0.74800977 0.66984277 0.60908459 0.57660028 0.53319794
 0.49156342 0.46399466 0.44332901 0.40738733 0.37026651 0.32158191
 0.30326318 0.27807187 0.26668182 0.24550104 0.21250986 0.20364044
 0.17937051 0.15178847 0.14230334 0.12766809 0.11325557 0.10351281
 0.09334123 0.08062126 0.07207014 0.05919836 0.05520914 0.04614952
 0.04430345 0.04021654 0.03541116 0.02852289 0.02772202 0.02279769
 0.01965581 0.01502086 0.01385699 0.01136674]
48
data after
[27.725802856445313, 27.615777343749997, 28.3455166015625, 26.6757373046875, 23.916732421875, 21.140919921875, 24.17154736328125, 20.0581962890625, 20.128061279296872, 20.828998046875, 38.25549062156678]
64
data,sig_tot
[27.72580286 27.61577734 28.3455166  26.6757373  23.91673242 21.14091992
 24.17154736 20.05819629 20.12806128 20.82899805 38.25549062 21.48039838
 21.50477637 25.65534994]
[27.72580286 27.61577734 28.3455166  26.6757373  23.91673242 21.14091992
 24.17154736 20.05819629 20.12806128 20.82899805 38.25549062 21.48039838
 21.50477637 25.65534994]
<<<<<<< HEAD
4.096434978350343 3.978950793576246 85.68503024577332
val isze = 0
idinces = [ 3  7 12  6  8  2 10  5 11 13  1  0  4  9]
training loss = 6.470319747924805 500
training loss = 4.679441928863525 1000
training loss = 4.539956092834473 1500
training loss = 4.381180763244629 2000
training loss = 4.155374526977539 2500
training loss = 3.7866594791412354 3000
training loss = 3.154226541519165 3500
training loss = 2.404444694519043 4000
training loss = 2.063035011291504 4500
training loss = 1.9465844631195068 5000
reduced chi^2 level 2 = 1.94638192653656
Constrained alpha: 3.681609630584717
Constrained beta: 3.695741653442383
Constrained gamma: 78.03819274902344
=======
4.882746703485618 11.28657792737821 14.609517709502551
val isze = 0
idinces = [ 7 12 10  8  0  2 13  1  6 11  4  9  5  3]
training loss = 6.100100040435791 500
training loss = 5.984434127807617 1000
training loss = 5.965134143829346 1500
training loss = 5.95833683013916 2000
training loss = 5.950723171234131 2500
training loss = 5.941112995147705 3000
training loss = 5.928929328918457 3500
training loss = 5.9134602546691895 4000
training loss = 5.893635272979736 4500
training loss = 5.867924690246582 5000
training loss = 5.834135055541992 5500
training loss = 5.789050102233887 6000
training loss = 5.72764253616333 6500
training loss = 5.641074180603027 7000
>>>>>>> bf5bffb69ec4a318117f0a4aa6bdaab926d87e87
(1, 14)
(1, 0)
