data before
[9.67058813e+02 7.73632550e+03 1.39693540e+04 1.79588800e+04
 2.04816940e+04 2.17447580e+04 2.22255860e+04 2.22116500e+04
 2.17239520e+04 2.11691300e+04 2.03197240e+04 1.94683960e+04
 1.85784420e+04 1.77583200e+04 1.67228360e+04 1.57543810e+04
 1.50164600e+04 1.41019380e+04 1.34099640e+04 1.25471570e+04
 1.18988130e+04 1.12833070e+04 1.05663230e+04 1.00715760e+04
 9.46862500e+03 8.92300100e+03 8.51597300e+03 8.05771800e+03
 7.51552000e+03 7.18577650e+03 6.73224500e+03 6.34581450e+03
 6.03791500e+03 5.69741250e+03 5.41598150e+03 5.08102750e+03
 4.75176800e+03 4.54249900e+03 4.31851800e+03 4.10337100e+03
 3.83378650e+03 3.63498825e+03 3.43285475e+03 3.26566850e+03
 3.03720225e+03 2.92424325e+03 2.76459475e+03 2.56823225e+03
 2.43493225e+03 2.32799550e+03 2.16778825e+03 2.01658100e+03
 1.88801925e+03 1.77310325e+03 1.68706462e+03 1.57601225e+03
 1.46281337e+03 1.38551325e+03 1.25734112e+03 1.24214550e+03
 1.14792463e+03 1.08719675e+03 9.74702688e+02 8.95379750e+02
 8.41933437e+02 7.83856938e+02 7.20456125e+02 6.81643438e+02
 6.49283125e+02 5.91525688e+02 5.39762187e+02 4.73298031e+02
 4.45151531e+02 4.18594938e+02 3.93863812e+02 3.65149844e+02
 3.17449437e+02 3.01806562e+02 2.67526344e+02 2.28581781e+02
 2.13884891e+02 1.92604141e+02 1.70005219e+02 1.53383094e+02
 1.43669344e+02 1.23481633e+02 1.10613164e+02 9.10134297e+01
 8.74642578e+01 7.38398984e+01 7.01964375e+01 6.25361641e+01
 5.56689766e+01 4.59693867e+01 4.41395742e+01 3.65424648e+01
 3.20052910e+01 2.49390859e+01 2.35646016e+01 1.79726016e+01]
1
data after
[967.0588125, 7736.3255, 13969.354000000001, 17958.88, 20481.694, 21744.758, 22225.586, 22211.65, 21723.952, 21169.13, 20319.724000000002, 19468.396, 18578.442, 17758.32, 16722.836, 15754.381000000001, 15016.460000000001, 14101.938, 13409.964, 12547.157000000001, 11898.813, 11283.307, 10566.323, 10071.576000000001, 9468.625, 8923.001, 8515.973, 8057.718, 7515.52, 7185.7765, 6732.245, 6345.8145, 6037.915, 5697.4125, 5415.9815, 5081.0275, 4751.768, 4542.499, 4318.518, 4103.371, 3833.7865, 3634.98825, 3432.85475, 3265.6685, 3037.2022500000003, 2924.24325, 2764.59475, 2568.23225, 2434.93225, 2327.9955, 2167.78825, 2016.5810000000001, 1888.01925, 1773.1032500000001, 1687.064625, 1576.01225, 1462.813375, 1385.51325, 1257.341125, 1242.1455, 1147.924625, 1087.19675, 974.7026875, 895.3797500000001, 841.9334375, 783.8569375000001, 720.456125, 681.6434375, 649.283125, 591.5256875, 539.7621875, 473.29803125, 445.15153125, 418.5949375, 393.8638125, 365.14984375, 317.4494375, 301.8065625, 267.52634375, 228.58178125, 213.884890625, 192.604140625, 170.00521875, 153.38309375, 143.66934375, 123.4816328125, 110.6131640625, 91.01342968750001, 87.46425781250001, 73.8398984375, 70.1964375, 62.5361640625, 55.6689765625, 45.96938671875, 44.13957421875, 36.542464843750004, 32.005291015625, 24.9390859375, 41.537203125000005]
6
data,sig_tot
[9.67058813e+02 7.73632550e+03 1.39693540e+04 1.79588800e+04
 2.04816940e+04 2.17447580e+04 2.22255860e+04 2.22116500e+04
 2.17239520e+04 2.11691300e+04 2.03197240e+04 1.94683960e+04
 1.85784420e+04 1.77583200e+04 1.67228360e+04 1.57543810e+04
 1.50164600e+04 1.41019380e+04 1.34099640e+04 1.25471570e+04
 1.18988130e+04 1.12833070e+04 1.05663230e+04 1.00715760e+04
 9.46862500e+03 8.92300100e+03 8.51597300e+03 8.05771800e+03
 7.51552000e+03 7.18577650e+03 6.73224500e+03 6.34581450e+03
 6.03791500e+03 5.69741250e+03 5.41598150e+03 5.08102750e+03
 4.75176800e+03 4.54249900e+03 4.31851800e+03 4.10337100e+03
 3.83378650e+03 3.63498825e+03 3.43285475e+03 3.26566850e+03
 3.03720225e+03 2.92424325e+03 2.76459475e+03 2.56823225e+03
 2.43493225e+03 2.32799550e+03 2.16778825e+03 2.01658100e+03
 1.88801925e+03 1.77310325e+03 1.68706462e+03 1.57601225e+03
 1.46281337e+03 1.38551325e+03 1.25734112e+03 1.24214550e+03
 1.14792463e+03 1.08719675e+03 9.74702688e+02 8.95379750e+02
 8.41933437e+02 7.83856938e+02 7.20456125e+02 6.81643438e+02
 6.49283125e+02 5.91525688e+02 5.39762187e+02 4.73298031e+02
 4.45151531e+02 4.18594938e+02 3.93863812e+02 3.65149844e+02
 3.17449437e+02 3.01806562e+02 2.67526344e+02 2.28581781e+02
 2.13884891e+02 1.92604141e+02 1.70005219e+02 1.53383094e+02
 1.43669344e+02 1.23481633e+02 1.10613164e+02 9.10134297e+01
 8.74642578e+01 7.38398984e+01 7.01964375e+01 6.25361641e+01
 5.56689766e+01 4.59693867e+01 4.41395742e+01 3.65424648e+01
 3.20052910e+01 2.49390859e+01 4.15372031e+01 3.71123063e+02
 3.12451775e+03 5.58216650e+03 6.94513000e+03 7.58491350e+03
 7.70501400e+03 7.56532400e+03 7.27888800e+03 6.83701250e+03
 6.37354000e+03 5.87887950e+03 5.40949350e+03 4.99134900e+03
 4.55062550e+03 4.12280275e+03 3.80760075e+03 3.48668450e+03
 3.18260025e+03 2.86172350e+03 2.61803100e+03 2.41091300e+03
 2.20413350e+03 2.01331838e+03 1.84315013e+03 1.68211462e+03
 1.53268863e+03 1.40832450e+03 1.28416037e+03 1.17864313e+03
 1.08610650e+03 9.89423563e+02 9.09996375e+02 8.26090063e+02
 7.82287875e+02 7.07633000e+02 6.61405250e+02 5.91734563e+02
 5.48162438e+02 5.09832344e+02 4.55095375e+02 4.26474406e+02
 3.84186156e+02 3.64434500e+02 3.28306844e+02 2.94577875e+02
 2.80093563e+02 2.42775422e+02 2.31434969e+02 2.14677344e+02
 1.98097875e+02 1.84098828e+02 1.61905781e+02 1.48138375e+02
 1.33657344e+02 1.19584758e+02 1.14164289e+02 1.02422109e+02
 8.76530000e+01 8.52976016e+01 7.95694687e+01 6.85610234e+01
 5.91035352e+01 5.87541445e+01 5.21499570e+01 4.66872031e+01
 4.26272266e+01 4.15022188e+01 3.34108164e+01 3.28873320e+01
 3.05403496e+01 2.78347090e+01 2.25603633e+01 2.16776094e+01
 3.30820127e+01 2.88798047e+01 2.40450449e+01 2.52982910e+01
 2.37810532e+01 2.85976579e+01]
[9.67058813e+02 7.73632550e+03 1.39693540e+04 1.79588800e+04
 2.04816940e+04 2.17447580e+04 2.22255860e+04 2.22116500e+04
 2.17239520e+04 2.11691300e+04 2.03197240e+04 1.94683960e+04
 1.85784420e+04 1.77583200e+04 1.67228360e+04 1.57543810e+04
 1.50164600e+04 1.41019380e+04 1.34099640e+04 1.25471570e+04
 1.18988130e+04 1.12833070e+04 1.05663230e+04 1.00715760e+04
 9.46862500e+03 8.92300100e+03 8.51597300e+03 8.05771800e+03
 7.51552000e+03 7.18577650e+03 6.73224500e+03 6.34581450e+03
 6.03791500e+03 5.69741250e+03 5.41598150e+03 5.08102750e+03
 4.75176800e+03 4.54249900e+03 4.31851800e+03 4.10337100e+03
 3.83378650e+03 3.63498825e+03 3.43285475e+03 3.26566850e+03
 3.03720225e+03 2.92424325e+03 2.76459475e+03 2.56823225e+03
 2.43493225e+03 2.32799550e+03 2.16778825e+03 2.01658100e+03
 1.88801925e+03 1.77310325e+03 1.68706462e+03 1.57601225e+03
 1.46281337e+03 1.38551325e+03 1.25734112e+03 1.24214550e+03
 1.14792463e+03 1.08719675e+03 9.74702688e+02 8.95379750e+02
 8.41933437e+02 7.83856938e+02 7.20456125e+02 6.81643438e+02
 6.49283125e+02 5.91525688e+02 5.39762187e+02 4.73298031e+02
 4.45151531e+02 4.18594938e+02 3.93863813e+02 3.65149844e+02
 3.17449437e+02 3.01806562e+02 2.67526344e+02 2.28581781e+02
 2.13884891e+02 1.92604141e+02 1.70005219e+02 1.53383094e+02
 1.43669344e+02 1.23481633e+02 1.10613164e+02 9.10134297e+01
 8.74642578e+01 7.38398984e+01 7.01964375e+01 6.25361641e+01
 5.56689766e+01 4.59693867e+01 4.41395742e+01 3.65424648e+01
 3.20052910e+01 2.49390859e+01 4.15372031e+01 3.71123063e+02
 3.12451775e+03 5.58216650e+03 6.94513000e+03 7.58491350e+03
 7.70501400e+03 7.56532400e+03 7.27888800e+03 6.83701250e+03
 6.37354000e+03 5.87887950e+03 5.40949350e+03 4.99134900e+03
 4.55062550e+03 4.12280275e+03 3.80760075e+03 3.48668450e+03
 3.18260025e+03 2.86172350e+03 2.61803100e+03 2.41091300e+03
 2.20413350e+03 2.01331837e+03 1.84315013e+03 1.68211463e+03
 1.53268863e+03 1.40832450e+03 1.28416037e+03 1.17864313e+03
 1.08610650e+03 9.89423563e+02 9.09996375e+02 8.26090063e+02
 7.82287875e+02 7.07633000e+02 6.61405250e+02 5.91734563e+02
 5.48162438e+02 5.09832344e+02 4.55095375e+02 4.26474406e+02
 3.84186156e+02 3.64434500e+02 3.28306844e+02 2.94577875e+02
 2.80093563e+02 2.42775422e+02 2.31434969e+02 2.14677344e+02
 1.98097875e+02 1.84098828e+02 1.61905781e+02 1.48138375e+02
 1.33657344e+02 1.19584758e+02 1.14164289e+02 1.02422109e+02
 8.76530000e+01 8.52976016e+01 7.95694687e+01 6.85610234e+01
 5.91035352e+01 5.87541445e+01 5.21499570e+01 4.66872031e+01
 4.26272266e+01 4.15022187e+01 3.34108164e+01 3.28873320e+01
 3.05403496e+01 2.78347090e+01 2.25603633e+01 2.16776094e+01
 3.30820127e+01 2.88798047e+01 2.40450449e+01 2.52982910e+01
 2.37810532e+01 2.85976579e+01]
3.7890551816835827 19.21071940575054 20.368243815582254
val isze = 17
idinces = [ 69 103  20 116  56  97 117  39 172  10  19  66  55  61 102  59  83  78
 110 163   1 160  47  49  67 136  68 133  60  76 171 170  70 168 124  26
  95  91  24 109 121  21 176  63  58  99 144  81  87  43 150 120 138  35
 174  82   2 114 153  38  52 142 177 146 148 101  80  72 145  98  41  32
 105  48  25  53  90 149  51  14 162  29   3  23 131 166  37 167 165  45
 111 134  42  79 143 155 119 147  12 127  22  85   6 106 112 135 132 104
  34 152 108  50 169 130 129   4   5  44 128  96  84 154  28  75   7  46
  17  11 158  71 118 137 175  74  94 151  93  18  27  36  57  31  65 140
  89  30  86  92 141 126  13  77 159 161  33  62 122 107  88  54 139 100
  16 115 164  40   0  73   8 173 157 156 123 113  64  15 125   9]
we are doing training validation split
training loss = 8.808484077453613 500
val loss = 16.420377731323242
training loss = 6.002420902252197 1000
val loss = 15.242012023925781
training loss = 5.417398452758789 1500
val loss = 15.169187545776367
training loss = 2.1500113010406494 2000
val loss = 4.439327239990234
training loss = 1.9697438478469849 2500
val loss = 4.175533771514893
training loss = 1.8443844318389893 3000
val loss = 3.483893394470215
training loss = 1.7678924798965454 3500
val loss = 3.340832471847534
training loss = 2.3957536220550537 4000
val loss = 4.38409948348999
training loss = 1.682510256767273 4500
val loss = 3.152405261993408
training loss = 1.6656136512756348 5000
val loss = 3.1438307762145996
training loss = 1.654942274093628 5500
val loss = 3.0904781818389893
training loss = 1.6482793092727661 6000
val loss = 3.0863397121429443
training loss = 1.6435202360153198 6500
val loss = 3.078782558441162
training loss = 1.6402863264083862 7000
val loss = 3.0621891021728516
training loss = 1.6381173133850098 7500
val loss = 3.0503194332122803
training loss = 1.6376407146453857 8000
val loss = 3.0199718475341797
training loss = 1.635371446609497 8500
val loss = 3.098013401031494
training loss = 1.635481834411621 9000
val loss = 3.014230728149414
training loss = 1.6337571144104004 9500
val loss = 3.0340700149536133
training loss = 1.6328872442245483 10000
val loss = 3.069744825363159
training loss = 1.632500171661377 10500
val loss = 3.045719623565674
training loss = 1.6321767568588257 11000
val loss = 3.0542585849761963
training loss = 1.6320770978927612 11500
val loss = 3.0293426513671875
training loss = 1.6324225664138794 12000
val loss = 3.0821919441223145
training loss = 1.6314224004745483 12500
val loss = 3.039032459259033
training loss = 1.6311227083206177 13000
val loss = 3.0343308448791504
training loss = 1.6340248584747314 13500
val loss = 2.9650228023529053
training loss = 1.6305466890335083 14000
val loss = 3.027167797088623
training loss = 1.634585976600647 14500
val loss = 2.894181728363037
training loss = 1.630653977394104 15000
val loss = 3.0839529037475586
training loss = 1.6311718225479126 15500
val loss = 2.9587743282318115
training loss = 1.6290185451507568 16000
val loss = 3.004939556121826
training loss = 1.6285556554794312 16500
val loss = 3.0050034523010254
training loss = 1.628127932548523 17000
val loss = 2.995976209640503
training loss = 1.6276711225509644 17500
val loss = 2.9965882301330566
training loss = 1.6284728050231934 18000
val loss = 2.934682607650757
training loss = 1.8701791763305664 18500
val loss = 2.5306196212768555
training loss = 1.8153830766677856 19000
val loss = 3.7988154888153076
training loss = 1.6272974014282227 19500
val loss = 3.0795674324035645
training loss = 1.6249932050704956 20000
val loss = 2.9955739974975586
training loss = 1.6244548559188843 20500
val loss = 2.9789576530456543
training loss = 1.6239562034606934 21000
val loss = 2.966460704803467
training loss = 1.6236845254898071 21500
val loss = 2.9552671909332275
training loss = 1.6232154369354248 22000
val loss = 2.98915696144104
training loss = 1.622734546661377 22500
val loss = 2.965897560119629
training loss = 1.6223520040512085 23000
val loss = 2.9623794555664062
training loss = 1.6219767332077026 23500
val loss = 2.9646899700164795
training loss = 1.6216764450073242 24000
val loss = 2.9611096382141113
reduced chi^2 level 2 = 1.6214711666107178
Constrained alpha: 2.5494213104248047
Constrained beta: 3.918663501739502
Constrained gamma: 15.908245086669922
(1, 161)
(1, 17)
