data before
[ 0.00000000e+00  0.00000000e+00  0.00000000e+00  0.00000000e+00
  0.00000000e+00  0.00000000e+00  0.00000000e+00  0.00000000e+00
  0.00000000e+00  0.00000000e+00  0.00000000e+00  0.00000000e+00
  0.00000000e+00  0.00000000e+00  0.00000000e+00  0.00000000e+00
  0.00000000e+00  0.00000000e+00  0.00000000e+00  0.00000000e+00
  0.00000000e+00  0.00000000e+00  0.00000000e+00  0.00000000e+00
  0.00000000e+00  0.00000000e+00  0.00000000e+00  0.00000000e+00
  0.00000000e+00  0.00000000e+00  0.00000000e+00  0.00000000e+00
  0.00000000e+00  0.00000000e+00  0.00000000e+00  0.00000000e+00
  0.00000000e+00  0.00000000e+00  0.00000000e+00  0.00000000e+00
  0.00000000e+00  0.00000000e+00  0.00000000e+00  0.00000000e+00
  0.00000000e+00  0.00000000e+00  0.00000000e+00  0.00000000e+00
  0.00000000e+00  0.00000000e+00  0.00000000e+00  0.00000000e+00
  0.00000000e+00  0.00000000e+00  4.69427425e-02  0.00000000e+00
  3.33533867e-01 -1.39862981e-01  4.86484790e-01  5.69250241e-01
  6.81344874e-01  1.99020199e+00  4.23498884e+00  9.36503805e+00
  1.63412022e+01  2.87817769e+01  4.32594710e+01  5.60037963e+01
  6.53598627e+01  9.34435513e+01  1.06831067e+02  1.26156949e+02
  1.44156124e+02  1.61085917e+02  2.15900498e+02  2.30678841e+02
  2.52436596e+02  2.72661532e+02  2.99803963e+02  3.12025232e+02
  3.45666404e+02  3.96881528e+02  4.35793416e+02  4.91261191e+02
  5.62146086e+02  6.17485547e+02  6.66835943e+02  7.00445894e+02
  7.46042932e+02  8.09460649e+02  8.61819851e+02  9.46029746e+02
  1.01048929e+03  1.08670214e+03  1.18430148e+03  1.28730434e+03
  1.40636085e+03  1.54514571e+03  1.63437396e+03  1.79955445e+03
  1.98249039e+03  2.09515491e+03  2.22517318e+03  2.40452597e+03
  2.53745365e+03  2.65105651e+03  2.83929354e+03  2.95469887e+03
  3.09047112e+03  3.38101028e+03  3.52833547e+03  3.71424254e+03
  3.85351463e+03  4.54043023e+03  5.00323097e+03  5.48207332e+03
  5.82812770e+03  6.12373161e+03  6.37526001e+03  6.44606508e+03
  6.55180665e+03  6.72543907e+03  6.85050596e+03  6.69298394e+03
  6.53796712e+03  6.65548480e+03  6.60795180e+03  6.62231344e+03
  6.57229407e+03  6.51648583e+03  6.46540086e+03  6.41843510e+03
  6.45650202e+03  6.41300038e+03  6.34218727e+03  6.18662665e+03
  6.13973781e+03  5.99997434e+03  5.94827965e+03  5.79927413e+03
  5.65070997e+03  5.46136834e+03  5.42945905e+03  5.27080040e+03
  5.13638013e+03  4.91628682e+03  4.75998557e+03  4.50219010e+03
  4.28866059e+03  4.02332705e+03  3.83430822e+03  3.67670654e+03
  3.43158107e+03  3.27170257e+03  3.03109621e+03  2.80374514e+03
  2.60122518e+03  2.37061188e+03  2.15514731e+03  1.96580943e+03
  1.80051091e+03  1.61836408e+03  1.42280885e+03  1.24971733e+03
  1.11287545e+03  9.77070746e+02  8.52373570e+02  7.35395705e+02
  6.39707094e+02  5.47086080e+02  4.55420002e+02  3.72013297e+02
  3.13048230e+02  2.53369571e+02  2.06027774e+02  1.70022045e+02
  1.32856250e+02  9.94717219e+01  7.26051739e+01  5.09936899e+01
  3.56324414e+01  2.72089010e+01  2.15203529e+01  1.65140017e+01
  1.19585301e+01  8.54566442e+00  5.83192005e+00  3.96488363e+00
  2.83335417e+00  1.34172026e+00 -6.62834889e-03  0.00000000e+00
  0.00000000e+00  0.00000000e+00  0.00000000e+00  0.00000000e+00
  0.00000000e+00  0.00000000e+00  0.00000000e+00  0.00000000e+00
  0.00000000e+00]
12
data after
[33.909124608443186, 28.781776914810834, 43.25947103849614, 56.00379627037652, 65.35986267074017, 93.44355133990581, 106.83106706297674, 126.15694925530237, 144.15612426229256, 161.08591726902822, 215.90049778698238, 230.67884141164848, 252.43659637455139, 272.6615316867579, 299.8039625302784, 312.0252320459989, 345.6664038008571, 396.8815281609664, 435.7934161919779, 491.2611913505803, 562.1460861534107, 617.4855465023359, 666.8359429665493, 700.4458941438581, 746.0429317224113, 809.4606494185019, 861.8198507162632, 946.0297463056854, 1010.4892905874677, 1086.7021394756432, 1184.3014815109798, 1287.304339465511, 1406.3608521143578, 1545.1457128870097, 1634.373964970947, 1799.5544477777717, 1982.4903908586998, 2095.154912234698, 2225.1731796476615, 2404.5259742978055, 2537.453652302129, 2651.0565088927633, 2839.293541266592, 2954.698871700663, 3090.471119748724, 3381.0102824168657, 3528.3354712407995, 3714.2425447201163, 3853.514626133525, 4540.430233337939, 5003.230971882864, 5482.073322891665, 5828.127702820838, 6123.731613231836, 6375.260011424416, 6446.065081659435, 6551.806650525888, 6725.439069108927, 6850.505963121088, 6692.983936607403, 6537.967120550492, 6655.484796541581, 6607.951800931342, 6622.313444081834, 6572.29406888249, 6516.485826962286, 6465.400855406512, 6418.435096780292, 6456.502017999015, 6413.000375086422, 6342.187271989502, 6186.626653400849, 6139.737814477885, 5999.974339606935, 5948.279647734625, 5799.274127809915, 5650.70997313918, 5461.3683396131655, 5429.459052996406, 5270.800395935453, 5136.380130709057, 4916.286819785306, 4759.985565799485, 4502.190098307945, 4288.660587193104, 4023.3270534253843, 3834.308223986137, 3676.7065396788794, 3431.5810712192524, 3271.7025742723345, 3031.0962051211386, 2803.7451387415476, 2601.2251767125094, 2370.611883327138, 2155.147306671741, 1965.809427331574, 1800.5109134094441, 1618.3640760577825, 1422.8088498685274, 1249.7173315549871, 1112.875447683537, 977.0707459235236, 852.3735702642326, 735.3957052331057, 639.7070935866761, 547.0860801108671, 455.4200019580662, 372.0132973538122, 313.04822980378776, 253.36957095873692, 206.02777383323357, 170.02204495175616, 132.85624967507994, 99.4717218839648, 72.60517391364812, 50.993689917893974, 35.6324414445399, 27.208900958645422, 21.52035292257609, 28.472531767725236, 22.510914184953922]
22
data,sig_tot
[  33.90912461   28.78177691   43.25947104   56.00379627   65.35986267
   93.44355134  106.83106706  126.15694926  144.15612426  161.08591727
  215.90049779  230.67884141  252.43659637  272.66153169  299.80396253
  312.02523205  345.6664038   396.88152816  435.79341619  491.26119135
  562.14608615  617.4855465   666.83594297  700.44589414  746.04293172
  809.46064942  861.81985072  946.02974631 1010.48929059 1086.70213948
 1184.30148151 1287.30433947 1406.36085211 1545.14571289 1634.37396497
 1799.55444778 1982.49039086 2095.15491223 2225.17317965 2404.5259743
 2537.4536523  2651.05650889 2839.29354127 2954.6988717  3090.47111975
 3381.01028242 3528.33547124 3714.24254472 3853.51462613 4540.43023334
 5003.23097188 5482.07332289 5828.12770282 6123.73161323 6375.26001142
 6446.06508166 6551.80665053 6725.43906911 6850.50596312 6692.98393661
 6537.96712055 6655.48479654 6607.95180093 6622.31344408 6572.29406888
 6516.48582696 6465.40085541 6418.43509678 6456.502018   6413.00037509
 6342.18727199 6186.6266534  6139.73781448 5999.97433961 5948.27964773
 5799.27412781 5650.70997314 5461.36833961 5429.459053   5270.80039594
 5136.38013071 4916.28681979 4759.9855658  4502.19009831 4288.66058719
 4023.32705343 3834.30822399 3676.70653968 3431.58107122 3271.70257427
 3031.09620512 2803.74513874 2601.22517671 2370.61188333 2155.14730667
 1965.80942733 1800.51091341 1618.36407606 1422.80884987 1249.71733155
 1112.87544768  977.07074592  852.37357026  735.39570523  639.70709359
  547.08608011  455.42000196  372.01329735  313.0482298   253.36957096
  206.02777383  170.02204495  132.85624968   99.47172188   72.60517391
   50.99368992   35.63244144   27.20890096   21.52035292   28.47253177
   22.51091418   23.90322434   32.22217725   21.00270393   27.54924482
   37.37315611   46.50382187   60.05526054   70.40421554   87.78514843
  107.67130907  121.91866103  150.16444601  163.17535452  190.93877409
  214.81907891  238.9911989   267.12725637  287.10288869  302.95827596
  335.05372143  366.98248585  382.3364979   415.28068452  432.22669464
  453.29810553  486.71227897  491.53556703  532.8219954   563.44458009
  590.00266306  611.90611843  676.1861243   695.65515204  738.94268164
  789.40331022  834.90641407  878.65512908  907.2860374   955.35148959
  994.7731986  1056.09443253 1098.35727079 1144.99951017 1157.83014584
 1212.96473607 1427.94170113 1624.73048829 1693.77549958 1752.14519049
 1736.04650164 1727.23866208 1688.04302381 1631.77626223 1554.09150124
 1545.53271879 1461.5616941  1431.49217671 1451.09416752 1494.0317365
 1500.08420683 1462.71552295 1476.71087764 1462.72257147 1431.03841292
 1399.51594432 1330.59937606 1309.53419367 1264.27320666 1216.05311801
 1167.50236351 1124.68962666 1077.86936262 1026.26718223  976.48372466
  924.1783828   890.81295661  844.10889643  782.41997545  726.43734434
  676.97928923  617.89249046  579.48809609  540.11033156  499.54536328
  460.78635799  422.84661911  386.06231973  353.42193229  331.03270462
  296.29366532  264.51258874  232.72297079  207.38389313  183.69194057
  164.16286188  142.14108067  123.98503913  105.92839958   92.44280084
   76.61595006   64.57986964   53.13635019   43.47211358   34.61376355
   27.37623945   22.05505797   31.49593488   37.65927522]
[  33.90912461   28.78177691   43.25947104   56.00379627   65.35986267
   93.44355134  106.83106706  126.15694926  144.15612426  161.08591727
  215.90049779  230.67884141  252.43659637  272.66153169  299.80396253
  312.02523205  345.6664038   396.88152816  435.79341619  491.26119135
  562.14608615  617.4855465   666.83594297  700.44589414  746.04293172
  809.46064942  861.81985072  946.02974631 1010.48929059 1086.70213948
 1184.30148151 1287.30433947 1406.36085211 1545.14571289 1634.37396497
 1799.55444778 1982.49039086 2095.15491223 2225.17317965 2404.5259743
 2537.4536523  2651.05650889 2839.29354127 2954.6988717  3090.47111975
 3381.01028242 3528.33547124 3714.24254472 3853.51462613 4540.43023334
 5003.23097188 5482.07332289 5828.12770282 6123.73161323 6375.26001142
 6446.06508166 6551.80665053 6725.43906911 6850.50596312 6692.98393661
 6537.96712055 6655.48479654 6607.95180093 6622.31344408 6572.29406888
 6516.48582696 6465.40085541 6418.43509678 6456.502018   6413.00037509
 6342.18727199 6186.6266534  6139.73781448 5999.97433961 5948.27964773
 5799.27412781 5650.70997314 5461.36833961 5429.459053   5270.80039594
 5136.38013071 4916.28681979 4759.9855658  4502.19009831 4288.66058719
 4023.32705343 3834.30822399 3676.70653968 3431.58107122 3271.70257427
 3031.09620512 2803.74513874 2601.22517671 2370.61188333 2155.14730667
 1965.80942733 1800.51091341 1618.36407606 1422.80884987 1249.71733155
 1112.87544768  977.07074592  852.37357026  735.39570523  639.70709359
  547.08608011  455.42000196  372.01329735  313.0482298   253.36957096
  206.02777383  170.02204495  132.85624968   99.47172188   72.60517391
   50.99368992   35.63244144   27.20890096   21.52035292   28.47253177
   22.51091418   23.90322434   32.22217725   21.00270393   27.54924482
   37.37315611   46.50382187   60.05526054   70.40421554   87.78514843
  107.67130907  121.91866103  150.16444601  163.17535452  190.93877409
  214.81907891  238.9911989   267.12725637  287.10288869  302.95827596
  335.05372143  366.98248585  382.3364979   415.28068452  432.22669464
  453.29810553  486.71227897  491.53556703  532.8219954   563.44458009
  590.00266306  611.90611843  676.1861243   695.65515204  738.94268164
  789.40331022  834.90641407  878.65512908  907.2860374   955.35148959
  994.7731986  1056.09443253 1098.35727079 1144.99951017 1157.83014584
 1212.96473607 1427.94170113 1624.73048829 1693.77549958 1752.14519049
 1736.04650164 1727.23866208 1688.04302381 1631.77626223 1554.09150124
 1545.53271879 1461.5616941  1431.49217671 1451.09416752 1494.0317365
 1500.08420683 1462.71552295 1476.71087764 1462.72257147 1431.03841292
 1399.51594432 1330.59937606 1309.53419367 1264.27320666 1216.05311801
 1167.50236351 1124.68962666 1077.86936262 1026.26718223  976.48372466
  924.1783828   890.81295661  844.10889643  782.41997545  726.43734434
  676.97928923  617.89249046  579.48809609  540.11033156  499.54536328
  460.78635799  422.84661911  386.06231973  353.42193229  331.03270462
  296.29366532  264.51258874  232.72297079  207.38389313  183.69194057
  164.16286188  142.14108067  123.98503913  105.92839958   92.44280084
   76.61595006   64.57986964   53.13635019   43.47211358   34.61376355
   27.37623945   22.05505797   31.49593488   37.65927522]
1.1304996672954437 14.052647853955056 49.16438072245829
val isze = 22
idinces = [ 87  26  76  68  78 149 127  60  69 124 227 183 201  95 120 194  56  83
 103 102  49 138 199 159 178 146  24  63  35  19 192 186 160  47 170 214
 188 121  61 152  20 131   5 129  70 166  98   1   2  59  55  10  58  46
   6 111 176 187  52  99 132 114 172   7 228  39 173 189  91 169 196 109
 119 207 163  72 218 220 116 215 202  43 162  21 165  37 191  75 117 203
 180 147 182 142  67  66 161  22  38 225 221 101 185 216 130 223 219 190
 148  90  41  80 105  81  32 206 106  48 110  25  53 136  17 213 193  51
  14 144  82  84 212  29   3  23 128  45 154  97 184  42 195  79 205  12
 112  11  85 134 143 155 171 104  34 108  50 174 167 168   4 133  44  96
 204  28 135 145 175 208  71 118 181 226 137  74 222 210  94 151 150 198
  93  18  27  36  57  31  65 140  89 158  30  86  92 141 126 153  13 197
  77 209 179 177 211 200  33  62 122 107  88  54 139 100  16 115 164  40
   0  73   8 224 157 217 156 123 113  64  15 125   9]
we are doing training validation split
training loss = 18.082046508789062 500
val loss = 28.602739334106445
training loss = 10.525317192077637 1000
val loss = 11.460644721984863
training loss = 7.696172714233398 1500
val loss = 5.920515537261963
training loss = 4.873077869415283 2000
val loss = 3.8729465007781982
training loss = 5.212778568267822 2500
val loss = 3.495941638946533
training loss = 4.323956489562988 3000
val loss = 3.2903401851654053
training loss = 3.649665117263794 3500
val loss = 2.869020700454712
training loss = 2.635244369506836 4000
val loss = 2.557539701461792
training loss = 2.4867963790893555 4500
val loss = 2.71760630607605
training loss = 2.43237042427063 5000
val loss = 2.6691977977752686
training loss = 2.4126169681549072 5500
val loss = 2.6497271060943604
training loss = 2.3899497985839844 6000
val loss = 2.6241838932037354
training loss = 2.374270439147949 6500
val loss = 2.5959224700927734
training loss = 2.3891634941101074 7000
val loss = 2.6563241481781006
training loss = 2.3926987648010254 7500
val loss = 2.632810354232788
training loss = 2.378573417663574 8000
val loss = 2.6185359954833984
training loss = 2.3092868328094482 8500
val loss = 2.4777939319610596
training loss = 2.295130968093872 9000
val loss = 2.4399967193603516
training loss = 2.2790727615356445 9500
val loss = 2.414565086364746
training loss = 2.2738986015319824 10000
val loss = 2.3458263874053955
training loss = 2.2294037342071533 10500
val loss = 2.356367588043213
training loss = 2.1658248901367188 11000
val loss = 2.329310655593872
training loss = 2.297128677368164 11500
val loss = 2.6803112030029297
training loss = 1.9718431234359741 12000
val loss = 2.248619318008423
training loss = 1.9593247175216675 12500
val loss = 2.2268929481506348
training loss = 1.9440646171569824 13000
val loss = 2.189427614212036
training loss = 1.93604576587677 13500
val loss = 2.1717000007629395
training loss = 1.9420912265777588 14000
val loss = 2.164492607116699
training loss = 2.099905252456665 14500
val loss = 2.3342885971069336
training loss = 1.9262495040893555 15000
val loss = 2.134126901626587
training loss = 1.9353365898132324 15500
val loss = 2.1325669288635254
training loss = 1.9202488660812378 16000
val loss = 2.1292052268981934
training loss = 1.921984076499939 16500
val loss = 2.1125845909118652
training loss = 1.9311686754226685 17000
val loss = 2.1288914680480957
training loss = 1.9126064777374268 17500
val loss = 2.104123592376709
training loss = 1.9125354290008545 18000
val loss = 2.0942437648773193
training loss = 1.918039083480835 18500
val loss = 2.099069118499756
training loss = 1.918985366821289 19000
val loss = 2.0763118267059326
training loss = 2.327218770980835 19500
val loss = 3.0194411277770996
training loss = 1.9034308195114136 20000
val loss = 2.08282470703125
training loss = 1.9093259572982788 20500
val loss = 2.0949184894561768
training loss = 1.9111422300338745 21000
val loss = 2.080177068710327
training loss = 2.0039918422698975 21500
val loss = 2.0991628170013428
training loss = 1.898105502128601 22000
val loss = 2.0848581790924072
training loss = 1.9003994464874268 22500
val loss = 2.0916824340820312
training loss = 1.8999288082122803 23000
val loss = 2.0943470001220703
training loss = 1.9027323722839355 23500
val loss = 2.1043577194213867
training loss = 2.0188066959381104 24000
val loss = 2.3178610801696777
training loss = 1.8932067155838013 24500
val loss = 2.0938241481781006
training loss = 1.894167423248291 25000
val loss = 2.099234104156494
training loss = 1.8944493532180786 25500
val loss = 2.1033737659454346
training loss = 1.9012371301651 26000
val loss = 2.0976977348327637
training loss = 1.9295697212219238 26500
val loss = 2.262514114379883
training loss = 1.8882378339767456 27000
val loss = 2.1083576679229736
training loss = 1.8933405876159668 27500
val loss = 2.122652292251587
training loss = 2.0934154987335205 28000
val loss = 2.9330756664276123
training loss = 1.8898890018463135 28500
val loss = 2.1265406608581543
reduced chi^2 level 2 = 1.8846161365509033
Constrained alpha: 2.675044059753418
Constrained beta: 5.1900811195373535
Constrained gamma: 20.491880416870117
(1, 207)
(1, 22)
