data before
[ 0.00000000e+00  0.00000000e+00  0.00000000e+00  0.00000000e+00
  0.00000000e+00  0.00000000e+00  0.00000000e+00  0.00000000e+00
  0.00000000e+00  0.00000000e+00  0.00000000e+00  0.00000000e+00
  0.00000000e+00  0.00000000e+00  0.00000000e+00  0.00000000e+00
  0.00000000e+00  0.00000000e+00  0.00000000e+00  0.00000000e+00
  0.00000000e+00  0.00000000e+00  0.00000000e+00  0.00000000e+00
  0.00000000e+00  0.00000000e+00  0.00000000e+00  0.00000000e+00
  0.00000000e+00  0.00000000e+00  0.00000000e+00  0.00000000e+00
  0.00000000e+00  0.00000000e+00  0.00000000e+00  0.00000000e+00
  0.00000000e+00  0.00000000e+00  0.00000000e+00  0.00000000e+00
  0.00000000e+00  0.00000000e+00  0.00000000e+00  0.00000000e+00
  0.00000000e+00  0.00000000e+00  0.00000000e+00  0.00000000e+00
  0.00000000e+00  0.00000000e+00  0.00000000e+00  0.00000000e+00
  0.00000000e+00  0.00000000e+00  4.69427425e-02  0.00000000e+00
  3.33533867e-01 -1.39862981e-01  4.86484790e-01  5.69250241e-01
  6.81344874e-01  1.99020199e+00  4.23498884e+00  9.36503805e+00
  1.63412022e+01  2.87817769e+01  4.32594710e+01  5.60037963e+01
  6.53598627e+01  9.34435513e+01  1.06831067e+02  1.26156949e+02
  1.44156124e+02  1.61085917e+02  2.15900498e+02  2.30678841e+02
  2.52436596e+02  2.72661532e+02  2.99803963e+02  3.12025232e+02
  3.45666404e+02  3.96881528e+02  4.35793416e+02  4.91261191e+02
  5.62146086e+02  6.17485547e+02  6.66835943e+02  7.00445894e+02
  7.46042932e+02  8.09460649e+02  8.61819851e+02  9.46029746e+02
  1.01048929e+03  1.08670214e+03  1.18430148e+03  1.28730434e+03
  1.40636085e+03  1.54514571e+03  1.63437396e+03  1.79955445e+03
  1.98249039e+03  2.09515491e+03  2.22517318e+03  2.40452597e+03
  2.53745365e+03  2.65105651e+03  2.83929354e+03  2.95469887e+03
  3.09047112e+03  3.38101028e+03  3.52833547e+03  3.71424254e+03
  3.85351463e+03  4.54043023e+03  5.00323097e+03  5.48207332e+03
  5.82812770e+03  6.12373161e+03  6.37526001e+03  6.44606508e+03
  6.55180665e+03  6.72543907e+03  6.85050596e+03  6.69298394e+03
  6.53796712e+03  6.65548480e+03  6.60795180e+03  6.62231344e+03
  6.57229407e+03  6.51648583e+03  6.46540086e+03  6.41843510e+03
  6.45650202e+03  6.41300038e+03  6.34218727e+03  6.18662665e+03
  6.13973781e+03  5.99997434e+03  5.94827965e+03  5.79927413e+03
  5.65070997e+03  5.46136834e+03  5.42945905e+03  5.27080040e+03
  5.13638013e+03  4.91628682e+03  4.75998557e+03  4.50219010e+03
  4.28866059e+03  4.02332705e+03  3.83430822e+03  3.67670654e+03
  3.43158107e+03  3.27170257e+03  3.03109621e+03  2.80374514e+03
  2.60122518e+03  2.37061188e+03  2.15514731e+03  1.96580943e+03
  1.80051091e+03  1.61836408e+03  1.42280885e+03  1.24971733e+03
  1.11287545e+03  9.77070746e+02  8.52373570e+02  7.35395705e+02
  6.39707094e+02  5.47086080e+02  4.55420002e+02  3.72013297e+02
  3.13048230e+02  2.53369571e+02  2.06027774e+02  1.70022045e+02
  1.32856250e+02  9.94717219e+01  7.26051739e+01  5.09936899e+01
  3.56324414e+01  2.72089010e+01  2.15203529e+01  1.65140017e+01
  1.19585301e+01  8.54566442e+00  5.83192005e+00  3.96488363e+00
  2.83335417e+00  1.34172026e+00 -6.62834889e-03  0.00000000e+00
  0.00000000e+00  0.00000000e+00  0.00000000e+00  0.00000000e+00
  0.00000000e+00  0.00000000e+00  0.00000000e+00  0.00000000e+00
  0.00000000e+00]
12
data after
[33.909124608443186, 28.781776914810834, 43.25947103849614, 56.00379627037652, 65.35986267074017, 93.44355133990581, 106.83106706297674, 126.15694925530237, 144.15612426229256, 161.08591726902822, 215.90049778698238, 230.67884141164848, 252.43659637455139, 272.6615316867579, 299.8039625302784, 312.0252320459989, 345.6664038008571, 396.8815281609664, 435.7934161919779, 491.2611913505803, 562.1460861534107, 617.4855465023359, 666.8359429665493, 700.4458941438581, 746.0429317224113, 809.4606494185019, 861.8198507162632, 946.0297463056854, 1010.4892905874677, 1086.7021394756432, 1184.3014815109798, 1287.304339465511, 1406.3608521143578, 1545.1457128870097, 1634.373964970947, 1799.5544477777717, 1982.4903908586998, 2095.154912234698, 2225.1731796476615, 2404.5259742978055, 2537.453652302129, 2651.0565088927633, 2839.293541266592, 2954.698871700663, 3090.471119748724, 3381.0102824168657, 3528.3354712407995, 3714.2425447201163, 3853.514626133525, 4540.430233337939, 5003.230971882864, 5482.073322891665, 5828.127702820838, 6123.731613231836, 6375.260011424416, 6446.065081659435, 6551.806650525888, 6725.439069108927, 6850.505963121088, 6692.983936607403, 6537.967120550492, 6655.484796541581, 6607.951800931342, 6622.313444081834, 6572.29406888249, 6516.485826962286, 6465.400855406512, 6418.435096780292, 6456.502017999015, 6413.000375086422, 6342.187271989502, 6186.626653400849, 6139.737814477885, 5999.974339606935, 5948.279647734625, 5799.274127809915, 5650.70997313918, 5461.3683396131655, 5429.459052996406, 5270.800395935453, 5136.380130709057, 4916.286819785306, 4759.985565799485, 4502.190098307945, 4288.660587193104, 4023.3270534253843, 3834.308223986137, 3676.7065396788794, 3431.5810712192524, 3271.7025742723345, 3031.0962051211386, 2803.7451387415476, 2601.2251767125094, 2370.611883327138, 2155.147306671741, 1965.809427331574, 1800.5109134094441, 1618.3640760577825, 1422.8088498685274, 1249.7173315549871, 1112.875447683537, 977.0707459235236, 852.3735702642326, 735.3957052331057, 639.7070935866761, 547.0860801108671, 455.4200019580662, 372.0132973538122, 313.04822980378776, 253.36957095873692, 206.02777383323357, 170.02204495175616, 132.85624967507994, 99.4717218839648, 72.60517391364812, 50.993689917893974, 35.6324414445399, 27.208900958645422, 21.52035292257609, 28.472531767725236, 22.510914184953922]
22
data,sig_tot
[  33.90912461   28.78177691   43.25947104   56.00379627   65.35986267
   93.44355134  106.83106706  126.15694926  144.15612426  161.08591727
  215.90049779  230.67884141  252.43659637  272.66153169  299.80396253
  312.02523205  345.6664038   396.88152816  435.79341619  491.26119135
  562.14608615  617.4855465   666.83594297  700.44589414  746.04293172
  809.46064942  861.81985072  946.02974631 1010.48929059 1086.70213948
 1184.30148151 1287.30433947 1406.36085211 1545.14571289 1634.37396497
 1799.55444778 1982.49039086 2095.15491223 2225.17317965 2404.5259743
 2537.4536523  2651.05650889 2839.29354127 2954.6988717  3090.47111975
 3381.01028242 3528.33547124 3714.24254472 3853.51462613 4540.43023334
 5003.23097188 5482.07332289 5828.12770282 6123.73161323 6375.26001142
 6446.06508166 6551.80665053 6725.43906911 6850.50596312 6692.98393661
 6537.96712055 6655.48479654 6607.95180093 6622.31344408 6572.29406888
 6516.48582696 6465.40085541 6418.43509678 6456.502018   6413.00037509
 6342.18727199 6186.6266534  6139.73781448 5999.97433961 5948.27964773
 5799.27412781 5650.70997314 5461.36833961 5429.459053   5270.80039594
 5136.38013071 4916.28681979 4759.9855658  4502.19009831 4288.66058719
 4023.32705343 3834.30822399 3676.70653968 3431.58107122 3271.70257427
 3031.09620512 2803.74513874 2601.22517671 2370.61188333 2155.14730667
 1965.80942733 1800.51091341 1618.36407606 1422.80884987 1249.71733155
 1112.87544768  977.07074592  852.37357026  735.39570523  639.70709359
  547.08608011  455.42000196  372.01329735  313.0482298   253.36957096
  206.02777383  170.02204495  132.85624968   99.47172188   72.60517391
   50.99368992   35.63244144   27.20890096   21.52035292   28.47253177
   22.51091418   23.90322434   32.22217725   21.00270393   27.54924482
   37.37315611   46.50382187   60.05526054   70.40421554   87.78514843
  107.67130907  121.91866103  150.16444601  163.17535452  190.93877409
  214.81907891  238.9911989   267.12725637  287.10288869  302.95827596
  335.05372143  366.98248585  382.3364979   415.28068452  432.22669464
  453.29810553  486.71227897  491.53556703  532.8219954   563.44458009
  590.00266306  611.90611843  676.1861243   695.65515204  738.94268164
  789.40331022  834.90641407  878.65512908  907.2860374   955.35148959
  994.7731986  1056.09443253 1098.35727079 1144.99951017 1157.83014584
 1212.96473607 1427.94170113 1624.73048829 1693.77549958 1752.14519049
 1736.04650164 1727.23866208 1688.04302381 1631.77626223 1554.09150124
 1545.53271879 1461.5616941  1431.49217671 1451.09416752 1494.0317365
 1500.08420683 1462.71552295 1476.71087764 1462.72257147 1431.03841292
 1399.51594432 1330.59937606 1309.53419367 1264.27320666 1216.05311801
 1167.50236351 1124.68962666 1077.86936262 1026.26718223  976.48372466
  924.1783828   890.81295661  844.10889643  782.41997545  726.43734434
  676.97928923  617.89249046  579.48809609  540.11033156  499.54536328
  460.78635799  422.84661911  386.06231973  353.42193229  331.03270462
  296.29366532  264.51258874  232.72297079  207.38389313  183.69194057
  164.16286188  142.14108067  123.98503913  105.92839958   92.44280084
   76.61595006   64.57986964   53.13635019   43.47211358   34.61376355
   27.37623945   22.05505797   31.49593488   37.65927522]
[  33.90912461   28.78177691   43.25947104   56.00379627   65.35986267
   93.44355134  106.83106706  126.15694926  144.15612426  161.08591727
  215.90049779  230.67884141  252.43659637  272.66153169  299.80396253
  312.02523205  345.6664038   396.88152816  435.79341619  491.26119135
  562.14608615  617.4855465   666.83594297  700.44589414  746.04293172
  809.46064942  861.81985072  946.02974631 1010.48929059 1086.70213948
 1184.30148151 1287.30433947 1406.36085211 1545.14571289 1634.37396497
 1799.55444778 1982.49039086 2095.15491223 2225.17317965 2404.5259743
 2537.4536523  2651.05650889 2839.29354127 2954.6988717  3090.47111975
 3381.01028242 3528.33547124 3714.24254472 3853.51462613 4540.43023334
 5003.23097188 5482.07332289 5828.12770282 6123.73161323 6375.26001142
 6446.06508166 6551.80665053 6725.43906911 6850.50596312 6692.98393661
 6537.96712055 6655.48479654 6607.95180093 6622.31344408 6572.29406888
 6516.48582696 6465.40085541 6418.43509678 6456.502018   6413.00037509
 6342.18727199 6186.6266534  6139.73781448 5999.97433961 5948.27964773
 5799.27412781 5650.70997314 5461.36833961 5429.459053   5270.80039594
 5136.38013071 4916.28681979 4759.9855658  4502.19009831 4288.66058719
 4023.32705343 3834.30822399 3676.70653968 3431.58107122 3271.70257427
 3031.09620512 2803.74513874 2601.22517671 2370.61188333 2155.14730667
 1965.80942733 1800.51091341 1618.36407606 1422.80884987 1249.71733155
 1112.87544768  977.07074592  852.37357026  735.39570523  639.70709359
  547.08608011  455.42000196  372.01329735  313.0482298   253.36957096
  206.02777383  170.02204495  132.85624968   99.47172188   72.60517391
   50.99368992   35.63244144   27.20890096   21.52035292   28.47253177
   22.51091418   23.90322434   32.22217725   21.00270393   27.54924482
   37.37315611   46.50382187   60.05526054   70.40421554   87.78514843
  107.67130907  121.91866103  150.16444601  163.17535452  190.93877409
  214.81907891  238.9911989   267.12725637  287.10288869  302.95827596
  335.05372143  366.98248585  382.3364979   415.28068452  432.22669464
  453.29810553  486.71227897  491.53556703  532.8219954   563.44458009
  590.00266306  611.90611843  676.1861243   695.65515204  738.94268164
  789.40331022  834.90641407  878.65512908  907.2860374   955.35148959
  994.7731986  1056.09443253 1098.35727079 1144.99951017 1157.83014584
 1212.96473607 1427.94170113 1624.73048829 1693.77549958 1752.14519049
 1736.04650164 1727.23866208 1688.04302381 1631.77626223 1554.09150124
 1545.53271879 1461.5616941  1431.49217671 1451.09416752 1494.0317365
 1500.08420683 1462.71552295 1476.71087764 1462.72257147 1431.03841292
 1399.51594432 1330.59937606 1309.53419367 1264.27320666 1216.05311801
 1167.50236351 1124.68962666 1077.86936262 1026.26718223  976.48372466
  924.1783828   890.81295661  844.10889643  782.41997545  726.43734434
  676.97928923  617.89249046  579.48809609  540.11033156  499.54536328
  460.78635799  422.84661911  386.06231973  353.42193229  331.03270462
  296.29366532  264.51258874  232.72297079  207.38389313  183.69194057
  164.16286188  142.14108067  123.98503913  105.92839958   92.44280084
   76.61595006   64.57986964   53.13635019   43.47211358   34.61376355
   27.37623945   22.05505797   31.49593488   37.65927522]
0.21254271550715576 11.523909759397862 25.235160047628725
val isze = 22
idinces = [ 87  26  76  68  78 149 127  60  69 124 227 183 201  95 120 194  56  83
 103 102  49 138 199 159 178 146  24  63  35  19 192 186 160  47 170 214
 188 121  61 152  20 131   5 129  70 166  98   1   2  59  55  10  58  46
   6 111 176 187  52  99 132 114 172   7 228  39 173 189  91 169 196 109
 119 207 163  72 218 220 116 215 202  43 162  21 165  37 191  75 117 203
 180 147 182 142  67  66 161  22  38 225 221 101 185 216 130 223 219 190
 148  90  41  80 105  81  32 206 106  48 110  25  53 136  17 213 193  51
  14 144  82  84 212  29   3  23 128  45 154  97 184  42 195  79 205  12
 112  11  85 134 143 155 171 104  34 108  50 174 167 168   4 133  44  96
 204  28 135 145 175 208  71 118 181 226 137  74 222 210  94 151 150 198
  93  18  27  36  57  31  65 140  89 158  30  86  92 141 126 153  13 197
  77 209 179 177 211 200  33  62 122 107  88  54 139 100  16 115 164  40
   0  73   8 224 157 217 156 123 113  64  15 125   9]
we are doing training validation split
training loss = 18.109224319458008 500
val loss = 28.461416244506836
training loss = 11.40719223022461 1000
val loss = 13.484941482543945
training loss = 9.854615211486816 1500
val loss = 8.372173309326172
training loss = 9.764762878417969 2000
val loss = 7.805264949798584
training loss = 9.72135066986084 2500
val loss = 7.7350311279296875
training loss = 9.685009002685547 3000
val loss = 7.697453022003174
training loss = 9.648932456970215 3500
val loss = 7.671651840209961
training loss = 9.596855163574219 4000
val loss = 7.645580768585205
training loss = 9.457663536071777 4500
val loss = 7.576547145843506
training loss = 8.924704551696777 5000
val loss = 7.3084845542907715
training loss = 7.764305114746094 5500
val loss = 7.046882152557373
training loss = 3.1276307106018066 6000
val loss = 2.7948741912841797
training loss = 2.729837656021118 6500
val loss = 2.3818325996398926
training loss = 2.561096429824829 7000
val loss = 2.2705345153808594
training loss = 2.484576940536499 7500
val loss = 2.229778289794922
training loss = 2.379096746444702 8000
val loss = 2.1015920639038086
training loss = 2.2179393768310547 8500
val loss = 1.859092116355896
training loss = 2.178730010986328 9000
val loss = 1.7918771505355835
training loss = 4.7234392166137695 9500
val loss = 5.16860294342041
training loss = 2.170574903488159 10000
val loss = 1.7396341562271118
training loss = 2.16979718208313 10500
val loss = 1.7216178178787231
training loss = 2.4590702056884766 11000
val loss = 2.1215696334838867
training loss = 2.168975830078125 11500
val loss = 1.6979529857635498
training loss = 2.1688287258148193 12000
val loss = 1.6996978521347046
training loss = 2.1843771934509277 12500
val loss = 1.7235486507415771
training loss = 2.2258498668670654 13000
val loss = 1.7595469951629639
training loss = 2.162489175796509 13500
val loss = 1.6666837930679321
training loss = 2.160724639892578 14000
val loss = 1.6605849266052246
training loss = 2.158860921859741 14500
val loss = 1.6541221141815186
training loss = 2.157200336456299 15000
val loss = 1.6486674547195435
training loss = 2.155438184738159 15500
val loss = 1.6425740718841553
training loss = 2.1540744304656982 16000
val loss = 1.6381350755691528
training loss = 2.1548078060150146 16500
val loss = 1.6377936601638794
training loss = 2.151183605194092 17000
val loss = 1.6282342672348022
training loss = 2.208033323287964 17500
val loss = 1.7396358251571655
training loss = 2.148400068283081 18000
val loss = 1.6181734800338745
training loss = 2.147357940673828 18500
val loss = 1.6146292686462402
training loss = 2.1463489532470703 19000
val loss = 1.6109675168991089
training loss = 2.1455588340759277 19500
val loss = 1.608554720878601
training loss = 2.144669771194458 20000
val loss = 1.605699062347412
training loss = 2.1436891555786133 20500
val loss = 1.6012941598892212
training loss = 2.142829656600952 21000
val loss = 1.597817063331604
training loss = 2.14211106300354 21500
val loss = 1.5953333377838135
training loss = 2.141666889190674 22000
val loss = 1.5949277877807617
training loss = 2.1410176753997803 22500
val loss = 1.5922808647155762
training loss = 2.140315532684326 23000
val loss = 1.5905089378356934
training loss = 2.1396915912628174 23500
val loss = 1.5887210369110107
training loss = 2.139077663421631 24000
val loss = 1.5870524644851685
training loss = 2.1384389400482178 24500
val loss = 1.5853201150894165
training loss = 2.1378612518310547 25000
val loss = 1.5842519998550415
training loss = 2.1373322010040283 25500
val loss = 1.583778977394104
training loss = 2.1366705894470215 26000
val loss = 1.5822070837020874
training loss = 2.136171340942383 26500
val loss = 1.5822912454605103
training loss = 2.1355795860290527 27000
val loss = 1.58161199092865
training loss = 2.134962320327759 27500
val loss = 1.5807273387908936
training loss = 2.134460926055908 28000
val loss = 1.5809153318405151
training loss = 2.1339521408081055 28500
val loss = 1.5806913375854492
training loss = 2.1334047317504883 29000
val loss = 1.5800695419311523
training loss = 2.13826322555542 29500
val loss = 1.5841137170791626
training loss = 2.2538394927978516 30000
val loss = 1.7973036766052246
reduced chi^2 level 2 = 2.2161052227020264
Constrained alpha: 2.2466490268707275
Constrained beta: 4.636382579803467
Constrained gamma: 13.976030349731445
(1, 207)
(1, 22)
