data before
[ 0.00000000e+00  0.00000000e+00  0.00000000e+00  0.00000000e+00
  0.00000000e+00  0.00000000e+00  0.00000000e+00  0.00000000e+00
  0.00000000e+00  0.00000000e+00  2.14524337e-05  6.62185480e-04
  2.03072433e-02  1.77939849e-01  4.78078310e-01  8.84117761e-01
  1.47125968e+00  2.38722646e+00  3.51072896e+00  5.42284882e+00
  8.18598079e+00  1.11980787e+01  1.61143049e+01  2.44961798e+01
  2.80953387e+01  2.88179908e+01  2.91880700e+01  2.86591223e+01
  2.69288132e+01  2.34317239e+01  1.90472371e+01  1.45989951e+01
  1.06507589e+01  6.89090235e+00  3.67085371e+00  1.44289301e+00
  3.87269664e-01  7.50786987e-02 -2.67838318e-05  0.00000000e+00
  0.00000000e+00]
6
data after
[22.539171504779482, 27.312383563253285, 24.4961798459664, 28.095338728574216, 28.817990837657455, 29.188070024097563, 28.659122349391726, 26.928813175938426, 23.43172389299609, 33.646232197074596, 23.117729532016277]
13
data,sig_tot
[22.5391715  27.31238356 24.49617985 28.09533873 28.81799084 29.18807002
 28.65912235 26.92881318 23.43172389 33.6462322  23.11772953 23.52987872
 42.3562057 ]
[22.5391715  27.31238356 24.49617985 28.09533873 28.81799084 29.18807002
 28.65912235 26.92881318 23.43172389 33.6462322  23.11772953 23.52987872
 42.3562057 ]
2.138740127294976 6.725137025593888 0.09979701086856307
val isze = 0
idinces = [ 3  7 11  6  8  2 12  5 10  1  0  4  9]
training loss = 1.0622421503067017 500
training loss = 0.9785825610160828 1000
training loss = 0.969099223613739 1500
training loss = 0.9561980962753296 2000
training loss = 0.9393691420555115 2500
training loss = 0.9119365811347961 3000
training loss = 0.9045577645301819 3500
training loss = 0.8956634998321533 4000
training loss = 0.8954733610153198 4500
training loss = 0.9034804105758667 5000
training loss = 0.894349217414856 5500
training loss = 0.8930425047874451 6000
training loss = 0.8926984667778015 6500
training loss = 0.8922315835952759 7000
reduced chi^2 level 2 = 0.8922288417816162
Constrained alpha: 4.004566669464111
Constrained beta: 3.717017650604248
Constrained gamma: 0.8654215335845947
(1, 13)
(1, 0)
data before
[ 0.00000000e+00  0.00000000e+00  0.00000000e+00  0.00000000e+00
  0.00000000e+00  0.00000000e+00  0.00000000e+00  0.00000000e+00
  0.00000000e+00  0.00000000e+00  2.14524337e-05  6.62185480e-04
  2.03072433e-02  1.77939849e-01  4.78078310e-01  8.84117761e-01
  1.47125968e+00  2.38722646e+00  3.51072896e+00  5.42284882e+00
  8.18598079e+00  1.11980787e+01  1.61143049e+01  2.44961798e+01
  2.80953387e+01  2.88179908e+01  2.91880700e+01  2.86591223e+01
  2.69288132e+01  2.34317239e+01  1.90472371e+01  1.45989951e+01
  1.06507589e+01  6.89090235e+00  3.67085371e+00  1.44289301e+00
  3.87269664e-01  7.50786987e-02 -2.67838318e-05  0.00000000e+00
  0.00000000e+00]
6
data after
[22.539171504779482, 27.312383563253285, 24.4961798459664, 28.095338728574216, 28.817990837657455, 29.188070024097563, 28.659122349391726, 26.928813175938426, 23.43172389299609, 33.646232197074596, 23.117729532016277]
13
data,sig_tot
[22.5391715  27.31238356 24.49617985 28.09533873 28.81799084 29.18807002
 28.65912235 26.92881318 23.43172389 33.6462322  23.11772953 23.52987872
 42.3562057 ]
[22.5391715  27.31238356 24.49617985 28.09533873 28.81799084 29.18807002
 28.65912235 26.92881318 23.43172389 33.6462322  23.11772953 23.52987872
 42.3562057 ]
4.143406631538383 0.9379263877849953 62.628714831139256
val isze = 0
idinces = [ 3  7 11  6  8  2 12  5 10  1  0  4  9]
training loss = 11.047220230102539 500
training loss = 4.430476188659668 1000
training loss = 3.3434343338012695 1500
training loss = 2.569678783416748 2000
training loss = 2.1132404804229736 2500
training loss = 1.9325321912765503 3000
training loss = 1.829847812652588 3500
training loss = 1.750421166419983 4000
training loss = 1.6888772249221802 4500
training loss = 1.6423479318618774 5000
training loss = 1.6078521013259888 5500
training loss = 1.582574486732483 6000
training loss = 1.5639194250106812 6500
training loss = 1.5494368076324463 7000
reduced chi^2 level 2 = 1.5494107007980347
Constrained alpha: 3.7257626056671143
Constrained beta: 1.480163335800171
Constrained gamma: 62.089534759521484
(1, 13)
(1, 0)
data before
[ 0.00000000e+00  0.00000000e+00  0.00000000e+00  0.00000000e+00
  0.00000000e+00  0.00000000e+00  0.00000000e+00  0.00000000e+00
  0.00000000e+00  0.00000000e+00  2.14524337e-05  6.62185480e-04
  2.03072433e-02  1.77939849e-01  4.78078310e-01  8.84117761e-01
  1.47125968e+00  2.38722646e+00  3.51072896e+00  5.42284882e+00
  8.18598079e+00  1.11980787e+01  1.61143049e+01  2.44961798e+01
  2.80953387e+01  2.88179908e+01  2.91880700e+01  2.86591223e+01
  2.69288132e+01  2.34317239e+01  1.90472371e+01  1.45989951e+01
  1.06507589e+01  6.89090235e+00  3.67085371e+00  1.44289301e+00
  3.87269664e-01  7.50786987e-02 -2.67838318e-05  0.00000000e+00
  0.00000000e+00]
6
data after
[22.539171504779482, 27.312383563253285, 24.4961798459664, 28.095338728574216, 28.817990837657455, 29.188070024097563, 28.659122349391726, 26.928813175938426, 23.43172389299609, 33.646232197074596, 23.117729532016277]
13
data,sig_tot
[22.5391715  27.31238356 24.49617985 28.09533873 28.81799084 29.18807002
 28.65912235 26.92881318 23.43172389 33.6462322  23.11772953 23.52987872
 42.3562057 ]
[22.5391715  27.31238356 24.49617985 28.09533873 28.81799084 29.18807002
 28.65912235 26.92881318 23.43172389 33.6462322  23.11772953 23.52987872
 42.3562057 ]
4.143406631538383 0.9379263877849953 62.628714831139256
val isze = 0
idinces = [ 3  7 11  6  8  2 12  5 10  1  0  4  9]
training loss = 7.360405921936035 500
training loss = 4.36837100982666 1000
training loss = 3.6757400035858154 1500
training loss = 3.138892650604248 2000
training loss = 2.7645351886749268 2500
training loss = 2.5676963329315186 3000
training loss = 2.4823739528656006 3500
training loss = 2.4254539012908936 4000
training loss = 2.3578109741210938 4500
training loss = 2.2702407836914062 5000
training loss = 2.1639811992645264 5500
training loss = 2.0457603931427 6000
training loss = 1.9244837760925293 6500
training loss = 1.8080536127090454 7000
reduced chi^2 level 2 = 1.807830572128296
Constrained alpha: 3.690107583999634
Constrained beta: 1.5938522815704346
Constrained gamma: 62.00635528564453
(1, 13)
(1, 0)
data before
[ 0.00000000e+00  0.00000000e+00  0.00000000e+00  0.00000000e+00
  0.00000000e+00  0.00000000e+00  0.00000000e+00  0.00000000e+00
  0.00000000e+00  0.00000000e+00  2.14524337e-05  6.62185480e-04
  2.03072433e-02  1.77939849e-01  4.78078310e-01  8.84117761e-01
  1.47125968e+00  2.38722646e+00  3.51072896e+00  5.42284882e+00
  8.18598079e+00  1.11980787e+01  1.61143049e+01  2.44961798e+01
  2.80953387e+01  2.88179908e+01  2.91880700e+01  2.86591223e+01
  2.69288132e+01  2.34317239e+01  1.90472371e+01  1.45989951e+01
  1.06507589e+01  6.89090235e+00  3.67085371e+00  1.44289301e+00
  3.87269664e-01  7.50786987e-02 -2.67838318e-05  0.00000000e+00
  0.00000000e+00]
6
data after
[22.539171504779482, 27.312383563253285, 24.4961798459664, 28.095338728574216, 28.817990837657455, 29.188070024097563, 28.659122349391726, 26.928813175938426, 23.43172389299609, 33.646232197074596, 23.117729532016277]
13
data,sig_tot
[22.5391715  27.31238356 24.49617985 28.09533873 28.81799084 29.18807002
 28.65912235 26.92881318 23.43172389 33.6462322  23.11772953 23.52987872
 42.3562057 ]
[22.5391715  27.31238356 24.49617985 28.09533873 28.81799084 29.18807002
 28.65912235 26.92881318 23.43172389 33.6462322  23.11772953 23.52987872
 42.3562057 ]
4.143406631538383 0.9379263877849953 62.628714831139256
val isze = 0
idinces = [ 3  7 11  6  8  2 12  5 10  1  0  4  9]
(1, 13)
(1, 0)
data before
[ 0.00000000e+00  0.00000000e+00  0.00000000e+00  0.00000000e+00
  0.00000000e+00  0.00000000e+00  0.00000000e+00  0.00000000e+00
  0.00000000e+00  0.00000000e+00  2.14524337e-05  6.62185480e-04
  2.03072433e-02  1.77939849e-01  4.78078310e-01  8.84117761e-01
  1.47125968e+00  2.38722646e+00  3.51072896e+00  5.42284882e+00
  8.18598079e+00  1.11980787e+01  1.61143049e+01  2.44961798e+01
  2.80953387e+01  2.88179908e+01  2.91880700e+01  2.86591223e+01
  2.69288132e+01  2.34317239e+01  1.90472371e+01  1.45989951e+01
  1.06507589e+01  6.89090235e+00  3.67085371e+00  1.44289301e+00
  3.87269664e-01  7.50786987e-02 -2.67838318e-05  0.00000000e+00
  0.00000000e+00]
6
data after
[22.539171504779482, 27.312383563253285, 24.4961798459664, 28.095338728574216, 28.817990837657455, 29.188070024097563, 28.659122349391726, 26.928813175938426, 23.43172389299609, 33.646232197074596, 23.117729532016277]
13
data,sig_tot
[22.5391715  27.31238356 24.49617985 28.09533873 28.81799084 29.18807002
 28.65912235 26.92881318 23.43172389 33.6462322  23.11772953 23.52987872
 42.3562057 ]
[22.5391715  27.31238356 24.49617985 28.09533873 28.81799084 29.18807002
 28.65912235 26.92881318 23.43172389 33.6462322  23.11772953 23.52987872
 42.3562057 ]
4.143406631538383 0.9379263877849953 62.628714831139256
val isze = 0
idinces = [ 3  7 11  6  8  2 12  5 10  1  0  4  9]
training loss = 7.945883274078369 500
training loss = 5.346797466278076 1000
training loss = 3.9993481636047363 1500
training loss = 3.1737046241760254 2000
training loss = 2.762056827545166 2500
training loss = 2.600606679916382 3000
training loss = 2.537205934524536 3500
training loss = 2.491220712661743 4000
training loss = 2.4337525367736816 4500
training loss = 2.354243040084839 5000
training loss = 2.2471885681152344 5500
training loss = 2.113025188446045 6000
training loss = 1.9608365297317505 6500
training loss = 1.8019989728927612 7000
reduced chi^2 level 2 = 1.801679253578186
Constrained alpha: 3.6969544887542725
Constrained beta: 1.580434799194336
Constrained gamma: 62.03025436401367
(1, 13)
(1, 0)
data before
[ 0.00000000e+00  0.00000000e+00  0.00000000e+00  0.00000000e+00
  0.00000000e+00  0.00000000e+00  0.00000000e+00  0.00000000e+00
  0.00000000e+00  0.00000000e+00  2.14524337e-05  6.62185480e-04
  2.03072433e-02  1.77939849e-01  4.78078310e-01  8.84117761e-01
  1.47125968e+00  2.38722646e+00  3.51072896e+00  5.42284882e+00
  8.18598079e+00  1.11980787e+01  1.61143049e+01  2.44961798e+01
  2.80953387e+01  2.88179908e+01  2.91880700e+01  2.86591223e+01
  2.69288132e+01  2.34317239e+01  1.90472371e+01  1.45989951e+01
  1.06507589e+01  6.89090235e+00  3.67085371e+00  1.44289301e+00
  3.87269664e-01  7.50786987e-02 -2.67838318e-05  0.00000000e+00
  0.00000000e+00]
6
data after
[22.539171504779482, 27.312383563253285, 24.4961798459664, 28.095338728574216, 28.817990837657455, 29.188070024097563, 28.659122349391726, 26.928813175938426, 23.43172389299609, 33.646232197074596, 23.117729532016277]
13
data,sig_tot
[22.5391715  27.31238356 24.49617985 28.09533873 28.81799084 29.18807002
 28.65912235 26.92881318 23.43172389 33.6462322  23.11772953 23.52987872
 42.3562057 ]
[22.5391715  27.31238356 24.49617985 28.09533873 28.81799084 29.18807002
 28.65912235 26.92881318 23.43172389 33.6462322  23.11772953 23.52987872
 42.3562057 ]
4.143406631538383 0.9379263877849953 62.628714831139256
val isze = 0
idinces = [ 3  7 11  6  8  2 12  5 10  1  0  4  9]
training loss = 5.268610000610352 500
training loss = 4.270526885986328 1000
training loss = 3.532419204711914 1500
training loss = 2.8895866870880127 2000
training loss = 2.475829601287842 2500
training loss = 2.2979931831359863 3000
training loss = 2.1730945110321045 3500
training loss = 2.0431501865386963 4000
training loss = 1.9132014513015747 4500
training loss = 1.792069435119629 5000
training loss = 1.6867327690124512 5500
training loss = 1.6015878915786743 6000
training loss = 1.5380043983459473 6500
training loss = 1.4943348169326782 7000
reduced chi^2 level 2 = 1.4942651987075806
Constrained alpha: 3.7355966567993164
Constrained beta: 1.7677364349365234
Constrained gamma: 61.74333953857422
(1, 13)
(1, 0)
data before
[ 0.00000000e+00  0.00000000e+00  0.00000000e+00  0.00000000e+00
  0.00000000e+00  0.00000000e+00  0.00000000e+00  0.00000000e+00
  0.00000000e+00  0.00000000e+00  2.14524337e-05  6.62185480e-04
  2.03072433e-02  1.77939849e-01  4.78078310e-01  8.84117761e-01
  1.47125968e+00  2.38722646e+00  3.51072896e+00  5.42284882e+00
  8.18598079e+00  1.11980787e+01  1.61143049e+01  2.44961798e+01
  2.80953387e+01  2.88179908e+01  2.91880700e+01  2.86591223e+01
  2.69288132e+01  2.34317239e+01  1.90472371e+01  1.45989951e+01
  1.06507589e+01  6.89090235e+00  3.67085371e+00  1.44289301e+00
  3.87269664e-01  7.50786987e-02 -2.67838318e-05  0.00000000e+00
  0.00000000e+00]
6
data after
[22.539171504779482, 27.312383563253285, 24.4961798459664, 28.095338728574216, 28.817990837657455, 29.188070024097563, 28.659122349391726, 26.928813175938426, 23.43172389299609, 33.646232197074596, 23.117729532016277]
13
data,sig_tot
[22.5391715  27.31238356 24.49617985 28.09533873 28.81799084 29.18807002
 28.65912235 26.92881318 23.43172389 33.6462322  23.11772953 23.52987872
 42.3562057 ]
[22.5391715  27.31238356 24.49617985 28.09533873 28.81799084 29.18807002
 28.65912235 26.92881318 23.43172389 33.6462322  23.11772953 23.52987872
 42.3562057 ]
4.143406631538383 0.9379263877849953 62.628714831139256
val isze = 0
idinces = [ 3  7 11  6  8  2 12  5 10  1  0  4  9]
(1, 13)
(1, 0)
data before
[ 0.00000000e+00  0.00000000e+00  0.00000000e+00  0.00000000e+00
  0.00000000e+00  0.00000000e+00  0.00000000e+00  0.00000000e+00
  0.00000000e+00  0.00000000e+00  2.14524337e-05  6.62185480e-04
  2.03072433e-02  1.77939849e-01  4.78078310e-01  8.84117761e-01
  1.47125968e+00  2.38722646e+00  3.51072896e+00  5.42284882e+00
  8.18598079e+00  1.11980787e+01  1.61143049e+01  2.44961798e+01
  2.80953387e+01  2.88179908e+01  2.91880700e+01  2.86591223e+01
  2.69288132e+01  2.34317239e+01  1.90472371e+01  1.45989951e+01
  1.06507589e+01  6.89090235e+00  3.67085371e+00  1.44289301e+00
  3.87269664e-01  7.50786987e-02 -2.67838318e-05  0.00000000e+00
  0.00000000e+00]
6
data after
[22.539171504779482, 27.312383563253285, 24.4961798459664, 28.095338728574216, 28.817990837657455, 29.188070024097563, 28.659122349391726, 26.928813175938426, 23.43172389299609, 33.646232197074596, 23.117729532016277]
13
data,sig_tot
[22.5391715  27.31238356 24.49617985 28.09533873 28.81799084 29.18807002
 28.65912235 26.92881318 23.43172389 33.6462322  23.11772953 23.52987872
 42.3562057 ]
[22.5391715  27.31238356 24.49617985 28.09533873 28.81799084 29.18807002
 28.65912235 26.92881318 23.43172389 33.6462322  23.11772953 23.52987872
 42.3562057 ]
4.143406631538383 0.9379263877849953 62.628714831139256
val isze = 0
idinces = [ 3  7 11  6  8  2 12  5 10  1  0  4  9]
training loss = 29.36406135559082 500
training loss = 19.973270416259766 1000
training loss = 4.362771034240723 1500
training loss = 2.961793899536133 2000
training loss = 2.764786720275879 2500
training loss = 2.7202703952789307 3000
training loss = 2.6916580200195312 3500
training loss = 2.6553211212158203 4000
training loss = 2.604283332824707 4500
training loss = 2.5317800045013428 5000
training loss = 2.430140256881714 5500
training loss = 2.2942750453948975 6000
training loss = 2.129319906234741 6500
training loss = 1.9548075199127197 7000
reduced chi^2 level 2 = 1.9544663429260254
Constrained alpha: 3.7059381008148193
Constrained beta: 1.6930222511291504
Constrained gamma: 61.98419189453125
(1, 13)
(1, 0)
data before
[ 0.00000000e+00  0.00000000e+00  0.00000000e+00  0.00000000e+00
  0.00000000e+00  0.00000000e+00  0.00000000e+00  0.00000000e+00
  0.00000000e+00  0.00000000e+00  2.14524337e-05  6.62185480e-04
  2.03072433e-02  1.77939849e-01  4.78078310e-01  8.84117761e-01
  1.47125968e+00  2.38722646e+00  3.51072896e+00  5.42284882e+00
  8.18598079e+00  1.11980787e+01  1.61143049e+01  2.44961798e+01
  2.80953387e+01  2.88179908e+01  2.91880700e+01  2.86591223e+01
  2.69288132e+01  2.34317239e+01  1.90472371e+01  1.45989951e+01
  1.06507589e+01  6.89090235e+00  3.67085371e+00  1.44289301e+00
  3.87269664e-01  7.50786987e-02 -2.67838318e-05  0.00000000e+00
  0.00000000e+00]
6
data after
[22.539171504779482, 27.312383563253285, 24.4961798459664, 28.095338728574216, 28.817990837657455, 29.188070024097563, 28.659122349391726, 26.928813175938426, 23.43172389299609, 33.646232197074596, 23.117729532016277]
13
data,sig_tot
[22.5391715  27.31238356 24.49617985 28.09533873 28.81799084 29.18807002
 28.65912235 26.92881318 23.43172389 33.6462322  23.11772953 23.52987872
 42.3562057 ]
[22.5391715  27.31238356 24.49617985 28.09533873 28.81799084 29.18807002
 28.65912235 26.92881318 23.43172389 33.6462322  23.11772953 23.52987872
 42.3562057 ]
4.143406631538383 0.9379263877849953 62.628714831139256
val isze = 0
idinces = [ 3  7 11  6  8  2 12  5 10  1  0  4  9]
training loss = 6.486593723297119 500
training loss = 4.869657039642334 1000
training loss = 4.157445430755615 1500
training loss = 3.548247814178467 2000
training loss = 3.005051374435425 2500
training loss = 2.5955018997192383 3000
training loss = 2.3431878089904785 3500
training loss = 2.173564910888672 4000
training loss = 2.026202440261841 4500
training loss = 1.8934619426727295 5000
training loss = 1.7789263725280762 5500
training loss = 1.6840580701828003 6000
training loss = 1.608733057975769 6500
training loss = 1.5516963005065918 7000
reduced chi^2 level 2 = 1.5515987873077393
Constrained alpha: 3.7730329036712646
Constrained beta: 1.5225789546966553
Constrained gamma: 61.937156677246094
(1, 13)
(1, 0)
data before
[ 0.00000000e+00  0.00000000e+00  0.00000000e+00  0.00000000e+00
  0.00000000e+00  0.00000000e+00  0.00000000e+00  0.00000000e+00
  0.00000000e+00  0.00000000e+00  2.14524337e-05  6.62185480e-04
  2.03072433e-02  1.77939849e-01  4.78078310e-01  8.84117761e-01
  1.47125968e+00  2.38722646e+00  3.51072896e+00  5.42284882e+00
  8.18598079e+00  1.11980787e+01  1.61143049e+01  2.44961798e+01
  2.80953387e+01  2.88179908e+01  2.91880700e+01  2.86591223e+01
  2.69288132e+01  2.34317239e+01  1.90472371e+01  1.45989951e+01
  1.06507589e+01  6.89090235e+00  3.67085371e+00  1.44289301e+00
  3.87269664e-01  7.50786987e-02 -2.67838318e-05  0.00000000e+00
  0.00000000e+00]
6
data after
[22.539171504779482, 27.312383563253285, 24.4961798459664, 28.095338728574216, 28.817990837657455, 29.188070024097563, 28.659122349391726, 26.928813175938426, 23.43172389299609, 33.646232197074596, 23.117729532016277]
13
data,sig_tot
[22.5391715  27.31238356 24.49617985 28.09533873 28.81799084 29.18807002
 28.65912235 26.92881318 23.43172389 33.6462322  23.11772953 23.52987872
 42.3562057 ]
[22.5391715  27.31238356 24.49617985 28.09533873 28.81799084 29.18807002
 28.65912235 26.92881318 23.43172389 33.6462322  23.11772953 23.52987872
 42.3562057 ]
4.143406631538383 0.9379263877849953 62.628714831139256
val isze = 0
idinces = [ 3  7 11  6  8  2 12  5 10  1  0  4  9]
training loss = 19.886056900024414 500
training loss = 4.485227584838867 1000
training loss = 4.06199836730957 1500
training loss = 3.6458048820495605 2000
training loss = 3.17181396484375 2500
training loss = 2.6721463203430176 3000
training loss = 2.3113017082214355 3500
training loss = 2.156352996826172 4000
training loss = 2.0630977153778076 4500
training loss = 1.9694247245788574 5000
training loss = 1.8747581243515015 5500
training loss = 1.7834432125091553 6000
training loss = 1.6996923685073853 6500
training loss = 1.6273186206817627 7000
reduced chi^2 level 2 = 1.6271870136260986
Constrained alpha: 3.6922671794891357
Constrained beta: 1.5247453451156616
Constrained gamma: 62.01321029663086
(1, 13)
(1, 0)
data before
[ 0.00000000e+00  0.00000000e+00  0.00000000e+00  0.00000000e+00
  0.00000000e+00  0.00000000e+00  0.00000000e+00  0.00000000e+00
  0.00000000e+00  0.00000000e+00  2.14524337e-05  6.62185480e-04
  2.03072433e-02  1.77939849e-01  4.78078310e-01  8.84117761e-01
  1.47125968e+00  2.38722646e+00  3.51072896e+00  5.42284882e+00
  8.18598079e+00  1.11980787e+01  1.61143049e+01  2.44961798e+01
  2.80953387e+01  2.88179908e+01  2.91880700e+01  2.86591223e+01
  2.69288132e+01  2.34317239e+01  1.90472371e+01  1.45989951e+01
  1.06507589e+01  6.89090235e+00  3.67085371e+00  1.44289301e+00
  3.87269664e-01  7.50786987e-02 -2.67838318e-05  0.00000000e+00
  0.00000000e+00]
6
data after
[22.539171504779482, 27.312383563253285, 24.4961798459664, 28.095338728574216, 28.817990837657455, 29.188070024097563, 28.659122349391726, 26.928813175938426, 23.43172389299609, 33.646232197074596, 23.117729532016277]
13
data,sig_tot
[22.5391715  27.31238356 24.49617985 28.09533873 28.81799084 29.18807002
 28.65912235 26.92881318 23.43172389 33.6462322  23.11772953 23.52987872
 42.3562057 ]
[22.5391715  27.31238356 24.49617985 28.09533873 28.81799084 29.18807002
 28.65912235 26.92881318 23.43172389 33.6462322  23.11772953 23.52987872
 42.3562057 ]
4.143406631538383 0.9379263877849953 62.628714831139256
val isze = 0
idinces = [ 3  7 11  6  8  2 12  5 10  1  0  4  9]
training loss = 5.816008567810059 500
training loss = 3.9043374061584473 1000
training loss = 3.738091230392456 1500
training loss = 3.5682313442230225 2000
training loss = 3.3614089488983154 2500
training loss = 3.1167569160461426 3000
training loss = 2.8448376655578613 3500
training loss = 2.5847115516662598 4000
training loss = 2.396529197692871 4500
training loss = 2.292743682861328 5000
training loss = 2.220227003097534 5500
training loss = 2.1426451206207275 6000
training loss = 2.055852174758911 6500
training loss = 1.9634101390838623 7000
reduced chi^2 level 2 = 1.9632216691970825
Constrained alpha: 3.6325910091400146
Constrained beta: 1.4922630786895752
Constrained gamma: 62.00318908691406
(1, 13)
(1, 0)
data before
[ 0.00000000e+00  0.00000000e+00  0.00000000e+00  0.00000000e+00
  0.00000000e+00  0.00000000e+00  0.00000000e+00  0.00000000e+00
  0.00000000e+00  0.00000000e+00  2.14524337e-05  6.62185480e-04
  2.03072433e-02  1.77939849e-01  4.78078310e-01  8.84117761e-01
  1.47125968e+00  2.38722646e+00  3.51072896e+00  5.42284882e+00
  8.18598079e+00  1.11980787e+01  1.61143049e+01  2.44961798e+01
  2.80953387e+01  2.88179908e+01  2.91880700e+01  2.86591223e+01
  2.69288132e+01  2.34317239e+01  1.90472371e+01  1.45989951e+01
  1.06507589e+01  6.89090235e+00  3.67085371e+00  1.44289301e+00
  3.87269664e-01  7.50786987e-02 -2.67838318e-05  0.00000000e+00
  0.00000000e+00]
6
data after
[22.539171504779482, 27.312383563253285, 24.4961798459664, 28.095338728574216, 28.817990837657455, 29.188070024097563, 28.659122349391726, 26.928813175938426, 23.43172389299609, 33.646232197074596, 23.117729532016277]
13
data,sig_tot
[22.5391715  27.31238356 24.49617985 28.09533873 28.81799084 29.18807002
 28.65912235 26.92881318 23.43172389 33.6462322  23.11772953 23.52987872
 42.3562057 ]
[22.5391715  27.31238356 24.49617985 28.09533873 28.81799084 29.18807002
 28.65912235 26.92881318 23.43172389 33.6462322  23.11772953 23.52987872
 42.3562057 ]
4.143406631538383 0.9379263877849953 62.628714831139256
val isze = 0
idinces = [ 3  7 11  6  8  2 12  5 10  1  0  4  9]
training loss = 4.346014499664307 500
training loss = 4.000295162200928 1000
training loss = 3.6618661880493164 1500
training loss = 3.3740200996398926 2000
training loss = 3.1014821529388428 2500
training loss = 2.8478710651397705 3000
training loss = 2.654712438583374 3500
training loss = 2.543531894683838 4000
training loss = 2.4854190349578857 4500
training loss = 2.438192129135132 5000
training loss = 2.3809075355529785 5500
training loss = 2.306816339492798 6000
training loss = 2.213601589202881 6500
training loss = 2.101938009262085 7000
reduced chi^2 level 2 = 2.101698160171509
Constrained alpha: 3.6723573207855225
Constrained beta: 1.5674933195114136
Constrained gamma: 62.00931167602539
(1, 13)
(1, 0)
data before
[ 0.00000000e+00  0.00000000e+00  0.00000000e+00  0.00000000e+00
  0.00000000e+00  0.00000000e+00  0.00000000e+00  0.00000000e+00
  0.00000000e+00  0.00000000e+00  2.14524337e-05  6.62185480e-04
  2.03072433e-02  1.77939849e-01  4.78078310e-01  8.84117761e-01
  1.47125968e+00  2.38722646e+00  3.51072896e+00  5.42284882e+00
  8.18598079e+00  1.11980787e+01  1.61143049e+01  2.44961798e+01
  2.80953387e+01  2.88179908e+01  2.91880700e+01  2.86591223e+01
  2.69288132e+01  2.34317239e+01  1.90472371e+01  1.45989951e+01
  1.06507589e+01  6.89090235e+00  3.67085371e+00  1.44289301e+00
  3.87269664e-01  7.50786987e-02 -2.67838318e-05  0.00000000e+00
  0.00000000e+00]
6
data after
[22.539171504779482, 27.312383563253285, 24.4961798459664, 28.095338728574216, 28.817990837657455, 29.188070024097563, 28.659122349391726, 26.928813175938426, 23.43172389299609, 33.646232197074596, 23.117729532016277]
13
data,sig_tot
[22.5391715  27.31238356 24.49617985 28.09533873 28.81799084 29.18807002
 28.65912235 26.92881318 23.43172389 33.6462322  23.11772953 23.52987872
 42.3562057 ]
[22.5391715  27.31238356 24.49617985 28.09533873 28.81799084 29.18807002
 28.65912235 26.92881318 23.43172389 33.6462322  23.11772953 23.52987872
 42.3562057 ]
4.143406631538383 0.9379263877849953 62.628714831139256
val isze = 0
idinces = [ 3  7 11  6  8  2 12  5 10  1  0  4  9]
training loss = 17.92102813720703 500
training loss = 7.336389064788818 1000
training loss = 4.1009202003479 1500
training loss = 3.156790256500244 2000
training loss = 2.787544012069702 2500
training loss = 2.6482765674591064 3000
training loss = 2.5798985958099365 3500
training loss = 2.515261173248291 4000
training loss = 2.4320943355560303 4500
training loss = 2.3243470191955566 5000
training loss = 2.194760799407959 5500
training loss = 2.053485155105591 6000
training loss = 1.9128695726394653 6500
training loss = 1.7823983430862427 7000
reduced chi^2 level 2 = 1.7821520566940308
Constrained alpha: 3.7281064987182617
Constrained beta: 1.636607050895691
Constrained gamma: 61.99696350097656
(1, 13)
(1, 0)
data before
[ 0.00000000e+00  0.00000000e+00  0.00000000e+00  0.00000000e+00
  0.00000000e+00  0.00000000e+00  0.00000000e+00  0.00000000e+00
  0.00000000e+00  0.00000000e+00  2.14524337e-05  6.62185480e-04
  2.03072433e-02  1.77939849e-01  4.78078310e-01  8.84117761e-01
  1.47125968e+00  2.38722646e+00  3.51072896e+00  5.42284882e+00
  8.18598079e+00  1.11980787e+01  1.61143049e+01  2.44961798e+01
  2.80953387e+01  2.88179908e+01  2.91880700e+01  2.86591223e+01
  2.69288132e+01  2.34317239e+01  1.90472371e+01  1.45989951e+01
  1.06507589e+01  6.89090235e+00  3.67085371e+00  1.44289301e+00
  3.87269664e-01  7.50786987e-02 -2.67838318e-05  0.00000000e+00
  0.00000000e+00]
6
data after
[22.539171504779482, 27.312383563253285, 24.4961798459664, 28.095338728574216, 28.817990837657455, 29.188070024097563, 28.659122349391726, 26.928813175938426, 23.43172389299609, 33.646232197074596, 23.117729532016277]
13
data,sig_tot
[22.5391715  27.31238356 24.49617985 28.09533873 28.81799084 29.18807002
 28.65912235 26.92881318 23.43172389 33.6462322  23.11772953 23.52987872
 42.3562057 ]
[22.5391715  27.31238356 24.49617985 28.09533873 28.81799084 29.18807002
 28.65912235 26.92881318 23.43172389 33.6462322  23.11772953 23.52987872
 42.3562057 ]
4.143406631538383 0.9379263877849953 62.628714831139256
val isze = 0
idinces = [ 3  7 11  6  8  2 12  5 10  1  0  4  9]
training loss = 6.365928649902344 500
training loss = 4.580472946166992 1000
training loss = 3.731335163116455 1500
training loss = 3.1516358852386475 2000
training loss = 2.7692270278930664 2500
training loss = 2.5517945289611816 3000
training loss = 2.4365782737731934 3500
training loss = 2.3464481830596924 4000
training loss = 2.2435672283172607 4500
training loss = 2.1265106201171875 5000
training loss = 2.003802537918091 5500
training loss = 1.883476972579956 6000
training loss = 1.7729055881500244 6500
training loss = 1.6780112981796265 7000
reduced chi^2 level 2 = 1.677838921546936
Constrained alpha: 3.6999576091766357
Constrained beta: 1.556156039237976
Constrained gamma: 62.03398895263672
(1, 13)
(1, 0)
data before
[ 0.00000000e+00  0.00000000e+00  0.00000000e+00  0.00000000e+00
  0.00000000e+00  0.00000000e+00  0.00000000e+00  0.00000000e+00
  0.00000000e+00  0.00000000e+00  2.14524337e-05  6.62185480e-04
  2.03072433e-02  1.77939849e-01  4.78078310e-01  8.84117761e-01
  1.47125968e+00  2.38722646e+00  3.51072896e+00  5.42284882e+00
  8.18598079e+00  1.11980787e+01  1.61143049e+01  2.44961798e+01
  2.80953387e+01  2.88179908e+01  2.91880700e+01  2.86591223e+01
  2.69288132e+01  2.34317239e+01  1.90472371e+01  1.45989951e+01
  1.06507589e+01  6.89090235e+00  3.67085371e+00  1.44289301e+00
  3.87269664e-01  7.50786987e-02 -2.67838318e-05  0.00000000e+00
  0.00000000e+00]
6
data after
[22.539171504779482, 27.312383563253285, 24.4961798459664, 28.095338728574216, 28.817990837657455, 29.188070024097563, 28.659122349391726, 26.928813175938426, 23.43172389299609, 33.646232197074596, 23.117729532016277]
13
data,sig_tot
[22.5391715  27.31238356 24.49617985 28.09533873 28.81799084 29.18807002
 28.65912235 26.92881318 23.43172389 33.6462322  23.11772953 23.52987872
 42.3562057 ]
[22.5391715  27.31238356 24.49617985 28.09533873 28.81799084 29.18807002
 28.65912235 26.92881318 23.43172389 33.6462322  23.11772953 23.52987872
 42.3562057 ]
4.143406631538383 0.9379263877849953 62.628714831139256
val isze = 0
idinces = [ 3  7 11  6  8  2 12  5 10  1  0  4  9]
(1, 13)
(1, 0)
data before
[ 0.00000000e+00  0.00000000e+00  0.00000000e+00  0.00000000e+00
  0.00000000e+00  0.00000000e+00  0.00000000e+00  0.00000000e+00
  0.00000000e+00  0.00000000e+00  2.14524337e-05  6.62185480e-04
  2.03072433e-02  1.77939849e-01  4.78078310e-01  8.84117761e-01
  1.47125968e+00  2.38722646e+00  3.51072896e+00  5.42284882e+00
  8.18598079e+00  1.11980787e+01  1.61143049e+01  2.44961798e+01
  2.80953387e+01  2.88179908e+01  2.91880700e+01  2.86591223e+01
  2.69288132e+01  2.34317239e+01  1.90472371e+01  1.45989951e+01
  1.06507589e+01  6.89090235e+00  3.67085371e+00  1.44289301e+00
  3.87269664e-01  7.50786987e-02 -2.67838318e-05  0.00000000e+00
  0.00000000e+00]
6
data after
[22.539171504779482, 27.312383563253285, 24.4961798459664, 28.095338728574216, 28.817990837657455, 29.188070024097563, 28.659122349391726, 26.928813175938426, 23.43172389299609, 33.646232197074596, 23.117729532016277]
13
data,sig_tot
[22.5391715  27.31238356 24.49617985 28.09533873 28.81799084 29.18807002
 28.65912235 26.92881318 23.43172389 33.6462322  23.11772953 23.52987872
 42.3562057 ]
[22.5391715  27.31238356 24.49617985 28.09533873 28.81799084 29.18807002
 28.65912235 26.92881318 23.43172389 33.6462322  23.11772953 23.52987872
 42.3562057 ]
4.143406631538383 0.9379263877849953 62.628714831139256
val isze = 0
idinces = [ 3  7 11  6  8  2 12  5 10  1  0  4  9]
training loss = 105.1074447631836 500
training loss = 13.847932815551758 1000
training loss = 5.743551254272461 1500
training loss = 3.171299695968628 2000
training loss = 2.616384744644165 2500
training loss = 2.5099382400512695 3000
training loss = 2.474965810775757 3500
training loss = 2.4441957473754883 4000
training loss = 2.4083943367004395 4500
training loss = 2.366487979888916 5000
training loss = 2.318288564682007 5500
training loss = 2.2641398906707764 6000
training loss = 2.205448627471924 6500
training loss = 2.1451613903045654 7000
reduced chi^2 level 2 = 2.1450419425964355
Constrained alpha: 3.40291690826416
Constrained beta: 1.6784214973449707
Constrained gamma: 61.79738998413086
(1, 13)
(1, 0)
data before
[ 0.00000000e+00  0.00000000e+00  0.00000000e+00  0.00000000e+00
  0.00000000e+00  0.00000000e+00  0.00000000e+00  0.00000000e+00
  0.00000000e+00  0.00000000e+00  2.14524337e-05  6.62185480e-04
  2.03072433e-02  1.77939849e-01  4.78078310e-01  8.84117761e-01
  1.47125968e+00  2.38722646e+00  3.51072896e+00  5.42284882e+00
  8.18598079e+00  1.11980787e+01  1.61143049e+01  2.44961798e+01
  2.80953387e+01  2.88179908e+01  2.91880700e+01  2.86591223e+01
  2.69288132e+01  2.34317239e+01  1.90472371e+01  1.45989951e+01
  1.06507589e+01  6.89090235e+00  3.67085371e+00  1.44289301e+00
  3.87269664e-01  7.50786987e-02 -2.67838318e-05  0.00000000e+00
  0.00000000e+00]
6
data after
[22.539171504779482, 27.312383563253285, 24.4961798459664, 28.095338728574216, 28.817990837657455, 29.188070024097563, 28.659122349391726, 26.928813175938426, 23.43172389299609, 33.646232197074596, 23.117729532016277]
13
data,sig_tot
[22.5391715  27.31238356 24.49617985 28.09533873 28.81799084 29.18807002
 28.65912235 26.92881318 23.43172389 33.6462322  23.11772953 23.52987872
 42.3562057 ]
[22.5391715  27.31238356 24.49617985 28.09533873 28.81799084 29.18807002
 28.65912235 26.92881318 23.43172389 33.6462322  23.11772953 23.52987872
 42.3562057 ]
4.143406631538383 0.9379263877849953 62.628714831139256
val isze = 0
idinces = [ 3  7 11  6  8  2 12  5 10  1  0  4  9]
training loss = 6.855971336364746 500
training loss = 4.979214668273926 1000
training loss = 4.24118709564209 1500
training loss = 3.753188133239746 2000
training loss = 3.334834337234497 2500
training loss = 2.959298849105835 3000
training loss = 2.6730940341949463 3500
training loss = 2.5200564861297607 4000
training loss = 2.447899580001831 4500
training loss = 2.3841917514801025 5000
training loss = 2.3048129081726074 5500
training loss = 2.2079250812530518 6000
training loss = 2.09660267829895 6500
training loss = 1.9762470722198486 7000
reduced chi^2 level 2 = 1.976002812385559
Constrained alpha: 3.657010793685913
Constrained beta: 1.555566668510437
Constrained gamma: 61.997215270996094
(1, 13)
(1, 0)
data before
[ 0.00000000e+00  0.00000000e+00  0.00000000e+00  0.00000000e+00
  0.00000000e+00  0.00000000e+00  0.00000000e+00  0.00000000e+00
  0.00000000e+00  0.00000000e+00  2.14524337e-05  6.62185480e-04
  2.03072433e-02  1.77939849e-01  4.78078310e-01  8.84117761e-01
  1.47125968e+00  2.38722646e+00  3.51072896e+00  5.42284882e+00
  8.18598079e+00  1.11980787e+01  1.61143049e+01  2.44961798e+01
  2.80953387e+01  2.88179908e+01  2.91880700e+01  2.86591223e+01
  2.69288132e+01  2.34317239e+01  1.90472371e+01  1.45989951e+01
  1.06507589e+01  6.89090235e+00  3.67085371e+00  1.44289301e+00
  3.87269664e-01  7.50786987e-02 -2.67838318e-05  0.00000000e+00
  0.00000000e+00]
6
data after
[22.539171504779482, 27.312383563253285, 24.4961798459664, 28.095338728574216, 28.817990837657455, 29.188070024097563, 28.659122349391726, 26.928813175938426, 23.43172389299609, 33.646232197074596, 23.117729532016277]
13
data,sig_tot
[22.5391715  27.31238356 24.49617985 28.09533873 28.81799084 29.18807002
 28.65912235 26.92881318 23.43172389 33.6462322  23.11772953 23.52987872
 42.3562057 ]
[22.5391715  27.31238356 24.49617985 28.09533873 28.81799084 29.18807002
 28.65912235 26.92881318 23.43172389 33.6462322  23.11772953 23.52987872
 42.3562057 ]
4.143406631538383 0.9379263877849953 62.628714831139256
val isze = 0
idinces = [ 3  7 11  6  8  2 12  5 10  1  0  4  9]
training loss = 5.9064555168151855 500
training loss = 4.673554420471191 1000
training loss = 4.356374740600586 1500
training loss = 4.079639911651611 2000
training loss = 3.6312856674194336 2500
training loss = 2.897157669067383 3000
training loss = 2.548874616622925 3500
training loss = 2.3984482288360596 4000
training loss = 2.2214324474334717 4500
training loss = 2.0216448307037354 5000
training loss = 1.8323876857757568 5500
training loss = 1.6861975193023682 6000
training loss = 1.5717110633850098 6500
training loss = 1.4871035814285278 7000
reduced chi^2 level 2 = 1.4869734048843384
Constrained alpha: 3.7297251224517822
Constrained beta: 1.4410080909729004
Constrained gamma: 62.036376953125
(1, 13)
(1, 0)
data before
[ 0.00000000e+00  0.00000000e+00  0.00000000e+00  0.00000000e+00
  0.00000000e+00  0.00000000e+00  0.00000000e+00  0.00000000e+00
  0.00000000e+00  0.00000000e+00  2.14524337e-05  6.62185480e-04
  2.03072433e-02  1.77939849e-01  4.78078310e-01  8.84117761e-01
  1.47125968e+00  2.38722646e+00  3.51072896e+00  5.42284882e+00
  8.18598079e+00  1.11980787e+01  1.61143049e+01  2.44961798e+01
  2.80953387e+01  2.88179908e+01  2.91880700e+01  2.86591223e+01
  2.69288132e+01  2.34317239e+01  1.90472371e+01  1.45989951e+01
  1.06507589e+01  6.89090235e+00  3.67085371e+00  1.44289301e+00
  3.87269664e-01  7.50786987e-02 -2.67838318e-05  0.00000000e+00
  0.00000000e+00]
6
data after
[22.539171504779482, 27.312383563253285, 24.4961798459664, 28.095338728574216, 28.817990837657455, 29.188070024097563, 28.659122349391726, 26.928813175938426, 23.43172389299609, 33.646232197074596, 23.117729532016277]
13
data,sig_tot
[22.5391715  27.31238356 24.49617985 28.09533873 28.81799084 29.18807002
 28.65912235 26.92881318 23.43172389 33.6462322  23.11772953 23.52987872
 42.3562057 ]
[22.5391715  27.31238356 24.49617985 28.09533873 28.81799084 29.18807002
 28.65912235 26.92881318 23.43172389 33.6462322  23.11772953 23.52987872
 42.3562057 ]
4.143406631538383 0.9379263877849953 62.628714831139256
val isze = 0
idinces = [ 3  7 11  6  8  2 12  5 10  1  0  4  9]
training loss = 14.930091857910156 500
training loss = 4.919938564300537 1000
training loss = 3.5767877101898193 1500
training loss = 3.177903890609741 2000
training loss = 2.873565673828125 2500
training loss = 2.6463611125946045 3000
training loss = 2.500607490539551 3500
training loss = 2.412200927734375 4000
training loss = 2.343433141708374 4500
training loss = 2.26894474029541 5000
training loss = 2.180668354034424 5500
training loss = 2.0795369148254395 6000
training loss = 1.9699311256408691 6500
training loss = 1.857926368713379 7000
reduced chi^2 level 2 = 1.8577048778533936
Constrained alpha: 3.7098464965820312
Constrained beta: 1.5826416015625
Constrained gamma: 62.01650619506836
(1, 13)
(1, 0)
data before
[ 0.00000000e+00  0.00000000e+00  0.00000000e+00  0.00000000e+00
  0.00000000e+00  0.00000000e+00  0.00000000e+00  0.00000000e+00
  0.00000000e+00  0.00000000e+00  2.14524337e-05  6.62185480e-04
  2.03072433e-02  1.77939849e-01  4.78078310e-01  8.84117761e-01
  1.47125968e+00  2.38722646e+00  3.51072896e+00  5.42284882e+00
  8.18598079e+00  1.11980787e+01  1.61143049e+01  2.44961798e+01
  2.80953387e+01  2.88179908e+01  2.91880700e+01  2.86591223e+01
  2.69288132e+01  2.34317239e+01  1.90472371e+01  1.45989951e+01
  1.06507589e+01  6.89090235e+00  3.67085371e+00  1.44289301e+00
  3.87269664e-01  7.50786987e-02 -2.67838318e-05  0.00000000e+00
  0.00000000e+00]
6
data after
[22.539171504779482, 27.312383563253285, 24.4961798459664, 28.095338728574216, 28.817990837657455, 29.188070024097563, 28.659122349391726, 26.928813175938426, 23.43172389299609, 33.646232197074596, 23.117729532016277]
13
data,sig_tot
[22.5391715  27.31238356 24.49617985 28.09533873 28.81799084 29.18807002
 28.65912235 26.92881318 23.43172389 33.6462322  23.11772953 23.52987872
 42.3562057 ]
[22.5391715  27.31238356 24.49617985 28.09533873 28.81799084 29.18807002
 28.65912235 26.92881318 23.43172389 33.6462322  23.11772953 23.52987872
 42.3562057 ]
4.143406631538383 0.9379263877849953 62.628714831139256
val isze = 0
idinces = [ 3  7 11  6  8  2 12  5 10  1  0  4  9]
training loss = 5.021289825439453 500
training loss = 4.0299296379089355 1000
training loss = 3.5218663215637207 1500
training loss = 3.0304081439971924 2000
training loss = 2.609865188598633 2500
training loss = 2.3881454467773438 3000
training loss = 2.2710299491882324 3500
training loss = 2.1551311016082764 4000
training loss = 2.0292608737945557 4500
training loss = 1.8994114398956299 5000
training loss = 1.7693134546279907 5500
training loss = 1.6420094966888428 6000
training loss = 1.5285502672195435 6500
training loss = 1.4553148746490479 7000
reduced chi^2 level 2 = 1.455222249031067
Constrained alpha: 3.688593864440918
Constrained beta: 1.5777251720428467
Constrained gamma: 61.875244140625
(1, 13)
(1, 0)
data before
[ 0.00000000e+00  0.00000000e+00  0.00000000e+00  0.00000000e+00
  0.00000000e+00  0.00000000e+00  0.00000000e+00  0.00000000e+00
  0.00000000e+00  0.00000000e+00  2.14524337e-05  6.62185480e-04
  2.03072433e-02  1.77939849e-01  4.78078310e-01  8.84117761e-01
  1.47125968e+00  2.38722646e+00  3.51072896e+00  5.42284882e+00
  8.18598079e+00  1.11980787e+01  1.61143049e+01  2.44961798e+01
  2.80953387e+01  2.88179908e+01  2.91880700e+01  2.86591223e+01
  2.69288132e+01  2.34317239e+01  1.90472371e+01  1.45989951e+01
  1.06507589e+01  6.89090235e+00  3.67085371e+00  1.44289301e+00
  3.87269664e-01  7.50786987e-02 -2.67838318e-05  0.00000000e+00
  0.00000000e+00]
6
data after
[22.539171504779482, 27.312383563253285, 24.4961798459664, 28.095338728574216, 28.817990837657455, 29.188070024097563, 28.659122349391726, 26.928813175938426, 23.43172389299609, 33.646232197074596, 23.117729532016277]
13
data,sig_tot
[22.5391715  27.31238356 24.49617985 28.09533873 28.81799084 29.18807002
 28.65912235 26.92881318 23.43172389 33.6462322  23.11772953 23.52987872
 42.3562057 ]
[22.5391715  27.31238356 24.49617985 28.09533873 28.81799084 29.18807002
 28.65912235 26.92881318 23.43172389 33.6462322  23.11772953 23.52987872
 42.3562057 ]
4.143406631538383 0.9379263877849953 62.628714831139256
val isze = 0
idinces = [ 3  7 11  6  8  2 12  5 10  1  0  4  9]
training loss = 9.223830223083496 500
training loss = 5.451336860656738 1000
training loss = 4.235379695892334 1500
training loss = 3.659930467605591 2000
training loss = 3.2428066730499268 2500
training loss = 2.902674913406372 3000
training loss = 2.6452438831329346 3500
training loss = 2.4766154289245605 4000
training loss = 2.3630521297454834 4500
training loss = 2.258908987045288 5000
training loss = 2.1472184658050537 5500
training loss = 2.0314178466796875 6000
training loss = 1.9177769422531128 6500
training loss = 1.811397910118103 7000
reduced chi^2 level 2 = 1.8111954927444458
Constrained alpha: 3.6951513290405273
Constrained beta: 1.509369134902954
Constrained gamma: 62.00516891479492
(1, 13)
(1, 0)
data before
[ 0.00000000e+00  0.00000000e+00  0.00000000e+00  0.00000000e+00
  0.00000000e+00  0.00000000e+00  0.00000000e+00  0.00000000e+00
  0.00000000e+00  0.00000000e+00  2.14524337e-05  6.62185480e-04
  2.03072433e-02  1.77939849e-01  4.78078310e-01  8.84117761e-01
  1.47125968e+00  2.38722646e+00  3.51072896e+00  5.42284882e+00
  8.18598079e+00  1.11980787e+01  1.61143049e+01  2.44961798e+01
  2.80953387e+01  2.88179908e+01  2.91880700e+01  2.86591223e+01
  2.69288132e+01  2.34317239e+01  1.90472371e+01  1.45989951e+01
  1.06507589e+01  6.89090235e+00  3.67085371e+00  1.44289301e+00
  3.87269664e-01  7.50786987e-02 -2.67838318e-05  0.00000000e+00
  0.00000000e+00]
6
data after
[22.539171504779482, 27.312383563253285, 24.4961798459664, 28.095338728574216, 28.817990837657455, 29.188070024097563, 28.659122349391726, 26.928813175938426, 23.43172389299609, 33.646232197074596, 23.117729532016277]
13
data,sig_tot
[22.5391715  27.31238356 24.49617985 28.09533873 28.81799084 29.18807002
 28.65912235 26.92881318 23.43172389 33.6462322  23.11772953 23.52987872
 42.3562057 ]
[22.5391715  27.31238356 24.49617985 28.09533873 28.81799084 29.18807002
 28.65912235 26.92881318 23.43172389 33.6462322  23.11772953 23.52987872
 42.3562057 ]
4.143406631538383 0.9379263877849953 62.628714831139256
val isze = 0
idinces = [ 3  7 11  6  8  2 12  5 10  1  0  4  9]
training loss = 14.712065696716309 500
training loss = 5.969410419464111 1000
training loss = 4.561953067779541 1500
training loss = 4.23853063583374 2000
training loss = 3.9642648696899414 2500
training loss = 3.584989309310913 3000
training loss = 3.0143423080444336 3500
training loss = 2.4502832889556885 4000
training loss = 2.242955207824707 4500
training loss = 2.102294445037842 5000
training loss = 1.96880042552948 5500
training loss = 1.8469547033309937 6000
training loss = 1.7408915758132935 6500
training loss = 1.6534746885299683 7000
reduced chi^2 level 2 = 1.6533193588256836
Constrained alpha: 3.711804151535034
Constrained beta: 1.51344633102417
Constrained gamma: 61.930389404296875
(1, 13)
(1, 0)
data before
[ 0.00000000e+00  0.00000000e+00  0.00000000e+00  0.00000000e+00
  0.00000000e+00  0.00000000e+00  0.00000000e+00  0.00000000e+00
  0.00000000e+00  0.00000000e+00  2.14524337e-05  6.62185480e-04
  2.03072433e-02  1.77939849e-01  4.78078310e-01  8.84117761e-01
  1.47125968e+00  2.38722646e+00  3.51072896e+00  5.42284882e+00
  8.18598079e+00  1.11980787e+01  1.61143049e+01  2.44961798e+01
  2.80953387e+01  2.88179908e+01  2.91880700e+01  2.86591223e+01
  2.69288132e+01  2.34317239e+01  1.90472371e+01  1.45989951e+01
  1.06507589e+01  6.89090235e+00  3.67085371e+00  1.44289301e+00
  3.87269664e-01  7.50786987e-02 -2.67838318e-05  0.00000000e+00
  0.00000000e+00]
6
data after
[22.539171504779482, 27.312383563253285, 24.4961798459664, 28.095338728574216, 28.817990837657455, 29.188070024097563, 28.659122349391726, 26.928813175938426, 23.43172389299609, 33.646232197074596, 23.117729532016277]
13
data,sig_tot
[22.5391715  27.31238356 24.49617985 28.09533873 28.81799084 29.18807002
 28.65912235 26.92881318 23.43172389 33.6462322  23.11772953 23.52987872
 42.3562057 ]
[22.5391715  27.31238356 24.49617985 28.09533873 28.81799084 29.18807002
 28.65912235 26.92881318 23.43172389 33.6462322  23.11772953 23.52987872
 42.3562057 ]
4.143406631538383 0.9379263877849953 62.628714831139256
val isze = 0
idinces = [ 3  7 11  6  8  2 12  5 10  1  0  4  9]
(1, 13)
(1, 0)
data before
[ 0.00000000e+00  0.00000000e+00  0.00000000e+00  0.00000000e+00
  0.00000000e+00  0.00000000e+00  0.00000000e+00  0.00000000e+00
  0.00000000e+00  0.00000000e+00  2.14524337e-05  6.62185480e-04
  2.03072433e-02  1.77939849e-01  4.78078310e-01  8.84117761e-01
  1.47125968e+00  2.38722646e+00  3.51072896e+00  5.42284882e+00
  8.18598079e+00  1.11980787e+01  1.61143049e+01  2.44961798e+01
  2.80953387e+01  2.88179908e+01  2.91880700e+01  2.86591223e+01
  2.69288132e+01  2.34317239e+01  1.90472371e+01  1.45989951e+01
  1.06507589e+01  6.89090235e+00  3.67085371e+00  1.44289301e+00
  3.87269664e-01  7.50786987e-02 -2.67838318e-05  0.00000000e+00
  0.00000000e+00]
6
data after
[22.539171504779482, 27.312383563253285, 24.4961798459664, 28.095338728574216, 28.817990837657455, 29.188070024097563, 28.659122349391726, 26.928813175938426, 23.43172389299609, 33.646232197074596, 23.117729532016277]
13
data,sig_tot
[22.5391715  27.31238356 24.49617985 28.09533873 28.81799084 29.18807002
 28.65912235 26.92881318 23.43172389 33.6462322  23.11772953 23.52987872
 42.3562057 ]
[22.5391715  27.31238356 24.49617985 28.09533873 28.81799084 29.18807002
 28.65912235 26.92881318 23.43172389 33.6462322  23.11772953 23.52987872
 42.3562057 ]
4.143406631538383 0.9379263877849953 62.628714831139256
val isze = 0
idinces = [ 3  7 11  6  8  2 12  5 10  1  0  4  9]
training loss = 8.311354637145996 500
training loss = 3.502699375152588 1000
training loss = 3.430509328842163 1500
training loss = 3.3628456592559814 2000
training loss = 3.2799196243286133 2500
training loss = 3.1814401149749756 3000
training loss = 3.0672097206115723 3500
training loss = 2.937723159790039 4000
training loss = 2.7955737113952637 4500
training loss = 2.6479554176330566 5000
training loss = 2.5092923641204834 5500
training loss = 2.397961139678955 6000
training loss = 2.3202357292175293 6500
training loss = 2.2589688301086426 7000
reduced chi^2 level 2 = 2.2588460445404053
Constrained alpha: 3.548006057739258
Constrained beta: 1.4109649658203125
Constrained gamma: 61.92537307739258
(1, 13)
(1, 0)
data before
[ 0.00000000e+00  0.00000000e+00  0.00000000e+00  0.00000000e+00
  0.00000000e+00  0.00000000e+00  0.00000000e+00  0.00000000e+00
  0.00000000e+00  0.00000000e+00  2.14524337e-05  6.62185480e-04
  2.03072433e-02  1.77939849e-01  4.78078310e-01  8.84117761e-01
  1.47125968e+00  2.38722646e+00  3.51072896e+00  5.42284882e+00
  8.18598079e+00  1.11980787e+01  1.61143049e+01  2.44961798e+01
  2.80953387e+01  2.88179908e+01  2.91880700e+01  2.86591223e+01
  2.69288132e+01  2.34317239e+01  1.90472371e+01  1.45989951e+01
  1.06507589e+01  6.89090235e+00  3.67085371e+00  1.44289301e+00
  3.87269664e-01  7.50786987e-02 -2.67838318e-05  0.00000000e+00
  0.00000000e+00]
6
data after
[22.539171504779482, 27.312383563253285, 24.4961798459664, 28.095338728574216, 28.817990837657455, 29.188070024097563, 28.659122349391726, 26.928813175938426, 23.43172389299609, 33.646232197074596, 23.117729532016277]
13
data,sig_tot
[22.5391715  27.31238356 24.49617985 28.09533873 28.81799084 29.18807002
 28.65912235 26.92881318 23.43172389 33.6462322  23.11772953 23.52987872
 42.3562057 ]
[22.5391715  27.31238356 24.49617985 28.09533873 28.81799084 29.18807002
 28.65912235 26.92881318 23.43172389 33.6462322  23.11772953 23.52987872
 42.3562057 ]
4.143406631538383 0.9379263877849953 62.628714831139256
val isze = 0
idinces = [ 3  7 11  6  8  2 12  5 10  1  0  4  9]
training loss = 4.99041748046875 500
training loss = 4.470131874084473 1000
training loss = 3.966775417327881 1500
training loss = 3.4993746280670166 2000
training loss = 3.0701608657836914 2500
training loss = 2.7142064571380615 3000
training loss = 2.4877727031707764 3500
training loss = 2.3691208362579346 4000
training loss = 2.2773234844207764 4500
training loss = 2.178307056427002 5000
training loss = 2.071566104888916 5500
training loss = 1.9615150690078735 6000
training loss = 1.8538683652877808 6500
training loss = 1.7553085088729858 7000
reduced chi^2 level 2 = 1.7551237344741821
Constrained alpha: 3.717240333557129
Constrained beta: 1.5046281814575195
Constrained gamma: 62.072731018066406
(1, 13)
(1, 0)
data before
[ 0.00000000e+00  0.00000000e+00  0.00000000e+00  0.00000000e+00
  0.00000000e+00  0.00000000e+00  0.00000000e+00  0.00000000e+00
  0.00000000e+00  0.00000000e+00  2.14524337e-05  6.62185480e-04
  2.03072433e-02  1.77939849e-01  4.78078310e-01  8.84117761e-01
  1.47125968e+00  2.38722646e+00  3.51072896e+00  5.42284882e+00
  8.18598079e+00  1.11980787e+01  1.61143049e+01  2.44961798e+01
  2.80953387e+01  2.88179908e+01  2.91880700e+01  2.86591223e+01
  2.69288132e+01  2.34317239e+01  1.90472371e+01  1.45989951e+01
  1.06507589e+01  6.89090235e+00  3.67085371e+00  1.44289301e+00
  3.87269664e-01  7.50786987e-02 -2.67838318e-05  0.00000000e+00
  0.00000000e+00]
6
data after
[22.539171504779482, 27.312383563253285, 24.4961798459664, 28.095338728574216, 28.817990837657455, 29.188070024097563, 28.659122349391726, 26.928813175938426, 23.43172389299609, 33.646232197074596, 23.117729532016277]
13
data,sig_tot
[22.5391715  27.31238356 24.49617985 28.09533873 28.81799084 29.18807002
 28.65912235 26.92881318 23.43172389 33.6462322  23.11772953 23.52987872
 42.3562057 ]
[22.5391715  27.31238356 24.49617985 28.09533873 28.81799084 29.18807002
 28.65912235 26.92881318 23.43172389 33.6462322  23.11772953 23.52987872
 42.3562057 ]
4.143406631538383 0.9379263877849953 62.628714831139256
val isze = 0
idinces = [ 3  7 11  6  8  2 12  5 10  1  0  4  9]
training loss = 16.646469116210938 500
training loss = 7.390204429626465 1000
training loss = 4.111836910247803 1500
training loss = 3.4178855419158936 2000
training loss = 2.9744997024536133 2500
training loss = 2.5280110836029053 3000
training loss = 2.249366521835327 3500
training loss = 2.131692409515381 4000
training loss = 2.0387661457061768 4500
training loss = 1.942762017250061 5000
training loss = 1.8470759391784668 5500
training loss = 1.7559492588043213 6000
training loss = 1.6727627515792847 6500
training loss = 1.5998458862304688 7000
reduced chi^2 level 2 = 1.5997110605239868
Constrained alpha: 3.6883721351623535
Constrained beta: 1.5225584506988525
Constrained gamma: 62.06078338623047
(1, 13)
(1, 0)
data before
[ 0.00000000e+00  0.00000000e+00  0.00000000e+00  0.00000000e+00
  0.00000000e+00  0.00000000e+00  0.00000000e+00  0.00000000e+00
  0.00000000e+00  0.00000000e+00  2.14524337e-05  6.62185480e-04
  2.03072433e-02  1.77939849e-01  4.78078310e-01  8.84117761e-01
  1.47125968e+00  2.38722646e+00  3.51072896e+00  5.42284882e+00
  8.18598079e+00  1.11980787e+01  1.61143049e+01  2.44961798e+01
  2.80953387e+01  2.88179908e+01  2.91880700e+01  2.86591223e+01
  2.69288132e+01  2.34317239e+01  1.90472371e+01  1.45989951e+01
  1.06507589e+01  6.89090235e+00  3.67085371e+00  1.44289301e+00
  3.87269664e-01  7.50786987e-02 -2.67838318e-05  0.00000000e+00
  0.00000000e+00]
6
data after
[22.539171504779482, 27.312383563253285, 24.4961798459664, 28.095338728574216, 28.817990837657455, 29.188070024097563, 28.659122349391726, 26.928813175938426, 23.43172389299609, 33.646232197074596, 23.117729532016277]
13
data,sig_tot
[22.5391715  27.31238356 24.49617985 28.09533873 28.81799084 29.18807002
 28.65912235 26.92881318 23.43172389 33.6462322  23.11772953 23.52987872
 42.3562057 ]
[22.5391715  27.31238356 24.49617985 28.09533873 28.81799084 29.18807002
 28.65912235 26.92881318 23.43172389 33.6462322  23.11772953 23.52987872
 42.3562057 ]
4.143406631538383 0.9379263877849953 62.628714831139256
val isze = 0
idinces = [ 3  7 11  6  8  2 12  5 10  1  0  4  9]
(1, 13)
(1, 0)
data before
[ 0.00000000e+00  0.00000000e+00  0.00000000e+00  0.00000000e+00
  0.00000000e+00  0.00000000e+00  0.00000000e+00  0.00000000e+00
  0.00000000e+00  0.00000000e+00  2.14524337e-05  6.62185480e-04
  2.03072433e-02  1.77939849e-01  4.78078310e-01  8.84117761e-01
  1.47125968e+00  2.38722646e+00  3.51072896e+00  5.42284882e+00
  8.18598079e+00  1.11980787e+01  1.61143049e+01  2.44961798e+01
  2.80953387e+01  2.88179908e+01  2.91880700e+01  2.86591223e+01
  2.69288132e+01  2.34317239e+01  1.90472371e+01  1.45989951e+01
  1.06507589e+01  6.89090235e+00  3.67085371e+00  1.44289301e+00
  3.87269664e-01  7.50786987e-02 -2.67838318e-05  0.00000000e+00
  0.00000000e+00]
6
data after
[22.539171504779482, 27.312383563253285, 24.4961798459664, 28.095338728574216, 28.817990837657455, 29.188070024097563, 28.659122349391726, 26.928813175938426, 23.43172389299609, 33.646232197074596, 23.117729532016277]
13
data,sig_tot
[22.5391715  27.31238356 24.49617985 28.09533873 28.81799084 29.18807002
 28.65912235 26.92881318 23.43172389 33.6462322  23.11772953 23.52987872
 42.3562057 ]
[22.5391715  27.31238356 24.49617985 28.09533873 28.81799084 29.18807002
 28.65912235 26.92881318 23.43172389 33.6462322  23.11772953 23.52987872
 42.3562057 ]
4.143406631538383 0.9379263877849953 62.628714831139256
val isze = 0
idinces = [ 3  7 11  6  8  2 12  5 10  1  0  4  9]
(1, 13)
(1, 0)
data before
[ 0.00000000e+00  0.00000000e+00  0.00000000e+00  0.00000000e+00
  0.00000000e+00  0.00000000e+00  0.00000000e+00  0.00000000e+00
  0.00000000e+00  0.00000000e+00  2.14524337e-05  6.62185480e-04
  2.03072433e-02  1.77939849e-01  4.78078310e-01  8.84117761e-01
  1.47125968e+00  2.38722646e+00  3.51072896e+00  5.42284882e+00
  8.18598079e+00  1.11980787e+01  1.61143049e+01  2.44961798e+01
  2.80953387e+01  2.88179908e+01  2.91880700e+01  2.86591223e+01
  2.69288132e+01  2.34317239e+01  1.90472371e+01  1.45989951e+01
  1.06507589e+01  6.89090235e+00  3.67085371e+00  1.44289301e+00
  3.87269664e-01  7.50786987e-02 -2.67838318e-05  0.00000000e+00
  0.00000000e+00]
6
data after
[22.539171504779482, 27.312383563253285, 24.4961798459664, 28.095338728574216, 28.817990837657455, 29.188070024097563, 28.659122349391726, 26.928813175938426, 23.43172389299609, 33.646232197074596, 23.117729532016277]
13
data,sig_tot
[22.5391715  27.31238356 24.49617985 28.09533873 28.81799084 29.18807002
 28.65912235 26.92881318 23.43172389 33.6462322  23.11772953 23.52987872
 42.3562057 ]
[22.5391715  27.31238356 24.49617985 28.09533873 28.81799084 29.18807002
 28.65912235 26.92881318 23.43172389 33.6462322  23.11772953 23.52987872
 42.3562057 ]
4.143406631538383 0.9379263877849953 62.628714831139256
val isze = 0
idinces = [ 3  7 11  6  8  2 12  5 10  1  0  4  9]
training loss = 8.314658164978027 500
training loss = 4.793362617492676 1000
training loss = 4.501394271850586 1500
training loss = 4.356217384338379 2000
training loss = 4.179041385650635 2500
training loss = 3.9432616233825684 3000
training loss = 3.615384817123413 3500
training loss = 3.150449514389038 4000
training loss = 2.6093404293060303 4500
training loss = 2.2957544326782227 5000
training loss = 2.13891339302063 5500
training loss = 1.9931827783584595 6000
training loss = 1.8568575382232666 6500
training loss = 1.738682746887207 7000
reduced chi^2 level 2 = 1.7384696006774902
Constrained alpha: 3.7046775817871094
Constrained beta: 1.3786096572875977
Constrained gamma: 62.047977447509766
(1, 13)
(1, 0)
data before
[ 0.00000000e+00  0.00000000e+00  0.00000000e+00  0.00000000e+00
  0.00000000e+00  0.00000000e+00  0.00000000e+00  0.00000000e+00
  0.00000000e+00  0.00000000e+00  2.14524337e-05  6.62185480e-04
  2.03072433e-02  1.77939849e-01  4.78078310e-01  8.84117761e-01
  1.47125968e+00  2.38722646e+00  3.51072896e+00  5.42284882e+00
  8.18598079e+00  1.11980787e+01  1.61143049e+01  2.44961798e+01
  2.80953387e+01  2.88179908e+01  2.91880700e+01  2.86591223e+01
  2.69288132e+01  2.34317239e+01  1.90472371e+01  1.45989951e+01
  1.06507589e+01  6.89090235e+00  3.67085371e+00  1.44289301e+00
  3.87269664e-01  7.50786987e-02 -2.67838318e-05  0.00000000e+00
  0.00000000e+00]
6
data after
[22.539171504779482, 27.312383563253285, 24.4961798459664, 28.095338728574216, 28.817990837657455, 29.188070024097563, 28.659122349391726, 26.928813175938426, 23.43172389299609, 33.646232197074596, 23.117729532016277]
13
data,sig_tot
[22.5391715  27.31238356 24.49617985 28.09533873 28.81799084 29.18807002
 28.65912235 26.92881318 23.43172389 33.6462322  23.11772953 23.52987872
 42.3562057 ]
[22.5391715  27.31238356 24.49617985 28.09533873 28.81799084 29.18807002
 28.65912235 26.92881318 23.43172389 33.6462322  23.11772953 23.52987872
 42.3562057 ]
4.143406631538383 0.9379263877849953 62.628714831139256
val isze = 0
idinces = [ 3  7 11  6  8  2 12  5 10  1  0  4  9]
(1, 13)
(1, 0)
