data before
[0.00000000e+00 0.00000000e+00 0.00000000e+00 0.00000000e+00
 0.00000000e+00 0.00000000e+00 0.00000000e+00 0.00000000e+00
 0.00000000e+00 0.00000000e+00 0.00000000e+00 9.17376737e-01
 2.87436164e+01 2.49180256e+02 6.63079121e+02 1.22065861e+03
 2.03698583e+03 3.21634275e+03 4.75029331e+03 7.37539545e+03
 1.12143034e+04 1.54323898e+04 2.24652511e+04 3.47759566e+04
 4.08591781e+04 4.40436909e+04 4.73523428e+04 5.01265999e+04
 5.21138332e+04 5.14355295e+04 4.79536154e+04 4.21893882e+04
 3.36635849e+04 2.42587931e+04 1.55754430e+04 9.78760306e+03
 6.68288505e+03 5.67294803e+03 6.55715929e+02 0.00000000e+00
 0.00000000e+00]
2
data after
[29.660993151841108, 249.18025629698565, 663.0791206980514, 1220.6586099447632, 2036.9858339264833, 3216.3427509086605, 4750.293309300629, 7375.395446675965, 11214.303396917725, 15432.38980980774, 22465.251119976194, 34775.956593591916, 40859.178068666384, 44043.69088234864, 47352.342793178104, 50126.599944482725, 52113.83316188202, 51435.52954527405, 47953.615431912236, 42189.38823230286, 33663.58491148224, 24258.793065937425, 15575.443048762894, 9787.603055130005, 6682.885050846005, 5672.948025443411, 655.7159291787357]
2
data,sig_tot
[2.96609932e+01 2.49180256e+02 6.63079121e+02 1.22065861e+03
 2.03698583e+03 3.21634275e+03 4.75029331e+03 7.37539545e+03
 1.12143034e+04 1.54323898e+04 2.24652511e+04 3.47759566e+04
 4.08591781e+04 4.40436909e+04 4.73523428e+04 5.01265999e+04
 5.21138332e+04 5.14355295e+04 4.79536154e+04 4.21893882e+04
 3.36635849e+04 2.42587931e+04 1.55754430e+04 9.78760306e+03
 6.68288505e+03 5.67294803e+03 6.55715929e+02 5.04350591e+01
 1.59864779e+02 4.74006151e+02 9.60427414e+02 1.55038233e+03
 2.17249007e+03 2.89261735e+03 4.11306767e+03 5.54400221e+03
 7.79539174e+03 1.10351092e+04 1.08642202e+04 1.19164650e+04
 1.26139049e+04 1.23254457e+04 1.16772370e+04 1.02197499e+04
 8.65355999e+03 6.95543045e+03 5.18652627e+03 3.51086037e+03
 2.19478346e+03 1.38934820e+03 9.46228668e+02 7.15352756e+02
 7.78925714e+01]
[2.96609932e+01 2.49180256e+02 6.63079121e+02 1.22065861e+03
 2.03698583e+03 3.21634275e+03 4.75029331e+03 7.37539545e+03
 1.12143034e+04 1.54323898e+04 2.24652511e+04 3.47759566e+04
 4.08591781e+04 4.40436909e+04 4.73523428e+04 5.01265999e+04
 5.21138332e+04 5.14355295e+04 4.79536154e+04 4.21893882e+04
 3.36635849e+04 2.42587931e+04 1.55754430e+04 9.78760306e+03
 6.68288505e+03 5.67294803e+03 6.55715929e+02 5.04350591e+01
 1.59864779e+02 4.74006151e+02 9.60427414e+02 1.55038233e+03
 2.17249007e+03 2.89261735e+03 4.11306767e+03 5.54400221e+03
 7.79539174e+03 1.10351092e+04 1.08642202e+04 1.19164650e+04
 1.26139049e+04 1.23254457e+04 1.16772370e+04 1.02197499e+04
 8.65355999e+03 6.95543045e+03 5.18652627e+03 3.51086037e+03
 2.19478346e+03 1.38934820e+03 9.46228668e+02 7.15352756e+02
 7.78925714e+01]
3.3121180826662666 7.83093074487363 72.54707442123375
val isze = 0
idinces = [20  3 45 17 31 35 39 26 21 38 23 34  7  6 42  2 50 43 10 37 27 18  4  1
 12 48 22 30 47 19 32  5 13 14 44 33 24 11 41 16 51 40 49 52  8 46 29 25
 28  0 15 36  9]
training loss = 42.7785758972168 500
training loss = 42.6834602355957 1000
training loss = 42.59492111206055 1500
training loss = 42.48455810546875 2000
training loss = 42.34584045410156 2500
training loss = 42.15998077392578 3000
training loss = 42.69334030151367 3500
training loss = 43.74560546875 4000
training loss = 39.396366119384766 4500
training loss = 2.477872848510742 5000
training loss = 2.2459046840667725 5500
training loss = 4.9338507652282715 6000
training loss = 2.054053544998169 6500
training loss = 1.9290987253189087 7000
training loss = 1.8878905773162842 7500
training loss = 1.8573698997497559 8000
training loss = 1.8028138875961304 8500
training loss = 1.789133071899414 9000
training loss = 1.8464237451553345 9500
training loss = 3.571723222732544 10000
training loss = 1.3165879249572754 10500
training loss = 1.2183772325515747 11000
training loss = 1.1699508428573608 11500
training loss = 1.1501373052597046 12000
training loss = 1.142598271369934 12500
training loss = 1.1393989324569702 13000
training loss = 1.1376773118972778 13500
training loss = 1.136414647102356 14000
training loss = 9.845989227294922 14500
training loss = 1.1349092721939087 15000
training loss = 1.14081609249115 15500
training loss = 1.1333611011505127 16000
training loss = 1.1318609714508057 16500
training loss = 1.1414200067520142 17000
training loss = 1.142457365989685 17500
training loss = 1.1453158855438232 18000
training loss = 1.129710078239441 18500
training loss = 1.1797244548797607 19000
training loss = 1.1542329788208008 19500
training loss = 1.129839539527893 20000
training loss = 1.1279723644256592 20500
training loss = 1.6103135347366333 21000
training loss = 1.1409382820129395 21500
training loss = 1.1333656311035156 22000
training loss = 1.182247281074524 22500
training loss = 1.1290955543518066 23000
training loss = 1.1270511150360107 23500
training loss = 1.2472225427627563 24000
training loss = 1.1273279190063477 24500
training loss = 1.1686735153198242 25000
reduced chi^2 level 2 = 1.1591405868530273
Constrained alpha: 2.2235114574432373
Constrained beta: 4.437615871429443
Constrained gamma: 54.18244552612305
(1, 53)
(1, 0)
