data before
[0.00000000e+00 0.00000000e+00 0.00000000e+00 0.00000000e+00
 0.00000000e+00 0.00000000e+00 0.00000000e+00 0.00000000e+00
 0.00000000e+00 0.00000000e+00 0.00000000e+00 9.17376737e-01
 2.87436164e+01 2.49180256e+02 6.63079121e+02 1.22065861e+03
 2.03698583e+03 3.21634275e+03 4.75029331e+03 7.37539545e+03
 1.12143034e+04 1.54323898e+04 2.24652511e+04 3.47759566e+04
 4.08591781e+04 4.40436909e+04 4.73523428e+04 5.01265999e+04
 5.21138332e+04 5.14355295e+04 4.79536154e+04 4.21893882e+04
 3.36635849e+04 2.42587931e+04 1.55754430e+04 9.78760306e+03
 6.68288505e+03 5.67294803e+03 6.55715929e+02 0.00000000e+00
 0.00000000e+00]
2
data after
[29.660993151841108, 249.18025629698565, 663.0791206980514, 1220.6586099447632, 2036.9858339264833, 3216.3427509086605, 4750.293309300629, 7375.395446675965, 11214.303396917725, 15432.38980980774, 22465.251119976194, 34775.956593591916, 40859.178068666384, 44043.69088234864, 47352.342793178104, 50126.599944482725, 52113.83316188202, 51435.52954527405, 47953.615431912236, 42189.38823230286, 33663.58491148224, 24258.793065937425, 15575.443048762894, 9787.603055130005, 6682.885050846005, 5672.948025443411, 655.7159291787357]
2
data,sig_tot
[2.96609932e+01 2.49180256e+02 6.63079121e+02 1.22065861e+03
 2.03698583e+03 3.21634275e+03 4.75029331e+03 7.37539545e+03
 1.12143034e+04 1.54323898e+04 2.24652511e+04 3.47759566e+04
 4.08591781e+04 4.40436909e+04 4.73523428e+04 5.01265999e+04
 5.21138332e+04 5.14355295e+04 4.79536154e+04 4.21893882e+04
 3.36635849e+04 2.42587931e+04 1.55754430e+04 9.78760306e+03
 6.68288505e+03 5.67294803e+03 6.55715929e+02 5.04350591e+01
 1.59864779e+02 4.74006151e+02 9.60427414e+02 1.55038233e+03
 2.17249007e+03 2.89261735e+03 4.11306767e+03 5.54400221e+03
 7.79539174e+03 1.10351092e+04 1.08642202e+04 1.19164650e+04
 1.26139049e+04 1.23254457e+04 1.16772370e+04 1.02197499e+04
 8.65355999e+03 6.95543045e+03 5.18652627e+03 3.51086037e+03
 2.19478346e+03 1.38934820e+03 9.46228668e+02 7.15352756e+02
 7.78925714e+01]
[2.96609932e+01 2.49180256e+02 6.63079121e+02 1.22065861e+03
 2.03698583e+03 3.21634275e+03 4.75029331e+03 7.37539545e+03
 1.12143034e+04 1.54323898e+04 2.24652511e+04 3.47759566e+04
 4.08591781e+04 4.40436909e+04 4.73523428e+04 5.01265999e+04
 5.21138332e+04 5.14355295e+04 4.79536154e+04 4.21893882e+04
 3.36635849e+04 2.42587931e+04 1.55754430e+04 9.78760306e+03
 6.68288505e+03 5.67294803e+03 6.55715929e+02 5.04350591e+01
 1.59864779e+02 4.74006151e+02 9.60427414e+02 1.55038233e+03
 2.17249007e+03 2.89261735e+03 4.11306767e+03 5.54400221e+03
 7.79539174e+03 1.10351092e+04 1.08642202e+04 1.19164650e+04
 1.26139049e+04 1.23254457e+04 1.16772370e+04 1.02197499e+04
 8.65355999e+03 6.95543045e+03 5.18652627e+03 3.51086037e+03
 2.19478346e+03 1.38934820e+03 9.46228668e+02 7.15352756e+02
 7.78925714e+01]
3.424380038724193 8.599882157097468 78.01934068111468
val isze = 0
idinces = [20  3 45 17 31 35 39 26 21 38 23 34  7  6 42  2 50 43 10 37 27 18  4  1
 12 48 22 30 47 19 32  5 13 14 44 33 24 11 41 16 51 40 49 52  8 46 29 25
 28  0 15 36  9]
training loss = 41.27358627319336 500
training loss = 40.854068756103516 1000
training loss = 40.50474166870117 1500
training loss = 40.169029235839844 2000
training loss = 39.092552185058594 2500
training loss = 2.5487589836120605 3000
training loss = 2.3566315174102783 3500
training loss = 2.52673602104187 4000
training loss = 2.2634246349334717 4500
training loss = 2.0765914916992188 5000
training loss = 3.495588779449463 5500
training loss = 2.2963008880615234 6000
training loss = 2.113727569580078 6500
training loss = 2.70013427734375 7000
training loss = 1.8990976810455322 7500
training loss = 1.3870302438735962 8000
training loss = 1.228410005569458 8500
training loss = 1.173315167427063 9000
training loss = 9.949055671691895 9500
training loss = 1.148168921470642 10000
training loss = 1.1449041366577148 10500
training loss = 1.1434297561645508 11000
training loss = 1.1426079273223877 11500
training loss = 1.1414086818695068 12000
training loss = 1.146220326423645 12500
training loss = 1.140682578086853 13000
training loss = 2.761802911758423 13500
training loss = 1.1420798301696777 14000
training loss = 1.1416239738464355 14500
training loss = 1.1731797456741333 15000
training loss = 1.3849412202835083 15500
training loss = 2.316667079925537 16000
training loss = 1.4288233518600464 16500
training loss = 1.4109760522842407 17000
training loss = 1.4112194776535034 17500
training loss = 1.148643136024475 18000
training loss = 1.1407712697982788 18500
training loss = 1.139331579208374 19000
training loss = 1.1453795433044434 19500
training loss = 1.1441553831100464 20000
reduced chi^2 level 2 = 1.1519356966018677
Constrained alpha: 2.2036077976226807
Constrained beta: 4.461580753326416
Constrained gamma: 61.67366027832031
(1, 53)
(1, 0)
