data before
[0.00000000e+00 0.00000000e+00 0.00000000e+00 0.00000000e+00
 0.00000000e+00 0.00000000e+00 0.00000000e+00 0.00000000e+00
 0.00000000e+00 0.00000000e+00 0.00000000e+00 9.17376737e-01
 2.87436164e+01 2.49180256e+02 6.63079121e+02 1.22065861e+03
 2.03698583e+03 3.21634275e+03 4.75029331e+03 7.37539545e+03
 1.12143034e+04 1.54323898e+04 2.24652511e+04 3.47759566e+04
 4.08591781e+04 4.40436909e+04 4.73523428e+04 5.01265999e+04
 5.21138332e+04 5.14355295e+04 4.79536154e+04 4.21893882e+04
 3.36635849e+04 2.42587931e+04 1.55754430e+04 9.78760306e+03
 6.68288505e+03 5.67294803e+03 6.55715929e+02 0.00000000e+00
 0.00000000e+00]
2
data after
[29.660993151841108, 249.18025629698565, 663.0791206980514, 1220.6586099447632, 2036.9858339264833, 3216.3427509086605, 4750.293309300629, 7375.395446675965, 11214.303396917725, 15432.38980980774, 22465.251119976194, 34775.956593591916, 40859.178068666384, 44043.69088234864, 47352.342793178104, 50126.599944482725, 52113.83316188202, 51435.52954527405, 47953.615431912236, 42189.38823230286, 33663.58491148224, 24258.793065937425, 15575.443048762894, 9787.603055130005, 6682.885050846005, 5672.948025443411, 655.7159291787357]
2
data,sig_tot
[2.96609932e+01 2.49180256e+02 6.63079121e+02 1.22065861e+03
 2.03698583e+03 3.21634275e+03 4.75029331e+03 7.37539545e+03
 1.12143034e+04 1.54323898e+04 2.24652511e+04 3.47759566e+04
 4.08591781e+04 4.40436909e+04 4.73523428e+04 5.01265999e+04
 5.21138332e+04 5.14355295e+04 4.79536154e+04 4.21893882e+04
 3.36635849e+04 2.42587931e+04 1.55754430e+04 9.78760306e+03
 6.68288505e+03 5.67294803e+03 6.55715929e+02 5.04350591e+01
 1.59864779e+02 4.74006151e+02 9.60427414e+02 1.55038233e+03
 2.17249007e+03 2.89261735e+03 4.11306767e+03 5.54400221e+03
 7.79539174e+03 1.10351092e+04 1.08642202e+04 1.19164650e+04
 1.26139049e+04 1.23254457e+04 1.16772370e+04 1.02197499e+04
 8.65355999e+03 6.95543045e+03 5.18652627e+03 3.51086037e+03
 2.19478346e+03 1.38934820e+03 9.46228668e+02 7.15352756e+02
 7.78925714e+01]
[2.96609932e+01 2.49180256e+02 6.63079121e+02 1.22065861e+03
 2.03698583e+03 3.21634275e+03 4.75029331e+03 7.37539545e+03
 1.12143034e+04 1.54323898e+04 2.24652511e+04 3.47759566e+04
 4.08591781e+04 4.40436909e+04 4.73523428e+04 5.01265999e+04
 5.21138332e+04 5.14355295e+04 4.79536154e+04 4.21893882e+04
 3.36635849e+04 2.42587931e+04 1.55754430e+04 9.78760306e+03
 6.68288505e+03 5.67294803e+03 6.55715929e+02 5.04350591e+01
 1.59864779e+02 4.74006151e+02 9.60427414e+02 1.55038233e+03
 2.17249007e+03 2.89261735e+03 4.11306767e+03 5.54400221e+03
 7.79539174e+03 1.10351092e+04 1.08642202e+04 1.19164650e+04
 1.26139049e+04 1.23254457e+04 1.16772370e+04 1.02197499e+04
 8.65355999e+03 6.95543045e+03 5.18652627e+03 3.51086037e+03
 2.19478346e+03 1.38934820e+03 9.46228668e+02 7.15352756e+02
 7.78925714e+01]
2.428247900555311 18.534551816648165 99.47169191168425
val isze = 0
idinces = [20  3 45 17 31 35 39 26 21 38 23 34  7  6 42  2 50 43 10 37 27 18  4  1
 12 48 22 30 47 19 32  5 13 14 44 33 24 11 41 16 51 40 49 52  8 46 29 25
 28  0 15 36  9]
training loss = 49.07452392578125 500
training loss = 42.526695251464844 1000
training loss = 24.322620391845703 1500
training loss = 1.6074249744415283 2000
training loss = 1.393844723701477 2500
training loss = 1.3289400339126587 3000
training loss = 1.3066073656082153 3500
training loss = 1.2981101274490356 4000
training loss = 1.2934908866882324 4500
training loss = 1.295158863067627 5000
training loss = 1.289590835571289 5500
training loss = 1.3058384656906128 6000
training loss = 1.2836936712265015 6500
training loss = 1.282065987586975 7000
training loss = 4.578010082244873 7500
training loss = 2.1626932621002197 8000
training loss = 4.039413928985596 8500
training loss = 1.9029778242111206 9000
training loss = 2.3202624320983887 9500
training loss = 1.5811963081359863 10000
training loss = 1.2744810581207275 10500
training loss = 1.274623990058899 11000
training loss = 2.503293037414551 11500
training loss = 1.4607466459274292 12000
training loss = 1.2694439888000488 12500
training loss = 1.270864725112915 13000
training loss = 1.3554661273956299 13500
training loss = 1.3387646675109863 14000
training loss = 1.8972346782684326 14500
training loss = 1.2786719799041748 15000
training loss = 1.2643159627914429 15500
training loss = 1.2633764743804932 16000
training loss = 1.2624977827072144 16500
training loss = 1.2617212533950806 17000
training loss = 1.288859248161316 17500
training loss = 1.2600129842758179 18000
training loss = 1.264546275138855 18500
training loss = 1.2583591938018799 19000
training loss = 1.263269305229187 19500
training loss = 1.259503960609436 20000
training loss = 1.256675362586975 20500
training loss = 2.7734594345092773 21000
training loss = 1.2543578147888184 21500
training loss = 1.2601996660232544 22000
training loss = 2.0471994876861572 22500
training loss = 1.2527103424072266 23000
training loss = 2.662609100341797 23500
training loss = 1.250393033027649 24000
training loss = 1.8343509435653687 24500
training loss = 1.2489638328552246 25000
reduced chi^2 level 2 = 1.2489650249481201
Constrained alpha: 2.1542165279388428
Constrained beta: 5.772299289703369
Constrained gamma: 66.34492492675781
(1, 53)
(1, 0)
