data before
[0.00000000e+00 0.00000000e+00 0.00000000e+00 0.00000000e+00
 0.00000000e+00 0.00000000e+00 0.00000000e+00 0.00000000e+00
 0.00000000e+00 0.00000000e+00 0.00000000e+00 9.17376737e-01
 2.87436164e+01 2.49180256e+02 6.63079121e+02 1.22065861e+03
 2.03698583e+03 3.21634275e+03 4.75029331e+03 7.37539545e+03
 1.12143034e+04 1.54323898e+04 2.24652511e+04 3.47759566e+04
 4.08591781e+04 4.40436909e+04 4.73523428e+04 5.01265999e+04
 5.21138332e+04 5.14355295e+04 4.79536154e+04 4.21893882e+04
 3.36635849e+04 2.42587931e+04 1.55754430e+04 9.78760306e+03
 6.68288505e+03 5.67294803e+03 6.55715929e+02 0.00000000e+00
 0.00000000e+00]
2
data after
[29.660993151841108, 249.18025629698565, 663.0791206980514, 1220.6586099447632, 2036.9858339264833, 3216.3427509086605, 4750.293309300629, 7375.395446675965, 11214.303396917725, 15432.38980980774, 22465.251119976194, 34775.956593591916, 40859.178068666384, 44043.69088234864, 47352.342793178104, 50126.599944482725, 52113.83316188202, 51435.52954527405, 47953.615431912236, 42189.38823230286, 33663.58491148224, 24258.793065937425, 15575.443048762894, 9787.603055130005, 6682.885050846005, 5672.948025443411, 655.7159291787357]
2
data,sig_tot
[2.96609932e+01 2.49180256e+02 6.63079121e+02 1.22065861e+03
 2.03698583e+03 3.21634275e+03 4.75029331e+03 7.37539545e+03
 1.12143034e+04 1.54323898e+04 2.24652511e+04 3.47759566e+04
 4.08591781e+04 4.40436909e+04 4.73523428e+04 5.01265999e+04
 5.21138332e+04 5.14355295e+04 4.79536154e+04 4.21893882e+04
 3.36635849e+04 2.42587931e+04 1.55754430e+04 9.78760306e+03
 6.68288505e+03 5.67294803e+03 6.55715929e+02 5.04350591e+01
 1.59864779e+02 4.74006151e+02 9.60427414e+02 1.55038233e+03
 2.17249007e+03 2.89261735e+03 4.11306767e+03 5.54400221e+03
 7.79539174e+03 1.10351092e+04 1.08642202e+04 1.19164650e+04
 1.26139049e+04 1.23254457e+04 1.16772370e+04 1.02197499e+04
 8.65355999e+03 6.95543045e+03 5.18652627e+03 3.51086037e+03
 2.19478346e+03 1.38934820e+03 9.46228668e+02 7.15352756e+02
 7.78925714e+01]
[2.96609932e+01 2.49180256e+02 6.63079121e+02 1.22065861e+03
 2.03698583e+03 3.21634275e+03 4.75029331e+03 7.37539545e+03
 1.12143034e+04 1.54323898e+04 2.24652511e+04 3.47759566e+04
 4.08591781e+04 4.40436909e+04 4.73523428e+04 5.01265999e+04
 5.21138332e+04 5.14355295e+04 4.79536154e+04 4.21893882e+04
 3.36635849e+04 2.42587931e+04 1.55754430e+04 9.78760306e+03
 6.68288505e+03 5.67294803e+03 6.55715929e+02 5.04350591e+01
 1.59864779e+02 4.74006151e+02 9.60427414e+02 1.55038233e+03
 2.17249007e+03 2.89261735e+03 4.11306767e+03 5.54400221e+03
 7.79539174e+03 1.10351092e+04 1.08642202e+04 1.19164650e+04
 1.26139049e+04 1.23254457e+04 1.16772370e+04 1.02197499e+04
 8.65355999e+03 6.95543045e+03 5.18652627e+03 3.51086037e+03
 2.19478346e+03 1.38934820e+03 9.46228668e+02 7.15352756e+02
 7.78925714e+01]
4.512053927652942 11.768909494501115 10.457375970525984
val isze = 0
idinces = [20  3 45 17 31 35 39 26 21 38 23 34  7  6 42  2 50 43 10 37 27 18  4  1
 12 48 22 30 47 19 32  5 13 14 44 33 24 11 41 16 51 40 49 52  8 46 29 25
 28  0 15 36  9]
training loss = 46.840240478515625 500
training loss = 45.24082946777344 1000
training loss = 44.80204391479492 1500
training loss = 44.79120635986328 2000
training loss = 44.6651496887207 2500
training loss = 44.62760925292969 3000
training loss = 44.589019775390625 3500
training loss = 44.5318489074707 4000
training loss = 2.1519861221313477 4500
training loss = 2.08856463432312 5000
training loss = 2.0381383895874023 5500
training loss = 1.973711609840393 6000
training loss = 1.8916882276535034 6500
training loss = 1.8916906118392944 7000
training loss = 1.793202519416809 7500
training loss = 1.7738823890686035 8000
training loss = 1.776857852935791 8500
training loss = 1.7547053098678589 9000
training loss = 1.7485345602035522 9500
training loss = 1.7426929473876953 10000
training loss = 1.838474988937378 10500
training loss = 1.7327797412872314 11000
training loss = 1.7280951738357544 11500
training loss = 1.7237133979797363 12000
training loss = 1.7195253372192383 12500
training loss = 1.715541124343872 13000
training loss = 1.7117552757263184 13500
training loss = 1.708357334136963 14000
training loss = 2.080763578414917 14500
training loss = 1.7037564516067505 15000
training loss = 1.698923110961914 15500
training loss = 1.6960065364837646 16000
training loss = 1.6934715509414673 16500
training loss = 2.340196132659912 17000
training loss = 1.6893219947814941 17500
training loss = 1.6867772340774536 18000
training loss = 1.7450066804885864 18500
training loss = 8.798311233520508 19000
training loss = 1.9223788976669312 19500
training loss = 1.6833933591842651 20000
training loss = 1.6790201663970947 20500
training loss = 1.6777607202529907 21000
training loss = 1.6776114702224731 21500
training loss = 2.2697341442108154 22000
training loss = 1.6827162504196167 22500
training loss = 1.6736392974853516 23000
training loss = 1.674302577972412 23500
training loss = 1.6719624996185303 24000
training loss = 1.6702593564987183 24500
training loss = 1.669734239578247 25000
reduced chi^2 level 2 = 1.6817140579223633
Constrained alpha: 2.179682731628418
Constrained beta: 4.718252182006836
Constrained gamma: 11.52725887298584
(1, 53)
(1, 0)
