data before
[0.00000000e+00 0.00000000e+00 0.00000000e+00 0.00000000e+00
 0.00000000e+00 0.00000000e+00 0.00000000e+00 0.00000000e+00
 0.00000000e+00 0.00000000e+00 0.00000000e+00 9.17376737e-01
 2.87436164e+01 2.49180256e+02 6.63079121e+02 1.22065861e+03
 2.03698583e+03 3.21634275e+03 4.75029331e+03 7.37539545e+03
 1.12143034e+04 1.54323898e+04 2.24652511e+04 3.47759566e+04
 4.08591781e+04 4.40436909e+04 4.73523428e+04 5.01265999e+04
 5.21138332e+04 5.14355295e+04 4.79536154e+04 4.21893882e+04
 3.36635849e+04 2.42587931e+04 1.55754430e+04 9.78760306e+03
 6.68288505e+03 5.67294803e+03 6.55715929e+02 0.00000000e+00
 0.00000000e+00]
2
data after
[29.660993151841108, 249.18025629698565, 663.0791206980514, 1220.6586099447632, 2036.9858339264833, 3216.3427509086605, 4750.293309300629, 7375.395446675965, 11214.303396917725, 15432.38980980774, 22465.251119976194, 34775.956593591916, 40859.178068666384, 44043.69088234864, 47352.342793178104, 50126.599944482725, 52113.83316188202, 51435.52954527405, 47953.615431912236, 42189.38823230286, 33663.58491148224, 24258.793065937425, 15575.443048762894, 9787.603055130005, 6682.885050846005, 5672.948025443411, 655.7159291787357]
2
data,sig_tot
[2.96609932e+01 2.49180256e+02 6.63079121e+02 1.22065861e+03
 2.03698583e+03 3.21634275e+03 4.75029331e+03 7.37539545e+03
 1.12143034e+04 1.54323898e+04 2.24652511e+04 3.47759566e+04
 4.08591781e+04 4.40436909e+04 4.73523428e+04 5.01265999e+04
 5.21138332e+04 5.14355295e+04 4.79536154e+04 4.21893882e+04
 3.36635849e+04 2.42587931e+04 1.55754430e+04 9.78760306e+03
 6.68288505e+03 5.67294803e+03 6.55715929e+02 5.04350591e+01
 1.59864779e+02 4.74006151e+02 9.60427414e+02 1.55038233e+03
 2.17249007e+03 2.89261735e+03 4.11306767e+03 5.54400221e+03
 7.79539174e+03 1.10351092e+04 1.08642202e+04 1.19164650e+04
 1.26139049e+04 1.23254457e+04 1.16772370e+04 1.02197499e+04
 8.65355999e+03 6.95543045e+03 5.18652627e+03 3.51086037e+03
 2.19478346e+03 1.38934820e+03 9.46228668e+02 7.15352756e+02
 7.78925714e+01]
[2.96609932e+01 2.49180256e+02 6.63079121e+02 1.22065861e+03
 2.03698583e+03 3.21634275e+03 4.75029331e+03 7.37539545e+03
 1.12143034e+04 1.54323898e+04 2.24652511e+04 3.47759566e+04
 4.08591781e+04 4.40436909e+04 4.73523428e+04 5.01265999e+04
 5.21138332e+04 5.14355295e+04 4.79536154e+04 4.21893882e+04
 3.36635849e+04 2.42587931e+04 1.55754430e+04 9.78760306e+03
 6.68288505e+03 5.67294803e+03 6.55715929e+02 5.04350591e+01
 1.59864779e+02 4.74006151e+02 9.60427414e+02 1.55038233e+03
 2.17249007e+03 2.89261735e+03 4.11306767e+03 5.54400221e+03
 7.79539174e+03 1.10351092e+04 1.08642202e+04 1.19164650e+04
 1.26139049e+04 1.23254457e+04 1.16772370e+04 1.02197499e+04
 8.65355999e+03 6.95543045e+03 5.18652627e+03 3.51086037e+03
 2.19478346e+03 1.38934820e+03 9.46228668e+02 7.15352756e+02
 7.78925714e+01]
3.5361163684032144 8.825735343439797 83.93186722009095
val isze = 0
idinces = [20  3 45 17 31 35 39 26 21 38 23 34  7  6 42  2 50 43 10 37 27 18  4  1
 12 48 22 30 47 19 32  5 13 14 44 33 24 11 41 16 51 40 49 52  8 46 29 25
 28  0 15 36  9]
training loss = 43.77375411987305 500
training loss = 43.654788970947266 1000
training loss = 43.52704620361328 1500
training loss = 43.396034240722656 2000
training loss = 43.260066986083984 2500
training loss = 43.097877502441406 3000
training loss = 42.84030532836914 3500
training loss = 42.2337760925293 4000
training loss = 6.695995330810547 4500
training loss = 3.287635087966919 5000
training loss = 3.049582004547119 5500
training loss = 3.6314220428466797 6000
training loss = 2.819451332092285 6500
training loss = 2.6362409591674805 7000
training loss = 3.7914867401123047 7500
training loss = 1.73476243019104 8000
training loss = 2.464449405670166 8500
training loss = 1.6840659379959106 9000
training loss = 1.6765379905700684 9500
training loss = 1.671051025390625 10000
training loss = 1.666923999786377 10500
training loss = 1.663447380065918 11000
training loss = 1.6539721488952637 11500
training loss = 1.6320666074752808 12000
training loss = 1.6295794248580933 12500
training loss = 1.630337119102478 13000
training loss = 1.6217942237854004 13500
training loss = 1.8194414377212524 14000
training loss = 1.6185680627822876 14500
training loss = 1.616970181465149 15000
training loss = 1.6143214702606201 15500
training loss = 1.6137326955795288 16000
training loss = 1.8034428358078003 16500
training loss = 1.6152093410491943 17000
training loss = 1.8568947315216064 17500
training loss = 1.6155108213424683 18000
training loss = 1.6050323247909546 18500
training loss = 1.6210646629333496 19000
training loss = 1.7090487480163574 19500
training loss = 1.60024094581604 20000
training loss = 1.6037678718566895 20500
training loss = 1.6757344007492065 21000
training loss = 1.5984511375427246 21500
training loss = 1.5927624702453613 22000
training loss = 2.1509881019592285 22500
training loss = 1.5895670652389526 23000
training loss = 1.5902938842773438 23500
training loss = 1.5900166034698486 24000
training loss = 1.5875636339187622 24500
training loss = 1.5853074789047241 25000
reduced chi^2 level 2 = 1.5852876901626587
Constrained alpha: 2.2364771366119385
Constrained beta: 4.506073474884033
Constrained gamma: 60.504676818847656
(1, 53)
(1, 0)
