data before
[0.00000000e+00 0.00000000e+00 0.00000000e+00 0.00000000e+00
 0.00000000e+00 0.00000000e+00 0.00000000e+00 0.00000000e+00
 0.00000000e+00 0.00000000e+00 0.00000000e+00 9.17376737e-01
 2.87436164e+01 2.49180256e+02 6.63079121e+02 1.22065861e+03
 2.03698583e+03 3.21634275e+03 4.75029331e+03 7.37539545e+03
 1.12143034e+04 1.54323898e+04 2.24652511e+04 3.47759566e+04
 4.08591781e+04 4.40436909e+04 4.73523428e+04 5.01265999e+04
 5.21138332e+04 5.14355295e+04 4.79536154e+04 4.21893882e+04
 3.36635849e+04 2.42587931e+04 1.55754430e+04 9.78760306e+03
 6.68288505e+03 5.67294803e+03 6.55715929e+02 0.00000000e+00
 0.00000000e+00]
2
data after
[29.660993151841108, 249.18025629698565, 663.0791206980514, 1220.6586099447632, 2036.9858339264833, 3216.3427509086605, 4750.293309300629, 7375.395446675965, 11214.303396917725, 15432.38980980774, 22465.251119976194, 34775.956593591916, 40859.178068666384, 44043.69088234864, 47352.342793178104, 50126.599944482725, 52113.83316188202, 51435.52954527405, 47953.615431912236, 42189.38823230286, 33663.58491148224, 24258.793065937425, 15575.443048762894, 9787.603055130005, 6682.885050846005, 5672.948025443411, 655.7159291787357]
2
data,sig_tot
[2.96609932e+01 2.49180256e+02 6.63079121e+02 1.22065861e+03
 2.03698583e+03 3.21634275e+03 4.75029331e+03 7.37539545e+03
 1.12143034e+04 1.54323898e+04 2.24652511e+04 3.47759566e+04
 4.08591781e+04 4.40436909e+04 4.73523428e+04 5.01265999e+04
 5.21138332e+04 5.14355295e+04 4.79536154e+04 4.21893882e+04
 3.36635849e+04 2.42587931e+04 1.55754430e+04 9.78760306e+03
 6.68288505e+03 5.67294803e+03 6.55715929e+02 5.04350591e+01
 1.59864779e+02 4.74006151e+02 9.60427414e+02 1.55038233e+03
 2.17249007e+03 2.89261735e+03 4.11306767e+03 5.54400221e+03
 7.79539174e+03 1.10351092e+04 1.08642202e+04 1.19164650e+04
 1.26139049e+04 1.23254457e+04 1.16772370e+04 1.02197499e+04
 8.65355999e+03 6.95543045e+03 5.18652627e+03 3.51086037e+03
 2.19478346e+03 1.38934820e+03 9.46228668e+02 7.15352756e+02
 7.78925714e+01]
[2.96609932e+01 2.49180256e+02 6.63079121e+02 1.22065861e+03
 2.03698583e+03 3.21634275e+03 4.75029331e+03 7.37539545e+03
 1.12143034e+04 1.54323898e+04 2.24652511e+04 3.47759566e+04
 4.08591781e+04 4.40436909e+04 4.73523428e+04 5.01265999e+04
 5.21138332e+04 5.14355295e+04 4.79536154e+04 4.21893882e+04
 3.36635849e+04 2.42587931e+04 1.55754430e+04 9.78760306e+03
 6.68288505e+03 5.67294803e+03 6.55715929e+02 5.04350591e+01
 1.59864779e+02 4.74006151e+02 9.60427414e+02 1.55038233e+03
 2.17249007e+03 2.89261735e+03 4.11306767e+03 5.54400221e+03
 7.79539174e+03 1.10351092e+04 1.08642202e+04 1.19164650e+04
 1.26139049e+04 1.23254457e+04 1.16772370e+04 1.02197499e+04
 8.65355999e+03 6.95543045e+03 5.18652627e+03 3.51086037e+03
 2.19478346e+03 1.38934820e+03 9.46228668e+02 7.15352756e+02
 7.78925714e+01]
2.29533604523109 11.969360017262163 94.88119163738168
val isze = 0
idinces = [20  3 45 17 31 35 39 26 21 38 23 34  7  6 42  2 50 43 10 37 27 18  4  1
 12 48 22 30 47 19 32  5 13 14 44 33 24 11 41 16 51 40 49 52  8 46 29 25
 28  0 15 36  9]
training loss = 46.68696975708008 500
training loss = 42.671722412109375 1000
training loss = 41.07707595825195 1500
training loss = 2.7207694053649902 2000
training loss = 1.4837372303009033 2500
training loss = 3.2430574893951416 3000
training loss = 1.4174644947052002 3500
training loss = 1.3874696493148804 4000
training loss = 1.3573380708694458 4500
training loss = 1.3325624465942383 5000
training loss = 1.3019455671310425 5500
training loss = 1.3894215822219849 6000
training loss = 1.8902732133865356 6500
training loss = 1.2803421020507812 7000
training loss = 1.304504156112671 7500
training loss = 1.263140082359314 8000
training loss = 1.2589151859283447 8500
training loss = 1.2552483081817627 9000
training loss = 1.2518008947372437 9500
training loss = 1.248585820198059 10000
training loss = 1.2451145648956299 10500
training loss = 1.241836428642273 11000
training loss = 1.2387151718139648 11500
training loss = 1.2358226776123047 12000
training loss = 1.2333118915557861 12500
training loss = 1.230485200881958 13000
training loss = 1.2279967069625854 13500
training loss = 1.452683925628662 14000
training loss = 1.2291861772537231 14500
training loss = 1.2291938066482544 15000
training loss = 1.2380157709121704 15500
training loss = 1.218468427658081 16000
training loss = 1.216143250465393 16500
training loss = 1.2168000936508179 17000
training loss = 1.216343641281128 17500
training loss = 1.2424405813217163 18000
training loss = 1.2142144441604614 18500
training loss = 1.2233444452285767 19000
training loss = 1.211961269378662 19500
training loss = 1.207236647605896 20000
training loss = 1.206173300743103 20500
training loss = 1.2051008939743042 21000
training loss = 1.2042102813720703 21500
training loss = 1.2164384126663208 22000
training loss = 1.2186509370803833 22500
training loss = 4.275249004364014 23000
training loss = 1.2003682851791382 23500
training loss = 3.890831708908081 24000
training loss = 1.225844144821167 24500
training loss = 1.8136907815933228 25000
reduced chi^2 level 2 = 1.7062662839889526
Constrained alpha: 2.1935203075408936
Constrained beta: 4.854258060455322
Constrained gamma: 65.79615020751953
(1, 53)
(1, 0)
