data before
[0.00000000e+00 0.00000000e+00 0.00000000e+00 0.00000000e+00
 0.00000000e+00 0.00000000e+00 0.00000000e+00 0.00000000e+00
 0.00000000e+00 0.00000000e+00 0.00000000e+00 9.17376737e-01
 2.87436164e+01 2.49180256e+02 6.63079121e+02 1.22065861e+03
 2.03698583e+03 3.21634275e+03 4.75029331e+03 7.37539545e+03
 1.12143034e+04 1.54323898e+04 2.24652511e+04 3.47759566e+04
 4.08591781e+04 4.40436909e+04 4.73523428e+04 5.01265999e+04
 5.21138332e+04 5.14355295e+04 4.79536154e+04 4.21893882e+04
 3.36635849e+04 2.42587931e+04 1.55754430e+04 9.78760306e+03
 6.68288505e+03 5.67294803e+03 6.55715929e+02 0.00000000e+00
 0.00000000e+00]
2
data after
[29.660993151841108, 249.18025629698565, 663.0791206980514, 1220.6586099447632, 2036.9858339264833, 3216.3427509086605, 4750.293309300629, 7375.395446675965, 11214.303396917725, 15432.38980980774, 22465.251119976194, 34775.956593591916, 40859.178068666384, 44043.69088234864, 47352.342793178104, 50126.599944482725, 52113.83316188202, 51435.52954527405, 47953.615431912236, 42189.38823230286, 33663.58491148224, 24258.793065937425, 15575.443048762894, 9787.603055130005, 6682.885050846005, 5672.948025443411, 655.7159291787357]
2
data,sig_tot
[2.96609932e+01 2.49180256e+02 6.63079121e+02 1.22065861e+03
 2.03698583e+03 3.21634275e+03 4.75029331e+03 7.37539545e+03
 1.12143034e+04 1.54323898e+04 2.24652511e+04 3.47759566e+04
 4.08591781e+04 4.40436909e+04 4.73523428e+04 5.01265999e+04
 5.21138332e+04 5.14355295e+04 4.79536154e+04 4.21893882e+04
 3.36635849e+04 2.42587931e+04 1.55754430e+04 9.78760306e+03
 6.68288505e+03 5.67294803e+03 6.55715929e+02 5.04350591e+01
 1.59864779e+02 4.74006151e+02 9.60427414e+02 1.55038233e+03
 2.17249007e+03 2.89261735e+03 4.11306767e+03 5.54400221e+03
 7.79539174e+03 1.10351092e+04 1.08642202e+04 1.19164650e+04
 1.26139049e+04 1.23254457e+04 1.16772370e+04 1.02197499e+04
 8.65355999e+03 6.95543045e+03 5.18652627e+03 3.51086037e+03
 2.19478346e+03 1.38934820e+03 9.46228668e+02 7.15352756e+02
 7.78925714e+01]
[2.96609932e+01 2.49180256e+02 6.63079121e+02 1.22065861e+03
 2.03698583e+03 3.21634275e+03 4.75029331e+03 7.37539545e+03
 1.12143034e+04 1.54323898e+04 2.24652511e+04 3.47759566e+04
 4.08591781e+04 4.40436909e+04 4.73523428e+04 5.01265999e+04
 5.21138332e+04 5.14355295e+04 4.79536154e+04 4.21893882e+04
 3.36635849e+04 2.42587931e+04 1.55754430e+04 9.78760306e+03
 6.68288505e+03 5.67294803e+03 6.55715929e+02 5.04350591e+01
 1.59864779e+02 4.74006151e+02 9.60427414e+02 1.55038233e+03
 2.17249007e+03 2.89261735e+03 4.11306767e+03 5.54400221e+03
 7.79539174e+03 1.10351092e+04 1.08642202e+04 1.19164650e+04
 1.26139049e+04 1.23254457e+04 1.16772370e+04 1.02197499e+04
 8.65355999e+03 6.95543045e+03 5.18652627e+03 3.51086037e+03
 2.19478346e+03 1.38934820e+03 9.46228668e+02 7.15352756e+02
 7.78925714e+01]
4.171784632873808 12.434517867025205 44.60884008073327
val isze = 0
idinces = [20  3 45 17 31 35 39 26 21 38 23 34  7  6 42  2 50 43 10 37 27 18  4  1
 12 48 22 30 47 19 32  5 13 14 44 33 24 11 41 16 51 40 49 52  8 46 29 25
 28  0 15 36  9]
training loss = 45.38928985595703 500
training loss = 44.14725112915039 1000
training loss = 43.97959518432617 1500
training loss = 43.90559768676758 2000
training loss = 1.3757779598236084 2500
training loss = 1.3614879846572876 3000
training loss = 1.351219892501831 3500
training loss = 1.3393137454986572 4000
training loss = 1.368414282798767 4500
training loss = 1.3190488815307617 5000
training loss = 7.179975509643555 5500
training loss = 1.3996831178665161 6000
training loss = 2.8239712715148926 6500
training loss = 2.4226572513580322 7000
training loss = 1.2945973873138428 7500
training loss = 1.293230414390564 8000
training loss = 1.2923438549041748 8500
training loss = 1.2916743755340576 9000
training loss = 1.2943121194839478 9500
training loss = 1.3330069780349731 10000
training loss = 1.5905699729919434 10500
training loss = 1.2934437990188599 11000
training loss = 1.2933751344680786 11500
training loss = 1.2897963523864746 12000
training loss = 3.315950632095337 12500
training loss = 1.479525089263916 13000
training loss = 1.292688012123108 13500
training loss = 1.2917149066925049 14000
training loss = 1.3643566370010376 14500
training loss = 1.4233030080795288 15000
training loss = 1.304279088973999 15500
training loss = 3.0774059295654297 16000
training loss = 2.9606196880340576 16500
training loss = 2.290841817855835 17000
training loss = 1.3489845991134644 17500
training loss = 1.5203851461410522 18000
training loss = 2.330803632736206 18500
training loss = 3.2810821533203125 19000
training loss = 2.6254727840423584 19500
training loss = 1.6814066171646118 20000
training loss = 1.306693196296692 20500
training loss = 1.2937501668930054 21000
training loss = 1.9401133060455322 21500
training loss = 1.30683171749115 22000
training loss = 1.352408766746521 22500
training loss = 1.3044174909591675 23000
reduced chi^2 level 2 = 1.2946982383728027
Constrained alpha: 2.2535836696624756
Constrained beta: 4.846007823944092
Constrained gamma: 37.17015075683594
(1, 53)
(1, 0)
