data before
[0.00000000e+00 0.00000000e+00 0.00000000e+00 0.00000000e+00
 0.00000000e+00 0.00000000e+00 0.00000000e+00 0.00000000e+00
 0.00000000e+00 0.00000000e+00 0.00000000e+00 9.17376737e-01
 2.87436164e+01 2.49180256e+02 6.63079121e+02 1.22065861e+03
 2.03698583e+03 3.21634275e+03 4.75029331e+03 7.37539545e+03
 1.12143034e+04 1.54323898e+04 2.24652511e+04 3.47759566e+04
 4.08591781e+04 4.40436909e+04 4.73523428e+04 5.01265999e+04
 5.21138332e+04 5.14355295e+04 4.79536154e+04 4.21893882e+04
 3.36635849e+04 2.42587931e+04 1.55754430e+04 9.78760306e+03
 6.68288505e+03 5.67294803e+03 6.55715929e+02 0.00000000e+00
 0.00000000e+00]
2
data after
[29.660993151841108, 249.18025629698565, 663.0791206980514, 1220.6586099447632, 2036.9858339264833, 3216.3427509086605, 4750.293309300629, 7375.395446675965, 11214.303396917725, 15432.38980980774, 22465.251119976194, 34775.956593591916, 40859.178068666384, 44043.69088234864, 47352.342793178104, 50126.599944482725, 52113.83316188202, 51435.52954527405, 47953.615431912236, 42189.38823230286, 33663.58491148224, 24258.793065937425, 15575.443048762894, 9787.603055130005, 6682.885050846005, 5672.948025443411, 655.7159291787357]
2
data,sig_tot
[2.96609932e+01 2.49180256e+02 6.63079121e+02 1.22065861e+03
 2.03698583e+03 3.21634275e+03 4.75029331e+03 7.37539545e+03
 1.12143034e+04 1.54323898e+04 2.24652511e+04 3.47759566e+04
 4.08591781e+04 4.40436909e+04 4.73523428e+04 5.01265999e+04
 5.21138332e+04 5.14355295e+04 4.79536154e+04 4.21893882e+04
 3.36635849e+04 2.42587931e+04 1.55754430e+04 9.78760306e+03
 6.68288505e+03 5.67294803e+03 6.55715929e+02 5.04350591e+01
 1.59864779e+02 4.74006151e+02 9.60427414e+02 1.55038233e+03
 2.17249007e+03 2.89261735e+03 4.11306767e+03 5.54400221e+03
 7.79539174e+03 1.10351092e+04 1.08642202e+04 1.19164650e+04
 1.26139049e+04 1.23254457e+04 1.16772370e+04 1.02197499e+04
 8.65355999e+03 6.95543045e+03 5.18652627e+03 3.51086037e+03
 2.19478346e+03 1.38934820e+03 9.46228668e+02 7.15352756e+02
 7.78925714e+01]
[2.96609932e+01 2.49180256e+02 6.63079121e+02 1.22065861e+03
 2.03698583e+03 3.21634275e+03 4.75029331e+03 7.37539545e+03
 1.12143034e+04 1.54323898e+04 2.24652511e+04 3.47759566e+04
 4.08591781e+04 4.40436909e+04 4.73523428e+04 5.01265999e+04
 5.21138332e+04 5.14355295e+04 4.79536154e+04 4.21893882e+04
 3.36635849e+04 2.42587931e+04 1.55754430e+04 9.78760306e+03
 6.68288505e+03 5.67294803e+03 6.55715929e+02 5.04350591e+01
 1.59864779e+02 4.74006151e+02 9.60427414e+02 1.55038233e+03
 2.17249007e+03 2.89261735e+03 4.11306767e+03 5.54400221e+03
 7.79539174e+03 1.10351092e+04 1.08642202e+04 1.19164650e+04
 1.26139049e+04 1.23254457e+04 1.16772370e+04 1.02197499e+04
 8.65355999e+03 6.95543045e+03 5.18652627e+03 3.51086037e+03
 2.19478346e+03 1.38934820e+03 9.46228668e+02 7.15352756e+02
 7.78925714e+01]
0.845203431900543 19.52488062995135 91.19398393532916
val isze = 0
idinces = [20  3 45 17 31 35 39 26 21 38 23 34  7  6 42  2 50 43 10 37 27 18  4  1
 12 48 22 30 47 19 32  5 13 14 44 33 24 11 41 16 51 40 49 52  8 46 29 25
 28  0 15 36  9]
training loss = 890.9014282226562 500
training loss = 38.47894287109375 1000
training loss = 21.67536735534668 1500
training loss = 3.4811716079711914 2000
training loss = 2.522463798522949 2500
training loss = 2.2565419673919678 3000
training loss = 2.1908483505249023 3500
training loss = 2.171923875808716 4000
training loss = 2.157139301300049 4500
training loss = 2.1437339782714844 5000
training loss = 2.1266374588012695 5500
training loss = 2.1028084754943848 6000
training loss = 2.07214617729187 6500
training loss = 2.040926694869995 7000
training loss = 20.351064682006836 7500
training loss = 1.7398909330368042 8000
training loss = 1.608303189277649 8500
training loss = 1.5703803300857544 9000
training loss = 3.2734265327453613 9500
training loss = 1.525982141494751 10000
training loss = 3.449366807937622 10500
training loss = 12.369266510009766 11000
training loss = 3.9179890155792236 11500
training loss = 2.209495782852173 12000
training loss = 1.3738536834716797 12500
training loss = 1.3593237400054932 13000
training loss = 1.35747230052948 13500
training loss = 3.597822427749634 14000
training loss = 1.3272290229797363 14500
training loss = 1.3216662406921387 15000
training loss = 1.3170628547668457 15500
training loss = 1.3135541677474976 16000
training loss = 1.3110214471817017 16500
training loss = 1.309653878211975 17000
training loss = 1.3089573383331299 17500
training loss = 1.3175408840179443 18000
training loss = 1.312239646911621 18500
training loss = 1.4949584007263184 19000
training loss = 1.3691200017929077 19500
training loss = 1.3201568126678467 20000
training loss = 1.3184118270874023 20500
reduced chi^2 level 2 = 1.3051726818084717
Constrained alpha: 2.21665096282959
Constrained beta: 5.090839385986328
Constrained gamma: 69.49420928955078
(1, 53)
(1, 0)
