data before
[0.00000000e+00 0.00000000e+00 0.00000000e+00 0.00000000e+00
 0.00000000e+00 0.00000000e+00 0.00000000e+00 0.00000000e+00
 0.00000000e+00 0.00000000e+00 0.00000000e+00 9.17376737e-01
 2.87436164e+01 2.49180256e+02 6.63079121e+02 1.22065861e+03
 2.03698583e+03 3.21634275e+03 4.75029331e+03 7.37539545e+03
 1.12143034e+04 1.54323898e+04 2.24652511e+04 3.47759566e+04
 4.08591781e+04 4.40436909e+04 4.73523428e+04 5.01265999e+04
 5.21138332e+04 5.14355295e+04 4.79536154e+04 4.21893882e+04
 3.36635849e+04 2.42587931e+04 1.55754430e+04 9.78760306e+03
 6.68288505e+03 5.67294803e+03 6.55715929e+02 0.00000000e+00
 0.00000000e+00]
2
data after
[29.660993151841108, 249.18025629698565, 663.0791206980514, 1220.6586099447632, 2036.9858339264833, 3216.3427509086605, 4750.293309300629, 7375.395446675965, 11214.303396917725, 15432.38980980774, 22465.251119976194, 34775.956593591916, 40859.178068666384, 44043.69088234864, 47352.342793178104, 50126.599944482725, 52113.83316188202, 51435.52954527405, 47953.615431912236, 42189.38823230286, 33663.58491148224, 24258.793065937425, 15575.443048762894, 9787.603055130005, 6682.885050846005, 5672.948025443411, 655.7159291787357]
2
data,sig_tot
[2.96609932e+01 2.49180256e+02 6.63079121e+02 1.22065861e+03
 2.03698583e+03 3.21634275e+03 4.75029331e+03 7.37539545e+03
 1.12143034e+04 1.54323898e+04 2.24652511e+04 3.47759566e+04
 4.08591781e+04 4.40436909e+04 4.73523428e+04 5.01265999e+04
 5.21138332e+04 5.14355295e+04 4.79536154e+04 4.21893882e+04
 3.36635849e+04 2.42587931e+04 1.55754430e+04 9.78760306e+03
 6.68288505e+03 5.67294803e+03 6.55715929e+02 5.04350591e+01
 1.59864779e+02 4.74006151e+02 9.60427414e+02 1.55038233e+03
 2.17249007e+03 2.89261735e+03 4.11306767e+03 5.54400221e+03
 7.79539174e+03 1.10351092e+04 1.08642202e+04 1.19164650e+04
 1.26139049e+04 1.23254457e+04 1.16772370e+04 1.02197499e+04
 8.65355999e+03 6.95543045e+03 5.18652627e+03 3.51086037e+03
 2.19478346e+03 1.38934820e+03 9.46228668e+02 7.15352756e+02
 7.78925714e+01]
[2.96609932e+01 2.49180256e+02 6.63079121e+02 1.22065861e+03
 2.03698583e+03 3.21634275e+03 4.75029331e+03 7.37539545e+03
 1.12143034e+04 1.54323898e+04 2.24652511e+04 3.47759566e+04
 4.08591781e+04 4.40436909e+04 4.73523428e+04 5.01265999e+04
 5.21138332e+04 5.14355295e+04 4.79536154e+04 4.21893882e+04
 3.36635849e+04 2.42587931e+04 1.55754430e+04 9.78760306e+03
 6.68288505e+03 5.67294803e+03 6.55715929e+02 5.04350591e+01
 1.59864779e+02 4.74006151e+02 9.60427414e+02 1.55038233e+03
 2.17249007e+03 2.89261735e+03 4.11306767e+03 5.54400221e+03
 7.79539174e+03 1.10351092e+04 1.08642202e+04 1.19164650e+04
 1.26139049e+04 1.23254457e+04 1.16772370e+04 1.02197499e+04
 8.65355999e+03 6.95543045e+03 5.18652627e+03 3.51086037e+03
 2.19478346e+03 1.38934820e+03 9.46228668e+02 7.15352756e+02
 7.78925714e+01]
3.1317325265919944 4.443842294357314 61.20804150100456
val isze = 0
idinces = [20  3 45 17 31 35 39 26 21 38 23 34  7  6 42  2 50 43 10 37 27 18  4  1
 12 48 22 30 47 19 32  5 13 14 44 33 24 11 41 16 51 40 49 52  8 46 29 25
 28  0 15 36  9]
training loss = 46.549564361572266 500
training loss = 44.323020935058594 1000
training loss = 44.278324127197266 1500
training loss = 44.214691162109375 2000
training loss = 44.12513732910156 2500
training loss = 43.9974479675293 3000
training loss = 46.04414749145508 3500
training loss = 44.991722106933594 4000
training loss = 3.162121534347534 4500
training loss = 1.8145225048065186 5000
training loss = 1.6151502132415771 5500
training loss = 1.5278922319412231 6000
training loss = 1.4873484373092651 6500
training loss = 1.4901047945022583 7000
training loss = 1.4564001560211182 7500
training loss = 1.4464739561080933 8000
training loss = 1.434157371520996 8500
training loss = 4.3389739990234375 9000
training loss = 1.4015828371047974 9500
training loss = 1.3888938426971436 10000
training loss = 1.3794671297073364 10500
training loss = 1.3663889169692993 11000
training loss = 1.3714481592178345 11500
training loss = 1.348448634147644 12000
training loss = 1.3414050340652466 12500
training loss = 1.4084997177124023 13000
training loss = 1.3550374507904053 13500
training loss = 1.331868290901184 14000
training loss = 1.3266452550888062 14500
training loss = 1.336893081665039 15000
training loss = 4.55211877822876 15500
training loss = 1.3524208068847656 16000
training loss = 1.3145122528076172 16500
training loss = 6.030106544494629 17000
training loss = 1.310279130935669 17500
training loss = 2.608410358428955 18000
training loss = 1.3682695627212524 18500
training loss = 1.3236750364303589 19000
training loss = 1.4201438426971436 19500
training loss = 1.4047212600708008 20000
training loss = 1.3658502101898193 20500
training loss = 1.3031671047210693 21000
training loss = 1.3011932373046875 21500
training loss = 1.9696683883666992 22000
training loss = 2.1475539207458496 22500
training loss = 1.3032134771347046 23000
training loss = 1.367841362953186 23500
training loss = 1.2969708442687988 24000
training loss = 4.115305423736572 24500
training loss = 1.2992804050445557 25000
reduced chi^2 level 2 = 1.300316572189331
Constrained alpha: 2.2002768516540527
Constrained beta: 4.2605719566345215
Constrained gamma: 48.38240051269531
(1, 53)
(1, 0)
