data before
[0.00000000e+00 0.00000000e+00 0.00000000e+00 0.00000000e+00
 0.00000000e+00 0.00000000e+00 0.00000000e+00 0.00000000e+00
 0.00000000e+00 0.00000000e+00 0.00000000e+00 9.17376737e-01
 2.87436164e+01 2.49180256e+02 6.63079121e+02 1.22065861e+03
 2.03698583e+03 3.21634275e+03 4.75029331e+03 7.37539545e+03
 1.12143034e+04 1.54323898e+04 2.24652511e+04 3.47759566e+04
 4.08591781e+04 4.40436909e+04 4.73523428e+04 5.01265999e+04
 5.21138332e+04 5.14355295e+04 4.79536154e+04 4.21893882e+04
 3.36635849e+04 2.42587931e+04 1.55754430e+04 9.78760306e+03
 6.68288505e+03 5.67294803e+03 6.55715929e+02 0.00000000e+00
 0.00000000e+00]
2
data after
[29.660993151841108, 249.18025629698565, 663.0791206980514, 1220.6586099447632, 2036.9858339264833, 3216.3427509086605, 4750.293309300629, 7375.395446675965, 11214.303396917725, 15432.38980980774, 22465.251119976194, 34775.956593591916, 40859.178068666384, 44043.69088234864, 47352.342793178104, 50126.599944482725, 52113.83316188202, 51435.52954527405, 47953.615431912236, 42189.38823230286, 33663.58491148224, 24258.793065937425, 15575.443048762894, 9787.603055130005, 6682.885050846005, 5672.948025443411, 655.7159291787357]
2
data,sig_tot
[2.96609932e+01 2.49180256e+02 6.63079121e+02 1.22065861e+03
 2.03698583e+03 3.21634275e+03 4.75029331e+03 7.37539545e+03
 1.12143034e+04 1.54323898e+04 2.24652511e+04 3.47759566e+04
 4.08591781e+04 4.40436909e+04 4.73523428e+04 5.01265999e+04
 5.21138332e+04 5.14355295e+04 4.79536154e+04 4.21893882e+04
 3.36635849e+04 2.42587931e+04 1.55754430e+04 9.78760306e+03
 6.68288505e+03 5.67294803e+03 6.55715929e+02 5.04350591e+01
 1.59864779e+02 4.74006151e+02 9.60427414e+02 1.55038233e+03
 2.17249007e+03 2.89261735e+03 4.11306767e+03 5.54400221e+03
 7.79539174e+03 1.10351092e+04 1.08642202e+04 1.19164650e+04
 1.26139049e+04 1.23254457e+04 1.16772370e+04 1.02197499e+04
 8.65355999e+03 6.95543045e+03 5.18652627e+03 3.51086037e+03
 2.19478346e+03 1.38934820e+03 9.46228668e+02 7.15352756e+02
 7.78925714e+01]
[2.96609932e+01 2.49180256e+02 6.63079121e+02 1.22065861e+03
 2.03698583e+03 3.21634275e+03 4.75029331e+03 7.37539545e+03
 1.12143034e+04 1.54323898e+04 2.24652511e+04 3.47759566e+04
 4.08591781e+04 4.40436909e+04 4.73523428e+04 5.01265999e+04
 5.21138332e+04 5.14355295e+04 4.79536154e+04 4.21893882e+04
 3.36635849e+04 2.42587931e+04 1.55754430e+04 9.78760306e+03
 6.68288505e+03 5.67294803e+03 6.55715929e+02 5.04350591e+01
 1.59864779e+02 4.74006151e+02 9.60427414e+02 1.55038233e+03
 2.17249007e+03 2.89261735e+03 4.11306767e+03 5.54400221e+03
 7.79539174e+03 1.10351092e+04 1.08642202e+04 1.19164650e+04
 1.26139049e+04 1.23254457e+04 1.16772370e+04 1.02197499e+04
 8.65355999e+03 6.95543045e+03 5.18652627e+03 3.51086037e+03
 2.19478346e+03 1.38934820e+03 9.46228668e+02 7.15352756e+02
 7.78925714e+01]
0.9041524323181471 15.25398365747046 65.4505868620178
val isze = 0
idinces = [20  3 45 17 31 35 39 26 21 38 23 34  7  6 42  2 50 43 10 37 27 18  4  1
 12 48 22 30 47 19 32  5 13 14 44 33 24 11 41 16 51 40 49 52  8 46 29 25
 28  0 15 36  9]
training loss = 286.7563171386719 500
training loss = 40.357505798339844 1000
training loss = 33.30527114868164 1500
training loss = 4.157410144805908 2000
training loss = 2.5509591102600098 2500
training loss = 2.351973056793213 3000
training loss = 2.3234829902648926 3500
training loss = 2.3113434314727783 4000
training loss = 2.3009533882141113 4500
training loss = 2.2893028259277344 5000
training loss = 2.2769570350646973 5500
training loss = 2.262824296951294 6000
training loss = 2.247328519821167 6500
training loss = 2.253969430923462 7000
training loss = 2.2313194274902344 7500
training loss = 2.6346402168273926 8000
training loss = 3.4462075233459473 8500
training loss = 2.0835134983062744 9000
training loss = 3.110703945159912 9500
training loss = 1.8712294101715088 10000
training loss = 1.7566410303115845 10500
training loss = 1.6657326221466064 11000
training loss = 1.6081477403640747 11500
training loss = 1.5583301782608032 12000
training loss = 1.5609649419784546 12500
training loss = 1.4864894151687622 13000
training loss = 1.430470585823059 13500
training loss = 1.3784263134002686 14000
training loss = 1.3526688814163208 14500
training loss = 1.3350132703781128 15000
training loss = 1.6183098554611206 15500
training loss = 1.503048300743103 16000
training loss = 1.3182893991470337 16500
training loss = 1.3712998628616333 17000
training loss = 1.302080512046814 17500
training loss = 1.3002068996429443 18000
training loss = 1.2986167669296265 18500
training loss = 1.2999281883239746 19000
training loss = 1.2968147993087769 19500
training loss = 1.2962546348571777 20000
training loss = 1.2956180572509766 20500
training loss = 1.300221562385559 21000
training loss = 1.2949398756027222 21500
training loss = 1.2943522930145264 22000
training loss = 1.2953033447265625 22500
training loss = 4.574131965637207 23000
training loss = 1.293242335319519 23500
training loss = 1.2928833961486816 24000
training loss = 1.2926117181777954 24500
training loss = 1.3099697828292847 25000
reduced chi^2 level 2 = 1.3210467100143433
Constrained alpha: 2.2064623832702637
Constrained beta: 5.11818790435791
Constrained gamma: 50.6770133972168
(1, 53)
(1, 0)
