data before
[0.00000000e+00 0.00000000e+00 0.00000000e+00 0.00000000e+00
 0.00000000e+00 0.00000000e+00 0.00000000e+00 0.00000000e+00
 0.00000000e+00 0.00000000e+00 0.00000000e+00 9.17376737e-01
 2.87436164e+01 2.49180256e+02 6.63079121e+02 1.22065861e+03
 2.03698583e+03 3.21634275e+03 4.75029331e+03 7.37539545e+03
 1.12143034e+04 1.54323898e+04 2.24652511e+04 3.47759566e+04
 4.08591781e+04 4.40436909e+04 4.73523428e+04 5.01265999e+04
 5.21138332e+04 5.14355295e+04 4.79536154e+04 4.21893882e+04
 3.36635849e+04 2.42587931e+04 1.55754430e+04 9.78760306e+03
 6.68288505e+03 5.67294803e+03 6.55715929e+02 0.00000000e+00
 0.00000000e+00]
2
data after
[29.660993151841108, 249.18025629698565, 663.0791206980514, 1220.6586099447632, 2036.9858339264833, 3216.3427509086605, 4750.293309300629, 7375.395446675965, 11214.303396917725, 15432.38980980774, 22465.251119976194, 34775.956593591916, 40859.178068666384, 44043.69088234864, 47352.342793178104, 50126.599944482725, 52113.83316188202, 51435.52954527405, 47953.615431912236, 42189.38823230286, 33663.58491148224, 24258.793065937425, 15575.443048762894, 9787.603055130005, 6682.885050846005, 5672.948025443411, 655.7159291787357]
2
data,sig_tot
[2.96609932e+01 2.49180256e+02 6.63079121e+02 1.22065861e+03
 2.03698583e+03 3.21634275e+03 4.75029331e+03 7.37539545e+03
 1.12143034e+04 1.54323898e+04 2.24652511e+04 3.47759566e+04
 4.08591781e+04 4.40436909e+04 4.73523428e+04 5.01265999e+04
 5.21138332e+04 5.14355295e+04 4.79536154e+04 4.21893882e+04
 3.36635849e+04 2.42587931e+04 1.55754430e+04 9.78760306e+03
 6.68288505e+03 5.67294803e+03 6.55715929e+02 5.04350591e+01
 1.59864779e+02 4.74006151e+02 9.60427414e+02 1.55038233e+03
 2.17249007e+03 2.89261735e+03 4.11306767e+03 5.54400221e+03
 7.79539174e+03 1.10351092e+04 1.08642202e+04 1.19164650e+04
 1.26139049e+04 1.23254457e+04 1.16772370e+04 1.02197499e+04
 8.65355999e+03 6.95543045e+03 5.18652627e+03 3.51086037e+03
 2.19478346e+03 1.38934820e+03 9.46228668e+02 7.15352756e+02
 7.78925714e+01]
[2.96609932e+01 2.49180256e+02 6.63079121e+02 1.22065861e+03
 2.03698583e+03 3.21634275e+03 4.75029331e+03 7.37539545e+03
 1.12143034e+04 1.54323898e+04 2.24652511e+04 3.47759566e+04
 4.08591781e+04 4.40436909e+04 4.73523428e+04 5.01265999e+04
 5.21138332e+04 5.14355295e+04 4.79536154e+04 4.21893882e+04
 3.36635849e+04 2.42587931e+04 1.55754430e+04 9.78760306e+03
 6.68288505e+03 5.67294803e+03 6.55715929e+02 5.04350591e+01
 1.59864779e+02 4.74006151e+02 9.60427414e+02 1.55038233e+03
 2.17249007e+03 2.89261735e+03 4.11306767e+03 5.54400221e+03
 7.79539174e+03 1.10351092e+04 1.08642202e+04 1.19164650e+04
 1.26139049e+04 1.23254457e+04 1.16772370e+04 1.02197499e+04
 8.65355999e+03 6.95543045e+03 5.18652627e+03 3.51086037e+03
 2.19478346e+03 1.38934820e+03 9.46228668e+02 7.15352756e+02
 7.78925714e+01]
1.5291770432372176 4.1006611780682505 80.66113896926682
val isze = 0
idinces = [20  3 45 17 31 35 39 26 21 38 23 34  7  6 42  2 50 43 10 37 27 18  4  1
 12 48 22 30 47 19 32  5 13 14 44 33 24 11 41 16 51 40 49 52  8 46 29 25
 28  0 15 36  9]
training loss = 44.6484489440918 500
training loss = 44.5204963684082 1000
training loss = 44.503639221191406 1500
training loss = 44.47602081298828 2000
training loss = 44.4287109375 2500
training loss = 44.341041564941406 3000
training loss = 44.15653610229492 3500
training loss = 43.70137405395508 4000
training loss = 42.04132080078125 4500
training loss = 2.965916633605957 5000
training loss = 2.8797590732574463 5500
training loss = 2.836961507797241 6000
training loss = 2.8082051277160645 6500
training loss = 2.7857720851898193 7000
training loss = 2.7656326293945312 7500
training loss = 2.7793993949890137 8000
training loss = 2.7279560565948486 8500
training loss = 2.707817792892456 9000
training loss = 2.6877822875976562 9500
training loss = 2.667314052581787 10000
training loss = 2.646000623703003 10500
training loss = 2.6241133213043213 11000
training loss = 2.6008455753326416 11500
training loss = 2.5766658782958984 12000
training loss = 2.550062656402588 12500
training loss = 2.5226261615753174 13000
training loss = 2.4970104694366455 13500
training loss = 2.4986400604248047 14000
training loss = 2.424945116043091 14500
training loss = 2.388808012008667 15000
training loss = 2.3476691246032715 15500
training loss = 2.300900936126709 16000
training loss = 2.2503857612609863 16500
training loss = 2.651895761489868 17000
training loss = 2.069894790649414 17500
training loss = 1.9618405103683472 18000
training loss = 1.8527063131332397 18500
training loss = 1.7585136890411377 19000
training loss = 1.69225013256073 19500
training loss = 1.6170175075531006 20000
training loss = 1.5996330976486206 20500
training loss = 1.6089388132095337 21000
training loss = 1.6437506675720215 21500
training loss = 3.885354518890381 22000
training loss = 1.5741112232208252 22500
training loss = 1.5721261501312256 23000
training loss = 1.5705071687698364 23500
training loss = 1.5788744688034058 24000
training loss = 1.5803650617599487 24500
training loss = 1.5999289751052856 25000
reduced chi^2 level 2 = 1.6211130619049072
Constrained alpha: 2.1540651321411133
Constrained beta: 4.6692914962768555
Constrained gamma: 60.93545150756836
(1, 53)
(1, 0)
