data before
[0.00000000e+00 0.00000000e+00 0.00000000e+00 0.00000000e+00
 0.00000000e+00 0.00000000e+00 0.00000000e+00 0.00000000e+00
 0.00000000e+00 0.00000000e+00 0.00000000e+00 9.17376737e-01
 2.87436164e+01 2.49180256e+02 6.63079121e+02 1.22065861e+03
 2.03698583e+03 3.21634275e+03 4.75029331e+03 7.37539545e+03
 1.12143034e+04 1.54323898e+04 2.24652511e+04 3.47759566e+04
 4.08591781e+04 4.40436909e+04 4.73523428e+04 5.01265999e+04
 5.21138332e+04 5.14355295e+04 4.79536154e+04 4.21893882e+04
 3.36635849e+04 2.42587931e+04 1.55754430e+04 9.78760306e+03
 6.68288505e+03 5.67294803e+03 6.55715929e+02 0.00000000e+00
 0.00000000e+00]
2
data after
[29.660993151841108, 249.18025629698565, 663.0791206980514, 1220.6586099447632, 2036.9858339264833, 3216.3427509086605, 4750.293309300629, 7375.395446675965, 11214.303396917725, 15432.38980980774, 22465.251119976194, 34775.956593591916, 40859.178068666384, 44043.69088234864, 47352.342793178104, 50126.599944482725, 52113.83316188202, 51435.52954527405, 47953.615431912236, 42189.38823230286, 33663.58491148224, 24258.793065937425, 15575.443048762894, 9787.603055130005, 6682.885050846005, 5672.948025443411, 655.7159291787357]
2
data,sig_tot
[2.96609932e+01 2.49180256e+02 6.63079121e+02 1.22065861e+03
 2.03698583e+03 3.21634275e+03 4.75029331e+03 7.37539545e+03
 1.12143034e+04 1.54323898e+04 2.24652511e+04 3.47759566e+04
 4.08591781e+04 4.40436909e+04 4.73523428e+04 5.01265999e+04
 5.21138332e+04 5.14355295e+04 4.79536154e+04 4.21893882e+04
 3.36635849e+04 2.42587931e+04 1.55754430e+04 9.78760306e+03
 6.68288505e+03 5.67294803e+03 6.55715929e+02 5.04350591e+01
 1.59864779e+02 4.74006151e+02 9.60427414e+02 1.55038233e+03
 2.17249007e+03 2.89261735e+03 4.11306767e+03 5.54400221e+03
 7.79539174e+03 1.10351092e+04 1.08642202e+04 1.19164650e+04
 1.26139049e+04 1.23254457e+04 1.16772370e+04 1.02197499e+04
 8.65355999e+03 6.95543045e+03 5.18652627e+03 3.51086037e+03
 2.19478346e+03 1.38934820e+03 9.46228668e+02 7.15352756e+02
 7.78925714e+01]
[2.96609932e+01 2.49180256e+02 6.63079121e+02 1.22065861e+03
 2.03698583e+03 3.21634275e+03 4.75029331e+03 7.37539545e+03
 1.12143034e+04 1.54323898e+04 2.24652511e+04 3.47759566e+04
 4.08591781e+04 4.40436909e+04 4.73523428e+04 5.01265999e+04
 5.21138332e+04 5.14355295e+04 4.79536154e+04 4.21893882e+04
 3.36635849e+04 2.42587931e+04 1.55754430e+04 9.78760306e+03
 6.68288505e+03 5.67294803e+03 6.55715929e+02 5.04350591e+01
 1.59864779e+02 4.74006151e+02 9.60427414e+02 1.55038233e+03
 2.17249007e+03 2.89261735e+03 4.11306767e+03 5.54400221e+03
 7.79539174e+03 1.10351092e+04 1.08642202e+04 1.19164650e+04
 1.26139049e+04 1.23254457e+04 1.16772370e+04 1.02197499e+04
 8.65355999e+03 6.95543045e+03 5.18652627e+03 3.51086037e+03
 2.19478346e+03 1.38934820e+03 9.46228668e+02 7.15352756e+02
 7.78925714e+01]
3.5714254511539907 8.898623966890966 86.57703310582893
val isze = 0
idinces = [20  3 45 17 31 35 39 26 21 38 23 34  7  6 42  2 50 43 10 37 27 18  4  1
 12 48 22 30 47 19 32  5 13 14 44 33 24 11 41 16 51 40 49 52  8 46 29 25
 28  0 15 36  9]
training loss = 44.97943878173828 500
training loss = 43.88423156738281 1000
training loss = 41.855220794677734 1500
training loss = 2.487358808517456 2000
training loss = 1.9923332929611206 2500
training loss = 1.8030346632003784 3000
training loss = 1.7213459014892578 3500
training loss = 1.6836426258087158 4000
training loss = 1.666360855102539 4500
training loss = 1.6650067567825317 5000
training loss = 17.13180923461914 5500
training loss = 10.402969360351562 6000
training loss = 1.6383262872695923 6500
training loss = 1.6377485990524292 7000
training loss = 1.632660984992981 7500
training loss = 1.6310245990753174 8000
training loss = 1.6294366121292114 8500
training loss = 1.628348469734192 9000
training loss = 1.6275510787963867 9500
training loss = 1.6269923448562622 10000
training loss = 1.628699541091919 10500
training loss = 1.6443125009536743 11000
training loss = 1.6301734447479248 11500
training loss = 1.6266859769821167 12000
training loss = 1.627258062362671 12500
training loss = 1.6869802474975586 13000
training loss = 1.739104986190796 13500
training loss = 3.935070514678955 14000
training loss = 1.7140299081802368 14500
training loss = 1.671949863433838 15000
training loss = 1.6363905668258667 15500
training loss = 1.7055540084838867 16000
training loss = 1.6837773323059082 16500
training loss = 1.7455145120620728 17000
training loss = 1.6453967094421387 17500
training loss = 1.6240447759628296 18000
training loss = 1.6236196756362915 18500
training loss = 1.6234047412872314 19000
training loss = 1.6232959032058716 19500
training loss = 1.6231341361999512 20000
training loss = 1.6229608058929443 20500
training loss = 1.6227936744689941 21000
training loss = 1.6227582693099976 21500
training loss = 1.6225649118423462 22000
training loss = 1.6249008178710938 22500
training loss = 1.6223276853561401 23000
training loss = 1.6736618280410767 23500
training loss = 1.6218613386154175 24000
training loss = 1.6216729879379272 24500
training loss = 1.621482253074646 25000
reduced chi^2 level 2 = 1.6214776039123535
Constrained alpha: 2.2318367958068848
Constrained beta: 3.9409842491149902
Constrained gamma: 61.46910095214844
(1, 53)
(1, 0)
