data before
[0.00000000e+00 0.00000000e+00 0.00000000e+00 0.00000000e+00
 0.00000000e+00 0.00000000e+00 0.00000000e+00 0.00000000e+00
 0.00000000e+00 0.00000000e+00 0.00000000e+00 9.17376737e-01
 2.87436164e+01 2.49180256e+02 6.63079121e+02 1.22065861e+03
 2.03698583e+03 3.21634275e+03 4.75029331e+03 7.37539545e+03
 1.12143034e+04 1.54323898e+04 2.24652511e+04 3.47759566e+04
 4.08591781e+04 4.40436909e+04 4.73523428e+04 5.01265999e+04
 5.21138332e+04 5.14355295e+04 4.79536154e+04 4.21893882e+04
 3.36635849e+04 2.42587931e+04 1.55754430e+04 9.78760306e+03
 6.68288505e+03 5.67294803e+03 6.55715929e+02 0.00000000e+00
 0.00000000e+00]
2
data after
[29.660993151841108, 249.18025629698565, 663.0791206980514, 1220.6586099447632, 2036.9858339264833, 3216.3427509086605, 4750.293309300629, 7375.395446675965, 11214.303396917725, 15432.38980980774, 22465.251119976194, 34775.956593591916, 40859.178068666384, 44043.69088234864, 47352.342793178104, 50126.599944482725, 52113.83316188202, 51435.52954527405, 47953.615431912236, 42189.38823230286, 33663.58491148224, 24258.793065937425, 15575.443048762894, 9787.603055130005, 6682.885050846005, 5672.948025443411, 655.7159291787357]
2
data,sig_tot
[2.96609932e+01 2.49180256e+02 6.63079121e+02 1.22065861e+03
 2.03698583e+03 3.21634275e+03 4.75029331e+03 7.37539545e+03
 1.12143034e+04 1.54323898e+04 2.24652511e+04 3.47759566e+04
 4.08591781e+04 4.40436909e+04 4.73523428e+04 5.01265999e+04
 5.21138332e+04 5.14355295e+04 4.79536154e+04 4.21893882e+04
 3.36635849e+04 2.42587931e+04 1.55754430e+04 9.78760306e+03
 6.68288505e+03 5.67294803e+03 6.55715929e+02 5.04350591e+01
 1.59864779e+02 4.74006151e+02 9.60427414e+02 1.55038233e+03
 2.17249007e+03 2.89261735e+03 4.11306767e+03 5.54400221e+03
 7.79539174e+03 1.10351092e+04 1.08642202e+04 1.19164650e+04
 1.26139049e+04 1.23254457e+04 1.16772370e+04 1.02197499e+04
 8.65355999e+03 6.95543045e+03 5.18652627e+03 3.51086037e+03
 2.19478346e+03 1.38934820e+03 9.46228668e+02 7.15352756e+02
 7.78925714e+01]
[2.96609932e+01 2.49180256e+02 6.63079121e+02 1.22065861e+03
 2.03698583e+03 3.21634275e+03 4.75029331e+03 7.37539545e+03
 1.12143034e+04 1.54323898e+04 2.24652511e+04 3.47759566e+04
 4.08591781e+04 4.40436909e+04 4.73523428e+04 5.01265999e+04
 5.21138332e+04 5.14355295e+04 4.79536154e+04 4.21893882e+04
 3.36635849e+04 2.42587931e+04 1.55754430e+04 9.78760306e+03
 6.68288505e+03 5.67294803e+03 6.55715929e+02 5.04350591e+01
 1.59864779e+02 4.74006151e+02 9.60427414e+02 1.55038233e+03
 2.17249007e+03 2.89261735e+03 4.11306767e+03 5.54400221e+03
 7.79539174e+03 1.10351092e+04 1.08642202e+04 1.19164650e+04
 1.26139049e+04 1.23254457e+04 1.16772370e+04 1.02197499e+04
 8.65355999e+03 6.95543045e+03 5.18652627e+03 3.51086037e+03
 2.19478346e+03 1.38934820e+03 9.46228668e+02 7.15352756e+02
 7.78925714e+01]
1.8643413337269616 16.69543014550635 46.41654165458367
val isze = 0
idinces = [20  3 45 17 31 35 39 26 21 38 23 34  7  6 42  2 50 43 10 37 27 18  4  1
 12 48 22 30 47 19 32  5 13 14 44 33 24 11 41 16 51 40 49 52  8 46 29 25
 28  0 15 36  9]
training loss = 141.29270935058594 500
training loss = 42.58524703979492 1000
training loss = 41.76605224609375 1500
training loss = 40.65686798095703 2000
training loss = 31.83222770690918 2500
training loss = 1.9409151077270508 3000
training loss = 1.8925625085830688 3500
training loss = 1.8392400741577148 4000
training loss = 1.793094277381897 4500
training loss = 1.7415032386779785 5000
training loss = 1.6747794151306152 5500
training loss = 1.576534390449524 6000
training loss = 1.4362609386444092 6500
training loss = 1.3197894096374512 7000
training loss = 5.071635723114014 7500
training loss = 1.2641535997390747 8000
training loss = 1.2501354217529297 8500
training loss = 1.3128795623779297 9000
training loss = 4.304742336273193 9500
training loss = 1.3254857063293457 10000
training loss = 1.877440333366394 10500
training loss = 1.2270712852478027 11000
training loss = 1.2255675792694092 11500
training loss = 1.2264583110809326 12000
training loss = 1.2241697311401367 12500
training loss = 1.2235996723175049 13000
training loss = 1.2231507301330566 13500
training loss = 1.2229187488555908 14000
training loss = 1.2228516340255737 14500
training loss = 1.2225958108901978 15000
training loss = 1.2225372791290283 15500
training loss = 1.2402927875518799 16000
training loss = 7.437830448150635 16500
training loss = 1.2374519109725952 17000
training loss = 1.600521206855774 17500
training loss = 1.4323376417160034 18000
training loss = 1.2688877582550049 18500
training loss = 2.6480085849761963 19000
training loss = 1.4183207750320435 19500
training loss = 1.2219771146774292 20000
training loss = 1.2240663766860962 20500
training loss = 1.2208620309829712 21000
training loss = 1.2206445932388306 21500
training loss = 1.2205581665039062 22000
training loss = 1.2208703756332397 22500
training loss = 1.446729302406311 23000
training loss = 1.2225042581558228 23500
training loss = 1.219768762588501 24000
training loss = 1.2196356058120728 24500
training loss = 1.2194803953170776 25000
reduced chi^2 level 2 = 1.2194812297821045
Constrained alpha: 2.181100606918335
Constrained beta: 5.48643684387207
Constrained gamma: 38.459327697753906
(1, 53)
(1, 0)
