data before
[0.00000000e+00 0.00000000e+00 0.00000000e+00 0.00000000e+00
 0.00000000e+00 0.00000000e+00 0.00000000e+00 0.00000000e+00
 0.00000000e+00 0.00000000e+00 0.00000000e+00 9.17376737e-01
 2.87436164e+01 2.49180256e+02 6.63079121e+02 1.22065861e+03
 2.03698583e+03 3.21634275e+03 4.75029331e+03 7.37539545e+03
 1.12143034e+04 1.54323898e+04 2.24652511e+04 3.47759566e+04
 4.08591781e+04 4.40436909e+04 4.73523428e+04 5.01265999e+04
 5.21138332e+04 5.14355295e+04 4.79536154e+04 4.21893882e+04
 3.36635849e+04 2.42587931e+04 1.55754430e+04 9.78760306e+03
 6.68288505e+03 5.67294803e+03 6.55715929e+02 0.00000000e+00
 0.00000000e+00]
2
data after
[29.660993151841108, 249.18025629698565, 663.0791206980514, 1220.6586099447632, 2036.9858339264833, 3216.3427509086605, 4750.293309300629, 7375.395446675965, 11214.303396917725, 15432.38980980774, 22465.251119976194, 34775.956593591916, 40859.178068666384, 44043.69088234864, 47352.342793178104, 50126.599944482725, 52113.83316188202, 51435.52954527405, 47953.615431912236, 42189.38823230286, 33663.58491148224, 24258.793065937425, 15575.443048762894, 9787.603055130005, 6682.885050846005, 5672.948025443411, 655.7159291787357]
2
data,sig_tot
[2.96609932e+01 2.49180256e+02 6.63079121e+02 1.22065861e+03
 2.03698583e+03 3.21634275e+03 4.75029331e+03 7.37539545e+03
 1.12143034e+04 1.54323898e+04 2.24652511e+04 3.47759566e+04
 4.08591781e+04 4.40436909e+04 4.73523428e+04 5.01265999e+04
 5.21138332e+04 5.14355295e+04 4.79536154e+04 4.21893882e+04
 3.36635849e+04 2.42587931e+04 1.55754430e+04 9.78760306e+03
 6.68288505e+03 5.67294803e+03 6.55715929e+02 5.04350591e+01
 1.59864779e+02 4.74006151e+02 9.60427414e+02 1.55038233e+03
 2.17249007e+03 2.89261735e+03 4.11306767e+03 5.54400221e+03
 7.79539174e+03 1.10351092e+04 1.08642202e+04 1.19164650e+04
 1.26139049e+04 1.23254457e+04 1.16772370e+04 1.02197499e+04
 8.65355999e+03 6.95543045e+03 5.18652627e+03 3.51086037e+03
 2.19478346e+03 1.38934820e+03 9.46228668e+02 7.15352756e+02
 7.78925714e+01]
[2.96609932e+01 2.49180256e+02 6.63079121e+02 1.22065861e+03
 2.03698583e+03 3.21634275e+03 4.75029331e+03 7.37539545e+03
 1.12143034e+04 1.54323898e+04 2.24652511e+04 3.47759566e+04
 4.08591781e+04 4.40436909e+04 4.73523428e+04 5.01265999e+04
 5.21138332e+04 5.14355295e+04 4.79536154e+04 4.21893882e+04
 3.36635849e+04 2.42587931e+04 1.55754430e+04 9.78760306e+03
 6.68288505e+03 5.67294803e+03 6.55715929e+02 5.04350591e+01
 1.59864779e+02 4.74006151e+02 9.60427414e+02 1.55038233e+03
 2.17249007e+03 2.89261735e+03 4.11306767e+03 5.54400221e+03
 7.79539174e+03 1.10351092e+04 1.08642202e+04 1.19164650e+04
 1.26139049e+04 1.23254457e+04 1.16772370e+04 1.02197499e+04
 8.65355999e+03 6.95543045e+03 5.18652627e+03 3.51086037e+03
 2.19478346e+03 1.38934820e+03 9.46228668e+02 7.15352756e+02
 7.78925714e+01]
2.2311926744584607 15.675042810647694 41.06533634810611
val isze = 0
idinces = [20  3 45 17 31 35 39 26 21 38 23 34  7  6 42  2 50 43 10 37 27 18  4  1
 12 48 22 30 47 19 32  5 13 14 44 33 24 11 41 16 51 40 49 52  8 46 29 25
 28  0 15 36  9]
training loss = 193.1112518310547 500
training loss = 44.20402908325195 1000
training loss = 43.51906967163086 1500
training loss = 42.31818389892578 2000
training loss = 35.20918655395508 2500
training loss = 3.644580841064453 3000
training loss = 2.997666835784912 3500
training loss = 2.880941152572632 4000
training loss = 2.8266263008117676 4500
training loss = 2.7804481983184814 5000
training loss = 2.761525869369507 5500
training loss = 2.671767473220825 6000
training loss = 2.6036176681518555 6500
training loss = 2.534044027328491 7000
training loss = 2.4672493934631348 7500
training loss = 2.4033989906311035 8000
training loss = 2.3389978408813477 8500
training loss = 2.271116018295288 9000
training loss = 2.2021148204803467 9500
training loss = 2.163682699203491 10000
training loss = 2.065110921859741 10500
training loss = 1.9945834875106812 11000
training loss = 1.9268479347229004 11500
training loss = 11.384532928466797 12000
training loss = 6.488227367401123 12500
training loss = 1.7502036094665527 13000
training loss = 1.7091609239578247 13500
training loss = 1.6779215335845947 14000
training loss = 1.6552207469940186 14500
training loss = 1.8819218873977661 15000
training loss = 4.473331928253174 15500
training loss = 2.1369645595550537 16000
training loss = 2.993882179260254 16500
training loss = 1.7917603254318237 17000
training loss = 1.6202341318130493 17500
training loss = 1.604690670967102 18000
training loss = 1.7078090906143188 18500
training loss = 2.396681308746338 19000
training loss = 1.9139859676361084 19500
training loss = 1.6567612886428833 20000
training loss = 1.6046807765960693 20500
training loss = 1.6268128156661987 21000
training loss = 1.603283405303955 21500
training loss = 1.6659876108169556 22000
training loss = 1.684614658355713 22500
training loss = 1.6005384922027588 23000
training loss = 1.603552222251892 23500
training loss = 1.6128530502319336 24000
training loss = 1.599578619003296 24500
training loss = 1.716360330581665 25000
reduced chi^2 level 2 = 1.736464023590088
Constrained alpha: 2.206690549850464
Constrained beta: 4.827775478363037
Constrained gamma: 35.64311599731445
(1, 53)
(1, 0)
