data before
[ 0.82527075 11.09911714 25.49477948 37.67531815 47.30391981 53.55208667
 58.85038939 62.20361012 64.13021106 64.57811487 65.07433851 64.27573775
 63.62679119 61.96947596 60.35012961 58.53518234 56.58079318 54.55732423
 52.94697405 50.94289545 48.98623758 46.92386782 44.767906   42.94611662
 41.16105204 39.60687279 37.52979052 36.06641232 34.72476584 32.93145699
 31.90923704 29.81674137 28.7073948  27.18973623 25.91074044 24.70455315
 23.56823144 22.15173555 21.18568347 20.16566    19.22692113 17.96507489
 17.27583102 16.38623613 15.67816281 14.75665781 13.92857049 13.10115243
 12.40550495 11.69460498 11.26060303 10.4612687   9.98883681  9.30503872
  8.82596362  8.26551457  7.71989669  7.328966    6.81512087  6.35982621
  5.89993159  5.5170879   5.19382983  4.79349972  4.36199466  4.12430903
  3.83786119  3.46292539  3.24445827  2.9594394   2.81038512  2.43879772
  2.28471478  2.08633263  1.89892708  1.74057973  1.5446778   1.4011607
  1.33490313  1.13803134  1.08447139  1.00443447  0.89363664  0.78630453
  0.71148664  0.59064926  0.5457586   0.44370715  0.4278964   0.33714015
  0.34004463  0.30173942  0.24556717  0.22480769  0.18359783  0.16531879
  0.15043574  0.1016029   0.10187226  0.09669181]
25
data after
[37.41916736840703, 37.67531814963726, 47.303919813286555, 53.552086670548746, 58.85038938583956, 62.20361011686863, 64.13021106075131, 64.57811487144257, 65.07433850944923, 64.27573775259197, 63.626791185701585, 61.96947596253535, 60.350129613085194, 58.535182335879064, 56.580793180027364, 54.55732422840598, 52.946974053003764, 50.942895452761135, 48.986237584314026, 46.923867820277145, 44.76790600483206, 42.946116622971296, 41.16105203577216, 39.60687278838777, 37.529790524499376, 36.06641232493894, 34.724765841882544, 32.93145698817554, 31.90923703696418, 29.816741366893684, 28.707394797725595, 27.189736225882754, 25.910740440252045, 24.70455315118291, 23.568231437134443, 22.151735545668434, 21.185683474973455, 20.165660001679992, 37.19199601585605, 33.66206715555453, 30.43482062012324, 27.029722916281706, 24.100109930071056, 21.72187172949085, 28.11983915711251, 23.314377266662905, 24.591966568067186, 22.311494435230017, 37.082496548218415]
52
data,sig_tot
[37.41916737 37.67531815 47.30391981 53.55208667 58.85038939 62.20361012
 64.13021106 64.57811487 65.07433851 64.27573775 63.62679119 61.96947596
 60.35012961 58.53518234 56.58079318 54.55732423 52.94697405 50.94289545
 48.98623758 46.92386782 44.767906   42.94611662 41.16105204 39.60687279
 37.52979052 36.06641232 34.72476584 32.93145699 31.90923704 29.81674137
 28.7073948  27.18973623 25.91074044 24.70455315 23.56823144 22.15173555
 21.18568347 20.16566    37.19199602 33.66206716 30.43482062 27.02972292
 24.10010993 21.72187173 28.11983916 23.31437727 24.59196657 22.31149444
 37.08249655 27.46129314 35.98496961 20.13640408 20.74914814 20.76326922
 20.32161636 38.99962627 35.37872944 31.59186899 27.96979216 24.50796967
 21.19783254 26.75058194 21.29367552 21.9902787  22.68911961 34.0460209 ]
[37.41916737 37.67531815 47.30391981 53.55208667 58.85038939 62.20361012
 64.13021106 64.57811487 65.07433851 64.27573775 63.62679119 61.96947596
 60.35012961 58.53518234 56.58079318 54.55732423 52.94697405 50.94289545
 48.98623758 46.92386782 44.767906   42.94611662 41.16105204 39.60687279
 37.52979052 36.06641232 34.72476584 32.93145699 31.90923704 29.81674137
 28.7073948  27.18973623 25.91074044 24.70455315 23.56823144 22.15173555
 21.18568347 20.16566    37.19199602 33.66206716 30.43482062 27.02972292
 24.10010993 21.72187173 28.11983916 23.31437727 24.59196657 22.31149444
 37.08249655 27.46129314 35.98496961 20.13640408 20.74914814 20.76326922
 20.32161636 38.99962627 35.37872944 31.59186899 27.96979216 24.50796967
 21.19783254 26.75058194 21.29367552 21.9902787  22.68911961 34.0460209 ]
0.8692077605585152 1.0065097573507176 4.048009848541101
val isze = 0
idinces = [21  2 56  3  6 38 20 19 52 26 45 50 17 34 23 51  7 57 27 64 53 10 46 44
 35 18  4 31  1 12 41 32 30 22 60 37 61 39  5 13 14 47 54 33 43 24 11 55
 16 36 40 42 63 65  8 62 58 48 29 25 28 59 49  0 15  9]
training loss = 1.4901506900787354 500
training loss = 1.4789468050003052 1000
training loss = 1.470245361328125 1500
training loss = 1.489648699760437 2000
training loss = 1.4626513719558716 2500
training loss = 1.4618107080459595 3000
reduced chi^2 level 2 = 1.461656928062439
Constrained alpha: 3.3512892723083496
Constrained beta: 2.3856608867645264
Constrained gamma: 2.1567986011505127
(1, 66)
(1, 0)
