data before
[1.51443982e+00 1.05794219e+01 1.78247773e+01 2.20082812e+01
 2.42550938e+01 2.50363203e+01 2.49244258e+01 2.43175371e+01
 2.32763906e+01 2.22465059e+01 2.09641270e+01 1.97520547e+01
 1.85641445e+01 1.75007559e+01 1.62465879e+01 1.51607354e+01
 1.42476846e+01 1.32594443e+01 1.24961260e+01 1.15899355e+01
 1.08746738e+01 1.02297051e+01 9.49952246e+00 9.00485059e+00
 8.41676758e+00 7.86521094e+00 7.47195068e+00 7.01632080e+00
 6.51170703e+00 6.19649121e+00 5.78068652e+00 5.41682471e+00
 5.13258252e+00 4.81464014e+00 4.56581152e+00 4.26022510e+00
 3.98066016e+00 3.79262964e+00 3.59480933e+00 3.40227100e+00
 3.17429883e+00 2.99965332e+00 2.82296240e+00 2.68663232e+00
 2.48951660e+00 2.39168408e+00 2.25436450e+00 2.08756470e+00
 1.98095630e+00 1.89603699e+00 1.76641528e+00 1.63837061e+00
 1.52764526e+00 1.43056177e+00 1.36291748e+00 1.27736267e+00
 1.18218140e+00 1.11682861e+00 1.01307965e+00 1.00056458e+00
 9.21917236e-01 8.72798706e-01 7.84670471e-01 7.24319702e-01
 6.77650818e-01 6.36634949e-01 5.80926331e-01 5.51520630e-01
 5.24862610e-01 4.76115021e-01 4.34178040e-01 3.84024872e-01
 3.59623657e-01 3.44445343e-01 3.19656128e-01 2.98159088e-01
 2.59561707e-01 2.45812500e-01 2.18262726e-01 1.87794128e-01
 1.75070297e-01 1.58420135e-01 1.38727310e-01 1.24744804e-01
 1.19480293e-01 1.02817932e-01 9.17768250e-02 7.61248932e-02
 7.43264694e-02 6.31855545e-02 5.91818390e-02 5.25593491e-02
 4.72375107e-02 3.90991898e-02 3.75656509e-02 3.10185585e-02
 2.78896713e-02 2.16994419e-02 2.06438618e-02 1.53213663e-02]
25
data after
[29.918639038085935, 22.00828125, 24.25509375, 25.0363203125, 24.92442578125, 24.317537109375, 23.276390625, 22.246505859375, 20.964126953125, 38.31619921875, 33.74734375, 29.408419921875, 25.755570312499998, 22.464609375000002, 28.734078125, 23.75392919921875, 25.50520556640625, 24.190083984375, 20.944322265625, 20.376133178710937, 22.829337639808653]
58
data,sig_tot
[29.91863904 22.00828125 24.25509375 25.03632031 24.92442578 24.31753711
 23.27639063 22.24650586 20.96412695 38.31619922 33.74734375 29.40841992
 25.75557031 22.46460938 28.73407812 23.7539292  25.50520557 24.19008398
 20.94432227 20.37613318 22.82933764 24.10547043 20.9471084  21.3452417
 21.96024512 23.1379936 ]
[29.91863904 22.00828125 24.25509375 25.03632031 24.92442578 24.31753711
 23.27639063 22.24650586 20.96412695 38.31619922 33.74734375 29.40841992
 25.75557031 22.46460938 28.73407812 23.7539292  25.50520557 24.19008398
 20.94432227 20.37613318 22.82933764 24.10547043 20.9471084  21.3452417
 21.96024512 23.1379936 ]
0.2577172116485127 4.516678541507 62.48465542577685
val isze = 0
idinces = [19  5 14  7  1  2 11 23 13 12 20  3 24  6 18 10 22 25  8 21 16 17  0 15
  4  9]
training loss = 2.0655629634857178 500
training loss = 2.0488483905792236 1000
training loss = 2.0293357372283936 1500
training loss = 2.008513927459717 2000
training loss = 1.9896833896636963 2500
training loss = 1.6694949865341187 3000
reduced chi^2 level 2 = 1.6703325510025024
Constrained alpha: 2.395716428756714
Constrained beta: 2.039379835128784
Constrained gamma: 34.19013595581055
(1, 26)
(1, 0)
data before
[1.51443982e+00 1.05794219e+01 1.78247773e+01 2.20082812e+01
 2.42550938e+01 2.50363203e+01 2.49244258e+01 2.43175371e+01
 2.32763906e+01 2.22465059e+01 2.09641270e+01 1.97520547e+01
 1.85641445e+01 1.75007559e+01 1.62465879e+01 1.51607354e+01
 1.42476846e+01 1.32594443e+01 1.24961260e+01 1.15899355e+01
 1.08746738e+01 1.02297051e+01 9.49952246e+00 9.00485059e+00
 8.41676758e+00 7.86521094e+00 7.47195068e+00 7.01632080e+00
 6.51170703e+00 6.19649121e+00 5.78068652e+00 5.41682471e+00
 5.13258252e+00 4.81464014e+00 4.56581152e+00 4.26022510e+00
 3.98066016e+00 3.79262964e+00 3.59480933e+00 3.40227100e+00
 3.17429883e+00 2.99965332e+00 2.82296240e+00 2.68663232e+00
 2.48951660e+00 2.39168408e+00 2.25436450e+00 2.08756470e+00
 1.98095630e+00 1.89603699e+00 1.76641528e+00 1.63837061e+00
 1.52764526e+00 1.43056177e+00 1.36291748e+00 1.27736267e+00
 1.18218140e+00 1.11682861e+00 1.01307965e+00 1.00056458e+00
 9.21917236e-01 8.72798706e-01 7.84670471e-01 7.24319702e-01
 6.77650818e-01 6.36634949e-01 5.80926331e-01 5.51520630e-01
 5.24862610e-01 4.76115021e-01 4.34178040e-01 3.84024872e-01
 3.59623657e-01 3.44445343e-01 3.19656128e-01 2.98159088e-01
 2.59561707e-01 2.45812500e-01 2.18262726e-01 1.87794128e-01
 1.75070297e-01 1.58420135e-01 1.38727310e-01 1.24744804e-01
 1.19480293e-01 1.02817932e-01 9.17768250e-02 7.61248932e-02
 7.43264694e-02 6.31855545e-02 5.91818390e-02 5.25593491e-02
 4.72375107e-02 3.90991898e-02 3.75656509e-02 3.10185585e-02
 2.78896713e-02 2.16994419e-02 2.06438618e-02 1.53213663e-02]
25
data after
[29.918639038085935, 22.00828125, 24.25509375, 25.0363203125, 24.92442578125, 24.317537109375, 23.276390625, 22.246505859375, 20.964126953125, 38.31619921875, 33.74734375, 29.408419921875, 25.755570312499998, 22.464609375000002, 28.734078125, 23.75392919921875, 25.50520556640625, 24.190083984375, 20.944322265625, 20.376133178710937, 22.829337639808653]
58
data,sig_tot
[29.91863904 22.00828125 24.25509375 25.03632031 24.92442578 24.31753711
 23.27639063 22.24650586 20.96412695 38.31619922 33.74734375 29.40841992
 25.75557031 22.46460938 28.73407812 23.7539292  25.50520557 24.19008398
 20.94432227 20.37613318 22.82933764 24.10547043 20.9471084  21.3452417
 21.96024512 23.1379936 ]
[29.91863904 22.00828125 24.25509375 25.03632031 24.92442578 24.31753711
 23.27639063 22.24650586 20.96412695 38.31619922 33.74734375 29.40841992
 25.75557031 22.46460938 28.73407812 23.7539292  25.50520557 24.19008398
 20.94432227 20.37613318 22.82933764 24.10547043 20.9471084  21.3452417
 21.96024512 23.1379936 ]
2.61905442469182 7.01916447542744 70.5331613164973
val isze = 0
idinces = [19  5 14  7  1  2 11 23 13 12 20  3 24  6 18 10 22 25  8 21 16 17  0 15
  4  9]
training loss = 1.6571080684661865 500
training loss = 1.5742560625076294 1000
training loss = 1.5682841539382935 1500
reduced chi^2 level 2 = 1.5682636499404907
Constrained alpha: 2.0130155086517334
Constrained beta: 2.6078941822052
Constrained gamma: 53.803409576416016
(1, 26)
(1, 0)
data before
[1.51443982e+00 1.05794219e+01 1.78247773e+01 2.20082812e+01
 2.42550938e+01 2.50363203e+01 2.49244258e+01 2.43175371e+01
 2.32763906e+01 2.22465059e+01 2.09641270e+01 1.97520547e+01
 1.85641445e+01 1.75007559e+01 1.62465879e+01 1.51607354e+01
 1.42476846e+01 1.32594443e+01 1.24961260e+01 1.15899355e+01
 1.08746738e+01 1.02297051e+01 9.49952246e+00 9.00485059e+00
 8.41676758e+00 7.86521094e+00 7.47195068e+00 7.01632080e+00
 6.51170703e+00 6.19649121e+00 5.78068652e+00 5.41682471e+00
 5.13258252e+00 4.81464014e+00 4.56581152e+00 4.26022510e+00
 3.98066016e+00 3.79262964e+00 3.59480933e+00 3.40227100e+00
 3.17429883e+00 2.99965332e+00 2.82296240e+00 2.68663232e+00
 2.48951660e+00 2.39168408e+00 2.25436450e+00 2.08756470e+00
 1.98095630e+00 1.89603699e+00 1.76641528e+00 1.63837061e+00
 1.52764526e+00 1.43056177e+00 1.36291748e+00 1.27736267e+00
 1.18218140e+00 1.11682861e+00 1.01307965e+00 1.00056458e+00
 9.21917236e-01 8.72798706e-01 7.84670471e-01 7.24319702e-01
 6.77650818e-01 6.36634949e-01 5.80926331e-01 5.51520630e-01
 5.24862610e-01 4.76115021e-01 4.34178040e-01 3.84024872e-01
 3.59623657e-01 3.44445343e-01 3.19656128e-01 2.98159088e-01
 2.59561707e-01 2.45812500e-01 2.18262726e-01 1.87794128e-01
 1.75070297e-01 1.58420135e-01 1.38727310e-01 1.24744804e-01
 1.19480293e-01 1.02817932e-01 9.17768250e-02 7.61248932e-02
 7.43264694e-02 6.31855545e-02 5.91818390e-02 5.25593491e-02
 4.72375107e-02 3.90991898e-02 3.75656509e-02 3.10185585e-02
 2.78896713e-02 2.16994419e-02 2.06438618e-02 1.53213663e-02]
25
data after
[29.918639038085935, 22.00828125, 24.25509375, 25.0363203125, 24.92442578125, 24.317537109375, 23.276390625, 22.246505859375, 20.964126953125, 38.31619921875, 33.74734375, 29.408419921875, 25.755570312499998, 22.464609375000002, 28.734078125, 23.75392919921875, 25.50520556640625, 24.190083984375, 20.944322265625, 20.376133178710937, 22.829337639808653]
58
data,sig_tot
[29.91863904 22.00828125 24.25509375 25.03632031 24.92442578 24.31753711
 23.27639063 22.24650586 20.96412695 38.31619922 33.74734375 29.40841992
 25.75557031 22.46460938 28.73407812 23.7539292  25.50520557 24.19008398
 20.94432227 20.37613318 22.82933764 24.10547043 20.9471084  21.3452417
 21.96024512 23.1379936 ]
[29.91863904 22.00828125 24.25509375 25.03632031 24.92442578 24.31753711
 23.27639063 22.24650586 20.96412695 38.31619922 33.74734375 29.40841992
 25.75557031 22.46460938 28.73407812 23.7539292  25.50520557 24.19008398
 20.94432227 20.37613318 22.82933764 24.10547043 20.9471084  21.3452417
 21.96024512 23.1379936 ]
2.61905442469182 7.01916447542744 70.5331613164973
val isze = 0
idinces = [19  5 14  7  1  2 11 23 13 12 20  3 24  6 18 10 22 25  8 21 16 17  0 15
  4  9]
training loss = 1.6429611444473267 500
training loss = 1.573651909828186 1000
training loss = 1.56768000125885 1500
reduced chi^2 level 2 = 1.5679244995117188
Constrained alpha: 1.996280550956726
Constrained beta: 2.6001837253570557
Constrained gamma: 53.27824020385742
(1, 26)
(1, 0)
data before
[1.51443982e+00 1.05794219e+01 1.78247773e+01 2.20082812e+01
 2.42550938e+01 2.50363203e+01 2.49244258e+01 2.43175371e+01
 2.32763906e+01 2.22465059e+01 2.09641270e+01 1.97520547e+01
 1.85641445e+01 1.75007559e+01 1.62465879e+01 1.51607354e+01
 1.42476846e+01 1.32594443e+01 1.24961260e+01 1.15899355e+01
 1.08746738e+01 1.02297051e+01 9.49952246e+00 9.00485059e+00
 8.41676758e+00 7.86521094e+00 7.47195068e+00 7.01632080e+00
 6.51170703e+00 6.19649121e+00 5.78068652e+00 5.41682471e+00
 5.13258252e+00 4.81464014e+00 4.56581152e+00 4.26022510e+00
 3.98066016e+00 3.79262964e+00 3.59480933e+00 3.40227100e+00
 3.17429883e+00 2.99965332e+00 2.82296240e+00 2.68663232e+00
 2.48951660e+00 2.39168408e+00 2.25436450e+00 2.08756470e+00
 1.98095630e+00 1.89603699e+00 1.76641528e+00 1.63837061e+00
 1.52764526e+00 1.43056177e+00 1.36291748e+00 1.27736267e+00
 1.18218140e+00 1.11682861e+00 1.01307965e+00 1.00056458e+00
 9.21917236e-01 8.72798706e-01 7.84670471e-01 7.24319702e-01
 6.77650818e-01 6.36634949e-01 5.80926331e-01 5.51520630e-01
 5.24862610e-01 4.76115021e-01 4.34178040e-01 3.84024872e-01
 3.59623657e-01 3.44445343e-01 3.19656128e-01 2.98159088e-01
 2.59561707e-01 2.45812500e-01 2.18262726e-01 1.87794128e-01
 1.75070297e-01 1.58420135e-01 1.38727310e-01 1.24744804e-01
 1.19480293e-01 1.02817932e-01 9.17768250e-02 7.61248932e-02
 7.43264694e-02 6.31855545e-02 5.91818390e-02 5.25593491e-02
 4.72375107e-02 3.90991898e-02 3.75656509e-02 3.10185585e-02
 2.78896713e-02 2.16994419e-02 2.06438618e-02 1.53213663e-02]
25
data after
[29.918639038085935, 22.00828125, 24.25509375, 25.0363203125, 24.92442578125, 24.317537109375, 23.276390625, 22.246505859375, 20.964126953125, 38.31619921875, 33.74734375, 29.408419921875, 25.755570312499998, 22.464609375000002, 28.734078125, 23.75392919921875, 25.50520556640625, 24.190083984375, 20.944322265625, 20.376133178710937, 22.829337639808653]
58
data,sig_tot
[29.91863904 22.00828125 24.25509375 25.03632031 24.92442578 24.31753711
 23.27639063 22.24650586 20.96412695 38.31619922 33.74734375 29.40841992
 25.75557031 22.46460938 28.73407812 23.7539292  25.50520557 24.19008398
 20.94432227 20.37613318 22.82933764 24.10547043 20.9471084  21.3452417
 21.96024512 23.1379936 ]
[29.91863904 22.00828125 24.25509375 25.03632031 24.92442578 24.31753711
 23.27639063 22.24650586 20.96412695 38.31619922 33.74734375 29.40841992
 25.75557031 22.46460938 28.73407812 23.7539292  25.50520557 24.19008398
 20.94432227 20.37613318 22.82933764 24.10547043 20.9471084  21.3452417
 21.96024512 23.1379936 ]
2.61905442469182 7.01916447542744 70.5331613164973
val isze = 0
idinces = [19  5 14  7  1  2 11 23 13 12 20  3 24  6 18 10 22 25  8 21 16 17  0 15
  4  9]
training loss = 1.6502496004104614 500
training loss = 1.6456053256988525 1000
training loss = 1.622339129447937 1500
training loss = 1.5747883319854736 2000
reduced chi^2 level 2 = 1.57465660572052
Constrained alpha: 2.1742477416992188
Constrained beta: 2.3578431606292725
Constrained gamma: 48.606231689453125
(1, 26)
(1, 0)
data before
[1.51443982e+00 1.05794219e+01 1.78247773e+01 2.20082812e+01
 2.42550938e+01 2.50363203e+01 2.49244258e+01 2.43175371e+01
 2.32763906e+01 2.22465059e+01 2.09641270e+01 1.97520547e+01
 1.85641445e+01 1.75007559e+01 1.62465879e+01 1.51607354e+01
 1.42476846e+01 1.32594443e+01 1.24961260e+01 1.15899355e+01
 1.08746738e+01 1.02297051e+01 9.49952246e+00 9.00485059e+00
 8.41676758e+00 7.86521094e+00 7.47195068e+00 7.01632080e+00
 6.51170703e+00 6.19649121e+00 5.78068652e+00 5.41682471e+00
 5.13258252e+00 4.81464014e+00 4.56581152e+00 4.26022510e+00
 3.98066016e+00 3.79262964e+00 3.59480933e+00 3.40227100e+00
 3.17429883e+00 2.99965332e+00 2.82296240e+00 2.68663232e+00
 2.48951660e+00 2.39168408e+00 2.25436450e+00 2.08756470e+00
 1.98095630e+00 1.89603699e+00 1.76641528e+00 1.63837061e+00
 1.52764526e+00 1.43056177e+00 1.36291748e+00 1.27736267e+00
 1.18218140e+00 1.11682861e+00 1.01307965e+00 1.00056458e+00
 9.21917236e-01 8.72798706e-01 7.84670471e-01 7.24319702e-01
 6.77650818e-01 6.36634949e-01 5.80926331e-01 5.51520630e-01
 5.24862610e-01 4.76115021e-01 4.34178040e-01 3.84024872e-01
 3.59623657e-01 3.44445343e-01 3.19656128e-01 2.98159088e-01
 2.59561707e-01 2.45812500e-01 2.18262726e-01 1.87794128e-01
 1.75070297e-01 1.58420135e-01 1.38727310e-01 1.24744804e-01
 1.19480293e-01 1.02817932e-01 9.17768250e-02 7.61248932e-02
 7.43264694e-02 6.31855545e-02 5.91818390e-02 5.25593491e-02
 4.72375107e-02 3.90991898e-02 3.75656509e-02 3.10185585e-02
 2.78896713e-02 2.16994419e-02 2.06438618e-02 1.53213663e-02]
25
data after
[29.918639038085935, 22.00828125, 24.25509375, 25.0363203125, 24.92442578125, 24.317537109375, 23.276390625, 22.246505859375, 20.964126953125, 38.31619921875, 33.74734375, 29.408419921875, 25.755570312499998, 22.464609375000002, 28.734078125, 23.75392919921875, 25.50520556640625, 24.190083984375, 20.944322265625, 20.376133178710937, 22.829337639808653]
58
data,sig_tot
[29.91863904 22.00828125 24.25509375 25.03632031 24.92442578 24.31753711
 23.27639063 22.24650586 20.96412695 38.31619922 33.74734375 29.40841992
 25.75557031 22.46460938 28.73407812 23.7539292  25.50520557 24.19008398
 20.94432227 20.37613318 22.82933764 24.10547043 20.9471084  21.3452417
 21.96024512 23.1379936 ]
[29.91863904 22.00828125 24.25509375 25.03632031 24.92442578 24.31753711
 23.27639063 22.24650586 20.96412695 38.31619922 33.74734375 29.40841992
 25.75557031 22.46460938 28.73407812 23.7539292  25.50520557 24.19008398
 20.94432227 20.37613318 22.82933764 24.10547043 20.9471084  21.3452417
 21.96024512 23.1379936 ]
2.61905442469182 7.01916447542744 70.5331613164973
val isze = 0
idinces = [19  5 14  7  1  2 11 23 13 12 20  3 24  6 18 10 22 25  8 21 16 17  0 15
  4  9]
training loss = 1.678052544593811 500
training loss = 1.6653552055358887 1000
training loss = 1.6577688455581665 1500
reduced chi^2 level 2 = 1.6575922966003418
Constrained alpha: 2.0074853897094727
Constrained beta: 2.4879543781280518
Constrained gamma: 52.56363296508789
(1, 26)
(1, 0)
data before
[1.51443982e+00 1.05794219e+01 1.78247773e+01 2.20082812e+01
 2.42550938e+01 2.50363203e+01 2.49244258e+01 2.43175371e+01
 2.32763906e+01 2.22465059e+01 2.09641270e+01 1.97520547e+01
 1.85641445e+01 1.75007559e+01 1.62465879e+01 1.51607354e+01
 1.42476846e+01 1.32594443e+01 1.24961260e+01 1.15899355e+01
 1.08746738e+01 1.02297051e+01 9.49952246e+00 9.00485059e+00
 8.41676758e+00 7.86521094e+00 7.47195068e+00 7.01632080e+00
 6.51170703e+00 6.19649121e+00 5.78068652e+00 5.41682471e+00
 5.13258252e+00 4.81464014e+00 4.56581152e+00 4.26022510e+00
 3.98066016e+00 3.79262964e+00 3.59480933e+00 3.40227100e+00
 3.17429883e+00 2.99965332e+00 2.82296240e+00 2.68663232e+00
 2.48951660e+00 2.39168408e+00 2.25436450e+00 2.08756470e+00
 1.98095630e+00 1.89603699e+00 1.76641528e+00 1.63837061e+00
 1.52764526e+00 1.43056177e+00 1.36291748e+00 1.27736267e+00
 1.18218140e+00 1.11682861e+00 1.01307965e+00 1.00056458e+00
 9.21917236e-01 8.72798706e-01 7.84670471e-01 7.24319702e-01
 6.77650818e-01 6.36634949e-01 5.80926331e-01 5.51520630e-01
 5.24862610e-01 4.76115021e-01 4.34178040e-01 3.84024872e-01
 3.59623657e-01 3.44445343e-01 3.19656128e-01 2.98159088e-01
 2.59561707e-01 2.45812500e-01 2.18262726e-01 1.87794128e-01
 1.75070297e-01 1.58420135e-01 1.38727310e-01 1.24744804e-01
 1.19480293e-01 1.02817932e-01 9.17768250e-02 7.61248932e-02
 7.43264694e-02 6.31855545e-02 5.91818390e-02 5.25593491e-02
 4.72375107e-02 3.90991898e-02 3.75656509e-02 3.10185585e-02
 2.78896713e-02 2.16994419e-02 2.06438618e-02 1.53213663e-02]
25
data after
[29.918639038085935, 22.00828125, 24.25509375, 25.0363203125, 24.92442578125, 24.317537109375, 23.276390625, 22.246505859375, 20.964126953125, 38.31619921875, 33.74734375, 29.408419921875, 25.755570312499998, 22.464609375000002, 28.734078125, 23.75392919921875, 25.50520556640625, 24.190083984375, 20.944322265625, 20.376133178710937, 22.829337639808653]
58
data,sig_tot
[29.91863904 22.00828125 24.25509375 25.03632031 24.92442578 24.31753711
 23.27639063 22.24650586 20.96412695 38.31619922 33.74734375 29.40841992
 25.75557031 22.46460938 28.73407812 23.7539292  25.50520557 24.19008398
 20.94432227 20.37613318 22.82933764 24.10547043 20.9471084  21.3452417
 21.96024512 23.1379936 ]
[29.91863904 22.00828125 24.25509375 25.03632031 24.92442578 24.31753711
 23.27639063 22.24650586 20.96412695 38.31619922 33.74734375 29.40841992
 25.75557031 22.46460938 28.73407812 23.7539292  25.50520557 24.19008398
 20.94432227 20.37613318 22.82933764 24.10547043 20.9471084  21.3452417
 21.96024512 23.1379936 ]
2.61905442469182 7.01916447542744 70.5331613164973
val isze = 0
idinces = [19  5 14  7  1  2 11 23 13 12 20  3 24  6 18 10 22 25  8 21 16 17  0 15
  4  9]
training loss = 1.651721477508545 500
training loss = 1.576981544494629 1000
training loss = 1.5686520338058472 1500
reduced chi^2 level 2 = 1.5692776441574097
Constrained alpha: 2.0468685626983643
Constrained beta: 2.6843883991241455
Constrained gamma: 54.13014602661133
(1, 26)
(1, 0)
data before
[1.51443982e+00 1.05794219e+01 1.78247773e+01 2.20082812e+01
 2.42550938e+01 2.50363203e+01 2.49244258e+01 2.43175371e+01
 2.32763906e+01 2.22465059e+01 2.09641270e+01 1.97520547e+01
 1.85641445e+01 1.75007559e+01 1.62465879e+01 1.51607354e+01
 1.42476846e+01 1.32594443e+01 1.24961260e+01 1.15899355e+01
 1.08746738e+01 1.02297051e+01 9.49952246e+00 9.00485059e+00
 8.41676758e+00 7.86521094e+00 7.47195068e+00 7.01632080e+00
 6.51170703e+00 6.19649121e+00 5.78068652e+00 5.41682471e+00
 5.13258252e+00 4.81464014e+00 4.56581152e+00 4.26022510e+00
 3.98066016e+00 3.79262964e+00 3.59480933e+00 3.40227100e+00
 3.17429883e+00 2.99965332e+00 2.82296240e+00 2.68663232e+00
 2.48951660e+00 2.39168408e+00 2.25436450e+00 2.08756470e+00
 1.98095630e+00 1.89603699e+00 1.76641528e+00 1.63837061e+00
 1.52764526e+00 1.43056177e+00 1.36291748e+00 1.27736267e+00
 1.18218140e+00 1.11682861e+00 1.01307965e+00 1.00056458e+00
 9.21917236e-01 8.72798706e-01 7.84670471e-01 7.24319702e-01
 6.77650818e-01 6.36634949e-01 5.80926331e-01 5.51520630e-01
 5.24862610e-01 4.76115021e-01 4.34178040e-01 3.84024872e-01
 3.59623657e-01 3.44445343e-01 3.19656128e-01 2.98159088e-01
 2.59561707e-01 2.45812500e-01 2.18262726e-01 1.87794128e-01
 1.75070297e-01 1.58420135e-01 1.38727310e-01 1.24744804e-01
 1.19480293e-01 1.02817932e-01 9.17768250e-02 7.61248932e-02
 7.43264694e-02 6.31855545e-02 5.91818390e-02 5.25593491e-02
 4.72375107e-02 3.90991898e-02 3.75656509e-02 3.10185585e-02
 2.78896713e-02 2.16994419e-02 2.06438618e-02 1.53213663e-02]
25
data after
[29.918639038085935, 22.00828125, 24.25509375, 25.0363203125, 24.92442578125, 24.317537109375, 23.276390625, 22.246505859375, 20.964126953125, 38.31619921875, 33.74734375, 29.408419921875, 25.755570312499998, 22.464609375000002, 28.734078125, 23.75392919921875, 25.50520556640625, 24.190083984375, 20.944322265625, 20.376133178710937, 22.829337639808653]
58
data,sig_tot
[29.91863904 22.00828125 24.25509375 25.03632031 24.92442578 24.31753711
 23.27639063 22.24650586 20.96412695 38.31619922 33.74734375 29.40841992
 25.75557031 22.46460938 28.73407812 23.7539292  25.50520557 24.19008398
 20.94432227 20.37613318 22.82933764 24.10547043 20.9471084  21.3452417
 21.96024512 23.1379936 ]
[29.91863904 22.00828125 24.25509375 25.03632031 24.92442578 24.31753711
 23.27639063 22.24650586 20.96412695 38.31619922 33.74734375 29.40841992
 25.75557031 22.46460938 28.73407812 23.7539292  25.50520557 24.19008398
 20.94432227 20.37613318 22.82933764 24.10547043 20.9471084  21.3452417
 21.96024512 23.1379936 ]
2.61905442469182 7.01916447542744 70.5331613164973
val isze = 0
idinces = [19  5 14  7  1  2 11 23 13 12 20  3 24  6 18 10 22 25  8 21 16 17  0 15
  4  9]
training loss = 1.6894605159759521 500
training loss = 1.669605016708374 1000
training loss = 1.6578240394592285 1500
reduced chi^2 level 2 = 1.6576374769210815
Constrained alpha: 2.013138771057129
Constrained beta: 2.4762189388275146
Constrained gamma: 52.7010612487793
(1, 26)
(1, 0)
data before
[1.51443982e+00 1.05794219e+01 1.78247773e+01 2.20082812e+01
 2.42550938e+01 2.50363203e+01 2.49244258e+01 2.43175371e+01
 2.32763906e+01 2.22465059e+01 2.09641270e+01 1.97520547e+01
 1.85641445e+01 1.75007559e+01 1.62465879e+01 1.51607354e+01
 1.42476846e+01 1.32594443e+01 1.24961260e+01 1.15899355e+01
 1.08746738e+01 1.02297051e+01 9.49952246e+00 9.00485059e+00
 8.41676758e+00 7.86521094e+00 7.47195068e+00 7.01632080e+00
 6.51170703e+00 6.19649121e+00 5.78068652e+00 5.41682471e+00
 5.13258252e+00 4.81464014e+00 4.56581152e+00 4.26022510e+00
 3.98066016e+00 3.79262964e+00 3.59480933e+00 3.40227100e+00
 3.17429883e+00 2.99965332e+00 2.82296240e+00 2.68663232e+00
 2.48951660e+00 2.39168408e+00 2.25436450e+00 2.08756470e+00
 1.98095630e+00 1.89603699e+00 1.76641528e+00 1.63837061e+00
 1.52764526e+00 1.43056177e+00 1.36291748e+00 1.27736267e+00
 1.18218140e+00 1.11682861e+00 1.01307965e+00 1.00056458e+00
 9.21917236e-01 8.72798706e-01 7.84670471e-01 7.24319702e-01
 6.77650818e-01 6.36634949e-01 5.80926331e-01 5.51520630e-01
 5.24862610e-01 4.76115021e-01 4.34178040e-01 3.84024872e-01
 3.59623657e-01 3.44445343e-01 3.19656128e-01 2.98159088e-01
 2.59561707e-01 2.45812500e-01 2.18262726e-01 1.87794128e-01
 1.75070297e-01 1.58420135e-01 1.38727310e-01 1.24744804e-01
 1.19480293e-01 1.02817932e-01 9.17768250e-02 7.61248932e-02
 7.43264694e-02 6.31855545e-02 5.91818390e-02 5.25593491e-02
 4.72375107e-02 3.90991898e-02 3.75656509e-02 3.10185585e-02
 2.78896713e-02 2.16994419e-02 2.06438618e-02 1.53213663e-02]
25
data after
[29.918639038085935, 22.00828125, 24.25509375, 25.0363203125, 24.92442578125, 24.317537109375, 23.276390625, 22.246505859375, 20.964126953125, 38.31619921875, 33.74734375, 29.408419921875, 25.755570312499998, 22.464609375000002, 28.734078125, 23.75392919921875, 25.50520556640625, 24.190083984375, 20.944322265625, 20.376133178710937, 22.829337639808653]
58
data,sig_tot
[29.91863904 22.00828125 24.25509375 25.03632031 24.92442578 24.31753711
 23.27639063 22.24650586 20.96412695 38.31619922 33.74734375 29.40841992
 25.75557031 22.46460938 28.73407812 23.7539292  25.50520557 24.19008398
 20.94432227 20.37613318 22.82933764 24.10547043 20.9471084  21.3452417
 21.96024512 23.1379936 ]
[29.91863904 22.00828125 24.25509375 25.03632031 24.92442578 24.31753711
 23.27639063 22.24650586 20.96412695 38.31619922 33.74734375 29.40841992
 25.75557031 22.46460938 28.73407812 23.7539292  25.50520557 24.19008398
 20.94432227 20.37613318 22.82933764 24.10547043 20.9471084  21.3452417
 21.96024512 23.1379936 ]
2.61905442469182 7.01916447542744 70.5331613164973
val isze = 0
idinces = [19  5 14  7  1  2 11 23 13 12 20  3 24  6 18 10 22 25  8 21 16 17  0 15
  4  9]
training loss = 1.656728982925415 500
training loss = 1.5736172199249268 1000
training loss = 1.5683374404907227 1500
reduced chi^2 level 2 = 1.5688506364822388
Constrained alpha: 2.0300698280334473
Constrained beta: 2.6958560943603516
Constrained gamma: 54.776885986328125
(1, 26)
(1, 0)
data before
[1.51443982e+00 1.05794219e+01 1.78247773e+01 2.20082812e+01
 2.42550938e+01 2.50363203e+01 2.49244258e+01 2.43175371e+01
 2.32763906e+01 2.22465059e+01 2.09641270e+01 1.97520547e+01
 1.85641445e+01 1.75007559e+01 1.62465879e+01 1.51607354e+01
 1.42476846e+01 1.32594443e+01 1.24961260e+01 1.15899355e+01
 1.08746738e+01 1.02297051e+01 9.49952246e+00 9.00485059e+00
 8.41676758e+00 7.86521094e+00 7.47195068e+00 7.01632080e+00
 6.51170703e+00 6.19649121e+00 5.78068652e+00 5.41682471e+00
 5.13258252e+00 4.81464014e+00 4.56581152e+00 4.26022510e+00
 3.98066016e+00 3.79262964e+00 3.59480933e+00 3.40227100e+00
 3.17429883e+00 2.99965332e+00 2.82296240e+00 2.68663232e+00
 2.48951660e+00 2.39168408e+00 2.25436450e+00 2.08756470e+00
 1.98095630e+00 1.89603699e+00 1.76641528e+00 1.63837061e+00
 1.52764526e+00 1.43056177e+00 1.36291748e+00 1.27736267e+00
 1.18218140e+00 1.11682861e+00 1.01307965e+00 1.00056458e+00
 9.21917236e-01 8.72798706e-01 7.84670471e-01 7.24319702e-01
 6.77650818e-01 6.36634949e-01 5.80926331e-01 5.51520630e-01
 5.24862610e-01 4.76115021e-01 4.34178040e-01 3.84024872e-01
 3.59623657e-01 3.44445343e-01 3.19656128e-01 2.98159088e-01
 2.59561707e-01 2.45812500e-01 2.18262726e-01 1.87794128e-01
 1.75070297e-01 1.58420135e-01 1.38727310e-01 1.24744804e-01
 1.19480293e-01 1.02817932e-01 9.17768250e-02 7.61248932e-02
 7.43264694e-02 6.31855545e-02 5.91818390e-02 5.25593491e-02
 4.72375107e-02 3.90991898e-02 3.75656509e-02 3.10185585e-02
 2.78896713e-02 2.16994419e-02 2.06438618e-02 1.53213663e-02]
25
data after
[29.918639038085935, 22.00828125, 24.25509375, 25.0363203125, 24.92442578125, 24.317537109375, 23.276390625, 22.246505859375, 20.964126953125, 38.31619921875, 33.74734375, 29.408419921875, 25.755570312499998, 22.464609375000002, 28.734078125, 23.75392919921875, 25.50520556640625, 24.190083984375, 20.944322265625, 20.376133178710937, 22.829337639808653]
58
data,sig_tot
[29.91863904 22.00828125 24.25509375 25.03632031 24.92442578 24.31753711
 23.27639063 22.24650586 20.96412695 38.31619922 33.74734375 29.40841992
 25.75557031 22.46460938 28.73407812 23.7539292  25.50520557 24.19008398
 20.94432227 20.37613318 22.82933764 24.10547043 20.9471084  21.3452417
 21.96024512 23.1379936 ]
[29.91863904 22.00828125 24.25509375 25.03632031 24.92442578 24.31753711
 23.27639063 22.24650586 20.96412695 38.31619922 33.74734375 29.40841992
 25.75557031 22.46460938 28.73407812 23.7539292  25.50520557 24.19008398
 20.94432227 20.37613318 22.82933764 24.10547043 20.9471084  21.3452417
 21.96024512 23.1379936 ]
2.61905442469182 7.01916447542744 70.5331613164973
val isze = 0
idinces = [19  5 14  7  1  2 11 23 13 12 20  3 24  6 18 10 22 25  8 21 16 17  0 15
  4  9]
training loss = 1.6758500337600708 500
training loss = 1.6660130023956299 1000
training loss = 1.6579481363296509 1500
reduced chi^2 level 2 = 1.6575740575790405
Constrained alpha: 2.0058586597442627
Constrained beta: 2.4918346405029297
Constrained gamma: 52.433349609375
(1, 26)
(1, 0)
data before
[1.51443982e+00 1.05794219e+01 1.78247773e+01 2.20082812e+01
 2.42550938e+01 2.50363203e+01 2.49244258e+01 2.43175371e+01
 2.32763906e+01 2.22465059e+01 2.09641270e+01 1.97520547e+01
 1.85641445e+01 1.75007559e+01 1.62465879e+01 1.51607354e+01
 1.42476846e+01 1.32594443e+01 1.24961260e+01 1.15899355e+01
 1.08746738e+01 1.02297051e+01 9.49952246e+00 9.00485059e+00
 8.41676758e+00 7.86521094e+00 7.47195068e+00 7.01632080e+00
 6.51170703e+00 6.19649121e+00 5.78068652e+00 5.41682471e+00
 5.13258252e+00 4.81464014e+00 4.56581152e+00 4.26022510e+00
 3.98066016e+00 3.79262964e+00 3.59480933e+00 3.40227100e+00
 3.17429883e+00 2.99965332e+00 2.82296240e+00 2.68663232e+00
 2.48951660e+00 2.39168408e+00 2.25436450e+00 2.08756470e+00
 1.98095630e+00 1.89603699e+00 1.76641528e+00 1.63837061e+00
 1.52764526e+00 1.43056177e+00 1.36291748e+00 1.27736267e+00
 1.18218140e+00 1.11682861e+00 1.01307965e+00 1.00056458e+00
 9.21917236e-01 8.72798706e-01 7.84670471e-01 7.24319702e-01
 6.77650818e-01 6.36634949e-01 5.80926331e-01 5.51520630e-01
 5.24862610e-01 4.76115021e-01 4.34178040e-01 3.84024872e-01
 3.59623657e-01 3.44445343e-01 3.19656128e-01 2.98159088e-01
 2.59561707e-01 2.45812500e-01 2.18262726e-01 1.87794128e-01
 1.75070297e-01 1.58420135e-01 1.38727310e-01 1.24744804e-01
 1.19480293e-01 1.02817932e-01 9.17768250e-02 7.61248932e-02
 7.43264694e-02 6.31855545e-02 5.91818390e-02 5.25593491e-02
 4.72375107e-02 3.90991898e-02 3.75656509e-02 3.10185585e-02
 2.78896713e-02 2.16994419e-02 2.06438618e-02 1.53213663e-02]
25
data after
[29.918639038085935, 22.00828125, 24.25509375, 25.0363203125, 24.92442578125, 24.317537109375, 23.276390625, 22.246505859375, 20.964126953125, 38.31619921875, 33.74734375, 29.408419921875, 25.755570312499998, 22.464609375000002, 28.734078125, 23.75392919921875, 25.50520556640625, 24.190083984375, 20.944322265625, 20.376133178710937, 22.829337639808653]
58
data,sig_tot
[29.91863904 22.00828125 24.25509375 25.03632031 24.92442578 24.31753711
 23.27639063 22.24650586 20.96412695 38.31619922 33.74734375 29.40841992
 25.75557031 22.46460938 28.73407812 23.7539292  25.50520557 24.19008398
 20.94432227 20.37613318 22.82933764 24.10547043 20.9471084  21.3452417
 21.96024512 23.1379936 ]
[29.91863904 22.00828125 24.25509375 25.03632031 24.92442578 24.31753711
 23.27639063 22.24650586 20.96412695 38.31619922 33.74734375 29.40841992
 25.75557031 22.46460938 28.73407812 23.7539292  25.50520557 24.19008398
 20.94432227 20.37613318 22.82933764 24.10547043 20.9471084  21.3452417
 21.96024512 23.1379936 ]
2.61905442469182 7.01916447542744 70.5331613164973
val isze = 0
idinces = [19  5 14  7  1  2 11 23 13 12 20  3 24  6 18 10 22 25  8 21 16 17  0 15
  4  9]
training loss = 1.6530765295028687 500
training loss = 1.617722511291504 1000
training loss = 1.5704519748687744 1500
reduced chi^2 level 2 = 1.5706318616867065
Constrained alpha: 2.0865752696990967
Constrained beta: 2.623807191848755
Constrained gamma: 53.227806091308594
(1, 26)
(1, 0)
data before
[1.51443982e+00 1.05794219e+01 1.78247773e+01 2.20082812e+01
 2.42550938e+01 2.50363203e+01 2.49244258e+01 2.43175371e+01
 2.32763906e+01 2.22465059e+01 2.09641270e+01 1.97520547e+01
 1.85641445e+01 1.75007559e+01 1.62465879e+01 1.51607354e+01
 1.42476846e+01 1.32594443e+01 1.24961260e+01 1.15899355e+01
 1.08746738e+01 1.02297051e+01 9.49952246e+00 9.00485059e+00
 8.41676758e+00 7.86521094e+00 7.47195068e+00 7.01632080e+00
 6.51170703e+00 6.19649121e+00 5.78068652e+00 5.41682471e+00
 5.13258252e+00 4.81464014e+00 4.56581152e+00 4.26022510e+00
 3.98066016e+00 3.79262964e+00 3.59480933e+00 3.40227100e+00
 3.17429883e+00 2.99965332e+00 2.82296240e+00 2.68663232e+00
 2.48951660e+00 2.39168408e+00 2.25436450e+00 2.08756470e+00
 1.98095630e+00 1.89603699e+00 1.76641528e+00 1.63837061e+00
 1.52764526e+00 1.43056177e+00 1.36291748e+00 1.27736267e+00
 1.18218140e+00 1.11682861e+00 1.01307965e+00 1.00056458e+00
 9.21917236e-01 8.72798706e-01 7.84670471e-01 7.24319702e-01
 6.77650818e-01 6.36634949e-01 5.80926331e-01 5.51520630e-01
 5.24862610e-01 4.76115021e-01 4.34178040e-01 3.84024872e-01
 3.59623657e-01 3.44445343e-01 3.19656128e-01 2.98159088e-01
 2.59561707e-01 2.45812500e-01 2.18262726e-01 1.87794128e-01
 1.75070297e-01 1.58420135e-01 1.38727310e-01 1.24744804e-01
 1.19480293e-01 1.02817932e-01 9.17768250e-02 7.61248932e-02
 7.43264694e-02 6.31855545e-02 5.91818390e-02 5.25593491e-02
 4.72375107e-02 3.90991898e-02 3.75656509e-02 3.10185585e-02
 2.78896713e-02 2.16994419e-02 2.06438618e-02 1.53213663e-02]
25
data after
[29.918639038085935, 22.00828125, 24.25509375, 25.0363203125, 24.92442578125, 24.317537109375, 23.276390625, 22.246505859375, 20.964126953125, 38.31619921875, 33.74734375, 29.408419921875, 25.755570312499998, 22.464609375000002, 28.734078125, 23.75392919921875, 25.50520556640625, 24.190083984375, 20.944322265625, 20.376133178710937, 22.829337639808653]
58
data,sig_tot
[29.91863904 22.00828125 24.25509375 25.03632031 24.92442578 24.31753711
 23.27639063 22.24650586 20.96412695 38.31619922 33.74734375 29.40841992
 25.75557031 22.46460938 28.73407812 23.7539292  25.50520557 24.19008398
 20.94432227 20.37613318 22.82933764 24.10547043 20.9471084  21.3452417
 21.96024512 23.1379936 ]
[29.91863904 22.00828125 24.25509375 25.03632031 24.92442578 24.31753711
 23.27639063 22.24650586 20.96412695 38.31619922 33.74734375 29.40841992
 25.75557031 22.46460938 28.73407812 23.7539292  25.50520557 24.19008398
 20.94432227 20.37613318 22.82933764 24.10547043 20.9471084  21.3452417
 21.96024512 23.1379936 ]
2.61905442469182 7.01916447542744 70.5331613164973
val isze = 0
idinces = [19  5 14  7  1  2 11 23 13 12 20  3 24  6 18 10 22 25  8 21 16 17  0 15
  4  9]
training loss = 1.5824209451675415 500
training loss = 1.5721206665039062 1000
training loss = 1.56941819190979 1500
reduced chi^2 level 2 = 1.5689550638198853
Constrained alpha: 2.0224547386169434
Constrained beta: 2.710850477218628
Constrained gamma: 54.545135498046875
(1, 26)
(1, 0)
data before
[1.51443982e+00 1.05794219e+01 1.78247773e+01 2.20082812e+01
 2.42550938e+01 2.50363203e+01 2.49244258e+01 2.43175371e+01
 2.32763906e+01 2.22465059e+01 2.09641270e+01 1.97520547e+01
 1.85641445e+01 1.75007559e+01 1.62465879e+01 1.51607354e+01
 1.42476846e+01 1.32594443e+01 1.24961260e+01 1.15899355e+01
 1.08746738e+01 1.02297051e+01 9.49952246e+00 9.00485059e+00
 8.41676758e+00 7.86521094e+00 7.47195068e+00 7.01632080e+00
 6.51170703e+00 6.19649121e+00 5.78068652e+00 5.41682471e+00
 5.13258252e+00 4.81464014e+00 4.56581152e+00 4.26022510e+00
 3.98066016e+00 3.79262964e+00 3.59480933e+00 3.40227100e+00
 3.17429883e+00 2.99965332e+00 2.82296240e+00 2.68663232e+00
 2.48951660e+00 2.39168408e+00 2.25436450e+00 2.08756470e+00
 1.98095630e+00 1.89603699e+00 1.76641528e+00 1.63837061e+00
 1.52764526e+00 1.43056177e+00 1.36291748e+00 1.27736267e+00
 1.18218140e+00 1.11682861e+00 1.01307965e+00 1.00056458e+00
 9.21917236e-01 8.72798706e-01 7.84670471e-01 7.24319702e-01
 6.77650818e-01 6.36634949e-01 5.80926331e-01 5.51520630e-01
 5.24862610e-01 4.76115021e-01 4.34178040e-01 3.84024872e-01
 3.59623657e-01 3.44445343e-01 3.19656128e-01 2.98159088e-01
 2.59561707e-01 2.45812500e-01 2.18262726e-01 1.87794128e-01
 1.75070297e-01 1.58420135e-01 1.38727310e-01 1.24744804e-01
 1.19480293e-01 1.02817932e-01 9.17768250e-02 7.61248932e-02
 7.43264694e-02 6.31855545e-02 5.91818390e-02 5.25593491e-02
 4.72375107e-02 3.90991898e-02 3.75656509e-02 3.10185585e-02
 2.78896713e-02 2.16994419e-02 2.06438618e-02 1.53213663e-02]
25
data after
[29.918639038085935, 22.00828125, 24.25509375, 25.0363203125, 24.92442578125, 24.317537109375, 23.276390625, 22.246505859375, 20.964126953125, 38.31619921875, 33.74734375, 29.408419921875, 25.755570312499998, 22.464609375000002, 28.734078125, 23.75392919921875, 25.50520556640625, 24.190083984375, 20.944322265625, 20.376133178710937, 22.829337639808653]
58
data,sig_tot
[29.91863904 22.00828125 24.25509375 25.03632031 24.92442578 24.31753711
 23.27639063 22.24650586 20.96412695 38.31619922 33.74734375 29.40841992
 25.75557031 22.46460938 28.73407812 23.7539292  25.50520557 24.19008398
 20.94432227 20.37613318 22.82933764 24.10547043 20.9471084  21.3452417
 21.96024512 23.1379936 ]
[29.91863904 22.00828125 24.25509375 25.03632031 24.92442578 24.31753711
 23.27639063 22.24650586 20.96412695 38.31619922 33.74734375 29.40841992
 25.75557031 22.46460938 28.73407812 23.7539292  25.50520557 24.19008398
 20.94432227 20.37613318 22.82933764 24.10547043 20.9471084  21.3452417
 21.96024512 23.1379936 ]
2.61905442469182 7.01916447542744 70.5331613164973
val isze = 0
idinces = [19  5 14  7  1  2 11 23 13 12 20  3 24  6 18 10 22 25  8 21 16 17  0 15
  4  9]
training loss = 1.6291507482528687 500
training loss = 1.5736985206604004 1000
training loss = 1.5687925815582275 1500
reduced chi^2 level 2 = 1.5688912868499756
Constrained alpha: 2.0228209495544434
Constrained beta: 2.7187564373016357
Constrained gamma: 54.4465446472168
(1, 26)
(1, 0)
data before
[1.51443982e+00 1.05794219e+01 1.78247773e+01 2.20082812e+01
 2.42550938e+01 2.50363203e+01 2.49244258e+01 2.43175371e+01
 2.32763906e+01 2.22465059e+01 2.09641270e+01 1.97520547e+01
 1.85641445e+01 1.75007559e+01 1.62465879e+01 1.51607354e+01
 1.42476846e+01 1.32594443e+01 1.24961260e+01 1.15899355e+01
 1.08746738e+01 1.02297051e+01 9.49952246e+00 9.00485059e+00
 8.41676758e+00 7.86521094e+00 7.47195068e+00 7.01632080e+00
 6.51170703e+00 6.19649121e+00 5.78068652e+00 5.41682471e+00
 5.13258252e+00 4.81464014e+00 4.56581152e+00 4.26022510e+00
 3.98066016e+00 3.79262964e+00 3.59480933e+00 3.40227100e+00
 3.17429883e+00 2.99965332e+00 2.82296240e+00 2.68663232e+00
 2.48951660e+00 2.39168408e+00 2.25436450e+00 2.08756470e+00
 1.98095630e+00 1.89603699e+00 1.76641528e+00 1.63837061e+00
 1.52764526e+00 1.43056177e+00 1.36291748e+00 1.27736267e+00
 1.18218140e+00 1.11682861e+00 1.01307965e+00 1.00056458e+00
 9.21917236e-01 8.72798706e-01 7.84670471e-01 7.24319702e-01
 6.77650818e-01 6.36634949e-01 5.80926331e-01 5.51520630e-01
 5.24862610e-01 4.76115021e-01 4.34178040e-01 3.84024872e-01
 3.59623657e-01 3.44445343e-01 3.19656128e-01 2.98159088e-01
 2.59561707e-01 2.45812500e-01 2.18262726e-01 1.87794128e-01
 1.75070297e-01 1.58420135e-01 1.38727310e-01 1.24744804e-01
 1.19480293e-01 1.02817932e-01 9.17768250e-02 7.61248932e-02
 7.43264694e-02 6.31855545e-02 5.91818390e-02 5.25593491e-02
 4.72375107e-02 3.90991898e-02 3.75656509e-02 3.10185585e-02
 2.78896713e-02 2.16994419e-02 2.06438618e-02 1.53213663e-02]
25
data after
[29.918639038085935, 22.00828125, 24.25509375, 25.0363203125, 24.92442578125, 24.317537109375, 23.276390625, 22.246505859375, 20.964126953125, 38.31619921875, 33.74734375, 29.408419921875, 25.755570312499998, 22.464609375000002, 28.734078125, 23.75392919921875, 25.50520556640625, 24.190083984375, 20.944322265625, 20.376133178710937, 22.829337639808653]
58
data,sig_tot
[29.91863904 22.00828125 24.25509375 25.03632031 24.92442578 24.31753711
 23.27639063 22.24650586 20.96412695 38.31619922 33.74734375 29.40841992
 25.75557031 22.46460938 28.73407812 23.7539292  25.50520557 24.19008398
 20.94432227 20.37613318 22.82933764 24.10547043 20.9471084  21.3452417
 21.96024512 23.1379936 ]
[29.91863904 22.00828125 24.25509375 25.03632031 24.92442578 24.31753711
 23.27639063 22.24650586 20.96412695 38.31619922 33.74734375 29.40841992
 25.75557031 22.46460938 28.73407812 23.7539292  25.50520557 24.19008398
 20.94432227 20.37613318 22.82933764 24.10547043 20.9471084  21.3452417
 21.96024512 23.1379936 ]
2.61905442469182 7.01916447542744 70.5331613164973
val isze = 0
idinces = [19  5 14  7  1  2 11 23 13 12 20  3 24  6 18 10 22 25  8 21 16 17  0 15
  4  9]
training loss = 1.674710750579834 500
training loss = 1.6664625406265259 1000
training loss = 1.6585817337036133 1500
training loss = 1.657431721687317 2000
reduced chi^2 level 2 = 1.6575075387954712
Constrained alpha: 1.999397873878479
Constrained beta: 2.5069878101348877
Constrained gamma: 51.51309585571289
(1, 26)
(1, 0)
data before
[1.51443982e+00 1.05794219e+01 1.78247773e+01 2.20082812e+01
 2.42550938e+01 2.50363203e+01 2.49244258e+01 2.43175371e+01
 2.32763906e+01 2.22465059e+01 2.09641270e+01 1.97520547e+01
 1.85641445e+01 1.75007559e+01 1.62465879e+01 1.51607354e+01
 1.42476846e+01 1.32594443e+01 1.24961260e+01 1.15899355e+01
 1.08746738e+01 1.02297051e+01 9.49952246e+00 9.00485059e+00
 8.41676758e+00 7.86521094e+00 7.47195068e+00 7.01632080e+00
 6.51170703e+00 6.19649121e+00 5.78068652e+00 5.41682471e+00
 5.13258252e+00 4.81464014e+00 4.56581152e+00 4.26022510e+00
 3.98066016e+00 3.79262964e+00 3.59480933e+00 3.40227100e+00
 3.17429883e+00 2.99965332e+00 2.82296240e+00 2.68663232e+00
 2.48951660e+00 2.39168408e+00 2.25436450e+00 2.08756470e+00
 1.98095630e+00 1.89603699e+00 1.76641528e+00 1.63837061e+00
 1.52764526e+00 1.43056177e+00 1.36291748e+00 1.27736267e+00
 1.18218140e+00 1.11682861e+00 1.01307965e+00 1.00056458e+00
 9.21917236e-01 8.72798706e-01 7.84670471e-01 7.24319702e-01
 6.77650818e-01 6.36634949e-01 5.80926331e-01 5.51520630e-01
 5.24862610e-01 4.76115021e-01 4.34178040e-01 3.84024872e-01
 3.59623657e-01 3.44445343e-01 3.19656128e-01 2.98159088e-01
 2.59561707e-01 2.45812500e-01 2.18262726e-01 1.87794128e-01
 1.75070297e-01 1.58420135e-01 1.38727310e-01 1.24744804e-01
 1.19480293e-01 1.02817932e-01 9.17768250e-02 7.61248932e-02
 7.43264694e-02 6.31855545e-02 5.91818390e-02 5.25593491e-02
 4.72375107e-02 3.90991898e-02 3.75656509e-02 3.10185585e-02
 2.78896713e-02 2.16994419e-02 2.06438618e-02 1.53213663e-02]
25
data after
[29.918639038085935, 22.00828125, 24.25509375, 25.0363203125, 24.92442578125, 24.317537109375, 23.276390625, 22.246505859375, 20.964126953125, 38.31619921875, 33.74734375, 29.408419921875, 25.755570312499998, 22.464609375000002, 28.734078125, 23.75392919921875, 25.50520556640625, 24.190083984375, 20.944322265625, 20.376133178710937, 22.829337639808653]
58
data,sig_tot
[29.91863904 22.00828125 24.25509375 25.03632031 24.92442578 24.31753711
 23.27639063 22.24650586 20.96412695 38.31619922 33.74734375 29.40841992
 25.75557031 22.46460938 28.73407812 23.7539292  25.50520557 24.19008398
 20.94432227 20.37613318 22.82933764 24.10547043 20.9471084  21.3452417
 21.96024512 23.1379936 ]
[29.91863904 22.00828125 24.25509375 25.03632031 24.92442578 24.31753711
 23.27639063 22.24650586 20.96412695 38.31619922 33.74734375 29.40841992
 25.75557031 22.46460938 28.73407812 23.7539292  25.50520557 24.19008398
 20.94432227 20.37613318 22.82933764 24.10547043 20.9471084  21.3452417
 21.96024512 23.1379936 ]
2.61905442469182 7.01916447542744 70.5331613164973
val isze = 0
idinces = [19  5 14  7  1  2 11 23 13 12 20  3 24  6 18 10 22 25  8 21 16 17  0 15
  4  9]
training loss = 1.6901202201843262 500
training loss = 1.6699597835540771 1000
training loss = 1.6581770181655884 1500
reduced chi^2 level 2 = 1.6574593782424927
Constrained alpha: 1.998699426651001
Constrained beta: 2.511326313018799
Constrained gamma: 51.99802780151367
(1, 26)
(1, 0)
data before
[1.51443982e+00 1.05794219e+01 1.78247773e+01 2.20082812e+01
 2.42550938e+01 2.50363203e+01 2.49244258e+01 2.43175371e+01
 2.32763906e+01 2.22465059e+01 2.09641270e+01 1.97520547e+01
 1.85641445e+01 1.75007559e+01 1.62465879e+01 1.51607354e+01
 1.42476846e+01 1.32594443e+01 1.24961260e+01 1.15899355e+01
 1.08746738e+01 1.02297051e+01 9.49952246e+00 9.00485059e+00
 8.41676758e+00 7.86521094e+00 7.47195068e+00 7.01632080e+00
 6.51170703e+00 6.19649121e+00 5.78068652e+00 5.41682471e+00
 5.13258252e+00 4.81464014e+00 4.56581152e+00 4.26022510e+00
 3.98066016e+00 3.79262964e+00 3.59480933e+00 3.40227100e+00
 3.17429883e+00 2.99965332e+00 2.82296240e+00 2.68663232e+00
 2.48951660e+00 2.39168408e+00 2.25436450e+00 2.08756470e+00
 1.98095630e+00 1.89603699e+00 1.76641528e+00 1.63837061e+00
 1.52764526e+00 1.43056177e+00 1.36291748e+00 1.27736267e+00
 1.18218140e+00 1.11682861e+00 1.01307965e+00 1.00056458e+00
 9.21917236e-01 8.72798706e-01 7.84670471e-01 7.24319702e-01
 6.77650818e-01 6.36634949e-01 5.80926331e-01 5.51520630e-01
 5.24862610e-01 4.76115021e-01 4.34178040e-01 3.84024872e-01
 3.59623657e-01 3.44445343e-01 3.19656128e-01 2.98159088e-01
 2.59561707e-01 2.45812500e-01 2.18262726e-01 1.87794128e-01
 1.75070297e-01 1.58420135e-01 1.38727310e-01 1.24744804e-01
 1.19480293e-01 1.02817932e-01 9.17768250e-02 7.61248932e-02
 7.43264694e-02 6.31855545e-02 5.91818390e-02 5.25593491e-02
 4.72375107e-02 3.90991898e-02 3.75656509e-02 3.10185585e-02
 2.78896713e-02 2.16994419e-02 2.06438618e-02 1.53213663e-02]
25
data after
[29.918639038085935, 22.00828125, 24.25509375, 25.0363203125, 24.92442578125, 24.317537109375, 23.276390625, 22.246505859375, 20.964126953125, 38.31619921875, 33.74734375, 29.408419921875, 25.755570312499998, 22.464609375000002, 28.734078125, 23.75392919921875, 25.50520556640625, 24.190083984375, 20.944322265625, 20.376133178710937, 22.829337639808653]
58
data,sig_tot
[29.91863904 22.00828125 24.25509375 25.03632031 24.92442578 24.31753711
 23.27639063 22.24650586 20.96412695 38.31619922 33.74734375 29.40841992
 25.75557031 22.46460938 28.73407812 23.7539292  25.50520557 24.19008398
 20.94432227 20.37613318 22.82933764 24.10547043 20.9471084  21.3452417
 21.96024512 23.1379936 ]
[29.91863904 22.00828125 24.25509375 25.03632031 24.92442578 24.31753711
 23.27639063 22.24650586 20.96412695 38.31619922 33.74734375 29.40841992
 25.75557031 22.46460938 28.73407812 23.7539292  25.50520557 24.19008398
 20.94432227 20.37613318 22.82933764 24.10547043 20.9471084  21.3452417
 21.96024512 23.1379936 ]
2.61905442469182 7.01916447542744 70.5331613164973
val isze = 0
idinces = [19  5 14  7  1  2 11 23 13 12 20  3 24  6 18 10 22 25  8 21 16 17  0 15
  4  9]
training loss = 1.6520048379898071 500
training loss = 1.6280312538146973 1000
training loss = 1.5688908100128174 1500
reduced chi^2 level 2 = 1.5689483880996704
Constrained alpha: 2.0290818214416504
Constrained beta: 2.6218910217285156
Constrained gamma: 52.95121383666992
(1, 26)
(1, 0)
data before
[1.51443982e+00 1.05794219e+01 1.78247773e+01 2.20082812e+01
 2.42550938e+01 2.50363203e+01 2.49244258e+01 2.43175371e+01
 2.32763906e+01 2.22465059e+01 2.09641270e+01 1.97520547e+01
 1.85641445e+01 1.75007559e+01 1.62465879e+01 1.51607354e+01
 1.42476846e+01 1.32594443e+01 1.24961260e+01 1.15899355e+01
 1.08746738e+01 1.02297051e+01 9.49952246e+00 9.00485059e+00
 8.41676758e+00 7.86521094e+00 7.47195068e+00 7.01632080e+00
 6.51170703e+00 6.19649121e+00 5.78068652e+00 5.41682471e+00
 5.13258252e+00 4.81464014e+00 4.56581152e+00 4.26022510e+00
 3.98066016e+00 3.79262964e+00 3.59480933e+00 3.40227100e+00
 3.17429883e+00 2.99965332e+00 2.82296240e+00 2.68663232e+00
 2.48951660e+00 2.39168408e+00 2.25436450e+00 2.08756470e+00
 1.98095630e+00 1.89603699e+00 1.76641528e+00 1.63837061e+00
 1.52764526e+00 1.43056177e+00 1.36291748e+00 1.27736267e+00
 1.18218140e+00 1.11682861e+00 1.01307965e+00 1.00056458e+00
 9.21917236e-01 8.72798706e-01 7.84670471e-01 7.24319702e-01
 6.77650818e-01 6.36634949e-01 5.80926331e-01 5.51520630e-01
 5.24862610e-01 4.76115021e-01 4.34178040e-01 3.84024872e-01
 3.59623657e-01 3.44445343e-01 3.19656128e-01 2.98159088e-01
 2.59561707e-01 2.45812500e-01 2.18262726e-01 1.87794128e-01
 1.75070297e-01 1.58420135e-01 1.38727310e-01 1.24744804e-01
 1.19480293e-01 1.02817932e-01 9.17768250e-02 7.61248932e-02
 7.43264694e-02 6.31855545e-02 5.91818390e-02 5.25593491e-02
 4.72375107e-02 3.90991898e-02 3.75656509e-02 3.10185585e-02
 2.78896713e-02 2.16994419e-02 2.06438618e-02 1.53213663e-02]
25
data after
[29.918639038085935, 22.00828125, 24.25509375, 25.0363203125, 24.92442578125, 24.317537109375, 23.276390625, 22.246505859375, 20.964126953125, 38.31619921875, 33.74734375, 29.408419921875, 25.755570312499998, 22.464609375000002, 28.734078125, 23.75392919921875, 25.50520556640625, 24.190083984375, 20.944322265625, 20.376133178710937, 22.829337639808653]
58
data,sig_tot
[29.91863904 22.00828125 24.25509375 25.03632031 24.92442578 24.31753711
 23.27639063 22.24650586 20.96412695 38.31619922 33.74734375 29.40841992
 25.75557031 22.46460938 28.73407812 23.7539292  25.50520557 24.19008398
 20.94432227 20.37613318 22.82933764 24.10547043 20.9471084  21.3452417
 21.96024512 23.1379936 ]
[29.91863904 22.00828125 24.25509375 25.03632031 24.92442578 24.31753711
 23.27639063 22.24650586 20.96412695 38.31619922 33.74734375 29.40841992
 25.75557031 22.46460938 28.73407812 23.7539292  25.50520557 24.19008398
 20.94432227 20.37613318 22.82933764 24.10547043 20.9471084  21.3452417
 21.96024512 23.1379936 ]
2.61905442469182 7.01916447542744 70.5331613164973
val isze = 0
idinces = [19  5 14  7  1  2 11 23 13 12 20  3 24  6 18 10 22 25  8 21 16 17  0 15
  4  9]
training loss = 1.6702244281768799 500
training loss = 1.6603459119796753 1000
training loss = 1.6550942659378052 1500
reduced chi^2 level 2 = 1.655577301979065
Constrained alpha: 1.9129880666732788
Constrained beta: 2.735081434249878
Constrained gamma: 53.56211853027344
(1, 26)
(1, 0)
data before
[1.51443982e+00 1.05794219e+01 1.78247773e+01 2.20082812e+01
 2.42550938e+01 2.50363203e+01 2.49244258e+01 2.43175371e+01
 2.32763906e+01 2.22465059e+01 2.09641270e+01 1.97520547e+01
 1.85641445e+01 1.75007559e+01 1.62465879e+01 1.51607354e+01
 1.42476846e+01 1.32594443e+01 1.24961260e+01 1.15899355e+01
 1.08746738e+01 1.02297051e+01 9.49952246e+00 9.00485059e+00
 8.41676758e+00 7.86521094e+00 7.47195068e+00 7.01632080e+00
 6.51170703e+00 6.19649121e+00 5.78068652e+00 5.41682471e+00
 5.13258252e+00 4.81464014e+00 4.56581152e+00 4.26022510e+00
 3.98066016e+00 3.79262964e+00 3.59480933e+00 3.40227100e+00
 3.17429883e+00 2.99965332e+00 2.82296240e+00 2.68663232e+00
 2.48951660e+00 2.39168408e+00 2.25436450e+00 2.08756470e+00
 1.98095630e+00 1.89603699e+00 1.76641528e+00 1.63837061e+00
 1.52764526e+00 1.43056177e+00 1.36291748e+00 1.27736267e+00
 1.18218140e+00 1.11682861e+00 1.01307965e+00 1.00056458e+00
 9.21917236e-01 8.72798706e-01 7.84670471e-01 7.24319702e-01
 6.77650818e-01 6.36634949e-01 5.80926331e-01 5.51520630e-01
 5.24862610e-01 4.76115021e-01 4.34178040e-01 3.84024872e-01
 3.59623657e-01 3.44445343e-01 3.19656128e-01 2.98159088e-01
 2.59561707e-01 2.45812500e-01 2.18262726e-01 1.87794128e-01
 1.75070297e-01 1.58420135e-01 1.38727310e-01 1.24744804e-01
 1.19480293e-01 1.02817932e-01 9.17768250e-02 7.61248932e-02
 7.43264694e-02 6.31855545e-02 5.91818390e-02 5.25593491e-02
 4.72375107e-02 3.90991898e-02 3.75656509e-02 3.10185585e-02
 2.78896713e-02 2.16994419e-02 2.06438618e-02 1.53213663e-02]
25
data after
[29.918639038085935, 22.00828125, 24.25509375, 25.0363203125, 24.92442578125, 24.317537109375, 23.276390625, 22.246505859375, 20.964126953125, 38.31619921875, 33.74734375, 29.408419921875, 25.755570312499998, 22.464609375000002, 28.734078125, 23.75392919921875, 25.50520556640625, 24.190083984375, 20.944322265625, 20.376133178710937, 22.829337639808653]
58
data,sig_tot
[29.91863904 22.00828125 24.25509375 25.03632031 24.92442578 24.31753711
 23.27639063 22.24650586 20.96412695 38.31619922 33.74734375 29.40841992
 25.75557031 22.46460938 28.73407812 23.7539292  25.50520557 24.19008398
 20.94432227 20.37613318 22.82933764 24.10547043 20.9471084  21.3452417
 21.96024512 23.1379936 ]
[29.91863904 22.00828125 24.25509375 25.03632031 24.92442578 24.31753711
 23.27639063 22.24650586 20.96412695 38.31619922 33.74734375 29.40841992
 25.75557031 22.46460938 28.73407812 23.7539292  25.50520557 24.19008398
 20.94432227 20.37613318 22.82933764 24.10547043 20.9471084  21.3452417
 21.96024512 23.1379936 ]
2.61905442469182 7.01916447542744 70.5331613164973
val isze = 0
idinces = [19  5 14  7  1  2 11 23 13 12 20  3 24  6 18 10 22 25  8 21 16 17  0 15
  4  9]
training loss = 1.603251576423645 500
training loss = 1.5762171745300293 1000
training loss = 1.5714635848999023 1500
reduced chi^2 level 2 = 1.570873737335205
Constrained alpha: 2.067833662033081
Constrained beta: 2.6294095516204834
Constrained gamma: 51.84847640991211
(1, 26)
(1, 0)
data before
[1.51443982e+00 1.05794219e+01 1.78247773e+01 2.20082812e+01
 2.42550938e+01 2.50363203e+01 2.49244258e+01 2.43175371e+01
 2.32763906e+01 2.22465059e+01 2.09641270e+01 1.97520547e+01
 1.85641445e+01 1.75007559e+01 1.62465879e+01 1.51607354e+01
 1.42476846e+01 1.32594443e+01 1.24961260e+01 1.15899355e+01
 1.08746738e+01 1.02297051e+01 9.49952246e+00 9.00485059e+00
 8.41676758e+00 7.86521094e+00 7.47195068e+00 7.01632080e+00
 6.51170703e+00 6.19649121e+00 5.78068652e+00 5.41682471e+00
 5.13258252e+00 4.81464014e+00 4.56581152e+00 4.26022510e+00
 3.98066016e+00 3.79262964e+00 3.59480933e+00 3.40227100e+00
 3.17429883e+00 2.99965332e+00 2.82296240e+00 2.68663232e+00
 2.48951660e+00 2.39168408e+00 2.25436450e+00 2.08756470e+00
 1.98095630e+00 1.89603699e+00 1.76641528e+00 1.63837061e+00
 1.52764526e+00 1.43056177e+00 1.36291748e+00 1.27736267e+00
 1.18218140e+00 1.11682861e+00 1.01307965e+00 1.00056458e+00
 9.21917236e-01 8.72798706e-01 7.84670471e-01 7.24319702e-01
 6.77650818e-01 6.36634949e-01 5.80926331e-01 5.51520630e-01
 5.24862610e-01 4.76115021e-01 4.34178040e-01 3.84024872e-01
 3.59623657e-01 3.44445343e-01 3.19656128e-01 2.98159088e-01
 2.59561707e-01 2.45812500e-01 2.18262726e-01 1.87794128e-01
 1.75070297e-01 1.58420135e-01 1.38727310e-01 1.24744804e-01
 1.19480293e-01 1.02817932e-01 9.17768250e-02 7.61248932e-02
 7.43264694e-02 6.31855545e-02 5.91818390e-02 5.25593491e-02
 4.72375107e-02 3.90991898e-02 3.75656509e-02 3.10185585e-02
 2.78896713e-02 2.16994419e-02 2.06438618e-02 1.53213663e-02]
25
data after
[29.918639038085935, 22.00828125, 24.25509375, 25.0363203125, 24.92442578125, 24.317537109375, 23.276390625, 22.246505859375, 20.964126953125, 38.31619921875, 33.74734375, 29.408419921875, 25.755570312499998, 22.464609375000002, 28.734078125, 23.75392919921875, 25.50520556640625, 24.190083984375, 20.944322265625, 20.376133178710937, 22.829337639808653]
58
data,sig_tot
[29.91863904 22.00828125 24.25509375 25.03632031 24.92442578 24.31753711
 23.27639063 22.24650586 20.96412695 38.31619922 33.74734375 29.40841992
 25.75557031 22.46460938 28.73407812 23.7539292  25.50520557 24.19008398
 20.94432227 20.37613318 22.82933764 24.10547043 20.9471084  21.3452417
 21.96024512 23.1379936 ]
[29.91863904 22.00828125 24.25509375 25.03632031 24.92442578 24.31753711
 23.27639063 22.24650586 20.96412695 38.31619922 33.74734375 29.40841992
 25.75557031 22.46460938 28.73407812 23.7539292  25.50520557 24.19008398
 20.94432227 20.37613318 22.82933764 24.10547043 20.9471084  21.3452417
 21.96024512 23.1379936 ]
2.61905442469182 7.01916447542744 70.5331613164973
val isze = 0
idinces = [19  5 14  7  1  2 11 23 13 12 20  3 24  6 18 10 22 25  8 21 16 17  0 15
  4  9]
training loss = 1.5876215696334839 500
training loss = 1.573283076286316 1000
training loss = 1.5688849687576294 1500
reduced chi^2 level 2 = 1.5692100524902344
Constrained alpha: 2.0283262729644775
Constrained beta: 2.6895172595977783
Constrained gamma: 53.96044158935547
(1, 26)
(1, 0)
data before
[1.51443982e+00 1.05794219e+01 1.78247773e+01 2.20082812e+01
 2.42550938e+01 2.50363203e+01 2.49244258e+01 2.43175371e+01
 2.32763906e+01 2.22465059e+01 2.09641270e+01 1.97520547e+01
 1.85641445e+01 1.75007559e+01 1.62465879e+01 1.51607354e+01
 1.42476846e+01 1.32594443e+01 1.24961260e+01 1.15899355e+01
 1.08746738e+01 1.02297051e+01 9.49952246e+00 9.00485059e+00
 8.41676758e+00 7.86521094e+00 7.47195068e+00 7.01632080e+00
 6.51170703e+00 6.19649121e+00 5.78068652e+00 5.41682471e+00
 5.13258252e+00 4.81464014e+00 4.56581152e+00 4.26022510e+00
 3.98066016e+00 3.79262964e+00 3.59480933e+00 3.40227100e+00
 3.17429883e+00 2.99965332e+00 2.82296240e+00 2.68663232e+00
 2.48951660e+00 2.39168408e+00 2.25436450e+00 2.08756470e+00
 1.98095630e+00 1.89603699e+00 1.76641528e+00 1.63837061e+00
 1.52764526e+00 1.43056177e+00 1.36291748e+00 1.27736267e+00
 1.18218140e+00 1.11682861e+00 1.01307965e+00 1.00056458e+00
 9.21917236e-01 8.72798706e-01 7.84670471e-01 7.24319702e-01
 6.77650818e-01 6.36634949e-01 5.80926331e-01 5.51520630e-01
 5.24862610e-01 4.76115021e-01 4.34178040e-01 3.84024872e-01
 3.59623657e-01 3.44445343e-01 3.19656128e-01 2.98159088e-01
 2.59561707e-01 2.45812500e-01 2.18262726e-01 1.87794128e-01
 1.75070297e-01 1.58420135e-01 1.38727310e-01 1.24744804e-01
 1.19480293e-01 1.02817932e-01 9.17768250e-02 7.61248932e-02
 7.43264694e-02 6.31855545e-02 5.91818390e-02 5.25593491e-02
 4.72375107e-02 3.90991898e-02 3.75656509e-02 3.10185585e-02
 2.78896713e-02 2.16994419e-02 2.06438618e-02 1.53213663e-02]
25
data after
[29.918639038085935, 22.00828125, 24.25509375, 25.0363203125, 24.92442578125, 24.317537109375, 23.276390625, 22.246505859375, 20.964126953125, 38.31619921875, 33.74734375, 29.408419921875, 25.755570312499998, 22.464609375000002, 28.734078125, 23.75392919921875, 25.50520556640625, 24.190083984375, 20.944322265625, 20.376133178710937, 22.829337639808653]
58
data,sig_tot
[29.91863904 22.00828125 24.25509375 25.03632031 24.92442578 24.31753711
 23.27639063 22.24650586 20.96412695 38.31619922 33.74734375 29.40841992
 25.75557031 22.46460938 28.73407812 23.7539292  25.50520557 24.19008398
 20.94432227 20.37613318 22.82933764 24.10547043 20.9471084  21.3452417
 21.96024512 23.1379936 ]
[29.91863904 22.00828125 24.25509375 25.03632031 24.92442578 24.31753711
 23.27639063 22.24650586 20.96412695 38.31619922 33.74734375 29.40841992
 25.75557031 22.46460938 28.73407812 23.7539292  25.50520557 24.19008398
 20.94432227 20.37613318 22.82933764 24.10547043 20.9471084  21.3452417
 21.96024512 23.1379936 ]
2.61905442469182 7.01916447542744 70.5331613164973
val isze = 0
idinces = [19  5 14  7  1  2 11 23 13 12 20  3 24  6 18 10 22 25  8 21 16 17  0 15
  4  9]
training loss = 1.6751720905303955 500
training loss = 1.6644601821899414 1000
training loss = 1.6577324867248535 1500
reduced chi^2 level 2 = 1.6575819253921509
Constrained alpha: 2.0063395500183105
Constrained beta: 2.4905295372009277
Constrained gamma: 52.60109329223633
(1, 26)
(1, 0)
data before
[1.51443982e+00 1.05794219e+01 1.78247773e+01 2.20082812e+01
 2.42550938e+01 2.50363203e+01 2.49244258e+01 2.43175371e+01
 2.32763906e+01 2.22465059e+01 2.09641270e+01 1.97520547e+01
 1.85641445e+01 1.75007559e+01 1.62465879e+01 1.51607354e+01
 1.42476846e+01 1.32594443e+01 1.24961260e+01 1.15899355e+01
 1.08746738e+01 1.02297051e+01 9.49952246e+00 9.00485059e+00
 8.41676758e+00 7.86521094e+00 7.47195068e+00 7.01632080e+00
 6.51170703e+00 6.19649121e+00 5.78068652e+00 5.41682471e+00
 5.13258252e+00 4.81464014e+00 4.56581152e+00 4.26022510e+00
 3.98066016e+00 3.79262964e+00 3.59480933e+00 3.40227100e+00
 3.17429883e+00 2.99965332e+00 2.82296240e+00 2.68663232e+00
 2.48951660e+00 2.39168408e+00 2.25436450e+00 2.08756470e+00
 1.98095630e+00 1.89603699e+00 1.76641528e+00 1.63837061e+00
 1.52764526e+00 1.43056177e+00 1.36291748e+00 1.27736267e+00
 1.18218140e+00 1.11682861e+00 1.01307965e+00 1.00056458e+00
 9.21917236e-01 8.72798706e-01 7.84670471e-01 7.24319702e-01
 6.77650818e-01 6.36634949e-01 5.80926331e-01 5.51520630e-01
 5.24862610e-01 4.76115021e-01 4.34178040e-01 3.84024872e-01
 3.59623657e-01 3.44445343e-01 3.19656128e-01 2.98159088e-01
 2.59561707e-01 2.45812500e-01 2.18262726e-01 1.87794128e-01
 1.75070297e-01 1.58420135e-01 1.38727310e-01 1.24744804e-01
 1.19480293e-01 1.02817932e-01 9.17768250e-02 7.61248932e-02
 7.43264694e-02 6.31855545e-02 5.91818390e-02 5.25593491e-02
 4.72375107e-02 3.90991898e-02 3.75656509e-02 3.10185585e-02
 2.78896713e-02 2.16994419e-02 2.06438618e-02 1.53213663e-02]
25
data after
[29.918639038085935, 22.00828125, 24.25509375, 25.0363203125, 24.92442578125, 24.317537109375, 23.276390625, 22.246505859375, 20.964126953125, 38.31619921875, 33.74734375, 29.408419921875, 25.755570312499998, 22.464609375000002, 28.734078125, 23.75392919921875, 25.50520556640625, 24.190083984375, 20.944322265625, 20.376133178710937, 22.829337639808653]
58
data,sig_tot
[29.91863904 22.00828125 24.25509375 25.03632031 24.92442578 24.31753711
 23.27639063 22.24650586 20.96412695 38.31619922 33.74734375 29.40841992
 25.75557031 22.46460938 28.73407812 23.7539292  25.50520557 24.19008398
 20.94432227 20.37613318 22.82933764 24.10547043 20.9471084  21.3452417
 21.96024512 23.1379936 ]
[29.91863904 22.00828125 24.25509375 25.03632031 24.92442578 24.31753711
 23.27639063 22.24650586 20.96412695 38.31619922 33.74734375 29.40841992
 25.75557031 22.46460938 28.73407812 23.7539292  25.50520557 24.19008398
 20.94432227 20.37613318 22.82933764 24.10547043 20.9471084  21.3452417
 21.96024512 23.1379936 ]
2.61905442469182 7.01916447542744 70.5331613164973
val isze = 0
idinces = [19  5 14  7  1  2 11 23 13 12 20  3 24  6 18 10 22 25  8 21 16 17  0 15
  4  9]
training loss = 1.603305697441101 500
training loss = 1.5741047859191895 1000
training loss = 1.5702431201934814 1500
reduced chi^2 level 2 = 1.5706486701965332
Constrained alpha: 2.0698652267456055
Constrained beta: 2.6694045066833496
Constrained gamma: 53.902408599853516
(1, 26)
(1, 0)
data before
[1.51443982e+00 1.05794219e+01 1.78247773e+01 2.20082812e+01
 2.42550938e+01 2.50363203e+01 2.49244258e+01 2.43175371e+01
 2.32763906e+01 2.22465059e+01 2.09641270e+01 1.97520547e+01
 1.85641445e+01 1.75007559e+01 1.62465879e+01 1.51607354e+01
 1.42476846e+01 1.32594443e+01 1.24961260e+01 1.15899355e+01
 1.08746738e+01 1.02297051e+01 9.49952246e+00 9.00485059e+00
 8.41676758e+00 7.86521094e+00 7.47195068e+00 7.01632080e+00
 6.51170703e+00 6.19649121e+00 5.78068652e+00 5.41682471e+00
 5.13258252e+00 4.81464014e+00 4.56581152e+00 4.26022510e+00
 3.98066016e+00 3.79262964e+00 3.59480933e+00 3.40227100e+00
 3.17429883e+00 2.99965332e+00 2.82296240e+00 2.68663232e+00
 2.48951660e+00 2.39168408e+00 2.25436450e+00 2.08756470e+00
 1.98095630e+00 1.89603699e+00 1.76641528e+00 1.63837061e+00
 1.52764526e+00 1.43056177e+00 1.36291748e+00 1.27736267e+00
 1.18218140e+00 1.11682861e+00 1.01307965e+00 1.00056458e+00
 9.21917236e-01 8.72798706e-01 7.84670471e-01 7.24319702e-01
 6.77650818e-01 6.36634949e-01 5.80926331e-01 5.51520630e-01
 5.24862610e-01 4.76115021e-01 4.34178040e-01 3.84024872e-01
 3.59623657e-01 3.44445343e-01 3.19656128e-01 2.98159088e-01
 2.59561707e-01 2.45812500e-01 2.18262726e-01 1.87794128e-01
 1.75070297e-01 1.58420135e-01 1.38727310e-01 1.24744804e-01
 1.19480293e-01 1.02817932e-01 9.17768250e-02 7.61248932e-02
 7.43264694e-02 6.31855545e-02 5.91818390e-02 5.25593491e-02
 4.72375107e-02 3.90991898e-02 3.75656509e-02 3.10185585e-02
 2.78896713e-02 2.16994419e-02 2.06438618e-02 1.53213663e-02]
25
data after
[29.918639038085935, 22.00828125, 24.25509375, 25.0363203125, 24.92442578125, 24.317537109375, 23.276390625, 22.246505859375, 20.964126953125, 38.31619921875, 33.74734375, 29.408419921875, 25.755570312499998, 22.464609375000002, 28.734078125, 23.75392919921875, 25.50520556640625, 24.190083984375, 20.944322265625, 20.376133178710937, 22.829337639808653]
58
data,sig_tot
[29.91863904 22.00828125 24.25509375 25.03632031 24.92442578 24.31753711
 23.27639063 22.24650586 20.96412695 38.31619922 33.74734375 29.40841992
 25.75557031 22.46460938 28.73407812 23.7539292  25.50520557 24.19008398
 20.94432227 20.37613318 22.82933764 24.10547043 20.9471084  21.3452417
 21.96024512 23.1379936 ]
[29.91863904 22.00828125 24.25509375 25.03632031 24.92442578 24.31753711
 23.27639063 22.24650586 20.96412695 38.31619922 33.74734375 29.40841992
 25.75557031 22.46460938 28.73407812 23.7539292  25.50520557 24.19008398
 20.94432227 20.37613318 22.82933764 24.10547043 20.9471084  21.3452417
 21.96024512 23.1379936 ]
2.61905442469182 7.01916447542744 70.5331613164973
val isze = 0
idinces = [19  5 14  7  1  2 11 23 13 12 20  3 24  6 18 10 22 25  8 21 16 17  0 15
  4  9]
training loss = 1.6504887342453003 500
training loss = 1.5915868282318115 1000
training loss = 1.5683403015136719 1500
reduced chi^2 level 2 = 1.5686100721359253
Constrained alpha: 2.019723653793335
Constrained beta: 2.5829267501831055
Constrained gamma: 52.81903076171875
(1, 26)
(1, 0)
data before
[1.51443982e+00 1.05794219e+01 1.78247773e+01 2.20082812e+01
 2.42550938e+01 2.50363203e+01 2.49244258e+01 2.43175371e+01
 2.32763906e+01 2.22465059e+01 2.09641270e+01 1.97520547e+01
 1.85641445e+01 1.75007559e+01 1.62465879e+01 1.51607354e+01
 1.42476846e+01 1.32594443e+01 1.24961260e+01 1.15899355e+01
 1.08746738e+01 1.02297051e+01 9.49952246e+00 9.00485059e+00
 8.41676758e+00 7.86521094e+00 7.47195068e+00 7.01632080e+00
 6.51170703e+00 6.19649121e+00 5.78068652e+00 5.41682471e+00
 5.13258252e+00 4.81464014e+00 4.56581152e+00 4.26022510e+00
 3.98066016e+00 3.79262964e+00 3.59480933e+00 3.40227100e+00
 3.17429883e+00 2.99965332e+00 2.82296240e+00 2.68663232e+00
 2.48951660e+00 2.39168408e+00 2.25436450e+00 2.08756470e+00
 1.98095630e+00 1.89603699e+00 1.76641528e+00 1.63837061e+00
 1.52764526e+00 1.43056177e+00 1.36291748e+00 1.27736267e+00
 1.18218140e+00 1.11682861e+00 1.01307965e+00 1.00056458e+00
 9.21917236e-01 8.72798706e-01 7.84670471e-01 7.24319702e-01
 6.77650818e-01 6.36634949e-01 5.80926331e-01 5.51520630e-01
 5.24862610e-01 4.76115021e-01 4.34178040e-01 3.84024872e-01
 3.59623657e-01 3.44445343e-01 3.19656128e-01 2.98159088e-01
 2.59561707e-01 2.45812500e-01 2.18262726e-01 1.87794128e-01
 1.75070297e-01 1.58420135e-01 1.38727310e-01 1.24744804e-01
 1.19480293e-01 1.02817932e-01 9.17768250e-02 7.61248932e-02
 7.43264694e-02 6.31855545e-02 5.91818390e-02 5.25593491e-02
 4.72375107e-02 3.90991898e-02 3.75656509e-02 3.10185585e-02
 2.78896713e-02 2.16994419e-02 2.06438618e-02 1.53213663e-02]
25
data after
[29.918639038085935, 22.00828125, 24.25509375, 25.0363203125, 24.92442578125, 24.317537109375, 23.276390625, 22.246505859375, 20.964126953125, 38.31619921875, 33.74734375, 29.408419921875, 25.755570312499998, 22.464609375000002, 28.734078125, 23.75392919921875, 25.50520556640625, 24.190083984375, 20.944322265625, 20.376133178710937, 22.829337639808653]
58
data,sig_tot
[29.91863904 22.00828125 24.25509375 25.03632031 24.92442578 24.31753711
 23.27639063 22.24650586 20.96412695 38.31619922 33.74734375 29.40841992
 25.75557031 22.46460938 28.73407812 23.7539292  25.50520557 24.19008398
 20.94432227 20.37613318 22.82933764 24.10547043 20.9471084  21.3452417
 21.96024512 23.1379936 ]
[29.91863904 22.00828125 24.25509375 25.03632031 24.92442578 24.31753711
 23.27639063 22.24650586 20.96412695 38.31619922 33.74734375 29.40841992
 25.75557031 22.46460938 28.73407812 23.7539292  25.50520557 24.19008398
 20.94432227 20.37613318 22.82933764 24.10547043 20.9471084  21.3452417
 21.96024512 23.1379936 ]
2.61905442469182 7.01916447542744 70.5331613164973
val isze = 0
idinces = [19  5 14  7  1  2 11 23 13 12 20  3 24  6 18 10 22 25  8 21 16 17  0 15
  4  9]
training loss = 1.6795998811721802 500
training loss = 1.6653783321380615 1000
training loss = 1.657540202140808 1500
reduced chi^2 level 2 = 1.6573456525802612
Constrained alpha: 1.9894269704818726
Constrained beta: 2.5334393978118896
Constrained gamma: 52.47953414916992
(1, 26)
(1, 0)
data before
[1.51443982e+00 1.05794219e+01 1.78247773e+01 2.20082812e+01
 2.42550938e+01 2.50363203e+01 2.49244258e+01 2.43175371e+01
 2.32763906e+01 2.22465059e+01 2.09641270e+01 1.97520547e+01
 1.85641445e+01 1.75007559e+01 1.62465879e+01 1.51607354e+01
 1.42476846e+01 1.32594443e+01 1.24961260e+01 1.15899355e+01
 1.08746738e+01 1.02297051e+01 9.49952246e+00 9.00485059e+00
 8.41676758e+00 7.86521094e+00 7.47195068e+00 7.01632080e+00
 6.51170703e+00 6.19649121e+00 5.78068652e+00 5.41682471e+00
 5.13258252e+00 4.81464014e+00 4.56581152e+00 4.26022510e+00
 3.98066016e+00 3.79262964e+00 3.59480933e+00 3.40227100e+00
 3.17429883e+00 2.99965332e+00 2.82296240e+00 2.68663232e+00
 2.48951660e+00 2.39168408e+00 2.25436450e+00 2.08756470e+00
 1.98095630e+00 1.89603699e+00 1.76641528e+00 1.63837061e+00
 1.52764526e+00 1.43056177e+00 1.36291748e+00 1.27736267e+00
 1.18218140e+00 1.11682861e+00 1.01307965e+00 1.00056458e+00
 9.21917236e-01 8.72798706e-01 7.84670471e-01 7.24319702e-01
 6.77650818e-01 6.36634949e-01 5.80926331e-01 5.51520630e-01
 5.24862610e-01 4.76115021e-01 4.34178040e-01 3.84024872e-01
 3.59623657e-01 3.44445343e-01 3.19656128e-01 2.98159088e-01
 2.59561707e-01 2.45812500e-01 2.18262726e-01 1.87794128e-01
 1.75070297e-01 1.58420135e-01 1.38727310e-01 1.24744804e-01
 1.19480293e-01 1.02817932e-01 9.17768250e-02 7.61248932e-02
 7.43264694e-02 6.31855545e-02 5.91818390e-02 5.25593491e-02
 4.72375107e-02 3.90991898e-02 3.75656509e-02 3.10185585e-02
 2.78896713e-02 2.16994419e-02 2.06438618e-02 1.53213663e-02]
25
data after
[29.918639038085935, 22.00828125, 24.25509375, 25.0363203125, 24.92442578125, 24.317537109375, 23.276390625, 22.246505859375, 20.964126953125, 38.31619921875, 33.74734375, 29.408419921875, 25.755570312499998, 22.464609375000002, 28.734078125, 23.75392919921875, 25.50520556640625, 24.190083984375, 20.944322265625, 20.376133178710937, 22.829337639808653]
58
data,sig_tot
[29.91863904 22.00828125 24.25509375 25.03632031 24.92442578 24.31753711
 23.27639063 22.24650586 20.96412695 38.31619922 33.74734375 29.40841992
 25.75557031 22.46460938 28.73407812 23.7539292  25.50520557 24.19008398
 20.94432227 20.37613318 22.82933764 24.10547043 20.9471084  21.3452417
 21.96024512 23.1379936 ]
[29.91863904 22.00828125 24.25509375 25.03632031 24.92442578 24.31753711
 23.27639063 22.24650586 20.96412695 38.31619922 33.74734375 29.40841992
 25.75557031 22.46460938 28.73407812 23.7539292  25.50520557 24.19008398
 20.94432227 20.37613318 22.82933764 24.10547043 20.9471084  21.3452417
 21.96024512 23.1379936 ]
2.61905442469182 7.01916447542744 70.5331613164973
val isze = 0
idinces = [19  5 14  7  1  2 11 23 13 12 20  3 24  6 18 10 22 25  8 21 16 17  0 15
  4  9]
training loss = 1.6857165098190308 500
training loss = 1.6690720319747925 1000
training loss = 1.6584669351577759 1500
reduced chi^2 level 2 = 1.657495379447937
Constrained alpha: 2.00150728225708
Constrained beta: 2.504190444946289
Constrained gamma: 51.67032241821289
(1, 26)
(1, 0)
data before
[1.51443982e+00 1.05794219e+01 1.78247773e+01 2.20082812e+01
 2.42550938e+01 2.50363203e+01 2.49244258e+01 2.43175371e+01
 2.32763906e+01 2.22465059e+01 2.09641270e+01 1.97520547e+01
 1.85641445e+01 1.75007559e+01 1.62465879e+01 1.51607354e+01
 1.42476846e+01 1.32594443e+01 1.24961260e+01 1.15899355e+01
 1.08746738e+01 1.02297051e+01 9.49952246e+00 9.00485059e+00
 8.41676758e+00 7.86521094e+00 7.47195068e+00 7.01632080e+00
 6.51170703e+00 6.19649121e+00 5.78068652e+00 5.41682471e+00
 5.13258252e+00 4.81464014e+00 4.56581152e+00 4.26022510e+00
 3.98066016e+00 3.79262964e+00 3.59480933e+00 3.40227100e+00
 3.17429883e+00 2.99965332e+00 2.82296240e+00 2.68663232e+00
 2.48951660e+00 2.39168408e+00 2.25436450e+00 2.08756470e+00
 1.98095630e+00 1.89603699e+00 1.76641528e+00 1.63837061e+00
 1.52764526e+00 1.43056177e+00 1.36291748e+00 1.27736267e+00
 1.18218140e+00 1.11682861e+00 1.01307965e+00 1.00056458e+00
 9.21917236e-01 8.72798706e-01 7.84670471e-01 7.24319702e-01
 6.77650818e-01 6.36634949e-01 5.80926331e-01 5.51520630e-01
 5.24862610e-01 4.76115021e-01 4.34178040e-01 3.84024872e-01
 3.59623657e-01 3.44445343e-01 3.19656128e-01 2.98159088e-01
 2.59561707e-01 2.45812500e-01 2.18262726e-01 1.87794128e-01
 1.75070297e-01 1.58420135e-01 1.38727310e-01 1.24744804e-01
 1.19480293e-01 1.02817932e-01 9.17768250e-02 7.61248932e-02
 7.43264694e-02 6.31855545e-02 5.91818390e-02 5.25593491e-02
 4.72375107e-02 3.90991898e-02 3.75656509e-02 3.10185585e-02
 2.78896713e-02 2.16994419e-02 2.06438618e-02 1.53213663e-02]
25
data after
[29.918639038085935, 22.00828125, 24.25509375, 25.0363203125, 24.92442578125, 24.317537109375, 23.276390625, 22.246505859375, 20.964126953125, 38.31619921875, 33.74734375, 29.408419921875, 25.755570312499998, 22.464609375000002, 28.734078125, 23.75392919921875, 25.50520556640625, 24.190083984375, 20.944322265625, 20.376133178710937, 22.829337639808653]
58
data,sig_tot
[29.91863904 22.00828125 24.25509375 25.03632031 24.92442578 24.31753711
 23.27639063 22.24650586 20.96412695 38.31619922 33.74734375 29.40841992
 25.75557031 22.46460938 28.73407812 23.7539292  25.50520557 24.19008398
 20.94432227 20.37613318 22.82933764 24.10547043 20.9471084  21.3452417
 21.96024512 23.1379936 ]
[29.91863904 22.00828125 24.25509375 25.03632031 24.92442578 24.31753711
 23.27639063 22.24650586 20.96412695 38.31619922 33.74734375 29.40841992
 25.75557031 22.46460938 28.73407812 23.7539292  25.50520557 24.19008398
 20.94432227 20.37613318 22.82933764 24.10547043 20.9471084  21.3452417
 21.96024512 23.1379936 ]
2.61905442469182 7.01916447542744 70.5331613164973
val isze = 0
idinces = [19  5 14  7  1  2 11 23 13 12 20  3 24  6 18 10 22 25  8 21 16 17  0 15
  4  9]
training loss = 1.6860142946243286 500
training loss = 1.6690081357955933 1000
training loss = 1.6580383777618408 1500
reduced chi^2 level 2 = 1.6576069593429565
Constrained alpha: 2.0089852809906006
Constrained beta: 2.484666585922241
Constrained gamma: 52.37013244628906
(1, 26)
(1, 0)
data before
[1.51443982e+00 1.05794219e+01 1.78247773e+01 2.20082812e+01
 2.42550938e+01 2.50363203e+01 2.49244258e+01 2.43175371e+01
 2.32763906e+01 2.22465059e+01 2.09641270e+01 1.97520547e+01
 1.85641445e+01 1.75007559e+01 1.62465879e+01 1.51607354e+01
 1.42476846e+01 1.32594443e+01 1.24961260e+01 1.15899355e+01
 1.08746738e+01 1.02297051e+01 9.49952246e+00 9.00485059e+00
 8.41676758e+00 7.86521094e+00 7.47195068e+00 7.01632080e+00
 6.51170703e+00 6.19649121e+00 5.78068652e+00 5.41682471e+00
 5.13258252e+00 4.81464014e+00 4.56581152e+00 4.26022510e+00
 3.98066016e+00 3.79262964e+00 3.59480933e+00 3.40227100e+00
 3.17429883e+00 2.99965332e+00 2.82296240e+00 2.68663232e+00
 2.48951660e+00 2.39168408e+00 2.25436450e+00 2.08756470e+00
 1.98095630e+00 1.89603699e+00 1.76641528e+00 1.63837061e+00
 1.52764526e+00 1.43056177e+00 1.36291748e+00 1.27736267e+00
 1.18218140e+00 1.11682861e+00 1.01307965e+00 1.00056458e+00
 9.21917236e-01 8.72798706e-01 7.84670471e-01 7.24319702e-01
 6.77650818e-01 6.36634949e-01 5.80926331e-01 5.51520630e-01
 5.24862610e-01 4.76115021e-01 4.34178040e-01 3.84024872e-01
 3.59623657e-01 3.44445343e-01 3.19656128e-01 2.98159088e-01
 2.59561707e-01 2.45812500e-01 2.18262726e-01 1.87794128e-01
 1.75070297e-01 1.58420135e-01 1.38727310e-01 1.24744804e-01
 1.19480293e-01 1.02817932e-01 9.17768250e-02 7.61248932e-02
 7.43264694e-02 6.31855545e-02 5.91818390e-02 5.25593491e-02
 4.72375107e-02 3.90991898e-02 3.75656509e-02 3.10185585e-02
 2.78896713e-02 2.16994419e-02 2.06438618e-02 1.53213663e-02]
25
data after
[29.918639038085935, 22.00828125, 24.25509375, 25.0363203125, 24.92442578125, 24.317537109375, 23.276390625, 22.246505859375, 20.964126953125, 38.31619921875, 33.74734375, 29.408419921875, 25.755570312499998, 22.464609375000002, 28.734078125, 23.75392919921875, 25.50520556640625, 24.190083984375, 20.944322265625, 20.376133178710937, 22.829337639808653]
58
data,sig_tot
[29.91863904 22.00828125 24.25509375 25.03632031 24.92442578 24.31753711
 23.27639063 22.24650586 20.96412695 38.31619922 33.74734375 29.40841992
 25.75557031 22.46460938 28.73407812 23.7539292  25.50520557 24.19008398
 20.94432227 20.37613318 22.82933764 24.10547043 20.9471084  21.3452417
 21.96024512 23.1379936 ]
[29.91863904 22.00828125 24.25509375 25.03632031 24.92442578 24.31753711
 23.27639063 22.24650586 20.96412695 38.31619922 33.74734375 29.40841992
 25.75557031 22.46460938 28.73407812 23.7539292  25.50520557 24.19008398
 20.94432227 20.37613318 22.82933764 24.10547043 20.9471084  21.3452417
 21.96024512 23.1379936 ]
2.61905442469182 7.01916447542744 70.5331613164973
val isze = 0
idinces = [19  5 14  7  1  2 11 23 13 12 20  3 24  6 18 10 22 25  8 21 16 17  0 15
  4  9]
training loss = 1.678700566291809 500
training loss = 1.666788935661316 1000
training loss = 1.6580688953399658 1500
reduced chi^2 level 2 = 1.6575230360031128
Constrained alpha: 2.001697540283203
Constrained beta: 2.502079725265503
Constrained gamma: 52.16424560546875
(1, 26)
(1, 0)
data before
[1.51443982e+00 1.05794219e+01 1.78247773e+01 2.20082812e+01
 2.42550938e+01 2.50363203e+01 2.49244258e+01 2.43175371e+01
 2.32763906e+01 2.22465059e+01 2.09641270e+01 1.97520547e+01
 1.85641445e+01 1.75007559e+01 1.62465879e+01 1.51607354e+01
 1.42476846e+01 1.32594443e+01 1.24961260e+01 1.15899355e+01
 1.08746738e+01 1.02297051e+01 9.49952246e+00 9.00485059e+00
 8.41676758e+00 7.86521094e+00 7.47195068e+00 7.01632080e+00
 6.51170703e+00 6.19649121e+00 5.78068652e+00 5.41682471e+00
 5.13258252e+00 4.81464014e+00 4.56581152e+00 4.26022510e+00
 3.98066016e+00 3.79262964e+00 3.59480933e+00 3.40227100e+00
 3.17429883e+00 2.99965332e+00 2.82296240e+00 2.68663232e+00
 2.48951660e+00 2.39168408e+00 2.25436450e+00 2.08756470e+00
 1.98095630e+00 1.89603699e+00 1.76641528e+00 1.63837061e+00
 1.52764526e+00 1.43056177e+00 1.36291748e+00 1.27736267e+00
 1.18218140e+00 1.11682861e+00 1.01307965e+00 1.00056458e+00
 9.21917236e-01 8.72798706e-01 7.84670471e-01 7.24319702e-01
 6.77650818e-01 6.36634949e-01 5.80926331e-01 5.51520630e-01
 5.24862610e-01 4.76115021e-01 4.34178040e-01 3.84024872e-01
 3.59623657e-01 3.44445343e-01 3.19656128e-01 2.98159088e-01
 2.59561707e-01 2.45812500e-01 2.18262726e-01 1.87794128e-01
 1.75070297e-01 1.58420135e-01 1.38727310e-01 1.24744804e-01
 1.19480293e-01 1.02817932e-01 9.17768250e-02 7.61248932e-02
 7.43264694e-02 6.31855545e-02 5.91818390e-02 5.25593491e-02
 4.72375107e-02 3.90991898e-02 3.75656509e-02 3.10185585e-02
 2.78896713e-02 2.16994419e-02 2.06438618e-02 1.53213663e-02]
25
data after
[29.918639038085935, 22.00828125, 24.25509375, 25.0363203125, 24.92442578125, 24.317537109375, 23.276390625, 22.246505859375, 20.964126953125, 38.31619921875, 33.74734375, 29.408419921875, 25.755570312499998, 22.464609375000002, 28.734078125, 23.75392919921875, 25.50520556640625, 24.190083984375, 20.944322265625, 20.376133178710937, 22.829337639808653]
58
data,sig_tot
[29.91863904 22.00828125 24.25509375 25.03632031 24.92442578 24.31753711
 23.27639063 22.24650586 20.96412695 38.31619922 33.74734375 29.40841992
 25.75557031 22.46460938 28.73407812 23.7539292  25.50520557 24.19008398
 20.94432227 20.37613318 22.82933764 24.10547043 20.9471084  21.3452417
 21.96024512 23.1379936 ]
[29.91863904 22.00828125 24.25509375 25.03632031 24.92442578 24.31753711
 23.27639063 22.24650586 20.96412695 38.31619922 33.74734375 29.40841992
 25.75557031 22.46460938 28.73407812 23.7539292  25.50520557 24.19008398
 20.94432227 20.37613318 22.82933764 24.10547043 20.9471084  21.3452417
 21.96024512 23.1379936 ]
2.61905442469182 7.01916447542744 70.5331613164973
val isze = 0
idinces = [19  5 14  7  1  2 11 23 13 12 20  3 24  6 18 10 22 25  8 21 16 17  0 15
  4  9]
training loss = 1.6828529834747314 500
training loss = 1.6673589944839478 1000
training loss = 1.6581499576568604 1500
reduced chi^2 level 2 = 1.6574549674987793
Constrained alpha: 1.9967910051345825
Constrained beta: 2.5148091316223145
Constrained gamma: 51.91617965698242
(1, 26)
(1, 0)
data before
[1.51443982e+00 1.05794219e+01 1.78247773e+01 2.20082812e+01
 2.42550938e+01 2.50363203e+01 2.49244258e+01 2.43175371e+01
 2.32763906e+01 2.22465059e+01 2.09641270e+01 1.97520547e+01
 1.85641445e+01 1.75007559e+01 1.62465879e+01 1.51607354e+01
 1.42476846e+01 1.32594443e+01 1.24961260e+01 1.15899355e+01
 1.08746738e+01 1.02297051e+01 9.49952246e+00 9.00485059e+00
 8.41676758e+00 7.86521094e+00 7.47195068e+00 7.01632080e+00
 6.51170703e+00 6.19649121e+00 5.78068652e+00 5.41682471e+00
 5.13258252e+00 4.81464014e+00 4.56581152e+00 4.26022510e+00
 3.98066016e+00 3.79262964e+00 3.59480933e+00 3.40227100e+00
 3.17429883e+00 2.99965332e+00 2.82296240e+00 2.68663232e+00
 2.48951660e+00 2.39168408e+00 2.25436450e+00 2.08756470e+00
 1.98095630e+00 1.89603699e+00 1.76641528e+00 1.63837061e+00
 1.52764526e+00 1.43056177e+00 1.36291748e+00 1.27736267e+00
 1.18218140e+00 1.11682861e+00 1.01307965e+00 1.00056458e+00
 9.21917236e-01 8.72798706e-01 7.84670471e-01 7.24319702e-01
 6.77650818e-01 6.36634949e-01 5.80926331e-01 5.51520630e-01
 5.24862610e-01 4.76115021e-01 4.34178040e-01 3.84024872e-01
 3.59623657e-01 3.44445343e-01 3.19656128e-01 2.98159088e-01
 2.59561707e-01 2.45812500e-01 2.18262726e-01 1.87794128e-01
 1.75070297e-01 1.58420135e-01 1.38727310e-01 1.24744804e-01
 1.19480293e-01 1.02817932e-01 9.17768250e-02 7.61248932e-02
 7.43264694e-02 6.31855545e-02 5.91818390e-02 5.25593491e-02
 4.72375107e-02 3.90991898e-02 3.75656509e-02 3.10185585e-02
 2.78896713e-02 2.16994419e-02 2.06438618e-02 1.53213663e-02]
25
data after
[29.918639038085935, 22.00828125, 24.25509375, 25.0363203125, 24.92442578125, 24.317537109375, 23.276390625, 22.246505859375, 20.964126953125, 38.31619921875, 33.74734375, 29.408419921875, 25.755570312499998, 22.464609375000002, 28.734078125, 23.75392919921875, 25.50520556640625, 24.190083984375, 20.944322265625, 20.376133178710937, 22.829337639808653]
58
data,sig_tot
[29.91863904 22.00828125 24.25509375 25.03632031 24.92442578 24.31753711
 23.27639063 22.24650586 20.96412695 38.31619922 33.74734375 29.40841992
 25.75557031 22.46460938 28.73407812 23.7539292  25.50520557 24.19008398
 20.94432227 20.37613318 22.82933764 24.10547043 20.9471084  21.3452417
 21.96024512 23.1379936 ]
[29.91863904 22.00828125 24.25509375 25.03632031 24.92442578 24.31753711
 23.27639063 22.24650586 20.96412695 38.31619922 33.74734375 29.40841992
 25.75557031 22.46460938 28.73407812 23.7539292  25.50520557 24.19008398
 20.94432227 20.37613318 22.82933764 24.10547043 20.9471084  21.3452417
 21.96024512 23.1379936 ]
2.61905442469182 7.01916447542744 70.5331613164973
val isze = 0
idinces = [19  5 14  7  1  2 11 23 13 12 20  3 24  6 18 10 22 25  8 21 16 17  0 15
  4  9]
training loss = 1.6788609027862549 500
training loss = 1.664491891860962 1000
training loss = 1.6572598218917847 1500
reduced chi^2 level 2 = 1.657220482826233
Constrained alpha: 1.9776633977890015
Constrained beta: 2.5631778240203857
Constrained gamma: 52.73612976074219
(1, 26)
(1, 0)
data before
[1.51443982e+00 1.05794219e+01 1.78247773e+01 2.20082812e+01
 2.42550938e+01 2.50363203e+01 2.49244258e+01 2.43175371e+01
 2.32763906e+01 2.22465059e+01 2.09641270e+01 1.97520547e+01
 1.85641445e+01 1.75007559e+01 1.62465879e+01 1.51607354e+01
 1.42476846e+01 1.32594443e+01 1.24961260e+01 1.15899355e+01
 1.08746738e+01 1.02297051e+01 9.49952246e+00 9.00485059e+00
 8.41676758e+00 7.86521094e+00 7.47195068e+00 7.01632080e+00
 6.51170703e+00 6.19649121e+00 5.78068652e+00 5.41682471e+00
 5.13258252e+00 4.81464014e+00 4.56581152e+00 4.26022510e+00
 3.98066016e+00 3.79262964e+00 3.59480933e+00 3.40227100e+00
 3.17429883e+00 2.99965332e+00 2.82296240e+00 2.68663232e+00
 2.48951660e+00 2.39168408e+00 2.25436450e+00 2.08756470e+00
 1.98095630e+00 1.89603699e+00 1.76641528e+00 1.63837061e+00
 1.52764526e+00 1.43056177e+00 1.36291748e+00 1.27736267e+00
 1.18218140e+00 1.11682861e+00 1.01307965e+00 1.00056458e+00
 9.21917236e-01 8.72798706e-01 7.84670471e-01 7.24319702e-01
 6.77650818e-01 6.36634949e-01 5.80926331e-01 5.51520630e-01
 5.24862610e-01 4.76115021e-01 4.34178040e-01 3.84024872e-01
 3.59623657e-01 3.44445343e-01 3.19656128e-01 2.98159088e-01
 2.59561707e-01 2.45812500e-01 2.18262726e-01 1.87794128e-01
 1.75070297e-01 1.58420135e-01 1.38727310e-01 1.24744804e-01
 1.19480293e-01 1.02817932e-01 9.17768250e-02 7.61248932e-02
 7.43264694e-02 6.31855545e-02 5.91818390e-02 5.25593491e-02
 4.72375107e-02 3.90991898e-02 3.75656509e-02 3.10185585e-02
 2.78896713e-02 2.16994419e-02 2.06438618e-02 1.53213663e-02]
25
data after
[29.918639038085935, 22.00828125, 24.25509375, 25.0363203125, 24.92442578125, 24.317537109375, 23.276390625, 22.246505859375, 20.964126953125, 38.31619921875, 33.74734375, 29.408419921875, 25.755570312499998, 22.464609375000002, 28.734078125, 23.75392919921875, 25.50520556640625, 24.190083984375, 20.944322265625, 20.376133178710937, 22.829337639808653]
58
data,sig_tot
[29.91863904 22.00828125 24.25509375 25.03632031 24.92442578 24.31753711
 23.27639063 22.24650586 20.96412695 38.31619922 33.74734375 29.40841992
 25.75557031 22.46460938 28.73407812 23.7539292  25.50520557 24.19008398
 20.94432227 20.37613318 22.82933764 24.10547043 20.9471084  21.3452417
 21.96024512 23.1379936 ]
[29.91863904 22.00828125 24.25509375 25.03632031 24.92442578 24.31753711
 23.27639063 22.24650586 20.96412695 38.31619922 33.74734375 29.40841992
 25.75557031 22.46460938 28.73407812 23.7539292  25.50520557 24.19008398
 20.94432227 20.37613318 22.82933764 24.10547043 20.9471084  21.3452417
 21.96024512 23.1379936 ]
2.61905442469182 7.01916447542744 70.5331613164973
val isze = 0
idinces = [19  5 14  7  1  2 11 23 13 12 20  3 24  6 18 10 22 25  8 21 16 17  0 15
  4  9]
training loss = 1.6587400436401367 500
training loss = 1.57314133644104 1000
training loss = 1.5677036046981812 1500
reduced chi^2 level 2 = 1.5683093070983887
Constrained alpha: 2.0191657543182373
Constrained beta: 2.6651175022125244
Constrained gamma: 55.136600494384766
(1, 26)
(1, 0)
data before
[1.51443982e+00 1.05794219e+01 1.78247773e+01 2.20082812e+01
 2.42550938e+01 2.50363203e+01 2.49244258e+01 2.43175371e+01
 2.32763906e+01 2.22465059e+01 2.09641270e+01 1.97520547e+01
 1.85641445e+01 1.75007559e+01 1.62465879e+01 1.51607354e+01
 1.42476846e+01 1.32594443e+01 1.24961260e+01 1.15899355e+01
 1.08746738e+01 1.02297051e+01 9.49952246e+00 9.00485059e+00
 8.41676758e+00 7.86521094e+00 7.47195068e+00 7.01632080e+00
 6.51170703e+00 6.19649121e+00 5.78068652e+00 5.41682471e+00
 5.13258252e+00 4.81464014e+00 4.56581152e+00 4.26022510e+00
 3.98066016e+00 3.79262964e+00 3.59480933e+00 3.40227100e+00
 3.17429883e+00 2.99965332e+00 2.82296240e+00 2.68663232e+00
 2.48951660e+00 2.39168408e+00 2.25436450e+00 2.08756470e+00
 1.98095630e+00 1.89603699e+00 1.76641528e+00 1.63837061e+00
 1.52764526e+00 1.43056177e+00 1.36291748e+00 1.27736267e+00
 1.18218140e+00 1.11682861e+00 1.01307965e+00 1.00056458e+00
 9.21917236e-01 8.72798706e-01 7.84670471e-01 7.24319702e-01
 6.77650818e-01 6.36634949e-01 5.80926331e-01 5.51520630e-01
 5.24862610e-01 4.76115021e-01 4.34178040e-01 3.84024872e-01
 3.59623657e-01 3.44445343e-01 3.19656128e-01 2.98159088e-01
 2.59561707e-01 2.45812500e-01 2.18262726e-01 1.87794128e-01
 1.75070297e-01 1.58420135e-01 1.38727310e-01 1.24744804e-01
 1.19480293e-01 1.02817932e-01 9.17768250e-02 7.61248932e-02
 7.43264694e-02 6.31855545e-02 5.91818390e-02 5.25593491e-02
 4.72375107e-02 3.90991898e-02 3.75656509e-02 3.10185585e-02
 2.78896713e-02 2.16994419e-02 2.06438618e-02 1.53213663e-02]
25
data after
[29.918639038085935, 22.00828125, 24.25509375, 25.0363203125, 24.92442578125, 24.317537109375, 23.276390625, 22.246505859375, 20.964126953125, 38.31619921875, 33.74734375, 29.408419921875, 25.755570312499998, 22.464609375000002, 28.734078125, 23.75392919921875, 25.50520556640625, 24.190083984375, 20.944322265625, 20.376133178710937, 22.829337639808653]
58
data,sig_tot
[29.91863904 22.00828125 24.25509375 25.03632031 24.92442578 24.31753711
 23.27639063 22.24650586 20.96412695 38.31619922 33.74734375 29.40841992
 25.75557031 22.46460938 28.73407812 23.7539292  25.50520557 24.19008398
 20.94432227 20.37613318 22.82933764 24.10547043 20.9471084  21.3452417
 21.96024512 23.1379936 ]
[29.91863904 22.00828125 24.25509375 25.03632031 24.92442578 24.31753711
 23.27639063 22.24650586 20.96412695 38.31619922 33.74734375 29.40841992
 25.75557031 22.46460938 28.73407812 23.7539292  25.50520557 24.19008398
 20.94432227 20.37613318 22.82933764 24.10547043 20.9471084  21.3452417
 21.96024512 23.1379936 ]
2.61905442469182 7.01916447542744 70.5331613164973
val isze = 0
idinces = [19  5 14  7  1  2 11 23 13 12 20  3 24  6 18 10 22 25  8 21 16 17  0 15
  4  9]
training loss = 1.6760159730911255 500
training loss = 1.660693645477295 1000
training loss = 1.5695959329605103 1500
reduced chi^2 level 2 = 1.5694736242294312
Constrained alpha: 2.064263105392456
Constrained beta: 2.5482804775238037
Constrained gamma: 53.38689422607422
(1, 26)
(1, 0)
data before
[1.51443982e+00 1.05794219e+01 1.78247773e+01 2.20082812e+01
 2.42550938e+01 2.50363203e+01 2.49244258e+01 2.43175371e+01
 2.32763906e+01 2.22465059e+01 2.09641270e+01 1.97520547e+01
 1.85641445e+01 1.75007559e+01 1.62465879e+01 1.51607354e+01
 1.42476846e+01 1.32594443e+01 1.24961260e+01 1.15899355e+01
 1.08746738e+01 1.02297051e+01 9.49952246e+00 9.00485059e+00
 8.41676758e+00 7.86521094e+00 7.47195068e+00 7.01632080e+00
 6.51170703e+00 6.19649121e+00 5.78068652e+00 5.41682471e+00
 5.13258252e+00 4.81464014e+00 4.56581152e+00 4.26022510e+00
 3.98066016e+00 3.79262964e+00 3.59480933e+00 3.40227100e+00
 3.17429883e+00 2.99965332e+00 2.82296240e+00 2.68663232e+00
 2.48951660e+00 2.39168408e+00 2.25436450e+00 2.08756470e+00
 1.98095630e+00 1.89603699e+00 1.76641528e+00 1.63837061e+00
 1.52764526e+00 1.43056177e+00 1.36291748e+00 1.27736267e+00
 1.18218140e+00 1.11682861e+00 1.01307965e+00 1.00056458e+00
 9.21917236e-01 8.72798706e-01 7.84670471e-01 7.24319702e-01
 6.77650818e-01 6.36634949e-01 5.80926331e-01 5.51520630e-01
 5.24862610e-01 4.76115021e-01 4.34178040e-01 3.84024872e-01
 3.59623657e-01 3.44445343e-01 3.19656128e-01 2.98159088e-01
 2.59561707e-01 2.45812500e-01 2.18262726e-01 1.87794128e-01
 1.75070297e-01 1.58420135e-01 1.38727310e-01 1.24744804e-01
 1.19480293e-01 1.02817932e-01 9.17768250e-02 7.61248932e-02
 7.43264694e-02 6.31855545e-02 5.91818390e-02 5.25593491e-02
 4.72375107e-02 3.90991898e-02 3.75656509e-02 3.10185585e-02
 2.78896713e-02 2.16994419e-02 2.06438618e-02 1.53213663e-02]
25
data after
[29.918639038085935, 22.00828125, 24.25509375, 25.0363203125, 24.92442578125, 24.317537109375, 23.276390625, 22.246505859375, 20.964126953125, 38.31619921875, 33.74734375, 29.408419921875, 25.755570312499998, 22.464609375000002, 28.734078125, 23.75392919921875, 25.50520556640625, 24.190083984375, 20.944322265625, 20.376133178710937, 22.829337639808653]
58
data,sig_tot
[29.91863904 22.00828125 24.25509375 25.03632031 24.92442578 24.31753711
 23.27639063 22.24650586 20.96412695 38.31619922 33.74734375 29.40841992
 25.75557031 22.46460938 28.73407812 23.7539292  25.50520557 24.19008398
 20.94432227 20.37613318 22.82933764 24.10547043 20.9471084  21.3452417
 21.96024512 23.1379936 ]
[29.91863904 22.00828125 24.25509375 25.03632031 24.92442578 24.31753711
 23.27639063 22.24650586 20.96412695 38.31619922 33.74734375 29.40841992
 25.75557031 22.46460938 28.73407812 23.7539292  25.50520557 24.19008398
 20.94432227 20.37613318 22.82933764 24.10547043 20.9471084  21.3452417
 21.96024512 23.1379936 ]
2.61905442469182 7.01916447542744 70.5331613164973
val isze = 0
idinces = [19  5 14  7  1  2 11 23 13 12 20  3 24  6 18 10 22 25  8 21 16 17  0 15
  4  9]
training loss = 1.5803892612457275 500
training loss = 1.5687462091445923 1000
reduced chi^2 level 2 = 1.568544626235962
Constrained alpha: 1.9843519926071167
Constrained beta: 3.07491397857666
Constrained gamma: 57.35302734375
(1, 26)
(1, 0)
