data before
[ 0.00000000e+00  0.00000000e+00  0.00000000e+00  0.00000000e+00
  0.00000000e+00  0.00000000e+00  0.00000000e+00  0.00000000e+00
  0.00000000e+00  0.00000000e+00  0.00000000e+00  0.00000000e+00
  0.00000000e+00  0.00000000e+00  0.00000000e+00  0.00000000e+00
  0.00000000e+00  0.00000000e+00  0.00000000e+00  0.00000000e+00
  0.00000000e+00  0.00000000e+00  0.00000000e+00  0.00000000e+00
  0.00000000e+00  0.00000000e+00  0.00000000e+00  0.00000000e+00
  0.00000000e+00  0.00000000e+00  0.00000000e+00  0.00000000e+00
  0.00000000e+00  0.00000000e+00  0.00000000e+00  0.00000000e+00
  0.00000000e+00  0.00000000e+00  0.00000000e+00  0.00000000e+00
  0.00000000e+00  0.00000000e+00  0.00000000e+00  0.00000000e+00
  0.00000000e+00  0.00000000e+00  0.00000000e+00  0.00000000e+00
  0.00000000e+00  0.00000000e+00  0.00000000e+00  0.00000000e+00
  0.00000000e+00  0.00000000e+00  3.19122098e-02  0.00000000e+00
  2.72319453e-01 -1.33218492e-01  4.11534061e-01  3.16445467e-01
  5.74709204e-01  1.62218890e+00  3.60733369e+00  7.90482811e+00
  1.42184866e+01  2.52963068e+01  3.75427338e+01  4.80380429e+01
  5.63897638e+01  8.01639900e+01  9.29692287e+01  1.09184427e+02
  1.25410547e+02  1.43087398e+02  1.91666757e+02  2.05954521e+02
  2.21993257e+02  2.43099451e+02  2.66369170e+02  2.77806920e+02
  3.11525967e+02  3.56116256e+02  3.93705844e+02  4.43728189e+02
  5.14546339e+02  5.62971789e+02  6.13215015e+02  6.41209374e+02
  6.92447776e+02  7.54214668e+02  7.99120485e+02  8.82654891e+02
  9.50405185e+02  1.02155800e+03  1.12113995e+03  1.21577925e+03
  1.33761833e+03  1.46681246e+03  1.58109538e+03  1.75154109e+03
  1.93772201e+03  2.05188466e+03  2.19399098e+03  2.39165418e+03
  2.53763729e+03  2.66253837e+03  2.87318554e+03  3.01839561e+03
  3.20774513e+03  3.51081339e+03  3.70078067e+03  3.92922819e+03
  4.20036680e+03  4.98374548e+03  5.51404442e+03  6.08366935e+03
  6.53252739e+03  6.97134951e+03  7.31118984e+03  7.50449271e+03
  7.75028483e+03  8.03230985e+03  8.29230498e+03  8.24407138e+03
  8.19474435e+03  8.45238202e+03  8.55981378e+03  8.72027762e+03
  8.80400664e+03  8.90216299e+03  9.02070054e+03  9.16316534e+03
  9.40796416e+03  9.55999375e+03  9.64355652e+03  9.63056930e+03
  9.78504127e+03  9.83659045e+03  9.99916214e+03  1.00061965e+04
  1.00325002e+04  1.00222657e+04  1.02129775e+04  1.02566786e+04
  1.02891114e+04  1.02141824e+04  1.01962296e+04  1.00195399e+04
  9.90272658e+03  9.64146287e+03  9.53906594e+03  9.51780810e+03
  9.28441161e+03  9.20160751e+03  8.91898128e+03  8.63453589e+03
  8.40438223e+03  8.05485113e+03  7.66201663e+03  7.33438856e+03
  7.01700130e+03  6.63488530e+03  6.16568971e+03  5.73482811e+03
  5.38743741e+03  5.00301088e+03  4.59456404e+03  4.14765578e+03
  3.78592629e+03  3.41207062e+03  3.02990303e+03  2.65106535e+03
  2.38300073e+03  2.05907341e+03  1.75965295e+03  1.50602806e+03
  1.25115567e+03  1.01459329e+03  8.19681883e+02  6.51842263e+02
  5.09253067e+02  4.12106576e+02  3.21978030e+02  2.45024644e+02
  1.81223383e+02  1.31200131e+02  9.02622271e+01  6.17771583e+01
  4.39715430e+01  2.06659902e+01 -9.20284024e-02  0.00000000e+00
  0.00000000e+00  0.00000000e+00  0.00000000e+00  0.00000000e+00
  0.00000000e+00  0.00000000e+00  0.00000000e+00  0.00000000e+00
  0.00000000e+00]
data after
[28.82653915882529, 25.296306762428085, 37.54273377695792, 48.038042948452215, 56.3897638423821, 80.16399001859546, 92.9692286826602, 109.18442667200911, 125.4105468478872, 143.0873976033127, 191.66675714172965, 205.95452126206231, 221.99325671974623, 243.0994512800586, 266.3691698151246, 277.8069201849648, 311.52596705867717, 356.1162561529816, 393.7058435835253, 443.7281888780861, 514.5463394766758, 562.9717891285263, 613.2150148453275, 641.209374049612, 692.4477755634749, 754.2146684960871, 799.1204851123755, 882.6548906381901, 950.4051851281635, 1021.5580043410017, 1121.139946139186, 1215.7792505639998, 1337.6183328676086, 1466.8124589310173, 1581.0953826320927, 1751.5410912483248, 1937.7220096580322, 2051.8846624719513, 2193.9909840444925, 2391.654179677579, 2537.637288647838, 2662.5383735899027, 2873.185540086797, 3018.395613549099, 3207.745129108753, 3510.8133918991994, 3700.780665001034, 3929.22819165159, 4200.366801241902, 4983.745475046649, 5514.044423719446, 6083.669352799685, 6532.52738760478, 6971.349511362424, 7311.1898439383085, 7504.492711105303, 7750.284833802073, 8032.309850068682, 8292.304980800696, 8244.071376601501, 8194.744346547503, 8452.382019418323, 8559.813777402956, 8720.2776239484, 8804.006638876892, 8902.162990962624, 9020.700540850432, 9163.16534130522, 9407.964163309993, 9559.993751766247, 9643.556522014627, 9630.569298174989, 9785.041273671042, 9836.590453824221, 9999.16213781013, 10006.19647083051, 10032.500151792869, 10022.265705303891, 10212.977529503538, 10256.678554208982, 10289.111431365898, 10214.18236701223, 10196.229615415237, 10019.539879374499, 9902.726582949024, 9641.462867452534, 9539.06593585044, 9517.808102095365, 9284.411611105692, 9201.60751260137, 8918.981281326998, 8634.535893430517, 8404.382233886407, 8054.851126261324, 7662.016630977448, 7334.388558249773, 7017.00130375701, 6634.885297936336, 6165.689710645189, 5734.828114357595, 5387.437408687615, 5003.0108765244095, 4594.564037047376, 4147.655783696315, 3785.9262929399156, 3412.070620449285, 3029.903025140806, 2651.0653479221965, 2383.0007311926015, 2059.073412071699, 1759.6529490102323, 1506.028061753895, 1251.1556731741528, 1014.5932907573509, 819.6818832854686, 651.8422634709593, 509.2530674330597, 412.1065760266169, 321.9780295098077, 245.0246444041964, 181.22338304802597, 131.20013084625577, 90.26222713577192, 61.777158341954845, 43.97154302575252, 20.6659901812743]
14
data,sig_tot
[   28.82653916    25.29630676    37.54273378    48.03804295
    56.38976384    80.16399002    92.96922868   109.18442667
   125.41054685   143.0873976    191.66675714   205.95452126
   221.99325672   243.09945128   266.36916982   277.80692018
   311.52596706   356.11625615   393.70584358   443.72818888
   514.54633948   562.97178913   613.21501485   641.20937405
   692.44777556   754.2146685    799.12048511   882.65489064
   950.40518513  1021.55800434  1121.13994614  1215.77925056
  1337.61833287  1466.81245893  1581.09538263  1751.54109125
  1937.72200966  2051.88466247  2193.99098404  2391.65417968
  2537.63728865  2662.53837359  2873.18554009  3018.39561355
  3207.74512911  3510.8133919   3700.780665    3929.22819165
  4200.36680124  4983.74547505  5514.04442372  6083.6693528
  6532.5273876   6971.34951136  7311.18984394  7504.49271111
  7750.2848338   8032.30985007  8292.3049808   8244.0713766
  8194.74434655  8452.38201942  8559.8137774   8720.27762395
  8804.00663888  8902.16299096  9020.70054085  9163.16534131
  9407.96416331  9559.99375177  9643.55652201  9630.56929817
  9785.04127367  9836.59045382  9999.16213781 10006.19647083
 10032.50015179 10022.2657053  10212.9775295  10256.67855421
 10289.11143137 10214.18236701 10196.22961542 10019.53987937
  9902.72658295  9641.46286745  9539.06593585  9517.8081021
  9284.41161111  9201.6075126   8918.98128133  8634.53589343
  8404.38223389  8054.85112626  7662.01663098  7334.38855825
  7017.00130376  6634.88529794  6165.68971065  5734.82811436
  5387.43740869  5003.01087652  4594.56403705  4147.6557837
  3785.92629294  3412.07062045  3029.90302514  2651.06534792
  2383.00073119  2059.07341207  1759.65294901  1506.02806175
  1251.15567317  1014.59329076   819.68188329   651.84226347
   509.25306743   412.10657603   321.97802951   245.0246444
   181.22338305   131.20013085    90.26222714    61.77715834
    43.97154303    20.66599018    26.86679915    21.02783652
    42.17771929    32.49012941    40.27545358    51.69660312
    59.50457343    76.18448945    92.82658565   105.30973798
   131.52584335   143.6265206    166.51047334   191.49452209
   210.86827712   239.13708839   256.98425246   274.4460122
   301.98967587   334.70631333   348.26622919   381.64906794
   403.82662827   427.73078109   457.44768035   468.57383084
   511.86789718   543.21022169   578.15842463   607.02679561
   673.19611455   701.6919871    753.99313454   811.39296365
   870.76977231   925.3753625    968.05520006  1032.96795317
  1085.43259681  1167.36467536  1228.69523924  1295.30875831
  1330.46276821  1432.4482182   1714.18721606  1971.55695553
  2085.174901    2191.26559115  2213.03113904  2222.52273133
  2211.78253408  2184.60474607  2118.32600383  2157.65583352
  2111.88215276  2127.5986275   2220.08989018  2331.54748589
  2383.70785098  2396.02306795  2458.88971008  2492.27323931
  2502.28534434  2492.80791044  2464.68066069  2489.06537547
  2459.8777839   2442.08021452  2419.86786775  2406.19348259
  2379.16481456  2342.33115135  2306.03513079  2262.32584922
  2254.09520605  2198.73566951  2111.21507737  2035.66365204
  1967.12284848  1878.06215725  1815.1554407   1766.03817302
  1693.72810047  1626.98266321  1554.57700848  1480.66811217
  1416.26032105  1380.07708892  1296.07791527  1209.12205704
  1111.13243002  1035.51137568   966.95862803   902.14604035
   828.21367834   765.85652692   690.59078774   632.97398336
   556.75501363   493.04508237   433.14742332   382.81508501
   330.60292872   284.77561442   247.61525439   208.7796334
   178.23584935   149.72091697   120.80976585    95.4325591
    76.12988784    60.84718003    49.14824299    40.01930774
    31.06135265    23.15073458    47.61350116]
[   28.82653916    25.29630676    37.54273378    48.03804295
    56.38976384    80.16399002    92.96922868   109.18442667
   125.41054685   143.0873976    191.66675714   205.95452126
   221.99325672   243.09945128   266.36916982   277.80692018
   311.52596706   356.11625615   393.70584358   443.72818888
   514.54633948   562.97178913   613.21501485   641.20937405
   692.44777556   754.2146685    799.12048511   882.65489064
   950.40518513  1021.55800434  1121.13994614  1215.77925056
  1337.61833287  1466.81245893  1581.09538263  1751.54109125
  1937.72200966  2051.88466247  2193.99098404  2391.65417968
  2537.63728865  2662.53837359  2873.18554009  3018.39561355
  3207.74512911  3510.8133919   3700.780665    3929.22819165
  4200.36680124  4983.74547505  5514.04442372  6083.6693528
  6532.5273876   6971.34951136  7311.18984394  7504.49271111
  7750.2848338   8032.30985007  8292.3049808   8244.0713766
  8194.74434655  8452.38201942  8559.8137774   8720.27762395
  8804.00663888  8902.16299096  9020.70054085  9163.16534131
  9407.96416331  9559.99375177  9643.55652201  9630.56929817
  9785.04127367  9836.59045382  9999.16213781 10006.19647083
 10032.50015179 10022.2657053  10212.9775295  10256.67855421
 10289.11143137 10214.18236701 10196.22961542 10019.53987937
  9902.72658295  9641.46286745  9539.06593585  9517.8081021
  9284.41161111  9201.6075126   8918.98128133  8634.53589343
  8404.38223389  8054.85112626  7662.01663098  7334.38855825
  7017.00130376  6634.88529794  6165.68971065  5734.82811436
  5387.43740869  5003.01087652  4594.56403705  4147.6557837
  3785.92629294  3412.07062045  3029.90302514  2651.06534792
  2383.00073119  2059.07341207  1759.65294901  1506.02806175
  1251.15567317  1014.59329076   819.68188329   651.84226347
   509.25306743   412.10657603   321.97802951   245.0246444
   181.22338305   131.20013085    90.26222714    61.77715834
    43.97154303    20.66599018    26.86679915    21.02783652
    42.17771929    32.49012941    40.27545358    51.69660312
    59.50457343    76.18448945    92.82658565   105.30973798
   131.52584335   143.6265206    166.51047334   191.49452209
   210.86827712   239.13708839   256.98425246   274.4460122
   301.98967587   334.70631333   348.26622919   381.64906794
   403.82662827   427.73078109   457.44768035   468.57383084
   511.86789718   543.21022169   578.15842463   607.02679561
   673.19611455   701.6919871    753.99313454   811.39296365
   870.76977231   925.3753625    968.05520006  1032.96795317
  1085.43259681  1167.36467536  1228.69523924  1295.30875831
  1330.46276821  1432.4482182   1714.18721606  1971.55695553
  2085.174901    2191.26559115  2213.03113904  2222.52273133
  2211.78253408  2184.60474607  2118.32600383  2157.65583352
  2111.88215276  2127.5986275   2220.08989018  2331.54748589
  2383.70785098  2396.02306795  2458.88971008  2492.27323931
  2502.28534434  2492.80791044  2464.68066069  2489.06537547
  2459.8777839   2442.08021452  2419.86786775  2406.19348259
  2379.16481456  2342.33115135  2306.03513079  2262.32584922
  2254.09520605  2198.73566951  2111.21507737  2035.66365204
  1967.12284848  1878.06215725  1815.1554407   1766.03817302
  1693.72810047  1626.98266321  1554.57700848  1480.66811217
  1416.26032105  1380.07708892  1296.07791527  1209.12205704
  1111.13243002  1035.51137568   966.95862803   902.14604035
   828.21367834   765.85652692   690.59078774   632.97398336
   556.75501363   493.04508237   433.14742332   382.81508501
   330.60292872   284.77561442   247.61525439   208.7796334
   178.23584935   149.72091697   120.80976585    95.4325591
    76.12988784    60.84718003    49.14824299    40.01930774
    31.06135265    23.15073458    47.61350116]
4.3316791540333694 6.628944264773429 43.706704615881534
val isze = 48
idinces = [ 46 225 180 116 124 169  68 170 146 119 176  35 194  59 210  26 120 184
  10  91  76 187  60 175  98 147 117 130  63 236   6 142 160  24  87  19
 161 144  55  61 181 131  70 231  69 199 162  56 214  20  47 198   5 109
 106 205 148 232 136  49  58   1   2 149 208 103  52 138 204  32 111   7
 242  39  83 168 127 241 207 102  78  25 121 173  72 185 230 167 203 227
 218 159  43 172  21 154  37 202  75 191  48 190 219 183 193  99  95 188
  67  66 171  22  38 238 229 101 196 240 212 129 215 201 114 152  90  41
  80 105  81 132 110  53  17 155  51  14 213  82  84 224  29   3  23 128
  45 226  97 195  42 163  79 234  12 112  11 189  85 134 143 165 182 104
  34 108  50 166 178 211   4 133  44  96 216  28 135 174 145 186 220  71
 118 192 239 137  74 235 222  94 151 150 209  93  18  27  36  57  31  65
 140  89 158  30  86  92 141 126 153  13 197  77 233 179 177 206 223 200
  33  62 122 107  88  54 139 100  16 115 164  40   0  73   8 237 157 221
 217 156 123 113  64  15 228 125   9]
we are doing training validation split
training loss = 9.319181442260742 500
val loss = 9.859310150146484
training loss = 9.115653038024902 1000
val loss = 9.750805854797363
training loss = 9.006704330444336 1500
val loss = 9.584587097167969
training loss = 8.92585563659668 2000
val loss = 9.457250595092773
training loss = 8.862512588500977 2500
val loss = 9.346269607543945
training loss = 8.8323335647583 3000
val loss = 9.210626602172852
training loss = 8.768197059631348 3500
val loss = 9.231765747070312
training loss = 8.725540161132812 4000
val loss = 9.112540245056152
training loss = 8.696097373962402 4500
val loss = 9.039740562438965
training loss = 8.66706657409668 5000
val loss = 9.007468223571777
training loss = 8.646011352539062 5500
val loss = 8.962846755981445
training loss = 8.650715827941895 6000
val loss = 9.004924774169922
training loss = 8.615458488464355 6500
val loss = 8.891599655151367
training loss = 8.604342460632324 7000
val loss = 8.862963676452637
training loss = 8.630165100097656 7500
val loss = 8.939507484436035
training loss = 8.612558364868164 8000
val loss = 8.800394058227539
training loss = 9.043890953063965 8500
val loss = 9.534128189086914
training loss = 8.770537376403809 9000
val loss = 9.124312400817871
training loss = 8.559825897216797 9500
val loss = 8.750539779663086
training loss = 8.552704811096191 10000
val loss = 8.743032455444336
training loss = 8.538858413696289 10500
val loss = 8.711578369140625
training loss = 8.530179023742676 11000
val loss = 8.659374237060547
training loss = 2.3078501224517822 11500
val loss = 2.26072359085083
training loss = 2.297222375869751 12000
val loss = 2.3191580772399902
reduced chi^2 level 2 = 2.256617307662964
Constrained alpha: 2.2949326038360596
Constrained beta: 2.804628849029541
Constrained gamma: 29.375699996948242
(1, 195)
(1, 48)
