LHAPDF 6.5.4 loading /data/theorie/jjohn/miniconda3/envs/nnpdf_dev/share/LHAPDF/FASERv_EPOS+POWHEG_7TeV/FASERv_EPOS+POWHEG_7TeV_0000.dat
FASERv_EPOS+POWHEG_7TeV PDF set, member #0, version 1; LHAPDF ID = 70001000
LHAPDF 6.5.4 loading /data/theorie/jjohn/miniconda3/envs/nnpdf_dev/share/LHAPDF/FASERv_EPOS+POWHEG_7TeV/FASERv_EPOS+POWHEG_7TeV_0000.dat
FASERv_EPOS+POWHEG_7TeV PDF set, member #0, version 1; LHAPDF ID = 70001000
2.7053460359591908 12.764508866981743 37.30698929584616
val isze = 0
idinces = [4 5 0 3 1 2]
training loss = 21.82563018798828
training loss = 21.462615966796875
training loss = 21.433046340942383
training loss = 21.404624938964844
training loss = 21.359098434448242
training loss = 21.22669219970703
training loss = 19.635995864868164
training loss = 0.9993103742599487
training loss = 0.02409244515001774
training loss = 0.0012231686851009727
training loss = 0.0003263720136601478
training loss = 0.0003178840270265937
training loss = 0.00027627439703792334
rep 1 done out of 1
reduced chi^2 level 2 = 0.004924744367599487
Constrained alpha: 1.3971924781799316
Constrained beta: 9.557328224182129
Constrained gamma: 36.30192947387695
(1, 6)
(1, 0)
Thanks for using LHAPDF 6.5.4. Please make sure to cite the paper:
  Eur.Phys.J. C75 (2015) 3, 132  (http://arxiv.org/abs/1412.7420)
