LHAPDF 6.5.4 loading /data/theorie/jjohn/miniconda3/envs/nnpdf_dev/share/LHAPDF/FASERv_EPOS+POWHEG_7TeV/FASERv_EPOS+POWHEG_7TeV_0000.dat
FASERv_EPOS+POWHEG_7TeV PDF set, member #0, version 1; LHAPDF ID = 70001000
LHAPDF 6.5.4 loading /data/theorie/jjohn/miniconda3/envs/nnpdf_dev/share/LHAPDF/FASERv_EPOS+POWHEG_7TeV/FASERv_EPOS+POWHEG_7TeV_0000.dat
FASERv_EPOS+POWHEG_7TeV PDF set, member #0, version 1; LHAPDF ID = 70001000
4.753730823776321 8.362400597826444 99.5421818363451
val isze = 0
idinces = [4 5 0 3 1 2]
training loss = 32978.05078125
training loss = 31058.181640625
training loss = 28855.640625
training loss = 26521.447265625
training loss = 24192.216796875
training loss = 21951.16015625
training loss = 19846.7578125
training loss = 17903.7578125
training loss = 16131.3671875
training loss = 14527.921875
training loss = 13085.6591796875
training loss = 11793.5
training loss = 10638.7255859375
training loss = 9608.2119140625
training loss = 8689.2626953125
training loss = 7869.837890625
training loss = 7138.9345703125
training loss = 6487.7724609375
training loss = 5907.109375
training loss = 5387.46826171875
(1, 6)
(1, 0)
Thanks for using LHAPDF 6.5.4. Please make sure to cite the paper:
  Eur.Phys.J. C75 (2015) 3, 132  (http://arxiv.org/abs/1412.7420)
