LHAPDF 6.5.4 loading /data/theorie/jjohn/miniconda3/envs/nnpdf_dev/share/LHAPDF/FASERv_EPOS+POWHEG_7TeV/FASERv_EPOS+POWHEG_7TeV_0000.dat
FASERv_EPOS+POWHEG_7TeV PDF set, member #0, version 1; LHAPDF ID = 70001000
LHAPDF 6.5.4 loading /data/theorie/jjohn/miniconda3/envs/nnpdf_dev/share/LHAPDF/FASERv_EPOS+POWHEG_7TeV/FASERv_EPOS+POWHEG_7TeV_0000.dat
FASERv_EPOS+POWHEG_7TeV PDF set, member #0, version 1; LHAPDF ID = 70001000
1.6565858425049491 15.173904211073515 60.80025151241241
val isze = 0
idinces = [3 5 0 2 1 4]
training loss = 9.38675594329834
training loss = 8.408282279968262
training loss = 8.297141075134277
training loss = 8.195219039916992
training loss = 8.110624313354492
training loss = 8.045633316040039
training loss = 7.998654365539551
training loss = 7.966007232666016
training loss = 7.943450927734375
training loss = 7.927219390869141
training loss = 7.914422988891602
training loss = 7.903104305267334
training loss = 7.891994476318359
training loss = 7.880217552185059
training loss = 7.866949081420898
training loss = 7.851174354553223
training loss = 7.831264495849609
training loss = 7.804348468780518
training loss = 7.7645721435546875
training loss = 7.696342945098877
(1, 6)
(1, 0)
Thanks for using LHAPDF 6.5.4. Please make sure to cite the paper:
  Eur.Phys.J. C75 (2015) 3, 132  (http://arxiv.org/abs/1412.7420)
