LHAPDF 6.5.4 loading /data/theorie/jjohn/miniconda3/envs/nnpdf_dev/share/LHAPDF/FASERv_EPOS+POWHEG_7TeV/FASERv_EPOS+POWHEG_7TeV_0000.dat
FASERv_EPOS+POWHEG_7TeV PDF set, member #0, version 1; LHAPDF ID = 70001000
LHAPDF 6.5.4 loading /data/theorie/jjohn/miniconda3/envs/nnpdf_dev/share/LHAPDF/FASERv_EPOS+POWHEG_7TeV/FASERv_EPOS+POWHEG_7TeV_0000.dat
FASERv_EPOS+POWHEG_7TeV PDF set, member #0, version 1; LHAPDF ID = 70001000
1.2662904537879416 10.273900656063118 27.20379520761541
val isze = 0
idinces = [4 5 0 3 1 2]
training loss = 5.799955368041992
training loss = 5.772702217102051
training loss = 5.7646965980529785
training loss = 5.757360458374023
training loss = 5.751266956329346
training loss = 5.746580123901367
training loss = 5.743216514587402
training loss = 5.740935325622559
training loss = 5.73945426940918
training loss = 5.738507270812988
training loss = 5.73786735534668
training loss = 5.737412452697754
training loss = 5.736998558044434
training loss = 5.736577987670898
training loss = 5.7360944747924805
training loss = 5.7355122566223145
training loss = 5.734808921813965
training loss = 5.733941078186035
training loss = 5.732848167419434
training loss = 5.731449127197266
(1, 6)
(1, 0)
Thanks for using LHAPDF 6.5.4. Please make sure to cite the paper:
  Eur.Phys.J. C75 (2015) 3, 132  (http://arxiv.org/abs/1412.7420)
