LHAPDF 6.5.4 loading /data/theorie/jjohn/miniconda3/envs/nnpdf_dev/share/LHAPDF/FASERv_EPOS+POWHEG_7TeV/FASERv_EPOS+POWHEG_7TeV_0000.dat
FASERv_EPOS+POWHEG_7TeV PDF set, member #0, version 1; LHAPDF ID = 70001000
LHAPDF 6.5.4 loading /data/theorie/jjohn/miniconda3/envs/nnpdf_dev/share/LHAPDF/FASERv_EPOS+POWHEG_7TeV/FASERv_EPOS+POWHEG_7TeV_0000.dat
FASERv_EPOS+POWHEG_7TeV PDF set, member #0, version 1; LHAPDF ID = 70001000
1.370387641030384 18.946896305238134 30.732817226668317
val isze = 0
idinces = [4 5 0 3 1 2]
training loss = 28.739410400390625
training loss = 4.8857269287109375
training loss = 4.112343788146973
training loss = 3.347301483154297
training loss = 2.659961700439453
training loss = 2.09157133102417
training loss = 1.6585043668746948
training loss = 1.3553836345672607
training loss = 1.1610581874847412
training loss = 1.046846866607666
training loss = 0.984573245048523
training loss = 0.9519355893135071
training loss = 0.9341520667076111
training loss = 0.922781765460968
training loss = 0.9135361909866333
training loss = 0.9042308330535889
training loss = 0.893367350101471
training loss = 0.8790481090545654
training loss = 0.8573270440101624
training loss = 0.8168081045150757
rep 1 done out of 1
reduced chi^2 level 2 = 0.8162086009979248
Constrained alpha: 1.81680428981781
Constrained beta: 11.31743049621582
Constrained gamma: 30.208568572998047
(1, 6)
(1, 0)
Thanks for using LHAPDF 6.5.4. Please make sure to cite the paper:
  Eur.Phys.J. C75 (2015) 3, 132  (http://arxiv.org/abs/1412.7420)
