LHAPDF 6.5.4 loading /data/theorie/jjohn/miniconda3/envs/nnpdf_dev/share/LHAPDF/FASERv_EPOS+POWHEG_7TeV/FASERv_EPOS+POWHEG_7TeV_0000.dat
FASERv_EPOS+POWHEG_7TeV PDF set, member #0, version 1; LHAPDF ID = 70001000
LHAPDF 6.5.4 loading /data/theorie/jjohn/miniconda3/envs/nnpdf_dev/share/LHAPDF/FASERv_EPOS+POWHEG_7TeV/FASERv_EPOS+POWHEG_7TeV_0000.dat
FASERv_EPOS+POWHEG_7TeV PDF set, member #0, version 1; LHAPDF ID = 70001000
0.745579631607633 18.86422863754654 75.3774700207164
val isze = 0
idinces = [4 5 0 3 1 2]
training loss = 21.40822982788086
training loss = 15.845913887023926
training loss = 15.123360633850098
training loss = 14.373208045959473
training loss = 13.637990951538086
training loss = 12.924860000610352
training loss = 12.1582612991333
training loss = 10.735828399658203
training loss = 3.5579047203063965
training loss = 2.9648244380950928
training loss = 2.256505012512207
training loss = 1.2821400165557861
training loss = 0.33833515644073486
training loss = 0.05502176284790039
training loss = 0.010043012909591198
training loss = 0.0028879083693027496
training loss = 0.001505246153101325
training loss = 0.0011735297739505768
training loss = 0.001079582842066884
training loss = 0.001043700729496777
rep 1 done out of 1
reduced chi^2 level 2 = 0.0010434691794216633
Constrained alpha: 1.4581071138381958
Constrained beta: 12.251312255859375
Constrained gamma: 68.20687103271484
(1, 6)
(1, 0)
Thanks for using LHAPDF 6.5.4. Please make sure to cite the paper:
  Eur.Phys.J. C75 (2015) 3, 132  (http://arxiv.org/abs/1412.7420)
