LHAPDF 6.5.4 loading /data/theorie/jjohn/miniconda3/envs/nnpdf_dev/share/LHAPDF/FASERv_EPOS+POWHEG_7TeV/FASERv_EPOS+POWHEG_7TeV_0000.dat
FASERv_EPOS+POWHEG_7TeV PDF set, member #0, version 1; LHAPDF ID = 70001000
LHAPDF 6.5.4 loading /data/theorie/jjohn/miniconda3/envs/nnpdf_dev/share/LHAPDF/FASERv_EPOS+POWHEG_7TeV/FASERv_EPOS+POWHEG_7TeV_0000.dat
FASERv_EPOS+POWHEG_7TeV PDF set, member #0, version 1; LHAPDF ID = 70001000
2.7934558218778456 6.22722594194157 89.23337687639034
val isze = 0
idinces = [4 5 0 3 1 2]
training loss = 30.044645309448242
training loss = 10.192940711975098
training loss = 8.719998359680176
training loss = 8.37912654876709
training loss = 8.038991928100586
training loss = 7.702664375305176
training loss = 7.379461288452148
training loss = 7.075528144836426
training loss = 6.794456958770752
training loss = 6.537864685058594
training loss = 6.3059773445129395
training loss = 6.098043441772461
training loss = 5.9126996994018555
training loss = 5.748228073120117
training loss = 5.602775573730469
training loss = 5.4744720458984375
training loss = 5.361523628234863
training loss = 5.26224422454834
training loss = 5.175094127655029
training loss = 5.098647117614746
(1, 6)
(1, 0)
Thanks for using LHAPDF 6.5.4. Please make sure to cite the paper:
  Eur.Phys.J. C75 (2015) 3, 132  (http://arxiv.org/abs/1412.7420)
