LHAPDF 6.5.4 loading /data/theorie/jjohn/miniconda3/envs/nnpdf_dev/share/LHAPDF/FASERv_EPOS+POWHEG_7TeV/FASERv_EPOS+POWHEG_7TeV_0000.dat
FASERv_EPOS+POWHEG_7TeV PDF set, member #0, version 1; LHAPDF ID = 70001000
LHAPDF 6.5.4 loading /data/theorie/jjohn/miniconda3/envs/nnpdf_dev/share/LHAPDF/FASERv_EPOS+POWHEG_7TeV/FASERv_EPOS+POWHEG_7TeV_0000.dat
FASERv_EPOS+POWHEG_7TeV PDF set, member #0, version 1; LHAPDF ID = 70001000
3.241960780892427 10.379314266468988 34.098352119553844
val isze = 0
idinces = [4 5 0 3 1 2]
training loss = 223.09280395507812
training loss = 216.18629455566406
training loss = 207.4545135498047
training loss = 197.0244140625
training loss = 184.7906951904297
training loss = 170.49661254882812
training loss = 153.5497589111328
training loss = 129.03826904296875
training loss = 49.9945068359375
training loss = 14.163703918457031
training loss = 7.050487518310547
training loss = 3.276362419128418
training loss = 2.497864007949829
training loss = 2.2161574363708496
training loss = 1.993624210357666
training loss = 1.7925760746002197
training loss = 1.6080870628356934
training loss = 1.4374749660491943
training loss = 1.278733730316162
training loss = 1.1305434703826904
rep 1 done out of 1
reduced chi^2 level 2 = 1.1291120052337646
Constrained alpha: 2.785078287124634
Constrained beta: 5.471744537353516
Constrained gamma: 34.145015716552734
(1, 6)
(1, 0)
Thanks for using LHAPDF 6.5.4. Please make sure to cite the paper:
  Eur.Phys.J. C75 (2015) 3, 132  (http://arxiv.org/abs/1412.7420)
