LHAPDF 6.5.4 loading /data/theorie/jjohn/miniconda3/envs/nnpdf_dev/share/LHAPDF/FASERv_EPOS+POWHEG_7TeV/FASERv_EPOS+POWHEG_7TeV_0000.dat
FASERv_EPOS+POWHEG_7TeV PDF set, member #0, version 1; LHAPDF ID = 70001000
LHAPDF 6.5.4 loading /data/theorie/jjohn/miniconda3/envs/nnpdf_dev/share/LHAPDF/FASERv_EPOS+POWHEG_7TeV/FASERv_EPOS+POWHEG_7TeV_0000.dat
FASERv_EPOS+POWHEG_7TeV PDF set, member #0, version 1; LHAPDF ID = 70001000
2.435648016120966 9.287071170512089 10.79617194666711
val isze = 0
idinces = [3 5 0 2 1 4]
training loss = 3.0632569789886475
training loss = 2.1808271408081055
training loss = 1.7890496253967285
training loss = 1.5380158424377441
training loss = 1.395275354385376
training loss = 1.3243833780288696
training loss = 1.2936341762542725
training loss = 1.281204342842102
training loss = 1.275396466255188
training loss = 1.2711641788482666
training loss = 1.2665492296218872
training loss = 1.2605410814285278
training loss = 1.2520818710327148
training loss = 1.2393145561218262
training loss = 1.2183678150177002
training loss = 1.180916428565979
training loss = 1.1146003007888794
training loss = 0.9276576638221741
training loss = 0.6619113683700562
training loss = 0.5794203877449036
rep 1 done out of 1
reduced chi^2 level 2 = 0.5791691541671753
Constrained alpha: 1.8936344385147095
Constrained beta: 7.241778373718262
Constrained gamma: 11.639753341674805
(1, 6)
(1, 0)
Thanks for using LHAPDF 6.5.4. Please make sure to cite the paper:
  Eur.Phys.J. C75 (2015) 3, 132  (http://arxiv.org/abs/1412.7420)
