LHAPDF 6.5.4 loading /data/theorie/jjohn/miniconda3/envs/nnpdf_dev/share/LHAPDF/FASERv_EPOS+POWHEG_7TeV/FASERv_EPOS+POWHEG_7TeV_0000.dat
FASERv_EPOS+POWHEG_7TeV PDF set, member #0, version 1; LHAPDF ID = 70001000
LHAPDF 6.5.4 loading /data/theorie/jjohn/miniconda3/envs/nnpdf_dev/share/LHAPDF/FASERv_EPOS+POWHEG_7TeV/FASERv_EPOS+POWHEG_7TeV_0000.dat
FASERv_EPOS+POWHEG_7TeV PDF set, member #0, version 1; LHAPDF ID = 70001000
2.646378050700516 15.30622854555264 92.41379392006887
val isze = 0
idinces = [4 5 0 3 1 2]
training loss = 89.3076400756836
training loss = 14.135187149047852
training loss = 12.74098014831543
training loss = 11.678874015808105
training loss = 9.734103202819824
training loss = 5.649662971496582
training loss = 2.2686662673950195
training loss = 0.6511415243148804
training loss = 0.2515655755996704
training loss = 0.17281265556812286
training loss = 0.1387290358543396
training loss = 0.11777231842279434
training loss = 0.07766607403755188
training loss = 0.04063154384493828
training loss = 0.014178836718201637
training loss = 0.004663683474063873
training loss = 0.001776738790795207
training loss = 0.0009407906327396631
training loss = 0.0022542316000908613
training loss = 0.0005602819146588445
rep 1 done out of 1
reduced chi^2 level 2 = 0.0005595582770183682
Constrained alpha: 1.4316354990005493
Constrained beta: 8.934402465820312
Constrained gamma: 82.05677795410156
(1, 6)
(1, 0)
Thanks for using LHAPDF 6.5.4. Please make sure to cite the paper:
  Eur.Phys.J. C75 (2015) 3, 132  (http://arxiv.org/abs/1412.7420)
