LHAPDF 6.5.4 loading /data/theorie/jjohn/miniconda3/envs/nnpdf_dev/share/LHAPDF/FASERv_EPOS+POWHEG_7TeV/FASERv_EPOS+POWHEG_7TeV_0000.dat
FASERv_EPOS+POWHEG_7TeV PDF set, member #0, version 1; LHAPDF ID = 70001000
LHAPDF 6.5.4 loading /data/theorie/jjohn/miniconda3/envs/nnpdf_dev/share/LHAPDF/FASERv_EPOS+POWHEG_7TeV/FASERv_EPOS+POWHEG_7TeV_0000.dat
FASERv_EPOS+POWHEG_7TeV PDF set, member #0, version 1; LHAPDF ID = 70001000
4.797360769398791 6.665962387856181 6.291661252163028
val isze = 0
idinces = [4 5 0 3 1 2]
training loss = 4977.150390625
training loss = 3092.880126953125
training loss = 2073.066162109375
training loss = 1533.61865234375
training loss = 1233.85546875
training loss = 1057.1370849609375
training loss = 947.2625732421875
training loss = 875.7976684570312
training loss = 827.6283569335938
training loss = 794.119873046875
training loss = 770.209228515625
training loss = 752.7900390625
training loss = 739.9022216796875
training loss = 730.1861572265625
training loss = 722.7607421875
training loss = 717.0154418945312
training loss = 712.517578125
training loss = 708.9548950195312
training loss = 706.0987548828125
training loss = 703.77880859375
(1, 6)
(1, 0)
Thanks for using LHAPDF 6.5.4. Please make sure to cite the paper:
  Eur.Phys.J. C75 (2015) 3, 132  (http://arxiv.org/abs/1412.7420)
