LHAPDF 6.5.4 loading /data/theorie/jjohn/miniconda3/envs/nnpdf_dev/share/LHAPDF/FASERv_EPOS+POWHEG_7TeV/FASERv_EPOS+POWHEG_7TeV_0000.dat
FASERv_EPOS+POWHEG_7TeV PDF set, member #0, version 1; LHAPDF ID = 70001000
LHAPDF 6.5.4 loading /data/theorie/jjohn/miniconda3/envs/nnpdf_dev/share/LHAPDF/FASERv_EPOS+POWHEG_7TeV/FASERv_EPOS+POWHEG_7TeV_0000.dat
FASERv_EPOS+POWHEG_7TeV PDF set, member #0, version 1; LHAPDF ID = 70001000
2.387239557314384 12.886990216077166 58.234081104497236
val isze = 0
idinces = [4 5 0 3 1 2]
training loss = 7.041997909545898
training loss = 7.010356903076172
training loss = 6.982701301574707
training loss = 6.808502197265625
training loss = 4.80294132232666
training loss = 3.5025179386138916
training loss = 1.0453109741210938
training loss = 0.2061808556318283
training loss = 0.0438324511051178
training loss = 0.011828679591417313
training loss = 0.00843716599047184
training loss = 0.0024212892167270184
training loss = 0.00961295422166586
training loss = 0.0015142447082325816
training loss = 0.001912253093905747
training loss = 0.001368194818496704
training loss = 0.001265963539481163
training loss = 0.001248513231985271
training loss = 0.0011506059672683477
training loss = 0.01863802783191204
rep 1 done out of 1
reduced chi^2 level 2 = 0.0023683756589889526
Constrained alpha: 1.0550124645233154
Constrained beta: 10.333459854125977
Constrained gamma: 41.98735809326172
(1, 6)
(1, 0)
Thanks for using LHAPDF 6.5.4. Please make sure to cite the paper:
  Eur.Phys.J. C75 (2015) 3, 132  (http://arxiv.org/abs/1412.7420)
