LHAPDF 6.5.4 loading /data/theorie/jjohn/miniconda3/envs/nnpdf_dev/share/LHAPDF/FASERv_EPOS+POWHEG_7TeV/FASERv_EPOS+POWHEG_7TeV_0000.dat
FASERv_EPOS+POWHEG_7TeV PDF set, member #0, version 1; LHAPDF ID = 70001000
LHAPDF 6.5.4 loading /data/theorie/jjohn/miniconda3/envs/nnpdf_dev/share/LHAPDF/FASERv_EPOS+POWHEG_7TeV/FASERv_EPOS+POWHEG_7TeV_0000.dat
FASERv_EPOS+POWHEG_7TeV PDF set, member #0, version 1; LHAPDF ID = 70001000
2.9820706451735535 9.237257932497727 4.2830377917993046
val isze = 0
idinces = [4 5 0 3 1 2]
training loss = 3.9065823554992676
training loss = 3.110186815261841
training loss = 3.027238130569458
training loss = 2.9632654190063477
training loss = 2.9215712547302246
training loss = 2.8938958644866943
training loss = 2.864271640777588
training loss = 2.814574718475342
training loss = 2.68690824508667
training loss = 1.8431503772735596
training loss = 0.6516345739364624
training loss = 0.35158583521842957
training loss = 0.16034162044525146
training loss = 0.08183924853801727
training loss = 0.04708215594291687
training loss = 0.029655558988451958
training loss = 0.07502978295087814
training loss = 0.014522470533847809
training loss = 0.015163267031311989
training loss = 0.009050439111888409
rep 1 done out of 1
reduced chi^2 level 2 = 0.009033812209963799
Constrained alpha: 1.8050843477249146
Constrained beta: 6.219362735748291
Constrained gamma: 5.673222064971924
(1, 6)
(1, 0)
Thanks for using LHAPDF 6.5.4. Please make sure to cite the paper:
  Eur.Phys.J. C75 (2015) 3, 132  (http://arxiv.org/abs/1412.7420)
