LHAPDF 6.5.4 loading /data/theorie/jjohn/miniconda3/envs/nnpdf_dev/share/LHAPDF/FASERv_EPOS+POWHEG_7TeV/FASERv_EPOS+POWHEG_7TeV_0000.dat
FASERv_EPOS+POWHEG_7TeV PDF set, member #0, version 1; LHAPDF ID = 70001000
LHAPDF 6.5.4 loading /data/theorie/jjohn/miniconda3/envs/nnpdf_dev/share/LHAPDF/FASERv_EPOS+POWHEG_7TeV/FASERv_EPOS+POWHEG_7TeV_0000.dat
FASERv_EPOS+POWHEG_7TeV PDF set, member #0, version 1; LHAPDF ID = 70001000
0.10590199628623509 15.397620166094688 91.06320998455627
val isze = 0
idinces = [4 5 0 3 1 2]
training loss = 10.109281539916992
training loss = 8.56198787689209
training loss = 7.739211082458496
training loss = 6.890348434448242
training loss = 6.082612037658691
training loss = 5.3629045486450195
training loss = 4.75932502746582
training loss = 4.282548427581787
training loss = 3.928206205368042
training loss = 3.680919885635376
training loss = 3.519179344177246
training loss = 3.420228958129883
training loss = 3.3636956214904785
training loss = 3.3336169719696045
training loss = 3.3187766075134277
training loss = 3.3120408058166504
training loss = 3.309271812438965
training loss = 3.3082752227783203
training loss = 3.3079874515533447
training loss = 3.30794620513916
rep 1 done out of 1
reduced chi^2 level 2 = 3.307945728302002
Constrained alpha: 1.798180103302002
Constrained beta: 10.215723037719727
Constrained gamma: 81.572509765625
(1, 6)
(1, 0)
Thanks for using LHAPDF 6.5.4. Please make sure to cite the paper:
  Eur.Phys.J. C75 (2015) 3, 132  (http://arxiv.org/abs/1412.7420)
