LHAPDF 6.5.4 loading /data/theorie/jjohn/miniconda3/envs/nnpdf_dev/share/LHAPDF/FASERv_EPOS+POWHEG_7TeV/FASERv_EPOS+POWHEG_7TeV_0000.dat
FASERv_EPOS+POWHEG_7TeV PDF set, member #0, version 1; LHAPDF ID = 70001000
LHAPDF 6.5.4 loading /data/theorie/jjohn/miniconda3/envs/nnpdf_dev/share/LHAPDF/FASERv_EPOS+POWHEG_7TeV/FASERv_EPOS+POWHEG_7TeV_0000.dat
FASERv_EPOS+POWHEG_7TeV PDF set, member #0, version 1; LHAPDF ID = 70001000
2.5492856286906997 14.436761147965644 23.49420085015498
val isze = 0
idinces = [4 5 0 3 1 2]
training loss = 16.610076904296875
training loss = 15.49048900604248
training loss = 13.653185844421387
training loss = 9.933685302734375
training loss = 5.688071250915527
training loss = 1.6480698585510254
training loss = 0.3010219633579254
training loss = 0.056713975965976715
training loss = 0.018246319144964218
training loss = 0.005916723981499672
training loss = 0.013047952204942703
training loss = 0.0019912042189389467
training loss = 0.0015283437678590417
training loss = 0.0013084784150123596
training loss = 0.0011658917646855116
training loss = 0.001159049104899168
training loss = 0.0010362968314439058
training loss = 0.0010477611795067787
training loss = 0.0009472091915085912
training loss = 0.0015319839585572481
rep 1 done out of 1
reduced chi^2 level 2 = 0.0012896566186100245
Constrained alpha: 1.1433513164520264
Constrained beta: 10.815958976745605
Constrained gamma: 22.103527069091797
(1, 6)
(1, 0)
Thanks for using LHAPDF 6.5.4. Please make sure to cite the paper:
  Eur.Phys.J. C75 (2015) 3, 132  (http://arxiv.org/abs/1412.7420)
