LHAPDF 6.5.4 loading /data/theorie/jjohn/miniconda3/envs/nnpdf_dev/share/LHAPDF/FASERv_EPOS+POWHEG_7TeV/FASERv_EPOS+POWHEG_7TeV_0000.dat
FASERv_EPOS+POWHEG_7TeV PDF set, member #0, version 1; LHAPDF ID = 70001000
LHAPDF 6.5.4 loading /data/theorie/jjohn/miniconda3/envs/nnpdf_dev/share/LHAPDF/FASERv_EPOS+POWHEG_7TeV/FASERv_EPOS+POWHEG_7TeV_0000.dat
FASERv_EPOS+POWHEG_7TeV PDF set, member #0, version 1; LHAPDF ID = 70001000
1.849019922480043 14.289512500320525 90.50590255731818
val isze = 0
idinces = [4 5 0 3 1 2]
training loss = 9.759471893310547
training loss = 7.485689163208008
training loss = 4.269584655761719
training loss = 1.400804042816162
training loss = 1.1989247798919678
training loss = 1.0157803297042847
training loss = 0.8170175552368164
training loss = 0.5758907794952393
training loss = 0.2916692793369293
training loss = 0.08587734401226044
training loss = 0.016071058809757233
training loss = 0.00299870315939188
training loss = 0.0010276900138705969
training loss = 0.0006811490748077631
training loss = 0.0005982846487313509
training loss = 0.0005623872275464237
training loss = 0.0008357218466699123
training loss = 0.0004862010828219354
training loss = 0.0012046118499711156
training loss = 0.00041141954716295004
rep 1 done out of 1
reduced chi^2 level 2 = 0.00041087408317252994
Constrained alpha: 1.7261247634887695
Constrained beta: 11.071552276611328
Constrained gamma: 78.32439422607422
(1, 6)
(1, 0)
Thanks for using LHAPDF 6.5.4. Please make sure to cite the paper:
  Eur.Phys.J. C75 (2015) 3, 132  (http://arxiv.org/abs/1412.7420)
