LHAPDF 6.5.4 loading /data/theorie/jjohn/miniconda3/envs/nnpdf_dev/share/LHAPDF/FASERv_EPOS+POWHEG_7TeV/FASERv_EPOS+POWHEG_7TeV_0000.dat
FASERv_EPOS+POWHEG_7TeV PDF set, member #0, version 1; LHAPDF ID = 70001000
LHAPDF 6.5.4 loading /data/theorie/jjohn/miniconda3/envs/nnpdf_dev/share/LHAPDF/FASERv_EPOS+POWHEG_7TeV/FASERv_EPOS+POWHEG_7TeV_0000.dat
FASERv_EPOS+POWHEG_7TeV PDF set, member #0, version 1; LHAPDF ID = 70001000
3.2090206516648765 14.413026483314537 12.753741942439333
val isze = 0
idinces = [4 5 0 3 1 2]
training loss = 319.98126220703125
training loss = 302.9161376953125
training loss = 277.3957214355469
training loss = 238.02099609375
training loss = 165.95828247070312
training loss = 13.488128662109375
training loss = 9.982561111450195
training loss = 7.9090895652771
training loss = 6.343911170959473
training loss = 5.165101051330566
training loss = 4.172459125518799
training loss = 3.4405858516693115
training loss = 2.9710452556610107
training loss = 2.6664013862609863
training loss = 2.442659854888916
training loss = 2.2574915885925293
training loss = 2.0917229652404785
training loss = 1.936149001121521
training loss = 1.7858246564865112
training loss = 1.6376426219940186
rep 1 done out of 1
reduced chi^2 level 2 = 1.6361558437347412
Constrained alpha: 2.512861967086792
Constrained beta: 8.315718650817871
Constrained gamma: 12.906882286071777
(1, 6)
(1, 0)
Thanks for using LHAPDF 6.5.4. Please make sure to cite the paper:
  Eur.Phys.J. C75 (2015) 3, 132  (http://arxiv.org/abs/1412.7420)
