LHAPDF 6.5.4 loading /data/theorie/jjohn/miniconda3/envs/nnpdf_dev/share/LHAPDF/FASERv_EPOS+POWHEG_7TeV/FASERv_EPOS+POWHEG_7TeV_0000.dat
FASERv_EPOS+POWHEG_7TeV PDF set, member #0, version 1; LHAPDF ID = 70001000
LHAPDF 6.5.4 loading /data/theorie/jjohn/miniconda3/envs/nnpdf_dev/share/LHAPDF/FASERv_EPOS+POWHEG_7TeV/FASERv_EPOS+POWHEG_7TeV_0000.dat
FASERv_EPOS+POWHEG_7TeV PDF set, member #0, version 1; LHAPDF ID = 70001000
1.7863230439053468 8.131537741459658 57.64705684853252
val isze = 0
idinces = [4 5 0 3 1 2]
training loss = 8.419136047363281
training loss = 8.405387878417969
training loss = 8.390750885009766
training loss = 8.374292373657227
training loss = 8.354732513427734
training loss = 8.328042030334473
training loss = 8.283686637878418
training loss = 8.189842224121094
training loss = 7.927326202392578
training loss = 7.118335723876953
training loss = 6.41826057434082
training loss = 6.175820350646973
training loss = 5.489634990692139
training loss = 3.38576078414917
training loss = 1.0561734437942505
training loss = 0.17801330983638763
training loss = 0.020425118505954742
training loss = 0.0026782744098454714
training loss = 0.0007226535817608237
training loss = 0.0005809807335026562
rep 1 done out of 1
reduced chi^2 level 2 = 0.0005323094082996249
Constrained alpha: 1.5303301811218262
Constrained beta: 6.541687965393066
Constrained gamma: 52.92653274536133
(1, 6)
(1, 0)
Thanks for using LHAPDF 6.5.4. Please make sure to cite the paper:
  Eur.Phys.J. C75 (2015) 3, 132  (http://arxiv.org/abs/1412.7420)
