LHAPDF 6.5.4 loading /data/theorie/jjohn/miniconda3/envs/nnpdf_dev/share/LHAPDF/FASERv_EPOS+POWHEG_7TeV/FASERv_EPOS+POWHEG_7TeV_0000.dat
FASERv_EPOS+POWHEG_7TeV PDF set, member #0, version 1; LHAPDF ID = 70001000
LHAPDF 6.5.4 loading /data/theorie/jjohn/miniconda3/envs/nnpdf_dev/share/LHAPDF/FASERv_EPOS+POWHEG_7TeV/FASERv_EPOS+POWHEG_7TeV_0000.dat
FASERv_EPOS+POWHEG_7TeV PDF set, member #0, version 1; LHAPDF ID = 70001000
2.993698225030596 11.194100766343453 89.6242261186917
val isze = 0
idinces = [4 5 0 3 1 2]
training loss = 210.41897583007812
training loss = 172.3413848876953
training loss = 162.40032958984375
training loss = 151.99136352539062
training loss = 140.11593627929688
training loss = 126.98959350585938
training loss = 112.93531799316406
training loss = 98.3660888671875
training loss = 83.77484130859375
training loss = 69.71538543701172
training loss = 56.75535583496094
training loss = 45.36283874511719
training loss = 35.81060028076172
training loss = 28.19272804260254
training loss = 22.47347640991211
training loss = 18.4849796295166
training loss = 15.922173500061035
training loss = 14.39113998413086
training loss = 13.500747680664062
training loss = 12.943803787231445
(1, 6)
(1, 0)
Thanks for using LHAPDF 6.5.4. Please make sure to cite the paper:
  Eur.Phys.J. C75 (2015) 3, 132  (http://arxiv.org/abs/1412.7420)
