LHAPDF 6.5.4 loading /data/theorie/jjohn/miniconda3/envs/nnpdf_dev/share/LHAPDF/FASERv_EPOS+POWHEG_7TeV/FASERv_EPOS+POWHEG_7TeV_0000.dat
FASERv_EPOS+POWHEG_7TeV PDF set, member #0, version 1; LHAPDF ID = 70001000
LHAPDF 6.5.4 loading /data/theorie/jjohn/miniconda3/envs/nnpdf_dev/share/LHAPDF/FASERv_EPOS+POWHEG_7TeV/FASERv_EPOS+POWHEG_7TeV_0000.dat
FASERv_EPOS+POWHEG_7TeV PDF set, member #0, version 1; LHAPDF ID = 70001000
1.006503083483331 7.933060065721806 97.82124212667875
val isze = 0
idinces = [4 5 0 3 1 2]
training loss = 5.47312593460083
training loss = 5.304220199584961
training loss = 5.173198223114014
training loss = 5.039942264556885
training loss = 4.9142537117004395
training loss = 4.802006721496582
training loss = 4.7061448097229
training loss = 4.627383232116699
training loss = 4.56490421295166
training loss = 4.516942024230957
training loss = 4.481228828430176
training loss = 4.455417633056641
training loss = 4.437259674072266
training loss = 4.424796104431152
training loss = 4.4163947105407715
training loss = 4.4107818603515625
training loss = 4.40700626373291
training loss = 4.404376983642578
training loss = 4.402403831481934
training loss = 4.400761604309082
rep 1 done out of 1
reduced chi^2 level 2 = 4.400754928588867
Constrained alpha: 1.824598789215088
Constrained beta: 10.109408378601074
Constrained gamma: 85.9846420288086
(1, 6)
(1, 0)
Thanks for using LHAPDF 6.5.4. Please make sure to cite the paper:
  Eur.Phys.J. C75 (2015) 3, 132  (http://arxiv.org/abs/1412.7420)
