LHAPDF 6.5.4 loading /data/theorie/jjohn/miniconda3/envs/nnpdf_dev/share/LHAPDF/FASERv_EPOS+POWHEG_7TeV/FASERv_EPOS+POWHEG_7TeV_0000.dat
FASERv_EPOS+POWHEG_7TeV PDF set, member #0, version 1; LHAPDF ID = 70001000
LHAPDF 6.5.4 loading /data/theorie/jjohn/miniconda3/envs/nnpdf_dev/share/LHAPDF/FASERv_EPOS+POWHEG_7TeV/FASERv_EPOS+POWHEG_7TeV_0000.dat
FASERv_EPOS+POWHEG_7TeV PDF set, member #0, version 1; LHAPDF ID = 70001000
1.0274484611242607 12.446857648945237 3.2532545510129407
val isze = 0
idinces = [4 5 0 3 1 2]
training loss = 8.148130416870117
training loss = 7.37044620513916
training loss = 6.789959907531738
training loss = 6.273625373840332
training loss = 5.852848052978516
training loss = 5.531075477600098
training loss = 5.297419548034668
training loss = 5.1351518630981445
training loss = 5.026916027069092
training loss = 4.957284927368164
training loss = 4.913842678070068
training loss = 4.8873186111450195
training loss = 4.871152877807617
training loss = 4.860967636108398
training loss = 4.853986740112305
training loss = 4.8484578132629395
training loss = 4.843325614929199
training loss = 4.837862968444824
training loss = 4.831493377685547
training loss = 4.823643684387207
rep 1 done out of 1
reduced chi^2 level 2 = 4.823557376861572
Constrained alpha: 1.5285422801971436
Constrained beta: 12.371549606323242
Constrained gamma: 4.9383440017700195
(1, 6)
(1, 0)
Thanks for using LHAPDF 6.5.4. Please make sure to cite the paper:
  Eur.Phys.J. C75 (2015) 3, 132  (http://arxiv.org/abs/1412.7420)
