LHAPDF 6.5.4 loading /data/theorie/jjohn/miniconda3/envs/nnpdf_dev/share/LHAPDF/FASERv_EPOS+POWHEG_7TeV/FASERv_EPOS+POWHEG_7TeV_0000.dat
FASERv_EPOS+POWHEG_7TeV PDF set, member #0, version 1; LHAPDF ID = 70001000
LHAPDF 6.5.4 loading /data/theorie/jjohn/miniconda3/envs/nnpdf_dev/share/LHAPDF/FASERv_EPOS+POWHEG_7TeV/FASERv_EPOS+POWHEG_7TeV_0000.dat
FASERv_EPOS+POWHEG_7TeV PDF set, member #0, version 1; LHAPDF ID = 70001000
1.4335324289698033 13.241525553648245 25.195710582385978
val isze = 0
idinces = [4 5 0 3 1 2]
training loss = 11.919174194335938
training loss = 11.615816116333008
training loss = 11.556875228881836
training loss = 11.502788543701172
training loss = 11.457510948181152
training loss = 11.421958923339844
training loss = 11.395209312438965
training loss = 11.375269889831543
training loss = 11.359979629516602
training loss = 11.347235679626465
training loss = 11.335260391235352
training loss = 11.322404861450195
training loss = 11.306999206542969
training loss = 11.28680419921875
training loss = 11.258261680603027
training loss = 11.214797973632812
training loss = 11.143104553222656
training loss = 11.015824317932129
training loss = 10.790237426757812
training loss = 10.466707229614258
(1, 6)
(1, 0)
Thanks for using LHAPDF 6.5.4. Please make sure to cite the paper:
  Eur.Phys.J. C75 (2015) 3, 132  (http://arxiv.org/abs/1412.7420)
