LHAPDF 6.5.4 loading /data/theorie/jjohn/miniconda3/envs/nnpdf_dev/share/LHAPDF/FASERv_EPOS+POWHEG_7TeV/FASERv_EPOS+POWHEG_7TeV_0000.dat
FASERv_EPOS+POWHEG_7TeV PDF set, member #0, version 1; LHAPDF ID = 70001000
LHAPDF 6.5.4 loading /data/theorie/jjohn/miniconda3/envs/nnpdf_dev/share/LHAPDF/FASERv_EPOS+POWHEG_7TeV/FASERv_EPOS+POWHEG_7TeV_0000.dat
FASERv_EPOS+POWHEG_7TeV PDF set, member #0, version 1; LHAPDF ID = 70001000
2.55449093667277 1.9857786034106906 5.929153029562217
val isze = 0
idinces = [4 5 0 3 1 2]
training loss = 35.069271087646484
training loss = 22.991527557373047
training loss = 10.436792373657227
training loss = 3.644986152648926
training loss = 2.661243438720703
training loss = 2.450737237930298
training loss = 2.135737657546997
training loss = 1.5912463665008545
training loss = 0.8426833152770996
training loss = 0.2679307460784912
training loss = 0.05505586043000221
training loss = 0.009484055452048779
training loss = 0.0018513333052396774
training loss = 0.0010380535386502743
training loss = 0.0011552232317626476
rep 1 done out of 1
reduced chi^2 level 2 = 0.0011657304130494595
Constrained alpha: 1.4695204496383667
Constrained beta: 4.981313705444336
Constrained gamma: 7.105646133422852
(1, 6)
(1, 0)
Thanks for using LHAPDF 6.5.4. Please make sure to cite the paper:
  Eur.Phys.J. C75 (2015) 3, 132  (http://arxiv.org/abs/1412.7420)
