LHAPDF 6.5.4 loading /data/theorie/jjohn/miniconda3/envs/nnpdf_dev/share/LHAPDF/FASERv_EPOS+POWHEG_7TeV/FASERv_EPOS+POWHEG_7TeV_0000.dat
FASERv_EPOS+POWHEG_7TeV PDF set, member #0, version 1; LHAPDF ID = 70001000
LHAPDF 6.5.4 loading /data/theorie/jjohn/miniconda3/envs/nnpdf_dev/share/LHAPDF/FASERv_EPOS+POWHEG_7TeV/FASERv_EPOS+POWHEG_7TeV_0000.dat
FASERv_EPOS+POWHEG_7TeV PDF set, member #0, version 1; LHAPDF ID = 70001000
4.8974492083581875 9.545727595146268 71.46010181728288
val isze = 0
idinces = [4 5 0 3 1 2]
training loss = 53690.52734375
training loss = 51451.46875
training loss = 48817.42578125
training loss = 45919.74609375
training loss = 42890.86328125
training loss = 39852.57421875
training loss = 36878.25390625
training loss = 34017.76953125
training loss = 31303.6796875
training loss = 28754.708984375
training loss = 26379.892578125
training loss = 24180.08203125
training loss = 22152.291015625
training loss = 20290.001953125
training loss = 18584.07421875
training loss = 17024.58984375
training loss = 15601.099609375
training loss = 14303.0703125
training loss = 13120.1494140625
training loss = 12046.0322265625
(1, 6)
(1, 0)
Thanks for using LHAPDF 6.5.4. Please make sure to cite the paper:
  Eur.Phys.J. C75 (2015) 3, 132  (http://arxiv.org/abs/1412.7420)
