LHAPDF 6.5.4 loading /data/theorie/jjohn/miniconda3/envs/nnpdf_dev/share/LHAPDF/FASERv_EPOS+POWHEG_7TeV/FASERv_EPOS+POWHEG_7TeV_0000.dat
FASERv_EPOS+POWHEG_7TeV PDF set, member #0, version 1; LHAPDF ID = 70001000
LHAPDF 6.5.4 loading /data/theorie/jjohn/miniconda3/envs/nnpdf_dev/share/LHAPDF/FASERv_EPOS+POWHEG_7TeV/FASERv_EPOS+POWHEG_7TeV_0000.dat
FASERv_EPOS+POWHEG_7TeV PDF set, member #0, version 1; LHAPDF ID = 70001000
4.511347848298082 13.853070750757041 47.33551912917741
val isze = 0
idinces = [4 5 0 3 1 2]
training loss = 18672.94140625
training loss = 11579.6455078125
training loss = 7303.96826171875
training loss = 4844.88818359375
training loss = 3392.11572265625
training loss = 2495.077880859375
training loss = 1917.058837890625
training loss = 1529.7510986328125
training loss = 1262.0745849609375
training loss = 1071.6597900390625
training loss = 933.0974731445312
training loss = 830.4288330078125
training loss = 753.0889892578125
training loss = 693.928955078125
training loss = 648.1405029296875
training loss = 612.3442993164062
training loss = 584.1190185546875
training loss = 561.6982421875
training loss = 543.775634765625
training loss = 529.3709106445312
(1, 6)
(1, 0)
Thanks for using LHAPDF 6.5.4. Please make sure to cite the paper:
  Eur.Phys.J. C75 (2015) 3, 132  (http://arxiv.org/abs/1412.7420)
