LHAPDF 6.5.4 loading /data/theorie/jjohn/miniconda3/envs/nnpdf_dev/share/LHAPDF/FASERv_EPOS+POWHEG_7TeV/FASERv_EPOS+POWHEG_7TeV_0000.dat
FASERv_EPOS+POWHEG_7TeV PDF set, member #0, version 1; LHAPDF ID = 70001000
LHAPDF 6.5.4 loading /data/theorie/jjohn/miniconda3/envs/nnpdf_dev/share/LHAPDF/FASERv_EPOS+POWHEG_7TeV/FASERv_EPOS+POWHEG_7TeV_0000.dat
FASERv_EPOS+POWHEG_7TeV PDF set, member #0, version 1; LHAPDF ID = 70001000
4.280260694224992 17.337864264516007 34.70528913154966
val isze = 0
idinces = [4 5 0 3 1 2]
training loss = 1316.231201171875
training loss = 1115.723388671875
training loss = 955.224365234375
training loss = 841.16357421875
training loss = 763.3934936523438
training loss = 710.737548828125
training loss = 674.7530517578125
training loss = 649.7188720703125
training loss = 631.8794555664062
training loss = 618.7779541015625
training loss = 608.78955078125
training loss = 600.8279418945312
training loss = 594.1416015625
training loss = 588.200439453125
training loss = 582.61865234375
training loss = 577.1009521484375
training loss = 571.4117431640625
training loss = 565.3624877929688
training loss = 558.7906494140625
training loss = 551.56640625
(1, 6)
(1, 0)
Thanks for using LHAPDF 6.5.4. Please make sure to cite the paper:
  Eur.Phys.J. C75 (2015) 3, 132  (http://arxiv.org/abs/1412.7420)
