LHAPDF 6.5.4 loading /data/theorie/jjohn/miniconda3/envs/nnpdf_dev/share/LHAPDF/FASERv_EPOS+POWHEG_7TeV/FASERv_EPOS+POWHEG_7TeV_0000.dat
FASERv_EPOS+POWHEG_7TeV PDF set, member #0, version 1; LHAPDF ID = 70001000
LHAPDF 6.5.4 loading /data/theorie/jjohn/miniconda3/envs/nnpdf_dev/share/LHAPDF/FASERv_EPOS+POWHEG_7TeV/FASERv_EPOS+POWHEG_7TeV_0000.dat
FASERv_EPOS+POWHEG_7TeV PDF set, member #0, version 1; LHAPDF ID = 70001000
1.134368302505702 18.267229788510544 71.2261271303378
val isze = 0
idinces = [4 5 0 3 1 2]
training loss = 27.15216827392578
training loss = 20.338573455810547
training loss = 18.287490844726562
training loss = 16.09061050415039
training loss = 13.894851684570312
training loss = 11.87800407409668
training loss = 10.34052848815918
training loss = 9.433645248413086
training loss = 8.785778999328613
training loss = 7.790075778961182
training loss = 4.844494819641113
training loss = 1.3035141229629517
training loss = 0.33955079317092896
training loss = 0.14505571126937866
training loss = 0.052018024027347565
training loss = 0.014907954260706902
training loss = 0.004700747784227133
training loss = 0.002085337182506919
training loss = 0.0013634255155920982
training loss = 0.0011473239865154028
rep 1 done out of 1
reduced chi^2 level 2 = 0.0011462564580142498
Constrained alpha: 1.41202974319458
Constrained beta: 10.616180419921875
Constrained gamma: 65.62632751464844
(1, 6)
(1, 0)
Thanks for using LHAPDF 6.5.4. Please make sure to cite the paper:
  Eur.Phys.J. C75 (2015) 3, 132  (http://arxiv.org/abs/1412.7420)
