data before
[0.00000000e+00 0.00000000e+00 0.00000000e+00 0.00000000e+00
 0.00000000e+00 0.00000000e+00 0.00000000e+00 0.00000000e+00
 0.00000000e+00 0.00000000e+00 0.00000000e+00 0.00000000e+00
 0.00000000e+00 0.00000000e+00 0.00000000e+00 0.00000000e+00
 0.00000000e+00 0.00000000e+00 0.00000000e+00 0.00000000e+00
 0.00000000e+00 0.00000000e+00 0.00000000e+00 0.00000000e+00
 0.00000000e+00 0.00000000e+00 0.00000000e+00 0.00000000e+00
 0.00000000e+00 0.00000000e+00 0.00000000e+00 0.00000000e+00
 0.00000000e+00 0.00000000e+00 0.00000000e+00 0.00000000e+00
 0.00000000e+00 0.00000000e+00 0.00000000e+00 0.00000000e+00
 0.00000000e+00 0.00000000e+00 0.00000000e+00 0.00000000e+00
 0.00000000e+00 0.00000000e+00 0.00000000e+00 0.00000000e+00
 0.00000000e+00 0.00000000e+00 0.00000000e+00 0.00000000e+00
 0.00000000e+00 0.00000000e+00 0.00000000e+00 0.00000000e+00
 0.00000000e+00 0.00000000e+00 0.00000000e+00 0.00000000e+00
 0.00000000e+00 0.00000000e+00 0.00000000e+00 0.00000000e+00
 0.00000000e+00 0.00000000e+00 0.00000000e+00 0.00000000e+00
 0.00000000e+00 0.00000000e+00 0.00000000e+00 0.00000000e+00
 0.00000000e+00 0.00000000e+00 0.00000000e+00 0.00000000e+00
 0.00000000e+00 0.00000000e+00 0.00000000e+00 0.00000000e+00
 0.00000000e+00 0.00000000e+00 0.00000000e+00 0.00000000e+00
 0.00000000e+00 0.00000000e+00 0.00000000e+00 0.00000000e+00
 0.00000000e+00 0.00000000e+00 0.00000000e+00 0.00000000e+00
 0.00000000e+00 0.00000000e+00 0.00000000e+00 0.00000000e+00
 0.00000000e+00 0.00000000e+00 0.00000000e+00 0.00000000e+00
 0.00000000e+00 0.00000000e+00 0.00000000e+00 5.14386629e-03
 6.19662515e-02 1.90264998e-01 3.56493682e-01 5.66847497e-01
 8.22913006e-01 1.17749009e+00 1.60493110e+00 2.00368391e+00
 2.48785651e+00 3.10427500e+00 3.84638861e+00 4.62936578e+00
 5.65328151e+00 6.69873648e+00 7.94949019e+00 9.11094391e+00
 1.03772693e+01 1.20329198e+01 1.32474303e+01 1.49522969e+01
 1.70554909e+01 1.95334789e+01 2.15281278e+01 2.43655275e+01
 2.67461644e+01 2.89865271e+01 3.11797751e+01 3.35717478e+01
 3.56533848e+01 3.78109363e+01 4.03865027e+01 4.14288260e+01
 4.32033437e+01 4.50250803e+01 4.60467635e+01 4.79701583e+01
 4.89560490e+01 4.99814449e+01 5.17265886e+01 5.17640821e+01
 5.25726915e+01 5.33298620e+01 5.35088606e+01 5.41504872e+01
 5.38671098e+01 5.32773937e+01 5.30832141e+01 5.25762093e+01
 5.19157714e+01 5.09105466e+01 4.95491586e+01 4.80636759e+01
 4.65250451e+01 4.45130162e+01 4.27003654e+01 4.08140763e+01
 3.87873987e+01 3.69156401e+01 3.51289514e+01 3.32731293e+01
 3.20068667e+01 3.07532607e+01 2.92554838e+01 2.76935252e+01
 2.57274693e+01 2.41628000e+01 2.21065986e+01 2.02994541e+01
 1.85282214e+01 1.66244592e+01 1.49300519e+01 1.31152337e+01
 1.12102016e+01 9.63186026e+00 7.93454814e+00 6.75806086e+00
 5.60895240e+00 4.48344615e+00 3.47346078e+00 2.55965696e+00
 1.86894529e+00 1.31154675e+00 1.00469838e+00 9.36496342e-01
 7.81162583e-01 1.23973629e+00 4.97621696e-01 0.00000000e+00
 0.00000000e+00 0.00000000e+00 0.00000000e+00 0.00000000e+00
 0.00000000e+00 0.00000000e+00 0.00000000e+00 0.00000000e+00
 0.00000000e+00]
20
data after
[20.857620297076497, 20.301508171178178, 31.521133023080274, 28.199727167215826, 36.58896978367174, 21.52812778976906, 24.365527455088028, 26.74616444816656, 28.98652712814253, 31.179775071457893, 33.57174778780066, 35.6533847714638, 37.810936316127666, 40.386502727749736, 41.42882600542565, 43.20334371594027, 45.02508033579981, 46.046763491755364, 47.97015825399502, 48.95604899798005, 49.981444876194374, 51.72658864745616, 51.764082124206546, 52.572691540936475, 53.32986203742067, 53.50886060504937, 54.15048718224547, 53.86710982801652, 53.27739366737964, 53.08321413684675, 52.576209321489614, 51.9157713560556, 50.91054660831169, 49.54915863950277, 48.063675916237806, 46.525045140412985, 44.513016200187806, 42.7003653616272, 40.81407630964863, 38.787398748612574, 36.91564010687538, 35.12895140258301, 33.273129330671395, 32.006866676091825, 30.753260693699033, 29.255483824837608, 27.69352516798763, 25.72746930290885, 24.16280003044522, 22.106598582996284, 20.29945409492302, 35.1526805571745, 28.04528554500066, 20.842061847699306, 38.45833260838726]
25
data,sig_tot
[20.8576203  20.30150817 31.52113302 28.19972717 36.58896978 21.52812779
 24.36552746 26.74616445 28.98652713 31.17977507 33.57174779 35.65338477
 37.81093632 40.38650273 41.42882601 43.20334372 45.02508034 46.04676349
 47.97015825 48.956049   49.98144488 51.72658865 51.76408212 52.57269154
 53.32986204 53.50886061 54.15048718 53.86710983 53.27739367 53.08321414
 52.57620932 51.91577136 50.91054661 49.54915864 48.06367592 46.52504514
 44.5130162  42.70036536 40.81407631 38.78739875 36.91564011 35.1289514
 33.27312933 32.00686668 30.75326069 29.25548382 27.69352517 25.7274693
 24.16280003 22.10659858 20.29945409 35.15268056 28.04528555 20.84206185
 38.45833261 23.08403143 23.96544452 20.37558189 24.25723378 27.38329553
 20.02055432 20.91125851 21.77250397 22.21781137 22.38669004 22.61045906
 22.05061412 21.47203686 20.62240159 27.95470903 23.61154725 25.02814199
 24.10122593 30.6916864 ]
[20.8576203  20.30150817 31.52113302 28.19972717 36.58896978 21.52812779
 24.36552746 26.74616445 28.98652713 31.17977507 33.57174779 35.65338477
 37.81093632 40.38650273 41.42882601 43.20334372 45.02508034 46.04676349
 47.97015825 48.956049   49.98144488 51.72658865 51.76408212 52.57269154
 53.32986204 53.50886061 54.15048718 53.86710983 53.27739367 53.08321414
 52.57620932 51.91577136 50.91054661 49.54915864 48.06367592 46.52504514
 44.5130162  42.70036536 40.81407631 38.78739875 36.91564011 35.1289514
 33.27312933 32.00686668 30.75326069 29.25548382 27.69352517 25.7274693
 24.16280003 22.10659858 20.29945409 35.15268056 28.04528555 20.84206185
 38.45833261 23.08403143 23.96544452 20.37558189 24.25723378 27.38329553
 20.02055432 20.91125851 21.77250397 22.21781137 22.38669004 22.61045906
 22.05061412 21.47203686 20.62240159 27.95470903 23.61154725 25.02814199
 24.10122593 30.6916864 ]
3.175500505344866 4.741278338438497 97.53505091257162
val isze = 0
idinces = [32  3 26 42  2  6 57 19 34 50 56 67 37  4 66 41 20 21 60 17 35  7 71 38
 72 73 39 10 46 61 59 58 23 45 62 69 18 27 55 31  1 12 48 44 30 22 70 53
 25 52  5 13 51 49 14 63 68 33 43 24 54 11 47 65 16 36 40  0  8 29 28 64
 15  9]
training loss = 1.8798729181289673 500
training loss = 1.5329796075820923 1000
training loss = 1.5037184953689575 1500
training loss = 1.4772005081176758 2000
reduced chi^2 level 2 = 1.4485418796539307
Constrained alpha: 2.2323086261749268
Constrained beta: 6.1844305992126465
Constrained gamma: 40.39211654663086
(1, 74)
(1, 0)
