LHAPDF 6.5.4 loading /data/theorie/jjohn/miniconda3/envs/nnpdf_dev/share/LHAPDF/FASERv_EPOS+POWHEG_7TeV/FASERv_EPOS+POWHEG_7TeV_0000.dat
FASERv_EPOS+POWHEG_7TeV PDF set, member #0, version 1; LHAPDF ID = 70001000
LHAPDF 6.5.4 loading /data/theorie/jjohn/miniconda3/envs/nnpdf_dev/share/LHAPDF/FASERv_EPOS+POWHEG_7TeV/FASERv_EPOS+POWHEG_7TeV_0000.dat
FASERv_EPOS+POWHEG_7TeV PDF set, member #0, version 1; LHAPDF ID = 70001000
2.6752258764355332 18.9165351406587 26.145545285756288
val isze = 0
idinces = [3 5 4 1 0 2]
training loss = 31.46293830871582
training loss = 21.028911590576172
training loss = 4.194520950317383
training loss = 0.8974624276161194
training loss = 0.8009915351867676
training loss = 0.722792387008667
training loss = 0.6496695876121521
training loss = 0.5777812004089355
training loss = 0.5012257099151611
training loss = 0.4112670421600342
training loss = 0.30017367005348206
training loss = 0.1833239495754242
training loss = 0.08746819943189621
training loss = 0.03569990396499634
training loss = 0.013996106572449207
training loss = 0.0061302692629396915
training loss = 0.003054783446714282
training loss = 0.0020742930937558413
training loss = 0.001544048311188817
training loss = 0.001760766259394586
rep 1 done out of 1
reduced chi^2 level 2 = 0.001561987679451704
Constrained alpha: 1.7191624641418457
Constrained beta: 12.235617637634277
Constrained gamma: 23.931514739990234
(1, 6)
(1, 0)
Thanks for using LHAPDF 6.5.4. Please make sure to cite the paper:
  Eur.Phys.J. C75 (2015) 3, 132  (http://arxiv.org/abs/1412.7420)
