LHAPDF 6.5.4 loading /data/theorie/jjohn/miniconda3/envs/nnpdf_dev/share/LHAPDF/FASERv_EPOS+POWHEG_7TeV/FASERv_EPOS+POWHEG_7TeV_0000.dat
FASERv_EPOS+POWHEG_7TeV PDF set, member #0, version 1; LHAPDF ID = 70001000
LHAPDF 6.5.4 loading /data/theorie/jjohn/miniconda3/envs/nnpdf_dev/share/LHAPDF/FASERv_EPOS+POWHEG_7TeV/FASERv_EPOS+POWHEG_7TeV_0000.dat
FASERv_EPOS+POWHEG_7TeV PDF set, member #0, version 1; LHAPDF ID = 70001000
2.7723039754749657 17.452995497551925 21.485748601819854
val isze = 0
idinces = [3 5 4 1 0 2]
training loss = 71.3060302734375
training loss = 9.324626922607422
training loss = 0.10949276387691498
training loss = 0.07088465243577957
training loss = 0.05828317254781723
training loss = 0.050492510199546814
training loss = 0.0499737448990345
training loss = 0.03432921692728996
training loss = 0.036006342619657516
training loss = 0.016104690730571747
training loss = 0.008097329176962376
training loss = 0.0035126502625644207
training loss = 0.0009825581219047308
training loss = 0.009221578948199749
training loss = 9.065697668120265e-05
training loss = 3.880720760207623e-05
training loss = 0.001924726995639503
training loss = 3.1794792448636144e-05
rep 1 done out of 1
reduced chi^2 level 2 = 3.4400756703689694e-05
Constrained alpha: 1.89421808719635
Constrained beta: 12.47722053527832
Constrained gamma: 20.743446350097656
(1, 6)
(1, 0)
Thanks for using LHAPDF 6.5.4. Please make sure to cite the paper:
  Eur.Phys.J. C75 (2015) 3, 132  (http://arxiv.org/abs/1412.7420)
