LHAPDF 6.5.4 loading /data/theorie/jjohn/miniconda3/envs/nnpdf_dev/share/LHAPDF/FASERv_EPOS+POWHEG_7TeV/FASERv_EPOS+POWHEG_7TeV_0000.dat
FASERv_EPOS+POWHEG_7TeV PDF set, member #0, version 1; LHAPDF ID = 70001000
LHAPDF 6.5.4 loading /data/theorie/jjohn/miniconda3/envs/nnpdf_dev/share/LHAPDF/FASERv_EPOS+POWHEG_7TeV/FASERv_EPOS+POWHEG_7TeV_0000.dat
FASERv_EPOS+POWHEG_7TeV PDF set, member #0, version 1; LHAPDF ID = 70001000
2.9139503174422905 4.0834157750205735 90.04041234468276
val isze = 0
idinces = [3 5 4 1 0 2]
training loss = 71.27713012695312
training loss = 52.68058395385742
training loss = 36.68986129760742
training loss = 26.271610260009766
training loss = 21.157697677612305
training loss = 19.168289184570312
training loss = 18.4656925201416
training loss = 18.157535552978516
training loss = 17.940265655517578
training loss = 17.735746383666992
training loss = 17.528745651245117
training loss = 17.317569732666016
training loss = 17.102828979492188
training loss = 16.88512420654297
training loss = 16.66482925415039
training loss = 16.441930770874023
training loss = 16.215980529785156
training loss = 15.985928535461426
training loss = 15.749869346618652
training loss = 15.50460433959961
(1, 6)
(1, 0)
Thanks for using LHAPDF 6.5.4. Please make sure to cite the paper:
  Eur.Phys.J. C75 (2015) 3, 132  (http://arxiv.org/abs/1412.7420)
