LHAPDF 6.5.4 loading /data/theorie/jjohn/miniconda3/envs/nnpdf_dev/share/LHAPDF/FASERv_EPOS+POWHEG_7TeV/FASERv_EPOS+POWHEG_7TeV_0000.dat
FASERv_EPOS+POWHEG_7TeV PDF set, member #0, version 1; LHAPDF ID = 70001000
LHAPDF 6.5.4 loading /data/theorie/jjohn/miniconda3/envs/nnpdf_dev/share/LHAPDF/FASERv_EPOS+POWHEG_7TeV/FASERv_EPOS+POWHEG_7TeV_0000.dat
FASERv_EPOS+POWHEG_7TeV PDF set, member #0, version 1; LHAPDF ID = 70001000
3.0814355184387554 6.721955798528684 48.04794091341744
val isze = 0
idinces = [3 5 4 1 0 2]
training loss = 148.3729705810547
training loss = 69.13253784179688
training loss = 12.9343900680542
training loss = 5.79019832611084
training loss = 5.383082389831543
training loss = 5.077749252319336
training loss = 4.76481294631958
training loss = 4.4493818283081055
training loss = 4.136074542999268
training loss = 3.828518867492676
training loss = 3.5295350551605225
training loss = 3.2412145137786865
training loss = 2.965047836303711
training loss = 2.7020225524902344
training loss = 2.452707290649414
training loss = 2.217411994934082
training loss = 1.9962562322616577
training loss = 1.789232850074768
training loss = 1.596268892288208
training loss = 1.417259931564331
rep 1 done out of 1
reduced chi^2 level 2 = 1.4155381917953491
Constrained alpha: 2.2740366458892822
Constrained beta: 3.738234043121338
Constrained gamma: 48.221553802490234
(1, 6)
(1, 0)
Thanks for using LHAPDF 6.5.4. Please make sure to cite the paper:
  Eur.Phys.J. C75 (2015) 3, 132  (http://arxiv.org/abs/1412.7420)
