LHAPDF 6.5.4 loading /data/theorie/jjohn/miniconda3/envs/nnpdf_dev/share/LHAPDF/FASERv_EPOS+POWHEG_7TeV/FASERv_EPOS+POWHEG_7TeV_0000.dat
FASERv_EPOS+POWHEG_7TeV PDF set, member #0, version 1; LHAPDF ID = 70001000
LHAPDF 6.5.4 loading /data/theorie/jjohn/miniconda3/envs/nnpdf_dev/share/LHAPDF/FASERv_EPOS+POWHEG_7TeV/FASERv_EPOS+POWHEG_7TeV_0000.dat
FASERv_EPOS+POWHEG_7TeV PDF set, member #0, version 1; LHAPDF ID = 70001000
0.2910204745874062 12.476165529419614 50.54079979636741
val isze = 0
idinces = [3 5 4 1 0 2]
training loss = 13.166784286499023
training loss = 11.21922492980957
training loss = 9.38775634765625
training loss = 7.536644458770752
training loss = 5.818160533905029
training loss = 4.318005561828613
training loss = 3.042095184326172
training loss = 1.948877215385437
training loss = 1.071354627609253
training loss = 0.4945221543312073
training loss = 0.40133219957351685
training loss = 0.37465447187423706
training loss = 0.3440837860107422
training loss = 0.3084637522697449
training loss = 0.2676572799682617
training loss = 0.22249367833137512
training loss = 0.17533400654792786
training loss = 0.1301267445087433
training loss = 0.09133272618055344
training loss = 0.06194474175572395
rep 1 done out of 1
reduced chi^2 level 2 = 0.06170134246349335
Constrained alpha: 2.3089582920074463
Constrained beta: 7.925806522369385
Constrained gamma: 46.803096771240234
(1, 6)
(1, 0)
Thanks for using LHAPDF 6.5.4. Please make sure to cite the paper:
  Eur.Phys.J. C75 (2015) 3, 132  (http://arxiv.org/abs/1412.7420)
