LHAPDF 6.5.4 loading /data/theorie/jjohn/miniconda3/envs/nnpdf_dev/share/LHAPDF/FASERv_EPOS+POWHEG_7TeV/FASERv_EPOS+POWHEG_7TeV_0000.dat
FASERv_EPOS+POWHEG_7TeV PDF set, member #0, version 1; LHAPDF ID = 70001000
LHAPDF 6.5.4 loading /data/theorie/jjohn/miniconda3/envs/nnpdf_dev/share/LHAPDF/FASERv_EPOS+POWHEG_7TeV/FASERv_EPOS+POWHEG_7TeV_0000.dat
FASERv_EPOS+POWHEG_7TeV PDF set, member #0, version 1; LHAPDF ID = 70001000
1.7338457165606946 5.8088266310727255 1.4595212845268213
val isze = 0
idinces = [3 5 4 1 0 2]
training loss = 2.1589255332946777
training loss = 1.5998111963272095
training loss = 1.2167448997497559
training loss = 0.9052392244338989
training loss = 0.6792033910751343
training loss = 0.529325008392334
training loss = 0.43744146823883057
training loss = 0.38508039712905884
training loss = 0.3572976887226105
training loss = 0.34357979893684387
training loss = 0.337263286113739
training loss = 0.3345341980457306
training loss = 0.33340126276016235
training loss = 0.33292895555496216
training loss = 0.3327052593231201
training loss = 0.3325708508491516
training loss = 0.3324591815471649
training loss = 0.33234867453575134
training loss = 0.3322262763977051
training loss = 0.33208343386650085
rep 1 done out of 1
reduced chi^2 level 2 = 0.33208155632019043
Constrained alpha: 2.166106700897217
Constrained beta: 5.244049549102783
Constrained gamma: 2.723132848739624
(1, 6)
(1, 0)
Thanks for using LHAPDF 6.5.4. Please make sure to cite the paper:
  Eur.Phys.J. C75 (2015) 3, 132  (http://arxiv.org/abs/1412.7420)
