LHAPDF 6.5.4 loading /data/theorie/jjohn/miniconda3/envs/nnpdf_dev/share/LHAPDF/FASERv_EPOS+POWHEG_7TeV/FASERv_EPOS+POWHEG_7TeV_0000.dat
FASERv_EPOS+POWHEG_7TeV PDF set, member #0, version 1; LHAPDF ID = 70001000
LHAPDF 6.5.4 loading /data/theorie/jjohn/miniconda3/envs/nnpdf_dev/share/LHAPDF/FASERv_EPOS+POWHEG_7TeV/FASERv_EPOS+POWHEG_7TeV_0000.dat
FASERv_EPOS+POWHEG_7TeV PDF set, member #0, version 1; LHAPDF ID = 70001000
0.935987626982312 12.070697882691162 83.6672546403078
val isze = 0
idinces = [3 5 4 1 0 2]
training loss = 14.557835578918457
training loss = 12.528509140014648
training loss = 10.236225128173828
training loss = 7.944478511810303
training loss = 5.787830352783203
training loss = 3.744968891143799
training loss = 1.680243730545044
training loss = 0.5347087383270264
training loss = 0.4388996958732605
training loss = 0.4164676368236542
training loss = 0.40951231122016907
training loss = 0.40679818391799927
training loss = 0.40493255853652954
training loss = 0.40311041474342346
training loss = 0.40118208527565
training loss = 0.39910751581192017
training loss = 0.3968849182128906
training loss = 0.3955767750740051
training loss = 0.39298105239868164
training loss = 0.4007495045661926
rep 1 done out of 1
reduced chi^2 level 2 = 0.3987336754798889
Constrained alpha: 2.0876567363739014
Constrained beta: 7.538068771362305
Constrained gamma: 74.70987701416016
(1, 6)
(1, 0)
Thanks for using LHAPDF 6.5.4. Please make sure to cite the paper:
  Eur.Phys.J. C75 (2015) 3, 132  (http://arxiv.org/abs/1412.7420)
