LHAPDF 6.5.4 loading /data/theorie/jjohn/miniconda3/envs/nnpdf_dev/share/LHAPDF/FASERv_EPOS+POWHEG_7TeV/FASERv_EPOS+POWHEG_7TeV_0000.dat
FASERv_EPOS+POWHEG_7TeV PDF set, member #0, version 1; LHAPDF ID = 70001000
LHAPDF 6.5.4 loading /data/theorie/jjohn/miniconda3/envs/nnpdf_dev/share/LHAPDF/FASERv_EPOS+POWHEG_7TeV/FASERv_EPOS+POWHEG_7TeV_0000.dat
FASERv_EPOS+POWHEG_7TeV PDF set, member #0, version 1; LHAPDF ID = 70001000
4.124508931230831 19.279776467867997 30.483569802204467
val isze = 0
idinces = [4 5 3 0 1 2]
training loss = 2852.343017578125
training loss = 597.9652099609375
training loss = 588.3096923828125
training loss = 586.9332275390625
training loss = 586.0692138671875
training loss = 584.9888916015625
training loss = 583.5064086914062
training loss = 581.395263671875
training loss = 578.2418212890625
training loss = 573.22509765625
training loss = 564.6273193359375
training loss = 549.0174560546875
training loss = 522.6884765625
training loss = 492.89788818359375
training loss = 475.08636474609375
training loss = 468.30010986328125
training loss = 465.98187255859375
training loss = 465.099853515625
training loss = 464.65765380859375
training loss = 464.3423156738281
(1, 6)
(1, 0)
Thanks for using LHAPDF 6.5.4. Please make sure to cite the paper:
  Eur.Phys.J. C75 (2015) 3, 132  (http://arxiv.org/abs/1412.7420)
