LHAPDF 6.5.4 loading /data/theorie/jjohn/miniconda3/envs/nnpdf_dev/share/LHAPDF/FASERv_EPOS+POWHEG_7TeV/FASERv_EPOS+POWHEG_7TeV_0000.dat
FASERv_EPOS+POWHEG_7TeV PDF set, member #0, version 1; LHAPDF ID = 70001000
LHAPDF 6.5.4 loading /data/theorie/jjohn/miniconda3/envs/nnpdf_dev/share/LHAPDF/FASERv_EPOS+POWHEG_7TeV/FASERv_EPOS+POWHEG_7TeV_0000.dat
FASERv_EPOS+POWHEG_7TeV PDF set, member #0, version 1; LHAPDF ID = 70001000
4.5472824417079805 12.022968499805266 67.0154395347612
val isze = 0
idinces = [3 5 4 1 0 2]
training loss = 21092.21875
training loss = 15045.2490234375
training loss = 10615.96875
training loss = 7637.05224609375
training loss = 5655.1826171875
training loss = 4313.9951171875
training loss = 3384.392822265625
training loss = 2723.073486328125
training loss = 2242.20458984375
training loss = 1884.3492431640625
training loss = 1613.0484619140625
training loss = 1403.978271484375
training loss = 1240.740234375
training loss = 1111.6363525390625
training loss = 1008.227783203125
training loss = 924.5994262695312
training loss = 856.3887939453125
training loss = 800.3319702148438
training loss = 753.958251953125
training loss = 715.368408203125
(1, 6)
(1, 0)
Thanks for using LHAPDF 6.5.4. Please make sure to cite the paper:
  Eur.Phys.J. C75 (2015) 3, 132  (http://arxiv.org/abs/1412.7420)
