LHAPDF 6.5.4 loading /data/theorie/jjohn/miniconda3/envs/nnpdf_dev/share/LHAPDF/FASERv_EPOS+POWHEG_7TeV/FASERv_EPOS+POWHEG_7TeV_0000.dat
FASERv_EPOS+POWHEG_7TeV PDF set, member #0, version 1; LHAPDF ID = 70001000
LHAPDF 6.5.4 loading /data/theorie/jjohn/miniconda3/envs/nnpdf_dev/share/LHAPDF/FASERv_EPOS+POWHEG_7TeV/FASERv_EPOS+POWHEG_7TeV_0000.dat
FASERv_EPOS+POWHEG_7TeV PDF set, member #0, version 1; LHAPDF ID = 70001000
4.622359607507155 15.90793050799622 52.30846275798463
val isze = 0
idinces = [3 5 4 1 0 2]
training loss = 253959.59375
training loss = 103195.59375
training loss = 51521.625
training loss = 29899.4609375
training loss = 19206.689453125
training loss = 13246.783203125
training loss = 9625.0966796875
training loss = 7277.26123046875
training loss = 5678.2421875
training loss = 4545.6630859375
training loss = 3717.5595703125
training loss = 3095.8515625
training loss = 2619.916015625
training loss = 2248.01318359375
training loss = 1952.889892578125
training loss = 1715.546142578125
training loss = 1522.4425048828125
training loss = 1363.92626953125
training loss = 1232.650390625
training loss = 1122.8516845703125
(1, 6)
(1, 0)
Thanks for using LHAPDF 6.5.4. Please make sure to cite the paper:
  Eur.Phys.J. C75 (2015) 3, 132  (http://arxiv.org/abs/1412.7420)
