LHAPDF 6.5.4 loading /data/theorie/jjohn/miniconda3/envs/nnpdf_dev/share/LHAPDF/FASERv_EPOS+POWHEG_7TeV/FASERv_EPOS+POWHEG_7TeV_0000.dat
FASERv_EPOS+POWHEG_7TeV PDF set, member #0, version 1; LHAPDF ID = 70001000
LHAPDF 6.5.4 loading /data/theorie/jjohn/miniconda3/envs/nnpdf_dev/share/LHAPDF/FASERv_EPOS+POWHEG_7TeV/FASERv_EPOS+POWHEG_7TeV_0000.dat
FASERv_EPOS+POWHEG_7TeV PDF set, member #0, version 1; LHAPDF ID = 70001000
4.70174179566923 9.971085467293083 64.1942456064774
val isze = 0
idinces = [3 5 4 1 0 2]
training loss = 3712218.5
training loss = 1685552.125
training loss = 831636.125
training loss = 457901.5625
training loss = 276774.40625
training loss = 179979.421875
training loss = 123856.3203125
training loss = 89095.5234375
training loss = 66385.3828125
training loss = 50891.66796875
training loss = 39936.00390625
training loss = 31953.08203125
training loss = 25988.375
training loss = 21433.94140625
training loss = 17894.740234375
training loss = 15096.59375
training loss = 12856.4970703125
training loss = 11037.8740234375
training loss = 9547.42578125
training loss = 8314.1220703125
(1, 6)
(1, 0)
Thanks for using LHAPDF 6.5.4. Please make sure to cite the paper:
  Eur.Phys.J. C75 (2015) 3, 132  (http://arxiv.org/abs/1412.7420)
