LHAPDF 6.5.4 loading /data/theorie/jjohn/miniconda3/envs/nnpdf_dev/share/LHAPDF/FASERv_EPOS+POWHEG_7TeV/FASERv_EPOS+POWHEG_7TeV_0000.dat
FASERv_EPOS+POWHEG_7TeV PDF set, member #0, version 1; LHAPDF ID = 70001000
LHAPDF 6.5.4 loading /data/theorie/jjohn/miniconda3/envs/nnpdf_dev/share/LHAPDF/FASERv_EPOS+POWHEG_7TeV/FASERv_EPOS+POWHEG_7TeV_0000.dat
FASERv_EPOS+POWHEG_7TeV PDF set, member #0, version 1; LHAPDF ID = 70001000
2.8193372502620346 1.071557001632617 26.59558288421213
val isze = 0
idinces = [3 5 4 1 0 2]
training loss = 5.744672775268555
training loss = 4.269113540649414
training loss = 4.167361736297607
training loss = 4.074699878692627
training loss = 3.9763355255126953
training loss = 3.8750667572021484
training loss = 3.7729604244232178
training loss = 3.6716020107269287
training loss = 3.572200298309326
training loss = 3.475675582885742
training loss = 3.3826916217803955
training loss = 3.2935914993286133
training loss = 3.2082343101501465
training loss = 3.125654697418213
training loss = 3.043037176132202
training loss = 2.952683210372925
training loss = 2.8252081871032715
training loss = 2.4703879356384277
training loss = 0.6664246916770935
training loss = 0.10213947296142578
rep 1 done out of 1
reduced chi^2 level 2 = 0.10153400897979736
Constrained alpha: 2.4057257175445557
Constrained beta: 1.8254132270812988
Constrained gamma: 26.907529830932617
(1, 6)
(1, 0)
Thanks for using LHAPDF 6.5.4. Please make sure to cite the paper:
  Eur.Phys.J. C75 (2015) 3, 132  (http://arxiv.org/abs/1412.7420)
