LHAPDF 6.5.4 loading /data/theorie/jjohn/miniconda3/envs/nnpdf_dev/share/LHAPDF/FASERv_EPOS+POWHEG_7TeV/FASERv_EPOS+POWHEG_7TeV_0000.dat
FASERv_EPOS+POWHEG_7TeV PDF set, member #0, version 1; LHAPDF ID = 70001000
LHAPDF 6.5.4 loading /data/theorie/jjohn/miniconda3/envs/nnpdf_dev/share/LHAPDF/FASERv_EPOS+POWHEG_7TeV/FASERv_EPOS+POWHEG_7TeV_0000.dat
FASERv_EPOS+POWHEG_7TeV PDF set, member #0, version 1; LHAPDF ID = 70001000
1.3130384987539356 14.511270950515486 77.4199950873712
val isze = 0
idinces = [3 5 4 1 0 2]
training loss = 32.87397384643555
training loss = 26.83161163330078
training loss = 19.97454833984375
training loss = 10.621341705322266
training loss = 2.7388923168182373
training loss = 2.571552276611328
training loss = 2.367123603820801
training loss = 2.055572986602783
training loss = 1.5954021215438843
training loss = 1.0716713666915894
training loss = 0.6321820616722107
training loss = 0.30390864610671997
training loss = 0.1011461615562439
training loss = 0.023617368191480637
training loss = 0.004762158263474703
training loss = 0.0009695840417407453
training loss = 0.0009867986664175987
training loss = 0.00014256217400543392
training loss = 0.050962187349796295
training loss = 8.899428212316707e-05
rep 1 done out of 1
reduced chi^2 level 2 = 8.72719829203561e-05
Constrained alpha: 2.3709235191345215
Constrained beta: 11.369694709777832
Constrained gamma: 65.99507141113281
(1, 6)
(1, 0)
Thanks for using LHAPDF 6.5.4. Please make sure to cite the paper:
  Eur.Phys.J. C75 (2015) 3, 132  (http://arxiv.org/abs/1412.7420)
