LHAPDF 6.5.4 loading /data/theorie/jjohn/miniconda3/envs/nnpdf_dev/share/LHAPDF/FASERv_EPOS+POWHEG_7TeV/FASERv_EPOS+POWHEG_7TeV_0000.dat
FASERv_EPOS+POWHEG_7TeV PDF set, member #0, version 1; LHAPDF ID = 70001000
LHAPDF 6.5.4 loading /data/theorie/jjohn/miniconda3/envs/nnpdf_dev/share/LHAPDF/FASERv_EPOS+POWHEG_7TeV/FASERv_EPOS+POWHEG_7TeV_0000.dat
FASERv_EPOS+POWHEG_7TeV PDF set, member #0, version 1; LHAPDF ID = 70001000
0.9286211051609644 19.642836031300973 4.782546995180537
val isze = 0
idinces = [3 5 4 1 0 2]
training loss = 52.574222564697266
training loss = 21.08138656616211
training loss = 17.166072845458984
training loss = 13.055089950561523
training loss = 9.111045837402344
training loss = 5.677344799041748
training loss = 2.976940393447876
training loss = 1.1880186796188354
training loss = 0.3323211371898651
training loss = 0.10493423044681549
training loss = 0.08391821384429932
training loss = 0.08054359257221222
training loss = 0.07791142910718918
training loss = 0.07535859942436218
training loss = 0.0728621706366539
training loss = 0.0704323947429657
training loss = 0.06807801127433777
training loss = 0.0658102035522461
training loss = 0.06363360583782196
training loss = 0.06155403330922127
rep 1 done out of 1
reduced chi^2 level 2 = 0.061533503234386444
Constrained alpha: 2.2211055755615234
Constrained beta: 8.967967987060547
Constrained gamma: 5.858362674713135
(1, 6)
(1, 0)
Thanks for using LHAPDF 6.5.4. Please make sure to cite the paper:
  Eur.Phys.J. C75 (2015) 3, 132  (http://arxiv.org/abs/1412.7420)
