LHAPDF 6.5.4 loading /data/theorie/jjohn/miniconda3/envs/nnpdf_dev/share/LHAPDF/FASERv_EPOS+POWHEG_7TeV/FASERv_EPOS+POWHEG_7TeV_0000.dat
FASERv_EPOS+POWHEG_7TeV PDF set, member #0, version 1; LHAPDF ID = 70001000
LHAPDF 6.5.4 loading /data/theorie/jjohn/miniconda3/envs/nnpdf_dev/share/LHAPDF/FASERv_EPOS+POWHEG_7TeV/FASERv_EPOS+POWHEG_7TeV_0000.dat
FASERv_EPOS+POWHEG_7TeV PDF set, member #0, version 1; LHAPDF ID = 70001000
1.0903961471764834 5.359774677768847 59.84723756717052
val isze = 0
idinces = [3 5 4 1 0 2]
training loss = 5.226531028747559
training loss = 5.014917850494385
training loss = 4.855528831481934
training loss = 4.694527626037598
training loss = 4.544079303741455
training loss = 4.411443710327148
training loss = 4.299919128417969
training loss = 4.209815979003906
training loss = 4.139242172241211
training loss = 4.08480978012085
training loss = 4.042176723480225
training loss = 4.006120681762695
training loss = 3.970036506652832
training loss = 3.924107074737549
training loss = 3.8518123626708984
training loss = 3.733241081237793
training loss = 3.606595039367676
training loss = 3.56040620803833
training loss = 3.5463905334472656
training loss = 3.538276195526123
rep 1 done out of 1
reduced chi^2 level 2 = 3.538207530975342
Constrained alpha: 2.1888089179992676
Constrained beta: 4.427000045776367
Constrained gamma: 54.879390716552734
(1, 6)
(1, 0)
Thanks for using LHAPDF 6.5.4. Please make sure to cite the paper:
  Eur.Phys.J. C75 (2015) 3, 132  (http://arxiv.org/abs/1412.7420)
