LHAPDF 6.5.4 loading /data/theorie/jjohn/miniconda3/envs/nnpdf_dev/share/LHAPDF/FASERv_EPOS+POWHEG_7TeV/FASERv_EPOS+POWHEG_7TeV_0000.dat
FASERv_EPOS+POWHEG_7TeV PDF set, member #0, version 1; LHAPDF ID = 70001000
LHAPDF 6.5.4 loading /data/theorie/jjohn/miniconda3/envs/nnpdf_dev/share/LHAPDF/FASERv_EPOS+POWHEG_7TeV/FASERv_EPOS+POWHEG_7TeV_0000.dat
FASERv_EPOS+POWHEG_7TeV PDF set, member #0, version 1; LHAPDF ID = 70001000
0.3743897619643499 16.01913956902178 61.99074104627766
val isze = 0
idinces = [3 5 4 1 0 2]
training loss = 25.597885131835938
training loss = 22.090757369995117
training loss = 18.674243927001953
training loss = 15.035737037658691
training loss = 11.456851959228516
training loss = 8.074481964111328
training loss = 4.676809787750244
training loss = 0.9101467728614807
training loss = 0.06893348693847656
training loss = 0.014107560738921165
training loss = 0.0029697369318455458
training loss = 0.0013470819685608149
training loss = 0.001170835574157536
training loss = 0.001147670322097838
training loss = 0.0011307403910905123
training loss = 0.010966718196868896
training loss = 0.0010356876300647855
training loss = 0.0014838436618447304
training loss = 0.0010131588205695152
training loss = 0.0009139488101936877
rep 1 done out of 1
reduced chi^2 level 2 = 0.0009138395544141531
Constrained alpha: 2.0121593475341797
Constrained beta: 9.326268196105957
Constrained gamma: 57.55931091308594
(1, 6)
(1, 0)
Thanks for using LHAPDF 6.5.4. Please make sure to cite the paper:
  Eur.Phys.J. C75 (2015) 3, 132  (http://arxiv.org/abs/1412.7420)
