LHAPDF 6.5.4 loading /data/theorie/jjohn/miniconda3/envs/nnpdf_dev/share/LHAPDF/FASERv_EPOS+POWHEG_7TeV/FASERv_EPOS+POWHEG_7TeV_0000.dat
FASERv_EPOS+POWHEG_7TeV PDF set, member #0, version 1; LHAPDF ID = 70001000
LHAPDF 6.5.4 loading /data/theorie/jjohn/miniconda3/envs/nnpdf_dev/share/LHAPDF/FASERv_EPOS+POWHEG_7TeV/FASERv_EPOS+POWHEG_7TeV_0000.dat
FASERv_EPOS+POWHEG_7TeV PDF set, member #0, version 1; LHAPDF ID = 70001000
1.6111932957156023 13.780553035804266 57.662292614009814
val isze = 0
idinces = [3 5 4 1 0 2]
training loss = 18.603897094726562
training loss = 13.558395385742188
training loss = 9.029214859008789
training loss = 4.215916633605957
training loss = 1.0091965198516846
training loss = 0.44443970918655396
training loss = 0.38011741638183594
training loss = 0.32850828766822815
training loss = 0.28147411346435547
training loss = 0.23881947994232178
training loss = 0.19976842403411865
training loss = 0.16356542706489563
training loss = 0.1294042468070984
training loss = 0.09625455737113953
training loss = 0.06350088864564896
training loss = 0.03348851948976517
training loss = 0.012821601703763008
training loss = 0.003857382107526064
training loss = 0.0012245674151927233
training loss = 0.0005534270312637091
rep 1 done out of 1
reduced chi^2 level 2 = 0.0005501574487425387
Constrained alpha: 2.280141592025757
Constrained beta: 9.423169136047363
Constrained gamma: 51.818443298339844
(1, 6)
(1, 0)
Thanks for using LHAPDF 6.5.4. Please make sure to cite the paper:
  Eur.Phys.J. C75 (2015) 3, 132  (http://arxiv.org/abs/1412.7420)
