LHAPDF 6.5.4 loading /data/theorie/jjohn/miniconda3/envs/nnpdf_dev/share/LHAPDF/FASERv_EPOS+POWHEG_7TeV/FASERv_EPOS+POWHEG_7TeV_0000.dat
FASERv_EPOS+POWHEG_7TeV PDF set, member #0, version 1; LHAPDF ID = 70001000
LHAPDF 6.5.4 loading /data/theorie/jjohn/miniconda3/envs/nnpdf_dev/share/LHAPDF/FASERv_EPOS+POWHEG_7TeV/FASERv_EPOS+POWHEG_7TeV_0000.dat
FASERv_EPOS+POWHEG_7TeV PDF set, member #0, version 1; LHAPDF ID = 70001000
2.3195643398438275 19.216552804503873 76.07684138181443
val isze = 0
idinces = [4 1 3 2 5 0]
training loss = 5.263378143310547
training loss = 3.2955381870269775
training loss = 1.1974971294403076
training loss = 0.08000601828098297
training loss = 0.08706718683242798
training loss = 0.005295825656503439
training loss = 0.05557160824537277
training loss = 0.002475221874192357
training loss = 0.003102250397205353
training loss = 0.0022322777658700943
training loss = 0.0021399129182100296
training loss = 0.002109167631715536
training loss = 0.0022230129688978195
training loss = 0.0019679488614201546
training loss = 0.11754323542118073
training loss = 0.0017913940828293562
training loss = 0.0017782128416001797
training loss = 0.004095661919564009
training loss = 0.0015836431412026286
training loss = 0.001997182611376047
rep 1 done out of 1
reduced chi^2 level 2 = 0.00226890342310071
Constrained alpha: 1.9012576341629028
Constrained beta: 14.951349258422852
Constrained gamma: 56.10267639160156
(1, 6)
(1, 0)
Thanks for using LHAPDF 6.5.4. Please make sure to cite the paper:
  Eur.Phys.J. C75 (2015) 3, 132  (http://arxiv.org/abs/1412.7420)
