LHAPDF 6.5.4 loading /data/theorie/jjohn/miniconda3/envs/nnpdf_dev/share/LHAPDF/FASERv_EPOS+POWHEG_7TeV/FASERv_EPOS+POWHEG_7TeV_0000.dat
FASERv_EPOS+POWHEG_7TeV PDF set, member #0, version 1; LHAPDF ID = 70001000
LHAPDF 6.5.4 loading /data/theorie/jjohn/miniconda3/envs/nnpdf_dev/share/LHAPDF/FASERv_EPOS+POWHEG_7TeV/FASERv_EPOS+POWHEG_7TeV_0000.dat
FASERv_EPOS+POWHEG_7TeV PDF set, member #0, version 1; LHAPDF ID = 70001000
4.153849364158734 8.085385959655056 74.65020303917105
val isze = 0
idinces = [3 5 4 1 0 2]
training loss = 861.8792724609375
training loss = 753.084716796875
training loss = 655.6292724609375
training loss = 578.3894653320312
training loss = 520.6951293945312
training loss = 478.71051025390625
training loss = 448.43487548828125
training loss = 426.5904846191406
training loss = 410.7259521484375
training loss = 399.0683288574219
training loss = 390.3678283691406
training loss = 383.729736328125
training loss = 378.5253601074219
training loss = 374.30401611328125
training loss = 370.74945068359375
training loss = 367.6240539550781
training loss = 364.762939453125
training loss = 362.0500183105469
training loss = 359.39434814453125
training loss = 356.734619140625
(1, 6)
(1, 0)
Thanks for using LHAPDF 6.5.4. Please make sure to cite the paper:
  Eur.Phys.J. C75 (2015) 3, 132  (http://arxiv.org/abs/1412.7420)
