LHAPDF 6.5.4 loading /data/theorie/jjohn/miniconda3/envs/nnpdf_dev/share/LHAPDF/FASERv_EPOS+POWHEG_7TeV/FASERv_EPOS+POWHEG_7TeV_0000.dat
FASERv_EPOS+POWHEG_7TeV PDF set, member #0, version 1; LHAPDF ID = 70001000
LHAPDF 6.5.4 loading /data/theorie/jjohn/miniconda3/envs/nnpdf_dev/share/LHAPDF/FASERv_EPOS+POWHEG_7TeV/FASERv_EPOS+POWHEG_7TeV_0000.dat
FASERv_EPOS+POWHEG_7TeV PDF set, member #0, version 1; LHAPDF ID = 70001000
4.042485176692687 2.621522869583577 56.186674905495636
val isze = 0
idinces = [3 5 4 1 0 2]
training loss = 4806.126953125
training loss = 1628.4615478515625
training loss = 775.875732421875
training loss = 491.7298278808594
training loss = 378.8548583984375
training loss = 328.45635986328125
training loss = 304.123291015625
training loss = 291.689697265625
training loss = 285.0113220214844
training loss = 281.21392822265625
training loss = 278.87689208984375
training loss = 277.27239990234375
training loss = 276.02740478515625
training loss = 274.9451904296875
training loss = 273.928466796875
training loss = 272.9296569824219
training loss = 271.92694091796875
training loss = 270.91119384765625
training loss = 269.8788146972656
training loss = 268.828857421875
(1, 6)
(1, 0)
Thanks for using LHAPDF 6.5.4. Please make sure to cite the paper:
  Eur.Phys.J. C75 (2015) 3, 132  (http://arxiv.org/abs/1412.7420)
