LHAPDF 6.5.4 loading /data/theorie/jjohn/miniconda3/envs/nnpdf_dev/share/LHAPDF/FASERv_EPOS+POWHEG_7TeV/FASERv_EPOS+POWHEG_7TeV_0000.dat
FASERv_EPOS+POWHEG_7TeV PDF set, member #0, version 1; LHAPDF ID = 70001000
LHAPDF 6.5.4 loading /data/theorie/jjohn/miniconda3/envs/nnpdf_dev/share/LHAPDF/FASERv_EPOS+POWHEG_7TeV/FASERv_EPOS+POWHEG_7TeV_0000.dat
FASERv_EPOS+POWHEG_7TeV PDF set, member #0, version 1; LHAPDF ID = 70001000
1.5154314185699957 2.5906880393110843 2.570062532278594
val isze = 0
idinces = [3 5 4 1 0 2]
training loss = 14.90649127960205
training loss = 12.674027442932129
training loss = 10.285579681396484
training loss = 7.986595153808594
training loss = 5.967936992645264
training loss = 4.335718631744385
training loss = 3.1240620613098145
training loss = 2.3014776706695557
training loss = 1.7899935245513916
training loss = 1.4966120719909668
training loss = 1.3398351669311523
training loss = 1.2608916759490967
training loss = 1.2228420972824097
training loss = 1.2047830820083618
training loss = 1.195873498916626
training loss = 1.1909141540527344
training loss = 1.1875810623168945
training loss = 1.1848946809768677
training loss = 1.1824603080749512
training loss = 1.1801321506500244
rep 1 done out of 1
reduced chi^2 level 2 = 1.1801087856292725
Constrained alpha: 1.7507907152175903
Constrained beta: 6.758728981018066
Constrained gamma: 3.6787867546081543
(1, 6)
(1, 0)
Thanks for using LHAPDF 6.5.4. Please make sure to cite the paper:
  Eur.Phys.J. C75 (2015) 3, 132  (http://arxiv.org/abs/1412.7420)
