LHAPDF 6.5.4 loading /data/theorie/jjohn/miniconda3/envs/nnpdf_dev/share/LHAPDF/FASERv_EPOS+POWHEG_7TeV/FASERv_EPOS+POWHEG_7TeV_0000.dat
FASERv_EPOS+POWHEG_7TeV PDF set, member #0, version 1; LHAPDF ID = 70001000
LHAPDF 6.5.4 loading /data/theorie/jjohn/miniconda3/envs/nnpdf_dev/share/LHAPDF/FASERv_EPOS+POWHEG_7TeV/FASERv_EPOS+POWHEG_7TeV_0000.dat
FASERv_EPOS+POWHEG_7TeV PDF set, member #0, version 1; LHAPDF ID = 70001000
0.23350593520524154 3.3450156194797165 61.28357211937343
val isze = 0
idinces = [3 5 4 1 0 2]
training loss = 6.670956134796143
training loss = 5.560842514038086
training loss = 4.965573310852051
training loss = 4.363833427429199
training loss = 3.7992353439331055
training loss = 3.2971737384796143
training loss = 2.8693642616271973
training loss = 2.517695426940918
training loss = 2.2374072074890137
training loss = 2.0197410583496094
training loss = 1.8536772727966309
training loss = 1.7267072200775146
training loss = 1.6219748258590698
training loss = 1.4608216285705566
training loss = 0.7129814028739929
training loss = 0.6826284527778625
training loss = 0.6766754388809204
training loss = 0.6723192930221558
training loss = 0.6775187253952026
training loss = 0.6645510196685791
rep 1 done out of 1
reduced chi^2 level 2 = 0.6645067930221558
Constrained alpha: 1.9431054592132568
Constrained beta: 7.368306636810303
Constrained gamma: 53.002750396728516
(1, 6)
(1, 0)
Thanks for using LHAPDF 6.5.4. Please make sure to cite the paper:
  Eur.Phys.J. C75 (2015) 3, 132  (http://arxiv.org/abs/1412.7420)
