LHAPDF 6.5.4 loading /data/theorie/jjohn/miniconda3/envs/nnpdf_dev/share/LHAPDF/FASERv_EPOS+POWHEG_7TeV/FASERv_EPOS+POWHEG_7TeV_0000.dat
FASERv_EPOS+POWHEG_7TeV PDF set, member #0, version 1; LHAPDF ID = 70001000
LHAPDF 6.5.4 loading /data/theorie/jjohn/miniconda3/envs/nnpdf_dev/share/LHAPDF/FASERv_EPOS+POWHEG_7TeV/FASERv_EPOS+POWHEG_7TeV_0000.dat
FASERv_EPOS+POWHEG_7TeV PDF set, member #0, version 1; LHAPDF ID = 70001000
1.8838344808076073 8.077741480589356 94.26643528965437
val isze = 0
idinces = [4 5 3 0 1 2]
training loss = 11.975881576538086
training loss = 11.83983039855957
training loss = 11.61815357208252
training loss = 11.133649826049805
training loss = 9.402359008789062
training loss = 7.891331672668457
training loss = 7.657853603363037
training loss = 7.416815757751465
training loss = 7.075564384460449
training loss = 6.056879997253418
training loss = 2.7181756496429443
training loss = 0.47403937578201294
training loss = 0.07277550548315048
training loss = 0.0157197006046772
training loss = 0.0030868924222886562
training loss = 0.0011960880365222692
training loss = 0.018068578094244003
training loss = 0.0005313934525474906
training loss = 0.00040189072024077177
training loss = 0.0013345504412427545
rep 1 done out of 1
reduced chi^2 level 2 = 0.0004942455561831594
Constrained alpha: 1.3953559398651123
Constrained beta: 6.959287643432617
Constrained gamma: 82.02733612060547
(1, 6)
(1, 0)
Thanks for using LHAPDF 6.5.4. Please make sure to cite the paper:
  Eur.Phys.J. C75 (2015) 3, 132  (http://arxiv.org/abs/1412.7420)
