LHAPDF 6.5.4 loading /data/theorie/jjohn/miniconda3/envs/nnpdf_dev/share/LHAPDF/FASERv_EPOS+POWHEG_7TeV/FASERv_EPOS+POWHEG_7TeV_0000.dat
FASERv_EPOS+POWHEG_7TeV PDF set, member #0, version 1; LHAPDF ID = 70001000
LHAPDF 6.5.4 loading /data/theorie/jjohn/miniconda3/envs/nnpdf_dev/share/LHAPDF/FASERv_EPOS+POWHEG_7TeV/FASERv_EPOS+POWHEG_7TeV_0000.dat
FASERv_EPOS+POWHEG_7TeV PDF set, member #0, version 1; LHAPDF ID = 70001000
3.6260139140911454 15.64472695004463 21.829593382773805
val isze = 0
idinces = [3 5 4 1 0 2]
training loss = 333.0806579589844
training loss = 321.3087158203125
training loss = 319.648681640625
training loss = 317.98529052734375
training loss = 316.0643005371094
training loss = 313.76727294921875
training loss = 310.91571044921875
training loss = 307.2167663574219
training loss = 302.19696044921875
training loss = 295.0668029785156
training loss = 284.42864990234375
training loss = 267.6216735839844
training loss = 239.20071411132812
training loss = 193.73403930664062
training loss = 164.47726440429688
training loss = 155.96641540527344
training loss = 150.69180297851562
training loss = 145.8311004638672
training loss = 141.19168090820312
training loss = 136.68096923828125
(1, 6)
(1, 0)
Thanks for using LHAPDF 6.5.4. Please make sure to cite the paper:
  Eur.Phys.J. C75 (2015) 3, 132  (http://arxiv.org/abs/1412.7420)
