LHAPDF 6.5.4 loading /data/theorie/jjohn/miniconda3/envs/nnpdf_dev/share/LHAPDF/FASERv_EPOS+POWHEG_7TeV/FASERv_EPOS+POWHEG_7TeV_0000.dat
FASERv_EPOS+POWHEG_7TeV PDF set, member #0, version 1; LHAPDF ID = 70001000
LHAPDF 6.5.4 loading /data/theorie/jjohn/miniconda3/envs/nnpdf_dev/share/LHAPDF/FASERv_EPOS+POWHEG_7TeV/FASERv_EPOS+POWHEG_7TeV_0000.dat
FASERv_EPOS+POWHEG_7TeV PDF set, member #0, version 1; LHAPDF ID = 70001000
2.854106122239628 17.10806814316848 50.46656424388589
val isze = 0
idinces = [3 5 4 1 0 2]
training loss = 239.23716735839844
training loss = 111.49983215332031
training loss = 6.964839458465576
training loss = 5.492232322692871
training loss = 1.7995890378952026
training loss = 0.648059606552124
training loss = 0.6080329418182373
training loss = 0.5767595767974854
training loss = 0.5498805046081543
training loss = 0.5254423022270203
training loss = 0.5017044544219971
training loss = 0.48026835918426514
training loss = 0.4502910375595093
training loss = 0.4214904010295868
training loss = 0.38626641035079956
training loss = 0.3631839156150818
training loss = 0.3015063405036926
training loss = 0.25312158465385437
training loss = 0.19563575088977814
training loss = 0.12884166836738586
rep 1 done out of 1
reduced chi^2 level 2 = 0.12812931835651398
Constrained alpha: 1.9414902925491333
Constrained beta: 9.125558853149414
Constrained gamma: 48.87527847290039
(1, 6)
(1, 0)
Thanks for using LHAPDF 6.5.4. Please make sure to cite the paper:
  Eur.Phys.J. C75 (2015) 3, 132  (http://arxiv.org/abs/1412.7420)
