LHAPDF 6.5.4 loading /data/theorie/jjohn/miniconda3/envs/nnpdf_dev/share/LHAPDF/FASERv_EPOS+POWHEG_7TeV/FASERv_EPOS+POWHEG_7TeV_0000.dat
FASERv_EPOS+POWHEG_7TeV PDF set, member #0, version 1; LHAPDF ID = 70001000
LHAPDF 6.5.4 loading /data/theorie/jjohn/miniconda3/envs/nnpdf_dev/share/LHAPDF/FASERv_EPOS+POWHEG_7TeV/FASERv_EPOS+POWHEG_7TeV_0000.dat
FASERv_EPOS+POWHEG_7TeV PDF set, member #0, version 1; LHAPDF ID = 70001000
4.186590291546542 3.7384307905038794 59.64749573241873
val isze = 0
idinces = [4 1 3 2 5 0]
training loss = 2245.589599609375
training loss = 1620.0592041015625
training loss = 1196.8760986328125
training loss = 936.0562744140625
training loss = 777.2586669921875
training loss = 679.014404296875
training loss = 616.7340698242188
training loss = 576.2298583984375
training loss = 549.2236938476562
training loss = 530.7644653320312
training loss = 517.812255859375
training loss = 508.4710388183594
training loss = 501.49267578125
training loss = 496.072021484375
training loss = 491.66534423828125
training loss = 487.8908996582031
training loss = 484.4898986816406
training loss = 481.2798767089844
training loss = 478.1317443847656
training loss = 474.9474182128906
(1, 6)
(1, 0)
Thanks for using LHAPDF 6.5.4. Please make sure to cite the paper:
  Eur.Phys.J. C75 (2015) 3, 132  (http://arxiv.org/abs/1412.7420)
