LHAPDF 6.5.4 loading /data/theorie/jjohn/miniconda3/envs/nnpdf_dev/share/LHAPDF/FASERv_EPOS+POWHEG_7TeV/FASERv_EPOS+POWHEG_7TeV_0000.dat
FASERv_EPOS+POWHEG_7TeV PDF set, member #0, version 1; LHAPDF ID = 70001000
LHAPDF 6.5.4 loading /data/theorie/jjohn/miniconda3/envs/nnpdf_dev/share/LHAPDF/FASERv_EPOS+POWHEG_7TeV/FASERv_EPOS+POWHEG_7TeV_0000.dat
FASERv_EPOS+POWHEG_7TeV PDF set, member #0, version 1; LHAPDF ID = 70001000
4.7357709849565595 8.879566724181895 77.53835414582203
val isze = 0
idinces = [3 5 4 1 0 2]
training loss = 2258681.5
training loss = 787168.6875
training loss = 375427.375
training loss = 215168.40625
training loss = 138043.375
training loss = 95441.3671875
training loss = 69564.484375
training loss = 52723.41015625
training loss = 41182.2109375
training loss = 32941.4609375
training loss = 26859.83984375
training loss = 22251.408203125
training loss = 18686.171875
training loss = 15872.970703125
training loss = 13615.8876953125
training loss = 11780.0576171875
training loss = 10268.8037109375
training loss = 9011.609375
training loss = 7955.986328125
training loss = 7062.228515625
(1, 6)
(1, 0)
Thanks for using LHAPDF 6.5.4. Please make sure to cite the paper:
  Eur.Phys.J. C75 (2015) 3, 132  (http://arxiv.org/abs/1412.7420)
