LHAPDF 6.5.4 loading /data/theorie/jjohn/miniconda3/envs/nnpdf_dev/share/LHAPDF/FASERv_EPOS+POWHEG_7TeV/FASERv_EPOS+POWHEG_7TeV_0000.dat
FASERv_EPOS+POWHEG_7TeV PDF set, member #0, version 1; LHAPDF ID = 70001000
LHAPDF 6.5.4 loading /data/theorie/jjohn/miniconda3/envs/nnpdf_dev/share/LHAPDF/FASERv_EPOS+POWHEG_7TeV/FASERv_EPOS+POWHEG_7TeV_0000.dat
FASERv_EPOS+POWHEG_7TeV PDF set, member #0, version 1; LHAPDF ID = 70001000
1.3211901970036681 6.1672505300904295 1.4656383018994523
val isze = 0
idinces = [3 5 4 1 0 2]
training loss = 5.096479415893555
training loss = 4.731127738952637
training loss = 4.362665176391602
training loss = 4.031787395477295
training loss = 3.7620656490325928
training loss = 3.557955741882324
training loss = 3.412860155105591
training loss = 3.315247058868408
training loss = 3.2527270317077637
training loss = 3.214390754699707
training loss = 3.1916844844818115
training loss = 3.178471088409424
training loss = 3.1707091331481934
training loss = 3.165872097015381
training loss = 3.162494659423828
training loss = 3.1597490310668945
training loss = 3.1571943759918213
training loss = 3.1545591354370117
training loss = 3.151683807373047
training loss = 3.148402452468872
rep 1 done out of 1
reduced chi^2 level 2 = 3.148369789123535
Constrained alpha: 1.9044519662857056
Constrained beta: 7.540554523468018
Constrained gamma: 2.592283248901367
(1, 6)
(1, 0)
Thanks for using LHAPDF 6.5.4. Please make sure to cite the paper:
  Eur.Phys.J. C75 (2015) 3, 132  (http://arxiv.org/abs/1412.7420)
