LHAPDF 6.5.4 loading /data/theorie/jjohn/miniconda3/envs/nnpdf_dev/share/LHAPDF/FASERv_EPOS+POWHEG_7TeV/FASERv_EPOS+POWHEG_7TeV_0000.dat
FASERv_EPOS+POWHEG_7TeV PDF set, member #0, version 1; LHAPDF ID = 70001000
LHAPDF 6.5.4 loading /data/theorie/jjohn/miniconda3/envs/nnpdf_dev/share/LHAPDF/FASERv_EPOS+POWHEG_7TeV/FASERv_EPOS+POWHEG_7TeV_0000.dat
FASERv_EPOS+POWHEG_7TeV PDF set, member #0, version 1; LHAPDF ID = 70001000
2.203615112956892 12.88008364554676 24.834546441449177
val isze = 0
idinces = [3 5 4 1 0 2]
training loss = 10.941781997680664
training loss = 8.615911483764648
training loss = 4.957000732421875
training loss = 3.7074594497680664
training loss = 3.18721342086792
training loss = 2.5779032707214355
training loss = 2.2079849243164062
training loss = 1.8236713409423828
training loss = 1.50241219997406
training loss = 1.3052968978881836
training loss = 1.1626367568969727
training loss = 0.9103808999061584
training loss = 0.5999928712844849
training loss = 0.3809781074523926
training loss = 0.22397233545780182
training loss = 0.14335033297538757
training loss = 0.0663670152425766
training loss = 0.036893330514431
training loss = 0.01967087760567665
training loss = 0.011800644919276237
rep 1 done out of 1
reduced chi^2 level 2 = 0.011852089315652847
Constrained alpha: 1.5422426462173462
Constrained beta: 9.743998527526855
Constrained gamma: 24.302459716796875
(1, 6)
(1, 0)
Thanks for using LHAPDF 6.5.4. Please make sure to cite the paper:
  Eur.Phys.J. C75 (2015) 3, 132  (http://arxiv.org/abs/1412.7420)
