LHAPDF 6.5.4 loading /data/theorie/jjohn/miniconda3/envs/nnpdf_dev/share/LHAPDF/FASERv_EPOS+POWHEG_7TeV/FASERv_EPOS+POWHEG_7TeV_0000.dat
FASERv_EPOS+POWHEG_7TeV PDF set, member #0, version 1; LHAPDF ID = 70001000
LHAPDF 6.5.4 loading /data/theorie/jjohn/miniconda3/envs/nnpdf_dev/share/LHAPDF/FASERv_EPOS+POWHEG_7TeV/FASERv_EPOS+POWHEG_7TeV_0000.dat
FASERv_EPOS+POWHEG_7TeV PDF set, member #0, version 1; LHAPDF ID = 70001000
4.812669173028371 15.674816738897647 87.08074281497782
val isze = 0
idinces = [4 1 3 2 5 0]
training loss = 3069979.25
training loss = 1253684.5
training loss = 620463.125
training loss = 358769.3125
training loss = 231056.59375
training loss = 160373.484375
training loss = 117439.3828125
training loss = 89485.90625
training loss = 70283.3984375
training loss = 56529.81640625
training loss = 46346.34765625
training loss = 38591.50390625
training loss = 32554.705078125
training loss = 27767.251953125
training loss = 23903.787109375
training loss = 20742.9765625
training loss = 18128.0859375
training loss = 15944.771484375
training loss = 14100.6083984375
training loss = 12530.306640625
(1, 6)
(1, 0)
Thanks for using LHAPDF 6.5.4. Please make sure to cite the paper:
  Eur.Phys.J. C75 (2015) 3, 132  (http://arxiv.org/abs/1412.7420)
