data before
[ 0.00000000e+00  0.00000000e+00  0.00000000e+00  0.00000000e+00
  0.00000000e+00  0.00000000e+00  0.00000000e+00  0.00000000e+00
  0.00000000e+00  0.00000000e+00  2.48877310e-05  7.47631389e-04
  2.18234516e-02  1.91699577e-01  5.12937393e-01  9.43780682e-01
  1.56189578e+00  2.51692528e+00  3.67624880e+00  5.63534866e+00
  8.43017731e+00  1.14283292e+01  1.62298302e+01  2.43121628e+01
  2.74469542e+01  2.78409948e+01  2.79040311e+01  2.70292123e+01
  2.52070068e+01  2.20016679e+01  1.76629582e+01  1.27906567e+01
  8.15789484e+00  4.49907069e+00  2.03325559e+00  6.93542815e-01
  1.56041644e-01  3.16052534e-02 -8.77655367e-06  0.00000000e+00
  0.00000000e+00]
9
data after
[23.491609450001118, 27.65815944666594, 24.31216278621167, 27.446954207054972, 27.84099481357336, 27.904031083468794, 27.029212343204467, 25.207006754561217, 22.001667945056557, 46.02501703849734]
8
data,sig_tot
[23.49160945 27.65815945 24.31216279 27.44695421 27.84099481 27.90403108
 27.02921234 25.20700675 22.00166795 46.02501704 26.55578305 20.5462755
 21.54085061]
[23.49160945 27.65815945 24.31216279 27.44695421 27.84099481 27.90403108
 27.02921234 25.20700675 22.00166795 46.02501704 26.55578305 20.5462755
 21.54085061]
<<<<<<< HEAD
2.0610722914580935 12.569152920103136 20.527241011140628
val isze = 0
idinces = [ 3  7 11  6  8  2 12  5 10  1  0  4  9]
training loss = 0.05943071097135544 500
training loss = 0.007050262298434973 1000
reduced chi^2 level 2 = 0.006899439264088869
Constrained alpha: 2.350832939147949
Constrained beta: 6.904666423797607
Constrained gamma: 12.102249145507812
=======
3.154827738262735 9.938608943430733 70.17606371837634
val isze = 0
idinces = [11  0  9  7  2 10 12  5  3  1  4  6  8]
training loss = 2.6405982971191406 500
training loss = 1.3342478275299072 1000
training loss = 1.3251938819885254 1500
training loss = 1.3197077512741089 2000
training loss = 1.318924903869629 2500
reduced chi^2 level 2 = 1.3196629285812378
Constrained alpha: 2.6931471824645996
Constrained beta: 4.580484390258789
Constrained gamma: 23.451215744018555
>>>>>>> bf5bffb69ec4a318117f0a4aa6bdaab926d87e87
(1, 13)
(1, 0)
data before
[ 0.00000000e+00  0.00000000e+00  0.00000000e+00  0.00000000e+00
  0.00000000e+00  0.00000000e+00  0.00000000e+00  0.00000000e+00
  0.00000000e+00  0.00000000e+00  2.48877310e-05  7.47631389e-04
  2.18234516e-02  1.91699577e-01  5.12937393e-01  9.43780682e-01
  1.56189578e+00  2.51692528e+00  3.67624880e+00  5.63534866e+00
  8.43017731e+00  1.14283292e+01  1.62298302e+01  2.43121628e+01
  2.74469542e+01  2.78409948e+01  2.79040311e+01  2.70292123e+01
  2.52070068e+01  2.20016679e+01  1.76629582e+01  1.27906567e+01
  8.15789484e+00  4.49907069e+00  2.03325559e+00  6.93542815e-01
  1.56041644e-01  3.16052534e-02 -8.77655367e-06  0.00000000e+00
  0.00000000e+00]
9
data after
[23.491609450001118, 27.65815944666594, 24.31216278621167, 27.446954207054972, 27.84099481357336, 27.904031083468794, 27.029212343204467, 25.207006754561217, 22.001667945056557, 46.02501703849734]
8
data,sig_tot
[23.49160945 27.65815945 24.31216279 27.44695421 27.84099481 27.90403108
 27.02921234 25.20700675 22.00166795 46.02501704 26.55578305 20.5462755
 21.54085061]
[23.49160945 27.65815945 24.31216279 27.44695421 27.84099481 27.90403108
 27.02921234 25.20700675 22.00166795 46.02501704 26.55578305 20.5462755
 21.54085061]
<<<<<<< HEAD
4.143406631538383 0.9379263877849953 62.628714831139256
val isze = 0
idinces = [ 3  7 11  6  8  2 12  5 10  1  0  4  9]
training loss = 3.748790979385376 500
training loss = 2.633535146713257 1000
training loss = 2.02711820602417 1500
training loss = 1.5291115045547485 2000
training loss = 1.2098792791366577 2500
training loss = 1.0723596811294556 3000
training loss = 1.019444227218628 3500
training loss = 0.9743961095809937 4000
training loss = 0.9166234135627747 4500
training loss = 0.842703104019165 5000
training loss = 0.7518512606620789 5500
training loss = 0.6445243954658508 6000
training loss = 0.5239593386650085 6500
training loss = 0.39855843782424927 7000
reduced chi^2 level 2 = 0.3983114957809448
Constrained alpha: 3.686375617980957
Constrained beta: 1.6177196502685547
Constrained gamma: 61.85209274291992
=======
4.228436339796019 5.685456497666397 25.279040221594894
val isze = 0
idinces = [ 1  7  5  4  0  2  3  9 11 12 10  6  8]
training loss = 10.099417686462402 500
training loss = 9.764062881469727 1000
training loss = 9.18812370300293 1500
training loss = 7.7770771980285645 2000
training loss = 1.8634616136550903 2500
training loss = 1.7441112995147705 3000
training loss = 1.728455662727356 3500
training loss = 1.7244412899017334 4000
training loss = 1.7208192348480225 4500
training loss = 1.7171220779418945 5000
reduced chi^2 level 2 = 1.7171165943145752
Constrained alpha: 3.7215330600738525
Constrained beta: 4.397416114807129
Constrained gamma: 22.800283432006836
>>>>>>> bf5bffb69ec4a318117f0a4aa6bdaab926d87e87
(1, 13)
(1, 0)
data before
[ 0.00000000e+00  0.00000000e+00  0.00000000e+00  0.00000000e+00
  0.00000000e+00  0.00000000e+00  0.00000000e+00  0.00000000e+00
  0.00000000e+00  0.00000000e+00  2.48877310e-05  7.47631389e-04
  2.18234516e-02  1.91699577e-01  5.12937393e-01  9.43780682e-01
  1.56189578e+00  2.51692528e+00  3.67624880e+00  5.63534866e+00
  8.43017731e+00  1.14283292e+01  1.62298302e+01  2.43121628e+01
  2.74469542e+01  2.78409948e+01  2.79040311e+01  2.70292123e+01
  2.52070068e+01  2.20016679e+01  1.76629582e+01  1.27906567e+01
  8.15789484e+00  4.49907069e+00  2.03325559e+00  6.93542815e-01
  1.56041644e-01  3.16052534e-02 -8.77655367e-06  0.00000000e+00
  0.00000000e+00]
9
data after
[23.491609450001118, 27.65815944666594, 24.31216278621167, 27.446954207054972, 27.84099481357336, 27.904031083468794, 27.029212343204467, 25.207006754561217, 22.001667945056557, 46.02501703849734]
8
data,sig_tot
[23.49160945 27.65815945 24.31216279 27.44695421 27.84099481 27.90403108
 27.02921234 25.20700675 22.00166795 46.02501704 26.55578305 20.5462755
 21.54085061]
[23.49160945 27.65815945 24.31216279 27.44695421 27.84099481 27.90403108
 27.02921234 25.20700675 22.00166795 46.02501704 26.55578305 20.5462755
 21.54085061]
<<<<<<< HEAD
4.143406631538383 0.9379263877849953 62.628714831139256
val isze = 0
idinces = [ 3  7 11  6  8  2 12  5 10  1  0  4  9]
training loss = 7.292232990264893 500
training loss = 3.5495994091033936 1000
training loss = 2.8239011764526367 1500
training loss = 2.246488094329834 2000
training loss = 1.7818865776062012 2500
training loss = 1.4779787063598633 3000
training loss = 1.319527268409729 3500
training loss = 1.2520668506622314 4000
training loss = 1.2202441692352295 4500
training loss = 1.192607045173645 5000
training loss = 1.1570576429367065 5500
training loss = 1.1081925630569458 6000
training loss = 1.0418007373809814 6500
training loss = 0.9559754133224487 7000
reduced chi^2 level 2 = 0.95578533411026
Constrained alpha: 3.699464797973633
Constrained beta: 1.4239267110824585
Constrained gamma: 61.96932601928711
=======
2.413574521888266 2.076705870833757 46.33049108123098
val isze = 0
idinces = [ 4  1  7  3  9  0 11  2  5 10  8 12  6]
training loss = 3.150003671646118 500
training loss = 3.1345322132110596 1000
training loss = 3.1286563873291016 1500
training loss = 3.120802164077759 2000
training loss = 3.1103603839874268 2500
training loss = 3.1039013862609863 3000
training loss = 3.102696180343628 3500
training loss = 3.1026723384857178 4000
training loss = 3.10750675201416 4500
training loss = 3.102234363555908 5000
>>>>>>> bf5bffb69ec4a318117f0a4aa6bdaab926d87e87
(1, 13)
(1, 0)
data before
[ 0.00000000e+00  0.00000000e+00  0.00000000e+00  0.00000000e+00
  0.00000000e+00  0.00000000e+00  0.00000000e+00  0.00000000e+00
  0.00000000e+00  0.00000000e+00  2.48877310e-05  7.47631389e-04
  2.18234516e-02  1.91699577e-01  5.12937393e-01  9.43780682e-01
  1.56189578e+00  2.51692528e+00  3.67624880e+00  5.63534866e+00
  8.43017731e+00  1.14283292e+01  1.62298302e+01  2.43121628e+01
  2.74469542e+01  2.78409948e+01  2.79040311e+01  2.70292123e+01
  2.52070068e+01  2.20016679e+01  1.76629582e+01  1.27906567e+01
  8.15789484e+00  4.49907069e+00  2.03325559e+00  6.93542815e-01
  1.56041644e-01  3.16052534e-02 -8.77655367e-06  0.00000000e+00
  0.00000000e+00]
9
data after
[23.491609450001118, 27.65815944666594, 24.31216278621167, 27.446954207054972, 27.84099481357336, 27.904031083468794, 27.029212343204467, 25.207006754561217, 22.001667945056557, 46.02501703849734]
8
data,sig_tot
[23.49160945 27.65815945 24.31216279 27.44695421 27.84099481 27.90403108
 27.02921234 25.20700675 22.00166795 46.02501704 26.55578305 20.5462755
 21.54085061]
[23.49160945 27.65815945 24.31216279 27.44695421 27.84099481 27.90403108
 27.02921234 25.20700675 22.00166795 46.02501704 26.55578305 20.5462755
 21.54085061]
<<<<<<< HEAD
4.143406631538383 0.9379263877849953 62.628714831139256
val isze = 0
idinces = [ 3  7 11  6  8  2 12  5 10  1  0  4  9]
=======
1.3101963113958492 3.0806810709306354 34.735212447720386
val isze = 0
idinces = [ 2  1  7  6  9  4  3 11 10  5  0 12  8]
training loss = 1.1659971475601196 500
training loss = 1.1657472848892212 1000
reduced chi^2 level 2 = 1.1660536527633667
Constrained alpha: 2.858881711959839
Constrained beta: 2.902747869491577
Constrained gamma: 11.421886444091797
>>>>>>> bf5bffb69ec4a318117f0a4aa6bdaab926d87e87
(1, 13)
(1, 0)
data before
[ 0.00000000e+00  0.00000000e+00  0.00000000e+00  0.00000000e+00
  0.00000000e+00  0.00000000e+00  0.00000000e+00  0.00000000e+00
  0.00000000e+00  0.00000000e+00  2.48877310e-05  7.47631389e-04
  2.18234516e-02  1.91699577e-01  5.12937393e-01  9.43780682e-01
  1.56189578e+00  2.51692528e+00  3.67624880e+00  5.63534866e+00
  8.43017731e+00  1.14283292e+01  1.62298302e+01  2.43121628e+01
  2.74469542e+01  2.78409948e+01  2.79040311e+01  2.70292123e+01
  2.52070068e+01  2.20016679e+01  1.76629582e+01  1.27906567e+01
  8.15789484e+00  4.49907069e+00  2.03325559e+00  6.93542815e-01
  1.56041644e-01  3.16052534e-02 -8.77655367e-06  0.00000000e+00
  0.00000000e+00]
9
data after
[23.491609450001118, 27.65815944666594, 24.31216278621167, 27.446954207054972, 27.84099481357336, 27.904031083468794, 27.029212343204467, 25.207006754561217, 22.001667945056557, 46.02501703849734]
8
data,sig_tot
[23.49160945 27.65815945 24.31216279 27.44695421 27.84099481 27.90403108
 27.02921234 25.20700675 22.00166795 46.02501704 26.55578305 20.5462755
 21.54085061]
[23.49160945 27.65815945 24.31216279 27.44695421 27.84099481 27.90403108
 27.02921234 25.20700675 22.00166795 46.02501704 26.55578305 20.5462755
 21.54085061]
<<<<<<< HEAD
4.143406631538383 0.9379263877849953 62.628714831139256
val isze = 0
idinces = [ 3  7 11  6  8  2 12  5 10  1  0  4  9]
training loss = 3.819012403488159 500
training loss = 3.1769416332244873 1000
training loss = 3.0408973693847656 1500
training loss = 2.9389641284942627 2000
training loss = 2.8235392570495605 2500
training loss = 2.672522783279419 3000
training loss = 2.4619643688201904 3500
training loss = 2.1011223793029785 4000
training loss = 1.4071197509765625 4500
training loss = 1.334911584854126 5000
training loss = 1.2697064876556396 5500
training loss = 1.2012301683425903 6000
training loss = 1.1187419891357422 6500
training loss = 0.6437208652496338 7000
reduced chi^2 level 2 = 0.6413362622261047
Constrained alpha: 3.667539596557617
Constrained beta: 1.371537208557129
Constrained gamma: 62.083534240722656
=======
1.9047423750741188 11.17087206166113 57.51684103046589
val isze = 0
idinces = [12 10  0  5  9  4  8  1  2  6  3 11  7]
training loss = 1.1229451894760132 500
training loss = 0.4231768548488617 1000
reduced chi^2 level 2 = 0.379968523979187
Constrained alpha: 3.3460841178894043
Constrained beta: 2.1745998859405518
Constrained gamma: 23.833276748657227
>>>>>>> bf5bffb69ec4a318117f0a4aa6bdaab926d87e87
(1, 13)
(1, 0)
data before
[ 0.00000000e+00  0.00000000e+00  0.00000000e+00  0.00000000e+00
  0.00000000e+00  0.00000000e+00  0.00000000e+00  0.00000000e+00
  0.00000000e+00  0.00000000e+00  2.48877310e-05  7.47631389e-04
  2.18234516e-02  1.91699577e-01  5.12937393e-01  9.43780682e-01
  1.56189578e+00  2.51692528e+00  3.67624880e+00  5.63534866e+00
  8.43017731e+00  1.14283292e+01  1.62298302e+01  2.43121628e+01
  2.74469542e+01  2.78409948e+01  2.79040311e+01  2.70292123e+01
  2.52070068e+01  2.20016679e+01  1.76629582e+01  1.27906567e+01
  8.15789484e+00  4.49907069e+00  2.03325559e+00  6.93542815e-01
  1.56041644e-01  3.16052534e-02 -8.77655367e-06  0.00000000e+00
  0.00000000e+00]
9
data after
[23.491609450001118, 27.65815944666594, 24.31216278621167, 27.446954207054972, 27.84099481357336, 27.904031083468794, 27.029212343204467, 25.207006754561217, 22.001667945056557, 46.02501703849734]
8
data,sig_tot
[23.49160945 27.65815945 24.31216279 27.44695421 27.84099481 27.90403108
 27.02921234 25.20700675 22.00166795 46.02501704 26.55578305 20.5462755
 21.54085061]
[23.49160945 27.65815945 24.31216279 27.44695421 27.84099481 27.90403108
 27.02921234 25.20700675 22.00166795 46.02501704 26.55578305 20.5462755
 21.54085061]
<<<<<<< HEAD
4.143406631538383 0.9379263877849953 62.628714831139256
val isze = 0
idinces = [ 3  7 11  6  8  2 12  5 10  1  0  4  9]
training loss = 6.357461452484131 500
training loss = 3.6338179111480713 1000
training loss = 3.234018325805664 1500
training loss = 2.8705368041992188 2000
training loss = 2.448326826095581 2500
training loss = 1.9677687883377075 3000
training loss = 1.4987006187438965 3500
training loss = 1.191046953201294 4000
training loss = 1.0684430599212646 4500
training loss = 1.000915288925171 5000
training loss = 0.9267311692237854 5500
training loss = 0.8392287492752075 6000
training loss = 0.739562451839447 6500
training loss = 0.6301676034927368 7000
reduced chi^2 level 2 = 0.6299419403076172
Constrained alpha: 3.719999074935913
Constrained beta: 1.3506748676300049
Constrained gamma: 61.927181243896484
=======
2.459543327317488 19.91865930094518 51.405659100787815
val isze = 0
idinces = [ 5  8  6  9  4  0 11  3  1 12  2 10  7]
training loss = 0.9246926307678223 500
training loss = 0.4854968190193176 1000
training loss = 0.48037952184677124 1500
reduced chi^2 level 2 = 0.48231178522109985
Constrained alpha: 2.930088758468628
Constrained beta: 3.272932291030884
Constrained gamma: 15.192702293395996
>>>>>>> bf5bffb69ec4a318117f0a4aa6bdaab926d87e87
(1, 13)
(1, 0)
data before
[ 0.00000000e+00  0.00000000e+00  0.00000000e+00  0.00000000e+00
  0.00000000e+00  0.00000000e+00  0.00000000e+00  0.00000000e+00
  0.00000000e+00  0.00000000e+00  2.48877310e-05  7.47631389e-04
  2.18234516e-02  1.91699577e-01  5.12937393e-01  9.43780682e-01
  1.56189578e+00  2.51692528e+00  3.67624880e+00  5.63534866e+00
  8.43017731e+00  1.14283292e+01  1.62298302e+01  2.43121628e+01
  2.74469542e+01  2.78409948e+01  2.79040311e+01  2.70292123e+01
  2.52070068e+01  2.20016679e+01  1.76629582e+01  1.27906567e+01
  8.15789484e+00  4.49907069e+00  2.03325559e+00  6.93542815e-01
  1.56041644e-01  3.16052534e-02 -8.77655367e-06  0.00000000e+00
  0.00000000e+00]
9
data after
[23.491609450001118, 27.65815944666594, 24.31216278621167, 27.446954207054972, 27.84099481357336, 27.904031083468794, 27.029212343204467, 25.207006754561217, 22.001667945056557, 46.02501703849734]
8
data,sig_tot
[23.49160945 27.65815945 24.31216279 27.44695421 27.84099481 27.90403108
 27.02921234 25.20700675 22.00166795 46.02501704 26.55578305 20.5462755
 21.54085061]
[23.49160945 27.65815945 24.31216279 27.44695421 27.84099481 27.90403108
 27.02921234 25.20700675 22.00166795 46.02501704 26.55578305 20.5462755
 21.54085061]
<<<<<<< HEAD
4.143406631538383 0.9379263877849953 62.628714831139256
val isze = 0
idinces = [ 3  7 11  6  8  2 12  5 10  1  0  4  9]
training loss = 5.992955207824707 500
training loss = 2.7783570289611816 1000
training loss = 1.8674912452697754 1500
training loss = 1.3068158626556396 2000
training loss = 1.0823253393173218 2500
training loss = 1.0024802684783936 3000
training loss = 0.9315088987350464 3500
training loss = 0.8474693894386292 4000
training loss = 0.7540701627731323 4500
training loss = 0.657396137714386 5000
training loss = 0.562586784362793 5500
training loss = 0.47295624017715454 6000
training loss = 0.39000001549720764 6500
training loss = 0.3136425018310547 7000
reduced chi^2 level 2 = 0.3134957551956177
Constrained alpha: 3.754775047302246
Constrained beta: 1.5837371349334717
Constrained gamma: 61.78286361694336
=======
2.4093969533241166 2.235093775384005 91.9051508162846
val isze = 0
idinces = [ 3  1  0 11  9  8  6 12 10  2  5  7  4]
training loss = 1.0612056255340576 500
training loss = 0.986298680305481 1000
training loss = 0.9576939940452576 1500
training loss = 0.9529281258583069 2000
reduced chi^2 level 2 = 0.9538390636444092
Constrained alpha: 3.0096449851989746
Constrained beta: 3.047373056411743
Constrained gamma: 41.35029220581055
>>>>>>> bf5bffb69ec4a318117f0a4aa6bdaab926d87e87
(1, 13)
(1, 0)
data before
[ 0.00000000e+00  0.00000000e+00  0.00000000e+00  0.00000000e+00
  0.00000000e+00  0.00000000e+00  0.00000000e+00  0.00000000e+00
  0.00000000e+00  0.00000000e+00  2.48877310e-05  7.47631389e-04
  2.18234516e-02  1.91699577e-01  5.12937393e-01  9.43780682e-01
  1.56189578e+00  2.51692528e+00  3.67624880e+00  5.63534866e+00
  8.43017731e+00  1.14283292e+01  1.62298302e+01  2.43121628e+01
  2.74469542e+01  2.78409948e+01  2.79040311e+01  2.70292123e+01
  2.52070068e+01  2.20016679e+01  1.76629582e+01  1.27906567e+01
  8.15789484e+00  4.49907069e+00  2.03325559e+00  6.93542815e-01
  1.56041644e-01  3.16052534e-02 -8.77655367e-06  0.00000000e+00
  0.00000000e+00]
9
data after
[23.491609450001118, 27.65815944666594, 24.31216278621167, 27.446954207054972, 27.84099481357336, 27.904031083468794, 27.029212343204467, 25.207006754561217, 22.001667945056557, 46.02501703849734]
8
data,sig_tot
[23.49160945 27.65815945 24.31216279 27.44695421 27.84099481 27.90403108
 27.02921234 25.20700675 22.00166795 46.02501704 26.55578305 20.5462755
 21.54085061]
[23.49160945 27.65815945 24.31216279 27.44695421 27.84099481 27.90403108
 27.02921234 25.20700675 22.00166795 46.02501704 26.55578305 20.5462755
 21.54085061]
<<<<<<< HEAD
4.143406631538383 0.9379263877849953 62.628714831139256
val isze = 0
idinces = [ 3  7 11  6  8  2 12  5 10  1  0  4  9]
=======
4.6514447427418935 10.881692470092352 63.56858071484971
val isze = 0
idinces = [ 1 12  7  6  9  3  2  5  0 11 10  8  4]
training loss = 29.70006561279297 500
training loss = 24.14269256591797 1000
training loss = 23.582740783691406 1500
training loss = 23.421430587768555 2000
training loss = 23.250761032104492 2500
training loss = 22.941068649291992 3000
training loss = 22.22885513305664 3500
training loss = 19.99260139465332 4000
training loss = 15.366952896118164 4500
training loss = 13.831210136413574 5000
>>>>>>> bf5bffb69ec4a318117f0a4aa6bdaab926d87e87
(1, 13)
(1, 0)
data before
[ 0.00000000e+00  0.00000000e+00  0.00000000e+00  0.00000000e+00
  0.00000000e+00  0.00000000e+00  0.00000000e+00  0.00000000e+00
  0.00000000e+00  0.00000000e+00  2.48877310e-05  7.47631389e-04
  2.18234516e-02  1.91699577e-01  5.12937393e-01  9.43780682e-01
  1.56189578e+00  2.51692528e+00  3.67624880e+00  5.63534866e+00
  8.43017731e+00  1.14283292e+01  1.62298302e+01  2.43121628e+01
  2.74469542e+01  2.78409948e+01  2.79040311e+01  2.70292123e+01
  2.52070068e+01  2.20016679e+01  1.76629582e+01  1.27906567e+01
  8.15789484e+00  4.49907069e+00  2.03325559e+00  6.93542815e-01
  1.56041644e-01  3.16052534e-02 -8.77655367e-06  0.00000000e+00
  0.00000000e+00]
9
data after
[23.491609450001118, 27.65815944666594, 24.31216278621167, 27.446954207054972, 27.84099481357336, 27.904031083468794, 27.029212343204467, 25.207006754561217, 22.001667945056557, 46.02501703849734]
8
data,sig_tot
[23.49160945 27.65815945 24.31216279 27.44695421 27.84099481 27.90403108
 27.02921234 25.20700675 22.00166795 46.02501704 26.55578305 20.5462755
 21.54085061]
[23.49160945 27.65815945 24.31216279 27.44695421 27.84099481 27.90403108
 27.02921234 25.20700675 22.00166795 46.02501704 26.55578305 20.5462755
 21.54085061]
<<<<<<< HEAD
4.143406631538383 0.9379263877849953 62.628714831139256
val isze = 0
idinces = [ 3  7 11  6  8  2 12  5 10  1  0  4  9]
training loss = 4.027227878570557 500
training loss = 2.2487103939056396 1000
training loss = 1.6951310634613037 1500
training loss = 1.3812166452407837 2000
training loss = 1.2396066188812256 2500
training loss = 1.1853703260421753 3000
training loss = 1.1576426029205322 3500
training loss = 1.1283756494522095 4000
training loss = 1.0862244367599487 4500
training loss = 1.0229038000106812 5000
training loss = 0.9313554167747498 5500
training loss = 0.8106589317321777 6000
training loss = 0.6605240106582642 6500
training loss = 0.4735370874404907 7000
reduced chi^2 level 2 = 0.4731282591819763
Constrained alpha: 3.6797025203704834
Constrained beta: 1.4711991548538208
Constrained gamma: 61.98551940917969
=======
1.0958796672803106 18.103767835510844 99.1625864045347
val isze = 0
idinces = [ 5  1 12  4  7  8 11  0 10  2  9  3  6]
training loss = 1.130661964416504 500
training loss = 0.7163834571838379 1000
training loss = 0.6727288365364075 1500
reduced chi^2 level 2 = 0.6744502186775208
Constrained alpha: 2.8443830013275146
Constrained beta: 3.442477226257324
Constrained gamma: 56.08695602416992
>>>>>>> bf5bffb69ec4a318117f0a4aa6bdaab926d87e87
(1, 13)
(1, 0)
data before
[ 0.00000000e+00  0.00000000e+00  0.00000000e+00  0.00000000e+00
  0.00000000e+00  0.00000000e+00  0.00000000e+00  0.00000000e+00
  0.00000000e+00  0.00000000e+00  2.48877310e-05  7.47631389e-04
  2.18234516e-02  1.91699577e-01  5.12937393e-01  9.43780682e-01
  1.56189578e+00  2.51692528e+00  3.67624880e+00  5.63534866e+00
  8.43017731e+00  1.14283292e+01  1.62298302e+01  2.43121628e+01
  2.74469542e+01  2.78409948e+01  2.79040311e+01  2.70292123e+01
  2.52070068e+01  2.20016679e+01  1.76629582e+01  1.27906567e+01
  8.15789484e+00  4.49907069e+00  2.03325559e+00  6.93542815e-01
  1.56041644e-01  3.16052534e-02 -8.77655367e-06  0.00000000e+00
  0.00000000e+00]
9
data after
[23.491609450001118, 27.65815944666594, 24.31216278621167, 27.446954207054972, 27.84099481357336, 27.904031083468794, 27.029212343204467, 25.207006754561217, 22.001667945056557, 46.02501703849734]
8
data,sig_tot
[23.49160945 27.65815945 24.31216279 27.44695421 27.84099481 27.90403108
 27.02921234 25.20700675 22.00166795 46.02501704 26.55578305 20.5462755
 21.54085061]
[23.49160945 27.65815945 24.31216279 27.44695421 27.84099481 27.90403108
 27.02921234 25.20700675 22.00166795 46.02501704 26.55578305 20.5462755
 21.54085061]
<<<<<<< HEAD
4.143406631538383 0.9379263877849953 62.628714831139256
val isze = 0
idinces = [ 3  7 11  6  8  2 12  5 10  1  0  4  9]
=======
1.3068459119223008 3.134253227708408 43.6664489010323
val isze = 0
idinces = [10  5  3  8  7  9  6 12  0  4  2 11  1]
training loss = 0.9045485854148865 500
training loss = 0.8613889217376709 1000
training loss = 0.84759920835495 1500
training loss = 0.8481122255325317 2000
reduced chi^2 level 2 = 0.8481904864311218
Constrained alpha: 2.5355477333068848
Constrained beta: 5.299183368682861
Constrained gamma: 5.29606294631958
>>>>>>> bf5bffb69ec4a318117f0a4aa6bdaab926d87e87
(1, 13)
(1, 0)
data before
[ 0.00000000e+00  0.00000000e+00  0.00000000e+00  0.00000000e+00
  0.00000000e+00  0.00000000e+00  0.00000000e+00  0.00000000e+00
  0.00000000e+00  0.00000000e+00  2.48877310e-05  7.47631389e-04
  2.18234516e-02  1.91699577e-01  5.12937393e-01  9.43780682e-01
  1.56189578e+00  2.51692528e+00  3.67624880e+00  5.63534866e+00
  8.43017731e+00  1.14283292e+01  1.62298302e+01  2.43121628e+01
  2.74469542e+01  2.78409948e+01  2.79040311e+01  2.70292123e+01
  2.52070068e+01  2.20016679e+01  1.76629582e+01  1.27906567e+01
  8.15789484e+00  4.49907069e+00  2.03325559e+00  6.93542815e-01
  1.56041644e-01  3.16052534e-02 -8.77655367e-06  0.00000000e+00
  0.00000000e+00]
9
data after
[23.491609450001118, 27.65815944666594, 24.31216278621167, 27.446954207054972, 27.84099481357336, 27.904031083468794, 27.029212343204467, 25.207006754561217, 22.001667945056557, 46.02501703849734]
8
data,sig_tot
[23.49160945 27.65815945 24.31216279 27.44695421 27.84099481 27.90403108
 27.02921234 25.20700675 22.00166795 46.02501704 26.55578305 20.5462755
 21.54085061]
[23.49160945 27.65815945 24.31216279 27.44695421 27.84099481 27.90403108
 27.02921234 25.20700675 22.00166795 46.02501704 26.55578305 20.5462755
 21.54085061]
<<<<<<< HEAD
4.143406631538383 0.9379263877849953 62.628714831139256
val isze = 0
idinces = [ 3  7 11  6  8  2 12  5 10  1  0  4  9]
=======
1.2063187873494536 1.3167572215749135 31.217685462531918
val isze = 0
idinces = [ 8 12  5  0  3  4 11  7  9  6  1  2 10]
training loss = 1.3624229431152344 500
training loss = 1.3021754026412964 1000
training loss = 1.292962908744812 1500
reduced chi^2 level 2 = 1.2940161228179932
Constrained alpha: 2.867466449737549
Constrained beta: 4.646908283233643
Constrained gamma: 2.460174322128296
>>>>>>> bf5bffb69ec4a318117f0a4aa6bdaab926d87e87
(1, 13)
(1, 0)
data before
[ 0.00000000e+00  0.00000000e+00  0.00000000e+00  0.00000000e+00
  0.00000000e+00  0.00000000e+00  0.00000000e+00  0.00000000e+00
  0.00000000e+00  0.00000000e+00  2.48877310e-05  7.47631389e-04
  2.18234516e-02  1.91699577e-01  5.12937393e-01  9.43780682e-01
  1.56189578e+00  2.51692528e+00  3.67624880e+00  5.63534866e+00
  8.43017731e+00  1.14283292e+01  1.62298302e+01  2.43121628e+01
  2.74469542e+01  2.78409948e+01  2.79040311e+01  2.70292123e+01
  2.52070068e+01  2.20016679e+01  1.76629582e+01  1.27906567e+01
  8.15789484e+00  4.49907069e+00  2.03325559e+00  6.93542815e-01
  1.56041644e-01  3.16052534e-02 -8.77655367e-06  0.00000000e+00
  0.00000000e+00]
9
data after
[23.491609450001118, 27.65815944666594, 24.31216278621167, 27.446954207054972, 27.84099481357336, 27.904031083468794, 27.029212343204467, 25.207006754561217, 22.001667945056557, 46.02501703849734]
8
data,sig_tot
[23.49160945 27.65815945 24.31216279 27.44695421 27.84099481 27.90403108
 27.02921234 25.20700675 22.00166795 46.02501704 26.55578305 20.5462755
 21.54085061]
[23.49160945 27.65815945 24.31216279 27.44695421 27.84099481 27.90403108
 27.02921234 25.20700675 22.00166795 46.02501704 26.55578305 20.5462755
 21.54085061]
<<<<<<< HEAD
4.143406631538383 0.9379263877849953 62.628714831139256
val isze = 0
idinces = [ 3  7 11  6  8  2 12  5 10  1  0  4  9]
training loss = 6.099579811096191 500
training loss = 3.3290631771087646 1000
training loss = 2.9743266105651855 1500
training loss = 2.7629826068878174 2000
training loss = 2.5141475200653076 2500
training loss = 2.2223503589630127 3000
training loss = 1.8915655612945557 3500
training loss = 1.5514925718307495 4000
training loss = 1.2727209329605103 4500
training loss = 1.1172459125518799 5000
training loss = 1.0558497905731201 5500
training loss = 1.0201053619384766 6000
training loss = 0.979810893535614 6500
training loss = 0.9289020299911499 7000
reduced chi^2 level 2 = 0.9287875890731812
Constrained alpha: 3.670621395111084
Constrained beta: 1.3348933458328247
Constrained gamma: 62.029788970947266
=======
4.253222680610726 18.781553708703136 25.25210008933242
val isze = 0
idinces = [ 7  1  6  9  0  3  8 11  4  2 12 10  5]
training loss = 17.386676788330078 500
training loss = 16.825021743774414 1000
training loss = 16.730680465698242 1500
training loss = 16.609527587890625 2000
training loss = 16.44341468811035 2500
training loss = 16.21558952331543 3000
training loss = 15.899446487426758 3500
training loss = 15.44461441040039 4000
training loss = 14.680522918701172 4500
training loss = 12.434677124023438 5000
>>>>>>> bf5bffb69ec4a318117f0a4aa6bdaab926d87e87
(1, 13)
(1, 0)
data before
[ 0.00000000e+00  0.00000000e+00  0.00000000e+00  0.00000000e+00
  0.00000000e+00  0.00000000e+00  0.00000000e+00  0.00000000e+00
  0.00000000e+00  0.00000000e+00  2.48877310e-05  7.47631389e-04
  2.18234516e-02  1.91699577e-01  5.12937393e-01  9.43780682e-01
  1.56189578e+00  2.51692528e+00  3.67624880e+00  5.63534866e+00
  8.43017731e+00  1.14283292e+01  1.62298302e+01  2.43121628e+01
  2.74469542e+01  2.78409948e+01  2.79040311e+01  2.70292123e+01
  2.52070068e+01  2.20016679e+01  1.76629582e+01  1.27906567e+01
  8.15789484e+00  4.49907069e+00  2.03325559e+00  6.93542815e-01
  1.56041644e-01  3.16052534e-02 -8.77655367e-06  0.00000000e+00
  0.00000000e+00]
9
data after
[23.491609450001118, 27.65815944666594, 24.31216278621167, 27.446954207054972, 27.84099481357336, 27.904031083468794, 27.029212343204467, 25.207006754561217, 22.001667945056557, 46.02501703849734]
8
data,sig_tot
[23.49160945 27.65815945 24.31216279 27.44695421 27.84099481 27.90403108
 27.02921234 25.20700675 22.00166795 46.02501704 26.55578305 20.5462755
 21.54085061]
[23.49160945 27.65815945 24.31216279 27.44695421 27.84099481 27.90403108
 27.02921234 25.20700675 22.00166795 46.02501704 26.55578305 20.5462755
 21.54085061]
<<<<<<< HEAD
4.143406631538383 0.9379263877849953 62.628714831139256
val isze = 0
idinces = [ 3  7 11  6  8  2 12  5 10  1  0  4  9]
training loss = 6.799813270568848 500
training loss = 2.163386583328247 1000
training loss = 1.4557617902755737 1500
training loss = 1.111905813217163 2000
training loss = 1.0023325681686401 2500
training loss = 0.9434142112731934 3000
training loss = 0.8735910654067993 3500
training loss = 0.7885769009590149 4000
training loss = 0.6924660205841064 4500
training loss = 0.590745747089386 5000
training loss = 0.48852455615997314 5500
training loss = 0.38952767848968506 6000
training loss = 0.29514801502227783 6500
training loss = 0.20313522219657898 7000
reduced chi^2 level 2 = 0.20295007526874542
Constrained alpha: 3.7209208011627197
Constrained beta: 1.6279358863830566
Constrained gamma: 61.81184387207031
=======
4.414526721447137 18.15436684014361 47.76789635991775
val isze = 0
idinces = [12  7 11 10  5  3  4  2  1  9  8  0  6]
training loss = 18.212438583374023 500
training loss = 17.548255920410156 1000
training loss = 16.730093002319336 1500
training loss = 16.350732803344727 2000
training loss = 16.154651641845703 2500
training loss = 15.921246528625488 3000
training loss = 15.609906196594238 3500
training loss = 15.154338836669922 4000
training loss = 14.407319068908691 4500
training loss = 13.050971031188965 5000
>>>>>>> bf5bffb69ec4a318117f0a4aa6bdaab926d87e87
(1, 13)
(1, 0)
data before
[ 0.00000000e+00  0.00000000e+00  0.00000000e+00  0.00000000e+00
  0.00000000e+00  0.00000000e+00  0.00000000e+00  0.00000000e+00
  0.00000000e+00  0.00000000e+00  2.48877310e-05  7.47631389e-04
  2.18234516e-02  1.91699577e-01  5.12937393e-01  9.43780682e-01
  1.56189578e+00  2.51692528e+00  3.67624880e+00  5.63534866e+00
  8.43017731e+00  1.14283292e+01  1.62298302e+01  2.43121628e+01
  2.74469542e+01  2.78409948e+01  2.79040311e+01  2.70292123e+01
  2.52070068e+01  2.20016679e+01  1.76629582e+01  1.27906567e+01
  8.15789484e+00  4.49907069e+00  2.03325559e+00  6.93542815e-01
  1.56041644e-01  3.16052534e-02 -8.77655367e-06  0.00000000e+00
  0.00000000e+00]
9
data after
[23.491609450001118, 27.65815944666594, 24.31216278621167, 27.446954207054972, 27.84099481357336, 27.904031083468794, 27.029212343204467, 25.207006754561217, 22.001667945056557, 46.02501703849734]
8
data,sig_tot
[23.49160945 27.65815945 24.31216279 27.44695421 27.84099481 27.90403108
 27.02921234 25.20700675 22.00166795 46.02501704 26.55578305 20.5462755
 21.54085061]
[23.49160945 27.65815945 24.31216279 27.44695421 27.84099481 27.90403108
 27.02921234 25.20700675 22.00166795 46.02501704 26.55578305 20.5462755
 21.54085061]
<<<<<<< HEAD
4.143406631538383 0.9379263877849953 62.628714831139256
val isze = 0
idinces = [ 3  7 11  6  8  2 12  5 10  1  0  4  9]
=======
2.251225865578381 19.328811280477723 51.445759060657736
val isze = 0
idinces = [ 4  2  6  5  1  3  7 10  8 11  9  0 12]
training loss = 1.2736605405807495 500
training loss = 0.9691301584243774 1000
reduced chi^2 level 2 = 0.967429518699646
Constrained alpha: 2.7897584438323975
Constrained beta: 4.315464496612549
Constrained gamma: 16.694698333740234
>>>>>>> bf5bffb69ec4a318117f0a4aa6bdaab926d87e87
(1, 13)
(1, 0)
data before
[ 0.00000000e+00  0.00000000e+00  0.00000000e+00  0.00000000e+00
  0.00000000e+00  0.00000000e+00  0.00000000e+00  0.00000000e+00
  0.00000000e+00  0.00000000e+00  2.48877310e-05  7.47631389e-04
  2.18234516e-02  1.91699577e-01  5.12937393e-01  9.43780682e-01
  1.56189578e+00  2.51692528e+00  3.67624880e+00  5.63534866e+00
  8.43017731e+00  1.14283292e+01  1.62298302e+01  2.43121628e+01
  2.74469542e+01  2.78409948e+01  2.79040311e+01  2.70292123e+01
  2.52070068e+01  2.20016679e+01  1.76629582e+01  1.27906567e+01
  8.15789484e+00  4.49907069e+00  2.03325559e+00  6.93542815e-01
  1.56041644e-01  3.16052534e-02 -8.77655367e-06  0.00000000e+00
  0.00000000e+00]
9
data after
[23.491609450001118, 27.65815944666594, 24.31216278621167, 27.446954207054972, 27.84099481357336, 27.904031083468794, 27.029212343204467, 25.207006754561217, 22.001667945056557, 46.02501703849734]
8
data,sig_tot
[23.49160945 27.65815945 24.31216279 27.44695421 27.84099481 27.90403108
 27.02921234 25.20700675 22.00166795 46.02501704 26.55578305 20.5462755
 21.54085061]
[23.49160945 27.65815945 24.31216279 27.44695421 27.84099481 27.90403108
 27.02921234 25.20700675 22.00166795 46.02501704 26.55578305 20.5462755
 21.54085061]
<<<<<<< HEAD
4.143406631538383 0.9379263877849953 62.628714831139256
val isze = 0
idinces = [ 3  7 11  6  8  2 12  5 10  1  0  4  9]
training loss = 5.727410316467285 500
training loss = 4.455268859863281 1000
training loss = 2.999068260192871 1500
training loss = 2.066633701324463 2000
training loss = 1.5847514867782593 2500
training loss = 1.343687891960144 3000
training loss = 1.250449538230896 3500
training loss = 1.2218186855316162 4000
training loss = 1.209574580192566 4500
training loss = 1.1975057125091553 5000
training loss = 1.1815019845962524 5500
training loss = 1.1594070196151733 6000
training loss = 1.1284306049346924 6500
training loss = 1.084538459777832 7000
reduced chi^2 level 2 = 1.0844342708587646
Constrained alpha: 3.6770474910736084
Constrained beta: 1.4470738172531128
Constrained gamma: 62.03340530395508
=======
2.0688876373400427 8.774844854349853 36.800684055871734
val isze = 0
idinces = [ 0  3  4  6  5 11  1 12  2  7  8  9 10]
training loss = 0.9655649065971375 500
training loss = 0.6839433312416077 1000
reduced chi^2 level 2 = 0.6878772377967834
Constrained alpha: 3.2565269470214844
Constrained beta: 1.6033637523651123
Constrained gamma: 7.9625935554504395
>>>>>>> bf5bffb69ec4a318117f0a4aa6bdaab926d87e87
(1, 13)
(1, 0)
data before
[ 0.00000000e+00  0.00000000e+00  0.00000000e+00  0.00000000e+00
  0.00000000e+00  0.00000000e+00  0.00000000e+00  0.00000000e+00
  0.00000000e+00  0.00000000e+00  2.48877310e-05  7.47631389e-04
  2.18234516e-02  1.91699577e-01  5.12937393e-01  9.43780682e-01
  1.56189578e+00  2.51692528e+00  3.67624880e+00  5.63534866e+00
  8.43017731e+00  1.14283292e+01  1.62298302e+01  2.43121628e+01
  2.74469542e+01  2.78409948e+01  2.79040311e+01  2.70292123e+01
  2.52070068e+01  2.20016679e+01  1.76629582e+01  1.27906567e+01
  8.15789484e+00  4.49907069e+00  2.03325559e+00  6.93542815e-01
  1.56041644e-01  3.16052534e-02 -8.77655367e-06  0.00000000e+00
  0.00000000e+00]
9
data after
[23.491609450001118, 27.65815944666594, 24.31216278621167, 27.446954207054972, 27.84099481357336, 27.904031083468794, 27.029212343204467, 25.207006754561217, 22.001667945056557, 46.02501703849734]
8
data,sig_tot
[23.49160945 27.65815945 24.31216279 27.44695421 27.84099481 27.90403108
 27.02921234 25.20700675 22.00166795 46.02501704 26.55578305 20.5462755
 21.54085061]
[23.49160945 27.65815945 24.31216279 27.44695421 27.84099481 27.90403108
 27.02921234 25.20700675 22.00166795 46.02501704 26.55578305 20.5462755
 21.54085061]
<<<<<<< HEAD
4.143406631538383 0.9379263877849953 62.628714831139256
val isze = 0
idinces = [ 3  7 11  6  8  2 12  5 10  1  0  4  9]
=======
1.5727008181705637 10.049847199718553 69.01181017073112
val isze = 0
idinces = [ 4  7  5  2 12  6  9 10 11  8  0  1  3]
training loss = 1.5930582284927368 500
training loss = 1.3686800003051758 1000
reduced chi^2 level 2 = 1.3692054748535156
Constrained alpha: 3.142331600189209
Constrained beta: 2.4744205474853516
Constrained gamma: 33.70703887939453
>>>>>>> bf5bffb69ec4a318117f0a4aa6bdaab926d87e87
(1, 13)
(1, 0)
data before
[ 0.00000000e+00  0.00000000e+00  0.00000000e+00  0.00000000e+00
  0.00000000e+00  0.00000000e+00  0.00000000e+00  0.00000000e+00
  0.00000000e+00  0.00000000e+00  2.48877310e-05  7.47631389e-04
  2.18234516e-02  1.91699577e-01  5.12937393e-01  9.43780682e-01
  1.56189578e+00  2.51692528e+00  3.67624880e+00  5.63534866e+00
  8.43017731e+00  1.14283292e+01  1.62298302e+01  2.43121628e+01
  2.74469542e+01  2.78409948e+01  2.79040311e+01  2.70292123e+01
  2.52070068e+01  2.20016679e+01  1.76629582e+01  1.27906567e+01
  8.15789484e+00  4.49907069e+00  2.03325559e+00  6.93542815e-01
  1.56041644e-01  3.16052534e-02 -8.77655367e-06  0.00000000e+00
  0.00000000e+00]
9
data after
[23.491609450001118, 27.65815944666594, 24.31216278621167, 27.446954207054972, 27.84099481357336, 27.904031083468794, 27.029212343204467, 25.207006754561217, 22.001667945056557, 46.02501703849734]
8
data,sig_tot
[23.49160945 27.65815945 24.31216279 27.44695421 27.84099481 27.90403108
 27.02921234 25.20700675 22.00166795 46.02501704 26.55578305 20.5462755
 21.54085061]
[23.49160945 27.65815945 24.31216279 27.44695421 27.84099481 27.90403108
 27.02921234 25.20700675 22.00166795 46.02501704 26.55578305 20.5462755
 21.54085061]
<<<<<<< HEAD
4.143406631538383 0.9379263877849953 62.628714831139256
val isze = 0
idinces = [ 3  7 11  6  8  2 12  5 10  1  0  4  9]
=======
1.274714355427267 5.816309159170836 48.98689448033608
val isze = 0
idinces = [10  1  7  2 12  5  8  9  0  3 11  4  6]
training loss = 0.676599383354187 500
training loss = 0.6491684913635254 1000
reduced chi^2 level 2 = 0.6537125706672668
Constrained alpha: 2.8134961128234863
Constrained beta: 4.26398229598999
Constrained gamma: 17.976886749267578
>>>>>>> bf5bffb69ec4a318117f0a4aa6bdaab926d87e87
(1, 13)
(1, 0)
data before
[ 0.00000000e+00  0.00000000e+00  0.00000000e+00  0.00000000e+00
  0.00000000e+00  0.00000000e+00  0.00000000e+00  0.00000000e+00
  0.00000000e+00  0.00000000e+00  2.48877310e-05  7.47631389e-04
  2.18234516e-02  1.91699577e-01  5.12937393e-01  9.43780682e-01
  1.56189578e+00  2.51692528e+00  3.67624880e+00  5.63534866e+00
  8.43017731e+00  1.14283292e+01  1.62298302e+01  2.43121628e+01
  2.74469542e+01  2.78409948e+01  2.79040311e+01  2.70292123e+01
  2.52070068e+01  2.20016679e+01  1.76629582e+01  1.27906567e+01
  8.15789484e+00  4.49907069e+00  2.03325559e+00  6.93542815e-01
  1.56041644e-01  3.16052534e-02 -8.77655367e-06  0.00000000e+00
  0.00000000e+00]
9
data after
[23.491609450001118, 27.65815944666594, 24.31216278621167, 27.446954207054972, 27.84099481357336, 27.904031083468794, 27.029212343204467, 25.207006754561217, 22.001667945056557, 46.02501703849734]
8
data,sig_tot
[23.49160945 27.65815945 24.31216279 27.44695421 27.84099481 27.90403108
 27.02921234 25.20700675 22.00166795 46.02501704 26.55578305 20.5462755
 21.54085061]
[23.49160945 27.65815945 24.31216279 27.44695421 27.84099481 27.90403108
 27.02921234 25.20700675 22.00166795 46.02501704 26.55578305 20.5462755
 21.54085061]
<<<<<<< HEAD
4.143406631538383 0.9379263877849953 62.628714831139256
val isze = 0
idinces = [ 3  7 11  6  8  2 12  5 10  1  0  4  9]
training loss = 11.69091796875 500
training loss = 4.562769412994385 1000
training loss = 2.8477272987365723 1500
training loss = 1.962425947189331 2000
training loss = 1.4493675231933594 2500
training loss = 1.2185341119766235 3000
training loss = 1.1351513862609863 3500
training loss = 1.0913184881210327 4000
training loss = 1.042276382446289 4500
training loss = 0.9772409796714783 5000
training loss = 0.8951176404953003 5500
training loss = 0.7975630164146423 6000
training loss = 0.6864700317382812 6500
training loss = 0.5645321607589722 7000
reduced chi^2 level 2 = 0.56428062915802
Constrained alpha: 3.7219631671905518
Constrained beta: 1.4817414283752441
Constrained gamma: 62.003807067871094
=======
1.7376898735506878 10.166167589711163 10.657485725418425
val isze = 0
idinces = [ 6  8  4  0 10  1  5  7  2 11 12  9  3]
training loss = 0.7619789242744446 500
training loss = 0.5560337901115417 1000
reduced chi^2 level 2 = 0.5592396259307861
Constrained alpha: 3.109849214553833
Constrained beta: 1.9309422969818115
Constrained gamma: 2.0234107971191406
>>>>>>> bf5bffb69ec4a318117f0a4aa6bdaab926d87e87
(1, 13)
(1, 0)
data before
[ 0.00000000e+00  0.00000000e+00  0.00000000e+00  0.00000000e+00
  0.00000000e+00  0.00000000e+00  0.00000000e+00  0.00000000e+00
  0.00000000e+00  0.00000000e+00  2.48877310e-05  7.47631389e-04
  2.18234516e-02  1.91699577e-01  5.12937393e-01  9.43780682e-01
  1.56189578e+00  2.51692528e+00  3.67624880e+00  5.63534866e+00
  8.43017731e+00  1.14283292e+01  1.62298302e+01  2.43121628e+01
  2.74469542e+01  2.78409948e+01  2.79040311e+01  2.70292123e+01
  2.52070068e+01  2.20016679e+01  1.76629582e+01  1.27906567e+01
  8.15789484e+00  4.49907069e+00  2.03325559e+00  6.93542815e-01
  1.56041644e-01  3.16052534e-02 -8.77655367e-06  0.00000000e+00
  0.00000000e+00]
9
data after
[23.491609450001118, 27.65815944666594, 24.31216278621167, 27.446954207054972, 27.84099481357336, 27.904031083468794, 27.029212343204467, 25.207006754561217, 22.001667945056557, 46.02501703849734]
8
data,sig_tot
[23.49160945 27.65815945 24.31216279 27.44695421 27.84099481 27.90403108
 27.02921234 25.20700675 22.00166795 46.02501704 26.55578305 20.5462755
 21.54085061]
[23.49160945 27.65815945 24.31216279 27.44695421 27.84099481 27.90403108
 27.02921234 25.20700675 22.00166795 46.02501704 26.55578305 20.5462755
 21.54085061]
<<<<<<< HEAD
4.143406631538383 0.9379263877849953 62.628714831139256
val isze = 0
idinces = [ 3  7 11  6  8  2 12  5 10  1  0  4  9]
training loss = 4.269338130950928 500
training loss = 3.004040241241455 1000
training loss = 2.2724685668945312 1500
training loss = 1.6462204456329346 2000
training loss = 1.1458065509796143 2500
training loss = 0.9400759935379028 3000
training loss = 0.856994092464447 3500
training loss = 0.7750542759895325 4000
training loss = 0.6824459433555603 4500
training loss = 0.5811748504638672 5000
training loss = 0.47602379322052 5500
training loss = 0.37447211146354675 6000
training loss = 0.2845768332481384 6500
training loss = 0.21175484359264374 7000
reduced chi^2 level 2 = 0.21162739396095276
Constrained alpha: 3.773064136505127
Constrained beta: 1.6106222867965698
Constrained gamma: 61.768577575683594
=======
2.373841654795589 14.576738986378581 22.830237684735344
val isze = 0
idinces = [ 7 12  8 11  4  1  9  2 10  6  3  0  5]
training loss = 1.305620789527893 500
reduced chi^2 level 2 = 1.3180935382843018
Constrained alpha: 2.384848117828369
Constrained beta: 6.1236348152160645
Constrained gamma: 5.434647083282471
>>>>>>> bf5bffb69ec4a318117f0a4aa6bdaab926d87e87
(1, 13)
(1, 0)
data before
[ 0.00000000e+00  0.00000000e+00  0.00000000e+00  0.00000000e+00
  0.00000000e+00  0.00000000e+00  0.00000000e+00  0.00000000e+00
  0.00000000e+00  0.00000000e+00  2.48877310e-05  7.47631389e-04
  2.18234516e-02  1.91699577e-01  5.12937393e-01  9.43780682e-01
  1.56189578e+00  2.51692528e+00  3.67624880e+00  5.63534866e+00
  8.43017731e+00  1.14283292e+01  1.62298302e+01  2.43121628e+01
  2.74469542e+01  2.78409948e+01  2.79040311e+01  2.70292123e+01
  2.52070068e+01  2.20016679e+01  1.76629582e+01  1.27906567e+01
  8.15789484e+00  4.49907069e+00  2.03325559e+00  6.93542815e-01
  1.56041644e-01  3.16052534e-02 -8.77655367e-06  0.00000000e+00
  0.00000000e+00]
9
data after
[23.491609450001118, 27.65815944666594, 24.31216278621167, 27.446954207054972, 27.84099481357336, 27.904031083468794, 27.029212343204467, 25.207006754561217, 22.001667945056557, 46.02501703849734]
8
data,sig_tot
[23.49160945 27.65815945 24.31216279 27.44695421 27.84099481 27.90403108
 27.02921234 25.20700675 22.00166795 46.02501704 26.55578305 20.5462755
 21.54085061]
[23.49160945 27.65815945 24.31216279 27.44695421 27.84099481 27.90403108
 27.02921234 25.20700675 22.00166795 46.02501704 26.55578305 20.5462755
 21.54085061]
<<<<<<< HEAD
4.143406631538383 0.9379263877849953 62.628714831139256
val isze = 0
idinces = [ 3  7 11  6  8  2 12  5 10  1  0  4  9]
training loss = 7.593288898468018 500
training loss = 3.303901433944702 1000
training loss = 2.4120662212371826 1500
training loss = 1.7766040563583374 2000
training loss = 1.338054895401001 2500
training loss = 1.1250622272491455 3000
training loss = 1.0327168703079224 3500
training loss = 0.9499920010566711 4000
training loss = 0.8456334471702576 4500
training loss = 0.7235092520713806 5000
training loss = 0.5899162292480469 5500
training loss = 0.44489172101020813 6000
training loss = 0.293480783700943 6500
training loss = 0.17389509081840515 7000
reduced chi^2 level 2 = 0.17371785640716553
Constrained alpha: 3.7117691040039062
Constrained beta: 1.404731273651123
Constrained gamma: 61.99094009399414
=======
0.7044275109024067 15.444150203229231 72.18043825701469
val isze = 0
idinces = [ 0  5  4  9 12  1  3  2 11  8  7 10  6]
training loss = 2.036198854446411 500
training loss = 1.2277641296386719 1000
training loss = 1.11225163936615 1500
reduced chi^2 level 2 = 1.1126739978790283
Constrained alpha: 3.2337818145751953
Constrained beta: 1.9845670461654663
Constrained gamma: 28.12232780456543
>>>>>>> bf5bffb69ec4a318117f0a4aa6bdaab926d87e87
(1, 13)
(1, 0)
data before
[ 0.00000000e+00  0.00000000e+00  0.00000000e+00  0.00000000e+00
  0.00000000e+00  0.00000000e+00  0.00000000e+00  0.00000000e+00
  0.00000000e+00  0.00000000e+00  2.48877310e-05  7.47631389e-04
  2.18234516e-02  1.91699577e-01  5.12937393e-01  9.43780682e-01
  1.56189578e+00  2.51692528e+00  3.67624880e+00  5.63534866e+00
  8.43017731e+00  1.14283292e+01  1.62298302e+01  2.43121628e+01
  2.74469542e+01  2.78409948e+01  2.79040311e+01  2.70292123e+01
  2.52070068e+01  2.20016679e+01  1.76629582e+01  1.27906567e+01
  8.15789484e+00  4.49907069e+00  2.03325559e+00  6.93542815e-01
  1.56041644e-01  3.16052534e-02 -8.77655367e-06  0.00000000e+00
  0.00000000e+00]
9
data after
[23.491609450001118, 27.65815944666594, 24.31216278621167, 27.446954207054972, 27.84099481357336, 27.904031083468794, 27.029212343204467, 25.207006754561217, 22.001667945056557, 46.02501703849734]
8
data,sig_tot
[23.49160945 27.65815945 24.31216279 27.44695421 27.84099481 27.90403108
 27.02921234 25.20700675 22.00166795 46.02501704 26.55578305 20.5462755
 21.54085061]
[23.49160945 27.65815945 24.31216279 27.44695421 27.84099481 27.90403108
 27.02921234 25.20700675 22.00166795 46.02501704 26.55578305 20.5462755
 21.54085061]
<<<<<<< HEAD
4.143406631538383 0.9379263877849953 62.628714831139256
val isze = 0
idinces = [ 3  7 11  6  8  2 12  5 10  1  0  4  9]
training loss = 4.726290225982666 500
training loss = 3.784025192260742 1000
training loss = 2.905707359313965 1500
training loss = 2.376870632171631 2000
training loss = 1.9722528457641602 2500
training loss = 1.6058717966079712 3000
training loss = 1.3303059339523315 3500
training loss = 1.1840684413909912 4000
training loss = 1.1278854608535767 4500
training loss = 1.0974804162979126 5000
training loss = 1.0640538930892944 5500
training loss = 1.0208925008773804 6000
training loss = 0.9653382897377014 6500
training loss = 0.8951954245567322 7000
reduced chi^2 level 2 = 0.8950393795967102
Constrained alpha: 3.7007153034210205
Constrained beta: 1.4110521078109741
Constrained gamma: 62.01472854614258
=======
4.641032630189664 15.472121420313236 81.69851714696723
val isze = 0
idinces = [ 3  9  6  0 11  1  4 12  7  8  2 10  5]
training loss = 24.83941078186035 500
training loss = 23.11331558227539 1000
training loss = 22.29839515686035 1500
training loss = 21.238216400146484 2000
training loss = 19.95026397705078 2500
training loss = 18.9167537689209 3000
training loss = 18.35287857055664 3500
training loss = 18.053983688354492 4000
training loss = 17.82468032836914 4500
training loss = 17.56587791442871 5000
>>>>>>> bf5bffb69ec4a318117f0a4aa6bdaab926d87e87
(1, 13)
(1, 0)
data before
[ 0.00000000e+00  0.00000000e+00  0.00000000e+00  0.00000000e+00
  0.00000000e+00  0.00000000e+00  0.00000000e+00  0.00000000e+00
  0.00000000e+00  0.00000000e+00  2.48877310e-05  7.47631389e-04
  2.18234516e-02  1.91699577e-01  5.12937393e-01  9.43780682e-01
  1.56189578e+00  2.51692528e+00  3.67624880e+00  5.63534866e+00
  8.43017731e+00  1.14283292e+01  1.62298302e+01  2.43121628e+01
  2.74469542e+01  2.78409948e+01  2.79040311e+01  2.70292123e+01
  2.52070068e+01  2.20016679e+01  1.76629582e+01  1.27906567e+01
  8.15789484e+00  4.49907069e+00  2.03325559e+00  6.93542815e-01
  1.56041644e-01  3.16052534e-02 -8.77655367e-06  0.00000000e+00
  0.00000000e+00]
9
data after
[23.491609450001118, 27.65815944666594, 24.31216278621167, 27.446954207054972, 27.84099481357336, 27.904031083468794, 27.029212343204467, 25.207006754561217, 22.001667945056557, 46.02501703849734]
8
data,sig_tot
[23.49160945 27.65815945 24.31216279 27.44695421 27.84099481 27.90403108
 27.02921234 25.20700675 22.00166795 46.02501704 26.55578305 20.5462755
 21.54085061]
[23.49160945 27.65815945 24.31216279 27.44695421 27.84099481 27.90403108
 27.02921234 25.20700675 22.00166795 46.02501704 26.55578305 20.5462755
 21.54085061]
<<<<<<< HEAD
4.143406631538383 0.9379263877849953 62.628714831139256
val isze = 0
idinces = [ 3  7 11  6  8  2 12  5 10  1  0  4  9]
training loss = 4.239130973815918 500
training loss = 3.457885265350342 1000
training loss = 3.330070972442627 1500
training loss = 3.2230589389801025 2000
training loss = 3.0795929431915283 2500
training loss = 2.883229970932007 3000
training loss = 2.612691640853882 3500
training loss = 2.2436883449554443 4000
training loss = 1.7771120071411133 4500
training loss = 1.3236585855484009 5000
training loss = 1.0825942754745483 5500
training loss = 1.0007306337356567 6000
training loss = 0.9322581887245178 6500
training loss = 0.848358690738678 7000
reduced chi^2 level 2 = 0.8481746912002563
Constrained alpha: 3.6969194412231445
Constrained beta: 1.1977449655532837
Constrained gamma: 62.0583381652832
=======
3.5350269383251343 16.25666539471775 69.48357226611225
val isze = 0
idinces = [ 3  5  4 12  6 10  9  2  0 11  8  7  1]
training loss = 12.374382972717285 500
training loss = 2.6390364170074463 1000
training loss = 1.9724626541137695 1500
training loss = 1.8351691961288452 2000
training loss = 1.7630302906036377 2500
training loss = 1.7049291133880615 3000
training loss = 1.6645413637161255 3500
training loss = 1.6493207216262817 4000
reduced chi^2 level 2 = 1.6546359062194824
Constrained alpha: 2.761960983276367
Constrained beta: 6.386529445648193
Constrained gamma: 15.302907943725586
>>>>>>> bf5bffb69ec4a318117f0a4aa6bdaab926d87e87
(1, 13)
(1, 0)
data before
[ 0.00000000e+00  0.00000000e+00  0.00000000e+00  0.00000000e+00
  0.00000000e+00  0.00000000e+00  0.00000000e+00  0.00000000e+00
  0.00000000e+00  0.00000000e+00  2.48877310e-05  7.47631389e-04
  2.18234516e-02  1.91699577e-01  5.12937393e-01  9.43780682e-01
  1.56189578e+00  2.51692528e+00  3.67624880e+00  5.63534866e+00
  8.43017731e+00  1.14283292e+01  1.62298302e+01  2.43121628e+01
  2.74469542e+01  2.78409948e+01  2.79040311e+01  2.70292123e+01
  2.52070068e+01  2.20016679e+01  1.76629582e+01  1.27906567e+01
  8.15789484e+00  4.49907069e+00  2.03325559e+00  6.93542815e-01
  1.56041644e-01  3.16052534e-02 -8.77655367e-06  0.00000000e+00
  0.00000000e+00]
9
data after
[23.491609450001118, 27.65815944666594, 24.31216278621167, 27.446954207054972, 27.84099481357336, 27.904031083468794, 27.029212343204467, 25.207006754561217, 22.001667945056557, 46.02501703849734]
8
data,sig_tot
[23.49160945 27.65815945 24.31216279 27.44695421 27.84099481 27.90403108
 27.02921234 25.20700675 22.00166795 46.02501704 26.55578305 20.5462755
 21.54085061]
[23.49160945 27.65815945 24.31216279 27.44695421 27.84099481 27.90403108
 27.02921234 25.20700675 22.00166795 46.02501704 26.55578305 20.5462755
 21.54085061]
<<<<<<< HEAD
4.143406631538383 0.9379263877849953 62.628714831139256
val isze = 0
idinces = [ 3  7 11  6  8  2 12  5 10  1  0  4  9]
=======
1.6801927212442302 8.3515817001625 66.83894730520538
val isze = 0
idinces = [ 4 11 10  3 12  9  7  0  2  6  1  8  5]
training loss = 0.7856090664863586 500
training loss = 0.7576277256011963 1000
reduced chi^2 level 2 = 0.7633008360862732
Constrained alpha: 2.6864821910858154
Constrained beta: 4.400733947753906
Constrained gamma: 35.50400924682617
>>>>>>> bf5bffb69ec4a318117f0a4aa6bdaab926d87e87
(1, 13)
(1, 0)
data before
[ 0.00000000e+00  0.00000000e+00  0.00000000e+00  0.00000000e+00
  0.00000000e+00  0.00000000e+00  0.00000000e+00  0.00000000e+00
  0.00000000e+00  0.00000000e+00  2.48877310e-05  7.47631389e-04
  2.18234516e-02  1.91699577e-01  5.12937393e-01  9.43780682e-01
  1.56189578e+00  2.51692528e+00  3.67624880e+00  5.63534866e+00
  8.43017731e+00  1.14283292e+01  1.62298302e+01  2.43121628e+01
  2.74469542e+01  2.78409948e+01  2.79040311e+01  2.70292123e+01
  2.52070068e+01  2.20016679e+01  1.76629582e+01  1.27906567e+01
  8.15789484e+00  4.49907069e+00  2.03325559e+00  6.93542815e-01
  1.56041644e-01  3.16052534e-02 -8.77655367e-06  0.00000000e+00
  0.00000000e+00]
9
data after
[23.491609450001118, 27.65815944666594, 24.31216278621167, 27.446954207054972, 27.84099481357336, 27.904031083468794, 27.029212343204467, 25.207006754561217, 22.001667945056557, 46.02501703849734]
8
data,sig_tot
[23.49160945 27.65815945 24.31216279 27.44695421 27.84099481 27.90403108
 27.02921234 25.20700675 22.00166795 46.02501704 26.55578305 20.5462755
 21.54085061]
[23.49160945 27.65815945 24.31216279 27.44695421 27.84099481 27.90403108
 27.02921234 25.20700675 22.00166795 46.02501704 26.55578305 20.5462755
 21.54085061]
<<<<<<< HEAD
4.143406631538383 0.9379263877849953 62.628714831139256
val isze = 0
idinces = [ 3  7 11  6  8  2 12  5 10  1  0  4  9]
=======
0.9055076060933986 9.055379787937582 19.066952284988435
val isze = 0
idinces = [10  7  6 12  1  5  0  3 11  8  2  4  9]
training loss = 1.3933254480361938 500
training loss = 1.2547909021377563 1000
reduced chi^2 level 2 = 1.2578405141830444
Constrained alpha: 2.734966993331909
Constrained beta: 3.305227041244507
Constrained gamma: 2.805030107498169
>>>>>>> bf5bffb69ec4a318117f0a4aa6bdaab926d87e87
(1, 13)
(1, 0)
data before
[ 0.00000000e+00  0.00000000e+00  0.00000000e+00  0.00000000e+00
  0.00000000e+00  0.00000000e+00  0.00000000e+00  0.00000000e+00
  0.00000000e+00  0.00000000e+00  2.48877310e-05  7.47631389e-04
  2.18234516e-02  1.91699577e-01  5.12937393e-01  9.43780682e-01
  1.56189578e+00  2.51692528e+00  3.67624880e+00  5.63534866e+00
  8.43017731e+00  1.14283292e+01  1.62298302e+01  2.43121628e+01
  2.74469542e+01  2.78409948e+01  2.79040311e+01  2.70292123e+01
  2.52070068e+01  2.20016679e+01  1.76629582e+01  1.27906567e+01
  8.15789484e+00  4.49907069e+00  2.03325559e+00  6.93542815e-01
  1.56041644e-01  3.16052534e-02 -8.77655367e-06  0.00000000e+00
  0.00000000e+00]
9
data after
[23.491609450001118, 27.65815944666594, 24.31216278621167, 27.446954207054972, 27.84099481357336, 27.904031083468794, 27.029212343204467, 25.207006754561217, 22.001667945056557, 46.02501703849734]
8
data,sig_tot
[23.49160945 27.65815945 24.31216279 27.44695421 27.84099481 27.90403108
 27.02921234 25.20700675 22.00166795 46.02501704 26.55578305 20.5462755
 21.54085061]
[23.49160945 27.65815945 24.31216279 27.44695421 27.84099481 27.90403108
 27.02921234 25.20700675 22.00166795 46.02501704 26.55578305 20.5462755
 21.54085061]
<<<<<<< HEAD
4.143406631538383 0.9379263877849953 62.628714831139256
val isze = 0
idinces = [ 3  7 11  6  8  2 12  5 10  1  0  4  9]
=======
4.197968168237083 12.048043831405042 33.40295179442172
val isze = 0
idinces = [ 2 12  9 10  3  0  6  8 11  7  4  5  1]
training loss = 15.072393417358398 500
training loss = 14.761841773986816 1000
training loss = 14.384010314941406 1500
training loss = 13.686397552490234 2000
training loss = 11.673995971679688 2500
training loss = 4.4405364990234375 3000
training loss = 2.440741777420044 3500
training loss = 2.0583367347717285 4000
training loss = 1.8611280918121338 4500
training loss = 1.7571337223052979 5000
reduced chi^2 level 2 = 1.7569853067398071
Constrained alpha: 3.829692840576172
Constrained beta: 9.194002151489258
Constrained gamma: 30.774686813354492
>>>>>>> bf5bffb69ec4a318117f0a4aa6bdaab926d87e87
(1, 13)
(1, 0)
data before
[ 0.00000000e+00  0.00000000e+00  0.00000000e+00  0.00000000e+00
  0.00000000e+00  0.00000000e+00  0.00000000e+00  0.00000000e+00
  0.00000000e+00  0.00000000e+00  2.48877310e-05  7.47631389e-04
  2.18234516e-02  1.91699577e-01  5.12937393e-01  9.43780682e-01
  1.56189578e+00  2.51692528e+00  3.67624880e+00  5.63534866e+00
  8.43017731e+00  1.14283292e+01  1.62298302e+01  2.43121628e+01
  2.74469542e+01  2.78409948e+01  2.79040311e+01  2.70292123e+01
  2.52070068e+01  2.20016679e+01  1.76629582e+01  1.27906567e+01
  8.15789484e+00  4.49907069e+00  2.03325559e+00  6.93542815e-01
  1.56041644e-01  3.16052534e-02 -8.77655367e-06  0.00000000e+00
  0.00000000e+00]
9
data after
[23.491609450001118, 27.65815944666594, 24.31216278621167, 27.446954207054972, 27.84099481357336, 27.904031083468794, 27.029212343204467, 25.207006754561217, 22.001667945056557, 46.02501703849734]
8
data,sig_tot
[23.49160945 27.65815945 24.31216279 27.44695421 27.84099481 27.90403108
 27.02921234 25.20700675 22.00166795 46.02501704 26.55578305 20.5462755
 21.54085061]
[23.49160945 27.65815945 24.31216279 27.44695421 27.84099481 27.90403108
 27.02921234 25.20700675 22.00166795 46.02501704 26.55578305 20.5462755
 21.54085061]
<<<<<<< HEAD
4.143406631538383 0.9379263877849953 62.628714831139256
val isze = 0
idinces = [ 3  7 11  6  8  2 12  5 10  1  0  4  9]
training loss = 5.265385627746582 500
training loss = 3.3784074783325195 1000
training loss = 2.652437925338745 1500
training loss = 2.116658926010132 2000
training loss = 1.6320810317993164 2500
training loss = 1.2473019361495972 3000
training loss = 1.033894658088684 3500
training loss = 0.943729817867279 4000
training loss = 0.8792773485183716 4500
training loss = 0.805633008480072 5000
training loss = 0.7217483520507812 5500
training loss = 0.6314732432365417 6000
training loss = 0.5386212468147278 6500
training loss = 0.44625556468963623 7000
reduced chi^2 level 2 = 0.4460728168487549
Constrained alpha: 3.694279432296753
Constrained beta: 1.462160587310791
Constrained gamma: 61.98212432861328
=======
0.2487556851496453 19.95139469982337 17.21764936003739
val isze = 0
idinces = [ 4  8 10 11  7  0  1  9  3  5  2 12  6]
training loss = 0.7597741484642029 500
training loss = 0.31655195355415344 1000
reduced chi^2 level 2 = 0.30388957262039185
Constrained alpha: 2.93607234954834
Constrained beta: 3.5205352306365967
Constrained gamma: 1.9026638269424438
>>>>>>> bf5bffb69ec4a318117f0a4aa6bdaab926d87e87
(1, 13)
(1, 0)
data before
[ 0.00000000e+00  0.00000000e+00  0.00000000e+00  0.00000000e+00
  0.00000000e+00  0.00000000e+00  0.00000000e+00  0.00000000e+00
  0.00000000e+00  0.00000000e+00  2.48877310e-05  7.47631389e-04
  2.18234516e-02  1.91699577e-01  5.12937393e-01  9.43780682e-01
  1.56189578e+00  2.51692528e+00  3.67624880e+00  5.63534866e+00
  8.43017731e+00  1.14283292e+01  1.62298302e+01  2.43121628e+01
  2.74469542e+01  2.78409948e+01  2.79040311e+01  2.70292123e+01
  2.52070068e+01  2.20016679e+01  1.76629582e+01  1.27906567e+01
  8.15789484e+00  4.49907069e+00  2.03325559e+00  6.93542815e-01
  1.56041644e-01  3.16052534e-02 -8.77655367e-06  0.00000000e+00
  0.00000000e+00]
9
data after
[23.491609450001118, 27.65815944666594, 24.31216278621167, 27.446954207054972, 27.84099481357336, 27.904031083468794, 27.029212343204467, 25.207006754561217, 22.001667945056557, 46.02501703849734]
8
data,sig_tot
[23.49160945 27.65815945 24.31216279 27.44695421 27.84099481 27.90403108
 27.02921234 25.20700675 22.00166795 46.02501704 26.55578305 20.5462755
 21.54085061]
[23.49160945 27.65815945 24.31216279 27.44695421 27.84099481 27.90403108
 27.02921234 25.20700675 22.00166795 46.02501704 26.55578305 20.5462755
 21.54085061]
<<<<<<< HEAD
4.143406631538383 0.9379263877849953 62.628714831139256
val isze = 0
idinces = [ 3  7 11  6  8  2 12  5 10  1  0  4  9]
=======
2.119898796934848 14.995931065059619 97.29945137300895
val isze = 0
idinces = [ 6  8  9  7  5  2  3 12 10  0  4 11  1]
training loss = 0.6832892894744873 500
training loss = 0.6980180144309998 1000
training loss = 0.6225540041923523 1500
training loss = 0.6143184900283813 2000
training loss = 0.6052207946777344 2500
training loss = 0.5976911783218384 3000
training loss = 0.5929931998252869 3500
training loss = 0.6280855536460876 4000
training loss = 0.5722330212593079 4500
training loss = 0.5688322186470032 5000
reduced chi^2 level 2 = 0.5688368082046509
Constrained alpha: 2.941568613052368
Constrained beta: -0.004822142422199249
Constrained gamma: 3.8956828117370605
>>>>>>> bf5bffb69ec4a318117f0a4aa6bdaab926d87e87
(1, 13)
(1, 0)
data before
[ 0.00000000e+00  0.00000000e+00  0.00000000e+00  0.00000000e+00
  0.00000000e+00  0.00000000e+00  0.00000000e+00  0.00000000e+00
  0.00000000e+00  0.00000000e+00  2.48877310e-05  7.47631389e-04
  2.18234516e-02  1.91699577e-01  5.12937393e-01  9.43780682e-01
  1.56189578e+00  2.51692528e+00  3.67624880e+00  5.63534866e+00
  8.43017731e+00  1.14283292e+01  1.62298302e+01  2.43121628e+01
  2.74469542e+01  2.78409948e+01  2.79040311e+01  2.70292123e+01
  2.52070068e+01  2.20016679e+01  1.76629582e+01  1.27906567e+01
  8.15789484e+00  4.49907069e+00  2.03325559e+00  6.93542815e-01
  1.56041644e-01  3.16052534e-02 -8.77655367e-06  0.00000000e+00
  0.00000000e+00]
9
data after
[23.491609450001118, 27.65815944666594, 24.31216278621167, 27.446954207054972, 27.84099481357336, 27.904031083468794, 27.029212343204467, 25.207006754561217, 22.001667945056557, 46.02501703849734]
8
data,sig_tot
[23.49160945 27.65815945 24.31216279 27.44695421 27.84099481 27.90403108
 27.02921234 25.20700675 22.00166795 46.02501704 26.55578305 20.5462755
 21.54085061]
[23.49160945 27.65815945 24.31216279 27.44695421 27.84099481 27.90403108
 27.02921234 25.20700675 22.00166795 46.02501704 26.55578305 20.5462755
 21.54085061]
<<<<<<< HEAD
4.143406631538383 0.9379263877849953 62.628714831139256
val isze = 0
idinces = [ 3  7 11  6  8  2 12  5 10  1  0  4  9]
training loss = 7.114687442779541 500
training loss = 4.159767150878906 1000
training loss = 3.3722996711730957 1500
training loss = 3.0628583431243896 2000
training loss = 2.703911781311035 2500
training loss = 2.3213107585906982 3000
training loss = 1.9532936811447144 3500
training loss = 1.6431585550308228 4000
training loss = 1.4228029251098633 4500
training loss = 1.296061396598816 5000
training loss = 1.236088752746582 5500
training loss = 1.2056400775909424 6000
training loss = 1.1799604892730713 6500
training loss = 1.1487619876861572 7000
reduced chi^2 level 2 = 1.1486917734146118
Constrained alpha: 3.710888624191284
Constrained beta: 1.2809484004974365
Constrained gamma: 62.095306396484375
=======
2.437921911770765 18.282813226858824 60.93502886804514
val isze = 0
idinces = [ 0 11 10  4 12  9  7  5  1  8  6  2  3]
training loss = 1.2112048864364624 500
training loss = 0.5402055382728577 1000
reduced chi^2 level 2 = 0.5389593839645386
Constrained alpha: 2.811485528945923
Constrained beta: 3.5289742946624756
Constrained gamma: 25.66265296936035
>>>>>>> bf5bffb69ec4a318117f0a4aa6bdaab926d87e87
(1, 13)
(1, 0)
data before
[ 0.00000000e+00  0.00000000e+00  0.00000000e+00  0.00000000e+00
  0.00000000e+00  0.00000000e+00  0.00000000e+00  0.00000000e+00
  0.00000000e+00  0.00000000e+00  2.48877310e-05  7.47631389e-04
  2.18234516e-02  1.91699577e-01  5.12937393e-01  9.43780682e-01
  1.56189578e+00  2.51692528e+00  3.67624880e+00  5.63534866e+00
  8.43017731e+00  1.14283292e+01  1.62298302e+01  2.43121628e+01
  2.74469542e+01  2.78409948e+01  2.79040311e+01  2.70292123e+01
  2.52070068e+01  2.20016679e+01  1.76629582e+01  1.27906567e+01
  8.15789484e+00  4.49907069e+00  2.03325559e+00  6.93542815e-01
  1.56041644e-01  3.16052534e-02 -8.77655367e-06  0.00000000e+00
  0.00000000e+00]
9
data after
[23.491609450001118, 27.65815944666594, 24.31216278621167, 27.446954207054972, 27.84099481357336, 27.904031083468794, 27.029212343204467, 25.207006754561217, 22.001667945056557, 46.02501703849734]
8
data,sig_tot
[23.49160945 27.65815945 24.31216279 27.44695421 27.84099481 27.90403108
 27.02921234 25.20700675 22.00166795 46.02501704 26.55578305 20.5462755
 21.54085061]
[23.49160945 27.65815945 24.31216279 27.44695421 27.84099481 27.90403108
 27.02921234 25.20700675 22.00166795 46.02501704 26.55578305 20.5462755
 21.54085061]
<<<<<<< HEAD
4.143406631538383 0.9379263877849953 62.628714831139256
val isze = 0
idinces = [ 3  7 11  6  8  2 12  5 10  1  0  4  9]
=======
3.993237298909535 9.856392732314754 16.50631870394519
val isze = 0
idinces = [12  8  0  6  9  1  7  3  2  5  4 10 11]
training loss = 10.18361759185791 500
training loss = 5.936550140380859 1000
training loss = 1.4675689935684204 1500
training loss = 1.4271416664123535 2000
training loss = 1.4213396310806274 2500
training loss = 1.4160314798355103 3000
training loss = 1.4121499061584473 3500
training loss = 1.4103363752365112 4000
reduced chi^2 level 2 = 1.4105437994003296
Constrained alpha: 3.2321937084198
Constrained beta: 1.785054326057434
Constrained gamma: 8.49238395690918
>>>>>>> bf5bffb69ec4a318117f0a4aa6bdaab926d87e87
(1, 13)
(1, 0)
data before
[ 0.00000000e+00  0.00000000e+00  0.00000000e+00  0.00000000e+00
  0.00000000e+00  0.00000000e+00  0.00000000e+00  0.00000000e+00
  0.00000000e+00  0.00000000e+00  2.48877310e-05  7.47631389e-04
  2.18234516e-02  1.91699577e-01  5.12937393e-01  9.43780682e-01
  1.56189578e+00  2.51692528e+00  3.67624880e+00  5.63534866e+00
  8.43017731e+00  1.14283292e+01  1.62298302e+01  2.43121628e+01
  2.74469542e+01  2.78409948e+01  2.79040311e+01  2.70292123e+01
  2.52070068e+01  2.20016679e+01  1.76629582e+01  1.27906567e+01
  8.15789484e+00  4.49907069e+00  2.03325559e+00  6.93542815e-01
  1.56041644e-01  3.16052534e-02 -8.77655367e-06  0.00000000e+00
  0.00000000e+00]
9
data after
[23.491609450001118, 27.65815944666594, 24.31216278621167, 27.446954207054972, 27.84099481357336, 27.904031083468794, 27.029212343204467, 25.207006754561217, 22.001667945056557, 46.02501703849734]
8
data,sig_tot
[23.49160945 27.65815945 24.31216279 27.44695421 27.84099481 27.90403108
 27.02921234 25.20700675 22.00166795 46.02501704 26.55578305 20.5462755
 21.54085061]
[23.49160945 27.65815945 24.31216279 27.44695421 27.84099481 27.90403108
 27.02921234 25.20700675 22.00166795 46.02501704 26.55578305 20.5462755
 21.54085061]
<<<<<<< HEAD
4.143406631538383 0.9379263877849953 62.628714831139256
val isze = 0
idinces = [ 3  7 11  6  8  2 12  5 10  1  0  4  9]
training loss = 4.575759410858154 500
training loss = 3.096776008605957 1000
training loss = 2.4234509468078613 1500
training loss = 1.891831398010254 2000
training loss = 1.444887638092041 2500
training loss = 1.153495192527771 3000
training loss = 1.0315494537353516 3500
training loss = 0.9789607524871826 4000
training loss = 0.9269861578941345 4500
training loss = 0.8617061972618103 5000
training loss = 0.7814658284187317 5500
training loss = 0.6856603622436523 6000
training loss = 0.575127363204956 6500
training loss = 0.4542689025402069 7000
reduced chi^2 level 2 = 0.45402172207832336
Constrained alpha: 3.700714588165283
Constrained beta: 1.4730348587036133
Constrained gamma: 62.050689697265625
=======
4.850114336041585 4.944826283887114 94.58495667836085
val isze = 0
idinces = [ 2  3 10 12  1  5 11  8  6  9  7  0  4]
training loss = 128.59262084960938 500
training loss = 40.83354568481445 1000
training loss = 28.89175796508789 1500
training loss = 25.69684410095215 2000
training loss = 24.579736709594727 2500
training loss = 24.132320404052734 3000
training loss = 23.935911178588867 3500
training loss = 23.835737228393555 4000
training loss = 23.765100479125977 4500
training loss = 23.690885543823242 5000
>>>>>>> bf5bffb69ec4a318117f0a4aa6bdaab926d87e87
(1, 13)
(1, 0)
