data before
[ 0.00000000e+00  0.00000000e+00  0.00000000e+00  0.00000000e+00
  0.00000000e+00  0.00000000e+00  0.00000000e+00  0.00000000e+00
  0.00000000e+00  0.00000000e+00  2.48877310e-05  7.47631389e-04
  2.18234516e-02  1.91699577e-01  5.12937393e-01  9.43780682e-01
  1.56189578e+00  2.51692528e+00  3.67624880e+00  5.63534866e+00
  8.43017731e+00  1.14283292e+01  1.62298302e+01  2.43121628e+01
  2.74469542e+01  2.78409948e+01  2.79040311e+01  2.70292123e+01
  2.52070068e+01  2.20016679e+01  1.76629582e+01  1.27906567e+01
  8.15789484e+00  4.49907069e+00  2.03325559e+00  6.93542815e-01
  1.56041644e-01  3.16052534e-02 -8.77655367e-06  0.00000000e+00
  0.00000000e+00]
9
data after
[23.491609450001118, 27.65815944666594, 24.31216278621167, 27.446954207054972, 27.84099481357336, 27.904031083468794, 27.029212343204467, 25.207006754561217, 22.001667945056557, 46.02501703849734]
8
data,sig_tot
[23.49160945 27.65815945 24.31216279 27.44695421 27.84099481 27.90403108
 27.02921234 25.20700675 22.00166795 46.02501704 26.55578305 20.5462755
 21.54085061]
[23.49160945 27.65815945 24.31216279 27.44695421 27.84099481 27.90403108
 27.02921234 25.20700675 22.00166795 46.02501704 26.55578305 20.5462755
 21.54085061]
<<<<<<< HEAD
0.8191393708238415 10.34898099578076 54.01014482607963
val isze = 0
idinces = [ 3  7 11  6  8  2 12  5 10  1  0  4  9]
training loss = 0.14427854120731354 500
training loss = 0.07512106001377106 1000
training loss = 0.040099453181028366 1500
training loss = 0.035789355635643005 2000
reduced chi^2 level 2 = 0.03627956658601761
Constrained alpha: 2.381040573120117
Constrained beta: 6.154830455780029
Constrained gamma: 15.619682312011719
=======
0.19937888823759187 9.505326922746853 95.30439580316681
val isze = 0
idinces = [ 5  7  0 12  4  8 10  1  3  9 11  2  6]
training loss = 0.8097488880157471 500
training loss = 0.4485762119293213 1000
training loss = 0.3747693598270416 1500
reduced chi^2 level 2 = 0.37697097659111023
Constrained alpha: 2.9706175327301025
Constrained beta: 3.248426675796509
Constrained gamma: 48.30230712890625
>>>>>>> bf5bffb69ec4a318117f0a4aa6bdaab926d87e87
(1, 13)
(1, 0)
data before
[ 0.00000000e+00  0.00000000e+00  0.00000000e+00  0.00000000e+00
  0.00000000e+00  0.00000000e+00  0.00000000e+00  0.00000000e+00
  0.00000000e+00  0.00000000e+00  2.48877310e-05  7.47631389e-04
  2.18234516e-02  1.91699577e-01  5.12937393e-01  9.43780682e-01
  1.56189578e+00  2.51692528e+00  3.67624880e+00  5.63534866e+00
  8.43017731e+00  1.14283292e+01  1.62298302e+01  2.43121628e+01
  2.74469542e+01  2.78409948e+01  2.79040311e+01  2.70292123e+01
  2.52070068e+01  2.20016679e+01  1.76629582e+01  1.27906567e+01
  8.15789484e+00  4.49907069e+00  2.03325559e+00  6.93542815e-01
  1.56041644e-01  3.16052534e-02 -8.77655367e-06  0.00000000e+00
  0.00000000e+00]
9
data after
[23.491609450001118, 27.65815944666594, 24.31216278621167, 27.446954207054972, 27.84099481357336, 27.904031083468794, 27.029212343204467, 25.207006754561217, 22.001667945056557, 46.02501703849734]
8
data,sig_tot
[23.49160945 27.65815945 24.31216279 27.44695421 27.84099481 27.90403108
 27.02921234 25.20700675 22.00166795 46.02501704 26.55578305 20.5462755
 21.54085061]
[23.49160945 27.65815945 24.31216279 27.44695421 27.84099481 27.90403108
 27.02921234 25.20700675 22.00166795 46.02501704 26.55578305 20.5462755
 21.54085061]
<<<<<<< HEAD
4.143406631538383 0.9379263877849953 62.628714831139256
val isze = 0
idinces = [ 3  7 11  6  8  2 12  5 10  1  0  4  9]
training loss = 4.506938457489014 500
training loss = 3.8797109127044678 1000
training loss = 3.4569215774536133 1500
training loss = 3.109797954559326 2000
training loss = 2.726198196411133 2500
training loss = 2.232354164123535 3000
training loss = 1.6009234189987183 3500
training loss = 1.0836420059204102 4000
training loss = 0.9136135578155518 4500
training loss = 0.8328017592430115 5000
training loss = 0.7469267845153809 5500
training loss = 0.6549579501152039 6000
training loss = 0.5605139136314392 6500
training loss = 0.46846216917037964 7000
reduced chi^2 level 2 = 0.46828463673591614
Constrained alpha: 3.725641965866089
Constrained beta: 1.364098310470581
Constrained gamma: 62.06946563720703
=======
4.474139365507167 14.06547179570611 70.1262992997306
val isze = 0
idinces = [12  9  6  1  7 11 10  3  5  4  8  0  2]
>>>>>>> bf5bffb69ec4a318117f0a4aa6bdaab926d87e87
(1, 13)
(1, 0)
data before
[ 0.00000000e+00  0.00000000e+00  0.00000000e+00  0.00000000e+00
  0.00000000e+00  0.00000000e+00  0.00000000e+00  0.00000000e+00
  0.00000000e+00  0.00000000e+00  2.48877310e-05  7.47631389e-04
  2.18234516e-02  1.91699577e-01  5.12937393e-01  9.43780682e-01
  1.56189578e+00  2.51692528e+00  3.67624880e+00  5.63534866e+00
  8.43017731e+00  1.14283292e+01  1.62298302e+01  2.43121628e+01
  2.74469542e+01  2.78409948e+01  2.79040311e+01  2.70292123e+01
  2.52070068e+01  2.20016679e+01  1.76629582e+01  1.27906567e+01
  8.15789484e+00  4.49907069e+00  2.03325559e+00  6.93542815e-01
  1.56041644e-01  3.16052534e-02 -8.77655367e-06  0.00000000e+00
  0.00000000e+00]
9
data after
[23.491609450001118, 27.65815944666594, 24.31216278621167, 27.446954207054972, 27.84099481357336, 27.904031083468794, 27.029212343204467, 25.207006754561217, 22.001667945056557, 46.02501703849734]
8
data,sig_tot
[23.49160945 27.65815945 24.31216279 27.44695421 27.84099481 27.90403108
 27.02921234 25.20700675 22.00166795 46.02501704 26.55578305 20.5462755
 21.54085061]
[23.49160945 27.65815945 24.31216279 27.44695421 27.84099481 27.90403108
 27.02921234 25.20700675 22.00166795 46.02501704 26.55578305 20.5462755
 21.54085061]
<<<<<<< HEAD
4.143406631538383 0.9379263877849953 62.628714831139256
val isze = 0
idinces = [ 3  7 11  6  8  2 12  5 10  1  0  4  9]
training loss = 6.284722328186035 500
training loss = 5.057703018188477 1000
training loss = 3.1078872680664062 1500
training loss = 1.791223406791687 2000
training loss = 1.3091850280761719 2500
training loss = 0.9509536027908325 3000
training loss = 0.7916748523712158 3500
training loss = 0.7007890343666077 4000
training loss = 0.6111068725585938 4500
training loss = 0.5223287343978882 5000
training loss = 0.43944182991981506 5500
training loss = 0.3654875159263611 6000
training loss = 0.30172353982925415 6500
training loss = 0.2479318231344223 7000
reduced chi^2 level 2 = 0.24783387780189514
Constrained alpha: 3.639700412750244
Constrained beta: 1.56068754196167
Constrained gamma: 61.93608474731445
=======
3.482363056488558 13.836027272844927 89.19235384313346
val isze = 0
idinces = [ 2  7 10  6 12  0  1  4  3 11  9  8  5]
training loss = 9.916722297668457 500
training loss = 7.078012466430664 1000
training loss = 2.573045015335083 1500
training loss = 0.5304754972457886 2000
reduced chi^2 level 2 = 0.5229177474975586
Constrained alpha: 2.4754481315612793
Constrained beta: 5.079606056213379
Constrained gamma: 51.772743225097656
>>>>>>> bf5bffb69ec4a318117f0a4aa6bdaab926d87e87
(1, 13)
(1, 0)
data before
[ 0.00000000e+00  0.00000000e+00  0.00000000e+00  0.00000000e+00
  0.00000000e+00  0.00000000e+00  0.00000000e+00  0.00000000e+00
  0.00000000e+00  0.00000000e+00  2.48877310e-05  7.47631389e-04
  2.18234516e-02  1.91699577e-01  5.12937393e-01  9.43780682e-01
  1.56189578e+00  2.51692528e+00  3.67624880e+00  5.63534866e+00
  8.43017731e+00  1.14283292e+01  1.62298302e+01  2.43121628e+01
  2.74469542e+01  2.78409948e+01  2.79040311e+01  2.70292123e+01
  2.52070068e+01  2.20016679e+01  1.76629582e+01  1.27906567e+01
  8.15789484e+00  4.49907069e+00  2.03325559e+00  6.93542815e-01
  1.56041644e-01  3.16052534e-02 -8.77655367e-06  0.00000000e+00
  0.00000000e+00]
9
data after
[23.491609450001118, 27.65815944666594, 24.31216278621167, 27.446954207054972, 27.84099481357336, 27.904031083468794, 27.029212343204467, 25.207006754561217, 22.001667945056557, 46.02501703849734]
8
data,sig_tot
[23.49160945 27.65815945 24.31216279 27.44695421 27.84099481 27.90403108
 27.02921234 25.20700675 22.00166795 46.02501704 26.55578305 20.5462755
 21.54085061]
[23.49160945 27.65815945 24.31216279 27.44695421 27.84099481 27.90403108
 27.02921234 25.20700675 22.00166795 46.02501704 26.55578305 20.5462755
 21.54085061]
<<<<<<< HEAD
4.143406631538383 0.9379263877849953 62.628714831139256
val isze = 0
idinces = [ 3  7 11  6  8  2 12  5 10  1  0  4  9]
training loss = 2.5515336990356445 500
training loss = 1.4828548431396484 1000
training loss = 1.091488242149353 1500
training loss = 0.9867443442344666 2000
training loss = 0.9257012009620667 2500
training loss = 0.8440226912498474 3000
training loss = 0.7409342527389526 3500
training loss = 0.6252476572990417 4000
training loss = 0.5020409822463989 4500
training loss = 0.37142306566238403 5000
training loss = 0.23833368718624115 5500
training loss = 0.1276063174009323 6000
training loss = 0.06241866573691368 6500
training loss = 0.03689907118678093 7000
reduced chi^2 level 2 = 0.03687376156449318
Constrained alpha: 3.6781630516052246
Constrained beta: 1.4893194437026978
Constrained gamma: 61.9716796875
=======
2.811563801136377 10.103616906139163 4.731922330013516
val isze = 0
idinces = [10  8  5  9  7  6  3  2  1 12  0  4 11]
training loss = 0.9050030708312988 500
reduced chi^2 level 2 = 0.9276137351989746
Constrained alpha: 2.8331305980682373
Constrained beta: 3.9637880325317383
Constrained gamma: 3.5566928386688232
>>>>>>> bf5bffb69ec4a318117f0a4aa6bdaab926d87e87
(1, 13)
(1, 0)
data before
[ 0.00000000e+00  0.00000000e+00  0.00000000e+00  0.00000000e+00
  0.00000000e+00  0.00000000e+00  0.00000000e+00  0.00000000e+00
  0.00000000e+00  0.00000000e+00  2.48877310e-05  7.47631389e-04
  2.18234516e-02  1.91699577e-01  5.12937393e-01  9.43780682e-01
  1.56189578e+00  2.51692528e+00  3.67624880e+00  5.63534866e+00
  8.43017731e+00  1.14283292e+01  1.62298302e+01  2.43121628e+01
  2.74469542e+01  2.78409948e+01  2.79040311e+01  2.70292123e+01
  2.52070068e+01  2.20016679e+01  1.76629582e+01  1.27906567e+01
  8.15789484e+00  4.49907069e+00  2.03325559e+00  6.93542815e-01
  1.56041644e-01  3.16052534e-02 -8.77655367e-06  0.00000000e+00
  0.00000000e+00]
9
data after
[23.491609450001118, 27.65815944666594, 24.31216278621167, 27.446954207054972, 27.84099481357336, 27.904031083468794, 27.029212343204467, 25.207006754561217, 22.001667945056557, 46.02501703849734]
8
data,sig_tot
[23.49160945 27.65815945 24.31216279 27.44695421 27.84099481 27.90403108
 27.02921234 25.20700675 22.00166795 46.02501704 26.55578305 20.5462755
 21.54085061]
[23.49160945 27.65815945 24.31216279 27.44695421 27.84099481 27.90403108
 27.02921234 25.20700675 22.00166795 46.02501704 26.55578305 20.5462755
 21.54085061]
<<<<<<< HEAD
4.143406631538383 0.9379263877849953 62.628714831139256
val isze = 0
idinces = [ 3  7 11  6  8  2 12  5 10  1  0  4  9]
training loss = 3.676593542098999 500
training loss = 3.3899452686309814 1000
training loss = 3.142427682876587 1500
training loss = 2.856663227081299 2000
training loss = 2.519080638885498 2500
training loss = 2.1178386211395264 3000
training loss = 1.6784930229187012 3500
training loss = 1.3143492937088013 4000
training loss = 1.1331151723861694 4500
training loss = 1.064082145690918 5000
training loss = 1.007393479347229 5500
training loss = 0.937407910823822 6000
training loss = 0.8519555926322937 6500
training loss = 0.7525350451469421 7000
reduced chi^2 level 2 = 0.7523239850997925
Constrained alpha: 3.695020914077759
Constrained beta: 1.3409558534622192
Constrained gamma: 61.992332458496094
=======
4.292735809820767 16.804424352677508 61.019834497002215
val isze = 0
idinces = [ 8  0 11  4  7 10  2  1  9  5  3 12  6]
training loss = 17.195110321044922 500
training loss = 17.102336883544922 1000
training loss = 17.016321182250977 1500
training loss = 16.911991119384766 2000
training loss = 16.776668548583984 2500
training loss = 16.587421417236328 3000
training loss = 16.290475845336914 3500
training loss = 15.744223594665527 4000
training loss = 14.473682403564453 4500
training loss = 10.318610191345215 5000
>>>>>>> bf5bffb69ec4a318117f0a4aa6bdaab926d87e87
(1, 13)
(1, 0)
data before
[ 0.00000000e+00  0.00000000e+00  0.00000000e+00  0.00000000e+00
  0.00000000e+00  0.00000000e+00  0.00000000e+00  0.00000000e+00
  0.00000000e+00  0.00000000e+00  2.48877310e-05  7.47631389e-04
  2.18234516e-02  1.91699577e-01  5.12937393e-01  9.43780682e-01
  1.56189578e+00  2.51692528e+00  3.67624880e+00  5.63534866e+00
  8.43017731e+00  1.14283292e+01  1.62298302e+01  2.43121628e+01
  2.74469542e+01  2.78409948e+01  2.79040311e+01  2.70292123e+01
  2.52070068e+01  2.20016679e+01  1.76629582e+01  1.27906567e+01
  8.15789484e+00  4.49907069e+00  2.03325559e+00  6.93542815e-01
  1.56041644e-01  3.16052534e-02 -8.77655367e-06  0.00000000e+00
  0.00000000e+00]
9
data after
[23.491609450001118, 27.65815944666594, 24.31216278621167, 27.446954207054972, 27.84099481357336, 27.904031083468794, 27.029212343204467, 25.207006754561217, 22.001667945056557, 46.02501703849734]
8
data,sig_tot
[23.49160945 27.65815945 24.31216279 27.44695421 27.84099481 27.90403108
 27.02921234 25.20700675 22.00166795 46.02501704 26.55578305 20.5462755
 21.54085061]
[23.49160945 27.65815945 24.31216279 27.44695421 27.84099481 27.90403108
 27.02921234 25.20700675 22.00166795 46.02501704 26.55578305 20.5462755
 21.54085061]
<<<<<<< HEAD
4.143406631538383 0.9379263877849953 62.628714831139256
val isze = 0
idinces = [ 3  7 11  6  8  2 12  5 10  1  0  4  9]
training loss = 241.42694091796875 500
training loss = 30.94158172607422 1000
training loss = 4.379335880279541 1500
training loss = 1.3908028602600098 2000
training loss = 1.0117346048355103 2500
training loss = 0.9226661324501038 3000
training loss = 0.8896726965904236 3500
training loss = 0.866685688495636 4000
training loss = 0.8409241437911987 4500
training loss = 0.8104792833328247 5000
training loss = 0.7753087282180786 5500
training loss = 0.7360330820083618 6000
training loss = 0.694045901298523 6500
training loss = 0.6515952944755554 7000
reduced chi^2 level 2 = 0.6515122652053833
Constrained alpha: 3.2555086612701416
Constrained beta: 2.009624719619751
Constrained gamma: 61.564971923828125
=======
0.46808895029833153 6.134794868721087 17.023857070090564
val isze = 0
idinces = [ 3  1  2  7 12  4  8  0  5  9 11  6 10]
training loss = 1.053415060043335 500
training loss = 0.7688025236129761 1000
training loss = 0.7501431703567505 1500
reduced chi^2 level 2 = 0.7505788803100586
Constrained alpha: 3.182069778442383
Constrained beta: 1.41294527053833
Constrained gamma: 1.635652780532837
>>>>>>> bf5bffb69ec4a318117f0a4aa6bdaab926d87e87
(1, 13)
(1, 0)
data before
[ 0.00000000e+00  0.00000000e+00  0.00000000e+00  0.00000000e+00
  0.00000000e+00  0.00000000e+00  0.00000000e+00  0.00000000e+00
  0.00000000e+00  0.00000000e+00  2.48877310e-05  7.47631389e-04
  2.18234516e-02  1.91699577e-01  5.12937393e-01  9.43780682e-01
  1.56189578e+00  2.51692528e+00  3.67624880e+00  5.63534866e+00
  8.43017731e+00  1.14283292e+01  1.62298302e+01  2.43121628e+01
  2.74469542e+01  2.78409948e+01  2.79040311e+01  2.70292123e+01
  2.52070068e+01  2.20016679e+01  1.76629582e+01  1.27906567e+01
  8.15789484e+00  4.49907069e+00  2.03325559e+00  6.93542815e-01
  1.56041644e-01  3.16052534e-02 -8.77655367e-06  0.00000000e+00
  0.00000000e+00]
9
data after
[23.491609450001118, 27.65815944666594, 24.31216278621167, 27.446954207054972, 27.84099481357336, 27.904031083468794, 27.029212343204467, 25.207006754561217, 22.001667945056557, 46.02501703849734]
8
data,sig_tot
[23.49160945 27.65815945 24.31216279 27.44695421 27.84099481 27.90403108
 27.02921234 25.20700675 22.00166795 46.02501704 26.55578305 20.5462755
 21.54085061]
[23.49160945 27.65815945 24.31216279 27.44695421 27.84099481 27.90403108
 27.02921234 25.20700675 22.00166795 46.02501704 26.55578305 20.5462755
 21.54085061]
<<<<<<< HEAD
4.143406631538383 0.9379263877849953 62.628714831139256
val isze = 0
idinces = [ 3  7 11  6  8  2 12  5 10  1  0  4  9]
training loss = 4.4366583824157715 500
training loss = 3.713855504989624 1000
training loss = 3.422032356262207 1500
training loss = 3.25071382522583 2000
training loss = 3.0676803588867188 2500
training loss = 2.8143911361694336 3000
training loss = 2.4225308895111084 3500
training loss = 1.7987711429595947 4000
training loss = 1.1389942169189453 4500
training loss = 0.9063302874565125 5000
training loss = 0.8033128976821899 5500
training loss = 0.6985554695129395 6000
training loss = 0.5927034020423889 6500
training loss = 0.48985233902931213 7000
reduced chi^2 level 2 = 0.4896528124809265
Constrained alpha: 3.738933801651001
Constrained beta: 1.294778823852539
Constrained gamma: 62.113399505615234
=======
4.164893824028994 1.6147047631493616 19.354665060332856
val isze = 0
idinces = [ 4  8 11  0  3  1  7  5  6  9 12  2 10]
training loss = 7.222935676574707 500
training loss = 3.189987897872925 1000
training loss = 0.9401708841323853 1500
training loss = 0.8722336292266846 2000
training loss = 0.8672287464141846 2500
training loss = 0.8532387018203735 3000
training loss = 0.8316048383712769 3500
training loss = 0.8055186867713928 4000
training loss = 0.7775893211364746 4500
training loss = 0.7492178082466125 5000
reduced chi^2 level 2 = 0.7491607069969177
Constrained alpha: 3.704380512237549
Constrained beta: 1.8421576023101807
Constrained gamma: 18.29073715209961
>>>>>>> bf5bffb69ec4a318117f0a4aa6bdaab926d87e87
(1, 13)
(1, 0)
data before
[ 0.00000000e+00  0.00000000e+00  0.00000000e+00  0.00000000e+00
  0.00000000e+00  0.00000000e+00  0.00000000e+00  0.00000000e+00
  0.00000000e+00  0.00000000e+00  2.48877310e-05  7.47631389e-04
  2.18234516e-02  1.91699577e-01  5.12937393e-01  9.43780682e-01
  1.56189578e+00  2.51692528e+00  3.67624880e+00  5.63534866e+00
  8.43017731e+00  1.14283292e+01  1.62298302e+01  2.43121628e+01
  2.74469542e+01  2.78409948e+01  2.79040311e+01  2.70292123e+01
  2.52070068e+01  2.20016679e+01  1.76629582e+01  1.27906567e+01
  8.15789484e+00  4.49907069e+00  2.03325559e+00  6.93542815e-01
  1.56041644e-01  3.16052534e-02 -8.77655367e-06  0.00000000e+00
  0.00000000e+00]
9
data after
[23.491609450001118, 27.65815944666594, 24.31216278621167, 27.446954207054972, 27.84099481357336, 27.904031083468794, 27.029212343204467, 25.207006754561217, 22.001667945056557, 46.02501703849734]
8
data,sig_tot
[23.49160945 27.65815945 24.31216279 27.44695421 27.84099481 27.90403108
 27.02921234 25.20700675 22.00166795 46.02501704 26.55578305 20.5462755
 21.54085061]
[23.49160945 27.65815945 24.31216279 27.44695421 27.84099481 27.90403108
 27.02921234 25.20700675 22.00166795 46.02501704 26.55578305 20.5462755
 21.54085061]
<<<<<<< HEAD
4.143406631538383 0.9379263877849953 62.628714831139256
val isze = 0
idinces = [ 3  7 11  6  8  2 12  5 10  1  0  4  9]
=======
4.861143433301429 12.747616045832949 95.55976467869777
val isze = 0
idinces = [ 4  0  7  1  9  2 10  5 11  8  3  6 12]
training loss = 41.759029388427734 500
training loss = 27.27112579345703 1000
training loss = 24.88585662841797 1500
training loss = 24.33586883544922 2000
training loss = 24.192285537719727 2500
training loss = 24.148462295532227 3000
training loss = 24.123764038085938 3500
training loss = 24.096158981323242 4000
training loss = 24.05837631225586 4500
training loss = 24.004230499267578 5000
>>>>>>> bf5bffb69ec4a318117f0a4aa6bdaab926d87e87
(1, 13)
(1, 0)
data before
[ 0.00000000e+00  0.00000000e+00  0.00000000e+00  0.00000000e+00
  0.00000000e+00  0.00000000e+00  0.00000000e+00  0.00000000e+00
  0.00000000e+00  0.00000000e+00  2.48877310e-05  7.47631389e-04
  2.18234516e-02  1.91699577e-01  5.12937393e-01  9.43780682e-01
  1.56189578e+00  2.51692528e+00  3.67624880e+00  5.63534866e+00
  8.43017731e+00  1.14283292e+01  1.62298302e+01  2.43121628e+01
  2.74469542e+01  2.78409948e+01  2.79040311e+01  2.70292123e+01
  2.52070068e+01  2.20016679e+01  1.76629582e+01  1.27906567e+01
  8.15789484e+00  4.49907069e+00  2.03325559e+00  6.93542815e-01
  1.56041644e-01  3.16052534e-02 -8.77655367e-06  0.00000000e+00
  0.00000000e+00]
9
data after
[23.491609450001118, 27.65815944666594, 24.31216278621167, 27.446954207054972, 27.84099481357336, 27.904031083468794, 27.029212343204467, 25.207006754561217, 22.001667945056557, 46.02501703849734]
8
data,sig_tot
[23.49160945 27.65815945 24.31216279 27.44695421 27.84099481 27.90403108
 27.02921234 25.20700675 22.00166795 46.02501704 26.55578305 20.5462755
 21.54085061]
[23.49160945 27.65815945 24.31216279 27.44695421 27.84099481 27.90403108
 27.02921234 25.20700675 22.00166795 46.02501704 26.55578305 20.5462755
 21.54085061]
<<<<<<< HEAD
4.143406631538383 0.9379263877849953 62.628714831139256
val isze = 0
idinces = [ 3  7 11  6  8  2 12  5 10  1  0  4  9]
training loss = 11.092222213745117 500
training loss = 6.755375862121582 1000
training loss = 4.247492790222168 1500
training loss = 3.2038891315460205 2000
training loss = 2.459252119064331 2500
training loss = 1.8870818614959717 3000
training loss = 1.5232101678848267 3500
training loss = 1.344427466392517 4000
training loss = 1.2761452198028564 4500
training loss = 1.248030185699463 5000
training loss = 1.2250856161117554 5500
training loss = 1.1963742971420288 6000
training loss = 1.1580568552017212 6500
training loss = 1.1069520711898804 7000
reduced chi^2 level 2 = 1.1068353652954102
Constrained alpha: 3.7090938091278076
Constrained beta: 1.3626271486282349
Constrained gamma: 62.009552001953125
=======
1.332797988940152 17.911368727670954 7.464665382524116
val isze = 0
idinces = [ 0  6 11 10  5  3  2  1 12  4  7  9  8]
training loss = 1.0506746768951416 500
training loss = 0.9774304628372192 1000
reduced chi^2 level 2 = 0.9980146288871765
Constrained alpha: 2.4697816371917725
Constrained beta: 5.687312126159668
Constrained gamma: 2.969808340072632
>>>>>>> bf5bffb69ec4a318117f0a4aa6bdaab926d87e87
(1, 13)
(1, 0)
data before
[ 0.00000000e+00  0.00000000e+00  0.00000000e+00  0.00000000e+00
  0.00000000e+00  0.00000000e+00  0.00000000e+00  0.00000000e+00
  0.00000000e+00  0.00000000e+00  2.48877310e-05  7.47631389e-04
  2.18234516e-02  1.91699577e-01  5.12937393e-01  9.43780682e-01
  1.56189578e+00  2.51692528e+00  3.67624880e+00  5.63534866e+00
  8.43017731e+00  1.14283292e+01  1.62298302e+01  2.43121628e+01
  2.74469542e+01  2.78409948e+01  2.79040311e+01  2.70292123e+01
  2.52070068e+01  2.20016679e+01  1.76629582e+01  1.27906567e+01
  8.15789484e+00  4.49907069e+00  2.03325559e+00  6.93542815e-01
  1.56041644e-01  3.16052534e-02 -8.77655367e-06  0.00000000e+00
  0.00000000e+00]
9
data after
[23.491609450001118, 27.65815944666594, 24.31216278621167, 27.446954207054972, 27.84099481357336, 27.904031083468794, 27.029212343204467, 25.207006754561217, 22.001667945056557, 46.02501703849734]
8
data,sig_tot
[23.49160945 27.65815945 24.31216279 27.44695421 27.84099481 27.90403108
 27.02921234 25.20700675 22.00166795 46.02501704 26.55578305 20.5462755
 21.54085061]
[23.49160945 27.65815945 24.31216279 27.44695421 27.84099481 27.90403108
 27.02921234 25.20700675 22.00166795 46.02501704 26.55578305 20.5462755
 21.54085061]
<<<<<<< HEAD
4.143406631538383 0.9379263877849953 62.628714831139256
val isze = 0
idinces = [ 3  7 11  6  8  2 12  5 10  1  0  4  9]
=======
0.9231558256518496 13.220659993596529 82.55537897726511
val isze = 0
idinces = [ 6  4  3  9 11  8 12 10  1  5  7  0  2]
training loss = 0.8679804801940918 500
training loss = 0.6507552266120911 1000
training loss = 0.6465102434158325 1500
reduced chi^2 level 2 = 0.6465102434158325
Constrained alpha: 2.7179923057556152
Constrained beta: 4.865151882171631
Constrained gamma: 43.25615692138672
>>>>>>> bf5bffb69ec4a318117f0a4aa6bdaab926d87e87
(1, 13)
(1, 0)
data before
[ 0.00000000e+00  0.00000000e+00  0.00000000e+00  0.00000000e+00
  0.00000000e+00  0.00000000e+00  0.00000000e+00  0.00000000e+00
  0.00000000e+00  0.00000000e+00  2.48877310e-05  7.47631389e-04
  2.18234516e-02  1.91699577e-01  5.12937393e-01  9.43780682e-01
  1.56189578e+00  2.51692528e+00  3.67624880e+00  5.63534866e+00
  8.43017731e+00  1.14283292e+01  1.62298302e+01  2.43121628e+01
  2.74469542e+01  2.78409948e+01  2.79040311e+01  2.70292123e+01
  2.52070068e+01  2.20016679e+01  1.76629582e+01  1.27906567e+01
  8.15789484e+00  4.49907069e+00  2.03325559e+00  6.93542815e-01
  1.56041644e-01  3.16052534e-02 -8.77655367e-06  0.00000000e+00
  0.00000000e+00]
9
data after
[23.491609450001118, 27.65815944666594, 24.31216278621167, 27.446954207054972, 27.84099481357336, 27.904031083468794, 27.029212343204467, 25.207006754561217, 22.001667945056557, 46.02501703849734]
8
data,sig_tot
[23.49160945 27.65815945 24.31216279 27.44695421 27.84099481 27.90403108
 27.02921234 25.20700675 22.00166795 46.02501704 26.55578305 20.5462755
 21.54085061]
[23.49160945 27.65815945 24.31216279 27.44695421 27.84099481 27.90403108
 27.02921234 25.20700675 22.00166795 46.02501704 26.55578305 20.5462755
 21.54085061]
<<<<<<< HEAD
4.143406631538383 0.9379263877849953 62.628714831139256
val isze = 0
idinces = [ 3  7 11  6  8  2 12  5 10  1  0  4  9]
=======
1.4478825565671256 5.093967701218851 63.61420395520773
val isze = 0
idinces = [ 8  7  9  1 10  4  6 12  0 11  5  2  3]
training loss = 1.49269437789917 500
training loss = 1.4723026752471924 1000
reduced chi^2 level 2 = 1.4753401279449463
Constrained alpha: 2.949413537979126
Constrained beta: 3.745455265045166
Constrained gamma: 31.489299774169922
>>>>>>> bf5bffb69ec4a318117f0a4aa6bdaab926d87e87
(1, 13)
(1, 0)
data before
[ 0.00000000e+00  0.00000000e+00  0.00000000e+00  0.00000000e+00
  0.00000000e+00  0.00000000e+00  0.00000000e+00  0.00000000e+00
  0.00000000e+00  0.00000000e+00  2.48877310e-05  7.47631389e-04
  2.18234516e-02  1.91699577e-01  5.12937393e-01  9.43780682e-01
  1.56189578e+00  2.51692528e+00  3.67624880e+00  5.63534866e+00
  8.43017731e+00  1.14283292e+01  1.62298302e+01  2.43121628e+01
  2.74469542e+01  2.78409948e+01  2.79040311e+01  2.70292123e+01
  2.52070068e+01  2.20016679e+01  1.76629582e+01  1.27906567e+01
  8.15789484e+00  4.49907069e+00  2.03325559e+00  6.93542815e-01
  1.56041644e-01  3.16052534e-02 -8.77655367e-06  0.00000000e+00
  0.00000000e+00]
9
data after
[23.491609450001118, 27.65815944666594, 24.31216278621167, 27.446954207054972, 27.84099481357336, 27.904031083468794, 27.029212343204467, 25.207006754561217, 22.001667945056557, 46.02501703849734]
8
data,sig_tot
[23.49160945 27.65815945 24.31216279 27.44695421 27.84099481 27.90403108
 27.02921234 25.20700675 22.00166795 46.02501704 26.55578305 20.5462755
 21.54085061]
[23.49160945 27.65815945 24.31216279 27.44695421 27.84099481 27.90403108
 27.02921234 25.20700675 22.00166795 46.02501704 26.55578305 20.5462755
 21.54085061]
<<<<<<< HEAD
4.143406631538383 0.9379263877849953 62.628714831139256
val isze = 0
idinces = [ 3  7 11  6  8  2 12  5 10  1  0  4  9]
training loss = 3.917778253555298 500
training loss = 3.5206334590911865 1000
training loss = 3.2418549060821533 1500
training loss = 3.0160627365112305 2000
training loss = 2.76926326751709 2500
training loss = 2.484056234359741 3000
training loss = 2.163928508758545 3500
training loss = 1.827368974685669 4000
training loss = 1.5190216302871704 4500
training loss = 1.2999564409255981 5000
training loss = 1.1912704706192017 5500
training loss = 1.1475472450256348 6000
training loss = 1.1182371377944946 6500
training loss = 1.0839864015579224 7000
reduced chi^2 level 2 = 1.0839098691940308
Constrained alpha: 3.7120118141174316
Constrained beta: 1.2479135990142822
Constrained gamma: 62.097530364990234
=======
2.670137660187889 6.707849293167256 75.85474554351399
val isze = 0
idinces = [ 6  8 10  1  5  2  7  3  9 12 11  0  4]
training loss = 1.3227957487106323 500
training loss = 1.2421319484710693 1000
training loss = 1.0452200174331665 1500
training loss = 1.0409296751022339 2000
training loss = 1.038158655166626 2500
training loss = 1.0355303287506104 3000
training loss = 1.0339174270629883 3500
training loss = 1.0309568643569946 4000
training loss = 1.047774314880371 4500
training loss = 1.021836519241333 5000
reduced chi^2 level 2 = 1.0218307971954346
Constrained alpha: 3.1416285037994385
Constrained beta: 0.6232200264930725
Constrained gamma: 2.1249732971191406
>>>>>>> bf5bffb69ec4a318117f0a4aa6bdaab926d87e87
(1, 13)
(1, 0)
data before
[ 0.00000000e+00  0.00000000e+00  0.00000000e+00  0.00000000e+00
  0.00000000e+00  0.00000000e+00  0.00000000e+00  0.00000000e+00
  0.00000000e+00  0.00000000e+00  2.48877310e-05  7.47631389e-04
  2.18234516e-02  1.91699577e-01  5.12937393e-01  9.43780682e-01
  1.56189578e+00  2.51692528e+00  3.67624880e+00  5.63534866e+00
  8.43017731e+00  1.14283292e+01  1.62298302e+01  2.43121628e+01
  2.74469542e+01  2.78409948e+01  2.79040311e+01  2.70292123e+01
  2.52070068e+01  2.20016679e+01  1.76629582e+01  1.27906567e+01
  8.15789484e+00  4.49907069e+00  2.03325559e+00  6.93542815e-01
  1.56041644e-01  3.16052534e-02 -8.77655367e-06  0.00000000e+00
  0.00000000e+00]
9
data after
[23.491609450001118, 27.65815944666594, 24.31216278621167, 27.446954207054972, 27.84099481357336, 27.904031083468794, 27.029212343204467, 25.207006754561217, 22.001667945056557, 46.02501703849734]
8
data,sig_tot
[23.49160945 27.65815945 24.31216279 27.44695421 27.84099481 27.90403108
 27.02921234 25.20700675 22.00166795 46.02501704 26.55578305 20.5462755
 21.54085061]
[23.49160945 27.65815945 24.31216279 27.44695421 27.84099481 27.90403108
 27.02921234 25.20700675 22.00166795 46.02501704 26.55578305 20.5462755
 21.54085061]
<<<<<<< HEAD
4.143406631538383 0.9379263877849953 62.628714831139256
val isze = 0
idinces = [ 3  7 11  6  8  2 12  5 10  1  0  4  9]
training loss = 3.624379873275757 500
training loss = 2.9152634143829346 1000
training loss = 2.2193803787231445 1500
training loss = 1.6524392366409302 2000
training loss = 1.2831436395645142 2500
training loss = 1.1196255683898926 3000
training loss = 1.0583757162094116 3500
training loss = 1.0080758333206177 4000
training loss = 0.9420331716537476 4500
training loss = 0.8568618297576904 5000
training loss = 0.7538455128669739 5500
training loss = 0.634711503982544 6000
training loss = 0.5005982518196106 6500
training loss = 0.35511502623558044 7000
reduced chi^2 level 2 = 0.3548181354999542
Constrained alpha: 3.678426742553711
Constrained beta: 1.4867452383041382
Constrained gamma: 61.973445892333984
=======
2.1549850267876005 9.175558416147302 4.469512928067109
val isze = 0
idinces = [ 9  6  2  4 10 12 11  8  7  3  1  0  5]
training loss = 1.119807243347168 500
training loss = 1.1074327230453491 1000
reduced chi^2 level 2 = 1.1093028783798218
Constrained alpha: 2.9738175868988037
Constrained beta: 3.084700107574463
Constrained gamma: 2.8637168407440186
>>>>>>> bf5bffb69ec4a318117f0a4aa6bdaab926d87e87
(1, 13)
(1, 0)
data before
[ 0.00000000e+00  0.00000000e+00  0.00000000e+00  0.00000000e+00
  0.00000000e+00  0.00000000e+00  0.00000000e+00  0.00000000e+00
  0.00000000e+00  0.00000000e+00  2.48877310e-05  7.47631389e-04
  2.18234516e-02  1.91699577e-01  5.12937393e-01  9.43780682e-01
  1.56189578e+00  2.51692528e+00  3.67624880e+00  5.63534866e+00
  8.43017731e+00  1.14283292e+01  1.62298302e+01  2.43121628e+01
  2.74469542e+01  2.78409948e+01  2.79040311e+01  2.70292123e+01
  2.52070068e+01  2.20016679e+01  1.76629582e+01  1.27906567e+01
  8.15789484e+00  4.49907069e+00  2.03325559e+00  6.93542815e-01
  1.56041644e-01  3.16052534e-02 -8.77655367e-06  0.00000000e+00
  0.00000000e+00]
9
data after
[23.491609450001118, 27.65815944666594, 24.31216278621167, 27.446954207054972, 27.84099481357336, 27.904031083468794, 27.029212343204467, 25.207006754561217, 22.001667945056557, 46.02501703849734]
8
data,sig_tot
[23.49160945 27.65815945 24.31216279 27.44695421 27.84099481 27.90403108
 27.02921234 25.20700675 22.00166795 46.02501704 26.55578305 20.5462755
 21.54085061]
[23.49160945 27.65815945 24.31216279 27.44695421 27.84099481 27.90403108
 27.02921234 25.20700675 22.00166795 46.02501704 26.55578305 20.5462755
 21.54085061]
<<<<<<< HEAD
4.143406631538383 0.9379263877849953 62.628714831139256
val isze = 0
idinces = [ 3  7 11  6  8  2 12  5 10  1  0  4  9]
=======
4.637802994997413 12.980711781596288 21.2009895757164
val isze = 0
idinces = [10  8  0  5  9  6  7 12 11  2  3  1  4]
training loss = 17.102924346923828 500
training loss = 16.165042877197266 1000
training loss = 15.820993423461914 1500
training loss = 15.681905746459961 2000
training loss = 15.550874710083008 2500
training loss = 15.355060577392578 3000
training loss = 14.96126937866211 3500
training loss = 13.893017768859863 4000
training loss = 10.78165054321289 4500
training loss = 6.958380699157715 5000
>>>>>>> bf5bffb69ec4a318117f0a4aa6bdaab926d87e87
(1, 13)
(1, 0)
data before
[ 0.00000000e+00  0.00000000e+00  0.00000000e+00  0.00000000e+00
  0.00000000e+00  0.00000000e+00  0.00000000e+00  0.00000000e+00
  0.00000000e+00  0.00000000e+00  2.48877310e-05  7.47631389e-04
  2.18234516e-02  1.91699577e-01  5.12937393e-01  9.43780682e-01
  1.56189578e+00  2.51692528e+00  3.67624880e+00  5.63534866e+00
  8.43017731e+00  1.14283292e+01  1.62298302e+01  2.43121628e+01
  2.74469542e+01  2.78409948e+01  2.79040311e+01  2.70292123e+01
  2.52070068e+01  2.20016679e+01  1.76629582e+01  1.27906567e+01
  8.15789484e+00  4.49907069e+00  2.03325559e+00  6.93542815e-01
  1.56041644e-01  3.16052534e-02 -8.77655367e-06  0.00000000e+00
  0.00000000e+00]
9
data after
[23.491609450001118, 27.65815944666594, 24.31216278621167, 27.446954207054972, 27.84099481357336, 27.904031083468794, 27.029212343204467, 25.207006754561217, 22.001667945056557, 46.02501703849734]
8
data,sig_tot
[23.49160945 27.65815945 24.31216279 27.44695421 27.84099481 27.90403108
 27.02921234 25.20700675 22.00166795 46.02501704 26.55578305 20.5462755
 21.54085061]
[23.49160945 27.65815945 24.31216279 27.44695421 27.84099481 27.90403108
 27.02921234 25.20700675 22.00166795 46.02501704 26.55578305 20.5462755
 21.54085061]
<<<<<<< HEAD
4.143406631538383 0.9379263877849953 62.628714831139256
val isze = 0
idinces = [ 3  7 11  6  8  2 12  5 10  1  0  4  9]
training loss = 5.277416229248047 500
training loss = 3.9525809288024902 1000
training loss = 2.7784345149993896 1500
training loss = 2.454326868057251 2000
training loss = 2.1734676361083984 2500
training loss = 1.8769595623016357 3000
training loss = 1.5855120420455933 3500
training loss = 1.3364101648330688 4000
training loss = 1.168450951576233 4500
training loss = 1.0836454629898071 5000
training loss = 1.0423099994659424 5500
training loss = 1.0074187517166138 6000
training loss = 0.9643054604530334 6500
training loss = 0.9092580676078796 7000
reduced chi^2 level 2 = 0.9091349840164185
Constrained alpha: 3.6816422939300537
Constrained beta: 1.3890540599822998
Constrained gamma: 62.07380676269531
=======
4.704766237333549 15.742795478640419 42.178513451040246
val isze = 0
idinces = [ 2  6  8  0  1 10 11  3  9  5  4  7 12]
training loss = 24.833335876464844 500
training loss = 22.364234924316406 1000
training loss = 21.279287338256836 1500
training loss = 20.3944149017334 2000
training loss = 19.881587982177734 2500
training loss = 19.661230087280273 3000
training loss = 19.55805015563965 3500
training loss = 19.480209350585938 4000
training loss = 19.393579483032227 4500
training loss = 19.28423500061035 5000
>>>>>>> bf5bffb69ec4a318117f0a4aa6bdaab926d87e87
(1, 13)
(1, 0)
data before
[ 0.00000000e+00  0.00000000e+00  0.00000000e+00  0.00000000e+00
  0.00000000e+00  0.00000000e+00  0.00000000e+00  0.00000000e+00
  0.00000000e+00  0.00000000e+00  2.48877310e-05  7.47631389e-04
  2.18234516e-02  1.91699577e-01  5.12937393e-01  9.43780682e-01
  1.56189578e+00  2.51692528e+00  3.67624880e+00  5.63534866e+00
  8.43017731e+00  1.14283292e+01  1.62298302e+01  2.43121628e+01
  2.74469542e+01  2.78409948e+01  2.79040311e+01  2.70292123e+01
  2.52070068e+01  2.20016679e+01  1.76629582e+01  1.27906567e+01
  8.15789484e+00  4.49907069e+00  2.03325559e+00  6.93542815e-01
  1.56041644e-01  3.16052534e-02 -8.77655367e-06  0.00000000e+00
  0.00000000e+00]
9
data after
[23.491609450001118, 27.65815944666594, 24.31216278621167, 27.446954207054972, 27.84099481357336, 27.904031083468794, 27.029212343204467, 25.207006754561217, 22.001667945056557, 46.02501703849734]
8
data,sig_tot
[23.49160945 27.65815945 24.31216279 27.44695421 27.84099481 27.90403108
 27.02921234 25.20700675 22.00166795 46.02501704 26.55578305 20.5462755
 21.54085061]
[23.49160945 27.65815945 24.31216279 27.44695421 27.84099481 27.90403108
 27.02921234 25.20700675 22.00166795 46.02501704 26.55578305 20.5462755
 21.54085061]
<<<<<<< HEAD
4.143406631538383 0.9379263877849953 62.628714831139256
val isze = 0
idinces = [ 3  7 11  6  8  2 12  5 10  1  0  4  9]
training loss = 5.488049030303955 500
training loss = 3.138645887374878 1000
training loss = 1.6124498844146729 1500
training loss = 1.2487331628799438 2000
training loss = 1.174729824066162 2500
training loss = 1.1587841510772705 3000
training loss = 1.1479058265686035 3500
training loss = 1.1332056522369385 4000
training loss = 1.1113708019256592 4500
training loss = 1.0768076181411743 5000
training loss = 1.017412781715393 5500
training loss = 0.9108690619468689 6000
training loss = 0.7499760985374451 6500
training loss = 0.5686918497085571 7000
reduced chi^2 level 2 = 0.568321943283081
Constrained alpha: 3.6896729469299316
Constrained beta: 1.5063377618789673
Constrained gamma: 62.06854248046875
=======
2.549516284751797 16.237888481963004 53.150453640240016
val isze = 0
idinces = [10 12  7  4  8  0  9  2 11  6  3  5  1]
training loss = 0.5257362127304077 500
training loss = 0.40572115778923035 1000
training loss = 0.3867952823638916 1500
training loss = 0.29990169405937195 2000
training loss = 0.24912959337234497 2500
training loss = 0.24595724046230316 3000
reduced chi^2 level 2 = 0.2468421757221222
Constrained alpha: 2.829251766204834
Constrained beta: 0.02462668903172016
Constrained gamma: 2.9671170711517334
>>>>>>> bf5bffb69ec4a318117f0a4aa6bdaab926d87e87
(1, 13)
(1, 0)
data before
[ 0.00000000e+00  0.00000000e+00  0.00000000e+00  0.00000000e+00
  0.00000000e+00  0.00000000e+00  0.00000000e+00  0.00000000e+00
  0.00000000e+00  0.00000000e+00  2.48877310e-05  7.47631389e-04
  2.18234516e-02  1.91699577e-01  5.12937393e-01  9.43780682e-01
  1.56189578e+00  2.51692528e+00  3.67624880e+00  5.63534866e+00
  8.43017731e+00  1.14283292e+01  1.62298302e+01  2.43121628e+01
  2.74469542e+01  2.78409948e+01  2.79040311e+01  2.70292123e+01
  2.52070068e+01  2.20016679e+01  1.76629582e+01  1.27906567e+01
  8.15789484e+00  4.49907069e+00  2.03325559e+00  6.93542815e-01
  1.56041644e-01  3.16052534e-02 -8.77655367e-06  0.00000000e+00
  0.00000000e+00]
9
data after
[23.491609450001118, 27.65815944666594, 24.31216278621167, 27.446954207054972, 27.84099481357336, 27.904031083468794, 27.029212343204467, 25.207006754561217, 22.001667945056557, 46.02501703849734]
8
data,sig_tot
[23.49160945 27.65815945 24.31216279 27.44695421 27.84099481 27.90403108
 27.02921234 25.20700675 22.00166795 46.02501704 26.55578305 20.5462755
 21.54085061]
[23.49160945 27.65815945 24.31216279 27.44695421 27.84099481 27.90403108
 27.02921234 25.20700675 22.00166795 46.02501704 26.55578305 20.5462755
 21.54085061]
<<<<<<< HEAD
4.143406631538383 0.9379263877849953 62.628714831139256
val isze = 0
idinces = [ 3  7 11  6  8  2 12  5 10  1  0  4  9]
training loss = 7.441405296325684 500
training loss = 6.7920241355896 1000
training loss = 5.203309059143066 1500
training loss = 2.5610718727111816 2000
training loss = 1.921572208404541 2500
training loss = 1.5284498929977417 3000
training loss = 1.2287911176681519 3500
training loss = 1.0566152334213257 4000
training loss = 0.9916192293167114 4500
training loss = 0.9740659594535828 5000
training loss = 0.9657302498817444 5500
training loss = 0.9564327001571655 6000
training loss = 0.9443223476409912 6500
training loss = 0.9282679557800293 7000
reduced chi^2 level 2 = 0.9282311201095581
Constrained alpha: 3.535871982574463
Constrained beta: 1.6083935499191284
Constrained gamma: 61.874542236328125
=======
3.853317661443627 17.999965043012107 88.14219729113736
val isze = 0
idinces = [ 5  8  6  0  4  9 11  3 10 12  2  7  1]
training loss = 14.942705154418945 500
training loss = 14.732796669006348 1000
training loss = 14.577665328979492 1500
training loss = 14.325183868408203 2000
training loss = 13.689274787902832 2500
training loss = 10.777775764465332 3000
training loss = 5.646020889282227 3500
training loss = 4.137545108795166 4000
training loss = 3.3144218921661377 4500
training loss = 2.627375364303589 5000
reduced chi^2 level 2 = 2.626047372817993
Constrained alpha: 3.5319998264312744
Constrained beta: 15.459495544433594
Constrained gamma: 75.99972534179688
>>>>>>> bf5bffb69ec4a318117f0a4aa6bdaab926d87e87
(1, 13)
(1, 0)
data before
[ 0.00000000e+00  0.00000000e+00  0.00000000e+00  0.00000000e+00
  0.00000000e+00  0.00000000e+00  0.00000000e+00  0.00000000e+00
  0.00000000e+00  0.00000000e+00  2.48877310e-05  7.47631389e-04
  2.18234516e-02  1.91699577e-01  5.12937393e-01  9.43780682e-01
  1.56189578e+00  2.51692528e+00  3.67624880e+00  5.63534866e+00
  8.43017731e+00  1.14283292e+01  1.62298302e+01  2.43121628e+01
  2.74469542e+01  2.78409948e+01  2.79040311e+01  2.70292123e+01
  2.52070068e+01  2.20016679e+01  1.76629582e+01  1.27906567e+01
  8.15789484e+00  4.49907069e+00  2.03325559e+00  6.93542815e-01
  1.56041644e-01  3.16052534e-02 -8.77655367e-06  0.00000000e+00
  0.00000000e+00]
9
data after
[23.491609450001118, 27.65815944666594, 24.31216278621167, 27.446954207054972, 27.84099481357336, 27.904031083468794, 27.029212343204467, 25.207006754561217, 22.001667945056557, 46.02501703849734]
8
data,sig_tot
[23.49160945 27.65815945 24.31216279 27.44695421 27.84099481 27.90403108
 27.02921234 25.20700675 22.00166795 46.02501704 26.55578305 20.5462755
 21.54085061]
[23.49160945 27.65815945 24.31216279 27.44695421 27.84099481 27.90403108
 27.02921234 25.20700675 22.00166795 46.02501704 26.55578305 20.5462755
 21.54085061]
<<<<<<< HEAD
4.143406631538383 0.9379263877849953 62.628714831139256
val isze = 0
idinces = [ 3  7 11  6  8  2 12  5 10  1  0  4  9]
=======
1.5753801334332813 4.276227243722179 27.053197158652264
val isze = 0
idinces = [ 1  3  2  8 11  6  9  0  5 12 10  4  7]
training loss = 1.0105962753295898 500
training loss = 1.0021723508834839 1000
training loss = 1.0019285678863525 1500
reduced chi^2 level 2 = 1.0020755529403687
Constrained alpha: 2.7178051471710205
Constrained beta: 5.129439830780029
Constrained gamma: 3.000675678253174
>>>>>>> bf5bffb69ec4a318117f0a4aa6bdaab926d87e87
(1, 13)
(1, 0)
data before
[ 0.00000000e+00  0.00000000e+00  0.00000000e+00  0.00000000e+00
  0.00000000e+00  0.00000000e+00  0.00000000e+00  0.00000000e+00
  0.00000000e+00  0.00000000e+00  2.48877310e-05  7.47631389e-04
  2.18234516e-02  1.91699577e-01  5.12937393e-01  9.43780682e-01
  1.56189578e+00  2.51692528e+00  3.67624880e+00  5.63534866e+00
  8.43017731e+00  1.14283292e+01  1.62298302e+01  2.43121628e+01
  2.74469542e+01  2.78409948e+01  2.79040311e+01  2.70292123e+01
  2.52070068e+01  2.20016679e+01  1.76629582e+01  1.27906567e+01
  8.15789484e+00  4.49907069e+00  2.03325559e+00  6.93542815e-01
  1.56041644e-01  3.16052534e-02 -8.77655367e-06  0.00000000e+00
  0.00000000e+00]
9
data after
[23.491609450001118, 27.65815944666594, 24.31216278621167, 27.446954207054972, 27.84099481357336, 27.904031083468794, 27.029212343204467, 25.207006754561217, 22.001667945056557, 46.02501703849734]
8
data,sig_tot
[23.49160945 27.65815945 24.31216279 27.44695421 27.84099481 27.90403108
 27.02921234 25.20700675 22.00166795 46.02501704 26.55578305 20.5462755
 21.54085061]
[23.49160945 27.65815945 24.31216279 27.44695421 27.84099481 27.90403108
 27.02921234 25.20700675 22.00166795 46.02501704 26.55578305 20.5462755
 21.54085061]
<<<<<<< HEAD
4.143406631538383 0.9379263877849953 62.628714831139256
val isze = 0
idinces = [ 3  7 11  6  8  2 12  5 10  1  0  4  9]
=======
0.15046527027947232 4.842647732849019 65.13307572786874
val isze = 0
idinces = [ 8  6  5  2  4 12 10  9  0 11  7  3  1]
training loss = 0.8817812204360962 500
reduced chi^2 level 2 = 0.8831470608711243
Constrained alpha: 2.7419304847717285
Constrained beta: 4.7177414894104
Constrained gamma: 38.94861602783203
>>>>>>> bf5bffb69ec4a318117f0a4aa6bdaab926d87e87
(1, 13)
(1, 0)
data before
[ 0.00000000e+00  0.00000000e+00  0.00000000e+00  0.00000000e+00
  0.00000000e+00  0.00000000e+00  0.00000000e+00  0.00000000e+00
  0.00000000e+00  0.00000000e+00  2.48877310e-05  7.47631389e-04
  2.18234516e-02  1.91699577e-01  5.12937393e-01  9.43780682e-01
  1.56189578e+00  2.51692528e+00  3.67624880e+00  5.63534866e+00
  8.43017731e+00  1.14283292e+01  1.62298302e+01  2.43121628e+01
  2.74469542e+01  2.78409948e+01  2.79040311e+01  2.70292123e+01
  2.52070068e+01  2.20016679e+01  1.76629582e+01  1.27906567e+01
  8.15789484e+00  4.49907069e+00  2.03325559e+00  6.93542815e-01
  1.56041644e-01  3.16052534e-02 -8.77655367e-06  0.00000000e+00
  0.00000000e+00]
9
data after
[23.491609450001118, 27.65815944666594, 24.31216278621167, 27.446954207054972, 27.84099481357336, 27.904031083468794, 27.029212343204467, 25.207006754561217, 22.001667945056557, 46.02501703849734]
8
data,sig_tot
[23.49160945 27.65815945 24.31216279 27.44695421 27.84099481 27.90403108
 27.02921234 25.20700675 22.00166795 46.02501704 26.55578305 20.5462755
 21.54085061]
[23.49160945 27.65815945 24.31216279 27.44695421 27.84099481 27.90403108
 27.02921234 25.20700675 22.00166795 46.02501704 26.55578305 20.5462755
 21.54085061]
<<<<<<< HEAD
4.143406631538383 0.9379263877849953 62.628714831139256
val isze = 0
idinces = [ 3  7 11  6  8  2 12  5 10  1  0  4  9]
=======
3.9836486263441513 0.4347985755884931 62.07045719624349
val isze = 0
idinces = [ 1  2  0  3 10  5 12  4  7 11  6  8  9]
training loss = 2.031632661819458 500
training loss = 1.7999794483184814 1000
training loss = 1.7636088132858276 1500
training loss = 1.7460960149765015 2000
training loss = 1.7293215990066528 2500
training loss = 1.7135621309280396 3000
training loss = 1.6996971368789673 3500
training loss = 1.6881791353225708 4000
training loss = 1.678760290145874 4500
training loss = 1.6704881191253662 5000
reduced chi^2 level 2 = 1.6704717874526978
Constrained alpha: 3.531532049179077
Constrained beta: 0.8975645899772644
Constrained gamma: 60.82691955566406
>>>>>>> bf5bffb69ec4a318117f0a4aa6bdaab926d87e87
(1, 13)
(1, 0)
data before
[ 0.00000000e+00  0.00000000e+00  0.00000000e+00  0.00000000e+00
  0.00000000e+00  0.00000000e+00  0.00000000e+00  0.00000000e+00
  0.00000000e+00  0.00000000e+00  2.48877310e-05  7.47631389e-04
  2.18234516e-02  1.91699577e-01  5.12937393e-01  9.43780682e-01
  1.56189578e+00  2.51692528e+00  3.67624880e+00  5.63534866e+00
  8.43017731e+00  1.14283292e+01  1.62298302e+01  2.43121628e+01
  2.74469542e+01  2.78409948e+01  2.79040311e+01  2.70292123e+01
  2.52070068e+01  2.20016679e+01  1.76629582e+01  1.27906567e+01
  8.15789484e+00  4.49907069e+00  2.03325559e+00  6.93542815e-01
  1.56041644e-01  3.16052534e-02 -8.77655367e-06  0.00000000e+00
  0.00000000e+00]
9
data after
[23.491609450001118, 27.65815944666594, 24.31216278621167, 27.446954207054972, 27.84099481357336, 27.904031083468794, 27.029212343204467, 25.207006754561217, 22.001667945056557, 46.02501703849734]
8
data,sig_tot
[23.49160945 27.65815945 24.31216279 27.44695421 27.84099481 27.90403108
 27.02921234 25.20700675 22.00166795 46.02501704 26.55578305 20.5462755
 21.54085061]
[23.49160945 27.65815945 24.31216279 27.44695421 27.84099481 27.90403108
 27.02921234 25.20700675 22.00166795 46.02501704 26.55578305 20.5462755
 21.54085061]
<<<<<<< HEAD
4.143406631538383 0.9379263877849953 62.628714831139256
val isze = 0
idinces = [ 3  7 11  6  8  2 12  5 10  1  0  4  9]
=======
0.42292317576231364 6.345021963692934 85.255770637009
val isze = 0
idinces = [ 5 10  6  4 11  2  7 12  0  8  1  9  3]
training loss = 0.7507604956626892 500
training loss = 0.7074034214019775 1000
reduced chi^2 level 2 = 0.7091736793518066
Constrained alpha: 2.640446662902832
Constrained beta: 4.0544562339782715
Constrained gamma: 47.12455368041992
>>>>>>> bf5bffb69ec4a318117f0a4aa6bdaab926d87e87
(1, 13)
(1, 0)
data before
[ 0.00000000e+00  0.00000000e+00  0.00000000e+00  0.00000000e+00
  0.00000000e+00  0.00000000e+00  0.00000000e+00  0.00000000e+00
  0.00000000e+00  0.00000000e+00  2.48877310e-05  7.47631389e-04
  2.18234516e-02  1.91699577e-01  5.12937393e-01  9.43780682e-01
  1.56189578e+00  2.51692528e+00  3.67624880e+00  5.63534866e+00
  8.43017731e+00  1.14283292e+01  1.62298302e+01  2.43121628e+01
  2.74469542e+01  2.78409948e+01  2.79040311e+01  2.70292123e+01
  2.52070068e+01  2.20016679e+01  1.76629582e+01  1.27906567e+01
  8.15789484e+00  4.49907069e+00  2.03325559e+00  6.93542815e-01
  1.56041644e-01  3.16052534e-02 -8.77655367e-06  0.00000000e+00
  0.00000000e+00]
9
data after
[23.491609450001118, 27.65815944666594, 24.31216278621167, 27.446954207054972, 27.84099481357336, 27.904031083468794, 27.029212343204467, 25.207006754561217, 22.001667945056557, 46.02501703849734]
8
data,sig_tot
[23.49160945 27.65815945 24.31216279 27.44695421 27.84099481 27.90403108
 27.02921234 25.20700675 22.00166795 46.02501704 26.55578305 20.5462755
 21.54085061]
[23.49160945 27.65815945 24.31216279 27.44695421 27.84099481 27.90403108
 27.02921234 25.20700675 22.00166795 46.02501704 26.55578305 20.5462755
 21.54085061]
<<<<<<< HEAD
4.143406631538383 0.9379263877849953 62.628714831139256
val isze = 0
idinces = [ 3  7 11  6  8  2 12  5 10  1  0  4  9]
=======
0.9958921338564009 1.404213313100171 86.91258286043471
val isze = 0
idinces = [ 4 10  7  8  6  3  0  9  1  5  2 12 11]
training loss = 0.9511428475379944 500
training loss = 0.9121886491775513 1000
training loss = 0.8983279466629028 1500
training loss = 0.8948684930801392 2000
reduced chi^2 level 2 = 0.8951209187507629
Constrained alpha: 2.6385700702667236
Constrained beta: 4.183692455291748
Constrained gamma: 27.719335556030273
>>>>>>> bf5bffb69ec4a318117f0a4aa6bdaab926d87e87
(1, 13)
(1, 0)
data before
[ 0.00000000e+00  0.00000000e+00  0.00000000e+00  0.00000000e+00
  0.00000000e+00  0.00000000e+00  0.00000000e+00  0.00000000e+00
  0.00000000e+00  0.00000000e+00  2.48877310e-05  7.47631389e-04
  2.18234516e-02  1.91699577e-01  5.12937393e-01  9.43780682e-01
  1.56189578e+00  2.51692528e+00  3.67624880e+00  5.63534866e+00
  8.43017731e+00  1.14283292e+01  1.62298302e+01  2.43121628e+01
  2.74469542e+01  2.78409948e+01  2.79040311e+01  2.70292123e+01
  2.52070068e+01  2.20016679e+01  1.76629582e+01  1.27906567e+01
  8.15789484e+00  4.49907069e+00  2.03325559e+00  6.93542815e-01
  1.56041644e-01  3.16052534e-02 -8.77655367e-06  0.00000000e+00
  0.00000000e+00]
9
data after
[23.491609450001118, 27.65815944666594, 24.31216278621167, 27.446954207054972, 27.84099481357336, 27.904031083468794, 27.029212343204467, 25.207006754561217, 22.001667945056557, 46.02501703849734]
8
data,sig_tot
[23.49160945 27.65815945 24.31216279 27.44695421 27.84099481 27.90403108
 27.02921234 25.20700675 22.00166795 46.02501704 26.55578305 20.5462755
 21.54085061]
[23.49160945 27.65815945 24.31216279 27.44695421 27.84099481 27.90403108
 27.02921234 25.20700675 22.00166795 46.02501704 26.55578305 20.5462755
 21.54085061]
<<<<<<< HEAD
4.143406631538383 0.9379263877849953 62.628714831139256
val isze = 0
idinces = [ 3  7 11  6  8  2 12  5 10  1  0  4  9]
training loss = 5.15177583694458 500
training loss = 3.781071186065674 1000
training loss = 3.0917110443115234 1500
training loss = 2.6782450675964355 2000
training loss = 1.9939640760421753 2500
training loss = 1.1650327444076538 3000
training loss = 0.8529856204986572 3500
training loss = 0.749599039554596 4000
training loss = 0.6453916430473328 4500
training loss = 0.5384360551834106 5000
training loss = 0.4349353611469269 5500
training loss = 0.3421258330345154 6000
training loss = 0.2653135657310486 6500
training loss = 0.205857053399086 7000
reduced chi^2 level 2 = 0.2057545781135559
Constrained alpha: 3.7473244667053223
Constrained beta: 1.466637134552002
Constrained gamma: 61.948917388916016
=======
2.0501854514375535 7.524092557682636 55.324762455046795
val isze = 0
idinces = [ 4  8 12  5 10  7  3 11  0  9  1  6  2]
training loss = 1.4677705764770508 500
training loss = 1.4259164333343506 1000
reduced chi^2 level 2 = 1.430184006690979
Constrained alpha: 2.805643081665039
Constrained beta: 3.700164556503296
Constrained gamma: 24.965662002563477
>>>>>>> bf5bffb69ec4a318117f0a4aa6bdaab926d87e87
(1, 13)
(1, 0)
data before
[ 0.00000000e+00  0.00000000e+00  0.00000000e+00  0.00000000e+00
  0.00000000e+00  0.00000000e+00  0.00000000e+00  0.00000000e+00
  0.00000000e+00  0.00000000e+00  2.48877310e-05  7.47631389e-04
  2.18234516e-02  1.91699577e-01  5.12937393e-01  9.43780682e-01
  1.56189578e+00  2.51692528e+00  3.67624880e+00  5.63534866e+00
  8.43017731e+00  1.14283292e+01  1.62298302e+01  2.43121628e+01
  2.74469542e+01  2.78409948e+01  2.79040311e+01  2.70292123e+01
  2.52070068e+01  2.20016679e+01  1.76629582e+01  1.27906567e+01
  8.15789484e+00  4.49907069e+00  2.03325559e+00  6.93542815e-01
  1.56041644e-01  3.16052534e-02 -8.77655367e-06  0.00000000e+00
  0.00000000e+00]
9
data after
[23.491609450001118, 27.65815944666594, 24.31216278621167, 27.446954207054972, 27.84099481357336, 27.904031083468794, 27.029212343204467, 25.207006754561217, 22.001667945056557, 46.02501703849734]
8
data,sig_tot
[23.49160945 27.65815945 24.31216279 27.44695421 27.84099481 27.90403108
 27.02921234 25.20700675 22.00166795 46.02501704 26.55578305 20.5462755
 21.54085061]
[23.49160945 27.65815945 24.31216279 27.44695421 27.84099481 27.90403108
 27.02921234 25.20700675 22.00166795 46.02501704 26.55578305 20.5462755
 21.54085061]
<<<<<<< HEAD
4.143406631538383 0.9379263877849953 62.628714831139256
val isze = 0
idinces = [ 3  7 11  6  8  2 12  5 10  1  0  4  9]
training loss = 4.074589729309082 500
training loss = 3.6296420097351074 1000
training loss = 3.498607873916626 1500
training loss = 3.3847310543060303 2000
training loss = 3.250997543334961 2500
training loss = 3.0528042316436768 3000
training loss = 2.6645073890686035 3500
training loss = 1.7623276710510254 4000
training loss = 0.9508455395698547 4500
training loss = 0.7934352159500122 5000
training loss = 0.6617977619171143 5500
training loss = 0.5344074964523315 6000
training loss = 0.4183661639690399 6500
training loss = 0.31814175844192505 7000
reduced chi^2 level 2 = 0.3179589807987213
Constrained alpha: 3.709425687789917
Constrained beta: 1.314393401145935
Constrained gamma: 62.01149368286133
=======
3.298835173170426 7.168997874408696 6.974189921306218
val isze = 0
idinces = [ 2  8  3  6 11  0 12 10  9  1  4  7  5]
reduced chi^2 level 2 = 0.4954878091812134
Constrained alpha: 2.775155782699585
Constrained beta: 4.172891139984131
Constrained gamma: 5.011873722076416
>>>>>>> bf5bffb69ec4a318117f0a4aa6bdaab926d87e87
(1, 13)
(1, 0)
data before
[ 0.00000000e+00  0.00000000e+00  0.00000000e+00  0.00000000e+00
  0.00000000e+00  0.00000000e+00  0.00000000e+00  0.00000000e+00
  0.00000000e+00  0.00000000e+00  2.48877310e-05  7.47631389e-04
  2.18234516e-02  1.91699577e-01  5.12937393e-01  9.43780682e-01
  1.56189578e+00  2.51692528e+00  3.67624880e+00  5.63534866e+00
  8.43017731e+00  1.14283292e+01  1.62298302e+01  2.43121628e+01
  2.74469542e+01  2.78409948e+01  2.79040311e+01  2.70292123e+01
  2.52070068e+01  2.20016679e+01  1.76629582e+01  1.27906567e+01
  8.15789484e+00  4.49907069e+00  2.03325559e+00  6.93542815e-01
  1.56041644e-01  3.16052534e-02 -8.77655367e-06  0.00000000e+00
  0.00000000e+00]
9
data after
[23.491609450001118, 27.65815944666594, 24.31216278621167, 27.446954207054972, 27.84099481357336, 27.904031083468794, 27.029212343204467, 25.207006754561217, 22.001667945056557, 46.02501703849734]
8
data,sig_tot
[23.49160945 27.65815945 24.31216279 27.44695421 27.84099481 27.90403108
 27.02921234 25.20700675 22.00166795 46.02501704 26.55578305 20.5462755
 21.54085061]
[23.49160945 27.65815945 24.31216279 27.44695421 27.84099481 27.90403108
 27.02921234 25.20700675 22.00166795 46.02501704 26.55578305 20.5462755
 21.54085061]
<<<<<<< HEAD
4.143406631538383 0.9379263877849953 62.628714831139256
val isze = 0
idinces = [ 3  7 11  6  8  2 12  5 10  1  0  4  9]
training loss = 5.555174827575684 500
training loss = 3.7313547134399414 1000
training loss = 2.9655919075012207 1500
training loss = 2.3568317890167236 2000
training loss = 1.7859034538269043 2500
training loss = 1.3262706995010376 3000
training loss = 1.073020339012146 3500
training loss = 0.9709566235542297 4000
training loss = 0.901814877986908 4500
training loss = 0.8252114653587341 5000
training loss = 0.7383981943130493 5500
training loss = 0.6423611640930176 6000
training loss = 0.5393420457839966 6500
training loss = 0.43438199162483215 7000
reduced chi^2 level 2 = 0.43417564034461975
Constrained alpha: 3.7248919010162354
Constrained beta: 1.4439609050750732
Constrained gamma: 62.03140640258789
=======
0.6260486144738431 6.65849754236155 80.86308469948534
val isze = 0
idinces = [10  9  8 11  2  0  5  1  4  3 12  7  6]
training loss = 1.3856117725372314 500
training loss = 0.5375402569770813 1000
training loss = 0.5008708238601685 1500
reduced chi^2 level 2 = 0.5012165307998657
Constrained alpha: 3.5255541801452637
Constrained beta: 0.5905593037605286
Constrained gamma: 40.37957763671875
>>>>>>> bf5bffb69ec4a318117f0a4aa6bdaab926d87e87
(1, 13)
(1, 0)
data before
[ 0.00000000e+00  0.00000000e+00  0.00000000e+00  0.00000000e+00
  0.00000000e+00  0.00000000e+00  0.00000000e+00  0.00000000e+00
  0.00000000e+00  0.00000000e+00  2.48877310e-05  7.47631389e-04
  2.18234516e-02  1.91699577e-01  5.12937393e-01  9.43780682e-01
  1.56189578e+00  2.51692528e+00  3.67624880e+00  5.63534866e+00
  8.43017731e+00  1.14283292e+01  1.62298302e+01  2.43121628e+01
  2.74469542e+01  2.78409948e+01  2.79040311e+01  2.70292123e+01
  2.52070068e+01  2.20016679e+01  1.76629582e+01  1.27906567e+01
  8.15789484e+00  4.49907069e+00  2.03325559e+00  6.93542815e-01
  1.56041644e-01  3.16052534e-02 -8.77655367e-06  0.00000000e+00
  0.00000000e+00]
9
data after
[23.491609450001118, 27.65815944666594, 24.31216278621167, 27.446954207054972, 27.84099481357336, 27.904031083468794, 27.029212343204467, 25.207006754561217, 22.001667945056557, 46.02501703849734]
8
data,sig_tot
[23.49160945 27.65815945 24.31216279 27.44695421 27.84099481 27.90403108
 27.02921234 25.20700675 22.00166795 46.02501704 26.55578305 20.5462755
 21.54085061]
[23.49160945 27.65815945 24.31216279 27.44695421 27.84099481 27.90403108
 27.02921234 25.20700675 22.00166795 46.02501704 26.55578305 20.5462755
 21.54085061]
<<<<<<< HEAD
4.143406631538383 0.9379263877849953 62.628714831139256
val isze = 0
idinces = [ 3  7 11  6  8  2 12  5 10  1  0  4  9]
training loss = 4.716030120849609 500
training loss = 3.3931310176849365 1000
training loss = 2.9403834342956543 1500
training loss = 2.157024383544922 2000
training loss = 1.1362156867980957 2500
training loss = 0.7980625629425049 3000
training loss = 0.6773626804351807 3500
training loss = 0.559357762336731 4000
training loss = 0.4478091597557068 4500
training loss = 0.3480228781700134 5000
training loss = 0.26252561807632446 5500
training loss = 0.19166260957717896 6000
training loss = 0.13423292338848114 6500
training loss = 0.08775363117456436 7000
reduced chi^2 level 2 = 0.08766960352659225
Constrained alpha: 3.761862277984619
Constrained beta: 1.5171470642089844
Constrained gamma: 61.81270980834961
=======
0.7320353948421593 15.901080567674196 50.858246314250735
val isze = 0
idinces = [ 4  3  5  9 10  0  2  7  1  8 12 11  6]
training loss = 1.2286033630371094 500
training loss = 0.46816226840019226 1000
training loss = 0.40894415974617004 1500
reduced chi^2 level 2 = 0.4091629683971405
Constrained alpha: 3.245699644088745
Constrained beta: 1.837512493133545
Constrained gamma: 12.967137336730957
>>>>>>> bf5bffb69ec4a318117f0a4aa6bdaab926d87e87
(1, 13)
(1, 0)
data before
[ 0.00000000e+00  0.00000000e+00  0.00000000e+00  0.00000000e+00
  0.00000000e+00  0.00000000e+00  0.00000000e+00  0.00000000e+00
  0.00000000e+00  0.00000000e+00  2.48877310e-05  7.47631389e-04
  2.18234516e-02  1.91699577e-01  5.12937393e-01  9.43780682e-01
  1.56189578e+00  2.51692528e+00  3.67624880e+00  5.63534866e+00
  8.43017731e+00  1.14283292e+01  1.62298302e+01  2.43121628e+01
  2.74469542e+01  2.78409948e+01  2.79040311e+01  2.70292123e+01
  2.52070068e+01  2.20016679e+01  1.76629582e+01  1.27906567e+01
  8.15789484e+00  4.49907069e+00  2.03325559e+00  6.93542815e-01
  1.56041644e-01  3.16052534e-02 -8.77655367e-06  0.00000000e+00
  0.00000000e+00]
9
data after
[23.491609450001118, 27.65815944666594, 24.31216278621167, 27.446954207054972, 27.84099481357336, 27.904031083468794, 27.029212343204467, 25.207006754561217, 22.001667945056557, 46.02501703849734]
8
data,sig_tot
[23.49160945 27.65815945 24.31216279 27.44695421 27.84099481 27.90403108
 27.02921234 25.20700675 22.00166795 46.02501704 26.55578305 20.5462755
 21.54085061]
[23.49160945 27.65815945 24.31216279 27.44695421 27.84099481 27.90403108
 27.02921234 25.20700675 22.00166795 46.02501704 26.55578305 20.5462755
 21.54085061]
<<<<<<< HEAD
4.143406631538383 0.9379263877849953 62.628714831139256
val isze = 0
idinces = [ 3  7 11  6  8  2 12  5 10  1  0  4  9]
training loss = 3.4910707473754883 500
training loss = 1.8106924295425415 1000
training loss = 1.1640033721923828 1500
training loss = 1.0831184387207031 2000
training loss = 1.0733543634414673 2500
training loss = 1.0657144784927368 3000
training loss = 1.0548816919326782 3500
training loss = 1.0382047891616821 4000
training loss = 1.0092562437057495 4500
training loss = 0.9472034573554993 5000
training loss = 0.7991589903831482 5500
training loss = 0.593119204044342 6000
training loss = 0.4015468955039978 6500
training loss = 0.24133464694023132 7000
reduced chi^2 level 2 = 0.24105776846408844
Constrained alpha: 3.590298891067505
Constrained beta: 1.6360961198806763
Constrained gamma: 61.90528869628906
=======
3.4450649732471965 16.556262203945945 79.9322314437391
val isze = 0
idinces = [ 9  7  5  3 12  0 10  8  4  1 11  6  2]
training loss = 9.654422760009766 500
training loss = 7.516026020050049 1000
training loss = 4.070234775543213 1500
training loss = 1.528913974761963 2000
training loss = 1.4678503274917603 2500
training loss = 1.4569509029388428 3000
training loss = 1.4488922357559204 3500
training loss = 1.446033239364624 4000
reduced chi^2 level 2 = 1.4473092555999756
Constrained alpha: 2.75681209564209
Constrained beta: 4.450061798095703
Constrained gamma: 15.085334777832031
>>>>>>> bf5bffb69ec4a318117f0a4aa6bdaab926d87e87
(1, 13)
(1, 0)
data before
[ 0.00000000e+00  0.00000000e+00  0.00000000e+00  0.00000000e+00
  0.00000000e+00  0.00000000e+00  0.00000000e+00  0.00000000e+00
  0.00000000e+00  0.00000000e+00  2.48877310e-05  7.47631389e-04
  2.18234516e-02  1.91699577e-01  5.12937393e-01  9.43780682e-01
  1.56189578e+00  2.51692528e+00  3.67624880e+00  5.63534866e+00
  8.43017731e+00  1.14283292e+01  1.62298302e+01  2.43121628e+01
  2.74469542e+01  2.78409948e+01  2.79040311e+01  2.70292123e+01
  2.52070068e+01  2.20016679e+01  1.76629582e+01  1.27906567e+01
  8.15789484e+00  4.49907069e+00  2.03325559e+00  6.93542815e-01
  1.56041644e-01  3.16052534e-02 -8.77655367e-06  0.00000000e+00
  0.00000000e+00]
9
data after
[23.491609450001118, 27.65815944666594, 24.31216278621167, 27.446954207054972, 27.84099481357336, 27.904031083468794, 27.029212343204467, 25.207006754561217, 22.001667945056557, 46.02501703849734]
8
data,sig_tot
[23.49160945 27.65815945 24.31216279 27.44695421 27.84099481 27.90403108
 27.02921234 25.20700675 22.00166795 46.02501704 26.55578305 20.5462755
 21.54085061]
[23.49160945 27.65815945 24.31216279 27.44695421 27.84099481 27.90403108
 27.02921234 25.20700675 22.00166795 46.02501704 26.55578305 20.5462755
 21.54085061]
<<<<<<< HEAD
4.143406631538383 0.9379263877849953 62.628714831139256
val isze = 0
idinces = [ 3  7 11  6  8  2 12  5 10  1  0  4  9]
=======
2.431062317582749 11.442444011256121 62.09178841242997
val isze = 0
idinces = [ 2  0  1  4 11  7  9  3  5  6  8 10 12]
training loss = 0.85135817527771 500
reduced chi^2 level 2 = 0.8531708717346191
Constrained alpha: 2.5582563877105713
Constrained beta: 5.358475685119629
Constrained gamma: 35.53022384643555
>>>>>>> bf5bffb69ec4a318117f0a4aa6bdaab926d87e87
(1, 13)
(1, 0)
data before
[ 0.00000000e+00  0.00000000e+00  0.00000000e+00  0.00000000e+00
  0.00000000e+00  0.00000000e+00  0.00000000e+00  0.00000000e+00
  0.00000000e+00  0.00000000e+00  2.48877310e-05  7.47631389e-04
  2.18234516e-02  1.91699577e-01  5.12937393e-01  9.43780682e-01
  1.56189578e+00  2.51692528e+00  3.67624880e+00  5.63534866e+00
  8.43017731e+00  1.14283292e+01  1.62298302e+01  2.43121628e+01
  2.74469542e+01  2.78409948e+01  2.79040311e+01  2.70292123e+01
  2.52070068e+01  2.20016679e+01  1.76629582e+01  1.27906567e+01
  8.15789484e+00  4.49907069e+00  2.03325559e+00  6.93542815e-01
  1.56041644e-01  3.16052534e-02 -8.77655367e-06  0.00000000e+00
  0.00000000e+00]
9
data after
[23.491609450001118, 27.65815944666594, 24.31216278621167, 27.446954207054972, 27.84099481357336, 27.904031083468794, 27.029212343204467, 25.207006754561217, 22.001667945056557, 46.02501703849734]
8
data,sig_tot
[23.49160945 27.65815945 24.31216279 27.44695421 27.84099481 27.90403108
 27.02921234 25.20700675 22.00166795 46.02501704 26.55578305 20.5462755
 21.54085061]
[23.49160945 27.65815945 24.31216279 27.44695421 27.84099481 27.90403108
 27.02921234 25.20700675 22.00166795 46.02501704 26.55578305 20.5462755
 21.54085061]
<<<<<<< HEAD
4.143406631538383 0.9379263877849953 62.628714831139256
val isze = 0
idinces = [ 3  7 11  6  8  2 12  5 10  1  0  4  9]
=======
3.735609259305275 14.173972590824738 85.84132517866311
val isze = 0
idinces = [ 8 12  3 11  6  4  9  2  5  0  1 10  7]
training loss = 14.085338592529297 500
training loss = 12.985823631286621 1000
training loss = 6.214452743530273 1500
training loss = 1.235512375831604 2000
training loss = 0.6664994359016418 2500
training loss = 0.5977874994277954 3000
training loss = 0.5886906385421753 3500
training loss = 0.5891860127449036 4000
reduced chi^2 level 2 = 0.5892153382301331
Constrained alpha: 3.431314706802368
Constrained beta: 8.847541809082031
Constrained gamma: 48.0854377746582
>>>>>>> bf5bffb69ec4a318117f0a4aa6bdaab926d87e87
(1, 13)
(1, 0)
data before
[ 0.00000000e+00  0.00000000e+00  0.00000000e+00  0.00000000e+00
  0.00000000e+00  0.00000000e+00  0.00000000e+00  0.00000000e+00
  0.00000000e+00  0.00000000e+00  2.48877310e-05  7.47631389e-04
  2.18234516e-02  1.91699577e-01  5.12937393e-01  9.43780682e-01
  1.56189578e+00  2.51692528e+00  3.67624880e+00  5.63534866e+00
  8.43017731e+00  1.14283292e+01  1.62298302e+01  2.43121628e+01
  2.74469542e+01  2.78409948e+01  2.79040311e+01  2.70292123e+01
  2.52070068e+01  2.20016679e+01  1.76629582e+01  1.27906567e+01
  8.15789484e+00  4.49907069e+00  2.03325559e+00  6.93542815e-01
  1.56041644e-01  3.16052534e-02 -8.77655367e-06  0.00000000e+00
  0.00000000e+00]
9
data after
[23.491609450001118, 27.65815944666594, 24.31216278621167, 27.446954207054972, 27.84099481357336, 27.904031083468794, 27.029212343204467, 25.207006754561217, 22.001667945056557, 46.02501703849734]
8
data,sig_tot
[23.49160945 27.65815945 24.31216279 27.44695421 27.84099481 27.90403108
 27.02921234 25.20700675 22.00166795 46.02501704 26.55578305 20.5462755
 21.54085061]
[23.49160945 27.65815945 24.31216279 27.44695421 27.84099481 27.90403108
 27.02921234 25.20700675 22.00166795 46.02501704 26.55578305 20.5462755
 21.54085061]
<<<<<<< HEAD
4.143406631538383 0.9379263877849953 62.628714831139256
val isze = 0
idinces = [ 3  7 11  6  8  2 12  5 10  1  0  4  9]
=======
2.020244207455594 10.678228249209917 23.12836005438076
val isze = 0
idinces = [ 4  0  5  6  3  2  7 10  9  8  1 12 11]
training loss = 0.6879492998123169 500
training loss = 0.6902521848678589 1000
reduced chi^2 level 2 = 0.6907525062561035
Constrained alpha: 2.5580294132232666
Constrained beta: 4.621657848358154
Constrained gamma: 5.552801609039307
>>>>>>> bf5bffb69ec4a318117f0a4aa6bdaab926d87e87
(1, 13)
(1, 0)
