data before
[ 0.00000000e+00  0.00000000e+00  0.00000000e+00  0.00000000e+00
  0.00000000e+00  0.00000000e+00  0.00000000e+00  0.00000000e+00
  0.00000000e+00  0.00000000e+00  2.48877310e-05  7.47631389e-04
  2.18234516e-02  1.91699577e-01  5.12937393e-01  9.43780682e-01
  1.56189578e+00  2.51692528e+00  3.67624880e+00  5.63534866e+00
  8.43017731e+00  1.14283292e+01  1.62298302e+01  2.43121628e+01
  2.74469542e+01  2.78409948e+01  2.79040311e+01  2.70292123e+01
  2.52070068e+01  2.20016679e+01  1.76629582e+01  1.27906567e+01
  8.15789484e+00  4.49907069e+00  2.03325559e+00  6.93542815e-01
  1.56041644e-01  3.16052534e-02 -8.77655367e-06  0.00000000e+00
  0.00000000e+00]
9
data after
[23.491609450001118, 27.65815944666594, 24.31216278621167, 27.446954207054972, 27.84099481357336, 27.904031083468794, 27.029212343204467, 25.207006754561217, 22.001667945056557, 46.02501703849734]
8
data,sig_tot
[23.49160945 27.65815945 24.31216279 27.44695421 27.84099481 27.90403108
 27.02921234 25.20700675 22.00166795 46.02501704 26.55578305 20.5462755
 21.54085061]
[23.49160945 27.65815945 24.31216279 27.44695421 27.84099481 27.90403108
 27.02921234 25.20700675 22.00166795 46.02501704 26.55578305 20.5462755
 21.54085061]
4.975553787609052 4.078630474793772 45.543262483850036
val isze = 0
idinces = [ 4 11  9  6 12  7  1  3  8  2  0 10  5]
training loss = 114.83551788330078 500
training loss = 53.26850891113281 1000
training loss = 32.97578811645508 1500
training loss = 25.4167537689209 2000
training loss = 22.3457088470459 2500
training loss = 21.042396545410156 3000
training loss = 20.48368263244629 3500
training loss = 20.238399505615234 4000
training loss = 20.114721298217773 4500
training loss = 20.02996826171875 5000
(1, 13)
(1, 0)
data before
[ 0.00000000e+00  0.00000000e+00  0.00000000e+00  0.00000000e+00
  0.00000000e+00  0.00000000e+00  0.00000000e+00  0.00000000e+00
  0.00000000e+00  0.00000000e+00  2.48877310e-05  7.47631389e-04
  2.18234516e-02  1.91699577e-01  5.12937393e-01  9.43780682e-01
  1.56189578e+00  2.51692528e+00  3.67624880e+00  5.63534866e+00
  8.43017731e+00  1.14283292e+01  1.62298302e+01  2.43121628e+01
  2.74469542e+01  2.78409948e+01  2.79040311e+01  2.70292123e+01
  2.52070068e+01  2.20016679e+01  1.76629582e+01  1.27906567e+01
  8.15789484e+00  4.49907069e+00  2.03325559e+00  6.93542815e-01
  1.56041644e-01  3.16052534e-02 -8.77655367e-06  0.00000000e+00
  0.00000000e+00]
9
data after
[23.491609450001118, 27.65815944666594, 24.31216278621167, 27.446954207054972, 27.84099481357336, 27.904031083468794, 27.029212343204467, 25.207006754561217, 22.001667945056557, 46.02501703849734]
8
data,sig_tot
[23.49160945 27.65815945 24.31216279 27.44695421 27.84099481 27.90403108
 27.02921234 25.20700675 22.00166795 46.02501704 26.55578305 20.5462755
 21.54085061]
[23.49160945 27.65815945 24.31216279 27.44695421 27.84099481 27.90403108
 27.02921234 25.20700675 22.00166795 46.02501704 26.55578305 20.5462755
 21.54085061]
1.0029466397312077 17.470926790118813 29.62371136407771
val isze = 0
idinces = [ 0 11  1  8  2  5  7  6 10  9  4 12  3]
training loss = 1.959038496017456 500
training loss = 1.2337415218353271 1000
training loss = 1.1841498613357544 1500
reduced chi^2 level 2 = 1.1852792501449585
Constrained alpha: 3.1342973709106445
Constrained beta: 2.3568813800811768
Constrained gamma: 2.941518783569336
(1, 13)
(1, 0)
data before
[ 0.00000000e+00  0.00000000e+00  0.00000000e+00  0.00000000e+00
  0.00000000e+00  0.00000000e+00  0.00000000e+00  0.00000000e+00
  0.00000000e+00  0.00000000e+00  2.48877310e-05  7.47631389e-04
  2.18234516e-02  1.91699577e-01  5.12937393e-01  9.43780682e-01
  1.56189578e+00  2.51692528e+00  3.67624880e+00  5.63534866e+00
  8.43017731e+00  1.14283292e+01  1.62298302e+01  2.43121628e+01
  2.74469542e+01  2.78409948e+01  2.79040311e+01  2.70292123e+01
  2.52070068e+01  2.20016679e+01  1.76629582e+01  1.27906567e+01
  8.15789484e+00  4.49907069e+00  2.03325559e+00  6.93542815e-01
  1.56041644e-01  3.16052534e-02 -8.77655367e-06  0.00000000e+00
  0.00000000e+00]
9
data after
[23.491609450001118, 27.65815944666594, 24.31216278621167, 27.446954207054972, 27.84099481357336, 27.904031083468794, 27.029212343204467, 25.207006754561217, 22.001667945056557, 46.02501703849734]
8
data,sig_tot
[23.49160945 27.65815945 24.31216279 27.44695421 27.84099481 27.90403108
 27.02921234 25.20700675 22.00166795 46.02501704 26.55578305 20.5462755
 21.54085061]
[23.49160945 27.65815945 24.31216279 27.44695421 27.84099481 27.90403108
 27.02921234 25.20700675 22.00166795 46.02501704 26.55578305 20.5462755
 21.54085061]
2.9388784533109136 4.711371236850019 70.32269174012652
val isze = 0
idinces = [ 7  0  5  3  9  8  6  1 10  4  2 11 12]
training loss = 0.5950114130973816 500
training loss = 0.5877260565757751 1000
training loss = 0.5795424580574036 1500
training loss = 0.5728330612182617 2000
training loss = 0.5699167251586914 2500
reduced chi^2 level 2 = 0.5710140466690063
Constrained alpha: 2.790590763092041
Constrained beta: 3.6481308937072754
Constrained gamma: 18.47563362121582
(1, 13)
(1, 0)
data before
[ 0.00000000e+00  0.00000000e+00  0.00000000e+00  0.00000000e+00
  0.00000000e+00  0.00000000e+00  0.00000000e+00  0.00000000e+00
  0.00000000e+00  0.00000000e+00  2.48877310e-05  7.47631389e-04
  2.18234516e-02  1.91699577e-01  5.12937393e-01  9.43780682e-01
  1.56189578e+00  2.51692528e+00  3.67624880e+00  5.63534866e+00
  8.43017731e+00  1.14283292e+01  1.62298302e+01  2.43121628e+01
  2.74469542e+01  2.78409948e+01  2.79040311e+01  2.70292123e+01
  2.52070068e+01  2.20016679e+01  1.76629582e+01  1.27906567e+01
  8.15789484e+00  4.49907069e+00  2.03325559e+00  6.93542815e-01
  1.56041644e-01  3.16052534e-02 -8.77655367e-06  0.00000000e+00
  0.00000000e+00]
9
data after
[23.491609450001118, 27.65815944666594, 24.31216278621167, 27.446954207054972, 27.84099481357336, 27.904031083468794, 27.029212343204467, 25.207006754561217, 22.001667945056557, 46.02501703849734]
8
data,sig_tot
[23.49160945 27.65815945 24.31216279 27.44695421 27.84099481 27.90403108
 27.02921234 25.20700675 22.00166795 46.02501704 26.55578305 20.5462755
 21.54085061]
[23.49160945 27.65815945 24.31216279 27.44695421 27.84099481 27.90403108
 27.02921234 25.20700675 22.00166795 46.02501704 26.55578305 20.5462755
 21.54085061]
1.941169394533836 9.170402634039846 48.447985222855486
val isze = 0
idinces = [11  8 12  9  0  2  5  1 10  3  6  7  4]
training loss = 0.9720519781112671 500
reduced chi^2 level 2 = 0.9815254807472229
Constrained alpha: 2.344856023788452
Constrained beta: 5.922085285186768
Constrained gamma: 29.80874252319336
(1, 13)
(1, 0)
data before
[ 0.00000000e+00  0.00000000e+00  0.00000000e+00  0.00000000e+00
  0.00000000e+00  0.00000000e+00  0.00000000e+00  0.00000000e+00
  0.00000000e+00  0.00000000e+00  2.48877310e-05  7.47631389e-04
  2.18234516e-02  1.91699577e-01  5.12937393e-01  9.43780682e-01
  1.56189578e+00  2.51692528e+00  3.67624880e+00  5.63534866e+00
  8.43017731e+00  1.14283292e+01  1.62298302e+01  2.43121628e+01
  2.74469542e+01  2.78409948e+01  2.79040311e+01  2.70292123e+01
  2.52070068e+01  2.20016679e+01  1.76629582e+01  1.27906567e+01
  8.15789484e+00  4.49907069e+00  2.03325559e+00  6.93542815e-01
  1.56041644e-01  3.16052534e-02 -8.77655367e-06  0.00000000e+00
  0.00000000e+00]
9
data after
[23.491609450001118, 27.65815944666594, 24.31216278621167, 27.446954207054972, 27.84099481357336, 27.904031083468794, 27.029212343204467, 25.207006754561217, 22.001667945056557, 46.02501703849734]
8
data,sig_tot
[23.49160945 27.65815945 24.31216279 27.44695421 27.84099481 27.90403108
 27.02921234 25.20700675 22.00166795 46.02501704 26.55578305 20.5462755
 21.54085061]
[23.49160945 27.65815945 24.31216279 27.44695421 27.84099481 27.90403108
 27.02921234 25.20700675 22.00166795 46.02501704 26.55578305 20.5462755
 21.54085061]
4.960779640991472 16.671600402411567 23.612503714649137
val isze = 0
idinces = [10  1  8  3  5  7  9  2 12  0  6  4 11]
(1, 13)
(1, 0)
data before
[ 0.00000000e+00  0.00000000e+00  0.00000000e+00  0.00000000e+00
  0.00000000e+00  0.00000000e+00  0.00000000e+00  0.00000000e+00
  0.00000000e+00  0.00000000e+00  2.48877310e-05  7.47631389e-04
  2.18234516e-02  1.91699577e-01  5.12937393e-01  9.43780682e-01
  1.56189578e+00  2.51692528e+00  3.67624880e+00  5.63534866e+00
  8.43017731e+00  1.14283292e+01  1.62298302e+01  2.43121628e+01
  2.74469542e+01  2.78409948e+01  2.79040311e+01  2.70292123e+01
  2.52070068e+01  2.20016679e+01  1.76629582e+01  1.27906567e+01
  8.15789484e+00  4.49907069e+00  2.03325559e+00  6.93542815e-01
  1.56041644e-01  3.16052534e-02 -8.77655367e-06  0.00000000e+00
  0.00000000e+00]
9
data after
[23.491609450001118, 27.65815944666594, 24.31216278621167, 27.446954207054972, 27.84099481357336, 27.904031083468794, 27.029212343204467, 25.207006754561217, 22.001667945056557, 46.02501703849734]
8
data,sig_tot
[23.49160945 27.65815945 24.31216279 27.44695421 27.84099481 27.90403108
 27.02921234 25.20700675 22.00166795 46.02501704 26.55578305 20.5462755
 21.54085061]
[23.49160945 27.65815945 24.31216279 27.44695421 27.84099481 27.90403108
 27.02921234 25.20700675 22.00166795 46.02501704 26.55578305 20.5462755
 21.54085061]
4.228141046031819 2.6044845809916772 66.18296946380272
val isze = 0
idinces = [12  2 10 11  6  0  8  7  1  5  9  4  3]
(1, 13)
(1, 0)
data before
[ 0.00000000e+00  0.00000000e+00  0.00000000e+00  0.00000000e+00
  0.00000000e+00  0.00000000e+00  0.00000000e+00  0.00000000e+00
  0.00000000e+00  0.00000000e+00  2.48877310e-05  7.47631389e-04
  2.18234516e-02  1.91699577e-01  5.12937393e-01  9.43780682e-01
  1.56189578e+00  2.51692528e+00  3.67624880e+00  5.63534866e+00
  8.43017731e+00  1.14283292e+01  1.62298302e+01  2.43121628e+01
  2.74469542e+01  2.78409948e+01  2.79040311e+01  2.70292123e+01
  2.52070068e+01  2.20016679e+01  1.76629582e+01  1.27906567e+01
  8.15789484e+00  4.49907069e+00  2.03325559e+00  6.93542815e-01
  1.56041644e-01  3.16052534e-02 -8.77655367e-06  0.00000000e+00
  0.00000000e+00]
9
data after
[23.491609450001118, 27.65815944666594, 24.31216278621167, 27.446954207054972, 27.84099481357336, 27.904031083468794, 27.029212343204467, 25.207006754561217, 22.001667945056557, 46.02501703849734]
8
data,sig_tot
[23.49160945 27.65815945 24.31216279 27.44695421 27.84099481 27.90403108
 27.02921234 25.20700675 22.00166795 46.02501704 26.55578305 20.5462755
 21.54085061]
[23.49160945 27.65815945 24.31216279 27.44695421 27.84099481 27.90403108
 27.02921234 25.20700675 22.00166795 46.02501704 26.55578305 20.5462755
 21.54085061]
0.47262792231842987 14.970328448134051 50.619348989739
val isze = 0
idinces = [ 7  9  8 12  2  3  4  5  0  6  1 11 10]
training loss = 1.0875667333602905 500
training loss = 0.6212733387947083 1000
training loss = 0.5844802856445312 1500
reduced chi^2 level 2 = 0.5861700177192688
Constrained alpha: 2.8835549354553223
Constrained beta: 3.4034533500671387
Constrained gamma: 14.263581275939941
(1, 13)
(1, 0)
data before
[ 0.00000000e+00  0.00000000e+00  0.00000000e+00  0.00000000e+00
  0.00000000e+00  0.00000000e+00  0.00000000e+00  0.00000000e+00
  0.00000000e+00  0.00000000e+00  2.48877310e-05  7.47631389e-04
  2.18234516e-02  1.91699577e-01  5.12937393e-01  9.43780682e-01
  1.56189578e+00  2.51692528e+00  3.67624880e+00  5.63534866e+00
  8.43017731e+00  1.14283292e+01  1.62298302e+01  2.43121628e+01
  2.74469542e+01  2.78409948e+01  2.79040311e+01  2.70292123e+01
  2.52070068e+01  2.20016679e+01  1.76629582e+01  1.27906567e+01
  8.15789484e+00  4.49907069e+00  2.03325559e+00  6.93542815e-01
  1.56041644e-01  3.16052534e-02 -8.77655367e-06  0.00000000e+00
  0.00000000e+00]
9
data after
[23.491609450001118, 27.65815944666594, 24.31216278621167, 27.446954207054972, 27.84099481357336, 27.904031083468794, 27.029212343204467, 25.207006754561217, 22.001667945056557, 46.02501703849734]
8
data,sig_tot
[23.49160945 27.65815945 24.31216279 27.44695421 27.84099481 27.90403108
 27.02921234 25.20700675 22.00166795 46.02501704 26.55578305 20.5462755
 21.54085061]
[23.49160945 27.65815945 24.31216279 27.44695421 27.84099481 27.90403108
 27.02921234 25.20700675 22.00166795 46.02501704 26.55578305 20.5462755
 21.54085061]
3.8442500752142905 1.5129871691642438 75.83364342453804
val isze = 0
idinces = [ 2  7  9  0 10 11  4  1  6  3 12  5  8]
training loss = 6.3774590492248535 500
training loss = 2.7729504108428955 1000
training loss = 2.1091365814208984 1500
training loss = 1.9823344945907593 2000
training loss = 1.9160659313201904 2500
training loss = 1.8889400959014893 3000
training loss = 1.8796088695526123 3500
training loss = 1.8762317895889282 4000
training loss = 1.874306082725525 4500
training loss = 1.872422456741333 5000
reduced chi^2 level 2 = 1.8724185228347778
Constrained alpha: 3.2118566036224365
Constrained beta: 2.227428674697876
Constrained gamma: 73.15907287597656
(1, 13)
(1, 0)
data before
[ 0.00000000e+00  0.00000000e+00  0.00000000e+00  0.00000000e+00
  0.00000000e+00  0.00000000e+00  0.00000000e+00  0.00000000e+00
  0.00000000e+00  0.00000000e+00  2.48877310e-05  7.47631389e-04
  2.18234516e-02  1.91699577e-01  5.12937393e-01  9.43780682e-01
  1.56189578e+00  2.51692528e+00  3.67624880e+00  5.63534866e+00
  8.43017731e+00  1.14283292e+01  1.62298302e+01  2.43121628e+01
  2.74469542e+01  2.78409948e+01  2.79040311e+01  2.70292123e+01
  2.52070068e+01  2.20016679e+01  1.76629582e+01  1.27906567e+01
  8.15789484e+00  4.49907069e+00  2.03325559e+00  6.93542815e-01
  1.56041644e-01  3.16052534e-02 -8.77655367e-06  0.00000000e+00
  0.00000000e+00]
9
data after
[23.491609450001118, 27.65815944666594, 24.31216278621167, 27.446954207054972, 27.84099481357336, 27.904031083468794, 27.029212343204467, 25.207006754561217, 22.001667945056557, 46.02501703849734]
8
data,sig_tot
[23.49160945 27.65815945 24.31216279 27.44695421 27.84099481 27.90403108
 27.02921234 25.20700675 22.00166795 46.02501704 26.55578305 20.5462755
 21.54085061]
[23.49160945 27.65815945 24.31216279 27.44695421 27.84099481 27.90403108
 27.02921234 25.20700675 22.00166795 46.02501704 26.55578305 20.5462755
 21.54085061]
3.0059335032700703 14.952510689570023 42.534414379248
val isze = 0
idinces = [ 2 10  7  6  3  4  0 12  8  5  9  1 11]
training loss = 0.6493268609046936 500
training loss = 0.5798144340515137 1000
reduced chi^2 level 2 = 0.5867903828620911
Constrained alpha: 2.7934789657592773
Constrained beta: 4.441908836364746
Constrained gamma: 15.80573844909668
(1, 13)
(1, 0)
data before
[ 0.00000000e+00  0.00000000e+00  0.00000000e+00  0.00000000e+00
  0.00000000e+00  0.00000000e+00  0.00000000e+00  0.00000000e+00
  0.00000000e+00  0.00000000e+00  2.48877310e-05  7.47631389e-04
  2.18234516e-02  1.91699577e-01  5.12937393e-01  9.43780682e-01
  1.56189578e+00  2.51692528e+00  3.67624880e+00  5.63534866e+00
  8.43017731e+00  1.14283292e+01  1.62298302e+01  2.43121628e+01
  2.74469542e+01  2.78409948e+01  2.79040311e+01  2.70292123e+01
  2.52070068e+01  2.20016679e+01  1.76629582e+01  1.27906567e+01
  8.15789484e+00  4.49907069e+00  2.03325559e+00  6.93542815e-01
  1.56041644e-01  3.16052534e-02 -8.77655367e-06  0.00000000e+00
  0.00000000e+00]
9
data after
[23.491609450001118, 27.65815944666594, 24.31216278621167, 27.446954207054972, 27.84099481357336, 27.904031083468794, 27.029212343204467, 25.207006754561217, 22.001667945056557, 46.02501703849734]
8
data,sig_tot
[23.49160945 27.65815945 24.31216279 27.44695421 27.84099481 27.90403108
 27.02921234 25.20700675 22.00166795 46.02501704 26.55578305 20.5462755
 21.54085061]
[23.49160945 27.65815945 24.31216279 27.44695421 27.84099481 27.90403108
 27.02921234 25.20700675 22.00166795 46.02501704 26.55578305 20.5462755
 21.54085061]
2.893230943180397 2.608122831364883 12.402321817198203
val isze = 0
idinces = [ 1  0  3 11  7  4  9  6  2 10  5  8 12]
reduced chi^2 level 2 = 1.5233474969863892
Constrained alpha: 3.07289457321167
Constrained beta: 2.2622013092041016
Constrained gamma: 8.039054870605469
(1, 13)
(1, 0)
data before
[ 0.00000000e+00  0.00000000e+00  0.00000000e+00  0.00000000e+00
  0.00000000e+00  0.00000000e+00  0.00000000e+00  0.00000000e+00
  0.00000000e+00  0.00000000e+00  2.48877310e-05  7.47631389e-04
  2.18234516e-02  1.91699577e-01  5.12937393e-01  9.43780682e-01
  1.56189578e+00  2.51692528e+00  3.67624880e+00  5.63534866e+00
  8.43017731e+00  1.14283292e+01  1.62298302e+01  2.43121628e+01
  2.74469542e+01  2.78409948e+01  2.79040311e+01  2.70292123e+01
  2.52070068e+01  2.20016679e+01  1.76629582e+01  1.27906567e+01
  8.15789484e+00  4.49907069e+00  2.03325559e+00  6.93542815e-01
  1.56041644e-01  3.16052534e-02 -8.77655367e-06  0.00000000e+00
  0.00000000e+00]
9
data after
[23.491609450001118, 27.65815944666594, 24.31216278621167, 27.446954207054972, 27.84099481357336, 27.904031083468794, 27.029212343204467, 25.207006754561217, 22.001667945056557, 46.02501703849734]
8
data,sig_tot
[23.49160945 27.65815945 24.31216279 27.44695421 27.84099481 27.90403108
 27.02921234 25.20700675 22.00166795 46.02501704 26.55578305 20.5462755
 21.54085061]
[23.49160945 27.65815945 24.31216279 27.44695421 27.84099481 27.90403108
 27.02921234 25.20700675 22.00166795 46.02501704 26.55578305 20.5462755
 21.54085061]
0.16641166375065353 6.722634094047892 30.166639789596783
val isze = 0
idinces = [ 9  1  0 10 12  3  2  8  4  7  6  5 11]
training loss = 0.6355465054512024 500
training loss = 0.4225250482559204 1000
training loss = 0.41007667779922485 1500
reduced chi^2 level 2 = 0.4103286564350128
Constrained alpha: 2.949974536895752
Constrained beta: 3.068504571914673
Constrained gamma: 3.924853563308716
(1, 13)
(1, 0)
data before
[ 0.00000000e+00  0.00000000e+00  0.00000000e+00  0.00000000e+00
  0.00000000e+00  0.00000000e+00  0.00000000e+00  0.00000000e+00
  0.00000000e+00  0.00000000e+00  2.48877310e-05  7.47631389e-04
  2.18234516e-02  1.91699577e-01  5.12937393e-01  9.43780682e-01
  1.56189578e+00  2.51692528e+00  3.67624880e+00  5.63534866e+00
  8.43017731e+00  1.14283292e+01  1.62298302e+01  2.43121628e+01
  2.74469542e+01  2.78409948e+01  2.79040311e+01  2.70292123e+01
  2.52070068e+01  2.20016679e+01  1.76629582e+01  1.27906567e+01
  8.15789484e+00  4.49907069e+00  2.03325559e+00  6.93542815e-01
  1.56041644e-01  3.16052534e-02 -8.77655367e-06  0.00000000e+00
  0.00000000e+00]
9
data after
[23.491609450001118, 27.65815944666594, 24.31216278621167, 27.446954207054972, 27.84099481357336, 27.904031083468794, 27.029212343204467, 25.207006754561217, 22.001667945056557, 46.02501703849734]
8
data,sig_tot
[23.49160945 27.65815945 24.31216279 27.44695421 27.84099481 27.90403108
 27.02921234 25.20700675 22.00166795 46.02501704 26.55578305 20.5462755
 21.54085061]
[23.49160945 27.65815945 24.31216279 27.44695421 27.84099481 27.90403108
 27.02921234 25.20700675 22.00166795 46.02501704 26.55578305 20.5462755
 21.54085061]
4.6691552818105215 8.013176957895535 67.98450593416709
val isze = 0
idinces = [ 7  0 11  3  8  2  4  1  6 12 10  5  9]
training loss = 24.14916229248047 500
training loss = 23.634578704833984 1000
training loss = 23.16594123840332 1500
training loss = 22.634998321533203 2000
training loss = 21.84357452392578 2500
training loss = 20.47232437133789 3000
training loss = 18.13995361328125 3500
training loss = 15.62051010131836 4000
training loss = 14.482124328613281 4500
training loss = 14.07579231262207 5000
(1, 13)
(1, 0)
data before
[ 0.00000000e+00  0.00000000e+00  0.00000000e+00  0.00000000e+00
  0.00000000e+00  0.00000000e+00  0.00000000e+00  0.00000000e+00
  0.00000000e+00  0.00000000e+00  2.48877310e-05  7.47631389e-04
  2.18234516e-02  1.91699577e-01  5.12937393e-01  9.43780682e-01
  1.56189578e+00  2.51692528e+00  3.67624880e+00  5.63534866e+00
  8.43017731e+00  1.14283292e+01  1.62298302e+01  2.43121628e+01
  2.74469542e+01  2.78409948e+01  2.79040311e+01  2.70292123e+01
  2.52070068e+01  2.20016679e+01  1.76629582e+01  1.27906567e+01
  8.15789484e+00  4.49907069e+00  2.03325559e+00  6.93542815e-01
  1.56041644e-01  3.16052534e-02 -8.77655367e-06  0.00000000e+00
  0.00000000e+00]
9
data after
[23.491609450001118, 27.65815944666594, 24.31216278621167, 27.446954207054972, 27.84099481357336, 27.904031083468794, 27.029212343204467, 25.207006754561217, 22.001667945056557, 46.02501703849734]
8
data,sig_tot
[23.49160945 27.65815945 24.31216279 27.44695421 27.84099481 27.90403108
 27.02921234 25.20700675 22.00166795 46.02501704 26.55578305 20.5462755
 21.54085061]
[23.49160945 27.65815945 24.31216279 27.44695421 27.84099481 27.90403108
 27.02921234 25.20700675 22.00166795 46.02501704 26.55578305 20.5462755
 21.54085061]
4.81668262383626 7.55920343482734 5.4101494970667074
val isze = 0
idinces = [11  3  5  1 12  8  4  2 10  0  9  6  7]
(1, 13)
(1, 0)
data before
[ 0.00000000e+00  0.00000000e+00  0.00000000e+00  0.00000000e+00
  0.00000000e+00  0.00000000e+00  0.00000000e+00  0.00000000e+00
  0.00000000e+00  0.00000000e+00  2.48877310e-05  7.47631389e-04
  2.18234516e-02  1.91699577e-01  5.12937393e-01  9.43780682e-01
  1.56189578e+00  2.51692528e+00  3.67624880e+00  5.63534866e+00
  8.43017731e+00  1.14283292e+01  1.62298302e+01  2.43121628e+01
  2.74469542e+01  2.78409948e+01  2.79040311e+01  2.70292123e+01
  2.52070068e+01  2.20016679e+01  1.76629582e+01  1.27906567e+01
  8.15789484e+00  4.49907069e+00  2.03325559e+00  6.93542815e-01
  1.56041644e-01  3.16052534e-02 -8.77655367e-06  0.00000000e+00
  0.00000000e+00]
9
data after
[23.491609450001118, 27.65815944666594, 24.31216278621167, 27.446954207054972, 27.84099481357336, 27.904031083468794, 27.029212343204467, 25.207006754561217, 22.001667945056557, 46.02501703849734]
8
data,sig_tot
[23.49160945 27.65815945 24.31216279 27.44695421 27.84099481 27.90403108
 27.02921234 25.20700675 22.00166795 46.02501704 26.55578305 20.5462755
 21.54085061]
[23.49160945 27.65815945 24.31216279 27.44695421 27.84099481 27.90403108
 27.02921234 25.20700675 22.00166795 46.02501704 26.55578305 20.5462755
 21.54085061]
1.3549630921175253 17.38266466366113 43.7436795462524
val isze = 0
idinces = [ 8 10  7 11  3  2  4  9 12  6  0  5  1]
training loss = 2.2686588764190674 500
training loss = 1.1284445524215698 1000
training loss = 1.0569032430648804 1500
training loss = 1.0555059909820557 2000
reduced chi^2 level 2 = 1.0556164979934692
Constrained alpha: 3.314016342163086
Constrained beta: 0.7981137633323669
Constrained gamma: 3.5775680541992188
(1, 13)
(1, 0)
data before
[ 0.00000000e+00  0.00000000e+00  0.00000000e+00  0.00000000e+00
  0.00000000e+00  0.00000000e+00  0.00000000e+00  0.00000000e+00
  0.00000000e+00  0.00000000e+00  2.48877310e-05  7.47631389e-04
  2.18234516e-02  1.91699577e-01  5.12937393e-01  9.43780682e-01
  1.56189578e+00  2.51692528e+00  3.67624880e+00  5.63534866e+00
  8.43017731e+00  1.14283292e+01  1.62298302e+01  2.43121628e+01
  2.74469542e+01  2.78409948e+01  2.79040311e+01  2.70292123e+01
  2.52070068e+01  2.20016679e+01  1.76629582e+01  1.27906567e+01
  8.15789484e+00  4.49907069e+00  2.03325559e+00  6.93542815e-01
  1.56041644e-01  3.16052534e-02 -8.77655367e-06  0.00000000e+00
  0.00000000e+00]
9
data after
[23.491609450001118, 27.65815944666594, 24.31216278621167, 27.446954207054972, 27.84099481357336, 27.904031083468794, 27.029212343204467, 25.207006754561217, 22.001667945056557, 46.02501703849734]
8
data,sig_tot
[23.49160945 27.65815945 24.31216279 27.44695421 27.84099481 27.90403108
 27.02921234 25.20700675 22.00166795 46.02501704 26.55578305 20.5462755
 21.54085061]
[23.49160945 27.65815945 24.31216279 27.44695421 27.84099481 27.90403108
 27.02921234 25.20700675 22.00166795 46.02501704 26.55578305 20.5462755
 21.54085061]
3.9904026890895454 7.1751659035979 92.32575440401092
val isze = 0
idinces = [10 12  6  5 11  9  3  2  7  8  0  4  1]
training loss = 22.133955001831055 500
training loss = 10.976187705993652 1000
training loss = 7.348178863525391 1500
training loss = 5.15500545501709 2000
training loss = 2.0939173698425293 2500
training loss = 1.3193458318710327 3000
training loss = 1.188515543937683 3500
training loss = 1.1173313856124878 4000
training loss = 1.0699325799942017 4500
training loss = 1.0372544527053833 5000
reduced chi^2 level 2 = 1.0371992588043213
Constrained alpha: 3.574535608291626
Constrained beta: 7.035942554473877
Constrained gamma: 86.97189331054688
(1, 13)
(1, 0)
data before
[ 0.00000000e+00  0.00000000e+00  0.00000000e+00  0.00000000e+00
  0.00000000e+00  0.00000000e+00  0.00000000e+00  0.00000000e+00
  0.00000000e+00  0.00000000e+00  2.48877310e-05  7.47631389e-04
  2.18234516e-02  1.91699577e-01  5.12937393e-01  9.43780682e-01
  1.56189578e+00  2.51692528e+00  3.67624880e+00  5.63534866e+00
  8.43017731e+00  1.14283292e+01  1.62298302e+01  2.43121628e+01
  2.74469542e+01  2.78409948e+01  2.79040311e+01  2.70292123e+01
  2.52070068e+01  2.20016679e+01  1.76629582e+01  1.27906567e+01
  8.15789484e+00  4.49907069e+00  2.03325559e+00  6.93542815e-01
  1.56041644e-01  3.16052534e-02 -8.77655367e-06  0.00000000e+00
  0.00000000e+00]
9
data after
[23.491609450001118, 27.65815944666594, 24.31216278621167, 27.446954207054972, 27.84099481357336, 27.904031083468794, 27.029212343204467, 25.207006754561217, 22.001667945056557, 46.02501703849734]
8
data,sig_tot
[23.49160945 27.65815945 24.31216279 27.44695421 27.84099481 27.90403108
 27.02921234 25.20700675 22.00166795 46.02501704 26.55578305 20.5462755
 21.54085061]
[23.49160945 27.65815945 24.31216279 27.44695421 27.84099481 27.90403108
 27.02921234 25.20700675 22.00166795 46.02501704 26.55578305 20.5462755
 21.54085061]
3.537452072098521 9.76542156493008 18.744481225682797
val isze = 0
idinces = [ 4  5  9  0  7  3 11  1 12  8  6  2 10]
training loss = 0.7014310956001282 500
reduced chi^2 level 2 = 0.6986410617828369
Constrained alpha: 2.859795093536377
Constrained beta: 5.7693352699279785
Constrained gamma: 15.341383934020996
(1, 13)
(1, 0)
data before
[ 0.00000000e+00  0.00000000e+00  0.00000000e+00  0.00000000e+00
  0.00000000e+00  0.00000000e+00  0.00000000e+00  0.00000000e+00
  0.00000000e+00  0.00000000e+00  2.48877310e-05  7.47631389e-04
  2.18234516e-02  1.91699577e-01  5.12937393e-01  9.43780682e-01
  1.56189578e+00  2.51692528e+00  3.67624880e+00  5.63534866e+00
  8.43017731e+00  1.14283292e+01  1.62298302e+01  2.43121628e+01
  2.74469542e+01  2.78409948e+01  2.79040311e+01  2.70292123e+01
  2.52070068e+01  2.20016679e+01  1.76629582e+01  1.27906567e+01
  8.15789484e+00  4.49907069e+00  2.03325559e+00  6.93542815e-01
  1.56041644e-01  3.16052534e-02 -8.77655367e-06  0.00000000e+00
  0.00000000e+00]
9
data after
[23.491609450001118, 27.65815944666594, 24.31216278621167, 27.446954207054972, 27.84099481357336, 27.904031083468794, 27.029212343204467, 25.207006754561217, 22.001667945056557, 46.02501703849734]
8
data,sig_tot
[23.49160945 27.65815945 24.31216279 27.44695421 27.84099481 27.90403108
 27.02921234 25.20700675 22.00166795 46.02501704 26.55578305 20.5462755
 21.54085061]
[23.49160945 27.65815945 24.31216279 27.44695421 27.84099481 27.90403108
 27.02921234 25.20700675 22.00166795 46.02501704 26.55578305 20.5462755
 21.54085061]
0.802509193585893 5.660885782178607 80.66899740188784
val isze = 0
idinces = [ 6  0  3  4 12  8  1  7  2  5  9 11 10]
training loss = 1.1435465812683105 500
training loss = 1.0096174478530884 1000
training loss = 0.9980266690254211 1500
reduced chi^2 level 2 = 0.9985325336456299
Constrained alpha: 2.9686050415039062
Constrained beta: 2.6262924671173096
Constrained gamma: 38.582096099853516
(1, 13)
(1, 0)
data before
[ 0.00000000e+00  0.00000000e+00  0.00000000e+00  0.00000000e+00
  0.00000000e+00  0.00000000e+00  0.00000000e+00  0.00000000e+00
  0.00000000e+00  0.00000000e+00  2.48877310e-05  7.47631389e-04
  2.18234516e-02  1.91699577e-01  5.12937393e-01  9.43780682e-01
  1.56189578e+00  2.51692528e+00  3.67624880e+00  5.63534866e+00
  8.43017731e+00  1.14283292e+01  1.62298302e+01  2.43121628e+01
  2.74469542e+01  2.78409948e+01  2.79040311e+01  2.70292123e+01
  2.52070068e+01  2.20016679e+01  1.76629582e+01  1.27906567e+01
  8.15789484e+00  4.49907069e+00  2.03325559e+00  6.93542815e-01
  1.56041644e-01  3.16052534e-02 -8.77655367e-06  0.00000000e+00
  0.00000000e+00]
9
data after
[23.491609450001118, 27.65815944666594, 24.31216278621167, 27.446954207054972, 27.84099481357336, 27.904031083468794, 27.029212343204467, 25.207006754561217, 22.001667945056557, 46.02501703849734]
8
data,sig_tot
[23.49160945 27.65815945 24.31216279 27.44695421 27.84099481 27.90403108
 27.02921234 25.20700675 22.00166795 46.02501704 26.55578305 20.5462755
 21.54085061]
[23.49160945 27.65815945 24.31216279 27.44695421 27.84099481 27.90403108
 27.02921234 25.20700675 22.00166795 46.02501704 26.55578305 20.5462755
 21.54085061]
4.754874745821868 12.297860458119583 85.5040644833368
val isze = 0
idinces = [ 2  4 12  0 11  5  9  7  8  6  3  1 10]
training loss = 535.369140625 500
training loss = 74.04493713378906 1000
training loss = 31.039411544799805 1500
training loss = 21.01865005493164 2000
training loss = 17.84267234802246 2500
training loss = 16.699777603149414 3000
training loss = 16.267288208007812 3500
training loss = 16.09204864501953 4000
training loss = 15.999176979064941 4500
training loss = 15.92483139038086 5000
(1, 13)
(1, 0)
data before
[ 0.00000000e+00  0.00000000e+00  0.00000000e+00  0.00000000e+00
  0.00000000e+00  0.00000000e+00  0.00000000e+00  0.00000000e+00
  0.00000000e+00  0.00000000e+00  2.48877310e-05  7.47631389e-04
  2.18234516e-02  1.91699577e-01  5.12937393e-01  9.43780682e-01
  1.56189578e+00  2.51692528e+00  3.67624880e+00  5.63534866e+00
  8.43017731e+00  1.14283292e+01  1.62298302e+01  2.43121628e+01
  2.74469542e+01  2.78409948e+01  2.79040311e+01  2.70292123e+01
  2.52070068e+01  2.20016679e+01  1.76629582e+01  1.27906567e+01
  8.15789484e+00  4.49907069e+00  2.03325559e+00  6.93542815e-01
  1.56041644e-01  3.16052534e-02 -8.77655367e-06  0.00000000e+00
  0.00000000e+00]
9
data after
[23.491609450001118, 27.65815944666594, 24.31216278621167, 27.446954207054972, 27.84099481357336, 27.904031083468794, 27.029212343204467, 25.207006754561217, 22.001667945056557, 46.02501703849734]
8
data,sig_tot
[23.49160945 27.65815945 24.31216279 27.44695421 27.84099481 27.90403108
 27.02921234 25.20700675 22.00166795 46.02501704 26.55578305 20.5462755
 21.54085061]
[23.49160945 27.65815945 24.31216279 27.44695421 27.84099481 27.90403108
 27.02921234 25.20700675 22.00166795 46.02501704 26.55578305 20.5462755
 21.54085061]
0.6669550709425104 11.5951772488409 90.56682139598387
val isze = 0
idinces = [ 3  4 11  0  7  2  1  5  8 10  9 12  6]
training loss = 0.7931661009788513 500
training loss = 0.4264671802520752 1000
training loss = 0.39649176597595215 1500
reduced chi^2 level 2 = 0.39747196435928345
Constrained alpha: 3.0009515285491943
Constrained beta: 3.331207513809204
Constrained gamma: 48.458229064941406
(1, 13)
(1, 0)
data before
[ 0.00000000e+00  0.00000000e+00  0.00000000e+00  0.00000000e+00
  0.00000000e+00  0.00000000e+00  0.00000000e+00  0.00000000e+00
  0.00000000e+00  0.00000000e+00  2.48877310e-05  7.47631389e-04
  2.18234516e-02  1.91699577e-01  5.12937393e-01  9.43780682e-01
  1.56189578e+00  2.51692528e+00  3.67624880e+00  5.63534866e+00
  8.43017731e+00  1.14283292e+01  1.62298302e+01  2.43121628e+01
  2.74469542e+01  2.78409948e+01  2.79040311e+01  2.70292123e+01
  2.52070068e+01  2.20016679e+01  1.76629582e+01  1.27906567e+01
  8.15789484e+00  4.49907069e+00  2.03325559e+00  6.93542815e-01
  1.56041644e-01  3.16052534e-02 -8.77655367e-06  0.00000000e+00
  0.00000000e+00]
9
data after
[23.491609450001118, 27.65815944666594, 24.31216278621167, 27.446954207054972, 27.84099481357336, 27.904031083468794, 27.029212343204467, 25.207006754561217, 22.001667945056557, 46.02501703849734]
8
data,sig_tot
[23.49160945 27.65815945 24.31216279 27.44695421 27.84099481 27.90403108
 27.02921234 25.20700675 22.00166795 46.02501704 26.55578305 20.5462755
 21.54085061]
[23.49160945 27.65815945 24.31216279 27.44695421 27.84099481 27.90403108
 27.02921234 25.20700675 22.00166795 46.02501704 26.55578305 20.5462755
 21.54085061]
4.979774133905901 16.485622983971812 46.69140907217546
val isze = 0
idinces = [12  4  1  2 10  0  5  6  3  8  7  9 11]
training loss = 16.853740692138672 500
training loss = 15.719338417053223 1000
training loss = 15.153332710266113 1500
training loss = 14.843940734863281 2000
training loss = 14.604231834411621 2500
training loss = 14.370725631713867 3000
training loss = 14.147149085998535 3500
training loss = 13.960539817810059 4000
training loss = 13.828085899353027 4500
training loss = 13.744160652160645 5000
(1, 13)
(1, 0)
data before
[ 0.00000000e+00  0.00000000e+00  0.00000000e+00  0.00000000e+00
  0.00000000e+00  0.00000000e+00  0.00000000e+00  0.00000000e+00
  0.00000000e+00  0.00000000e+00  2.48877310e-05  7.47631389e-04
  2.18234516e-02  1.91699577e-01  5.12937393e-01  9.43780682e-01
  1.56189578e+00  2.51692528e+00  3.67624880e+00  5.63534866e+00
  8.43017731e+00  1.14283292e+01  1.62298302e+01  2.43121628e+01
  2.74469542e+01  2.78409948e+01  2.79040311e+01  2.70292123e+01
  2.52070068e+01  2.20016679e+01  1.76629582e+01  1.27906567e+01
  8.15789484e+00  4.49907069e+00  2.03325559e+00  6.93542815e-01
  1.56041644e-01  3.16052534e-02 -8.77655367e-06  0.00000000e+00
  0.00000000e+00]
9
data after
[23.491609450001118, 27.65815944666594, 24.31216278621167, 27.446954207054972, 27.84099481357336, 27.904031083468794, 27.029212343204467, 25.207006754561217, 22.001667945056557, 46.02501703849734]
8
data,sig_tot
[23.49160945 27.65815945 24.31216279 27.44695421 27.84099481 27.90403108
 27.02921234 25.20700675 22.00166795 46.02501704 26.55578305 20.5462755
 21.54085061]
[23.49160945 27.65815945 24.31216279 27.44695421 27.84099481 27.90403108
 27.02921234 25.20700675 22.00166795 46.02501704 26.55578305 20.5462755
 21.54085061]
2.3655423772382456 13.76832820443542 13.66022182734239
val isze = 0
idinces = [12  8 10  9 11  4  6  3  2  7  0  1  5]
training loss = 1.9252302646636963 500
training loss = 1.2784522771835327 1000
reduced chi^2 level 2 = 1.2789952754974365
Constrained alpha: 3.3141868114471436
Constrained beta: 1.7999906539916992
Constrained gamma: 2.432459592819214
(1, 13)
(1, 0)
data before
[ 0.00000000e+00  0.00000000e+00  0.00000000e+00  0.00000000e+00
  0.00000000e+00  0.00000000e+00  0.00000000e+00  0.00000000e+00
  0.00000000e+00  0.00000000e+00  2.48877310e-05  7.47631389e-04
  2.18234516e-02  1.91699577e-01  5.12937393e-01  9.43780682e-01
  1.56189578e+00  2.51692528e+00  3.67624880e+00  5.63534866e+00
  8.43017731e+00  1.14283292e+01  1.62298302e+01  2.43121628e+01
  2.74469542e+01  2.78409948e+01  2.79040311e+01  2.70292123e+01
  2.52070068e+01  2.20016679e+01  1.76629582e+01  1.27906567e+01
  8.15789484e+00  4.49907069e+00  2.03325559e+00  6.93542815e-01
  1.56041644e-01  3.16052534e-02 -8.77655367e-06  0.00000000e+00
  0.00000000e+00]
9
data after
[23.491609450001118, 27.65815944666594, 24.31216278621167, 27.446954207054972, 27.84099481357336, 27.904031083468794, 27.029212343204467, 25.207006754561217, 22.001667945056557, 46.02501703849734]
8
data,sig_tot
[23.49160945 27.65815945 24.31216279 27.44695421 27.84099481 27.90403108
 27.02921234 25.20700675 22.00166795 46.02501704 26.55578305 20.5462755
 21.54085061]
[23.49160945 27.65815945 24.31216279 27.44695421 27.84099481 27.90403108
 27.02921234 25.20700675 22.00166795 46.02501704 26.55578305 20.5462755
 21.54085061]
3.377675043254352 15.21846318755453 22.22366632429629
val isze = 0
idinces = [ 2  0 12  1  4  8 10 11  7  9  6  5  3]
training loss = 0.7402567863464355 500
training loss = 0.6790196895599365 1000
reduced chi^2 level 2 = 0.6907074451446533
Constrained alpha: 2.745182514190674
Constrained beta: 3.894951105117798
Constrained gamma: 2.936995029449463
(1, 13)
(1, 0)
data before
[ 0.00000000e+00  0.00000000e+00  0.00000000e+00  0.00000000e+00
  0.00000000e+00  0.00000000e+00  0.00000000e+00  0.00000000e+00
  0.00000000e+00  0.00000000e+00  2.48877310e-05  7.47631389e-04
  2.18234516e-02  1.91699577e-01  5.12937393e-01  9.43780682e-01
  1.56189578e+00  2.51692528e+00  3.67624880e+00  5.63534866e+00
  8.43017731e+00  1.14283292e+01  1.62298302e+01  2.43121628e+01
  2.74469542e+01  2.78409948e+01  2.79040311e+01  2.70292123e+01
  2.52070068e+01  2.20016679e+01  1.76629582e+01  1.27906567e+01
  8.15789484e+00  4.49907069e+00  2.03325559e+00  6.93542815e-01
  1.56041644e-01  3.16052534e-02 -8.77655367e-06  0.00000000e+00
  0.00000000e+00]
9
data after
[23.491609450001118, 27.65815944666594, 24.31216278621167, 27.446954207054972, 27.84099481357336, 27.904031083468794, 27.029212343204467, 25.207006754561217, 22.001667945056557, 46.02501703849734]
8
data,sig_tot
[23.49160945 27.65815945 24.31216279 27.44695421 27.84099481 27.90403108
 27.02921234 25.20700675 22.00166795 46.02501704 26.55578305 20.5462755
 21.54085061]
[23.49160945 27.65815945 24.31216279 27.44695421 27.84099481 27.90403108
 27.02921234 25.20700675 22.00166795 46.02501704 26.55578305 20.5462755
 21.54085061]
2.763346986575403 16.049665884482486 52.271510116983755
val isze = 0
idinces = [ 2  9  3  7  6  8 11  0 10 12  5  4  1]
training loss = 1.0916273593902588 500
training loss = 0.861947774887085 1000
reduced chi^2 level 2 = 0.8668249845504761
Constrained alpha: 2.87795090675354
Constrained beta: 3.2344892024993896
Constrained gamma: 20.597929000854492
(1, 13)
(1, 0)
data before
[ 0.00000000e+00  0.00000000e+00  0.00000000e+00  0.00000000e+00
  0.00000000e+00  0.00000000e+00  0.00000000e+00  0.00000000e+00
  0.00000000e+00  0.00000000e+00  2.48877310e-05  7.47631389e-04
  2.18234516e-02  1.91699577e-01  5.12937393e-01  9.43780682e-01
  1.56189578e+00  2.51692528e+00  3.67624880e+00  5.63534866e+00
  8.43017731e+00  1.14283292e+01  1.62298302e+01  2.43121628e+01
  2.74469542e+01  2.78409948e+01  2.79040311e+01  2.70292123e+01
  2.52070068e+01  2.20016679e+01  1.76629582e+01  1.27906567e+01
  8.15789484e+00  4.49907069e+00  2.03325559e+00  6.93542815e-01
  1.56041644e-01  3.16052534e-02 -8.77655367e-06  0.00000000e+00
  0.00000000e+00]
9
data after
[23.491609450001118, 27.65815944666594, 24.31216278621167, 27.446954207054972, 27.84099481357336, 27.904031083468794, 27.029212343204467, 25.207006754561217, 22.001667945056557, 46.02501703849734]
8
data,sig_tot
[23.49160945 27.65815945 24.31216279 27.44695421 27.84099481 27.90403108
 27.02921234 25.20700675 22.00166795 46.02501704 26.55578305 20.5462755
 21.54085061]
[23.49160945 27.65815945 24.31216279 27.44695421 27.84099481 27.90403108
 27.02921234 25.20700675 22.00166795 46.02501704 26.55578305 20.5462755
 21.54085061]
2.7741195143298674 5.064751574096968 71.68627808491799
val isze = 0
idinces = [ 8  1  7  6  3  9 11  0 10  2  5 12  4]
training loss = 1.4133381843566895 500
training loss = 1.340232014656067 1000
training loss = 1.2847846746444702 1500
training loss = 1.2658281326293945 2000
training loss = 1.2652034759521484 2500
reduced chi^2 level 2 = 1.2653329372406006
Constrained alpha: 3.1296279430389404
Constrained beta: 2.2142281532287598
Constrained gamma: 16.57884407043457
(1, 13)
(1, 0)
data before
[ 0.00000000e+00  0.00000000e+00  0.00000000e+00  0.00000000e+00
  0.00000000e+00  0.00000000e+00  0.00000000e+00  0.00000000e+00
  0.00000000e+00  0.00000000e+00  2.48877310e-05  7.47631389e-04
  2.18234516e-02  1.91699577e-01  5.12937393e-01  9.43780682e-01
  1.56189578e+00  2.51692528e+00  3.67624880e+00  5.63534866e+00
  8.43017731e+00  1.14283292e+01  1.62298302e+01  2.43121628e+01
  2.74469542e+01  2.78409948e+01  2.79040311e+01  2.70292123e+01
  2.52070068e+01  2.20016679e+01  1.76629582e+01  1.27906567e+01
  8.15789484e+00  4.49907069e+00  2.03325559e+00  6.93542815e-01
  1.56041644e-01  3.16052534e-02 -8.77655367e-06  0.00000000e+00
  0.00000000e+00]
9
data after
[23.491609450001118, 27.65815944666594, 24.31216278621167, 27.446954207054972, 27.84099481357336, 27.904031083468794, 27.029212343204467, 25.207006754561217, 22.001667945056557, 46.02501703849734]
8
data,sig_tot
[23.49160945 27.65815945 24.31216279 27.44695421 27.84099481 27.90403108
 27.02921234 25.20700675 22.00166795 46.02501704 26.55578305 20.5462755
 21.54085061]
[23.49160945 27.65815945 24.31216279 27.44695421 27.84099481 27.90403108
 27.02921234 25.20700675 22.00166795 46.02501704 26.55578305 20.5462755
 21.54085061]
3.9611156165874117 9.656463913611173 2.048239425852161
val isze = 0
idinces = [ 0 10  9 12  8  1  5  2  6 11  7  3  4]
training loss = 0.7003847360610962 500
reduced chi^2 level 2 = 0.7035894393920898
Constrained alpha: 3.2915589809417725
Constrained beta: 2.3721394538879395
Constrained gamma: 2.219961404800415
(1, 13)
(1, 0)
data before
[ 0.00000000e+00  0.00000000e+00  0.00000000e+00  0.00000000e+00
  0.00000000e+00  0.00000000e+00  0.00000000e+00  0.00000000e+00
  0.00000000e+00  0.00000000e+00  2.48877310e-05  7.47631389e-04
  2.18234516e-02  1.91699577e-01  5.12937393e-01  9.43780682e-01
  1.56189578e+00  2.51692528e+00  3.67624880e+00  5.63534866e+00
  8.43017731e+00  1.14283292e+01  1.62298302e+01  2.43121628e+01
  2.74469542e+01  2.78409948e+01  2.79040311e+01  2.70292123e+01
  2.52070068e+01  2.20016679e+01  1.76629582e+01  1.27906567e+01
  8.15789484e+00  4.49907069e+00  2.03325559e+00  6.93542815e-01
  1.56041644e-01  3.16052534e-02 -8.77655367e-06  0.00000000e+00
  0.00000000e+00]
9
data after
[23.491609450001118, 27.65815944666594, 24.31216278621167, 27.446954207054972, 27.84099481357336, 27.904031083468794, 27.029212343204467, 25.207006754561217, 22.001667945056557, 46.02501703849734]
8
data,sig_tot
[23.49160945 27.65815945 24.31216279 27.44695421 27.84099481 27.90403108
 27.02921234 25.20700675 22.00166795 46.02501704 26.55578305 20.5462755
 21.54085061]
[23.49160945 27.65815945 24.31216279 27.44695421 27.84099481 27.90403108
 27.02921234 25.20700675 22.00166795 46.02501704 26.55578305 20.5462755
 21.54085061]
4.247522223129026 8.511794190062282 54.678199166214284
val isze = 0
idinces = [ 3  2 12  0  7  6  4  8 10  5 11  9  1]
(1, 13)
(1, 0)
data before
[ 0.00000000e+00  0.00000000e+00  0.00000000e+00  0.00000000e+00
  0.00000000e+00  0.00000000e+00  0.00000000e+00  0.00000000e+00
  0.00000000e+00  0.00000000e+00  2.48877310e-05  7.47631389e-04
  2.18234516e-02  1.91699577e-01  5.12937393e-01  9.43780682e-01
  1.56189578e+00  2.51692528e+00  3.67624880e+00  5.63534866e+00
  8.43017731e+00  1.14283292e+01  1.62298302e+01  2.43121628e+01
  2.74469542e+01  2.78409948e+01  2.79040311e+01  2.70292123e+01
  2.52070068e+01  2.20016679e+01  1.76629582e+01  1.27906567e+01
  8.15789484e+00  4.49907069e+00  2.03325559e+00  6.93542815e-01
  1.56041644e-01  3.16052534e-02 -8.77655367e-06  0.00000000e+00
  0.00000000e+00]
9
data after
[23.491609450001118, 27.65815944666594, 24.31216278621167, 27.446954207054972, 27.84099481357336, 27.904031083468794, 27.029212343204467, 25.207006754561217, 22.001667945056557, 46.02501703849734]
8
data,sig_tot
[23.49160945 27.65815945 24.31216279 27.44695421 27.84099481 27.90403108
 27.02921234 25.20700675 22.00166795 46.02501704 26.55578305 20.5462755
 21.54085061]
[23.49160945 27.65815945 24.31216279 27.44695421 27.84099481 27.90403108
 27.02921234 25.20700675 22.00166795 46.02501704 26.55578305 20.5462755
 21.54085061]
3.635080197973457 12.253404821655431 45.864509236350635
val isze = 0
idinces = [ 1  5 10  2  7  4  6 11  0  8  3 12  9]
training loss = 11.393603324890137 500
training loss = 9.352579116821289 1000
training loss = 1.6951030492782593 1500
training loss = 1.6051900386810303 2000
reduced chi^2 level 2 = 1.6456269025802612
Constrained alpha: 2.9312028884887695
Constrained beta: 8.525192260742188
Constrained gamma: 35.519020080566406
(1, 13)
(1, 0)
data before
[ 0.00000000e+00  0.00000000e+00  0.00000000e+00  0.00000000e+00
  0.00000000e+00  0.00000000e+00  0.00000000e+00  0.00000000e+00
  0.00000000e+00  0.00000000e+00  2.48877310e-05  7.47631389e-04
  2.18234516e-02  1.91699577e-01  5.12937393e-01  9.43780682e-01
  1.56189578e+00  2.51692528e+00  3.67624880e+00  5.63534866e+00
  8.43017731e+00  1.14283292e+01  1.62298302e+01  2.43121628e+01
  2.74469542e+01  2.78409948e+01  2.79040311e+01  2.70292123e+01
  2.52070068e+01  2.20016679e+01  1.76629582e+01  1.27906567e+01
  8.15789484e+00  4.49907069e+00  2.03325559e+00  6.93542815e-01
  1.56041644e-01  3.16052534e-02 -8.77655367e-06  0.00000000e+00
  0.00000000e+00]
9
data after
[23.491609450001118, 27.65815944666594, 24.31216278621167, 27.446954207054972, 27.84099481357336, 27.904031083468794, 27.029212343204467, 25.207006754561217, 22.001667945056557, 46.02501703849734]
8
data,sig_tot
[23.49160945 27.65815945 24.31216279 27.44695421 27.84099481 27.90403108
 27.02921234 25.20700675 22.00166795 46.02501704 26.55578305 20.5462755
 21.54085061]
[23.49160945 27.65815945 24.31216279 27.44695421 27.84099481 27.90403108
 27.02921234 25.20700675 22.00166795 46.02501704 26.55578305 20.5462755
 21.54085061]
0.8790531510723315 8.168680339306885 79.30536178326606
val isze = 0
idinces = [ 0 10  6  3  1 12  5 11  7  2  8  4  9]
training loss = 1.1495497226715088 500
training loss = 0.9619089365005493 1000
training loss = 0.9532856941223145 1500
reduced chi^2 level 2 = 0.9534690976142883
Constrained alpha: 2.9144203662872314
Constrained beta: 2.9608047008514404
Constrained gamma: 39.588279724121094
(1, 13)
(1, 0)
data before
[ 0.00000000e+00  0.00000000e+00  0.00000000e+00  0.00000000e+00
  0.00000000e+00  0.00000000e+00  0.00000000e+00  0.00000000e+00
  0.00000000e+00  0.00000000e+00  2.48877310e-05  7.47631389e-04
  2.18234516e-02  1.91699577e-01  5.12937393e-01  9.43780682e-01
  1.56189578e+00  2.51692528e+00  3.67624880e+00  5.63534866e+00
  8.43017731e+00  1.14283292e+01  1.62298302e+01  2.43121628e+01
  2.74469542e+01  2.78409948e+01  2.79040311e+01  2.70292123e+01
  2.52070068e+01  2.20016679e+01  1.76629582e+01  1.27906567e+01
  8.15789484e+00  4.49907069e+00  2.03325559e+00  6.93542815e-01
  1.56041644e-01  3.16052534e-02 -8.77655367e-06  0.00000000e+00
  0.00000000e+00]
9
data after
[23.491609450001118, 27.65815944666594, 24.31216278621167, 27.446954207054972, 27.84099481357336, 27.904031083468794, 27.029212343204467, 25.207006754561217, 22.001667945056557, 46.02501703849734]
8
data,sig_tot
[23.49160945 27.65815945 24.31216279 27.44695421 27.84099481 27.90403108
 27.02921234 25.20700675 22.00166795 46.02501704 26.55578305 20.5462755
 21.54085061]
[23.49160945 27.65815945 24.31216279 27.44695421 27.84099481 27.90403108
 27.02921234 25.20700675 22.00166795 46.02501704 26.55578305 20.5462755
 21.54085061]
4.514182813891163 7.495401124994889 36.895173485069186
val isze = 0
idinces = [ 0 10  1  9  4 12  6  5  2 11  3  7  8]
(1, 13)
(1, 0)
data before
[ 0.00000000e+00  0.00000000e+00  0.00000000e+00  0.00000000e+00
  0.00000000e+00  0.00000000e+00  0.00000000e+00  0.00000000e+00
  0.00000000e+00  0.00000000e+00  2.48877310e-05  7.47631389e-04
  2.18234516e-02  1.91699577e-01  5.12937393e-01  9.43780682e-01
  1.56189578e+00  2.51692528e+00  3.67624880e+00  5.63534866e+00
  8.43017731e+00  1.14283292e+01  1.62298302e+01  2.43121628e+01
  2.74469542e+01  2.78409948e+01  2.79040311e+01  2.70292123e+01
  2.52070068e+01  2.20016679e+01  1.76629582e+01  1.27906567e+01
  8.15789484e+00  4.49907069e+00  2.03325559e+00  6.93542815e-01
  1.56041644e-01  3.16052534e-02 -8.77655367e-06  0.00000000e+00
  0.00000000e+00]
9
data after
[23.491609450001118, 27.65815944666594, 24.31216278621167, 27.446954207054972, 27.84099481357336, 27.904031083468794, 27.029212343204467, 25.207006754561217, 22.001667945056557, 46.02501703849734]
8
data,sig_tot
[23.49160945 27.65815945 24.31216279 27.44695421 27.84099481 27.90403108
 27.02921234 25.20700675 22.00166795 46.02501704 26.55578305 20.5462755
 21.54085061]
[23.49160945 27.65815945 24.31216279 27.44695421 27.84099481 27.90403108
 27.02921234 25.20700675 22.00166795 46.02501704 26.55578305 20.5462755
 21.54085061]
3.078253537530258 17.30406168776249 67.48861290343746
val isze = 0
idinces = [ 7  5  2  3  1  8 10  6 11  4  0 12  9]
training loss = 0.7865325212478638 500
training loss = 0.7493252158164978 1000
reduced chi^2 level 2 = 0.7464998960494995
Constrained alpha: 2.9722869396209717
Constrained beta: 3.295758008956909
Constrained gamma: 30.43370819091797
(1, 13)
(1, 0)
