data before
[ 0.00000000e+00  0.00000000e+00  0.00000000e+00  0.00000000e+00
  0.00000000e+00  0.00000000e+00  0.00000000e+00  0.00000000e+00
  0.00000000e+00  0.00000000e+00  2.48877310e-05  7.47631389e-04
  2.18234516e-02  1.91699577e-01  5.12937393e-01  9.43780682e-01
  1.56189578e+00  2.51692528e+00  3.67624880e+00  5.63534866e+00
  8.43017731e+00  1.14283292e+01  1.62298302e+01  2.43121628e+01
  2.74469542e+01  2.78409948e+01  2.79040311e+01  2.70292123e+01
  2.52070068e+01  2.20016679e+01  1.76629582e+01  1.27906567e+01
  8.15789484e+00  4.49907069e+00  2.03325559e+00  6.93542815e-01
  1.56041644e-01  3.16052534e-02 -8.77655367e-06  0.00000000e+00
  0.00000000e+00]
9
data after
[23.491609450001118, 27.65815944666594, 24.31216278621167, 27.446954207054972, 27.84099481357336, 27.904031083468794, 27.029212343204467, 25.207006754561217, 22.001667945056557, 46.02501703849734]
8
data,sig_tot
[23.49160945 27.65815945 24.31216279 27.44695421 27.84099481 27.90403108
 27.02921234 25.20700675 22.00166795 46.02501704 26.55578305 20.5462755
 21.54085061]
[23.49160945 27.65815945 24.31216279 27.44695421 27.84099481 27.90403108
 27.02921234 25.20700675 22.00166795 46.02501704 26.55578305 20.5462755
 21.54085061]
<<<<<<< HEAD
2.106144325750588 17.44204706530963 80.9786409613768
val isze = 0
idinces = [ 3  7 11  6  8  2 12  5 10  1  0  4  9]
training loss = 0.002276454120874405 500
training loss = 0.0020145184826105833 1000
training loss = 0.0018162139458581805 1500
reduced chi^2 level 2 = 0.0018560345051810145
Constrained alpha: 2.01891827583313
Constrained beta: 9.778850555419922
Constrained gamma: 38.655460357666016
=======
4.54724456787231 3.743073693991723 5.596392236056702
val isze = 0
idinces = [ 8 12 11  2  7  4  1  6  0  5  3 10  9]
training loss = 14.430981636047363 500
training loss = 11.552490234375 1000
training loss = 1.3326700925827026 1500
training loss = 0.3771928548812866 2000
training loss = 0.31129035353660583 2500
training loss = 0.30302831530570984 3000
training loss = 0.2984180450439453 3500
training loss = 0.2946060299873352 4000
training loss = 0.29115524888038635 4500
training loss = 0.2875610888004303 5000
reduced chi^2 level 2 = 0.2875541150569916
Constrained alpha: 4.176451206207275
Constrained beta: 1.7736445665359497
Constrained gamma: 5.306866645812988
>>>>>>> bf5bffb69ec4a318117f0a4aa6bdaab926d87e87
(1, 13)
(1, 0)
data before
[ 0.00000000e+00  0.00000000e+00  0.00000000e+00  0.00000000e+00
  0.00000000e+00  0.00000000e+00  0.00000000e+00  0.00000000e+00
  0.00000000e+00  0.00000000e+00  2.48877310e-05  7.47631389e-04
  2.18234516e-02  1.91699577e-01  5.12937393e-01  9.43780682e-01
  1.56189578e+00  2.51692528e+00  3.67624880e+00  5.63534866e+00
  8.43017731e+00  1.14283292e+01  1.62298302e+01  2.43121628e+01
  2.74469542e+01  2.78409948e+01  2.79040311e+01  2.70292123e+01
  2.52070068e+01  2.20016679e+01  1.76629582e+01  1.27906567e+01
  8.15789484e+00  4.49907069e+00  2.03325559e+00  6.93542815e-01
  1.56041644e-01  3.16052534e-02 -8.77655367e-06  0.00000000e+00
  0.00000000e+00]
9
data after
[23.491609450001118, 27.65815944666594, 24.31216278621167, 27.446954207054972, 27.84099481357336, 27.904031083468794, 27.029212343204467, 25.207006754561217, 22.001667945056557, 46.02501703849734]
8
data,sig_tot
[23.49160945 27.65815945 24.31216279 27.44695421 27.84099481 27.90403108
 27.02921234 25.20700675 22.00166795 46.02501704 26.55578305 20.5462755
 21.54085061]
[23.49160945 27.65815945 24.31216279 27.44695421 27.84099481 27.90403108
 27.02921234 25.20700675 22.00166795 46.02501704 26.55578305 20.5462755
 21.54085061]
<<<<<<< HEAD
4.143406631538383 0.9379263877849953 62.628714831139256
val isze = 0
idinces = [ 3  7 11  6  8  2 12  5 10  1  0  4  9]
=======
3.6492420089855453 7.747768566769045 37.605453574191074
val isze = 0
idinces = [10  8  3  2  5  6  0 11  7  9 12  1  4]
training loss = 4.690138339996338 500
training loss = 3.947340250015259 1000
training loss = 2.9169533252716064 1500
training loss = 1.8173036575317383 2000
training loss = 1.165894865989685 2500
training loss = 1.0368471145629883 3000
training loss = 1.0211904048919678 3500
training loss = 1.0064951181411743 4000
training loss = 0.9891707897186279 4500
training loss = 0.9697248339653015 5000
reduced chi^2 level 2 = 0.969683825969696
Constrained alpha: 2.9816460609436035
Constrained beta: 3.2218527793884277
Constrained gamma: 21.266191482543945
>>>>>>> bf5bffb69ec4a318117f0a4aa6bdaab926d87e87
(1, 13)
(1, 0)
data before
[ 0.00000000e+00  0.00000000e+00  0.00000000e+00  0.00000000e+00
  0.00000000e+00  0.00000000e+00  0.00000000e+00  0.00000000e+00
  0.00000000e+00  0.00000000e+00  2.48877310e-05  7.47631389e-04
  2.18234516e-02  1.91699577e-01  5.12937393e-01  9.43780682e-01
  1.56189578e+00  2.51692528e+00  3.67624880e+00  5.63534866e+00
  8.43017731e+00  1.14283292e+01  1.62298302e+01  2.43121628e+01
  2.74469542e+01  2.78409948e+01  2.79040311e+01  2.70292123e+01
  2.52070068e+01  2.20016679e+01  1.76629582e+01  1.27906567e+01
  8.15789484e+00  4.49907069e+00  2.03325559e+00  6.93542815e-01
  1.56041644e-01  3.16052534e-02 -8.77655367e-06  0.00000000e+00
  0.00000000e+00]
9
data after
[23.491609450001118, 27.65815944666594, 24.31216278621167, 27.446954207054972, 27.84099481357336, 27.904031083468794, 27.029212343204467, 25.207006754561217, 22.001667945056557, 46.02501703849734]
8
data,sig_tot
[23.49160945 27.65815945 24.31216279 27.44695421 27.84099481 27.90403108
 27.02921234 25.20700675 22.00166795 46.02501704 26.55578305 20.5462755
 21.54085061]
[23.49160945 27.65815945 24.31216279 27.44695421 27.84099481 27.90403108
 27.02921234 25.20700675 22.00166795 46.02501704 26.55578305 20.5462755
 21.54085061]
<<<<<<< HEAD
4.143406631538383 0.9379263877849953 62.628714831139256
val isze = 0
idinces = [ 3  7 11  6  8  2 12  5 10  1  0  4  9]
=======
4.528895126576345 6.390567760050501 24.308332019967317
val isze = 0
idinces = [ 4 12  5  9 11  2  8  0  1  3 10  7  6]
training loss = 16.671457290649414 500
training loss = 16.088375091552734 1000
training loss = 15.714507102966309 1500
training loss = 15.308393478393555 2000
training loss = 14.761641502380371 2500
training loss = 14.019865036010742 3000
training loss = 12.996305465698242 3500
training loss = 11.519559860229492 4000
training loss = 9.360661506652832 4500
training loss = 6.771717071533203 5000
>>>>>>> bf5bffb69ec4a318117f0a4aa6bdaab926d87e87
(1, 13)
(1, 0)
data before
[ 0.00000000e+00  0.00000000e+00  0.00000000e+00  0.00000000e+00
  0.00000000e+00  0.00000000e+00  0.00000000e+00  0.00000000e+00
  0.00000000e+00  0.00000000e+00  2.48877310e-05  7.47631389e-04
  2.18234516e-02  1.91699577e-01  5.12937393e-01  9.43780682e-01
  1.56189578e+00  2.51692528e+00  3.67624880e+00  5.63534866e+00
  8.43017731e+00  1.14283292e+01  1.62298302e+01  2.43121628e+01
  2.74469542e+01  2.78409948e+01  2.79040311e+01  2.70292123e+01
  2.52070068e+01  2.20016679e+01  1.76629582e+01  1.27906567e+01
  8.15789484e+00  4.49907069e+00  2.03325559e+00  6.93542815e-01
  1.56041644e-01  3.16052534e-02 -8.77655367e-06  0.00000000e+00
  0.00000000e+00]
9
data after
[23.491609450001118, 27.65815944666594, 24.31216278621167, 27.446954207054972, 27.84099481357336, 27.904031083468794, 27.029212343204467, 25.207006754561217, 22.001667945056557, 46.02501703849734]
8
data,sig_tot
[23.49160945 27.65815945 24.31216279 27.44695421 27.84099481 27.90403108
 27.02921234 25.20700675 22.00166795 46.02501704 26.55578305 20.5462755
 21.54085061]
[23.49160945 27.65815945 24.31216279 27.44695421 27.84099481 27.90403108
 27.02921234 25.20700675 22.00166795 46.02501704 26.55578305 20.5462755
 21.54085061]
<<<<<<< HEAD
4.143406631538383 0.9379263877849953 62.628714831139256
val isze = 0
idinces = [ 3  7 11  6  8  2 12  5 10  1  0  4  9]
=======
1.2848627770801886 9.585004996301109 39.07963444374245
val isze = 0
idinces = [ 6  3  2 12  1  9  0  7  4 10  8  5 11]
training loss = 1.1110986471176147 500
training loss = 0.9401825666427612 1000
reduced chi^2 level 2 = 0.9422051906585693
Constrained alpha: 2.9685287475585938
Constrained beta: 2.762087345123291
Constrained gamma: 9.039499282836914
>>>>>>> bf5bffb69ec4a318117f0a4aa6bdaab926d87e87
(1, 13)
(1, 0)
data before
[ 0.00000000e+00  0.00000000e+00  0.00000000e+00  0.00000000e+00
  0.00000000e+00  0.00000000e+00  0.00000000e+00  0.00000000e+00
  0.00000000e+00  0.00000000e+00  2.48877310e-05  7.47631389e-04
  2.18234516e-02  1.91699577e-01  5.12937393e-01  9.43780682e-01
  1.56189578e+00  2.51692528e+00  3.67624880e+00  5.63534866e+00
  8.43017731e+00  1.14283292e+01  1.62298302e+01  2.43121628e+01
  2.74469542e+01  2.78409948e+01  2.79040311e+01  2.70292123e+01
  2.52070068e+01  2.20016679e+01  1.76629582e+01  1.27906567e+01
  8.15789484e+00  4.49907069e+00  2.03325559e+00  6.93542815e-01
  1.56041644e-01  3.16052534e-02 -8.77655367e-06  0.00000000e+00
  0.00000000e+00]
9
data after
[23.491609450001118, 27.65815944666594, 24.31216278621167, 27.446954207054972, 27.84099481357336, 27.904031083468794, 27.029212343204467, 25.207006754561217, 22.001667945056557, 46.02501703849734]
8
data,sig_tot
[23.49160945 27.65815945 24.31216279 27.44695421 27.84099481 27.90403108
 27.02921234 25.20700675 22.00166795 46.02501704 26.55578305 20.5462755
 21.54085061]
[23.49160945 27.65815945 24.31216279 27.44695421 27.84099481 27.90403108
 27.02921234 25.20700675 22.00166795 46.02501704 26.55578305 20.5462755
 21.54085061]
<<<<<<< HEAD
4.143406631538383 0.9379263877849953 62.628714831139256
val isze = 0
idinces = [ 3  7 11  6  8  2 12  5 10  1  0  4  9]
=======
0.07556217159008338 0.23139346164368302 76.33769212421306
val isze = 0
idinces = [ 7  3  0  9 11  6 12  2 10  8  4  1  5]
training loss = 0.6023825407028198 500
training loss = 0.5917195677757263 1000
training loss = 0.5853463411331177 1500
training loss = 0.5840151309967041 2000
training loss = 0.5769152045249939 2500
training loss = 0.5711411237716675 3000
training loss = 0.5644227862358093 3500
training loss = 0.55790776014328 4000
training loss = 0.5544934272766113 4500
training loss = 0.5545539259910583 5000
reduced chi^2 level 2 = 0.5542528629302979
Constrained alpha: 2.94285249710083
Constrained beta: -0.003666115226224065
Constrained gamma: 2.2017431259155273
>>>>>>> bf5bffb69ec4a318117f0a4aa6bdaab926d87e87
(1, 13)
(1, 0)
data before
[ 0.00000000e+00  0.00000000e+00  0.00000000e+00  0.00000000e+00
  0.00000000e+00  0.00000000e+00  0.00000000e+00  0.00000000e+00
  0.00000000e+00  0.00000000e+00  2.48877310e-05  7.47631389e-04
  2.18234516e-02  1.91699577e-01  5.12937393e-01  9.43780682e-01
  1.56189578e+00  2.51692528e+00  3.67624880e+00  5.63534866e+00
  8.43017731e+00  1.14283292e+01  1.62298302e+01  2.43121628e+01
  2.74469542e+01  2.78409948e+01  2.79040311e+01  2.70292123e+01
  2.52070068e+01  2.20016679e+01  1.76629582e+01  1.27906567e+01
  8.15789484e+00  4.49907069e+00  2.03325559e+00  6.93542815e-01
  1.56041644e-01  3.16052534e-02 -8.77655367e-06  0.00000000e+00
  0.00000000e+00]
9
data after
[23.491609450001118, 27.65815944666594, 24.31216278621167, 27.446954207054972, 27.84099481357336, 27.904031083468794, 27.029212343204467, 25.207006754561217, 22.001667945056557, 46.02501703849734]
8
data,sig_tot
[23.49160945 27.65815945 24.31216279 27.44695421 27.84099481 27.90403108
 27.02921234 25.20700675 22.00166795 46.02501704 26.55578305 20.5462755
 21.54085061]
[23.49160945 27.65815945 24.31216279 27.44695421 27.84099481 27.90403108
 27.02921234 25.20700675 22.00166795 46.02501704 26.55578305 20.5462755
 21.54085061]
<<<<<<< HEAD
4.143406631538383 0.9379263877849953 62.628714831139256
val isze = 0
idinces = [ 3  7 11  6  8  2 12  5 10  1  0  4  9]
=======
2.786328391442698 4.250162091186516 49.628381754360454
val isze = 0
idinces = [ 2  8  4  1  0  6 12 10  3  9 11  5  7]
training loss = 1.2106386423110962 500
reduced chi^2 level 2 = 1.212281584739685
Constrained alpha: 2.8953428268432617
Constrained beta: 4.113994598388672
Constrained gamma: 29.135887145996094
>>>>>>> bf5bffb69ec4a318117f0a4aa6bdaab926d87e87
(1, 13)
(1, 0)
data before
[ 0.00000000e+00  0.00000000e+00  0.00000000e+00  0.00000000e+00
  0.00000000e+00  0.00000000e+00  0.00000000e+00  0.00000000e+00
  0.00000000e+00  0.00000000e+00  2.48877310e-05  7.47631389e-04
  2.18234516e-02  1.91699577e-01  5.12937393e-01  9.43780682e-01
  1.56189578e+00  2.51692528e+00  3.67624880e+00  5.63534866e+00
  8.43017731e+00  1.14283292e+01  1.62298302e+01  2.43121628e+01
  2.74469542e+01  2.78409948e+01  2.79040311e+01  2.70292123e+01
  2.52070068e+01  2.20016679e+01  1.76629582e+01  1.27906567e+01
  8.15789484e+00  4.49907069e+00  2.03325559e+00  6.93542815e-01
  1.56041644e-01  3.16052534e-02 -8.77655367e-06  0.00000000e+00
  0.00000000e+00]
9
data after
[23.491609450001118, 27.65815944666594, 24.31216278621167, 27.446954207054972, 27.84099481357336, 27.904031083468794, 27.029212343204467, 25.207006754561217, 22.001667945056557, 46.02501703849734]
8
data,sig_tot
[23.49160945 27.65815945 24.31216279 27.44695421 27.84099481 27.90403108
 27.02921234 25.20700675 22.00166795 46.02501704 26.55578305 20.5462755
 21.54085061]
[23.49160945 27.65815945 24.31216279 27.44695421 27.84099481 27.90403108
 27.02921234 25.20700675 22.00166795 46.02501704 26.55578305 20.5462755
 21.54085061]
<<<<<<< HEAD
4.143406631538383 0.9379263877849953 62.628714831139256
val isze = 0
idinces = [ 3  7 11  6  8  2 12  5 10  1  0  4  9]
=======
4.344585873359374 12.306123473108661 15.853772712667414
val isze = 0
idinces = [ 7  3 11  0  1  8  9 12  6  4  2  5 10]
training loss = 14.738605499267578 500
training loss = 14.411553382873535 1000
training loss = 13.965858459472656 1500
training loss = 13.23664665222168 2000
training loss = 10.826472282409668 2500
training loss = 1.901719331741333 3000
training loss = 0.9244487285614014 3500
training loss = 0.7610903978347778 4000
training loss = 0.7070531845092773 4500
training loss = 0.6934683918952942 5000
reduced chi^2 level 2 = 0.6804957985877991
Constrained alpha: 3.9173810482025146
Constrained beta: 7.207025051116943
Constrained gamma: 14.482215881347656
>>>>>>> bf5bffb69ec4a318117f0a4aa6bdaab926d87e87
(1, 13)
(1, 0)
data before
[ 0.00000000e+00  0.00000000e+00  0.00000000e+00  0.00000000e+00
  0.00000000e+00  0.00000000e+00  0.00000000e+00  0.00000000e+00
  0.00000000e+00  0.00000000e+00  2.48877310e-05  7.47631389e-04
  2.18234516e-02  1.91699577e-01  5.12937393e-01  9.43780682e-01
  1.56189578e+00  2.51692528e+00  3.67624880e+00  5.63534866e+00
  8.43017731e+00  1.14283292e+01  1.62298302e+01  2.43121628e+01
  2.74469542e+01  2.78409948e+01  2.79040311e+01  2.70292123e+01
  2.52070068e+01  2.20016679e+01  1.76629582e+01  1.27906567e+01
  8.15789484e+00  4.49907069e+00  2.03325559e+00  6.93542815e-01
  1.56041644e-01  3.16052534e-02 -8.77655367e-06  0.00000000e+00
  0.00000000e+00]
9
data after
[23.491609450001118, 27.65815944666594, 24.31216278621167, 27.446954207054972, 27.84099481357336, 27.904031083468794, 27.029212343204467, 25.207006754561217, 22.001667945056557, 46.02501703849734]
8
data,sig_tot
[23.49160945 27.65815945 24.31216279 27.44695421 27.84099481 27.90403108
 27.02921234 25.20700675 22.00166795 46.02501704 26.55578305 20.5462755
 21.54085061]
[23.49160945 27.65815945 24.31216279 27.44695421 27.84099481 27.90403108
 27.02921234 25.20700675 22.00166795 46.02501704 26.55578305 20.5462755
 21.54085061]
<<<<<<< HEAD
4.143406631538383 0.9379263877849953 62.628714831139256
val isze = 0
idinces = [ 3  7 11  6  8  2 12  5 10  1  0  4  9]
training loss = 4.409424781799316 500
training loss = 3.6564507484436035 1000
training loss = 3.4306490421295166 1500
training loss = 3.312978744506836 2000
training loss = 3.203939437866211 2500
training loss = 3.0645370483398438 3000
training loss = 2.870201826095581 3500
training loss = 2.5765292644500732 4000
training loss = 2.044403076171875 4500
training loss = 1.1508005857467651 5000
training loss = 0.8679183125495911 5500
training loss = 0.7364106774330139 6000
training loss = 0.6115124821662903 6500
training loss = 0.49654313921928406 7000
reduced chi^2 level 2 = 0.49632513523101807
Constrained alpha: 3.6899807453155518
Constrained beta: 1.212552547454834
Constrained gamma: 62.02580642700195
=======
1.4482992365418468 13.848833826397886 33.53628714838817
val isze = 0
idinces = [11  1  5  7  6  8 12  3  4  0  2 10  9]
training loss = 1.0687388181686401 500
training loss = 0.8283144235610962 1000
reduced chi^2 level 2 = 0.8300806283950806
Constrained alpha: 2.8337903022766113
Constrained beta: 3.376298666000366
Constrained gamma: 5.524448394775391
>>>>>>> bf5bffb69ec4a318117f0a4aa6bdaab926d87e87
(1, 13)
(1, 0)
data before
[ 0.00000000e+00  0.00000000e+00  0.00000000e+00  0.00000000e+00
  0.00000000e+00  0.00000000e+00  0.00000000e+00  0.00000000e+00
  0.00000000e+00  0.00000000e+00  2.48877310e-05  7.47631389e-04
  2.18234516e-02  1.91699577e-01  5.12937393e-01  9.43780682e-01
  1.56189578e+00  2.51692528e+00  3.67624880e+00  5.63534866e+00
  8.43017731e+00  1.14283292e+01  1.62298302e+01  2.43121628e+01
  2.74469542e+01  2.78409948e+01  2.79040311e+01  2.70292123e+01
  2.52070068e+01  2.20016679e+01  1.76629582e+01  1.27906567e+01
  8.15789484e+00  4.49907069e+00  2.03325559e+00  6.93542815e-01
  1.56041644e-01  3.16052534e-02 -8.77655367e-06  0.00000000e+00
  0.00000000e+00]
9
data after
[23.491609450001118, 27.65815944666594, 24.31216278621167, 27.446954207054972, 27.84099481357336, 27.904031083468794, 27.029212343204467, 25.207006754561217, 22.001667945056557, 46.02501703849734]
8
data,sig_tot
[23.49160945 27.65815945 24.31216279 27.44695421 27.84099481 27.90403108
 27.02921234 25.20700675 22.00166795 46.02501704 26.55578305 20.5462755
 21.54085061]
[23.49160945 27.65815945 24.31216279 27.44695421 27.84099481 27.90403108
 27.02921234 25.20700675 22.00166795 46.02501704 26.55578305 20.5462755
 21.54085061]
<<<<<<< HEAD
4.143406631538383 0.9379263877849953 62.628714831139256
val isze = 0
idinces = [ 3  7 11  6  8  2 12  5 10  1  0  4  9]
=======
1.070683888874634 14.436294287644289 46.39677899685465
val isze = 0
idinces = [ 7 10  1 11  5  0  3  4 12  6  9  8  2]
training loss = 0.8034521341323853 500
training loss = 0.5910829901695251 1000
reduced chi^2 level 2 = 0.5962297916412354
Constrained alpha: 2.7652900218963623
Constrained beta: 4.244812965393066
Constrained gamma: 13.800745964050293
>>>>>>> bf5bffb69ec4a318117f0a4aa6bdaab926d87e87
(1, 13)
(1, 0)
data before
[ 0.00000000e+00  0.00000000e+00  0.00000000e+00  0.00000000e+00
  0.00000000e+00  0.00000000e+00  0.00000000e+00  0.00000000e+00
  0.00000000e+00  0.00000000e+00  2.48877310e-05  7.47631389e-04
  2.18234516e-02  1.91699577e-01  5.12937393e-01  9.43780682e-01
  1.56189578e+00  2.51692528e+00  3.67624880e+00  5.63534866e+00
  8.43017731e+00  1.14283292e+01  1.62298302e+01  2.43121628e+01
  2.74469542e+01  2.78409948e+01  2.79040311e+01  2.70292123e+01
  2.52070068e+01  2.20016679e+01  1.76629582e+01  1.27906567e+01
  8.15789484e+00  4.49907069e+00  2.03325559e+00  6.93542815e-01
  1.56041644e-01  3.16052534e-02 -8.77655367e-06  0.00000000e+00
  0.00000000e+00]
9
data after
[23.491609450001118, 27.65815944666594, 24.31216278621167, 27.446954207054972, 27.84099481357336, 27.904031083468794, 27.029212343204467, 25.207006754561217, 22.001667945056557, 46.02501703849734]
8
data,sig_tot
[23.49160945 27.65815945 24.31216279 27.44695421 27.84099481 27.90403108
 27.02921234 25.20700675 22.00166795 46.02501704 26.55578305 20.5462755
 21.54085061]
[23.49160945 27.65815945 24.31216279 27.44695421 27.84099481 27.90403108
 27.02921234 25.20700675 22.00166795 46.02501704 26.55578305 20.5462755
 21.54085061]
<<<<<<< HEAD
4.143406631538383 0.9379263877849953 62.628714831139256
val isze = 0
idinces = [ 3  7 11  6  8  2 12  5 10  1  0  4  9]
=======
1.6198415382133642 19.630616661305762 19.111507459047527
val isze = 0
idinces = [ 0 12  1  5  4 10  7  6 11  3  9  2  8]
training loss = 2.062927007675171 500
training loss = 1.122842788696289 1000
reduced chi^2 level 2 = 0.9866096377372742
Constrained alpha: 3.0946788787841797
Constrained beta: 2.4479992389678955
Constrained gamma: 2.2108356952667236
>>>>>>> bf5bffb69ec4a318117f0a4aa6bdaab926d87e87
(1, 13)
(1, 0)
data before
[ 0.00000000e+00  0.00000000e+00  0.00000000e+00  0.00000000e+00
  0.00000000e+00  0.00000000e+00  0.00000000e+00  0.00000000e+00
  0.00000000e+00  0.00000000e+00  2.48877310e-05  7.47631389e-04
  2.18234516e-02  1.91699577e-01  5.12937393e-01  9.43780682e-01
  1.56189578e+00  2.51692528e+00  3.67624880e+00  5.63534866e+00
  8.43017731e+00  1.14283292e+01  1.62298302e+01  2.43121628e+01
  2.74469542e+01  2.78409948e+01  2.79040311e+01  2.70292123e+01
  2.52070068e+01  2.20016679e+01  1.76629582e+01  1.27906567e+01
  8.15789484e+00  4.49907069e+00  2.03325559e+00  6.93542815e-01
  1.56041644e-01  3.16052534e-02 -8.77655367e-06  0.00000000e+00
  0.00000000e+00]
9
data after
[23.491609450001118, 27.65815944666594, 24.31216278621167, 27.446954207054972, 27.84099481357336, 27.904031083468794, 27.029212343204467, 25.207006754561217, 22.001667945056557, 46.02501703849734]
8
data,sig_tot
[23.49160945 27.65815945 24.31216279 27.44695421 27.84099481 27.90403108
 27.02921234 25.20700675 22.00166795 46.02501704 26.55578305 20.5462755
 21.54085061]
[23.49160945 27.65815945 24.31216279 27.44695421 27.84099481 27.90403108
 27.02921234 25.20700675 22.00166795 46.02501704 26.55578305 20.5462755
 21.54085061]
<<<<<<< HEAD
4.143406631538383 0.9379263877849953 62.628714831139256
val isze = 0
idinces = [ 3  7 11  6  8  2 12  5 10  1  0  4  9]
training loss = 5.855622291564941 500
training loss = 3.3510046005249023 1000
training loss = 2.875535726547241 1500
training loss = 2.3688106536865234 2000
training loss = 1.7629609107971191 2500
training loss = 1.2658894062042236 3000
training loss = 1.091123342514038 3500
training loss = 1.0438998937606812 4000
training loss = 0.9963705539703369 4500
training loss = 0.9326658844947815 5000
training loss = 0.8488596677780151 5500
training loss = 0.7417064309120178 6000
training loss = 0.6084152460098267 6500
training loss = 0.44769206643104553 7000
reduced chi^2 level 2 = 0.44734519720077515
Constrained alpha: 3.6956892013549805
Constrained beta: 1.5177475214004517
Constrained gamma: 61.93791580200195
=======
0.6258727161881317 12.084768177640377 4.816560186702157
val isze = 0
idinces = [ 8  2  7 10  6  1  4  3 12  5 11  0  9]
training loss = 1.6984503269195557 500
training loss = 1.287649393081665 1000
training loss = 1.2764326333999634 1500
reduced chi^2 level 2 = 1.2764723300933838
Constrained alpha: 3.2628724575042725
Constrained beta: 1.5920170545578003
Constrained gamma: 1.8946759700775146
>>>>>>> bf5bffb69ec4a318117f0a4aa6bdaab926d87e87
(1, 13)
(1, 0)
data before
[ 0.00000000e+00  0.00000000e+00  0.00000000e+00  0.00000000e+00
  0.00000000e+00  0.00000000e+00  0.00000000e+00  0.00000000e+00
  0.00000000e+00  0.00000000e+00  2.48877310e-05  7.47631389e-04
  2.18234516e-02  1.91699577e-01  5.12937393e-01  9.43780682e-01
  1.56189578e+00  2.51692528e+00  3.67624880e+00  5.63534866e+00
  8.43017731e+00  1.14283292e+01  1.62298302e+01  2.43121628e+01
  2.74469542e+01  2.78409948e+01  2.79040311e+01  2.70292123e+01
  2.52070068e+01  2.20016679e+01  1.76629582e+01  1.27906567e+01
  8.15789484e+00  4.49907069e+00  2.03325559e+00  6.93542815e-01
  1.56041644e-01  3.16052534e-02 -8.77655367e-06  0.00000000e+00
  0.00000000e+00]
9
data after
[23.491609450001118, 27.65815944666594, 24.31216278621167, 27.446954207054972, 27.84099481357336, 27.904031083468794, 27.029212343204467, 25.207006754561217, 22.001667945056557, 46.02501703849734]
8
data,sig_tot
[23.49160945 27.65815945 24.31216279 27.44695421 27.84099481 27.90403108
 27.02921234 25.20700675 22.00166795 46.02501704 26.55578305 20.5462755
 21.54085061]
[23.49160945 27.65815945 24.31216279 27.44695421 27.84099481 27.90403108
 27.02921234 25.20700675 22.00166795 46.02501704 26.55578305 20.5462755
 21.54085061]
<<<<<<< HEAD
4.143406631538383 0.9379263877849953 62.628714831139256
val isze = 0
idinces = [ 3  7 11  6  8  2 12  5 10  1  0  4  9]
training loss = 3.749083995819092 500
training loss = 2.481787919998169 1000
training loss = 1.8992600440979004 1500
training loss = 1.5073477029800415 2000
training loss = 1.2928401231765747 2500
training loss = 1.2042895555496216 3000
training loss = 1.1699832677841187 3500
training loss = 1.1456741094589233 4000
training loss = 1.1149076223373413 4500
training loss = 1.07181978225708 5000
training loss = 1.0126080513000488 5500
training loss = 0.9339134693145752 6000
training loss = 0.8314366340637207 6500
training loss = 0.6987497806549072 7000
reduced chi^2 level 2 = 0.698449969291687
Constrained alpha: 3.6939475536346436
Constrained beta: 1.5236812829971313
Constrained gamma: 61.95664596557617
=======
1.2340743810727217 0.9347798639535165 14.226279661781893
val isze = 0
idinces = [ 5  1  7 10  4 12  6  9  2  0 11  8  3]
training loss = 1.2364100217819214 500
training loss = 1.2162423133850098 1000
training loss = 1.21176016330719 1500
training loss = 1.211089849472046 2000
training loss = 1.2110772132873535 2500
reduced chi^2 level 2 = 1.2111116647720337
Constrained alpha: 3.0447146892547607
Constrained beta: 2.8443665504455566
Constrained gamma: 1.701280951499939
>>>>>>> bf5bffb69ec4a318117f0a4aa6bdaab926d87e87
(1, 13)
(1, 0)
data before
[ 0.00000000e+00  0.00000000e+00  0.00000000e+00  0.00000000e+00
  0.00000000e+00  0.00000000e+00  0.00000000e+00  0.00000000e+00
  0.00000000e+00  0.00000000e+00  2.48877310e-05  7.47631389e-04
  2.18234516e-02  1.91699577e-01  5.12937393e-01  9.43780682e-01
  1.56189578e+00  2.51692528e+00  3.67624880e+00  5.63534866e+00
  8.43017731e+00  1.14283292e+01  1.62298302e+01  2.43121628e+01
  2.74469542e+01  2.78409948e+01  2.79040311e+01  2.70292123e+01
  2.52070068e+01  2.20016679e+01  1.76629582e+01  1.27906567e+01
  8.15789484e+00  4.49907069e+00  2.03325559e+00  6.93542815e-01
  1.56041644e-01  3.16052534e-02 -8.77655367e-06  0.00000000e+00
  0.00000000e+00]
9
data after
[23.491609450001118, 27.65815944666594, 24.31216278621167, 27.446954207054972, 27.84099481357336, 27.904031083468794, 27.029212343204467, 25.207006754561217, 22.001667945056557, 46.02501703849734]
8
data,sig_tot
[23.49160945 27.65815945 24.31216279 27.44695421 27.84099481 27.90403108
 27.02921234 25.20700675 22.00166795 46.02501704 26.55578305 20.5462755
 21.54085061]
[23.49160945 27.65815945 24.31216279 27.44695421 27.84099481 27.90403108
 27.02921234 25.20700675 22.00166795 46.02501704 26.55578305 20.5462755
 21.54085061]
<<<<<<< HEAD
4.143406631538383 0.9379263877849953 62.628714831139256
val isze = 0
idinces = [ 3  7 11  6  8  2 12  5 10  1  0  4  9]
=======
0.585128301941289 12.808825646032338 75.21782119626977
val isze = 0
idinces = [ 4 11  5  6  1  8 12  3  7 10  2  9  0]
training loss = 1.2994502782821655 500
training loss = 1.007420539855957 1000
training loss = 0.861020028591156 1500
training loss = 0.8295643329620361 2000
training loss = 0.8063828945159912 2500
training loss = 0.7893484234809875 3000
training loss = 0.790156900882721 3500
training loss = 0.7717310190200806 4000
training loss = 0.6445845365524292 4500
training loss = 0.5645791888237 5000
reduced chi^2 level 2 = 0.5645081400871277
Constrained alpha: 2.3940188884735107
Constrained beta: -0.010012812912464142
Constrained gamma: 3.01719069480896
>>>>>>> bf5bffb69ec4a318117f0a4aa6bdaab926d87e87
(1, 13)
(1, 0)
data before
[ 0.00000000e+00  0.00000000e+00  0.00000000e+00  0.00000000e+00
  0.00000000e+00  0.00000000e+00  0.00000000e+00  0.00000000e+00
  0.00000000e+00  0.00000000e+00  2.48877310e-05  7.47631389e-04
  2.18234516e-02  1.91699577e-01  5.12937393e-01  9.43780682e-01
  1.56189578e+00  2.51692528e+00  3.67624880e+00  5.63534866e+00
  8.43017731e+00  1.14283292e+01  1.62298302e+01  2.43121628e+01
  2.74469542e+01  2.78409948e+01  2.79040311e+01  2.70292123e+01
  2.52070068e+01  2.20016679e+01  1.76629582e+01  1.27906567e+01
  8.15789484e+00  4.49907069e+00  2.03325559e+00  6.93542815e-01
  1.56041644e-01  3.16052534e-02 -8.77655367e-06  0.00000000e+00
  0.00000000e+00]
9
data after
[23.491609450001118, 27.65815944666594, 24.31216278621167, 27.446954207054972, 27.84099481357336, 27.904031083468794, 27.029212343204467, 25.207006754561217, 22.001667945056557, 46.02501703849734]
8
data,sig_tot
[23.49160945 27.65815945 24.31216279 27.44695421 27.84099481 27.90403108
 27.02921234 25.20700675 22.00166795 46.02501704 26.55578305 20.5462755
 21.54085061]
[23.49160945 27.65815945 24.31216279 27.44695421 27.84099481 27.90403108
 27.02921234 25.20700675 22.00166795 46.02501704 26.55578305 20.5462755
 21.54085061]
<<<<<<< HEAD
4.143406631538383 0.9379263877849953 62.628714831139256
val isze = 0
idinces = [ 3  7 11  6  8  2 12  5 10  1  0  4  9]
training loss = 4.7310075759887695 500
training loss = 3.7489094734191895 1000
training loss = 3.280202627182007 1500
training loss = 2.775089740753174 2000
training loss = 2.078974485397339 2500
training loss = 1.2639267444610596 3000
training loss = 0.8812238574028015 3500
training loss = 0.7663251161575317 4000
training loss = 0.6595496535301208 4500
training loss = 0.549437403678894 5000
training loss = 0.44177547097206116 5500
training loss = 0.3423229157924652 6000
training loss = 0.2558474540710449 6500
training loss = 0.18460898101329803 7000
reduced chi^2 level 2 = 0.18448148667812347
Constrained alpha: 3.742220640182495
Constrained beta: 1.4551608562469482
Constrained gamma: 61.973602294921875
=======
0.12553001788808582 12.775508812737144 41.97671481404448
val isze = 0
idinces = [12 11  4  9  5  0  8  1 10  6  3  2  7]
training loss = 2.3483078479766846 500
training loss = 2.1354026794433594 1000
reduced chi^2 level 2 = 2.135127544403076
Constrained alpha: 2.6776275634765625
Constrained beta: 4.585447311401367
Constrained gamma: 9.926252365112305
>>>>>>> bf5bffb69ec4a318117f0a4aa6bdaab926d87e87
(1, 13)
(1, 0)
data before
[ 0.00000000e+00  0.00000000e+00  0.00000000e+00  0.00000000e+00
  0.00000000e+00  0.00000000e+00  0.00000000e+00  0.00000000e+00
  0.00000000e+00  0.00000000e+00  2.48877310e-05  7.47631389e-04
  2.18234516e-02  1.91699577e-01  5.12937393e-01  9.43780682e-01
  1.56189578e+00  2.51692528e+00  3.67624880e+00  5.63534866e+00
  8.43017731e+00  1.14283292e+01  1.62298302e+01  2.43121628e+01
  2.74469542e+01  2.78409948e+01  2.79040311e+01  2.70292123e+01
  2.52070068e+01  2.20016679e+01  1.76629582e+01  1.27906567e+01
  8.15789484e+00  4.49907069e+00  2.03325559e+00  6.93542815e-01
  1.56041644e-01  3.16052534e-02 -8.77655367e-06  0.00000000e+00
  0.00000000e+00]
9
data after
[23.491609450001118, 27.65815944666594, 24.31216278621167, 27.446954207054972, 27.84099481357336, 27.904031083468794, 27.029212343204467, 25.207006754561217, 22.001667945056557, 46.02501703849734]
8
data,sig_tot
[23.49160945 27.65815945 24.31216279 27.44695421 27.84099481 27.90403108
 27.02921234 25.20700675 22.00166795 46.02501704 26.55578305 20.5462755
 21.54085061]
[23.49160945 27.65815945 24.31216279 27.44695421 27.84099481 27.90403108
 27.02921234 25.20700675 22.00166795 46.02501704 26.55578305 20.5462755
 21.54085061]
<<<<<<< HEAD
4.143406631538383 0.9379263877849953 62.628714831139256
val isze = 0
idinces = [ 3  7 11  6  8  2 12  5 10  1  0  4  9]
=======
3.8460143351109037 4.863218222342985 90.50194476898699
val isze = 0
idinces = [ 9  1  2  3  0  4  7  6 11  8 12  5 10]
training loss = 5.6653666496276855 500
training loss = 5.1403679847717285 1000
training loss = 4.39649772644043 1500
training loss = 3.2857210636138916 2000
training loss = 1.8237783908843994 2500
training loss = 1.0457226037979126 3000
training loss = 0.949859082698822 3500
training loss = 0.9304861426353455 4000
training loss = 0.9189649820327759 4500
training loss = 0.9111536741256714 5000
reduced chi^2 level 2 = 0.9111405611038208
Constrained alpha: 3.3420276641845703
Constrained beta: 4.801257610321045
Constrained gamma: 84.26956176757812
>>>>>>> bf5bffb69ec4a318117f0a4aa6bdaab926d87e87
(1, 13)
(1, 0)
data before
[ 0.00000000e+00  0.00000000e+00  0.00000000e+00  0.00000000e+00
  0.00000000e+00  0.00000000e+00  0.00000000e+00  0.00000000e+00
  0.00000000e+00  0.00000000e+00  2.48877310e-05  7.47631389e-04
  2.18234516e-02  1.91699577e-01  5.12937393e-01  9.43780682e-01
  1.56189578e+00  2.51692528e+00  3.67624880e+00  5.63534866e+00
  8.43017731e+00  1.14283292e+01  1.62298302e+01  2.43121628e+01
  2.74469542e+01  2.78409948e+01  2.79040311e+01  2.70292123e+01
  2.52070068e+01  2.20016679e+01  1.76629582e+01  1.27906567e+01
  8.15789484e+00  4.49907069e+00  2.03325559e+00  6.93542815e-01
  1.56041644e-01  3.16052534e-02 -8.77655367e-06  0.00000000e+00
  0.00000000e+00]
9
data after
[23.491609450001118, 27.65815944666594, 24.31216278621167, 27.446954207054972, 27.84099481357336, 27.904031083468794, 27.029212343204467, 25.207006754561217, 22.001667945056557, 46.02501703849734]
8
data,sig_tot
[23.49160945 27.65815945 24.31216279 27.44695421 27.84099481 27.90403108
 27.02921234 25.20700675 22.00166795 46.02501704 26.55578305 20.5462755
 21.54085061]
[23.49160945 27.65815945 24.31216279 27.44695421 27.84099481 27.90403108
 27.02921234 25.20700675 22.00166795 46.02501704 26.55578305 20.5462755
 21.54085061]
<<<<<<< HEAD
4.143406631538383 0.9379263877849953 62.628714831139256
val isze = 0
idinces = [ 3  7 11  6  8  2 12  5 10  1  0  4  9]
=======
2.789757941268003 2.1826575611109944 95.50610059961463
val isze = 0
idinces = [ 4  9  2  3 12  5 11 10  0  7  1  8  6]
training loss = 1.398720383644104 500
training loss = 0.8430705070495605 1000
training loss = 0.8178900480270386 1500
training loss = 0.8073191046714783 2000
training loss = 0.8019238114356995 2500
training loss = 0.7967228293418884 3000
training loss = 0.7910946607589722 3500
training loss = 0.7857048511505127 4000
training loss = 0.7811640501022339 4500
training loss = 0.7781281471252441 5000
reduced chi^2 level 2 = 0.7781240344047546
Constrained alpha: 3.1178271770477295
Constrained beta: 2.1208925247192383
Constrained gamma: 11.35703182220459
>>>>>>> bf5bffb69ec4a318117f0a4aa6bdaab926d87e87
(1, 13)
(1, 0)
data before
[ 0.00000000e+00  0.00000000e+00  0.00000000e+00  0.00000000e+00
  0.00000000e+00  0.00000000e+00  0.00000000e+00  0.00000000e+00
  0.00000000e+00  0.00000000e+00  2.48877310e-05  7.47631389e-04
  2.18234516e-02  1.91699577e-01  5.12937393e-01  9.43780682e-01
  1.56189578e+00  2.51692528e+00  3.67624880e+00  5.63534866e+00
  8.43017731e+00  1.14283292e+01  1.62298302e+01  2.43121628e+01
  2.74469542e+01  2.78409948e+01  2.79040311e+01  2.70292123e+01
  2.52070068e+01  2.20016679e+01  1.76629582e+01  1.27906567e+01
  8.15789484e+00  4.49907069e+00  2.03325559e+00  6.93542815e-01
  1.56041644e-01  3.16052534e-02 -8.77655367e-06  0.00000000e+00
  0.00000000e+00]
9
data after
[23.491609450001118, 27.65815944666594, 24.31216278621167, 27.446954207054972, 27.84099481357336, 27.904031083468794, 27.029212343204467, 25.207006754561217, 22.001667945056557, 46.02501703849734]
8
data,sig_tot
[23.49160945 27.65815945 24.31216279 27.44695421 27.84099481 27.90403108
 27.02921234 25.20700675 22.00166795 46.02501704 26.55578305 20.5462755
 21.54085061]
[23.49160945 27.65815945 24.31216279 27.44695421 27.84099481 27.90403108
 27.02921234 25.20700675 22.00166795 46.02501704 26.55578305 20.5462755
 21.54085061]
<<<<<<< HEAD
4.143406631538383 0.9379263877849953 62.628714831139256
val isze = 0
idinces = [ 3  7 11  6  8  2 12  5 10  1  0  4  9]
training loss = 5.172728538513184 500
training loss = 3.5709733963012695 1000
training loss = 2.7845847606658936 1500
training loss = 2.071887254714966 2000
training loss = 1.5198686122894287 2500
training loss = 1.2224756479263306 3000
training loss = 1.1132253408432007 3500
training loss = 1.0516685247421265 4000
training loss = 0.9817001223564148 4500
training loss = 0.8956023454666138 5000
training loss = 0.7922184467315674 5500
training loss = 0.6709256172180176 6000
training loss = 0.5340183973312378 6500
training loss = 0.39055296778678894 7000
reduced chi^2 level 2 = 0.3902698755264282
Constrained alpha: 3.7385706901550293
Constrained beta: 1.561674952507019
Constrained gamma: 61.823097229003906
=======
1.8425676228676147 12.450910454683537 83.19329761141698
val isze = 0
idinces = [12  3  6  8  2  9  4 10  5  7  0 11  1]
training loss = 1.7384169101715088 500
training loss = 1.3970730304718018 1000
training loss = 1.3689056634902954 1500
reduced chi^2 level 2 = 1.3692079782485962
Constrained alpha: 2.981463670730591
Constrained beta: 2.4180402755737305
Constrained gamma: 41.199554443359375
>>>>>>> bf5bffb69ec4a318117f0a4aa6bdaab926d87e87
(1, 13)
(1, 0)
data before
[ 0.00000000e+00  0.00000000e+00  0.00000000e+00  0.00000000e+00
  0.00000000e+00  0.00000000e+00  0.00000000e+00  0.00000000e+00
  0.00000000e+00  0.00000000e+00  2.48877310e-05  7.47631389e-04
  2.18234516e-02  1.91699577e-01  5.12937393e-01  9.43780682e-01
  1.56189578e+00  2.51692528e+00  3.67624880e+00  5.63534866e+00
  8.43017731e+00  1.14283292e+01  1.62298302e+01  2.43121628e+01
  2.74469542e+01  2.78409948e+01  2.79040311e+01  2.70292123e+01
  2.52070068e+01  2.20016679e+01  1.76629582e+01  1.27906567e+01
  8.15789484e+00  4.49907069e+00  2.03325559e+00  6.93542815e-01
  1.56041644e-01  3.16052534e-02 -8.77655367e-06  0.00000000e+00
  0.00000000e+00]
9
data after
[23.491609450001118, 27.65815944666594, 24.31216278621167, 27.446954207054972, 27.84099481357336, 27.904031083468794, 27.029212343204467, 25.207006754561217, 22.001667945056557, 46.02501703849734]
8
data,sig_tot
[23.49160945 27.65815945 24.31216279 27.44695421 27.84099481 27.90403108
 27.02921234 25.20700675 22.00166795 46.02501704 26.55578305 20.5462755
 21.54085061]
[23.49160945 27.65815945 24.31216279 27.44695421 27.84099481 27.90403108
 27.02921234 25.20700675 22.00166795 46.02501704 26.55578305 20.5462755
 21.54085061]
<<<<<<< HEAD
4.143406631538383 0.9379263877849953 62.628714831139256
val isze = 0
idinces = [ 3  7 11  6  8  2 12  5 10  1  0  4  9]
training loss = 11.4141263961792 500
training loss = 5.166226863861084 1000
training loss = 2.5555226802825928 1500
training loss = 1.8178385496139526 2000
training loss = 1.4454119205474854 2500
training loss = 1.2595787048339844 3000
training loss = 1.1851766109466553 3500
training loss = 1.1504958868026733 4000
training loss = 1.1180009841918945 4500
training loss = 1.0753095149993896 5000
training loss = 1.0175317525863647 5500
training loss = 0.9418542385101318 6000
training loss = 0.8486799597740173 6500
training loss = 0.7420247197151184 7000
reduced chi^2 level 2 = 0.741801381111145
Constrained alpha: 3.733579635620117
Constrained beta: 1.478590965270996
Constrained gamma: 62.00565719604492
=======
4.195790544959895 19.66316122782937 16.895822704003237
val isze = 0
idinces = [ 8  3  5 11  0  6  4 12  2  7  9  1 10]
training loss = 17.617464065551758 500
training loss = 17.225141525268555 1000
training loss = 16.5775146484375 1500
training loss = 15.55212688446045 2000
training loss = 13.946146011352539 2500
training loss = 11.27377700805664 3000
training loss = 5.7796630859375 3500
training loss = 0.49470940232276917 4000
reduced chi^2 level 2 = 0.4957430362701416
Constrained alpha: 2.8974032402038574
Constrained beta: 3.299934148788452
Constrained gamma: 14.540336608886719
>>>>>>> bf5bffb69ec4a318117f0a4aa6bdaab926d87e87
(1, 13)
(1, 0)
data before
[ 0.00000000e+00  0.00000000e+00  0.00000000e+00  0.00000000e+00
  0.00000000e+00  0.00000000e+00  0.00000000e+00  0.00000000e+00
  0.00000000e+00  0.00000000e+00  2.48877310e-05  7.47631389e-04
  2.18234516e-02  1.91699577e-01  5.12937393e-01  9.43780682e-01
  1.56189578e+00  2.51692528e+00  3.67624880e+00  5.63534866e+00
  8.43017731e+00  1.14283292e+01  1.62298302e+01  2.43121628e+01
  2.74469542e+01  2.78409948e+01  2.79040311e+01  2.70292123e+01
  2.52070068e+01  2.20016679e+01  1.76629582e+01  1.27906567e+01
  8.15789484e+00  4.49907069e+00  2.03325559e+00  6.93542815e-01
  1.56041644e-01  3.16052534e-02 -8.77655367e-06  0.00000000e+00
  0.00000000e+00]
9
data after
[23.491609450001118, 27.65815944666594, 24.31216278621167, 27.446954207054972, 27.84099481357336, 27.904031083468794, 27.029212343204467, 25.207006754561217, 22.001667945056557, 46.02501703849734]
8
data,sig_tot
[23.49160945 27.65815945 24.31216279 27.44695421 27.84099481 27.90403108
 27.02921234 25.20700675 22.00166795 46.02501704 26.55578305 20.5462755
 21.54085061]
[23.49160945 27.65815945 24.31216279 27.44695421 27.84099481 27.90403108
 27.02921234 25.20700675 22.00166795 46.02501704 26.55578305 20.5462755
 21.54085061]
<<<<<<< HEAD
4.143406631538383 0.9379263877849953 62.628714831139256
val isze = 0
idinces = [ 3  7 11  6  8  2 12  5 10  1  0  4  9]
training loss = 6.565369129180908 500
training loss = 3.589780807495117 1000
training loss = 3.017545461654663 1500
training loss = 2.418931245803833 2000
training loss = 1.5562576055526733 2500
training loss = 0.9809130430221558 3000
training loss = 0.8332374691963196 3500
training loss = 0.7346546649932861 4000
training loss = 0.6365447640419006 4500
training loss = 0.5430009961128235 5000
training loss = 0.4573192894458771 5500
training loss = 0.3815001845359802 6000
training loss = 0.31642571091651917 6500
training loss = 0.26190415024757385 7000
reduced chi^2 level 2 = 0.2618049681186676
Constrained alpha: 3.755018711090088
Constrained beta: 1.4788005352020264
Constrained gamma: 61.781734466552734
=======
1.3791004362144033 0.9088219190721958 23.71448124798583
val isze = 0
idinces = [ 0  3  4  7  2  5  9 10  8 12  1  6 11]
training loss = 0.36759424209594727 500
training loss = 0.34931182861328125 1000
training loss = 0.34821218252182007 1500
reduced chi^2 level 2 = 0.3482436537742615
Constrained alpha: 3.0659854412078857
Constrained beta: 3.0915398597717285
Constrained gamma: 1.9117287397384644
>>>>>>> bf5bffb69ec4a318117f0a4aa6bdaab926d87e87
(1, 13)
(1, 0)
data before
[ 0.00000000e+00  0.00000000e+00  0.00000000e+00  0.00000000e+00
  0.00000000e+00  0.00000000e+00  0.00000000e+00  0.00000000e+00
  0.00000000e+00  0.00000000e+00  2.48877310e-05  7.47631389e-04
  2.18234516e-02  1.91699577e-01  5.12937393e-01  9.43780682e-01
  1.56189578e+00  2.51692528e+00  3.67624880e+00  5.63534866e+00
  8.43017731e+00  1.14283292e+01  1.62298302e+01  2.43121628e+01
  2.74469542e+01  2.78409948e+01  2.79040311e+01  2.70292123e+01
  2.52070068e+01  2.20016679e+01  1.76629582e+01  1.27906567e+01
  8.15789484e+00  4.49907069e+00  2.03325559e+00  6.93542815e-01
  1.56041644e-01  3.16052534e-02 -8.77655367e-06  0.00000000e+00
  0.00000000e+00]
9
data after
[23.491609450001118, 27.65815944666594, 24.31216278621167, 27.446954207054972, 27.84099481357336, 27.904031083468794, 27.029212343204467, 25.207006754561217, 22.001667945056557, 46.02501703849734]
8
data,sig_tot
[23.49160945 27.65815945 24.31216279 27.44695421 27.84099481 27.90403108
 27.02921234 25.20700675 22.00166795 46.02501704 26.55578305 20.5462755
 21.54085061]
[23.49160945 27.65815945 24.31216279 27.44695421 27.84099481 27.90403108
 27.02921234 25.20700675 22.00166795 46.02501704 26.55578305 20.5462755
 21.54085061]
<<<<<<< HEAD
4.143406631538383 0.9379263877849953 62.628714831139256
val isze = 0
idinces = [ 3  7 11  6  8  2 12  5 10  1  0  4  9]
=======
4.43675815530301 0.2332819682049525 10.875803779466652
val isze = 0
idinces = [ 1 12  7  0  4 11  5  3  6  8 10  2  9]
training loss = 6.483982086181641 500
training loss = 4.2686333656311035 1000
training loss = 2.6171135902404785 1500
training loss = 1.6255344152450562 2000
training loss = 1.4854159355163574 2500
training loss = 1.398689866065979 3000
training loss = 1.3053797483444214 3500
training loss = 1.2006359100341797 4000
training loss = 1.073280930519104 4500
training loss = 0.895750105381012 5000
reduced chi^2 level 2 = 0.8953124284744263
Constrained alpha: 3.9798126220703125
Constrained beta: 0.6104118227958679
Constrained gamma: 10.3350191116333
>>>>>>> bf5bffb69ec4a318117f0a4aa6bdaab926d87e87
(1, 13)
(1, 0)
data before
[ 0.00000000e+00  0.00000000e+00  0.00000000e+00  0.00000000e+00
  0.00000000e+00  0.00000000e+00  0.00000000e+00  0.00000000e+00
  0.00000000e+00  0.00000000e+00  2.48877310e-05  7.47631389e-04
  2.18234516e-02  1.91699577e-01  5.12937393e-01  9.43780682e-01
  1.56189578e+00  2.51692528e+00  3.67624880e+00  5.63534866e+00
  8.43017731e+00  1.14283292e+01  1.62298302e+01  2.43121628e+01
  2.74469542e+01  2.78409948e+01  2.79040311e+01  2.70292123e+01
  2.52070068e+01  2.20016679e+01  1.76629582e+01  1.27906567e+01
  8.15789484e+00  4.49907069e+00  2.03325559e+00  6.93542815e-01
  1.56041644e-01  3.16052534e-02 -8.77655367e-06  0.00000000e+00
  0.00000000e+00]
9
data after
[23.491609450001118, 27.65815944666594, 24.31216278621167, 27.446954207054972, 27.84099481357336, 27.904031083468794, 27.029212343204467, 25.207006754561217, 22.001667945056557, 46.02501703849734]
8
data,sig_tot
[23.49160945 27.65815945 24.31216279 27.44695421 27.84099481 27.90403108
 27.02921234 25.20700675 22.00166795 46.02501704 26.55578305 20.5462755
 21.54085061]
[23.49160945 27.65815945 24.31216279 27.44695421 27.84099481 27.90403108
 27.02921234 25.20700675 22.00166795 46.02501704 26.55578305 20.5462755
 21.54085061]
<<<<<<< HEAD
4.143406631538383 0.9379263877849953 62.628714831139256
val isze = 0
idinces = [ 3  7 11  6  8  2 12  5 10  1  0  4  9]
training loss = 3.8251607418060303 500
training loss = 3.068505048751831 1000
training loss = 2.7839226722717285 1500
training loss = 2.4027154445648193 2000
training loss = 1.8886240720748901 2500
training loss = 1.3499647378921509 3000
training loss = 1.058150053024292 3500
training loss = 0.969683051109314 4000
training loss = 0.9020628333091736 4500
training loss = 0.8229279518127441 5000
training loss = 0.7329314351081848 5500
training loss = 0.6348981261253357 6000
training loss = 0.5323883295059204 6500
training loss = 0.4292243719100952 7000
reduced chi^2 level 2 = 0.42901986837387085
Constrained alpha: 3.7239112854003906
Constrained beta: 1.460641860961914
Constrained gamma: 61.969966888427734
=======
2.944432819613441 5.785881582132983 62.539710175817156
val isze = 0
idinces = [ 8  2  4 10  3  6  5  0  1 11 12  7  9]
training loss = 1.2493747472763062 500
training loss = 1.226683259010315 1000
training loss = 1.210386037826538 1500
training loss = 1.2059415578842163 2000
reduced chi^2 level 2 = 1.2073636054992676
Constrained alpha: 2.9161598682403564
Constrained beta: 2.8962957859039307
Constrained gamma: 15.538382530212402
>>>>>>> bf5bffb69ec4a318117f0a4aa6bdaab926d87e87
(1, 13)
(1, 0)
data before
[ 0.00000000e+00  0.00000000e+00  0.00000000e+00  0.00000000e+00
  0.00000000e+00  0.00000000e+00  0.00000000e+00  0.00000000e+00
  0.00000000e+00  0.00000000e+00  2.48877310e-05  7.47631389e-04
  2.18234516e-02  1.91699577e-01  5.12937393e-01  9.43780682e-01
  1.56189578e+00  2.51692528e+00  3.67624880e+00  5.63534866e+00
  8.43017731e+00  1.14283292e+01  1.62298302e+01  2.43121628e+01
  2.74469542e+01  2.78409948e+01  2.79040311e+01  2.70292123e+01
  2.52070068e+01  2.20016679e+01  1.76629582e+01  1.27906567e+01
  8.15789484e+00  4.49907069e+00  2.03325559e+00  6.93542815e-01
  1.56041644e-01  3.16052534e-02 -8.77655367e-06  0.00000000e+00
  0.00000000e+00]
9
data after
[23.491609450001118, 27.65815944666594, 24.31216278621167, 27.446954207054972, 27.84099481357336, 27.904031083468794, 27.029212343204467, 25.207006754561217, 22.001667945056557, 46.02501703849734]
8
data,sig_tot
[23.49160945 27.65815945 24.31216279 27.44695421 27.84099481 27.90403108
 27.02921234 25.20700675 22.00166795 46.02501704 26.55578305 20.5462755
 21.54085061]
[23.49160945 27.65815945 24.31216279 27.44695421 27.84099481 27.90403108
 27.02921234 25.20700675 22.00166795 46.02501704 26.55578305 20.5462755
 21.54085061]
<<<<<<< HEAD
4.143406631538383 0.9379263877849953 62.628714831139256
val isze = 0
idinces = [ 3  7 11  6  8  2 12  5 10  1  0  4  9]
=======
3.243375931915431 12.04535119090192 95.18564772959124
val isze = 0
idinces = [ 0  6  9  2  5 12  3  1  8  7  4 11 10]
training loss = 6.042846202850342 500
training loss = 2.524437665939331 1000
training loss = 1.2314552068710327 1500
training loss = 1.2001203298568726 2000
training loss = 1.1953116655349731 2500
reduced chi^2 level 2 = 1.1955467462539673
Constrained alpha: 2.667616128921509
Constrained beta: 6.379292011260986
Constrained gamma: 44.031272888183594
>>>>>>> bf5bffb69ec4a318117f0a4aa6bdaab926d87e87
(1, 13)
(1, 0)
data before
[ 0.00000000e+00  0.00000000e+00  0.00000000e+00  0.00000000e+00
  0.00000000e+00  0.00000000e+00  0.00000000e+00  0.00000000e+00
  0.00000000e+00  0.00000000e+00  2.48877310e-05  7.47631389e-04
  2.18234516e-02  1.91699577e-01  5.12937393e-01  9.43780682e-01
  1.56189578e+00  2.51692528e+00  3.67624880e+00  5.63534866e+00
  8.43017731e+00  1.14283292e+01  1.62298302e+01  2.43121628e+01
  2.74469542e+01  2.78409948e+01  2.79040311e+01  2.70292123e+01
  2.52070068e+01  2.20016679e+01  1.76629582e+01  1.27906567e+01
  8.15789484e+00  4.49907069e+00  2.03325559e+00  6.93542815e-01
  1.56041644e-01  3.16052534e-02 -8.77655367e-06  0.00000000e+00
  0.00000000e+00]
9
data after
[23.491609450001118, 27.65815944666594, 24.31216278621167, 27.446954207054972, 27.84099481357336, 27.904031083468794, 27.029212343204467, 25.207006754561217, 22.001667945056557, 46.02501703849734]
8
data,sig_tot
[23.49160945 27.65815945 24.31216279 27.44695421 27.84099481 27.90403108
 27.02921234 25.20700675 22.00166795 46.02501704 26.55578305 20.5462755
 21.54085061]
[23.49160945 27.65815945 24.31216279 27.44695421 27.84099481 27.90403108
 27.02921234 25.20700675 22.00166795 46.02501704 26.55578305 20.5462755
 21.54085061]
<<<<<<< HEAD
4.143406631538383 0.9379263877849953 62.628714831139256
val isze = 0
idinces = [ 3  7 11  6  8  2 12  5 10  1  0  4  9]
=======
2.427183132275384 3.623140593280283 5.700196037429106
val isze = 0
idinces = [ 4  1  8 11 12  2  9  0  3 10  7  6  5]
training loss = 0.47759711742401123 500
training loss = 0.4664836525917053 1000
reduced chi^2 level 2 = 0.4671001732349396
Constrained alpha: 3.164625406265259
Constrained beta: 1.4741733074188232
Constrained gamma: 2.8096981048583984
>>>>>>> bf5bffb69ec4a318117f0a4aa6bdaab926d87e87
(1, 13)
(1, 0)
data before
[ 0.00000000e+00  0.00000000e+00  0.00000000e+00  0.00000000e+00
  0.00000000e+00  0.00000000e+00  0.00000000e+00  0.00000000e+00
  0.00000000e+00  0.00000000e+00  2.48877310e-05  7.47631389e-04
  2.18234516e-02  1.91699577e-01  5.12937393e-01  9.43780682e-01
  1.56189578e+00  2.51692528e+00  3.67624880e+00  5.63534866e+00
  8.43017731e+00  1.14283292e+01  1.62298302e+01  2.43121628e+01
  2.74469542e+01  2.78409948e+01  2.79040311e+01  2.70292123e+01
  2.52070068e+01  2.20016679e+01  1.76629582e+01  1.27906567e+01
  8.15789484e+00  4.49907069e+00  2.03325559e+00  6.93542815e-01
  1.56041644e-01  3.16052534e-02 -8.77655367e-06  0.00000000e+00
  0.00000000e+00]
9
data after
[23.491609450001118, 27.65815944666594, 24.31216278621167, 27.446954207054972, 27.84099481357336, 27.904031083468794, 27.029212343204467, 25.207006754561217, 22.001667945056557, 46.02501703849734]
8
data,sig_tot
[23.49160945 27.65815945 24.31216279 27.44695421 27.84099481 27.90403108
 27.02921234 25.20700675 22.00166795 46.02501704 26.55578305 20.5462755
 21.54085061]
[23.49160945 27.65815945 24.31216279 27.44695421 27.84099481 27.90403108
 27.02921234 25.20700675 22.00166795 46.02501704 26.55578305 20.5462755
 21.54085061]
<<<<<<< HEAD
4.143406631538383 0.9379263877849953 62.628714831139256
val isze = 0
idinces = [ 3  7 11  6  8  2 12  5 10  1  0  4  9]
=======
3.503772585866041 16.536271021624607 11.500338617890316
val isze = 0
idinces = [ 0 11  2  1  3  5  9  7  4 10  6  8 12]
training loss = 1.236958622932434 500
training loss = 1.0548269748687744 1000
reduced chi^2 level 2 = 1.0607926845550537
Constrained alpha: 2.980302095413208
Constrained beta: 3.030149221420288
Constrained gamma: 1.7242330312728882
>>>>>>> bf5bffb69ec4a318117f0a4aa6bdaab926d87e87
(1, 13)
(1, 0)
data before
[ 0.00000000e+00  0.00000000e+00  0.00000000e+00  0.00000000e+00
  0.00000000e+00  0.00000000e+00  0.00000000e+00  0.00000000e+00
  0.00000000e+00  0.00000000e+00  2.48877310e-05  7.47631389e-04
  2.18234516e-02  1.91699577e-01  5.12937393e-01  9.43780682e-01
  1.56189578e+00  2.51692528e+00  3.67624880e+00  5.63534866e+00
  8.43017731e+00  1.14283292e+01  1.62298302e+01  2.43121628e+01
  2.74469542e+01  2.78409948e+01  2.79040311e+01  2.70292123e+01
  2.52070068e+01  2.20016679e+01  1.76629582e+01  1.27906567e+01
  8.15789484e+00  4.49907069e+00  2.03325559e+00  6.93542815e-01
  1.56041644e-01  3.16052534e-02 -8.77655367e-06  0.00000000e+00
  0.00000000e+00]
9
data after
[23.491609450001118, 27.65815944666594, 24.31216278621167, 27.446954207054972, 27.84099481357336, 27.904031083468794, 27.029212343204467, 25.207006754561217, 22.001667945056557, 46.02501703849734]
8
data,sig_tot
[23.49160945 27.65815945 24.31216279 27.44695421 27.84099481 27.90403108
 27.02921234 25.20700675 22.00166795 46.02501704 26.55578305 20.5462755
 21.54085061]
[23.49160945 27.65815945 24.31216279 27.44695421 27.84099481 27.90403108
 27.02921234 25.20700675 22.00166795 46.02501704 26.55578305 20.5462755
 21.54085061]
<<<<<<< HEAD
4.143406631538383 0.9379263877849953 62.628714831139256
val isze = 0
idinces = [ 3  7 11  6  8  2 12  5 10  1  0  4  9]
training loss = 3.213117837905884 500
training loss = 2.397674083709717 1000
training loss = 1.6731687784194946 1500
training loss = 1.1326076984405518 2000
training loss = 0.9172307252883911 2500
training loss = 0.8196543455123901 3000
training loss = 0.7230296730995178 3500
training loss = 0.6231081485748291 4000
training loss = 0.523754894733429 4500
training loss = 0.42816776037216187 5000
training loss = 0.3404645323753357 5500
training loss = 0.2647908329963684 6000
training loss = 0.20342868566513062 6500
training loss = 0.15597596764564514 7000
reduced chi^2 level 2 = 0.15589351952075958
Constrained alpha: 3.724297285079956
Constrained beta: 1.6113616228103638
Constrained gamma: 61.823028564453125
=======
0.2479502149380014 0.843425263122084 37.052543884246134
val isze = 0
idinces = [ 4 12  6  3  5 10 11  8  1  9  2  7  0]
training loss = 0.9594671130180359 500
training loss = 0.944810688495636 1000
training loss = 0.943976640701294 1500
reduced chi^2 level 2 = 0.9445446133613586
Constrained alpha: 2.9713804721832275
Constrained beta: 3.3634235858917236
Constrained gamma: 5.367922306060791
>>>>>>> bf5bffb69ec4a318117f0a4aa6bdaab926d87e87
(1, 13)
(1, 0)
data before
[ 0.00000000e+00  0.00000000e+00  0.00000000e+00  0.00000000e+00
  0.00000000e+00  0.00000000e+00  0.00000000e+00  0.00000000e+00
  0.00000000e+00  0.00000000e+00  2.48877310e-05  7.47631389e-04
  2.18234516e-02  1.91699577e-01  5.12937393e-01  9.43780682e-01
  1.56189578e+00  2.51692528e+00  3.67624880e+00  5.63534866e+00
  8.43017731e+00  1.14283292e+01  1.62298302e+01  2.43121628e+01
  2.74469542e+01  2.78409948e+01  2.79040311e+01  2.70292123e+01
  2.52070068e+01  2.20016679e+01  1.76629582e+01  1.27906567e+01
  8.15789484e+00  4.49907069e+00  2.03325559e+00  6.93542815e-01
  1.56041644e-01  3.16052534e-02 -8.77655367e-06  0.00000000e+00
  0.00000000e+00]
9
data after
[23.491609450001118, 27.65815944666594, 24.31216278621167, 27.446954207054972, 27.84099481357336, 27.904031083468794, 27.029212343204467, 25.207006754561217, 22.001667945056557, 46.02501703849734]
8
data,sig_tot
[23.49160945 27.65815945 24.31216279 27.44695421 27.84099481 27.90403108
 27.02921234 25.20700675 22.00166795 46.02501704 26.55578305 20.5462755
 21.54085061]
[23.49160945 27.65815945 24.31216279 27.44695421 27.84099481 27.90403108
 27.02921234 25.20700675 22.00166795 46.02501704 26.55578305 20.5462755
 21.54085061]
<<<<<<< HEAD
4.143406631538383 0.9379263877849953 62.628714831139256
val isze = 0
idinces = [ 3  7 11  6  8  2 12  5 10  1  0  4  9]
training loss = 3.4278478622436523 500
training loss = 2.9290285110473633 1000
training loss = 2.3704795837402344 1500
training loss = 1.8732497692108154 2000
training loss = 1.5153391361236572 2500
training loss = 1.3125735521316528 3000
training loss = 1.2242220640182495 3500
training loss = 1.1887298822402954 4000
training loss = 1.1639152765274048 4500
training loss = 1.1328210830688477 5000
training loss = 1.0892153978347778 5500
training loss = 1.0288472175598145 6000
training loss = 0.9472053050994873 6500
training loss = 0.8379276394844055 7000
reduced chi^2 level 2 = 0.8376762866973877
Constrained alpha: 3.689291477203369
Constrained beta: 1.4308924674987793
Constrained gamma: 62.032405853271484
=======
0.4400882030805736 3.913153124206814 55.07433737200177
val isze = 0
idinces = [ 2  8  5  4 11 10  7 12  6  0  9  1  3]
reduced chi^2 level 2 = 0.45716866850852966
Constrained alpha: 2.556178092956543
Constrained beta: 4.857557773590088
Constrained gamma: 43.257545471191406
>>>>>>> bf5bffb69ec4a318117f0a4aa6bdaab926d87e87
(1, 13)
(1, 0)
data before
[ 0.00000000e+00  0.00000000e+00  0.00000000e+00  0.00000000e+00
  0.00000000e+00  0.00000000e+00  0.00000000e+00  0.00000000e+00
  0.00000000e+00  0.00000000e+00  2.48877310e-05  7.47631389e-04
  2.18234516e-02  1.91699577e-01  5.12937393e-01  9.43780682e-01
  1.56189578e+00  2.51692528e+00  3.67624880e+00  5.63534866e+00
  8.43017731e+00  1.14283292e+01  1.62298302e+01  2.43121628e+01
  2.74469542e+01  2.78409948e+01  2.79040311e+01  2.70292123e+01
  2.52070068e+01  2.20016679e+01  1.76629582e+01  1.27906567e+01
  8.15789484e+00  4.49907069e+00  2.03325559e+00  6.93542815e-01
  1.56041644e-01  3.16052534e-02 -8.77655367e-06  0.00000000e+00
  0.00000000e+00]
9
data after
[23.491609450001118, 27.65815944666594, 24.31216278621167, 27.446954207054972, 27.84099481357336, 27.904031083468794, 27.029212343204467, 25.207006754561217, 22.001667945056557, 46.02501703849734]
8
data,sig_tot
[23.49160945 27.65815945 24.31216279 27.44695421 27.84099481 27.90403108
 27.02921234 25.20700675 22.00166795 46.02501704 26.55578305 20.5462755
 21.54085061]
[23.49160945 27.65815945 24.31216279 27.44695421 27.84099481 27.90403108
 27.02921234 25.20700675 22.00166795 46.02501704 26.55578305 20.5462755
 21.54085061]
<<<<<<< HEAD
4.143406631538383 0.9379263877849953 62.628714831139256
val isze = 0
idinces = [ 3  7 11  6  8  2 12  5 10  1  0  4  9]
training loss = 22.03199577331543 500
training loss = 21.780410766601562 1000
training loss = 21.707550048828125 1500
training loss = 21.585742950439453 2000
training loss = 21.324459075927734 2500
training loss = 19.594064712524414 3000
training loss = 1.8429746627807617 3500
training loss = 1.1285196542739868 4000
training loss = 0.9876900911331177 4500
training loss = 0.9029764533042908 5000
training loss = 0.8031442165374756 5500
training loss = 0.6946845054626465 6000
training loss = 0.5841306447982788 6500
training loss = 0.4752602279186249 7000
reduced chi^2 level 2 = 0.47504544258117676
Constrained alpha: 3.6974852085113525
Constrained beta: 1.4340782165527344
Constrained gamma: 62.09884262084961
=======
0.65438896005033 16.65644115946884 64.62529508646597
val isze = 0
idinces = [ 6  7  2  3  0 12 11 10  9  8  4  5  1]
training loss = 1.2695337533950806 500
training loss = 1.0679289102554321 1000
reduced chi^2 level 2 = 1.0749728679656982
Constrained alpha: 2.7543680667877197
Constrained beta: 4.6538286209106445
Constrained gamma: 28.919281005859375
>>>>>>> bf5bffb69ec4a318117f0a4aa6bdaab926d87e87
(1, 13)
(1, 0)
data before
[ 0.00000000e+00  0.00000000e+00  0.00000000e+00  0.00000000e+00
  0.00000000e+00  0.00000000e+00  0.00000000e+00  0.00000000e+00
  0.00000000e+00  0.00000000e+00  2.48877310e-05  7.47631389e-04
  2.18234516e-02  1.91699577e-01  5.12937393e-01  9.43780682e-01
  1.56189578e+00  2.51692528e+00  3.67624880e+00  5.63534866e+00
  8.43017731e+00  1.14283292e+01  1.62298302e+01  2.43121628e+01
  2.74469542e+01  2.78409948e+01  2.79040311e+01  2.70292123e+01
  2.52070068e+01  2.20016679e+01  1.76629582e+01  1.27906567e+01
  8.15789484e+00  4.49907069e+00  2.03325559e+00  6.93542815e-01
  1.56041644e-01  3.16052534e-02 -8.77655367e-06  0.00000000e+00
  0.00000000e+00]
9
data after
[23.491609450001118, 27.65815944666594, 24.31216278621167, 27.446954207054972, 27.84099481357336, 27.904031083468794, 27.029212343204467, 25.207006754561217, 22.001667945056557, 46.02501703849734]
8
data,sig_tot
[23.49160945 27.65815945 24.31216279 27.44695421 27.84099481 27.90403108
 27.02921234 25.20700675 22.00166795 46.02501704 26.55578305 20.5462755
 21.54085061]
[23.49160945 27.65815945 24.31216279 27.44695421 27.84099481 27.90403108
 27.02921234 25.20700675 22.00166795 46.02501704 26.55578305 20.5462755
 21.54085061]
<<<<<<< HEAD
4.143406631538383 0.9379263877849953 62.628714831139256
val isze = 0
idinces = [ 3  7 11  6  8  2 12  5 10  1  0  4  9]
=======
2.1208428033228492 7.242672844432989 68.02347045306335
val isze = 0
idinces = [ 4  6  2  1  3 12 10  0  9 11  7  5  8]
reduced chi^2 level 2 = 0.4701211750507355
Constrained alpha: 2.478311061859131
Constrained beta: 5.8231682777404785
Constrained gamma: 56.80022048950195
>>>>>>> bf5bffb69ec4a318117f0a4aa6bdaab926d87e87
(1, 13)
(1, 0)
data before
[ 0.00000000e+00  0.00000000e+00  0.00000000e+00  0.00000000e+00
  0.00000000e+00  0.00000000e+00  0.00000000e+00  0.00000000e+00
  0.00000000e+00  0.00000000e+00  2.48877310e-05  7.47631389e-04
  2.18234516e-02  1.91699577e-01  5.12937393e-01  9.43780682e-01
  1.56189578e+00  2.51692528e+00  3.67624880e+00  5.63534866e+00
  8.43017731e+00  1.14283292e+01  1.62298302e+01  2.43121628e+01
  2.74469542e+01  2.78409948e+01  2.79040311e+01  2.70292123e+01
  2.52070068e+01  2.20016679e+01  1.76629582e+01  1.27906567e+01
  8.15789484e+00  4.49907069e+00  2.03325559e+00  6.93542815e-01
  1.56041644e-01  3.16052534e-02 -8.77655367e-06  0.00000000e+00
  0.00000000e+00]
9
data after
[23.491609450001118, 27.65815944666594, 24.31216278621167, 27.446954207054972, 27.84099481357336, 27.904031083468794, 27.029212343204467, 25.207006754561217, 22.001667945056557, 46.02501703849734]
8
data,sig_tot
[23.49160945 27.65815945 24.31216279 27.44695421 27.84099481 27.90403108
 27.02921234 25.20700675 22.00166795 46.02501704 26.55578305 20.5462755
 21.54085061]
[23.49160945 27.65815945 24.31216279 27.44695421 27.84099481 27.90403108
 27.02921234 25.20700675 22.00166795 46.02501704 26.55578305 20.5462755
 21.54085061]
<<<<<<< HEAD
4.143406631538383 0.9379263877849953 62.628714831139256
val isze = 0
idinces = [ 3  7 11  6  8  2 12  5 10  1  0  4  9]
training loss = 20.812360763549805 500
training loss = 19.90365982055664 1000
training loss = 18.36868667602539 1500
training loss = 10.547645568847656 2000
training loss = 2.675083637237549 2500
training loss = 2.1146111488342285 3000
training loss = 1.7013729810714722 3500
training loss = 1.3988897800445557 4000
training loss = 1.231108546257019 4500
training loss = 1.1624733209609985 5000
training loss = 1.1310995817184448 5500
training loss = 1.1011810302734375 6000
training loss = 1.0619354248046875 6500
training loss = 1.0100393295288086 7000
reduced chi^2 level 2 = 1.0099215507507324
Constrained alpha: 3.687117576599121
Constrained beta: 1.3922145366668701
Constrained gamma: 62.09202194213867
=======
4.178582538230802 13.716085257762774 0.86171106094447
val isze = 0
idinces = [ 0  9 10 11  3  7  1  8  5  2 12  6  4]
training loss = 0.9600127935409546 500
training loss = 0.8886650800704956 1000
reduced chi^2 level 2 = 0.8914592266082764
Constrained alpha: 3.1078758239746094
Constrained beta: 1.909368634223938
Constrained gamma: 1.5997722148895264
>>>>>>> bf5bffb69ec4a318117f0a4aa6bdaab926d87e87
(1, 13)
(1, 0)
data before
[ 0.00000000e+00  0.00000000e+00  0.00000000e+00  0.00000000e+00
  0.00000000e+00  0.00000000e+00  0.00000000e+00  0.00000000e+00
  0.00000000e+00  0.00000000e+00  2.48877310e-05  7.47631389e-04
  2.18234516e-02  1.91699577e-01  5.12937393e-01  9.43780682e-01
  1.56189578e+00  2.51692528e+00  3.67624880e+00  5.63534866e+00
  8.43017731e+00  1.14283292e+01  1.62298302e+01  2.43121628e+01
  2.74469542e+01  2.78409948e+01  2.79040311e+01  2.70292123e+01
  2.52070068e+01  2.20016679e+01  1.76629582e+01  1.27906567e+01
  8.15789484e+00  4.49907069e+00  2.03325559e+00  6.93542815e-01
  1.56041644e-01  3.16052534e-02 -8.77655367e-06  0.00000000e+00
  0.00000000e+00]
9
data after
[23.491609450001118, 27.65815944666594, 24.31216278621167, 27.446954207054972, 27.84099481357336, 27.904031083468794, 27.029212343204467, 25.207006754561217, 22.001667945056557, 46.02501703849734]
8
data,sig_tot
[23.49160945 27.65815945 24.31216279 27.44695421 27.84099481 27.90403108
 27.02921234 25.20700675 22.00166795 46.02501704 26.55578305 20.5462755
 21.54085061]
[23.49160945 27.65815945 24.31216279 27.44695421 27.84099481 27.90403108
 27.02921234 25.20700675 22.00166795 46.02501704 26.55578305 20.5462755
 21.54085061]
<<<<<<< HEAD
4.143406631538383 0.9379263877849953 62.628714831139256
val isze = 0
idinces = [ 3  7 11  6  8  2 12  5 10  1  0  4  9]
training loss = 5.911429405212402 500
training loss = 4.228797912597656 1000
training loss = 3.2427351474761963 1500
training loss = 2.8506691455841064 2000
training loss = 2.4569084644317627 2500
training loss = 2.039370059967041 3000
training loss = 1.617819905281067 3500
training loss = 1.2785526514053345 4000
training loss = 1.1043425798416138 4500
training loss = 1.036553978919983 5000
training loss = 0.983293890953064 5500
training loss = 0.9181765913963318 6000
training loss = 0.8372778296470642 6500
training loss = 0.7386712431907654 7000
reduced chi^2 level 2 = 0.7384555339813232
Constrained alpha: 3.6986746788024902
Constrained beta: 1.373426079750061
Constrained gamma: 61.99839782714844
=======
0.26370919617734523 14.496682544701285 54.37322532107422
val isze = 0
idinces = [10  5  9  0  3 11  8  4 12  7  2  6  1]
training loss = 1.455111026763916 500
training loss = 0.8556962013244629 1000
training loss = 0.7303630709648132 1500
reduced chi^2 level 2 = 0.7327592372894287
Constrained alpha: 3.024266481399536
Constrained beta: 2.8572301864624023
Constrained gamma: 14.383454322814941
>>>>>>> bf5bffb69ec4a318117f0a4aa6bdaab926d87e87
(1, 13)
(1, 0)
