data before
[  123.53821875  1687.09225     3931.007       5805.83
  7320.7295      8397.556       9205.764       9750.013
 10053.568      10283.554      10289.437      10253.646
 10113.978       9972.364       9698.318       9319.854
  9141.636       8782.052       8503.543       8116.817
  7867.5755      7597.26        7233.451       6980.226
  6637.1315      6363.239       6137.5255      5886.869
  5546.464       5361.528       5073.998       4833.4815
  4638.7595      4433.336       4225.735       4008.93625
  3768.94975     3628.78175     3460.456       3312.60075
  3109.51575     2964.7855      2818.44625     2680.32325
  2512.092       2430.706       2303.77675     2157.72575
  2037.643125    1949.698125    1814.027       1696.907875
  1601.02225     1515.329       1432.62225     1327.16025
  1241.00225     1175.999375    1071.97275     1053.996625
   985.31875      932.5113125    836.206125     756.1414375
   718.0486875    662.0879375    610.0186875    575.774
   549.0010625    506.5071875    459.1523125    397.69971875
   374.03340625   339.9001875    327.42409375   301.01640625
   260.3458125    249.57698437   218.92410938   185.25320312
   173.0581875    155.60020313   137.42165625   126.54148437
   112.01871875    97.44910938    86.74976562    71.75148438
    65.67804688    54.57683594    52.30407031    47.96584375
    42.25255469    33.50196484    32.75308203    26.70411523
    23.12064258    17.3744668     15.87377344    13.51517188]
1
data after
[123.53821875, 1687.09225, 3931.007, 5805.83, 7320.7295, 8397.556, 9205.764000000001, 9750.013, 10053.568, 10283.554, 10289.437, 10253.646, 10113.978000000001, 9972.364, 9698.318, 9319.854, 9141.636, 8782.052, 8503.543, 8116.817, 7867.5755, 7597.26, 7233.451, 6980.226000000001, 6637.1315, 6363.2390000000005, 6137.5255, 5886.869, 5546.464, 5361.528, 5073.9980000000005, 4833.4815, 4638.7595, 4433.336, 4225.735, 4008.93625, 3768.94975, 3628.78175, 3460.456, 3312.60075, 3109.51575, 2964.7855, 2818.44625, 2680.32325, 2512.092, 2430.706, 2303.77675, 2157.72575, 2037.643125, 1949.6981250000001, 1814.027, 1696.907875, 1601.02225, 1515.329, 1432.6222500000001, 1327.1602500000001, 1241.00225, 1175.999375, 1071.9727500000001, 1053.996625, 985.31875, 932.5113125, 836.206125, 756.1414375, 718.0486875, 662.0879375000001, 610.0186875, 575.774, 549.0010625, 506.5071875, 459.1523125, 397.69971875, 374.03340625, 339.9001875, 327.42409375, 301.01640625, 260.3458125, 249.576984375, 218.924109375, 185.253203125, 173.0581875, 155.600203125, 137.42165625, 126.541484375, 112.01871875, 97.449109375, 86.749765625, 71.751484375, 65.678046875, 54.5768359375, 52.3040703125, 47.96584375, 42.2525546875, 33.50196484375, 32.75308203125, 26.704115234375, 23.120642578125, 46.763412109375004]
5
data,sig_tot
[  123.53821875  1687.09225     3931.007       5805.83
  7320.7295      8397.556       9205.764       9750.013
 10053.568      10283.554      10289.437      10253.646
 10113.978       9972.364       9698.318       9319.854
  9141.636       8782.052       8503.543       8116.817
  7867.5755      7597.26        7233.451       6980.226
  6637.1315      6363.239       6137.5255      5886.869
  5546.464       5361.528       5073.998       4833.4815
  4638.7595      4433.336       4225.735       4008.93625
  3768.94975     3628.78175     3460.456       3312.60075
  3109.51575     2964.7855      2818.44625     2680.32325
  2512.092       2430.706       2303.77675     2157.72575
  2037.643125    1949.698125    1814.027       1696.907875
  1601.02225     1515.329       1432.62225     1327.16025
  1241.00225     1175.999375    1071.97275     1053.996625
   985.31875      932.5113125    836.206125     756.1414375
   718.0486875    662.0879375    610.0186875    575.774
   549.0010625    506.5071875    459.1523125    397.69971875
   374.03340625   339.9001875    327.42409375   301.01640625
   260.3458125    249.57698437   218.92410938   185.25320312
   173.0581875    155.60020313   137.42165625   126.54148437
   112.01871875    97.44910938    86.74976562    71.75148438
    65.67804688    54.57683594    52.30407031    47.96584375
    42.25255469    33.50196484    32.75308203    26.70411523
    23.12064258    46.76341211    37.08021094   604.5376875
  1485.823       2207.084       2740.10575     3058.73875
  3257.223       3365.107       3366.8415      3325.63
  3220.09575     3108.58225     2994.3895      2824.508
  2640.44625     2524.75025     2386.688       2237.34225
  2059.44375     1934.4915      1820.82225     1699.622125
  1570.96675     1470.871625    1370.92675     1263.364
  1177.95225     1091.5         1012.735875     947.5715
   872.0946875    807.5365625    741.9499375    707.9255625
   644.30875      609.9760625    553.0299375    511.46115625
   477.37471875   429.04990625   407.714        367.856125
   351.891125     319.40621875   289.17703125   271.9073125
   234.70846875   225.49604688   209.15226563   194.63089063
   181.18803125   159.83942187   147.53017188   133.24351563
   119.29732031   113.53435938   102.60972656    88.724625
    86.33452344    79.86203125    68.30251562    58.82129688
    58.91789453    52.07051562    47.35830078    42.57382031
    42.03540234    33.16805859    32.71565039    30.56263477
    28.07656641    22.17194141    21.37577148    33.12608008
    28.32276758    23.26878223    23.81528174    22.42724756
    24.84917944]
[  123.53821875  1687.09225     3931.007       5805.83
  7320.7295      8397.556       9205.764       9750.013
 10053.568      10283.554      10289.437      10253.646
 10113.978       9972.364       9698.318       9319.854
  9141.636       8782.052       8503.543       8116.817
  7867.5755      7597.26        7233.451       6980.226
  6637.1315      6363.239       6137.5255      5886.869
  5546.464       5361.528       5073.998       4833.4815
  4638.7595      4433.336       4225.735       4008.93625
  3768.94975     3628.78175     3460.456       3312.60075
  3109.51575     2964.7855      2818.44625     2680.32325
  2512.092       2430.706       2303.77675     2157.72575
  2037.643125    1949.698125    1814.027       1696.907875
  1601.02225     1515.329       1432.62225     1327.16025
  1241.00225     1175.999375    1071.97275     1053.996625
   985.31875      932.5113125    836.206125     756.1414375
   718.0486875    662.0879375    610.0186875    575.774
   549.0010625    506.5071875    459.1523125    397.69971875
   374.03340625   339.9001875    327.42409375   301.01640625
   260.3458125    249.57698438   218.92410938   185.25320312
   173.0581875    155.60020313   137.42165625   126.54148438
   112.01871875    97.44910938    86.74976563    71.75148437
    65.67804687    54.57683594    52.30407031    47.96584375
    42.25255469    33.50196484    32.75308203    26.70411523
    23.12064258    46.76341211    37.08021094   604.5376875
  1485.823       2207.084       2740.10575     3058.73875
  3257.223       3365.107       3366.8415      3325.63
  3220.09575     3108.58225     2994.3895      2824.508
  2640.44625     2524.75025     2386.688       2237.34225
  2059.44375     1934.4915      1820.82225     1699.622125
  1570.96675     1470.871625    1370.92675     1263.364
  1177.95225     1091.5         1012.735875     947.5715
   872.0946875    807.5365625    741.9499375    707.9255625
   644.30875      609.9760625    553.0299375    511.46115625
   477.37471875   429.04990625   407.714        367.856125
   351.891125     319.40621875   289.17703125   271.9073125
   234.70846875   225.49604688   209.15226563   194.63089063
   181.18803125   159.83942187   147.53017188   133.24351563
   119.29732031   113.53435938   102.60972656    88.724625
    86.33452344    79.86203125    68.30251562    58.82129687
    58.91789453    52.07051563    47.35830078    42.57382031
    42.03540234    33.16805859    32.71565039    30.56263477
    28.07656641    22.17194141    21.37577148    33.12608008
    28.32276758    23.26878223    23.81528174    22.42724756
    24.84917944]
0.16593513388525383 13.691258678474313 7.334214086026325
val isze = 17
idinces = [ 69 103  20 116  56  97 117  39 171  10  19  66  55  61 102  59  83  78
 110 163   1 160  47  49  67 136  68 133  60  76 170 169  70 167 124  26
  95  91  24 109 121  21 175  63  58  99 144  81  87  43 150 120 138  35
 173  82   2 114 153  38  52 142 176 146 148 101  80  72 145  98  41  32
 105  48  25  53  90 149  51  14 162  29   3  23 131 165  37 166 164  45
 111 134  42  79 143 155 119 147  12 127  22  85   6 106 112 135 132 104
  34 152 108  50 168 130 129   4   5  44 128  96  84 154  28  75   7  46
  17  11 158  71 118 137 174  74  94 151  93  18  27  36  57  31  65 140
  89  30  86  92 141 126  13  77 159 161  33  62 122 107  88  54 139 100
  16 115  40   0  73   8 172 157 156 123 113  64  15 125   9]
we are doing training validation split
training loss = 7.482509136199951 500
val loss = 5.832157611846924
training loss = 7.30354642868042 1000
val loss = 5.787262916564941
training loss = 7.0558180809021 1500
val loss = 5.7138214111328125
training loss = 6.756707191467285 2000
val loss = 5.62399959564209
training loss = 6.440770626068115 2500
val loss = 5.526484489440918
training loss = 6.166380882263184 3000
val loss = 5.437582492828369
training loss = 5.993648052215576 3500
val loss = 5.37639045715332
training loss = 5.928674221038818 4000
val loss = 5.348409175872803
training loss = 6.39684534072876 4500
val loss = 4.332390308380127
training loss = 6.188687324523926 5000
val loss = 4.472539901733398
training loss = 5.916688919067383 5500
val loss = 5.32107400894165
training loss = 5.916300296783447 6000
val loss = 5.361417770385742
training loss = 5.915716648101807 6500
val loss = 5.338237285614014
training loss = 5.915278434753418 7000
val loss = 5.353609085083008
training loss = 5.918663024902344 7500
val loss = 5.194152355194092
training loss = 5.932591438293457 8000
val loss = 5.68688440322876
training loss = 5.999301433563232 8500
val loss = 4.755230903625488
training loss = 5.913209438323975 9000
val loss = 5.343462944030762
training loss = 6.376978874206543 9500
val loss = 7.531607151031494
training loss = 5.9185709953308105 10000
val loss = 5.151882171630859
training loss = 5.911445140838623 10500
val loss = 5.338911056518555
training loss = 5.91306209564209 11000
val loss = 5.223984718322754
training loss = 5.913331985473633 11500
val loss = 5.468873023986816
training loss = 5.909631252288818 12000
val loss = 5.298367023468018
training loss = 5.908824443817139 12500
val loss = 5.297067165374756
training loss = 5.938699245452881 13000
val loss = 5.780306816101074
training loss = 5.913333415985107 13500
val loss = 5.143856525421143
training loss = 5.910861492156982 14000
val loss = 5.505091190338135
training loss = 5.905578136444092 14500
val loss = 5.243898391723633
training loss = 5.905241012573242 15000
val loss = 5.21099853515625
training loss = 5.9013519287109375 15500
val loss = 5.37399435043335
training loss = 5.901443958282471 16000
val loss = 5.447754859924316
training loss = 6.017764568328857 16500
val loss = 6.296179294586182
training loss = 6.135226726531982 17000
val loss = 4.467757225036621
training loss = 5.889503002166748 17500
val loss = 5.412947654724121
training loss = 5.882946014404297 18000
val loss = 5.197659969329834
training loss = 5.872281074523926 18500
val loss = 5.352672576904297
training loss = 5.859361171722412 19000
val loss = 5.403715133666992
training loss = 5.825973033905029 19500
val loss = 5.259121417999268
training loss = 5.7421650886535645 20000
val loss = 4.936990261077881
training loss = 4.791323184967041 20500
val loss = 3.642022132873535
training loss = 2.467538833618164 21000
val loss = 1.6867817640304565
training loss = 2.410198211669922 21500
val loss = 1.510084867477417
training loss = 2.5748066902160645 22000
val loss = 1.5798441171646118
training loss = 2.3009068965911865 22500
val loss = 1.5816320180892944
training loss = 2.289691925048828 23000
val loss = 1.5876309871673584
training loss = 2.2803730964660645 23500
val loss = 1.594439148902893
training loss = 2.271735429763794 24000
val loss = 1.6022740602493286
training loss = 2.263254404067993 24500
val loss = 1.609732747077942
training loss = 2.3130974769592285 25000
val loss = 1.5278879404067993
training loss = 2.246913194656372 25500
val loss = 1.6234776973724365
training loss = 2.2464704513549805 26000
val loss = 1.6918307542800903
training loss = 2.231590509414673 26500
val loss = 1.6380337476730347
training loss = 2.2242958545684814 27000
val loss = 1.6446219682693481
reduced chi^2 level 2 = 2.2201988697052
Constrained alpha: 2.8618438243865967
Constrained beta: 6.755743503570557
Constrained gamma: 8.984602928161621
(1, 160)
(1, 17)
