data before
[  123.53821875  1687.09225     3931.007       5805.83
  7320.7295      8397.556       9205.764       9750.013
 10053.568      10283.554      10289.437      10253.646
 10113.978       9972.364       9698.318       9319.854
  9141.636       8782.052       8503.543       8116.817
  7867.5755      7597.26        7233.451       6980.226
  6637.1315      6363.239       6137.5255      5886.869
  5546.464       5361.528       5073.998       4833.4815
  4638.7595      4433.336       4225.735       4008.93625
  3768.94975     3628.78175     3460.456       3312.60075
  3109.51575     2964.7855      2818.44625     2680.32325
  2512.092       2430.706       2303.77675     2157.72575
  2037.643125    1949.698125    1814.027       1696.907875
  1601.02225     1515.329       1432.62225     1327.16025
  1241.00225     1175.999375    1071.97275     1053.996625
   985.31875      932.5113125    836.206125     756.1414375
   718.0486875    662.0879375    610.0186875    575.774
   549.0010625    506.5071875    459.1523125    397.69971875
   374.03340625   339.9001875    327.42409375   301.01640625
   260.3458125    249.57698437   218.92410938   185.25320312
   173.0581875    155.60020313   137.42165625   126.54148437
   112.01871875    97.44910938    86.74976562    71.75148438
    65.67804688    54.57683594    52.30407031    47.96584375
    42.25255469    33.50196484    32.75308203    26.70411523
    23.12064258    17.3744668     15.87377344    13.51517188]
1
data after
[123.53821875, 1687.09225, 3931.007, 5805.83, 7320.7295, 8397.556, 9205.764000000001, 9750.013, 10053.568, 10283.554, 10289.437, 10253.646, 10113.978000000001, 9972.364, 9698.318, 9319.854, 9141.636, 8782.052, 8503.543, 8116.817, 7867.5755, 7597.26, 7233.451, 6980.226000000001, 6637.1315, 6363.2390000000005, 6137.5255, 5886.869, 5546.464, 5361.528, 5073.9980000000005, 4833.4815, 4638.7595, 4433.336, 4225.735, 4008.93625, 3768.94975, 3628.78175, 3460.456, 3312.60075, 3109.51575, 2964.7855, 2818.44625, 2680.32325, 2512.092, 2430.706, 2303.77675, 2157.72575, 2037.643125, 1949.6981250000001, 1814.027, 1696.907875, 1601.02225, 1515.329, 1432.6222500000001, 1327.1602500000001, 1241.00225, 1175.999375, 1071.9727500000001, 1053.996625, 985.31875, 932.5113125, 836.206125, 756.1414375, 718.0486875, 662.0879375000001, 610.0186875, 575.774, 549.0010625, 506.5071875, 459.1523125, 397.69971875, 374.03340625, 339.9001875, 327.42409375, 301.01640625, 260.3458125, 249.576984375, 218.924109375, 185.253203125, 173.0581875, 155.600203125, 137.42165625, 126.541484375, 112.01871875, 97.449109375, 86.749765625, 71.751484375, 65.678046875, 54.5768359375, 52.3040703125, 47.96584375, 42.2525546875, 33.50196484375, 32.75308203125, 26.704115234375, 23.120642578125, 46.763412109375004]
5
data,sig_tot
[  123.53821875  1687.09225     3931.007       5805.83
  7320.7295      8397.556       9205.764       9750.013
 10053.568      10283.554      10289.437      10253.646
 10113.978       9972.364       9698.318       9319.854
  9141.636       8782.052       8503.543       8116.817
  7867.5755      7597.26        7233.451       6980.226
  6637.1315      6363.239       6137.5255      5886.869
  5546.464       5361.528       5073.998       4833.4815
  4638.7595      4433.336       4225.735       4008.93625
  3768.94975     3628.78175     3460.456       3312.60075
  3109.51575     2964.7855      2818.44625     2680.32325
  2512.092       2430.706       2303.77675     2157.72575
  2037.643125    1949.698125    1814.027       1696.907875
  1601.02225     1515.329       1432.62225     1327.16025
  1241.00225     1175.999375    1071.97275     1053.996625
   985.31875      932.5113125    836.206125     756.1414375
   718.0486875    662.0879375    610.0186875    575.774
   549.0010625    506.5071875    459.1523125    397.69971875
   374.03340625   339.9001875    327.42409375   301.01640625
   260.3458125    249.57698437   218.92410938   185.25320312
   173.0581875    155.60020313   137.42165625   126.54148437
   112.01871875    97.44910938    86.74976562    71.75148438
    65.67804688    54.57683594    52.30407031    47.96584375
    42.25255469    33.50196484    32.75308203    26.70411523
    23.12064258    46.76341211    37.08021094   604.5376875
  1485.823       2207.084       2740.10575     3058.73875
  3257.223       3365.107       3366.8415      3325.63
  3220.09575     3108.58225     2994.3895      2824.508
  2640.44625     2524.75025     2386.688       2237.34225
  2059.44375     1934.4915      1820.82225     1699.622125
  1570.96675     1470.871625    1370.92675     1263.364
  1177.95225     1091.5         1012.735875     947.5715
   872.0946875    807.5365625    741.9499375    707.9255625
   644.30875      609.9760625    553.0299375    511.46115625
   477.37471875   429.04990625   407.714        367.856125
   351.891125     319.40621875   289.17703125   271.9073125
   234.70846875   225.49604688   209.15226563   194.63089063
   181.18803125   159.83942187   147.53017188   133.24351563
   119.29732031   113.53435938   102.60972656    88.724625
    86.33452344    79.86203125    68.30251562    58.82129688
    58.91789453    52.07051562    47.35830078    42.57382031
    42.03540234    33.16805859    32.71565039    30.56263477
    28.07656641    22.17194141    21.37577148    33.12608008
    28.32276758    23.26878223    23.81528174    22.42724756
    24.84917944]
[  123.53821875  1687.09225     3931.007       5805.83
  7320.7295      8397.556       9205.764       9750.013
 10053.568      10283.554      10289.437      10253.646
 10113.978       9972.364       9698.318       9319.854
  9141.636       8782.052       8503.543       8116.817
  7867.5755      7597.26        7233.451       6980.226
  6637.1315      6363.239       6137.5255      5886.869
  5546.464       5361.528       5073.998       4833.4815
  4638.7595      4433.336       4225.735       4008.93625
  3768.94975     3628.78175     3460.456       3312.60075
  3109.51575     2964.7855      2818.44625     2680.32325
  2512.092       2430.706       2303.77675     2157.72575
  2037.643125    1949.698125    1814.027       1696.907875
  1601.02225     1515.329       1432.62225     1327.16025
  1241.00225     1175.999375    1071.97275     1053.996625
   985.31875      932.5113125    836.206125     756.1414375
   718.0486875    662.0879375    610.0186875    575.774
   549.0010625    506.5071875    459.1523125    397.69971875
   374.03340625   339.9001875    327.42409375   301.01640625
   260.3458125    249.57698438   218.92410938   185.25320312
   173.0581875    155.60020313   137.42165625   126.54148438
   112.01871875    97.44910938    86.74976563    71.75148437
    65.67804687    54.57683594    52.30407031    47.96584375
    42.25255469    33.50196484    32.75308203    26.70411523
    23.12064258    46.76341211    37.08021094   604.5376875
  1485.823       2207.084       2740.10575     3058.73875
  3257.223       3365.107       3366.8415      3325.63
  3220.09575     3108.58225     2994.3895      2824.508
  2640.44625     2524.75025     2386.688       2237.34225
  2059.44375     1934.4915      1820.82225     1699.622125
  1570.96675     1470.871625    1370.92675     1263.364
  1177.95225     1091.5         1012.735875     947.5715
   872.0946875    807.5365625    741.9499375    707.9255625
   644.30875      609.9760625    553.0299375    511.46115625
   477.37471875   429.04990625   407.714        367.856125
   351.891125     319.40621875   289.17703125   271.9073125
   234.70846875   225.49604688   209.15226563   194.63089063
   181.18803125   159.83942187   147.53017188   133.24351563
   119.29732031   113.53435938   102.60972656    88.724625
    86.33452344    79.86203125    68.30251562    58.82129687
    58.91789453    52.07051563    47.35830078    42.57382031
    42.03540234    33.16805859    32.71565039    30.56263477
    28.07656641    22.17194141    21.37577148    33.12608008
    28.32276758    23.26878223    23.81528174    22.42724756
    24.84917944]
3.996915563025473 15.715098005493752 22.35280340416462
val isze = 17
idinces = [ 69 103  20 116  56  97 117  39 171  10  19  66  55  61 102  59  83  78
 110 163   1 160  47  49  67 136  68 133  60  76 170 169  70 167 124  26
  95  91  24 109 121  21 175  63  58  99 144  81  87  43 150 120 138  35
 173  82   2 114 153  38  52 142 176 146 148 101  80  72 145  98  41  32
 105  48  25  53  90 149  51  14 162  29   3  23 131 165  37 166 164  45
 111 134  42  79 143 155 119 147  12 127  22  85   6 106 112 135 132 104
  34 152 108  50 168 130 129   4   5  44 128  96  84 154  28  75   7  46
  17  11 158  71 118 137 174  74  94 151  93  18  27  36  57  31  65 140
  89  30  86  92 141 126  13  77 159 161  33  62 122 107  88  54 139 100
  16 115  40   0  73   8 172 157 156 123 113  64  15 125   9]
we are doing training validation split
training loss = 5.6693115234375 500
val loss = 6.63347864151001
training loss = 5.436521053314209 1000
val loss = 6.662919998168945
training loss = 5.257577419281006 1500
val loss = 6.706300258636475
training loss = 5.146462917327881 2000
val loss = 6.752021312713623
training loss = 5.084990978240967 2500
val loss = 6.788420677185059
training loss = 5.050229549407959 3000
val loss = 6.807202339172363
training loss = 5.021737575531006 3500
val loss = 6.8001017570495605
training loss = 2.6265881061553955 4000
val loss = 2.0361833572387695
training loss = 2.085222005844116 4500
val loss = 1.9239494800567627
training loss = 2.0637216567993164 5000
val loss = 1.9387552738189697
training loss = 2.0486810207366943 5500
val loss = 1.9364171028137207
training loss = 2.0354347229003906 6000
val loss = 1.9232141971588135
training loss = 2.0233631134033203 6500
val loss = 1.9214322566986084
training loss = 2.014915943145752 7000
val loss = 1.9572641849517822
training loss = 2.026648759841919 7500
val loss = 2.0485546588897705
training loss = 1.9953259229660034 8000
val loss = 1.904533863067627
training loss = 1.988420844078064 8500
val loss = 1.8988333940505981
training loss = 1.9826511144638062 9000
val loss = 1.8936516046524048
training loss = 1.977792739868164 9500
val loss = 1.8880188465118408
training loss = 1.973576545715332 10000
val loss = 1.8833991289138794
training loss = 1.9699875116348267 10500
val loss = 1.8786906003952026
training loss = 1.9668766260147095 11000
val loss = 1.8742380142211914
training loss = 1.9642047882080078 11500
val loss = 1.8712409734725952
training loss = 2.7412288188934326 12000
val loss = 3.4412851333618164
training loss = 2.066887617111206 12500
val loss = 1.7773864269256592
training loss = 1.9600471258163452 13000
val loss = 1.8370271921157837
training loss = 1.9566090106964111 13500
val loss = 1.8588005304336548
training loss = 1.9554497003555298 14000
val loss = 1.8610354661941528
training loss = 1.9543859958648682 14500
val loss = 1.8511357307434082
training loss = 1.9534835815429688 15000
val loss = 1.849310278892517
training loss = 1.9544233083724976 15500
val loss = 1.8200072050094604
training loss = 1.9655166864395142 16000
val loss = 1.9425427913665771
training loss = 1.9622833728790283 16500
val loss = 1.7876919507980347
training loss = 1.9510185718536377 17000
val loss = 1.8470427989959717
training loss = 2.1212642192840576 17500
val loss = 1.803222894668579
training loss = 1.9504047632217407 18000
val loss = 1.8459467887878418
training loss = 1.9499857425689697 18500
val loss = 1.8406684398651123
training loss = 1.9531891345977783 19000
val loss = 1.8788772821426392
training loss = 1.9505668878555298 19500
val loss = 1.8697298765182495
training loss = 1.9470226764678955 20000
val loss = 1.8386871814727783
training loss = 1.9519191980361938 20500
val loss = 1.8940160274505615
training loss = 1.9459713697433472 21000
val loss = 1.828919529914856
training loss = 1.945593237876892 21500
val loss = 1.8242301940917969
training loss = 2.3238842487335205 22000
val loss = 2.7148518562316895
training loss = 1.9451979398727417 22500
val loss = 1.8142428398132324
training loss = 1.9423011541366577 23000
val loss = 1.8269153833389282
training loss = 1.9393459558486938 23500
val loss = 1.8530675172805786
training loss = 1.9372233152389526 24000
val loss = 1.8396005630493164
training loss = 1.936218500137329 24500
val loss = 1.845463752746582
training loss = 2.0789880752563477 25000
val loss = 2.260258674621582
training loss = 1.9350098371505737 25500
val loss = 1.8534091711044312
training loss = 1.9335850477218628 26000
val loss = 1.8369140625
training loss = 1.9531322717666626 26500
val loss = 1.952288269996643
training loss = 1.9322378635406494 27000
val loss = 1.826335072517395
reduced chi^2 level 2 = 1.9363735914230347
Constrained alpha: 2.7166552543640137
Constrained beta: 6.587140083312988
Constrained gamma: 13.669079780578613
(1, 160)
(1, 17)
