data before
[0.00000000e+00 0.00000000e+00 0.00000000e+00 0.00000000e+00
 0.00000000e+00 0.00000000e+00 0.00000000e+00 0.00000000e+00
 0.00000000e+00 0.00000000e+00 0.00000000e+00 0.00000000e+00
 0.00000000e+00 0.00000000e+00 0.00000000e+00 0.00000000e+00
 0.00000000e+00 0.00000000e+00 0.00000000e+00 0.00000000e+00
 0.00000000e+00 0.00000000e+00 0.00000000e+00 0.00000000e+00
 0.00000000e+00 0.00000000e+00 0.00000000e+00 0.00000000e+00
 0.00000000e+00 0.00000000e+00 0.00000000e+00 0.00000000e+00
 0.00000000e+00 0.00000000e+00 0.00000000e+00 0.00000000e+00
 0.00000000e+00 0.00000000e+00 0.00000000e+00 0.00000000e+00
 0.00000000e+00 0.00000000e+00 0.00000000e+00 0.00000000e+00
 0.00000000e+00 0.00000000e+00 0.00000000e+00 0.00000000e+00
 0.00000000e+00 0.00000000e+00 0.00000000e+00 0.00000000e+00
 0.00000000e+00 0.00000000e+00 0.00000000e+00 0.00000000e+00
 0.00000000e+00 0.00000000e+00 0.00000000e+00 0.00000000e+00
 0.00000000e+00 0.00000000e+00 0.00000000e+00 0.00000000e+00
 0.00000000e+00 0.00000000e+00 0.00000000e+00 0.00000000e+00
 0.00000000e+00 0.00000000e+00 0.00000000e+00 0.00000000e+00
 0.00000000e+00 0.00000000e+00 0.00000000e+00 0.00000000e+00
 0.00000000e+00 0.00000000e+00 0.00000000e+00 0.00000000e+00
 0.00000000e+00 0.00000000e+00 0.00000000e+00 0.00000000e+00
 0.00000000e+00 0.00000000e+00 0.00000000e+00 0.00000000e+00
 0.00000000e+00 0.00000000e+00 0.00000000e+00 0.00000000e+00
 0.00000000e+00 0.00000000e+00 0.00000000e+00 0.00000000e+00
 0.00000000e+00 0.00000000e+00 0.00000000e+00 0.00000000e+00
 0.00000000e+00 0.00000000e+00 0.00000000e+00 6.55294733e-01
 7.90409071e+00 2.42976510e+01 4.55699629e+01 7.25604069e+01
 1.05567696e+02 1.51521116e+02 2.06830548e+02 2.58238025e+02
 3.20378130e+02 3.99249728e+02 4.94319794e+02 5.94994644e+02
 7.27496691e+02 8.63320423e+02 1.02416651e+03 1.17198339e+03
 1.33313811e+03 1.54726190e+03 1.70794348e+03 1.93522424e+03
 2.21733829e+03 2.55388767e+03 2.83271365e+03 3.23104328e+03
 3.57825734e+03 3.91894252e+03 4.26555487e+03 4.64713369e+03
 5.00279513e+03 5.38430188e+03 5.83332025e+03 6.08622411e+03
 6.45766876e+03 6.84396900e+03 7.14388141e+03 7.60227526e+03
 7.95316990e+03 8.33925542e+03 8.86131725e+03 9.13727161e+03
 9.54367395e+03 9.97155398e+03 1.03335414e+04 1.07561055e+04
 1.10347397e+04 1.12566993e+04 1.15763847e+04 1.18424419e+04
 1.21035002e+04 1.23393642e+04 1.25590929e+04 1.28173238e+04
 1.30698593e+04 1.31733489e+04 1.32717708e+04 1.33305336e+04
 1.33056044e+04 1.33330915e+04 1.33694076e+04 1.32438369e+04
 1.32063925e+04 1.30316985e+04 1.27263645e+04 1.23819137e+04
 1.19167733e+04 1.16735006e+04 1.11294843e+04 1.06040902e+04
 9.94924319e+03 9.13002103e+03 8.35736741e+03 7.66651553e+03
 7.08048337e+03 6.54047627e+03 5.66405614e+03 4.89084651e+03
 3.92158442e+03 2.86297523e+03 2.22490645e+03 2.04685856e+03
 1.86394574e+03 1.46977262e+03 1.12936328e+03 8.24722698e+02
 4.19489382e+02 8.29744905e+02 3.96215212e+02 0.00000000e+00
 0.00000000e+00 0.00000000e+00 0.00000000e+00 0.00000000e+00
 0.00000000e+00 0.00000000e+00 0.00000000e+00 0.00000000e+00
 0.00000000e+00]
10
data after
[32.85703648368005, 45.56996290983587, 72.56040690101834, 105.56769629143706, 151.52111554482175, 206.83054791167032, 258.23802537814134, 320.3781304216807, 399.24972803907895, 494.31979410767576, 594.994643963221, 727.4966911467282, 863.3204227345719, 1024.1665122204122, 1171.983393067482, 1333.13811139944, 1547.2618970412118, 1707.943480834235, 1935.2242388838195, 2217.3382858623486, 2553.8876668817256, 2832.7136512604975, 3231.0432796742302, 3578.2573424033003, 3918.9425202860066, 4265.5548665575, 4647.133687305969, 5002.795133053905, 5384.301877339199, 5833.3202476781535, 6086.2241111145395, 6457.668757648834, 6843.969002018067, 7143.881407983953, 7602.275263870939, 7953.1698991240255, 8339.255415049201, 8861.317246321312, 9137.271606634245, 9543.673954743279, 9971.553982327461, 10333.541432052964, 10756.105511918444, 11034.739709641672, 11256.699263686703, 11576.384685393863, 11842.441890021346, 12103.500193953412, 12339.364233246837, 12559.092858854934, 12817.323814863928, 13069.859306049006, 13173.348882668737, 13271.770840869034, 13330.533639596079, 13305.604397692367, 13333.091458040806, 13369.407563125294, 13243.836873729248, 13206.392549149827, 13031.698528385696, 12726.364489820184, 12381.913733475563, 11916.773344593295, 11673.500552196292, 11129.484271376328, 10604.090211812301, 9949.24318666862, 9130.021030049813, 8357.367412563906, 7666.515528272911, 7080.48337292513, 6540.476265975244, 5664.056143173897, 4890.846506026083, 3921.584422400345, 2862.9752320758184, 2224.906445773149, 2046.8585606722468, 1863.9457439136377, 1469.7726202551955, 1129.3632788754462, 824.7226975590944, 419.4893823605671, 829.7449045538178, 396.21521165912645]
10
data,sig_tot
[   32.85703648    45.56996291    72.5604069    105.56769629
   151.52111554   206.83054791   258.23802538   320.37813042
   399.24972804   494.31979411   594.99464396   727.49669115
   863.32042273  1024.16651222  1171.98339307  1333.1381114
  1547.26189704  1707.94348083  1935.22423888  2217.33828586
  2553.88766688  2832.71365126  3231.04327967  3578.2573424
  3918.94252029  4265.55486656  4647.13368731  5002.79513305
  5384.30187734  5833.32024768  6086.22411111  6457.66875765
  6843.96900202  7143.88140798  7602.27526387  7953.16989912
  8339.25541505  8861.31724632  9137.27160663  9543.67395474
  9971.55398233 10333.54143205 10756.10551192 11034.73970964
 11256.69926369 11576.38468539 11842.44189002 12103.50019395
 12339.36423325 12559.09285885 12817.32381486 13069.85930605
 13173.34888267 13271.77084087 13330.5336396  13305.60439769
 13333.09145804 13369.40756313 13243.83687373 13206.39254915
 13031.69852839 12726.36448982 12381.91373348 11916.77334459
 11673.5005522  11129.48427138 10604.09021181  9949.24318667
  9130.02103005  8357.36741256  7666.51552827  7080.48337293
  6540.47626598  5664.05614317  4890.84650603  3921.5844224
  2862.97523208  2224.90644577  2046.85856067  1863.94574391
  1469.77262026  1129.36327888   824.72269756   419.48938236
   829.74490455   396.21521166    35.41736587    35.18856945
    52.74313571    75.37072507    98.2599458    122.97739655
   143.5616918    177.41890815   207.23480936   238.02278078
   275.70978621   314.71059228   357.2666347    398.81901597
   453.22227205   508.05077479   577.09094246   651.82146621
   720.09198402   814.19954826   898.2508996    965.75795777
  1057.16911666  1127.41371882  1225.58813911  1298.91171438
  1372.69813971  1476.79558919  1546.90408897  1651.38484174
  1776.10605121  1838.06961554  1957.12059286  2068.17513021
  2146.51804183  2261.50321205  2340.59327094  2447.919175
  2520.41591892  2637.46365425  2754.55566602  2793.3596855
  2865.6822287   2917.96319682  3006.94090346  3042.30491786
  3119.90418156  3136.52499555  3177.32128521  3210.65529194
  3213.80538533  3208.46562475  3182.14935912  3167.68521818
  3135.00207773  3084.84405535  3059.0213113   2989.6675572
  2891.82895916  2792.37758646  2672.60070468  2526.59929429
  2444.18080866  2339.13792265  2185.81688567  2014.16331558
  1817.80406024  1588.62241614  1431.89204928  1344.93417186
  1252.14834965  1094.30055995   930.64906653   745.70691471
   534.96629888   413.32785636   389.32346313   362.54558761
   291.04883292   229.11104748   176.24061865   104.08218907
   189.12518035    89.74344012]
[   32.85703648    45.56996291    72.5604069    105.56769629
   151.52111554   206.83054791   258.23802538   320.37813042
   399.24972804   494.31979411   594.99464396   727.49669115
   863.32042273  1024.16651222  1171.98339307  1333.1381114
  1547.26189704  1707.94348083  1935.22423888  2217.33828586
  2553.88766688  2832.71365126  3231.04327967  3578.2573424
  3918.94252029  4265.55486656  4647.13368731  5002.79513305
  5384.30187734  5833.32024768  6086.22411111  6457.66875765
  6843.96900202  7143.88140798  7602.27526387  7953.16989912
  8339.25541505  8861.31724632  9137.27160663  9543.67395474
  9971.55398233 10333.54143205 10756.10551192 11034.73970964
 11256.69926369 11576.38468539 11842.44189002 12103.50019395
 12339.36423325 12559.09285885 12817.32381486 13069.85930605
 13173.34888267 13271.77084087 13330.5336396  13305.60439769
 13333.09145804 13369.40756313 13243.83687373 13206.39254915
 13031.69852839 12726.36448982 12381.91373348 11916.77334459
 11673.5005522  11129.48427138 10604.09021181  9949.24318667
  9130.02103005  8357.36741256  7666.51552827  7080.48337293
  6540.47626598  5664.05614317  4890.84650603  3921.5844224
  2862.97523208  2224.90644577  2046.85856067  1863.94574391
  1469.77262026  1129.36327888   824.72269756   419.48938236
   829.74490455   396.21521166    35.41736587    35.18856945
    52.74313571    75.37072507    98.2599458    122.97739655
   143.5616918    177.41890815   207.23480936   238.02278078
   275.70978621   314.71059228   357.2666347    398.81901597
   453.22227205   508.05077479   577.09094246   651.82146621
   720.09198402   814.19954826   898.2508996    965.75795777
  1057.16911666  1127.41371882  1225.58813911  1298.91171438
  1372.69813971  1476.79558919  1546.90408897  1651.38484174
  1776.10605121  1838.06961554  1957.12059286  2068.17513021
  2146.51804183  2261.50321205  2340.59327094  2447.919175
  2520.41591892  2637.46365425  2754.55566602  2793.3596855
  2865.6822287   2917.96319682  3006.94090346  3042.30491786
  3119.90418156  3136.52499555  3177.32128521  3210.65529194
  3213.80538533  3208.46562475  3182.14935912  3167.68521818
  3135.00207773  3084.84405535  3059.0213113   2989.6675572
  2891.82895916  2792.37758646  2672.60070468  2526.59929429
  2444.18080866  2339.13792265  2185.81688567  2014.16331558
  1817.80406024  1588.62241614  1431.89204928  1344.93417186
  1252.14834965  1094.30055995   930.64906653   745.70691471
   534.96629888   413.32785636   389.32346313   362.54558761
   291.04883292   229.11104748   176.24061865   104.08218907
   189.12518035    89.74344012]
2.0133812316464716 14.62688737346414 4.736846014321506
val isze = 0
idinces = [ 52  43 133  19  67 108 110 140  10 130  97  83 105 103  59  58 161 102
  49  20  66 112 111  55  39 160 136 104  47  24 109   1  21 119  81 137
  91 143  76 132  35  56 124   2  63  90  38  70 149  78 135  95  60  98
  87 138  68 128  26  61  72  41 166  32  69  48  25  53  82 114  51  14
 155  29   3  23 127 158  37 159 162  45  99 153  42  79 134 148  12 163
  22  85   6 150 146 129 121  34 145  50 101 106 117   4   5  44 116  96
  84 147 168  75   7  46  17 142 164  71 118  80 131 167 169 151  74  28
  11 120  94 144  93  18  27  36  57  31  65  89  30  86  92 141 126  13
  77 152 154  33  62 122 107  88  54 139 100  16 115  40   0  73   8 165
 157 156 123 113  64  15 125   9]
training loss = 29.689298629760742 500
training loss = 26.304969787597656 1000
training loss = 24.76446533203125 1500
training loss = 23.757986068725586 2000
training loss = 23.01091957092285 2500
training loss = 22.295005798339844 3000
training loss = 21.875511169433594 3500
training loss = 21.36087989807129 4000
training loss = 11.461736679077148 4500
training loss = 5.939615726470947 5000
training loss = 5.097228527069092 5500
training loss = 4.603266716003418 6000
training loss = 4.41722297668457 6500
training loss = 4.38638973236084 7000
training loss = 4.3747334480285645 7500
training loss = 4.369756698608398 8000
training loss = 4.813939094543457 8500
training loss = 4.358003616333008 9000
training loss = 4.381292819976807 9500
training loss = 4.55769681930542 10000
training loss = 4.368937969207764 10500
training loss = 4.338823318481445 11000
training loss = 4.335694789886475 11500
training loss = 4.335291862487793 12000
training loss = 4.330034255981445 12500
training loss = 4.327377796173096 13000
training loss = 4.324936389923096 13500
training loss = 4.322509765625 14000
training loss = 4.320237159729004 14500
training loss = 4.318065643310547 15000
training loss = 4.316116809844971 15500
training loss = 5.033876895904541 16000
training loss = 4.416739463806152 16500
training loss = 4.310254096984863 17000
training loss = 4.365976810455322 17500
training loss = 4.306367874145508 18000
training loss = 4.304695129394531 18500
training loss = 4.3202900886535645 19000
training loss = 4.305037498474121 19500
training loss = 4.2997846603393555 20000
training loss = 4.323403835296631 20500
training loss = 4.317532062530518 21000
training loss = 4.309013843536377 21500
training loss = 4.297852993011475 22000
training loss = 4.29046630859375 22500
training loss = 4.288610935211182 23000
training loss = 4.286060333251953 23500
training loss = 4.284433364868164 24000
training loss = 4.245420932769775 24500
training loss = 4.196559906005859 25000
training loss = 4.160163402557373 25500
training loss = 4.569239616394043 26000
training loss = 4.062226295471191 26500
training loss = 3.986713171005249 27000
training loss = 3.893350124359131 27500
training loss = 3.687150478363037 28000
training loss = 3.5374066829681396 28500
training loss = 3.406369686126709 29000
training loss = 3.289693832397461 29500
training loss = 3.187474250793457 30000
(1, 170)
(1, 0)
