data before
[0.00000000e+00 0.00000000e+00 0.00000000e+00 0.00000000e+00
 0.00000000e+00 0.00000000e+00 0.00000000e+00 0.00000000e+00
 0.00000000e+00 0.00000000e+00 0.00000000e+00 0.00000000e+00
 0.00000000e+00 0.00000000e+00 0.00000000e+00 0.00000000e+00
 0.00000000e+00 0.00000000e+00 0.00000000e+00 0.00000000e+00
 1.46799802e+02 1.71244152e+02 1.94442367e+02 2.19306875e+02
 2.45109473e+02 2.64933613e+02 2.82582448e+02 2.93436476e+02
 2.94264412e+02 2.86403784e+02 2.66012275e+02 2.33533716e+02
 1.89644806e+02 1.36857619e+02 8.44545025e+01 4.12893716e+01
 1.54266343e+01 4.20306017e+00 5.74947567e-03 0.00000000e+00
 0.00000000e+00]
5
data after
[146.79980179369926, 171.24415227820398, 194.4423665789652, 219.30687526859285, 245.10947274261474, 264.93361281485556, 282.58244802782536, 293.4364757916212, 294.2644118719101, 286.4037838320434, 266.0122745940447, 233.53371600089073, 189.6448058155954, 136.8576188626945, 84.45450246306807, 60.924815512286884]
6
data,sig_tot
[146.79980179 171.24415228 194.44236658 219.30687527 245.10947274
 264.93361281 282.58244803 293.43647579 294.26441187 286.40378383
 266.01227459 233.533716   189.64480582 136.85761886  84.45450246
  60.92481551  24.13159832  29.66104225  35.90551312  42.85302783
  50.4685521   57.35813117  64.41219029  69.56607804  73.00502364
  73.25372788  69.37428395  61.12406266  49.32718552  35.24050714
  37.26188901]
[146.79980179 171.24415228 194.44236658 219.30687527 245.10947274
 264.93361281 282.58244803 293.43647579 294.26441187 286.40378383
 266.01227459 233.533716   189.64480582 136.85761886  84.45450246
  60.92481551  24.13159832  29.66104225  35.90551312  42.85302783
  50.4685521   57.35813117  64.41219029  69.56607804  73.00502364
  73.25372788  69.37428395  61.12406266  49.32718552  35.24050714
  37.26188901]
2.5007272885997223 3.711948681350372 11.319873166104044
val isze = 0
idinces = [16 19  7  4 26 14 17 27 30 28 23 24 22  8  0  9  5 13  1  6  2 15 20 10
  3 12 25 29 18 11 21]
training loss = 2.520345687866211 500
training loss = 2.18790602684021 1000
training loss = 1.0934607982635498 1500
training loss = 1.0756862163543701 2000
training loss = 1.0653437376022339 2500
training loss = 1.0582596063613892 3000
training loss = 1.0515353679656982 3500
training loss = 1.0395283699035645 4000
training loss = 1.0179327726364136 4500
training loss = 0.9385010004043579 5000
reduced chi^2 level 2 = 0.938490629196167
Constrained alpha: 2.419699192047119
Constrained beta: -0.02740550972521305
Constrained gamma: 4.171860218048096
(1, 31)
(1, 0)
data before
[0.00000000e+00 0.00000000e+00 0.00000000e+00 0.00000000e+00
 0.00000000e+00 0.00000000e+00 0.00000000e+00 0.00000000e+00
 0.00000000e+00 0.00000000e+00 0.00000000e+00 0.00000000e+00
 0.00000000e+00 0.00000000e+00 0.00000000e+00 0.00000000e+00
 0.00000000e+00 0.00000000e+00 0.00000000e+00 0.00000000e+00
 1.46799802e+02 1.71244152e+02 1.94442367e+02 2.19306875e+02
 2.45109473e+02 2.64933613e+02 2.82582448e+02 2.93436476e+02
 2.94264412e+02 2.86403784e+02 2.66012275e+02 2.33533716e+02
 1.89644806e+02 1.36857619e+02 8.44545025e+01 4.12893716e+01
 1.54266343e+01 4.20306017e+00 5.74947567e-03 0.00000000e+00
 0.00000000e+00]
5
data after
[146.79980179369926, 171.24415227820398, 194.4423665789652, 219.30687526859285, 245.10947274261474, 264.93361281485556, 282.58244802782536, 293.4364757916212, 294.2644118719101, 286.4037838320434, 266.0122745940447, 233.53371600089073, 189.6448058155954, 136.8576188626945, 84.45450246306807, 60.924815512286884]
6
data,sig_tot
[146.79980179 171.24415228 194.44236658 219.30687527 245.10947274
 264.93361281 282.58244803 293.43647579 294.26441187 286.40378383
 266.01227459 233.533716   189.64480582 136.85761886  84.45450246
  60.92481551  24.13159832  29.66104225  35.90551312  42.85302783
  50.4685521   57.35813117  64.41219029  69.56607804  73.00502364
  73.25372788  69.37428395  61.12406266  49.32718552  35.24050714
  37.26188901]
[146.79980179 171.24415228 194.44236658 219.30687527 245.10947274
 264.93361281 282.58244803 293.43647579 294.26441187 286.40378383
 266.01227459 233.533716   189.64480582 136.85761886  84.45450246
  60.92481551  24.13159832  29.66104225  35.90551312  42.85302783
  50.4685521   57.35813117  64.41219029  69.56607804  73.00502364
  73.25372788  69.37428395  61.12406266  49.32718552  35.24050714
  37.26188901]
4.290132311572171 19.62392719563402 44.639743452408624
val isze = 0
idinces = [13 30 22 25 27 24 14 11  0  7 26  4  6 28 23 15  5 10 16  2  1 12 20 29
  3  8 21 19  9 18 17]
training loss = 94.29011535644531 500
training loss = 10.195235252380371 1000
training loss = 1.595590353012085 1500
training loss = 1.4118114709854126 2000
reduced chi^2 level 2 = 1.4103820323944092
Constrained alpha: 2.9686834812164307
Constrained beta: 4.060719966888428
Constrained gamma: 30.79396629333496
(1, 31)
(1, 0)
data before
[0.00000000e+00 0.00000000e+00 0.00000000e+00 0.00000000e+00
 0.00000000e+00 0.00000000e+00 0.00000000e+00 0.00000000e+00
 0.00000000e+00 0.00000000e+00 0.00000000e+00 0.00000000e+00
 0.00000000e+00 0.00000000e+00 0.00000000e+00 0.00000000e+00
 0.00000000e+00 0.00000000e+00 0.00000000e+00 0.00000000e+00
 1.46799802e+02 1.71244152e+02 1.94442367e+02 2.19306875e+02
 2.45109473e+02 2.64933613e+02 2.82582448e+02 2.93436476e+02
 2.94264412e+02 2.86403784e+02 2.66012275e+02 2.33533716e+02
 1.89644806e+02 1.36857619e+02 8.44545025e+01 4.12893716e+01
 1.54266343e+01 4.20306017e+00 5.74947567e-03 0.00000000e+00
 0.00000000e+00]
5
data after
[146.79980179369926, 171.24415227820398, 194.4423665789652, 219.30687526859285, 245.10947274261474, 264.93361281485556, 282.58244802782536, 293.4364757916212, 294.2644118719101, 286.4037838320434, 266.0122745940447, 233.53371600089073, 189.6448058155954, 136.8576188626945, 84.45450246306807, 60.924815512286884]
6
data,sig_tot
[146.79980179 171.24415228 194.44236658 219.30687527 245.10947274
 264.93361281 282.58244803 293.43647579 294.26441187 286.40378383
 266.01227459 233.533716   189.64480582 136.85761886  84.45450246
  60.92481551  24.13159832  29.66104225  35.90551312  42.85302783
  50.4685521   57.35813117  64.41219029  69.56607804  73.00502364
  73.25372788  69.37428395  61.12406266  49.32718552  35.24050714
  37.26188901]
[146.79980179 171.24415228 194.44236658 219.30687527 245.10947274
 264.93361281 282.58244803 293.43647579 294.26441187 286.40378383
 266.01227459 233.533716   189.64480582 136.85761886  84.45450246
  60.92481551  24.13159832  29.66104225  35.90551312  42.85302783
  50.4685521   57.35813117  64.41219029  69.56607804  73.00502364
  73.25372788  69.37428395  61.12406266  49.32718552  35.24050714
  37.26188901]
3.2185354949088656 13.361600345779284 51.96682250002371
val isze = 0
idinces = [ 9  7 24 18  0  1 10  8 22 14 21 26 29 20 13 11 27 23 25  3 30  4  6  2
 16 19 17 12 15  5 28]
training loss = 1.6796396970748901 500
training loss = 1.2749865055084229 1000
reduced chi^2 level 2 = 1.2752318382263184
Constrained alpha: 2.3786721229553223
Constrained beta: 3.638902425765991
Constrained gamma: 25.517621994018555
(1, 31)
(1, 0)
data before
[0.00000000e+00 0.00000000e+00 0.00000000e+00 0.00000000e+00
 0.00000000e+00 0.00000000e+00 0.00000000e+00 0.00000000e+00
 0.00000000e+00 0.00000000e+00 0.00000000e+00 0.00000000e+00
 0.00000000e+00 0.00000000e+00 0.00000000e+00 0.00000000e+00
 0.00000000e+00 0.00000000e+00 0.00000000e+00 0.00000000e+00
 1.46799802e+02 1.71244152e+02 1.94442367e+02 2.19306875e+02
 2.45109473e+02 2.64933613e+02 2.82582448e+02 2.93436476e+02
 2.94264412e+02 2.86403784e+02 2.66012275e+02 2.33533716e+02
 1.89644806e+02 1.36857619e+02 8.44545025e+01 4.12893716e+01
 1.54266343e+01 4.20306017e+00 5.74947567e-03 0.00000000e+00
 0.00000000e+00]
5
data after
[146.79980179369926, 171.24415227820398, 194.4423665789652, 219.30687526859285, 245.10947274261474, 264.93361281485556, 282.58244802782536, 293.4364757916212, 294.2644118719101, 286.4037838320434, 266.0122745940447, 233.53371600089073, 189.6448058155954, 136.8576188626945, 84.45450246306807, 60.924815512286884]
6
data,sig_tot
[146.79980179 171.24415228 194.44236658 219.30687527 245.10947274
 264.93361281 282.58244803 293.43647579 294.26441187 286.40378383
 266.01227459 233.533716   189.64480582 136.85761886  84.45450246
  60.92481551  24.13159832  29.66104225  35.90551312  42.85302783
  50.4685521   57.35813117  64.41219029  69.56607804  73.00502364
  73.25372788  69.37428395  61.12406266  49.32718552  35.24050714
  37.26188901]
[146.79980179 171.24415228 194.44236658 219.30687527 245.10947274
 264.93361281 282.58244803 293.43647579 294.26441187 286.40378383
 266.01227459 233.533716   189.64480582 136.85761886  84.45450246
  60.92481551  24.13159832  29.66104225  35.90551312  42.85302783
  50.4685521   57.35813117  64.41219029  69.56607804  73.00502364
  73.25372788  69.37428395  61.12406266  49.32718552  35.24050714
  37.26188901]
0.3446715803781769 18.14652529641743 4.795152503159206
val isze = 0
idinces = [22 25 23  0 20  7 30 11 13 17 15 10 24 14 28 26  9 12 27 18  3  8  4  2
 19 16 21  6  1  5 29]
training loss = 5.621220111846924 500
training loss = 2.1637938022613525 1000
(1, 31)
(1, 0)
data before
[0.00000000e+00 0.00000000e+00 0.00000000e+00 0.00000000e+00
 0.00000000e+00 0.00000000e+00 0.00000000e+00 0.00000000e+00
 0.00000000e+00 0.00000000e+00 0.00000000e+00 0.00000000e+00
 0.00000000e+00 0.00000000e+00 0.00000000e+00 0.00000000e+00
 0.00000000e+00 0.00000000e+00 0.00000000e+00 0.00000000e+00
 1.46799802e+02 1.71244152e+02 1.94442367e+02 2.19306875e+02
 2.45109473e+02 2.64933613e+02 2.82582448e+02 2.93436476e+02
 2.94264412e+02 2.86403784e+02 2.66012275e+02 2.33533716e+02
 1.89644806e+02 1.36857619e+02 8.44545025e+01 4.12893716e+01
 1.54266343e+01 4.20306017e+00 5.74947567e-03 0.00000000e+00
 0.00000000e+00]
5
data after
[146.79980179369926, 171.24415227820398, 194.4423665789652, 219.30687526859285, 245.10947274261474, 264.93361281485556, 282.58244802782536, 293.4364757916212, 294.2644118719101, 286.4037838320434, 266.0122745940447, 233.53371600089073, 189.6448058155954, 136.8576188626945, 84.45450246306807, 60.924815512286884]
6
data,sig_tot
[146.79980179 171.24415228 194.44236658 219.30687527 245.10947274
 264.93361281 282.58244803 293.43647579 294.26441187 286.40378383
 266.01227459 233.533716   189.64480582 136.85761886  84.45450246
  60.92481551  24.13159832  29.66104225  35.90551312  42.85302783
  50.4685521   57.35813117  64.41219029  69.56607804  73.00502364
  73.25372788  69.37428395  61.12406266  49.32718552  35.24050714
  37.26188901]
[146.79980179 171.24415228 194.44236658 219.30687527 245.10947274
 264.93361281 282.58244803 293.43647579 294.26441187 286.40378383
 266.01227459 233.533716   189.64480582 136.85761886  84.45450246
  60.92481551  24.13159832  29.66104225  35.90551312  42.85302783
  50.4685521   57.35813117  64.41219029  69.56607804  73.00502364
  73.25372788  69.37428395  61.12406266  49.32718552  35.24050714
  37.26188901]
3.5960136053712906 15.88007629962046 52.74751622995609
val isze = 0
idinces = [13 19 18  2  4 10 12 11 29 25 22 28 21  5 26  3  8 14  1 27 30  6 24  7
 23 16 17 20  0  9 15]
training loss = 3.6941773891448975 500
training loss = 1.2665104866027832 1000
reduced chi^2 level 2 = 1.251396656036377
Constrained alpha: 2.3878915309906006
Constrained beta: 3.295968770980835
Constrained gamma: 19.18355369567871
(1, 31)
(1, 0)
data before
[0.00000000e+00 0.00000000e+00 0.00000000e+00 0.00000000e+00
 0.00000000e+00 0.00000000e+00 0.00000000e+00 0.00000000e+00
 0.00000000e+00 0.00000000e+00 0.00000000e+00 0.00000000e+00
 0.00000000e+00 0.00000000e+00 0.00000000e+00 0.00000000e+00
 0.00000000e+00 0.00000000e+00 0.00000000e+00 0.00000000e+00
 1.46799802e+02 1.71244152e+02 1.94442367e+02 2.19306875e+02
 2.45109473e+02 2.64933613e+02 2.82582448e+02 2.93436476e+02
 2.94264412e+02 2.86403784e+02 2.66012275e+02 2.33533716e+02
 1.89644806e+02 1.36857619e+02 8.44545025e+01 4.12893716e+01
 1.54266343e+01 4.20306017e+00 5.74947567e-03 0.00000000e+00
 0.00000000e+00]
5
data after
[146.79980179369926, 171.24415227820398, 194.4423665789652, 219.30687526859285, 245.10947274261474, 264.93361281485556, 282.58244802782536, 293.4364757916212, 294.2644118719101, 286.4037838320434, 266.0122745940447, 233.53371600089073, 189.6448058155954, 136.8576188626945, 84.45450246306807, 60.924815512286884]
6
data,sig_tot
[146.79980179 171.24415228 194.44236658 219.30687527 245.10947274
 264.93361281 282.58244803 293.43647579 294.26441187 286.40378383
 266.01227459 233.533716   189.64480582 136.85761886  84.45450246
  60.92481551  24.13159832  29.66104225  35.90551312  42.85302783
  50.4685521   57.35813117  64.41219029  69.56607804  73.00502364
  73.25372788  69.37428395  61.12406266  49.32718552  35.24050714
  37.26188901]
[146.79980179 171.24415228 194.44236658 219.30687527 245.10947274
 264.93361281 282.58244803 293.43647579 294.26441187 286.40378383
 266.01227459 233.533716   189.64480582 136.85761886  84.45450246
  60.92481551  24.13159832  29.66104225  35.90551312  42.85302783
  50.4685521   57.35813117  64.41219029  69.56607804  73.00502364
  73.25372788  69.37428395  61.12406266  49.32718552  35.24050714
  37.26188901]
3.5798150877838646 18.6253658860372 57.27607009154622
val isze = 0
idinces = [22 13  1  7  5  9 15  3 20 30 11 16 29 23 12 26 25 27  2 21 28 14 10  8
  6 19 24 18  4 17  0]
training loss = 1.0358182191848755 500
training loss = 0.7731180191040039 1000
reduced chi^2 level 2 = 0.7793309092521667
Constrained alpha: 2.25553035736084
Constrained beta: 4.995750904083252
Constrained gamma: 28.619522094726562
(1, 31)
(1, 0)
data before
[0.00000000e+00 0.00000000e+00 0.00000000e+00 0.00000000e+00
 0.00000000e+00 0.00000000e+00 0.00000000e+00 0.00000000e+00
 0.00000000e+00 0.00000000e+00 0.00000000e+00 0.00000000e+00
 0.00000000e+00 0.00000000e+00 0.00000000e+00 0.00000000e+00
 0.00000000e+00 0.00000000e+00 0.00000000e+00 0.00000000e+00
 1.46799802e+02 1.71244152e+02 1.94442367e+02 2.19306875e+02
 2.45109473e+02 2.64933613e+02 2.82582448e+02 2.93436476e+02
 2.94264412e+02 2.86403784e+02 2.66012275e+02 2.33533716e+02
 1.89644806e+02 1.36857619e+02 8.44545025e+01 4.12893716e+01
 1.54266343e+01 4.20306017e+00 5.74947567e-03 0.00000000e+00
 0.00000000e+00]
5
data after
[146.79980179369926, 171.24415227820398, 194.4423665789652, 219.30687526859285, 245.10947274261474, 264.93361281485556, 282.58244802782536, 293.4364757916212, 294.2644118719101, 286.4037838320434, 266.0122745940447, 233.53371600089073, 189.6448058155954, 136.8576188626945, 84.45450246306807, 60.924815512286884]
6
data,sig_tot
[146.79980179 171.24415228 194.44236658 219.30687527 245.10947274
 264.93361281 282.58244803 293.43647579 294.26441187 286.40378383
 266.01227459 233.533716   189.64480582 136.85761886  84.45450246
  60.92481551  24.13159832  29.66104225  35.90551312  42.85302783
  50.4685521   57.35813117  64.41219029  69.56607804  73.00502364
  73.25372788  69.37428395  61.12406266  49.32718552  35.24050714
  37.26188901]
[146.79980179 171.24415228 194.44236658 219.30687527 245.10947274
 264.93361281 282.58244803 293.43647579 294.26441187 286.40378383
 266.01227459 233.533716   189.64480582 136.85761886  84.45450246
  60.92481551  24.13159832  29.66104225  35.90551312  42.85302783
  50.4685521   57.35813117  64.41219029  69.56607804  73.00502364
  73.25372788  69.37428395  61.12406266  49.32718552  35.24050714
  37.26188901]
3.6723416527741346 15.58545576900582 75.92381499090777
val isze = 0
idinces = [ 0 14 20 22 24  4  9 23 29  7 19 17  6 12  5 25 27 15  2 18 13 16  8 28
 30 10 26 11  1 21  3]
training loss = 1.2159414291381836 500
reduced chi^2 level 2 = 0.9907623529434204
Constrained alpha: 2.5689990520477295
Constrained beta: 4.523698329925537
Constrained gamma: 53.42580795288086
(1, 31)
(1, 0)
data before
[0.00000000e+00 0.00000000e+00 0.00000000e+00 0.00000000e+00
 0.00000000e+00 0.00000000e+00 0.00000000e+00 0.00000000e+00
 0.00000000e+00 0.00000000e+00 0.00000000e+00 0.00000000e+00
 0.00000000e+00 0.00000000e+00 0.00000000e+00 0.00000000e+00
 0.00000000e+00 0.00000000e+00 0.00000000e+00 0.00000000e+00
 1.46799802e+02 1.71244152e+02 1.94442367e+02 2.19306875e+02
 2.45109473e+02 2.64933613e+02 2.82582448e+02 2.93436476e+02
 2.94264412e+02 2.86403784e+02 2.66012275e+02 2.33533716e+02
 1.89644806e+02 1.36857619e+02 8.44545025e+01 4.12893716e+01
 1.54266343e+01 4.20306017e+00 5.74947567e-03 0.00000000e+00
 0.00000000e+00]
5
data after
[146.79980179369926, 171.24415227820398, 194.4423665789652, 219.30687526859285, 245.10947274261474, 264.93361281485556, 282.58244802782536, 293.4364757916212, 294.2644118719101, 286.4037838320434, 266.0122745940447, 233.53371600089073, 189.6448058155954, 136.8576188626945, 84.45450246306807, 60.924815512286884]
6
data,sig_tot
[146.79980179 171.24415228 194.44236658 219.30687527 245.10947274
 264.93361281 282.58244803 293.43647579 294.26441187 286.40378383
 266.01227459 233.533716   189.64480582 136.85761886  84.45450246
  60.92481551  24.13159832  29.66104225  35.90551312  42.85302783
  50.4685521   57.35813117  64.41219029  69.56607804  73.00502364
  73.25372788  69.37428395  61.12406266  49.32718552  35.24050714
  37.26188901]
[146.79980179 171.24415228 194.44236658 219.30687527 245.10947274
 264.93361281 282.58244803 293.43647579 294.26441187 286.40378383
 266.01227459 233.533716   189.64480582 136.85761886  84.45450246
  60.92481551  24.13159832  29.66104225  35.90551312  42.85302783
  50.4685521   57.35813117  64.41219029  69.56607804  73.00502364
  73.25372788  69.37428395  61.12406266  49.32718552  35.24050714
  37.26188901]
0.2738792956636138 16.80422016958196 74.10839234046979
val isze = 0
idinces = [25 26  8  2 23 30 15 21  6 27 11  3 29 10 16  7 13 17 24  0 14 20 18 19
 22  5  4 12  1 28  9]
training loss = 5.015079498291016 500
training loss = 1.8652818202972412 1000
training loss = 1.461677074432373 1500
training loss = 1.4390205144882202 2000
training loss = 1.4231165647506714 2500
training loss = 1.4158765077590942 3000
training loss = 1.4056055545806885 3500
training loss = 1.3461146354675293 4000
training loss = 1.1912262439727783 4500
reduced chi^2 level 2 = 1.1729871034622192
Constrained alpha: 2.3544628620147705
Constrained beta: -0.025808479636907578
Constrained gamma: 4.355187892913818
(1, 31)
(1, 0)
data before
[0.00000000e+00 0.00000000e+00 0.00000000e+00 0.00000000e+00
 0.00000000e+00 0.00000000e+00 0.00000000e+00 0.00000000e+00
 0.00000000e+00 0.00000000e+00 0.00000000e+00 0.00000000e+00
 0.00000000e+00 0.00000000e+00 0.00000000e+00 0.00000000e+00
 0.00000000e+00 0.00000000e+00 0.00000000e+00 0.00000000e+00
 1.46799802e+02 1.71244152e+02 1.94442367e+02 2.19306875e+02
 2.45109473e+02 2.64933613e+02 2.82582448e+02 2.93436476e+02
 2.94264412e+02 2.86403784e+02 2.66012275e+02 2.33533716e+02
 1.89644806e+02 1.36857619e+02 8.44545025e+01 4.12893716e+01
 1.54266343e+01 4.20306017e+00 5.74947567e-03 0.00000000e+00
 0.00000000e+00]
5
data after
[146.79980179369926, 171.24415227820398, 194.4423665789652, 219.30687526859285, 245.10947274261474, 264.93361281485556, 282.58244802782536, 293.4364757916212, 294.2644118719101, 286.4037838320434, 266.0122745940447, 233.53371600089073, 189.6448058155954, 136.8576188626945, 84.45450246306807, 60.924815512286884]
6
data,sig_tot
[146.79980179 171.24415228 194.44236658 219.30687527 245.10947274
 264.93361281 282.58244803 293.43647579 294.26441187 286.40378383
 266.01227459 233.533716   189.64480582 136.85761886  84.45450246
  60.92481551  24.13159832  29.66104225  35.90551312  42.85302783
  50.4685521   57.35813117  64.41219029  69.56607804  73.00502364
  73.25372788  69.37428395  61.12406266  49.32718552  35.24050714
  37.26188901]
[146.79980179 171.24415228 194.44236658 219.30687527 245.10947274
 264.93361281 282.58244803 293.43647579 294.26441187 286.40378383
 266.01227459 233.533716   189.64480582 136.85761886  84.45450246
  60.92481551  24.13159832  29.66104225  35.90551312  42.85302783
  50.4685521   57.35813117  64.41219029  69.56607804  73.00502364
  73.25372788  69.37428395  61.12406266  49.32718552  35.24050714
  37.26188901]
4.446381770141512 2.932232991796382 71.01021658245385
val isze = 0
idinces = [25 21 16  4 27  3 12 28 29  0 10 15 11  7  5 14 30 18  8  1  9 19 26 24
 20  2 17 22 13  6 23]
training loss = 62.225830078125 500
training loss = 41.63996887207031 1000
training loss = 10.79100513458252 1500
training loss = 3.941920042037964 2000
training loss = 2.211254596710205 2500
training loss = 1.9252158403396606 3000
training loss = 1.8940770626068115 3500
training loss = 1.8670586347579956 4000
training loss = 1.8371477127075195 4500
training loss = 1.8040800094604492 5000
reduced chi^2 level 2 = 1.8040106296539307
Constrained alpha: 4.046970844268799
Constrained beta: 1.0503439903259277
Constrained gamma: 65.4004898071289
(1, 31)
(1, 0)
data before
[0.00000000e+00 0.00000000e+00 0.00000000e+00 0.00000000e+00
 0.00000000e+00 0.00000000e+00 0.00000000e+00 0.00000000e+00
 0.00000000e+00 0.00000000e+00 0.00000000e+00 0.00000000e+00
 0.00000000e+00 0.00000000e+00 0.00000000e+00 0.00000000e+00
 0.00000000e+00 0.00000000e+00 0.00000000e+00 0.00000000e+00
 1.46799802e+02 1.71244152e+02 1.94442367e+02 2.19306875e+02
 2.45109473e+02 2.64933613e+02 2.82582448e+02 2.93436476e+02
 2.94264412e+02 2.86403784e+02 2.66012275e+02 2.33533716e+02
 1.89644806e+02 1.36857619e+02 8.44545025e+01 4.12893716e+01
 1.54266343e+01 4.20306017e+00 5.74947567e-03 0.00000000e+00
 0.00000000e+00]
5
data after
[146.79980179369926, 171.24415227820398, 194.4423665789652, 219.30687526859285, 245.10947274261474, 264.93361281485556, 282.58244802782536, 293.4364757916212, 294.2644118719101, 286.4037838320434, 266.0122745940447, 233.53371600089073, 189.6448058155954, 136.8576188626945, 84.45450246306807, 60.924815512286884]
6
data,sig_tot
[146.79980179 171.24415228 194.44236658 219.30687527 245.10947274
 264.93361281 282.58244803 293.43647579 294.26441187 286.40378383
 266.01227459 233.533716   189.64480582 136.85761886  84.45450246
  60.92481551  24.13159832  29.66104225  35.90551312  42.85302783
  50.4685521   57.35813117  64.41219029  69.56607804  73.00502364
  73.25372788  69.37428395  61.12406266  49.32718552  35.24050714
  37.26188901]
[146.79980179 171.24415228 194.44236658 219.30687527 245.10947274
 264.93361281 282.58244803 293.43647579 294.26441187 286.40378383
 266.01227459 233.533716   189.64480582 136.85761886  84.45450246
  60.92481551  24.13159832  29.66104225  35.90551312  42.85302783
  50.4685521   57.35813117  64.41219029  69.56607804  73.00502364
  73.25372788  69.37428395  61.12406266  49.32718552  35.24050714
  37.26188901]
3.8234920917107935 16.654053666181 91.4920319292542
val isze = 0
idinces = [ 7 24 19 30 13 10  0 12 29  2  1 17 16 14  8 18 20 28 15 23 11 25  6 21
  4 22  9  3 26  5 27]
training loss = 1.157857894897461 500
training loss = 0.8310592174530029 1000
training loss = 0.8149972558021545 1500
training loss = 0.8119746446609497 2000
reduced chi^2 level 2 = 0.811251699924469
Constrained alpha: 2.4238529205322266
Constrained beta: 2.8515968322753906
Constrained gamma: 32.85013961791992
(1, 31)
(1, 0)
data before
[0.00000000e+00 0.00000000e+00 0.00000000e+00 0.00000000e+00
 0.00000000e+00 0.00000000e+00 0.00000000e+00 0.00000000e+00
 0.00000000e+00 0.00000000e+00 0.00000000e+00 0.00000000e+00
 0.00000000e+00 0.00000000e+00 0.00000000e+00 0.00000000e+00
 0.00000000e+00 0.00000000e+00 0.00000000e+00 0.00000000e+00
 1.46799802e+02 1.71244152e+02 1.94442367e+02 2.19306875e+02
 2.45109473e+02 2.64933613e+02 2.82582448e+02 2.93436476e+02
 2.94264412e+02 2.86403784e+02 2.66012275e+02 2.33533716e+02
 1.89644806e+02 1.36857619e+02 8.44545025e+01 4.12893716e+01
 1.54266343e+01 4.20306017e+00 5.74947567e-03 0.00000000e+00
 0.00000000e+00]
5
data after
[146.79980179369926, 171.24415227820398, 194.4423665789652, 219.30687526859285, 245.10947274261474, 264.93361281485556, 282.58244802782536, 293.4364757916212, 294.2644118719101, 286.4037838320434, 266.0122745940447, 233.53371600089073, 189.6448058155954, 136.8576188626945, 84.45450246306807, 60.924815512286884]
6
data,sig_tot
[146.79980179 171.24415228 194.44236658 219.30687527 245.10947274
 264.93361281 282.58244803 293.43647579 294.26441187 286.40378383
 266.01227459 233.533716   189.64480582 136.85761886  84.45450246
  60.92481551  24.13159832  29.66104225  35.90551312  42.85302783
  50.4685521   57.35813117  64.41219029  69.56607804  73.00502364
  73.25372788  69.37428395  61.12406266  49.32718552  35.24050714
  37.26188901]
[146.79980179 171.24415228 194.44236658 219.30687527 245.10947274
 264.93361281 282.58244803 293.43647579 294.26441187 286.40378383
 266.01227459 233.533716   189.64480582 136.85761886  84.45450246
  60.92481551  24.13159832  29.66104225  35.90551312  42.85302783
  50.4685521   57.35813117  64.41219029  69.56607804  73.00502364
  73.25372788  69.37428395  61.12406266  49.32718552  35.24050714
  37.26188901]
4.0013693081199415 10.158580301416455 64.01254738689902
val isze = 0
idinces = [22 21 27  2 30 25 14 19  4  1  5  3 11  7  9 24 13 28 20  0 15 10  8 23
  6 12 18 17 26 16 29]
training loss = 57.87611770629883 500
training loss = 1.3735867738723755 1000
training loss = 1.3383384943008423 1500
reduced chi^2 level 2 = 1.3369940519332886
Constrained alpha: 3.6013031005859375
Constrained beta: 1.7839184999465942
Constrained gamma: 50.07870101928711
(1, 31)
(1, 0)
data before
[0.00000000e+00 0.00000000e+00 0.00000000e+00 0.00000000e+00
 0.00000000e+00 0.00000000e+00 0.00000000e+00 0.00000000e+00
 0.00000000e+00 0.00000000e+00 0.00000000e+00 0.00000000e+00
 0.00000000e+00 0.00000000e+00 0.00000000e+00 0.00000000e+00
 0.00000000e+00 0.00000000e+00 0.00000000e+00 0.00000000e+00
 1.46799802e+02 1.71244152e+02 1.94442367e+02 2.19306875e+02
 2.45109473e+02 2.64933613e+02 2.82582448e+02 2.93436476e+02
 2.94264412e+02 2.86403784e+02 2.66012275e+02 2.33533716e+02
 1.89644806e+02 1.36857619e+02 8.44545025e+01 4.12893716e+01
 1.54266343e+01 4.20306017e+00 5.74947567e-03 0.00000000e+00
 0.00000000e+00]
5
data after
[146.79980179369926, 171.24415227820398, 194.4423665789652, 219.30687526859285, 245.10947274261474, 264.93361281485556, 282.58244802782536, 293.4364757916212, 294.2644118719101, 286.4037838320434, 266.0122745940447, 233.53371600089073, 189.6448058155954, 136.8576188626945, 84.45450246306807, 60.924815512286884]
6
data,sig_tot
[146.79980179 171.24415228 194.44236658 219.30687527 245.10947274
 264.93361281 282.58244803 293.43647579 294.26441187 286.40378383
 266.01227459 233.533716   189.64480582 136.85761886  84.45450246
  60.92481551  24.13159832  29.66104225  35.90551312  42.85302783
  50.4685521   57.35813117  64.41219029  69.56607804  73.00502364
  73.25372788  69.37428395  61.12406266  49.32718552  35.24050714
  37.26188901]
[146.79980179 171.24415228 194.44236658 219.30687527 245.10947274
 264.93361281 282.58244803 293.43647579 294.26441187 286.40378383
 266.01227459 233.533716   189.64480582 136.85761886  84.45450246
  60.92481551  24.13159832  29.66104225  35.90551312  42.85302783
  50.4685521   57.35813117  64.41219029  69.56607804  73.00502364
  73.25372788  69.37428395  61.12406266  49.32718552  35.24050714
  37.26188901]
2.0505671897986484 5.19260886602416 97.08752938360082
val isze = 0
idinces = [ 5 12 29 14 21 27  7  3 18 17 11  1  9 23  8 20 16 25 22 28 24 26  4 13
 15 19  6 10 30  0  2]
training loss = 1.2572122812271118 500
training loss = 1.0087053775787354 1000
training loss = 1.0014153718948364 1500
training loss = 0.9858426451683044 2000
training loss = 0.9677432775497437 2500
training loss = 0.9312390685081482 3000
training loss = 0.7279769778251648 3500
training loss = 0.6427403688430786 4000
reduced chi^2 level 2 = 0.632959246635437
Constrained alpha: 2.393221855163574
Constrained beta: -0.01557049062103033
Constrained gamma: 9.142571449279785
(1, 31)
(1, 0)
data before
[0.00000000e+00 0.00000000e+00 0.00000000e+00 0.00000000e+00
 0.00000000e+00 0.00000000e+00 0.00000000e+00 0.00000000e+00
 0.00000000e+00 0.00000000e+00 0.00000000e+00 0.00000000e+00
 0.00000000e+00 0.00000000e+00 0.00000000e+00 0.00000000e+00
 0.00000000e+00 0.00000000e+00 0.00000000e+00 0.00000000e+00
 1.46799802e+02 1.71244152e+02 1.94442367e+02 2.19306875e+02
 2.45109473e+02 2.64933613e+02 2.82582448e+02 2.93436476e+02
 2.94264412e+02 2.86403784e+02 2.66012275e+02 2.33533716e+02
 1.89644806e+02 1.36857619e+02 8.44545025e+01 4.12893716e+01
 1.54266343e+01 4.20306017e+00 5.74947567e-03 0.00000000e+00
 0.00000000e+00]
5
data after
[146.79980179369926, 171.24415227820398, 194.4423665789652, 219.30687526859285, 245.10947274261474, 264.93361281485556, 282.58244802782536, 293.4364757916212, 294.2644118719101, 286.4037838320434, 266.0122745940447, 233.53371600089073, 189.6448058155954, 136.8576188626945, 84.45450246306807, 60.924815512286884]
6
data,sig_tot
[146.79980179 171.24415228 194.44236658 219.30687527 245.10947274
 264.93361281 282.58244803 293.43647579 294.26441187 286.40378383
 266.01227459 233.533716   189.64480582 136.85761886  84.45450246
  60.92481551  24.13159832  29.66104225  35.90551312  42.85302783
  50.4685521   57.35813117  64.41219029  69.56607804  73.00502364
  73.25372788  69.37428395  61.12406266  49.32718552  35.24050714
  37.26188901]
[146.79980179 171.24415228 194.44236658 219.30687527 245.10947274
 264.93361281 282.58244803 293.43647579 294.26441187 286.40378383
 266.01227459 233.533716   189.64480582 136.85761886  84.45450246
  60.92481551  24.13159832  29.66104225  35.90551312  42.85302783
  50.4685521   57.35813117  64.41219029  69.56607804  73.00502364
  73.25372788  69.37428395  61.12406266  49.32718552  35.24050714
  37.26188901]
3.084618282859033 13.770725079517907 19.477478823870232
val isze = 0
idinces = [17  4 14 26 27 22  3 11 16 29 20 18 25 28 24 23 12  2 21  9 13 19 10  8
  0  6  1 15  5  7 30]
training loss = 2.4892635345458984 500
training loss = 1.705552339553833 1000
training loss = 1.6836566925048828 1500
training loss = 1.6862846612930298 2000
training loss = 1.618743896484375 2500
training loss = 1.4709514379501343 3000
training loss = 1.4264280796051025 3500
training loss = 1.396211862564087 4000
training loss = 1.3750483989715576 4500
training loss = 1.3524752855300903 5000
reduced chi^2 level 2 = 1.3524425029754639
Constrained alpha: 2.7253119945526123
Constrained beta: -0.014710011892020702
Constrained gamma: 3.685468912124634
(1, 31)
(1, 0)
data before
[0.00000000e+00 0.00000000e+00 0.00000000e+00 0.00000000e+00
 0.00000000e+00 0.00000000e+00 0.00000000e+00 0.00000000e+00
 0.00000000e+00 0.00000000e+00 0.00000000e+00 0.00000000e+00
 0.00000000e+00 0.00000000e+00 0.00000000e+00 0.00000000e+00
 0.00000000e+00 0.00000000e+00 0.00000000e+00 0.00000000e+00
 1.46799802e+02 1.71244152e+02 1.94442367e+02 2.19306875e+02
 2.45109473e+02 2.64933613e+02 2.82582448e+02 2.93436476e+02
 2.94264412e+02 2.86403784e+02 2.66012275e+02 2.33533716e+02
 1.89644806e+02 1.36857619e+02 8.44545025e+01 4.12893716e+01
 1.54266343e+01 4.20306017e+00 5.74947567e-03 0.00000000e+00
 0.00000000e+00]
5
data after
[146.79980179369926, 171.24415227820398, 194.4423665789652, 219.30687526859285, 245.10947274261474, 264.93361281485556, 282.58244802782536, 293.4364757916212, 294.2644118719101, 286.4037838320434, 266.0122745940447, 233.53371600089073, 189.6448058155954, 136.8576188626945, 84.45450246306807, 60.924815512286884]
6
data,sig_tot
[146.79980179 171.24415228 194.44236658 219.30687527 245.10947274
 264.93361281 282.58244803 293.43647579 294.26441187 286.40378383
 266.01227459 233.533716   189.64480582 136.85761886  84.45450246
  60.92481551  24.13159832  29.66104225  35.90551312  42.85302783
  50.4685521   57.35813117  64.41219029  69.56607804  73.00502364
  73.25372788  69.37428395  61.12406266  49.32718552  35.24050714
  37.26188901]
[146.79980179 171.24415228 194.44236658 219.30687527 245.10947274
 264.93361281 282.58244803 293.43647579 294.26441187 286.40378383
 266.01227459 233.533716   189.64480582 136.85761886  84.45450246
  60.92481551  24.13159832  29.66104225  35.90551312  42.85302783
  50.4685521   57.35813117  64.41219029  69.56607804  73.00502364
  73.25372788  69.37428395  61.12406266  49.32718552  35.24050714
  37.26188901]
0.7528083794777773 0.5043113526030818 44.389216092797945
val isze = 0
idinces = [ 6 14 15  3  8  0 13 25  9 24 30  5 16  2 19 12  1 29 20 11 27 21 23 10
  4 17 22 26  7 28 18]
training loss = 1.950454831123352 500
training loss = 1.9111518859863281 1000
training loss = 1.906751275062561 1500
training loss = 1.826856017112732 2000
training loss = 1.7895151376724243 2500
reduced chi^2 level 2 = 1.779902696609497
Constrained alpha: 2.504549026489258
Constrained beta: -0.004826826509088278
Constrained gamma: 4.862389087677002
(1, 31)
(1, 0)
data before
[0.00000000e+00 0.00000000e+00 0.00000000e+00 0.00000000e+00
 0.00000000e+00 0.00000000e+00 0.00000000e+00 0.00000000e+00
 0.00000000e+00 0.00000000e+00 0.00000000e+00 0.00000000e+00
 0.00000000e+00 0.00000000e+00 0.00000000e+00 0.00000000e+00
 0.00000000e+00 0.00000000e+00 0.00000000e+00 0.00000000e+00
 1.46799802e+02 1.71244152e+02 1.94442367e+02 2.19306875e+02
 2.45109473e+02 2.64933613e+02 2.82582448e+02 2.93436476e+02
 2.94264412e+02 2.86403784e+02 2.66012275e+02 2.33533716e+02
 1.89644806e+02 1.36857619e+02 8.44545025e+01 4.12893716e+01
 1.54266343e+01 4.20306017e+00 5.74947567e-03 0.00000000e+00
 0.00000000e+00]
5
data after
[146.79980179369926, 171.24415227820398, 194.4423665789652, 219.30687526859285, 245.10947274261474, 264.93361281485556, 282.58244802782536, 293.4364757916212, 294.2644118719101, 286.4037838320434, 266.0122745940447, 233.53371600089073, 189.6448058155954, 136.8576188626945, 84.45450246306807, 60.924815512286884]
6
data,sig_tot
[146.79980179 171.24415228 194.44236658 219.30687527 245.10947274
 264.93361281 282.58244803 293.43647579 294.26441187 286.40378383
 266.01227459 233.533716   189.64480582 136.85761886  84.45450246
  60.92481551  24.13159832  29.66104225  35.90551312  42.85302783
  50.4685521   57.35813117  64.41219029  69.56607804  73.00502364
  73.25372788  69.37428395  61.12406266  49.32718552  35.24050714
  37.26188901]
[146.79980179 171.24415228 194.44236658 219.30687527 245.10947274
 264.93361281 282.58244803 293.43647579 294.26441187 286.40378383
 266.01227459 233.533716   189.64480582 136.85761886  84.45450246
  60.92481551  24.13159832  29.66104225  35.90551312  42.85302783
  50.4685521   57.35813117  64.41219029  69.56607804  73.00502364
  73.25372788  69.37428395  61.12406266  49.32718552  35.24050714
  37.26188901]
1.9527554854925828 6.789559819808453 93.60086641759959
val isze = 0
idinces = [ 7  2 15 14  9 13 28  5 23 17 19  3 11  4 18 24  0 10 25 26 12 16 27 30
 29 21  8 20  1  6 22]
training loss = 1.5181941986083984 500
training loss = 1.4986103773117065 1000
training loss = 1.485856056213379 1500
reduced chi^2 level 2 = 1.480648159980774
Constrained alpha: 2.4870505332946777
Constrained beta: 3.720325469970703
Constrained gamma: 51.99244689941406
(1, 31)
(1, 0)
data before
[0.00000000e+00 0.00000000e+00 0.00000000e+00 0.00000000e+00
 0.00000000e+00 0.00000000e+00 0.00000000e+00 0.00000000e+00
 0.00000000e+00 0.00000000e+00 0.00000000e+00 0.00000000e+00
 0.00000000e+00 0.00000000e+00 0.00000000e+00 0.00000000e+00
 0.00000000e+00 0.00000000e+00 0.00000000e+00 0.00000000e+00
 1.46799802e+02 1.71244152e+02 1.94442367e+02 2.19306875e+02
 2.45109473e+02 2.64933613e+02 2.82582448e+02 2.93436476e+02
 2.94264412e+02 2.86403784e+02 2.66012275e+02 2.33533716e+02
 1.89644806e+02 1.36857619e+02 8.44545025e+01 4.12893716e+01
 1.54266343e+01 4.20306017e+00 5.74947567e-03 0.00000000e+00
 0.00000000e+00]
5
data after
[146.79980179369926, 171.24415227820398, 194.4423665789652, 219.30687526859285, 245.10947274261474, 264.93361281485556, 282.58244802782536, 293.4364757916212, 294.2644118719101, 286.4037838320434, 266.0122745940447, 233.53371600089073, 189.6448058155954, 136.8576188626945, 84.45450246306807, 60.924815512286884]
6
data,sig_tot
[146.79980179 171.24415228 194.44236658 219.30687527 245.10947274
 264.93361281 282.58244803 293.43647579 294.26441187 286.40378383
 266.01227459 233.533716   189.64480582 136.85761886  84.45450246
  60.92481551  24.13159832  29.66104225  35.90551312  42.85302783
  50.4685521   57.35813117  64.41219029  69.56607804  73.00502364
  73.25372788  69.37428395  61.12406266  49.32718552  35.24050714
  37.26188901]
[146.79980179 171.24415228 194.44236658 219.30687527 245.10947274
 264.93361281 282.58244803 293.43647579 294.26441187 286.40378383
 266.01227459 233.533716   189.64480582 136.85761886  84.45450246
  60.92481551  24.13159832  29.66104225  35.90551312  42.85302783
  50.4685521   57.35813117  64.41219029  69.56607804  73.00502364
  73.25372788  69.37428395  61.12406266  49.32718552  35.24050714
  37.26188901]
3.36182877297134 1.4452800627874995 38.98713656148354
val isze = 0
idinces = [ 0  3 13  8  5 29 24  6  7 16 14 17 23  9 25  1 22  4 30 27 18 10 11 15
 20  2 21 26 28 12 19]
training loss = 1.1916520595550537 500
training loss = 1.189469337463379 1000
reduced chi^2 level 2 = 1.1896475553512573
Constrained alpha: 2.349390745162964
Constrained beta: 2.17368483543396
Constrained gamma: 12.202776908874512
(1, 31)
(1, 0)
data before
[0.00000000e+00 0.00000000e+00 0.00000000e+00 0.00000000e+00
 0.00000000e+00 0.00000000e+00 0.00000000e+00 0.00000000e+00
 0.00000000e+00 0.00000000e+00 0.00000000e+00 0.00000000e+00
 0.00000000e+00 0.00000000e+00 0.00000000e+00 0.00000000e+00
 0.00000000e+00 0.00000000e+00 0.00000000e+00 0.00000000e+00
 1.46799802e+02 1.71244152e+02 1.94442367e+02 2.19306875e+02
 2.45109473e+02 2.64933613e+02 2.82582448e+02 2.93436476e+02
 2.94264412e+02 2.86403784e+02 2.66012275e+02 2.33533716e+02
 1.89644806e+02 1.36857619e+02 8.44545025e+01 4.12893716e+01
 1.54266343e+01 4.20306017e+00 5.74947567e-03 0.00000000e+00
 0.00000000e+00]
5
data after
[146.79980179369926, 171.24415227820398, 194.4423665789652, 219.30687526859285, 245.10947274261474, 264.93361281485556, 282.58244802782536, 293.4364757916212, 294.2644118719101, 286.4037838320434, 266.0122745940447, 233.53371600089073, 189.6448058155954, 136.8576188626945, 84.45450246306807, 60.924815512286884]
6
data,sig_tot
[146.79980179 171.24415228 194.44236658 219.30687527 245.10947274
 264.93361281 282.58244803 293.43647579 294.26441187 286.40378383
 266.01227459 233.533716   189.64480582 136.85761886  84.45450246
  60.92481551  24.13159832  29.66104225  35.90551312  42.85302783
  50.4685521   57.35813117  64.41219029  69.56607804  73.00502364
  73.25372788  69.37428395  61.12406266  49.32718552  35.24050714
  37.26188901]
[146.79980179 171.24415228 194.44236658 219.30687527 245.10947274
 264.93361281 282.58244803 293.43647579 294.26441187 286.40378383
 266.01227459 233.533716   189.64480582 136.85761886  84.45450246
  60.92481551  24.13159832  29.66104225  35.90551312  42.85302783
  50.4685521   57.35813117  64.41219029  69.56607804  73.00502364
  73.25372788  69.37428395  61.12406266  49.32718552  35.24050714
  37.26188901]
0.9854903274538784 7.680705104772054 90.82521626825081
val isze = 0
idinces = [19 25  0 27 12 30 16  4  7  9 23 20  3  6 29 14 10 21  8 13 15 17  1 11
 28 26 22 18  2  5 24]
training loss = 2.724372625350952 500
training loss = 1.29715895652771 1000
training loss = 1.2935127019882202 1500
training loss = 1.2907264232635498 2000
training loss = 1.2893162965774536 2500
training loss = 1.2948837280273438 3000
training loss = 1.274918794631958 3500
training loss = 1.2394553422927856 4000
training loss = 1.2687493562698364 4500
training loss = 1.2121145725250244 5000
reduced chi^2 level 2 = 1.219940185546875
Constrained alpha: 2.55168080329895
Constrained beta: 2.615455389022827
Constrained gamma: 4.4746856689453125
(1, 31)
(1, 0)
data before
[0.00000000e+00 0.00000000e+00 0.00000000e+00 0.00000000e+00
 0.00000000e+00 0.00000000e+00 0.00000000e+00 0.00000000e+00
 0.00000000e+00 0.00000000e+00 0.00000000e+00 0.00000000e+00
 0.00000000e+00 0.00000000e+00 0.00000000e+00 0.00000000e+00
 0.00000000e+00 0.00000000e+00 0.00000000e+00 0.00000000e+00
 1.46799802e+02 1.71244152e+02 1.94442367e+02 2.19306875e+02
 2.45109473e+02 2.64933613e+02 2.82582448e+02 2.93436476e+02
 2.94264412e+02 2.86403784e+02 2.66012275e+02 2.33533716e+02
 1.89644806e+02 1.36857619e+02 8.44545025e+01 4.12893716e+01
 1.54266343e+01 4.20306017e+00 5.74947567e-03 0.00000000e+00
 0.00000000e+00]
5
data after
[146.79980179369926, 171.24415227820398, 194.4423665789652, 219.30687526859285, 245.10947274261474, 264.93361281485556, 282.58244802782536, 293.4364757916212, 294.2644118719101, 286.4037838320434, 266.0122745940447, 233.53371600089073, 189.6448058155954, 136.8576188626945, 84.45450246306807, 60.924815512286884]
6
data,sig_tot
[146.79980179 171.24415228 194.44236658 219.30687527 245.10947274
 264.93361281 282.58244803 293.43647579 294.26441187 286.40378383
 266.01227459 233.533716   189.64480582 136.85761886  84.45450246
  60.92481551  24.13159832  29.66104225  35.90551312  42.85302783
  50.4685521   57.35813117  64.41219029  69.56607804  73.00502364
  73.25372788  69.37428395  61.12406266  49.32718552  35.24050714
  37.26188901]
[146.79980179 171.24415228 194.44236658 219.30687527 245.10947274
 264.93361281 282.58244803 293.43647579 294.26441187 286.40378383
 266.01227459 233.533716   189.64480582 136.85761886  84.45450246
  60.92481551  24.13159832  29.66104225  35.90551312  42.85302783
  50.4685521   57.35813117  64.41219029  69.56607804  73.00502364
  73.25372788  69.37428395  61.12406266  49.32718552  35.24050714
  37.26188901]
2.744635732333883 13.97504734024783 60.640436975401926
val isze = 0
idinces = [ 7  1  8  6 16  4 19 28  5  2 24 18 11  0 10 23 17 15 26  9 30 21 20 25
 13  3 12 27 29 22 14]
training loss = 0.5838355422019958 500
training loss = 0.4789179861545563 1000
reduced chi^2 level 2 = 0.4619675874710083
Constrained alpha: 2.5698883533477783
Constrained beta: 3.2555997371673584
Constrained gamma: 26.41790771484375
(1, 31)
(1, 0)
data before
[0.00000000e+00 0.00000000e+00 0.00000000e+00 0.00000000e+00
 0.00000000e+00 0.00000000e+00 0.00000000e+00 0.00000000e+00
 0.00000000e+00 0.00000000e+00 0.00000000e+00 0.00000000e+00
 0.00000000e+00 0.00000000e+00 0.00000000e+00 0.00000000e+00
 0.00000000e+00 0.00000000e+00 0.00000000e+00 0.00000000e+00
 1.46799802e+02 1.71244152e+02 1.94442367e+02 2.19306875e+02
 2.45109473e+02 2.64933613e+02 2.82582448e+02 2.93436476e+02
 2.94264412e+02 2.86403784e+02 2.66012275e+02 2.33533716e+02
 1.89644806e+02 1.36857619e+02 8.44545025e+01 4.12893716e+01
 1.54266343e+01 4.20306017e+00 5.74947567e-03 0.00000000e+00
 0.00000000e+00]
5
data after
[146.79980179369926, 171.24415227820398, 194.4423665789652, 219.30687526859285, 245.10947274261474, 264.93361281485556, 282.58244802782536, 293.4364757916212, 294.2644118719101, 286.4037838320434, 266.0122745940447, 233.53371600089073, 189.6448058155954, 136.8576188626945, 84.45450246306807, 60.924815512286884]
6
data,sig_tot
[146.79980179 171.24415228 194.44236658 219.30687527 245.10947274
 264.93361281 282.58244803 293.43647579 294.26441187 286.40378383
 266.01227459 233.533716   189.64480582 136.85761886  84.45450246
  60.92481551  24.13159832  29.66104225  35.90551312  42.85302783
  50.4685521   57.35813117  64.41219029  69.56607804  73.00502364
  73.25372788  69.37428395  61.12406266  49.32718552  35.24050714
  37.26188901]
[146.79980179 171.24415228 194.44236658 219.30687527 245.10947274
 264.93361281 282.58244803 293.43647579 294.26441187 286.40378383
 266.01227459 233.533716   189.64480582 136.85761886  84.45450246
  60.92481551  24.13159832  29.66104225  35.90551312  42.85302783
  50.4685521   57.35813117  64.41219029  69.56607804  73.00502364
  73.25372788  69.37428395  61.12406266  49.32718552  35.24050714
  37.26188901]
0.4418240921361688 18.18677688539455 52.85949670696343
val isze = 0
idinces = [14  5  2 25  3 15  0 20 22  6 29 21  8  4 26 12 18 28 19  1  9 30 16 23
  7 11 17 24 10 27 13]
training loss = 6.338165283203125 500
training loss = 0.925092339515686 1000
training loss = 0.6677570939064026 1500
training loss = 0.6401411294937134 2000
reduced chi^2 level 2 = 0.6350613236427307
Constrained alpha: 2.4535458087921143
Constrained beta: 3.079185724258423
Constrained gamma: 7.607999801635742
(1, 31)
(1, 0)
data before
[0.00000000e+00 0.00000000e+00 0.00000000e+00 0.00000000e+00
 0.00000000e+00 0.00000000e+00 0.00000000e+00 0.00000000e+00
 0.00000000e+00 0.00000000e+00 0.00000000e+00 0.00000000e+00
 0.00000000e+00 0.00000000e+00 0.00000000e+00 0.00000000e+00
 0.00000000e+00 0.00000000e+00 0.00000000e+00 0.00000000e+00
 1.46799802e+02 1.71244152e+02 1.94442367e+02 2.19306875e+02
 2.45109473e+02 2.64933613e+02 2.82582448e+02 2.93436476e+02
 2.94264412e+02 2.86403784e+02 2.66012275e+02 2.33533716e+02
 1.89644806e+02 1.36857619e+02 8.44545025e+01 4.12893716e+01
 1.54266343e+01 4.20306017e+00 5.74947567e-03 0.00000000e+00
 0.00000000e+00]
5
data after
[146.79980179369926, 171.24415227820398, 194.4423665789652, 219.30687526859285, 245.10947274261474, 264.93361281485556, 282.58244802782536, 293.4364757916212, 294.2644118719101, 286.4037838320434, 266.0122745940447, 233.53371600089073, 189.6448058155954, 136.8576188626945, 84.45450246306807, 60.924815512286884]
6
data,sig_tot
[146.79980179 171.24415228 194.44236658 219.30687527 245.10947274
 264.93361281 282.58244803 293.43647579 294.26441187 286.40378383
 266.01227459 233.533716   189.64480582 136.85761886  84.45450246
  60.92481551  24.13159832  29.66104225  35.90551312  42.85302783
  50.4685521   57.35813117  64.41219029  69.56607804  73.00502364
  73.25372788  69.37428395  61.12406266  49.32718552  35.24050714
  37.26188901]
[146.79980179 171.24415228 194.44236658 219.30687527 245.10947274
 264.93361281 282.58244803 293.43647579 294.26441187 286.40378383
 266.01227459 233.533716   189.64480582 136.85761886  84.45450246
  60.92481551  24.13159832  29.66104225  35.90551312  42.85302783
  50.4685521   57.35813117  64.41219029  69.56607804  73.00502364
  73.25372788  69.37428395  61.12406266  49.32718552  35.24050714
  37.26188901]
3.1940725193197883 4.521097640061289 32.79955700446083
val isze = 0
idinces = [14 19 10 28 30 24 29 17 16  6 15 23  3  2  8 26  9 27 11  5 18 12  7 20
  1 25  4  0 21 13 22]
training loss = 1.6001355648040771 500
reduced chi^2 level 2 = 1.5987913608551025
Constrained alpha: 2.3657679557800293
Constrained beta: 2.987093210220337
Constrained gamma: 15.211311340332031
(1, 31)
(1, 0)
data before
[0.00000000e+00 0.00000000e+00 0.00000000e+00 0.00000000e+00
 0.00000000e+00 0.00000000e+00 0.00000000e+00 0.00000000e+00
 0.00000000e+00 0.00000000e+00 0.00000000e+00 0.00000000e+00
 0.00000000e+00 0.00000000e+00 0.00000000e+00 0.00000000e+00
 0.00000000e+00 0.00000000e+00 0.00000000e+00 0.00000000e+00
 1.46799802e+02 1.71244152e+02 1.94442367e+02 2.19306875e+02
 2.45109473e+02 2.64933613e+02 2.82582448e+02 2.93436476e+02
 2.94264412e+02 2.86403784e+02 2.66012275e+02 2.33533716e+02
 1.89644806e+02 1.36857619e+02 8.44545025e+01 4.12893716e+01
 1.54266343e+01 4.20306017e+00 5.74947567e-03 0.00000000e+00
 0.00000000e+00]
5
data after
[146.79980179369926, 171.24415227820398, 194.4423665789652, 219.30687526859285, 245.10947274261474, 264.93361281485556, 282.58244802782536, 293.4364757916212, 294.2644118719101, 286.4037838320434, 266.0122745940447, 233.53371600089073, 189.6448058155954, 136.8576188626945, 84.45450246306807, 60.924815512286884]
6
data,sig_tot
[146.79980179 171.24415228 194.44236658 219.30687527 245.10947274
 264.93361281 282.58244803 293.43647579 294.26441187 286.40378383
 266.01227459 233.533716   189.64480582 136.85761886  84.45450246
  60.92481551  24.13159832  29.66104225  35.90551312  42.85302783
  50.4685521   57.35813117  64.41219029  69.56607804  73.00502364
  73.25372788  69.37428395  61.12406266  49.32718552  35.24050714
  37.26188901]
[146.79980179 171.24415228 194.44236658 219.30687527 245.10947274
 264.93361281 282.58244803 293.43647579 294.26441187 286.40378383
 266.01227459 233.533716   189.64480582 136.85761886  84.45450246
  60.92481551  24.13159832  29.66104225  35.90551312  42.85302783
  50.4685521   57.35813117  64.41219029  69.56607804  73.00502364
  73.25372788  69.37428395  61.12406266  49.32718552  35.24050714
  37.26188901]
3.7763983677177295 18.311742068499697 72.85160009256926
val isze = 0
idinces = [ 5 25  7  1 27 16 29 18 14  0 24 10  8 19 15 22  6  9 21 12  2 23 28  4
 26 30 11 17  3 20 13]
training loss = 2.1322596073150635 500
training loss = 1.352620244026184 1000
training loss = 1.0556187629699707 1500
reduced chi^2 level 2 = 1.046752691268921
Constrained alpha: 2.987161874771118
Constrained beta: 4.012012481689453
Constrained gamma: 30.356632232666016
(1, 31)
(1, 0)
data before
[0.00000000e+00 0.00000000e+00 0.00000000e+00 0.00000000e+00
 0.00000000e+00 0.00000000e+00 0.00000000e+00 0.00000000e+00
 0.00000000e+00 0.00000000e+00 0.00000000e+00 0.00000000e+00
 0.00000000e+00 0.00000000e+00 0.00000000e+00 0.00000000e+00
 0.00000000e+00 0.00000000e+00 0.00000000e+00 0.00000000e+00
 1.46799802e+02 1.71244152e+02 1.94442367e+02 2.19306875e+02
 2.45109473e+02 2.64933613e+02 2.82582448e+02 2.93436476e+02
 2.94264412e+02 2.86403784e+02 2.66012275e+02 2.33533716e+02
 1.89644806e+02 1.36857619e+02 8.44545025e+01 4.12893716e+01
 1.54266343e+01 4.20306017e+00 5.74947567e-03 0.00000000e+00
 0.00000000e+00]
5
data after
[146.79980179369926, 171.24415227820398, 194.4423665789652, 219.30687526859285, 245.10947274261474, 264.93361281485556, 282.58244802782536, 293.4364757916212, 294.2644118719101, 286.4037838320434, 266.0122745940447, 233.53371600089073, 189.6448058155954, 136.8576188626945, 84.45450246306807, 60.924815512286884]
6
data,sig_tot
[146.79980179 171.24415228 194.44236658 219.30687527 245.10947274
 264.93361281 282.58244803 293.43647579 294.26441187 286.40378383
 266.01227459 233.533716   189.64480582 136.85761886  84.45450246
  60.92481551  24.13159832  29.66104225  35.90551312  42.85302783
  50.4685521   57.35813117  64.41219029  69.56607804  73.00502364
  73.25372788  69.37428395  61.12406266  49.32718552  35.24050714
  37.26188901]
[146.79980179 171.24415228 194.44236658 219.30687527 245.10947274
 264.93361281 282.58244803 293.43647579 294.26441187 286.40378383
 266.01227459 233.533716   189.64480582 136.85761886  84.45450246
  60.92481551  24.13159832  29.66104225  35.90551312  42.85302783
  50.4685521   57.35813117  64.41219029  69.56607804  73.00502364
  73.25372788  69.37428395  61.12406266  49.32718552  35.24050714
  37.26188901]
3.199040695446717 18.16677367335305 51.17894022434331
val isze = 0
idinces = [22 24  6 15 27 16 23  1 30 21 25  5 12  4 28 11 10  7  9 14  2  3 13  0
  8 19 29 18 20 17 26]
training loss = 1.4723395109176636 500
training loss = 1.1097187995910645 1000
training loss = 1.09222412109375 1500
training loss = 1.087324619293213 2000
training loss = 1.0742994546890259 2500
training loss = 1.0639749765396118 3000
training loss = 1.056290864944458 3500
training loss = 1.053351640701294 4000
training loss = 1.0514200925827026 4500
reduced chi^2 level 2 = 1.050736427307129
Constrained alpha: 2.4385199546813965
Constrained beta: 1.88709557056427
Constrained gamma: 4.023528575897217
(1, 31)
(1, 0)
data before
[0.00000000e+00 0.00000000e+00 0.00000000e+00 0.00000000e+00
 0.00000000e+00 0.00000000e+00 0.00000000e+00 0.00000000e+00
 0.00000000e+00 0.00000000e+00 0.00000000e+00 0.00000000e+00
 0.00000000e+00 0.00000000e+00 0.00000000e+00 0.00000000e+00
 0.00000000e+00 0.00000000e+00 0.00000000e+00 0.00000000e+00
 1.46799802e+02 1.71244152e+02 1.94442367e+02 2.19306875e+02
 2.45109473e+02 2.64933613e+02 2.82582448e+02 2.93436476e+02
 2.94264412e+02 2.86403784e+02 2.66012275e+02 2.33533716e+02
 1.89644806e+02 1.36857619e+02 8.44545025e+01 4.12893716e+01
 1.54266343e+01 4.20306017e+00 5.74947567e-03 0.00000000e+00
 0.00000000e+00]
5
data after
[146.79980179369926, 171.24415227820398, 194.4423665789652, 219.30687526859285, 245.10947274261474, 264.93361281485556, 282.58244802782536, 293.4364757916212, 294.2644118719101, 286.4037838320434, 266.0122745940447, 233.53371600089073, 189.6448058155954, 136.8576188626945, 84.45450246306807, 60.924815512286884]
6
data,sig_tot
[146.79980179 171.24415228 194.44236658 219.30687527 245.10947274
 264.93361281 282.58244803 293.43647579 294.26441187 286.40378383
 266.01227459 233.533716   189.64480582 136.85761886  84.45450246
  60.92481551  24.13159832  29.66104225  35.90551312  42.85302783
  50.4685521   57.35813117  64.41219029  69.56607804  73.00502364
  73.25372788  69.37428395  61.12406266  49.32718552  35.24050714
  37.26188901]
[146.79980179 171.24415228 194.44236658 219.30687527 245.10947274
 264.93361281 282.58244803 293.43647579 294.26441187 286.40378383
 266.01227459 233.533716   189.64480582 136.85761886  84.45450246
  60.92481551  24.13159832  29.66104225  35.90551312  42.85302783
  50.4685521   57.35813117  64.41219029  69.56607804  73.00502364
  73.25372788  69.37428395  61.12406266  49.32718552  35.24050714
  37.26188901]
0.08147023193498637 18.806446120184333 64.78846512955943
val isze = 0
idinces = [20 16 28  9 13 27 12  6 17 15  7 23  5 24 25 11  8  0  2 26 10 22 18 30
  4  1 29 14 21 19  3]
training loss = 7.719330310821533 500
training loss = 2.523477792739868 1000
reduced chi^2 level 2 = 1.922015905380249
Constrained alpha: 2.4201903343200684
Constrained beta: 3.487326145172119
Constrained gamma: 31.2537899017334
(1, 31)
(1, 0)
data before
[0.00000000e+00 0.00000000e+00 0.00000000e+00 0.00000000e+00
 0.00000000e+00 0.00000000e+00 0.00000000e+00 0.00000000e+00
 0.00000000e+00 0.00000000e+00 0.00000000e+00 0.00000000e+00
 0.00000000e+00 0.00000000e+00 0.00000000e+00 0.00000000e+00
 0.00000000e+00 0.00000000e+00 0.00000000e+00 0.00000000e+00
 1.46799802e+02 1.71244152e+02 1.94442367e+02 2.19306875e+02
 2.45109473e+02 2.64933613e+02 2.82582448e+02 2.93436476e+02
 2.94264412e+02 2.86403784e+02 2.66012275e+02 2.33533716e+02
 1.89644806e+02 1.36857619e+02 8.44545025e+01 4.12893716e+01
 1.54266343e+01 4.20306017e+00 5.74947567e-03 0.00000000e+00
 0.00000000e+00]
5
data after
[146.79980179369926, 171.24415227820398, 194.4423665789652, 219.30687526859285, 245.10947274261474, 264.93361281485556, 282.58244802782536, 293.4364757916212, 294.2644118719101, 286.4037838320434, 266.0122745940447, 233.53371600089073, 189.6448058155954, 136.8576188626945, 84.45450246306807, 60.924815512286884]
6
data,sig_tot
[146.79980179 171.24415228 194.44236658 219.30687527 245.10947274
 264.93361281 282.58244803 293.43647579 294.26441187 286.40378383
 266.01227459 233.533716   189.64480582 136.85761886  84.45450246
  60.92481551  24.13159832  29.66104225  35.90551312  42.85302783
  50.4685521   57.35813117  64.41219029  69.56607804  73.00502364
  73.25372788  69.37428395  61.12406266  49.32718552  35.24050714
  37.26188901]
[146.79980179 171.24415228 194.44236658 219.30687527 245.10947274
 264.93361281 282.58244803 293.43647579 294.26441187 286.40378383
 266.01227459 233.533716   189.64480582 136.85761886  84.45450246
  60.92481551  24.13159832  29.66104225  35.90551312  42.85302783
  50.4685521   57.35813117  64.41219029  69.56607804  73.00502364
  73.25372788  69.37428395  61.12406266  49.32718552  35.24050714
  37.26188901]
0.3125202160706103 17.9465787141302 82.65265944863073
val isze = 0
idinces = [ 4  1 25  3  0 22 21 15 19 18  9 16 29 10 11  5 24 23 20 30 28 13  7 26
  8 14 17 12 27  6  2]
training loss = 8.155800819396973 500
training loss = 1.096177577972412 1000
training loss = 1.065144658088684 1500
training loss = 1.0601422786712646 2000
training loss = 1.0459601879119873 2500
training loss = 1.030561923980713 3000
training loss = 1.0181118249893188 3500
training loss = 1.014360785484314 4000
reduced chi^2 level 2 = 1.0387624502182007
Constrained alpha: 2.487111806869507
Constrained beta: 1.4687341451644897
Constrained gamma: 6.32960844039917
(1, 31)
(1, 0)
data before
[0.00000000e+00 0.00000000e+00 0.00000000e+00 0.00000000e+00
 0.00000000e+00 0.00000000e+00 0.00000000e+00 0.00000000e+00
 0.00000000e+00 0.00000000e+00 0.00000000e+00 0.00000000e+00
 0.00000000e+00 0.00000000e+00 0.00000000e+00 0.00000000e+00
 0.00000000e+00 0.00000000e+00 0.00000000e+00 0.00000000e+00
 1.46799802e+02 1.71244152e+02 1.94442367e+02 2.19306875e+02
 2.45109473e+02 2.64933613e+02 2.82582448e+02 2.93436476e+02
 2.94264412e+02 2.86403784e+02 2.66012275e+02 2.33533716e+02
 1.89644806e+02 1.36857619e+02 8.44545025e+01 4.12893716e+01
 1.54266343e+01 4.20306017e+00 5.74947567e-03 0.00000000e+00
 0.00000000e+00]
5
data after
[146.79980179369926, 171.24415227820398, 194.4423665789652, 219.30687526859285, 245.10947274261474, 264.93361281485556, 282.58244802782536, 293.4364757916212, 294.2644118719101, 286.4037838320434, 266.0122745940447, 233.53371600089073, 189.6448058155954, 136.8576188626945, 84.45450246306807, 60.924815512286884]
6
data,sig_tot
[146.79980179 171.24415228 194.44236658 219.30687527 245.10947274
 264.93361281 282.58244803 293.43647579 294.26441187 286.40378383
 266.01227459 233.533716   189.64480582 136.85761886  84.45450246
  60.92481551  24.13159832  29.66104225  35.90551312  42.85302783
  50.4685521   57.35813117  64.41219029  69.56607804  73.00502364
  73.25372788  69.37428395  61.12406266  49.32718552  35.24050714
  37.26188901]
[146.79980179 171.24415228 194.44236658 219.30687527 245.10947274
 264.93361281 282.58244803 293.43647579 294.26441187 286.40378383
 266.01227459 233.533716   189.64480582 136.85761886  84.45450246
  60.92481551  24.13159832  29.66104225  35.90551312  42.85302783
  50.4685521   57.35813117  64.41219029  69.56607804  73.00502364
  73.25372788  69.37428395  61.12406266  49.32718552  35.24050714
  37.26188901]
2.417738283241448 14.336522506215426 64.93531378258317
val isze = 0
idinces = [ 8  9 23 18 15 24 28 20  7 27  0  4 14 13  5 21 12 16 26 30 17 22 10 11
 25  2  3 19  1  6 29]
training loss = 2.8408639430999756 500
training loss = 1.267677664756775 1000
reduced chi^2 level 2 = 1.2681002616882324
Constrained alpha: 2.3702938556671143
Constrained beta: 3.9262750148773193
Constrained gamma: 37.69636154174805
(1, 31)
(1, 0)
data before
[0.00000000e+00 0.00000000e+00 0.00000000e+00 0.00000000e+00
 0.00000000e+00 0.00000000e+00 0.00000000e+00 0.00000000e+00
 0.00000000e+00 0.00000000e+00 0.00000000e+00 0.00000000e+00
 0.00000000e+00 0.00000000e+00 0.00000000e+00 0.00000000e+00
 0.00000000e+00 0.00000000e+00 0.00000000e+00 0.00000000e+00
 1.46799802e+02 1.71244152e+02 1.94442367e+02 2.19306875e+02
 2.45109473e+02 2.64933613e+02 2.82582448e+02 2.93436476e+02
 2.94264412e+02 2.86403784e+02 2.66012275e+02 2.33533716e+02
 1.89644806e+02 1.36857619e+02 8.44545025e+01 4.12893716e+01
 1.54266343e+01 4.20306017e+00 5.74947567e-03 0.00000000e+00
 0.00000000e+00]
5
data after
[146.79980179369926, 171.24415227820398, 194.4423665789652, 219.30687526859285, 245.10947274261474, 264.93361281485556, 282.58244802782536, 293.4364757916212, 294.2644118719101, 286.4037838320434, 266.0122745940447, 233.53371600089073, 189.6448058155954, 136.8576188626945, 84.45450246306807, 60.924815512286884]
6
data,sig_tot
[146.79980179 171.24415228 194.44236658 219.30687527 245.10947274
 264.93361281 282.58244803 293.43647579 294.26441187 286.40378383
 266.01227459 233.533716   189.64480582 136.85761886  84.45450246
  60.92481551  24.13159832  29.66104225  35.90551312  42.85302783
  50.4685521   57.35813117  64.41219029  69.56607804  73.00502364
  73.25372788  69.37428395  61.12406266  49.32718552  35.24050714
  37.26188901]
[146.79980179 171.24415228 194.44236658 219.30687527 245.10947274
 264.93361281 282.58244803 293.43647579 294.26441187 286.40378383
 266.01227459 233.533716   189.64480582 136.85761886  84.45450246
  60.92481551  24.13159832  29.66104225  35.90551312  42.85302783
  50.4685521   57.35813117  64.41219029  69.56607804  73.00502364
  73.25372788  69.37428395  61.12406266  49.32718552  35.24050714
  37.26188901]
4.248826069684811 9.60433729479255 25.628486293320073
val isze = 0
idinces = [24 15 19 20 21 26 16 12  3 14 13  1 18 30 27 11  7  6  8  9  5 23 29 25
 28  4 17  0 10  2 22]
training loss = 58.41646957397461 500
training loss = 2.257392644882202 1000
training loss = 1.8097156286239624 1500
training loss = 1.7456640005111694 2000
training loss = 1.7289239168167114 2500
training loss = 1.7110838890075684 3000
training loss = 1.701103687286377 3500
training loss = 1.6920603513717651 4000
training loss = 1.6841636896133423 4500
training loss = 1.678048849105835 5000
reduced chi^2 level 2 = 1.678036093711853
Constrained alpha: 3.413569927215576
Constrained beta: 0.7988703846931458
Constrained gamma: 6.581902980804443
(1, 31)
(1, 0)
data before
[0.00000000e+00 0.00000000e+00 0.00000000e+00 0.00000000e+00
 0.00000000e+00 0.00000000e+00 0.00000000e+00 0.00000000e+00
 0.00000000e+00 0.00000000e+00 0.00000000e+00 0.00000000e+00
 0.00000000e+00 0.00000000e+00 0.00000000e+00 0.00000000e+00
 0.00000000e+00 0.00000000e+00 0.00000000e+00 0.00000000e+00
 1.46799802e+02 1.71244152e+02 1.94442367e+02 2.19306875e+02
 2.45109473e+02 2.64933613e+02 2.82582448e+02 2.93436476e+02
 2.94264412e+02 2.86403784e+02 2.66012275e+02 2.33533716e+02
 1.89644806e+02 1.36857619e+02 8.44545025e+01 4.12893716e+01
 1.54266343e+01 4.20306017e+00 5.74947567e-03 0.00000000e+00
 0.00000000e+00]
5
data after
[146.79980179369926, 171.24415227820398, 194.4423665789652, 219.30687526859285, 245.10947274261474, 264.93361281485556, 282.58244802782536, 293.4364757916212, 294.2644118719101, 286.4037838320434, 266.0122745940447, 233.53371600089073, 189.6448058155954, 136.8576188626945, 84.45450246306807, 60.924815512286884]
6
data,sig_tot
[146.79980179 171.24415228 194.44236658 219.30687527 245.10947274
 264.93361281 282.58244803 293.43647579 294.26441187 286.40378383
 266.01227459 233.533716   189.64480582 136.85761886  84.45450246
  60.92481551  24.13159832  29.66104225  35.90551312  42.85302783
  50.4685521   57.35813117  64.41219029  69.56607804  73.00502364
  73.25372788  69.37428395  61.12406266  49.32718552  35.24050714
  37.26188901]
[146.79980179 171.24415228 194.44236658 219.30687527 245.10947274
 264.93361281 282.58244803 293.43647579 294.26441187 286.40378383
 266.01227459 233.533716   189.64480582 136.85761886  84.45450246
  60.92481551  24.13159832  29.66104225  35.90551312  42.85302783
  50.4685521   57.35813117  64.41219029  69.56607804  73.00502364
  73.25372788  69.37428395  61.12406266  49.32718552  35.24050714
  37.26188901]
0.7701605752334978 19.60816778768043 54.294082332168394
val isze = 0
idinces = [26  9 15 20  6 28 24  1 10 29  3  8 25 19  7 14  5 27 12 11 18  4 30 16
 21  0 17 23 22  2 13]
training loss = 7.984764099121094 500
training loss = 1.5836936235427856 1000
training loss = 1.2045058012008667 1500
training loss = 1.177474856376648 2000
training loss = 1.1668615341186523 2500
reduced chi^2 level 2 = 1.1651631593704224
Constrained alpha: 2.4589390754699707
Constrained beta: 2.2076656818389893
Constrained gamma: 5.351006507873535
(1, 31)
(1, 0)
data before
[0.00000000e+00 0.00000000e+00 0.00000000e+00 0.00000000e+00
 0.00000000e+00 0.00000000e+00 0.00000000e+00 0.00000000e+00
 0.00000000e+00 0.00000000e+00 0.00000000e+00 0.00000000e+00
 0.00000000e+00 0.00000000e+00 0.00000000e+00 0.00000000e+00
 0.00000000e+00 0.00000000e+00 0.00000000e+00 0.00000000e+00
 1.46799802e+02 1.71244152e+02 1.94442367e+02 2.19306875e+02
 2.45109473e+02 2.64933613e+02 2.82582448e+02 2.93436476e+02
 2.94264412e+02 2.86403784e+02 2.66012275e+02 2.33533716e+02
 1.89644806e+02 1.36857619e+02 8.44545025e+01 4.12893716e+01
 1.54266343e+01 4.20306017e+00 5.74947567e-03 0.00000000e+00
 0.00000000e+00]
5
data after
[146.79980179369926, 171.24415227820398, 194.4423665789652, 219.30687526859285, 245.10947274261474, 264.93361281485556, 282.58244802782536, 293.4364757916212, 294.2644118719101, 286.4037838320434, 266.0122745940447, 233.53371600089073, 189.6448058155954, 136.8576188626945, 84.45450246306807, 60.924815512286884]
6
data,sig_tot
[146.79980179 171.24415228 194.44236658 219.30687527 245.10947274
 264.93361281 282.58244803 293.43647579 294.26441187 286.40378383
 266.01227459 233.533716   189.64480582 136.85761886  84.45450246
  60.92481551  24.13159832  29.66104225  35.90551312  42.85302783
  50.4685521   57.35813117  64.41219029  69.56607804  73.00502364
  73.25372788  69.37428395  61.12406266  49.32718552  35.24050714
  37.26188901]
[146.79980179 171.24415228 194.44236658 219.30687527 245.10947274
 264.93361281 282.58244803 293.43647579 294.26441187 286.40378383
 266.01227459 233.533716   189.64480582 136.85761886  84.45450246
  60.92481551  24.13159832  29.66104225  35.90551312  42.85302783
  50.4685521   57.35813117  64.41219029  69.56607804  73.00502364
  73.25372788  69.37428395  61.12406266  49.32718552  35.24050714
  37.26188901]
2.0061042218555993 11.094072595583466 83.44800324921633
val isze = 0
idinces = [20 25  8 21  9 13 12  0 22  4 24 26 27 10 15 30  5 19 18 28 23 11 14 17
 16  1  6  2 29  7  3]
training loss = 1.0663063526153564 500
training loss = 1.016110897064209 1000
training loss = 1.0117950439453125 1500
reduced chi^2 level 2 = 1.0114598274230957
Constrained alpha: 2.3334898948669434
Constrained beta: 2.866319179534912
Constrained gamma: 37.92539978027344
(1, 31)
(1, 0)
data before
[0.00000000e+00 0.00000000e+00 0.00000000e+00 0.00000000e+00
 0.00000000e+00 0.00000000e+00 0.00000000e+00 0.00000000e+00
 0.00000000e+00 0.00000000e+00 0.00000000e+00 0.00000000e+00
 0.00000000e+00 0.00000000e+00 0.00000000e+00 0.00000000e+00
 0.00000000e+00 0.00000000e+00 0.00000000e+00 0.00000000e+00
 1.46799802e+02 1.71244152e+02 1.94442367e+02 2.19306875e+02
 2.45109473e+02 2.64933613e+02 2.82582448e+02 2.93436476e+02
 2.94264412e+02 2.86403784e+02 2.66012275e+02 2.33533716e+02
 1.89644806e+02 1.36857619e+02 8.44545025e+01 4.12893716e+01
 1.54266343e+01 4.20306017e+00 5.74947567e-03 0.00000000e+00
 0.00000000e+00]
5
data after
[146.79980179369926, 171.24415227820398, 194.4423665789652, 219.30687526859285, 245.10947274261474, 264.93361281485556, 282.58244802782536, 293.4364757916212, 294.2644118719101, 286.4037838320434, 266.0122745940447, 233.53371600089073, 189.6448058155954, 136.8576188626945, 84.45450246306807, 60.924815512286884]
6
data,sig_tot
[146.79980179 171.24415228 194.44236658 219.30687527 245.10947274
 264.93361281 282.58244803 293.43647579 294.26441187 286.40378383
 266.01227459 233.533716   189.64480582 136.85761886  84.45450246
  60.92481551  24.13159832  29.66104225  35.90551312  42.85302783
  50.4685521   57.35813117  64.41219029  69.56607804  73.00502364
  73.25372788  69.37428395  61.12406266  49.32718552  35.24050714
  37.26188901]
[146.79980179 171.24415228 194.44236658 219.30687527 245.10947274
 264.93361281 282.58244803 293.43647579 294.26441187 286.40378383
 266.01227459 233.533716   189.64480582 136.85761886  84.45450246
  60.92481551  24.13159832  29.66104225  35.90551312  42.85302783
  50.4685521   57.35813117  64.41219029  69.56607804  73.00502364
  73.25372788  69.37428395  61.12406266  49.32718552  35.24050714
  37.26188901]
0.5154053298006583 18.83663248060045 32.990062844529135
val isze = 0
idinces = [14  5  4  9 13 18 28 23  8 17 10 20 15 27 19 24  1 21 29  0 22 16  2  7
 25 26  3  6 30 12 11]
training loss = 7.463389873504639 500
training loss = 1.43498694896698 1000
training loss = 1.1961820125579834 1500
training loss = 1.1774749755859375 2000
training loss = 1.1662366390228271 2500
training loss = 1.158745527267456 3000
reduced chi^2 level 2 = 1.1572577953338623
Constrained alpha: 2.463467836380005
Constrained beta: 2.564016580581665
Constrained gamma: 4.086706638336182
(1, 31)
(1, 0)
data before
[0.00000000e+00 0.00000000e+00 0.00000000e+00 0.00000000e+00
 0.00000000e+00 0.00000000e+00 0.00000000e+00 0.00000000e+00
 0.00000000e+00 0.00000000e+00 0.00000000e+00 0.00000000e+00
 0.00000000e+00 0.00000000e+00 0.00000000e+00 0.00000000e+00
 0.00000000e+00 0.00000000e+00 0.00000000e+00 0.00000000e+00
 1.46799802e+02 1.71244152e+02 1.94442367e+02 2.19306875e+02
 2.45109473e+02 2.64933613e+02 2.82582448e+02 2.93436476e+02
 2.94264412e+02 2.86403784e+02 2.66012275e+02 2.33533716e+02
 1.89644806e+02 1.36857619e+02 8.44545025e+01 4.12893716e+01
 1.54266343e+01 4.20306017e+00 5.74947567e-03 0.00000000e+00
 0.00000000e+00]
5
data after
[146.79980179369926, 171.24415227820398, 194.4423665789652, 219.30687526859285, 245.10947274261474, 264.93361281485556, 282.58244802782536, 293.4364757916212, 294.2644118719101, 286.4037838320434, 266.0122745940447, 233.53371600089073, 189.6448058155954, 136.8576188626945, 84.45450246306807, 60.924815512286884]
6
data,sig_tot
[146.79980179 171.24415228 194.44236658 219.30687527 245.10947274
 264.93361281 282.58244803 293.43647579 294.26441187 286.40378383
 266.01227459 233.533716   189.64480582 136.85761886  84.45450246
  60.92481551  24.13159832  29.66104225  35.90551312  42.85302783
  50.4685521   57.35813117  64.41219029  69.56607804  73.00502364
  73.25372788  69.37428395  61.12406266  49.32718552  35.24050714
  37.26188901]
[146.79980179 171.24415228 194.44236658 219.30687527 245.10947274
 264.93361281 282.58244803 293.43647579 294.26441187 286.40378383
 266.01227459 233.533716   189.64480582 136.85761886  84.45450246
  60.92481551  24.13159832  29.66104225  35.90551312  42.85302783
  50.4685521   57.35813117  64.41219029  69.56607804  73.00502364
  73.25372788  69.37428395  61.12406266  49.32718552  35.24050714
  37.26188901]
0.3314810450298916 18.630797637533906 45.14338391641759
val isze = 0
idinces = [29 26 11  6  4  9  2 15  8 22 27  5 28  0 12 25 24 14 19  1 30 18 23 13
  7  3 20 16 21 17 10]
training loss = 6.227096080780029 500
training loss = 1.5960782766342163 1000
training loss = 1.300827980041504 1500
training loss = 1.2835594415664673 2000
reduced chi^2 level 2 = 1.2820922136306763
Constrained alpha: 2.476325035095215
Constrained beta: 3.4503777027130127
Constrained gamma: 5.852785110473633
(1, 31)
(1, 0)
