data before
[0.00000000e+00 0.00000000e+00 0.00000000e+00 0.00000000e+00
 0.00000000e+00 0.00000000e+00 0.00000000e+00 0.00000000e+00
 0.00000000e+00 0.00000000e+00 0.00000000e+00 0.00000000e+00
 0.00000000e+00 0.00000000e+00 0.00000000e+00 0.00000000e+00
 0.00000000e+00 0.00000000e+00 0.00000000e+00 0.00000000e+00
 1.46799802e+02 1.71244152e+02 1.94442367e+02 2.19306875e+02
 2.45109473e+02 2.64933613e+02 2.82582448e+02 2.93436476e+02
 2.94264412e+02 2.86403784e+02 2.66012275e+02 2.33533716e+02
 1.89644806e+02 1.36857619e+02 8.44545025e+01 4.12893716e+01
 1.54266343e+01 4.20306017e+00 5.74947567e-03 0.00000000e+00
 0.00000000e+00]
5
data after
[146.79980179369926, 171.24415227820398, 194.4423665789652, 219.30687526859285, 245.10947274261474, 264.93361281485556, 282.58244802782536, 293.4364757916212, 294.2644118719101, 286.4037838320434, 266.0122745940447, 233.53371600089073, 189.6448058155954, 136.8576188626945, 84.45450246306807, 60.924815512286884]
6
data,sig_tot
[146.79980179 171.24415228 194.44236658 219.30687527 245.10947274
 264.93361281 282.58244803 293.43647579 294.26441187 286.40378383
 266.01227459 233.533716   189.64480582 136.85761886  84.45450246
  60.92481551  24.13159832  29.66104225  35.90551312  42.85302783
  50.4685521   57.35813117  64.41219029  69.56607804  73.00502364
  73.25372788  69.37428395  61.12406266  49.32718552  35.24050714
  37.26188901]
[146.79980179 171.24415228 194.44236658 219.30687527 245.10947274
 264.93361281 282.58244803 293.43647579 294.26441187 286.40378383
 266.01227459 233.533716   189.64480582 136.85761886  84.45450246
  60.92481551  24.13159832  29.66104225  35.90551312  42.85302783
  50.4685521   57.35813117  64.41219029  69.56607804  73.00502364
  73.25372788  69.37428395  61.12406266  49.32718552  35.24050714
  37.26188901]
0.5799535217874457 7.340213649379637 26.248109844757074
val isze = 0
idinces = [27 18 24 14 15 10 11 16 19 30 12 25 20  3 17 23 29 13  7  9 28 21  6  8
  0  4  1 22  2  5 26]
training loss = 2.8191795349121094 500
training loss = 2.4825427532196045 1000
(1, 31)
(1, 0)
data before
[0.00000000e+00 0.00000000e+00 0.00000000e+00 0.00000000e+00
 0.00000000e+00 0.00000000e+00 0.00000000e+00 0.00000000e+00
 0.00000000e+00 0.00000000e+00 0.00000000e+00 0.00000000e+00
 0.00000000e+00 0.00000000e+00 0.00000000e+00 0.00000000e+00
 0.00000000e+00 0.00000000e+00 0.00000000e+00 0.00000000e+00
 1.46799802e+02 1.71244152e+02 1.94442367e+02 2.19306875e+02
 2.45109473e+02 2.64933613e+02 2.82582448e+02 2.93436476e+02
 2.94264412e+02 2.86403784e+02 2.66012275e+02 2.33533716e+02
 1.89644806e+02 1.36857619e+02 8.44545025e+01 4.12893716e+01
 1.54266343e+01 4.20306017e+00 5.74947567e-03 0.00000000e+00
 0.00000000e+00]
5
data after
[146.79980179369926, 171.24415227820398, 194.4423665789652, 219.30687526859285, 245.10947274261474, 264.93361281485556, 282.58244802782536, 293.4364757916212, 294.2644118719101, 286.4037838320434, 266.0122745940447, 233.53371600089073, 189.6448058155954, 136.8576188626945, 84.45450246306807, 60.924815512286884]
6
data,sig_tot
[146.79980179 171.24415228 194.44236658 219.30687527 245.10947274
 264.93361281 282.58244803 293.43647579 294.26441187 286.40378383
 266.01227459 233.533716   189.64480582 136.85761886  84.45450246
  60.92481551  24.13159832  29.66104225  35.90551312  42.85302783
  50.4685521   57.35813117  64.41219029  69.56607804  73.00502364
  73.25372788  69.37428395  61.12406266  49.32718552  35.24050714
  37.26188901]
[146.79980179 171.24415228 194.44236658 219.30687527 245.10947274
 264.93361281 282.58244803 293.43647579 294.26441187 286.40378383
 266.01227459 233.533716   189.64480582 136.85761886  84.45450246
  60.92481551  24.13159832  29.66104225  35.90551312  42.85302783
  50.4685521   57.35813117  64.41219029  69.56607804  73.00502364
  73.25372788  69.37428395  61.12406266  49.32718552  35.24050714
  37.26188901]
4.173347371216149 9.864146109823057 84.05838723958027
val isze = 0
idinces = [24 10  8 13  9 20  2 23  0  7 19 11 22 25 12 30 28 26  4  3 14  6 16 17
 27 21  5  1 15 29 18]
training loss = 82.646484375 500
training loss = 76.26020812988281 1000
training loss = 62.37743377685547 1500
training loss = 7.89204216003418 2000
training loss = 6.237859725952148 2500
training loss = 4.794275283813477 3000
training loss = 3.091334342956543 3500
training loss = 2.1217377185821533 4000
training loss = 1.6908371448516846 4500
training loss = 1.5123388767242432 5000
reduced chi^2 level 2 = 1.5121312141418457
Constrained alpha: 2.3413164615631104
Constrained beta: 3.3238937854766846
Constrained gamma: 47.26503372192383
(1, 31)
(1, 0)
data before
[0.00000000e+00 0.00000000e+00 0.00000000e+00 0.00000000e+00
 0.00000000e+00 0.00000000e+00 0.00000000e+00 0.00000000e+00
 0.00000000e+00 0.00000000e+00 0.00000000e+00 0.00000000e+00
 0.00000000e+00 0.00000000e+00 0.00000000e+00 0.00000000e+00
 0.00000000e+00 0.00000000e+00 0.00000000e+00 0.00000000e+00
 1.46799802e+02 1.71244152e+02 1.94442367e+02 2.19306875e+02
 2.45109473e+02 2.64933613e+02 2.82582448e+02 2.93436476e+02
 2.94264412e+02 2.86403784e+02 2.66012275e+02 2.33533716e+02
 1.89644806e+02 1.36857619e+02 8.44545025e+01 4.12893716e+01
 1.54266343e+01 4.20306017e+00 5.74947567e-03 0.00000000e+00
 0.00000000e+00]
5
data after
[146.79980179369926, 171.24415227820398, 194.4423665789652, 219.30687526859285, 245.10947274261474, 264.93361281485556, 282.58244802782536, 293.4364757916212, 294.2644118719101, 286.4037838320434, 266.0122745940447, 233.53371600089073, 189.6448058155954, 136.8576188626945, 84.45450246306807, 60.924815512286884]
6
data,sig_tot
[146.79980179 171.24415228 194.44236658 219.30687527 245.10947274
 264.93361281 282.58244803 293.43647579 294.26441187 286.40378383
 266.01227459 233.533716   189.64480582 136.85761886  84.45450246
  60.92481551  24.13159832  29.66104225  35.90551312  42.85302783
  50.4685521   57.35813117  64.41219029  69.56607804  73.00502364
  73.25372788  69.37428395  61.12406266  49.32718552  35.24050714
  37.26188901]
[146.79980179 171.24415228 194.44236658 219.30687527 245.10947274
 264.93361281 282.58244803 293.43647579 294.26441187 286.40378383
 266.01227459 233.533716   189.64480582 136.85761886  84.45450246
  60.92481551  24.13159832  29.66104225  35.90551312  42.85302783
  50.4685521   57.35813117  64.41219029  69.56607804  73.00502364
  73.25372788  69.37428395  61.12406266  49.32718552  35.24050714
  37.26188901]
0.674241271231823 19.300876661700045 14.593264160999642
val isze = 0
idinces = [ 5 28 11 15  8 20  1 22 16 10 12 23 24 29  4 18  2 13 30 27 17  3 26 21
 25  9 14  6  0 19  7]
training loss = 6.648950099945068 500
training loss = 1.726670265197754 1000
reduced chi^2 level 2 = 1.7236378192901611
Constrained alpha: 2.457399606704712
Constrained beta: 3.007575273513794
Constrained gamma: 7.5809221267700195
(1, 31)
(1, 0)
data before
[0.00000000e+00 0.00000000e+00 0.00000000e+00 0.00000000e+00
 0.00000000e+00 0.00000000e+00 0.00000000e+00 0.00000000e+00
 0.00000000e+00 0.00000000e+00 0.00000000e+00 0.00000000e+00
 0.00000000e+00 0.00000000e+00 0.00000000e+00 0.00000000e+00
 0.00000000e+00 0.00000000e+00 0.00000000e+00 0.00000000e+00
 1.46799802e+02 1.71244152e+02 1.94442367e+02 2.19306875e+02
 2.45109473e+02 2.64933613e+02 2.82582448e+02 2.93436476e+02
 2.94264412e+02 2.86403784e+02 2.66012275e+02 2.33533716e+02
 1.89644806e+02 1.36857619e+02 8.44545025e+01 4.12893716e+01
 1.54266343e+01 4.20306017e+00 5.74947567e-03 0.00000000e+00
 0.00000000e+00]
5
data after
[146.79980179369926, 171.24415227820398, 194.4423665789652, 219.30687526859285, 245.10947274261474, 264.93361281485556, 282.58244802782536, 293.4364757916212, 294.2644118719101, 286.4037838320434, 266.0122745940447, 233.53371600089073, 189.6448058155954, 136.8576188626945, 84.45450246306807, 60.924815512286884]
6
data,sig_tot
[146.79980179 171.24415228 194.44236658 219.30687527 245.10947274
 264.93361281 282.58244803 293.43647579 294.26441187 286.40378383
 266.01227459 233.533716   189.64480582 136.85761886  84.45450246
  60.92481551  24.13159832  29.66104225  35.90551312  42.85302783
  50.4685521   57.35813117  64.41219029  69.56607804  73.00502364
  73.25372788  69.37428395  61.12406266  49.32718552  35.24050714
  37.26188901]
[146.79980179 171.24415228 194.44236658 219.30687527 245.10947274
 264.93361281 282.58244803 293.43647579 294.26441187 286.40378383
 266.01227459 233.533716   189.64480582 136.85761886  84.45450246
  60.92481551  24.13159832  29.66104225  35.90551312  42.85302783
  50.4685521   57.35813117  64.41219029  69.56607804  73.00502364
  73.25372788  69.37428395  61.12406266  49.32718552  35.24050714
  37.26188901]
4.747812891202288 16.95119844107143 53.54918145737443
val isze = 0
idinces = [ 7 15 29 30 20 17  2  6 18  8 27 28 25  0 23  1  3  4 13 26 14  9 10 24
 21 11  5 16 19 22 12]
(1, 31)
(1, 0)
data before
[0.00000000e+00 0.00000000e+00 0.00000000e+00 0.00000000e+00
 0.00000000e+00 0.00000000e+00 0.00000000e+00 0.00000000e+00
 0.00000000e+00 0.00000000e+00 0.00000000e+00 0.00000000e+00
 0.00000000e+00 0.00000000e+00 0.00000000e+00 0.00000000e+00
 0.00000000e+00 0.00000000e+00 0.00000000e+00 0.00000000e+00
 1.46799802e+02 1.71244152e+02 1.94442367e+02 2.19306875e+02
 2.45109473e+02 2.64933613e+02 2.82582448e+02 2.93436476e+02
 2.94264412e+02 2.86403784e+02 2.66012275e+02 2.33533716e+02
 1.89644806e+02 1.36857619e+02 8.44545025e+01 4.12893716e+01
 1.54266343e+01 4.20306017e+00 5.74947567e-03 0.00000000e+00
 0.00000000e+00]
5
data after
[146.79980179369926, 171.24415227820398, 194.4423665789652, 219.30687526859285, 245.10947274261474, 264.93361281485556, 282.58244802782536, 293.4364757916212, 294.2644118719101, 286.4037838320434, 266.0122745940447, 233.53371600089073, 189.6448058155954, 136.8576188626945, 84.45450246306807, 60.924815512286884]
6
data,sig_tot
[146.79980179 171.24415228 194.44236658 219.30687527 245.10947274
 264.93361281 282.58244803 293.43647579 294.26441187 286.40378383
 266.01227459 233.533716   189.64480582 136.85761886  84.45450246
  60.92481551  24.13159832  29.66104225  35.90551312  42.85302783
  50.4685521   57.35813117  64.41219029  69.56607804  73.00502364
  73.25372788  69.37428395  61.12406266  49.32718552  35.24050714
  37.26188901]
[146.79980179 171.24415228 194.44236658 219.30687527 245.10947274
 264.93361281 282.58244803 293.43647579 294.26441187 286.40378383
 266.01227459 233.533716   189.64480582 136.85761886  84.45450246
  60.92481551  24.13159832  29.66104225  35.90551312  42.85302783
  50.4685521   57.35813117  64.41219029  69.56607804  73.00502364
  73.25372788  69.37428395  61.12406266  49.32718552  35.24050714
  37.26188901]
2.597149656760713 0.3538923472173239 74.59561414140252
val isze = 0
idinces = [20 16  8 14  6 23  3 18 26 27  2 22  7 17  5  1 10 30 13 11  9 29 28 25
 15  0 19 12 24 21  4]
training loss = 1.5687949657440186 500
training loss = 1.5595279932022095 1000
training loss = 1.5516020059585571 1500
training loss = 1.5652718544006348 2000
training loss = 1.6196035146713257 2500
training loss = 1.5360262393951416 3000
reduced chi^2 level 2 = 1.5263630151748657
Constrained alpha: 2.6385738849639893
Constrained beta: 0.9309232234954834
Constrained gamma: 10.686577796936035
(1, 31)
(1, 0)
data before
[0.00000000e+00 0.00000000e+00 0.00000000e+00 0.00000000e+00
 0.00000000e+00 0.00000000e+00 0.00000000e+00 0.00000000e+00
 0.00000000e+00 0.00000000e+00 0.00000000e+00 0.00000000e+00
 0.00000000e+00 0.00000000e+00 0.00000000e+00 0.00000000e+00
 0.00000000e+00 0.00000000e+00 0.00000000e+00 0.00000000e+00
 1.46799802e+02 1.71244152e+02 1.94442367e+02 2.19306875e+02
 2.45109473e+02 2.64933613e+02 2.82582448e+02 2.93436476e+02
 2.94264412e+02 2.86403784e+02 2.66012275e+02 2.33533716e+02
 1.89644806e+02 1.36857619e+02 8.44545025e+01 4.12893716e+01
 1.54266343e+01 4.20306017e+00 5.74947567e-03 0.00000000e+00
 0.00000000e+00]
5
data after
[146.79980179369926, 171.24415227820398, 194.4423665789652, 219.30687526859285, 245.10947274261474, 264.93361281485556, 282.58244802782536, 293.4364757916212, 294.2644118719101, 286.4037838320434, 266.0122745940447, 233.53371600089073, 189.6448058155954, 136.8576188626945, 84.45450246306807, 60.924815512286884]
6
data,sig_tot
[146.79980179 171.24415228 194.44236658 219.30687527 245.10947274
 264.93361281 282.58244803 293.43647579 294.26441187 286.40378383
 266.01227459 233.533716   189.64480582 136.85761886  84.45450246
  60.92481551  24.13159832  29.66104225  35.90551312  42.85302783
  50.4685521   57.35813117  64.41219029  69.56607804  73.00502364
  73.25372788  69.37428395  61.12406266  49.32718552  35.24050714
  37.26188901]
[146.79980179 171.24415228 194.44236658 219.30687527 245.10947274
 264.93361281 282.58244803 293.43647579 294.26441187 286.40378383
 266.01227459 233.533716   189.64480582 136.85761886  84.45450246
  60.92481551  24.13159832  29.66104225  35.90551312  42.85302783
  50.4685521   57.35813117  64.41219029  69.56607804  73.00502364
  73.25372788  69.37428395  61.12406266  49.32718552  35.24050714
  37.26188901]
1.4774250386335668 2.6804601678875994 11.403224794678868
val isze = 0
idinces = [ 7 28  4 26 14  9 30 24  1 11 10 17  5 22 15 23 19  6 27 18 16 20 21 12
  8  0 13  2  3 25 29]
training loss = 2.3125319480895996 500
training loss = 2.2992799282073975 1000
training loss = 2.2976417541503906 1500
training loss = 2.2935307025909424 2000
training loss = 2.2863333225250244 2500
training loss = 2.2732932567596436 3000
training loss = 1.575523853302002 3500
reduced chi^2 level 2 = 1.5733875036239624
Constrained alpha: 2.4587695598602295
Constrained beta: 1.7693719863891602
Constrained gamma: 4.4110846519470215
(1, 31)
(1, 0)
data before
[0.00000000e+00 0.00000000e+00 0.00000000e+00 0.00000000e+00
 0.00000000e+00 0.00000000e+00 0.00000000e+00 0.00000000e+00
 0.00000000e+00 0.00000000e+00 0.00000000e+00 0.00000000e+00
 0.00000000e+00 0.00000000e+00 0.00000000e+00 0.00000000e+00
 0.00000000e+00 0.00000000e+00 0.00000000e+00 0.00000000e+00
 1.46799802e+02 1.71244152e+02 1.94442367e+02 2.19306875e+02
 2.45109473e+02 2.64933613e+02 2.82582448e+02 2.93436476e+02
 2.94264412e+02 2.86403784e+02 2.66012275e+02 2.33533716e+02
 1.89644806e+02 1.36857619e+02 8.44545025e+01 4.12893716e+01
 1.54266343e+01 4.20306017e+00 5.74947567e-03 0.00000000e+00
 0.00000000e+00]
5
data after
[146.79980179369926, 171.24415227820398, 194.4423665789652, 219.30687526859285, 245.10947274261474, 264.93361281485556, 282.58244802782536, 293.4364757916212, 294.2644118719101, 286.4037838320434, 266.0122745940447, 233.53371600089073, 189.6448058155954, 136.8576188626945, 84.45450246306807, 60.924815512286884]
6
data,sig_tot
[146.79980179 171.24415228 194.44236658 219.30687527 245.10947274
 264.93361281 282.58244803 293.43647579 294.26441187 286.40378383
 266.01227459 233.533716   189.64480582 136.85761886  84.45450246
  60.92481551  24.13159832  29.66104225  35.90551312  42.85302783
  50.4685521   57.35813117  64.41219029  69.56607804  73.00502364
  73.25372788  69.37428395  61.12406266  49.32718552  35.24050714
  37.26188901]
[146.79980179 171.24415228 194.44236658 219.30687527 245.10947274
 264.93361281 282.58244803 293.43647579 294.26441187 286.40378383
 266.01227459 233.533716   189.64480582 136.85761886  84.45450246
  60.92481551  24.13159832  29.66104225  35.90551312  42.85302783
  50.4685521   57.35813117  64.41219029  69.56607804  73.00502364
  73.25372788  69.37428395  61.12406266  49.32718552  35.24050714
  37.26188901]
3.7705958640190724 1.057111579098322 62.305177947417164
val isze = 0
idinces = [ 5 21 12  1 23  2 14 11 17 22 16 26 18  0 29  6 30 10 25 20 19  3  9 24
  7 13 15  4 28  8 27]
training loss = 3.4268946647644043 500
training loss = 1.1213996410369873 1000
training loss = 0.9689565896987915 1500
training loss = 0.9400585889816284 2000
training loss = 0.9198423624038696 2500
training loss = 0.9088667035102844 3000
reduced chi^2 level 2 = 0.9075807929039001
Constrained alpha: 3.4918179512023926
Constrained beta: 2.3078410625457764
Constrained gamma: 22.70940399169922
(1, 31)
(1, 0)
data before
[0.00000000e+00 0.00000000e+00 0.00000000e+00 0.00000000e+00
 0.00000000e+00 0.00000000e+00 0.00000000e+00 0.00000000e+00
 0.00000000e+00 0.00000000e+00 0.00000000e+00 0.00000000e+00
 0.00000000e+00 0.00000000e+00 0.00000000e+00 0.00000000e+00
 0.00000000e+00 0.00000000e+00 0.00000000e+00 0.00000000e+00
 1.46799802e+02 1.71244152e+02 1.94442367e+02 2.19306875e+02
 2.45109473e+02 2.64933613e+02 2.82582448e+02 2.93436476e+02
 2.94264412e+02 2.86403784e+02 2.66012275e+02 2.33533716e+02
 1.89644806e+02 1.36857619e+02 8.44545025e+01 4.12893716e+01
 1.54266343e+01 4.20306017e+00 5.74947567e-03 0.00000000e+00
 0.00000000e+00]
5
data after
[146.79980179369926, 171.24415227820398, 194.4423665789652, 219.30687526859285, 245.10947274261474, 264.93361281485556, 282.58244802782536, 293.4364757916212, 294.2644118719101, 286.4037838320434, 266.0122745940447, 233.53371600089073, 189.6448058155954, 136.8576188626945, 84.45450246306807, 60.924815512286884]
6
data,sig_tot
[146.79980179 171.24415228 194.44236658 219.30687527 245.10947274
 264.93361281 282.58244803 293.43647579 294.26441187 286.40378383
 266.01227459 233.533716   189.64480582 136.85761886  84.45450246
  60.92481551  24.13159832  29.66104225  35.90551312  42.85302783
  50.4685521   57.35813117  64.41219029  69.56607804  73.00502364
  73.25372788  69.37428395  61.12406266  49.32718552  35.24050714
  37.26188901]
[146.79980179 171.24415228 194.44236658 219.30687527 245.10947274
 264.93361281 282.58244803 293.43647579 294.26441187 286.40378383
 266.01227459 233.533716   189.64480582 136.85761886  84.45450246
  60.92481551  24.13159832  29.66104225  35.90551312  42.85302783
  50.4685521   57.35813117  64.41219029  69.56607804  73.00502364
  73.25372788  69.37428395  61.12406266  49.32718552  35.24050714
  37.26188901]
2.887770300577759 5.751108710717037 76.03093715142255
val isze = 0
idinces = [12 13 27  7  5 20 10  3  9  6 25  4 30  8 21  1 11 16  0 23 26 22  2 17
 24 28 14 29 18 19 15]
training loss = 1.8335543870925903 500
training loss = 1.737106204032898 1000
training loss = 1.6385694742202759 1500
training loss = 1.5619007349014282 2000
training loss = 1.4759830236434937 2500
training loss = 1.4298937320709229 3000
training loss = 1.4099156856536865 3500
reduced chi^2 level 2 = 1.4074287414550781
Constrained alpha: 3.105011463165283
Constrained beta: -0.008954612538218498
Constrained gamma: 6.181042194366455
(1, 31)
(1, 0)
data before
[0.00000000e+00 0.00000000e+00 0.00000000e+00 0.00000000e+00
 0.00000000e+00 0.00000000e+00 0.00000000e+00 0.00000000e+00
 0.00000000e+00 0.00000000e+00 0.00000000e+00 0.00000000e+00
 0.00000000e+00 0.00000000e+00 0.00000000e+00 0.00000000e+00
 0.00000000e+00 0.00000000e+00 0.00000000e+00 0.00000000e+00
 1.46799802e+02 1.71244152e+02 1.94442367e+02 2.19306875e+02
 2.45109473e+02 2.64933613e+02 2.82582448e+02 2.93436476e+02
 2.94264412e+02 2.86403784e+02 2.66012275e+02 2.33533716e+02
 1.89644806e+02 1.36857619e+02 8.44545025e+01 4.12893716e+01
 1.54266343e+01 4.20306017e+00 5.74947567e-03 0.00000000e+00
 0.00000000e+00]
5
data after
[146.79980179369926, 171.24415227820398, 194.4423665789652, 219.30687526859285, 245.10947274261474, 264.93361281485556, 282.58244802782536, 293.4364757916212, 294.2644118719101, 286.4037838320434, 266.0122745940447, 233.53371600089073, 189.6448058155954, 136.8576188626945, 84.45450246306807, 60.924815512286884]
6
data,sig_tot
[146.79980179 171.24415228 194.44236658 219.30687527 245.10947274
 264.93361281 282.58244803 293.43647579 294.26441187 286.40378383
 266.01227459 233.533716   189.64480582 136.85761886  84.45450246
  60.92481551  24.13159832  29.66104225  35.90551312  42.85302783
  50.4685521   57.35813117  64.41219029  69.56607804  73.00502364
  73.25372788  69.37428395  61.12406266  49.32718552  35.24050714
  37.26188901]
[146.79980179 171.24415228 194.44236658 219.30687527 245.10947274
 264.93361281 282.58244803 293.43647579 294.26441187 286.40378383
 266.01227459 233.533716   189.64480582 136.85761886  84.45450246
  60.92481551  24.13159832  29.66104225  35.90551312  42.85302783
  50.4685521   57.35813117  64.41219029  69.56607804  73.00502364
  73.25372788  69.37428395  61.12406266  49.32718552  35.24050714
  37.26188901]
0.8306076265336398 6.699124204916986 56.48425933380208
val isze = 0
idinces = [11 28  6 17  3 22 23 26 25  5  9  4  8 15 20 21 19  0 10 27 16 18 24  7
 29 13  2  1 30 12 14]
training loss = 1.7765504121780396 500
training loss = 1.5024601221084595 1000
reduced chi^2 level 2 = 1.5026832818984985
Constrained alpha: 2.362186908721924
Constrained beta: 3.05049991607666
Constrained gamma: 32.284454345703125
(1, 31)
(1, 0)
data before
[0.00000000e+00 0.00000000e+00 0.00000000e+00 0.00000000e+00
 0.00000000e+00 0.00000000e+00 0.00000000e+00 0.00000000e+00
 0.00000000e+00 0.00000000e+00 0.00000000e+00 0.00000000e+00
 0.00000000e+00 0.00000000e+00 0.00000000e+00 0.00000000e+00
 0.00000000e+00 0.00000000e+00 0.00000000e+00 0.00000000e+00
 1.46799802e+02 1.71244152e+02 1.94442367e+02 2.19306875e+02
 2.45109473e+02 2.64933613e+02 2.82582448e+02 2.93436476e+02
 2.94264412e+02 2.86403784e+02 2.66012275e+02 2.33533716e+02
 1.89644806e+02 1.36857619e+02 8.44545025e+01 4.12893716e+01
 1.54266343e+01 4.20306017e+00 5.74947567e-03 0.00000000e+00
 0.00000000e+00]
5
data after
[146.79980179369926, 171.24415227820398, 194.4423665789652, 219.30687526859285, 245.10947274261474, 264.93361281485556, 282.58244802782536, 293.4364757916212, 294.2644118719101, 286.4037838320434, 266.0122745940447, 233.53371600089073, 189.6448058155954, 136.8576188626945, 84.45450246306807, 60.924815512286884]
6
data,sig_tot
[146.79980179 171.24415228 194.44236658 219.30687527 245.10947274
 264.93361281 282.58244803 293.43647579 294.26441187 286.40378383
 266.01227459 233.533716   189.64480582 136.85761886  84.45450246
  60.92481551  24.13159832  29.66104225  35.90551312  42.85302783
  50.4685521   57.35813117  64.41219029  69.56607804  73.00502364
  73.25372788  69.37428395  61.12406266  49.32718552  35.24050714
  37.26188901]
[146.79980179 171.24415228 194.44236658 219.30687527 245.10947274
 264.93361281 282.58244803 293.43647579 294.26441187 286.40378383
 266.01227459 233.533716   189.64480582 136.85761886  84.45450246
  60.92481551  24.13159832  29.66104225  35.90551312  42.85302783
  50.4685521   57.35813117  64.41219029  69.56607804  73.00502364
  73.25372788  69.37428395  61.12406266  49.32718552  35.24050714
  37.26188901]
3.4374500394101397 4.528659434617577 97.04772878986499
val isze = 0
idinces = [15 30 28 23  1 14 16 17 29 22  2 13 21  3  9  7 18 26 19 20  4  8 12  0
  5 10  6 11 27 24 25]
training loss = 1.7212539911270142 500
training loss = 1.4811670780181885 1000
training loss = 1.4110465049743652 1500
training loss = 1.3634700775146484 2000
training loss = 1.3058923482894897 2500
training loss = 1.3086278438568115 3000
training loss = 1.2846527099609375 3500
reduced chi^2 level 2 = 1.2802335023880005
Constrained alpha: 2.92574405670166
Constrained beta: 2.2619316577911377
Constrained gamma: 15.01433277130127
(1, 31)
(1, 0)
data before
[0.00000000e+00 0.00000000e+00 0.00000000e+00 0.00000000e+00
 0.00000000e+00 0.00000000e+00 0.00000000e+00 0.00000000e+00
 0.00000000e+00 0.00000000e+00 0.00000000e+00 0.00000000e+00
 0.00000000e+00 0.00000000e+00 0.00000000e+00 0.00000000e+00
 0.00000000e+00 0.00000000e+00 0.00000000e+00 0.00000000e+00
 1.46799802e+02 1.71244152e+02 1.94442367e+02 2.19306875e+02
 2.45109473e+02 2.64933613e+02 2.82582448e+02 2.93436476e+02
 2.94264412e+02 2.86403784e+02 2.66012275e+02 2.33533716e+02
 1.89644806e+02 1.36857619e+02 8.44545025e+01 4.12893716e+01
 1.54266343e+01 4.20306017e+00 5.74947567e-03 0.00000000e+00
 0.00000000e+00]
5
data after
[146.79980179369926, 171.24415227820398, 194.4423665789652, 219.30687526859285, 245.10947274261474, 264.93361281485556, 282.58244802782536, 293.4364757916212, 294.2644118719101, 286.4037838320434, 266.0122745940447, 233.53371600089073, 189.6448058155954, 136.8576188626945, 84.45450246306807, 60.924815512286884]
6
data,sig_tot
[146.79980179 171.24415228 194.44236658 219.30687527 245.10947274
 264.93361281 282.58244803 293.43647579 294.26441187 286.40378383
 266.01227459 233.533716   189.64480582 136.85761886  84.45450246
  60.92481551  24.13159832  29.66104225  35.90551312  42.85302783
  50.4685521   57.35813117  64.41219029  69.56607804  73.00502364
  73.25372788  69.37428395  61.12406266  49.32718552  35.24050714
  37.26188901]
[146.79980179 171.24415228 194.44236658 219.30687527 245.10947274
 264.93361281 282.58244803 293.43647579 294.26441187 286.40378383
 266.01227459 233.533716   189.64480582 136.85761886  84.45450246
  60.92481551  24.13159832  29.66104225  35.90551312  42.85302783
  50.4685521   57.35813117  64.41219029  69.56607804  73.00502364
  73.25372788  69.37428395  61.12406266  49.32718552  35.24050714
  37.26188901]
4.159618663083887 19.85658862337434 28.408445603359667
val isze = 0
idinces = [23 21  2  7 29 17 12  5 28  9 20 25  0  4 22 26  6 24 13 10  1 19 11 15
 27 30  8 16 14  3 18]
training loss = 81.12757873535156 500
training loss = 2.3883090019226074 1000
training loss = 1.4981757402420044 1500
training loss = 1.3939952850341797 2000
training loss = 1.3204461336135864 2500
training loss = 1.280090093612671 3000
training loss = 1.2628059387207031 3500
training loss = 1.2528575658798218 4000
training loss = 1.241213083267212 4500
training loss = 1.2279340028762817 5000
reduced chi^2 level 2 = 1.2278398275375366
Constrained alpha: 2.416276693344116
Constrained beta: 2.0686869621276855
Constrained gamma: 4.472991943359375
(1, 31)
(1, 0)
data before
[0.00000000e+00 0.00000000e+00 0.00000000e+00 0.00000000e+00
 0.00000000e+00 0.00000000e+00 0.00000000e+00 0.00000000e+00
 0.00000000e+00 0.00000000e+00 0.00000000e+00 0.00000000e+00
 0.00000000e+00 0.00000000e+00 0.00000000e+00 0.00000000e+00
 0.00000000e+00 0.00000000e+00 0.00000000e+00 0.00000000e+00
 1.46799802e+02 1.71244152e+02 1.94442367e+02 2.19306875e+02
 2.45109473e+02 2.64933613e+02 2.82582448e+02 2.93436476e+02
 2.94264412e+02 2.86403784e+02 2.66012275e+02 2.33533716e+02
 1.89644806e+02 1.36857619e+02 8.44545025e+01 4.12893716e+01
 1.54266343e+01 4.20306017e+00 5.74947567e-03 0.00000000e+00
 0.00000000e+00]
5
data after
[146.79980179369926, 171.24415227820398, 194.4423665789652, 219.30687526859285, 245.10947274261474, 264.93361281485556, 282.58244802782536, 293.4364757916212, 294.2644118719101, 286.4037838320434, 266.0122745940447, 233.53371600089073, 189.6448058155954, 136.8576188626945, 84.45450246306807, 60.924815512286884]
6
data,sig_tot
[146.79980179 171.24415228 194.44236658 219.30687527 245.10947274
 264.93361281 282.58244803 293.43647579 294.26441187 286.40378383
 266.01227459 233.533716   189.64480582 136.85761886  84.45450246
  60.92481551  24.13159832  29.66104225  35.90551312  42.85302783
  50.4685521   57.35813117  64.41219029  69.56607804  73.00502364
  73.25372788  69.37428395  61.12406266  49.32718552  35.24050714
  37.26188901]
[146.79980179 171.24415228 194.44236658 219.30687527 245.10947274
 264.93361281 282.58244803 293.43647579 294.26441187 286.40378383
 266.01227459 233.533716   189.64480582 136.85761886  84.45450246
  60.92481551  24.13159832  29.66104225  35.90551312  42.85302783
  50.4685521   57.35813117  64.41219029  69.56607804  73.00502364
  73.25372788  69.37428395  61.12406266  49.32718552  35.24050714
  37.26188901]
0.8812484669595994 18.70454713034105 82.6543593848891
val isze = 0
idinces = [16 27  6  7 17 10  0 11  8  1 12 28 20  2  4 29  5  3 19 25 15 21 22 30
 23 14  9 24 18 26 13]
training loss = 8.819128036499023 500
training loss = 1.3091228008270264 1000
reduced chi^2 level 2 = 1.3013921976089478
Constrained alpha: 2.4445881843566895
Constrained beta: 3.751037836074829
Constrained gamma: 51.54311752319336
(1, 31)
(1, 0)
data before
[0.00000000e+00 0.00000000e+00 0.00000000e+00 0.00000000e+00
 0.00000000e+00 0.00000000e+00 0.00000000e+00 0.00000000e+00
 0.00000000e+00 0.00000000e+00 0.00000000e+00 0.00000000e+00
 0.00000000e+00 0.00000000e+00 0.00000000e+00 0.00000000e+00
 0.00000000e+00 0.00000000e+00 0.00000000e+00 0.00000000e+00
 1.46799802e+02 1.71244152e+02 1.94442367e+02 2.19306875e+02
 2.45109473e+02 2.64933613e+02 2.82582448e+02 2.93436476e+02
 2.94264412e+02 2.86403784e+02 2.66012275e+02 2.33533716e+02
 1.89644806e+02 1.36857619e+02 8.44545025e+01 4.12893716e+01
 1.54266343e+01 4.20306017e+00 5.74947567e-03 0.00000000e+00
 0.00000000e+00]
5
data after
[146.79980179369926, 171.24415227820398, 194.4423665789652, 219.30687526859285, 245.10947274261474, 264.93361281485556, 282.58244802782536, 293.4364757916212, 294.2644118719101, 286.4037838320434, 266.0122745940447, 233.53371600089073, 189.6448058155954, 136.8576188626945, 84.45450246306807, 60.924815512286884]
6
data,sig_tot
[146.79980179 171.24415228 194.44236658 219.30687527 245.10947274
 264.93361281 282.58244803 293.43647579 294.26441187 286.40378383
 266.01227459 233.533716   189.64480582 136.85761886  84.45450246
  60.92481551  24.13159832  29.66104225  35.90551312  42.85302783
  50.4685521   57.35813117  64.41219029  69.56607804  73.00502364
  73.25372788  69.37428395  61.12406266  49.32718552  35.24050714
  37.26188901]
[146.79980179 171.24415228 194.44236658 219.30687527 245.10947274
 264.93361281 282.58244803 293.43647579 294.26441187 286.40378383
 266.01227459 233.533716   189.64480582 136.85761886  84.45450246
  60.92481551  24.13159832  29.66104225  35.90551312  42.85302783
  50.4685521   57.35813117  64.41219029  69.56607804  73.00502364
  73.25372788  69.37428395  61.12406266  49.32718552  35.24050714
  37.26188901]
1.3280216091300934 10.992604575807858 19.348741715415652
val isze = 0
idinces = [24 27 12 11 22  7 25 20  0  6 16  1 21 26  9  8  5 18 10  2 29 19 14  3
 30  4 23 17 13 28 15]
training loss = 2.1825006008148193 500
training loss = 1.6156638860702515 1000
training loss = 1.5551213026046753 1500
training loss = 1.2744299173355103 2000
training loss = 1.2617775201797485 2500
training loss = 1.2245421409606934 3000
training loss = 1.2052464485168457 3500
training loss = 1.1913495063781738 4000
training loss = 1.0825679302215576 4500
training loss = 1.0206702947616577 5000
reduced chi^2 level 2 = 1.0206373929977417
Constrained alpha: 2.496973991394043
Constrained beta: 1.436838150024414
Constrained gamma: 4.416778564453125
(1, 31)
(1, 0)
data before
[0.00000000e+00 0.00000000e+00 0.00000000e+00 0.00000000e+00
 0.00000000e+00 0.00000000e+00 0.00000000e+00 0.00000000e+00
 0.00000000e+00 0.00000000e+00 0.00000000e+00 0.00000000e+00
 0.00000000e+00 0.00000000e+00 0.00000000e+00 0.00000000e+00
 0.00000000e+00 0.00000000e+00 0.00000000e+00 0.00000000e+00
 1.46799802e+02 1.71244152e+02 1.94442367e+02 2.19306875e+02
 2.45109473e+02 2.64933613e+02 2.82582448e+02 2.93436476e+02
 2.94264412e+02 2.86403784e+02 2.66012275e+02 2.33533716e+02
 1.89644806e+02 1.36857619e+02 8.44545025e+01 4.12893716e+01
 1.54266343e+01 4.20306017e+00 5.74947567e-03 0.00000000e+00
 0.00000000e+00]
5
data after
[146.79980179369926, 171.24415227820398, 194.4423665789652, 219.30687526859285, 245.10947274261474, 264.93361281485556, 282.58244802782536, 293.4364757916212, 294.2644118719101, 286.4037838320434, 266.0122745940447, 233.53371600089073, 189.6448058155954, 136.8576188626945, 84.45450246306807, 60.924815512286884]
6
data,sig_tot
[146.79980179 171.24415228 194.44236658 219.30687527 245.10947274
 264.93361281 282.58244803 293.43647579 294.26441187 286.40378383
 266.01227459 233.533716   189.64480582 136.85761886  84.45450246
  60.92481551  24.13159832  29.66104225  35.90551312  42.85302783
  50.4685521   57.35813117  64.41219029  69.56607804  73.00502364
  73.25372788  69.37428395  61.12406266  49.32718552  35.24050714
  37.26188901]
[146.79980179 171.24415228 194.44236658 219.30687527 245.10947274
 264.93361281 282.58244803 293.43647579 294.26441187 286.40378383
 266.01227459 233.533716   189.64480582 136.85761886  84.45450246
  60.92481551  24.13159832  29.66104225  35.90551312  42.85302783
  50.4685521   57.35813117  64.41219029  69.56607804  73.00502364
  73.25372788  69.37428395  61.12406266  49.32718552  35.24050714
  37.26188901]
0.40279355109450576 6.647201232955822 54.25501590272711
val isze = 0
idinces = [12 10 20  3 25 15  5 24  8 11 28 30  0  7 27 13 21 18 14  4 29  6 17  2
 22 16  1  9 26 19 23]
training loss = 2.248500108718872 500
training loss = 1.981930136680603 1000
training loss = 1.9617018699645996 1500
training loss = 1.7525265216827393 2000
training loss = 1.7403618097305298 2500
training loss = 1.7296619415283203 3000
training loss = 1.7196073532104492 3500
training loss = 1.7179031372070312 4000
reduced chi^2 level 2 = 1.7166006565093994
Constrained alpha: 2.4357659816741943
Constrained beta: 2.64555287361145
Constrained gamma: 4.00576639175415
(1, 31)
(1, 0)
data before
[0.00000000e+00 0.00000000e+00 0.00000000e+00 0.00000000e+00
 0.00000000e+00 0.00000000e+00 0.00000000e+00 0.00000000e+00
 0.00000000e+00 0.00000000e+00 0.00000000e+00 0.00000000e+00
 0.00000000e+00 0.00000000e+00 0.00000000e+00 0.00000000e+00
 0.00000000e+00 0.00000000e+00 0.00000000e+00 0.00000000e+00
 1.46799802e+02 1.71244152e+02 1.94442367e+02 2.19306875e+02
 2.45109473e+02 2.64933613e+02 2.82582448e+02 2.93436476e+02
 2.94264412e+02 2.86403784e+02 2.66012275e+02 2.33533716e+02
 1.89644806e+02 1.36857619e+02 8.44545025e+01 4.12893716e+01
 1.54266343e+01 4.20306017e+00 5.74947567e-03 0.00000000e+00
 0.00000000e+00]
5
data after
[146.79980179369926, 171.24415227820398, 194.4423665789652, 219.30687526859285, 245.10947274261474, 264.93361281485556, 282.58244802782536, 293.4364757916212, 294.2644118719101, 286.4037838320434, 266.0122745940447, 233.53371600089073, 189.6448058155954, 136.8576188626945, 84.45450246306807, 60.924815512286884]
6
data,sig_tot
[146.79980179 171.24415228 194.44236658 219.30687527 245.10947274
 264.93361281 282.58244803 293.43647579 294.26441187 286.40378383
 266.01227459 233.533716   189.64480582 136.85761886  84.45450246
  60.92481551  24.13159832  29.66104225  35.90551312  42.85302783
  50.4685521   57.35813117  64.41219029  69.56607804  73.00502364
  73.25372788  69.37428395  61.12406266  49.32718552  35.24050714
  37.26188901]
[146.79980179 171.24415228 194.44236658 219.30687527 245.10947274
 264.93361281 282.58244803 293.43647579 294.26441187 286.40378383
 266.01227459 233.533716   189.64480582 136.85761886  84.45450246
  60.92481551  24.13159832  29.66104225  35.90551312  42.85302783
  50.4685521   57.35813117  64.41219029  69.56607804  73.00502364
  73.25372788  69.37428395  61.12406266  49.32718552  35.24050714
  37.26188901]
0.5618230333071356 12.214387118640648 35.1394604927315
val isze = 0
idinces = [22 10 15  2 19 21  8  5 25  6  1 26 13  4 30  0 16 12 28 23 24  7 11 27
 18 14 17  9 29  3 20]
training loss = 3.7487096786499023 500
training loss = 1.7093000411987305 1000
training loss = 1.5036734342575073 1500
training loss = 1.4756019115447998 2000
training loss = 1.4581233263015747 2500
training loss = 1.4413717985153198 3000
training loss = 1.4334431886672974 3500
training loss = 1.4270153045654297 4000
training loss = 1.422672986984253 4500
reduced chi^2 level 2 = 1.4225062131881714
Constrained alpha: 2.379650115966797
Constrained beta: 2.6379201412200928
Constrained gamma: 4.222951889038086
(1, 31)
(1, 0)
data before
[0.00000000e+00 0.00000000e+00 0.00000000e+00 0.00000000e+00
 0.00000000e+00 0.00000000e+00 0.00000000e+00 0.00000000e+00
 0.00000000e+00 0.00000000e+00 0.00000000e+00 0.00000000e+00
 0.00000000e+00 0.00000000e+00 0.00000000e+00 0.00000000e+00
 0.00000000e+00 0.00000000e+00 0.00000000e+00 0.00000000e+00
 1.46799802e+02 1.71244152e+02 1.94442367e+02 2.19306875e+02
 2.45109473e+02 2.64933613e+02 2.82582448e+02 2.93436476e+02
 2.94264412e+02 2.86403784e+02 2.66012275e+02 2.33533716e+02
 1.89644806e+02 1.36857619e+02 8.44545025e+01 4.12893716e+01
 1.54266343e+01 4.20306017e+00 5.74947567e-03 0.00000000e+00
 0.00000000e+00]
5
data after
[146.79980179369926, 171.24415227820398, 194.4423665789652, 219.30687526859285, 245.10947274261474, 264.93361281485556, 282.58244802782536, 293.4364757916212, 294.2644118719101, 286.4037838320434, 266.0122745940447, 233.53371600089073, 189.6448058155954, 136.8576188626945, 84.45450246306807, 60.924815512286884]
6
data,sig_tot
[146.79980179 171.24415228 194.44236658 219.30687527 245.10947274
 264.93361281 282.58244803 293.43647579 294.26441187 286.40378383
 266.01227459 233.533716   189.64480582 136.85761886  84.45450246
  60.92481551  24.13159832  29.66104225  35.90551312  42.85302783
  50.4685521   57.35813117  64.41219029  69.56607804  73.00502364
  73.25372788  69.37428395  61.12406266  49.32718552  35.24050714
  37.26188901]
[146.79980179 171.24415228 194.44236658 219.30687527 245.10947274
 264.93361281 282.58244803 293.43647579 294.26441187 286.40378383
 266.01227459 233.533716   189.64480582 136.85761886  84.45450246
  60.92481551  24.13159832  29.66104225  35.90551312  42.85302783
  50.4685521   57.35813117  64.41219029  69.56607804  73.00502364
  73.25372788  69.37428395  61.12406266  49.32718552  35.24050714
  37.26188901]
3.8837737392423746 18.150663026235385 2.7895957158341256
val isze = 0
idinces = [10 19 18 15  0 24  2 13 16 27 17 11  1 22 29  6  9 20 28  8 23 21 26  3
 25  4 12  7 30 14  5]
training loss = 3.165705919265747 500
training loss = 1.338941216468811 1000
training loss = 1.3263945579528809 1500
training loss = 1.3080694675445557 2000
training loss = 1.2712194919586182 2500
training loss = 1.2316974401474 3000
training loss = 1.1840298175811768 3500
reduced chi^2 level 2 = 1.1841031312942505
Constrained alpha: 2.496840715408325
Constrained beta: 0.032794635742902756
Constrained gamma: 3.651294708251953
(1, 31)
(1, 0)
data before
[0.00000000e+00 0.00000000e+00 0.00000000e+00 0.00000000e+00
 0.00000000e+00 0.00000000e+00 0.00000000e+00 0.00000000e+00
 0.00000000e+00 0.00000000e+00 0.00000000e+00 0.00000000e+00
 0.00000000e+00 0.00000000e+00 0.00000000e+00 0.00000000e+00
 0.00000000e+00 0.00000000e+00 0.00000000e+00 0.00000000e+00
 1.46799802e+02 1.71244152e+02 1.94442367e+02 2.19306875e+02
 2.45109473e+02 2.64933613e+02 2.82582448e+02 2.93436476e+02
 2.94264412e+02 2.86403784e+02 2.66012275e+02 2.33533716e+02
 1.89644806e+02 1.36857619e+02 8.44545025e+01 4.12893716e+01
 1.54266343e+01 4.20306017e+00 5.74947567e-03 0.00000000e+00
 0.00000000e+00]
5
data after
[146.79980179369926, 171.24415227820398, 194.4423665789652, 219.30687526859285, 245.10947274261474, 264.93361281485556, 282.58244802782536, 293.4364757916212, 294.2644118719101, 286.4037838320434, 266.0122745940447, 233.53371600089073, 189.6448058155954, 136.8576188626945, 84.45450246306807, 60.924815512286884]
6
data,sig_tot
[146.79980179 171.24415228 194.44236658 219.30687527 245.10947274
 264.93361281 282.58244803 293.43647579 294.26441187 286.40378383
 266.01227459 233.533716   189.64480582 136.85761886  84.45450246
  60.92481551  24.13159832  29.66104225  35.90551312  42.85302783
  50.4685521   57.35813117  64.41219029  69.56607804  73.00502364
  73.25372788  69.37428395  61.12406266  49.32718552  35.24050714
  37.26188901]
[146.79980179 171.24415228 194.44236658 219.30687527 245.10947274
 264.93361281 282.58244803 293.43647579 294.26441187 286.40378383
 266.01227459 233.533716   189.64480582 136.85761886  84.45450246
  60.92481551  24.13159832  29.66104225  35.90551312  42.85302783
  50.4685521   57.35813117  64.41219029  69.56607804  73.00502364
  73.25372788  69.37428395  61.12406266  49.32718552  35.24050714
  37.26188901]
4.913681992873729 5.135852781273451 16.999091382227306
val isze = 0
idinces = [13 21 25 20 19  1 11  9 29  0  8 28 12 17  4  6 16 15 30 18 27  7  2  5
 10 23 22 26 24  3 14]
(1, 31)
(1, 0)
data before
[0.00000000e+00 0.00000000e+00 0.00000000e+00 0.00000000e+00
 0.00000000e+00 0.00000000e+00 0.00000000e+00 0.00000000e+00
 0.00000000e+00 0.00000000e+00 0.00000000e+00 0.00000000e+00
 0.00000000e+00 0.00000000e+00 0.00000000e+00 0.00000000e+00
 0.00000000e+00 0.00000000e+00 0.00000000e+00 0.00000000e+00
 1.46799802e+02 1.71244152e+02 1.94442367e+02 2.19306875e+02
 2.45109473e+02 2.64933613e+02 2.82582448e+02 2.93436476e+02
 2.94264412e+02 2.86403784e+02 2.66012275e+02 2.33533716e+02
 1.89644806e+02 1.36857619e+02 8.44545025e+01 4.12893716e+01
 1.54266343e+01 4.20306017e+00 5.74947567e-03 0.00000000e+00
 0.00000000e+00]
5
data after
[146.79980179369926, 171.24415227820398, 194.4423665789652, 219.30687526859285, 245.10947274261474, 264.93361281485556, 282.58244802782536, 293.4364757916212, 294.2644118719101, 286.4037838320434, 266.0122745940447, 233.53371600089073, 189.6448058155954, 136.8576188626945, 84.45450246306807, 60.924815512286884]
6
data,sig_tot
[146.79980179 171.24415228 194.44236658 219.30687527 245.10947274
 264.93361281 282.58244803 293.43647579 294.26441187 286.40378383
 266.01227459 233.533716   189.64480582 136.85761886  84.45450246
  60.92481551  24.13159832  29.66104225  35.90551312  42.85302783
  50.4685521   57.35813117  64.41219029  69.56607804  73.00502364
  73.25372788  69.37428395  61.12406266  49.32718552  35.24050714
  37.26188901]
[146.79980179 171.24415228 194.44236658 219.30687527 245.10947274
 264.93361281 282.58244803 293.43647579 294.26441187 286.40378383
 266.01227459 233.533716   189.64480582 136.85761886  84.45450246
  60.92481551  24.13159832  29.66104225  35.90551312  42.85302783
  50.4685521   57.35813117  64.41219029  69.56607804  73.00502364
  73.25372788  69.37428395  61.12406266  49.32718552  35.24050714
  37.26188901]
3.8483424232136905 13.059823194978215 42.34897145696767
val isze = 0
idinces = [29 25 28  6 27 13 14 19 22 17 26 20 11  3  8 30  0 23 10 15 18 16 24  9
 21  7  1  2 12  5  4]
training loss = 2.1551430225372314 500
training loss = 2.0341265201568604 1000
training loss = 1.8703657388687134 1500
training loss = 1.6392961740493774 2000
training loss = 1.6204094886779785 2500
reduced chi^2 level 2 = 1.638116717338562
Constrained alpha: 2.310023307800293
Constrained beta: 1.6978405714035034
Constrained gamma: 7.258858680725098
(1, 31)
(1, 0)
data before
[0.00000000e+00 0.00000000e+00 0.00000000e+00 0.00000000e+00
 0.00000000e+00 0.00000000e+00 0.00000000e+00 0.00000000e+00
 0.00000000e+00 0.00000000e+00 0.00000000e+00 0.00000000e+00
 0.00000000e+00 0.00000000e+00 0.00000000e+00 0.00000000e+00
 0.00000000e+00 0.00000000e+00 0.00000000e+00 0.00000000e+00
 1.46799802e+02 1.71244152e+02 1.94442367e+02 2.19306875e+02
 2.45109473e+02 2.64933613e+02 2.82582448e+02 2.93436476e+02
 2.94264412e+02 2.86403784e+02 2.66012275e+02 2.33533716e+02
 1.89644806e+02 1.36857619e+02 8.44545025e+01 4.12893716e+01
 1.54266343e+01 4.20306017e+00 5.74947567e-03 0.00000000e+00
 0.00000000e+00]
5
data after
[146.79980179369926, 171.24415227820398, 194.4423665789652, 219.30687526859285, 245.10947274261474, 264.93361281485556, 282.58244802782536, 293.4364757916212, 294.2644118719101, 286.4037838320434, 266.0122745940447, 233.53371600089073, 189.6448058155954, 136.8576188626945, 84.45450246306807, 60.924815512286884]
6
data,sig_tot
[146.79980179 171.24415228 194.44236658 219.30687527 245.10947274
 264.93361281 282.58244803 293.43647579 294.26441187 286.40378383
 266.01227459 233.533716   189.64480582 136.85761886  84.45450246
  60.92481551  24.13159832  29.66104225  35.90551312  42.85302783
  50.4685521   57.35813117  64.41219029  69.56607804  73.00502364
  73.25372788  69.37428395  61.12406266  49.32718552  35.24050714
  37.26188901]
[146.79980179 171.24415228 194.44236658 219.30687527 245.10947274
 264.93361281 282.58244803 293.43647579 294.26441187 286.40378383
 266.01227459 233.533716   189.64480582 136.85761886  84.45450246
  60.92481551  24.13159832  29.66104225  35.90551312  42.85302783
  50.4685521   57.35813117  64.41219029  69.56607804  73.00502364
  73.25372788  69.37428395  61.12406266  49.32718552  35.24050714
  37.26188901]
0.11540258924981339 0.5775588895276029 69.46596556550926
val isze = 0
idinces = [ 8 22 15 12 27 14 24 19  5 21  6  3  1  2 11  7 23 18 17  4 29 13 28 26
 20 25 16  0 30 10  9]
training loss = 1.8662840127944946 500
reduced chi^2 level 2 = 1.8626391887664795
Constrained alpha: 2.12196946144104
Constrained beta: 2.4670803546905518
Constrained gamma: 44.4206657409668
(1, 31)
(1, 0)
data before
[0.00000000e+00 0.00000000e+00 0.00000000e+00 0.00000000e+00
 0.00000000e+00 0.00000000e+00 0.00000000e+00 0.00000000e+00
 0.00000000e+00 0.00000000e+00 0.00000000e+00 0.00000000e+00
 0.00000000e+00 0.00000000e+00 0.00000000e+00 0.00000000e+00
 0.00000000e+00 0.00000000e+00 0.00000000e+00 0.00000000e+00
 1.46799802e+02 1.71244152e+02 1.94442367e+02 2.19306875e+02
 2.45109473e+02 2.64933613e+02 2.82582448e+02 2.93436476e+02
 2.94264412e+02 2.86403784e+02 2.66012275e+02 2.33533716e+02
 1.89644806e+02 1.36857619e+02 8.44545025e+01 4.12893716e+01
 1.54266343e+01 4.20306017e+00 5.74947567e-03 0.00000000e+00
 0.00000000e+00]
5
data after
[146.79980179369926, 171.24415227820398, 194.4423665789652, 219.30687526859285, 245.10947274261474, 264.93361281485556, 282.58244802782536, 293.4364757916212, 294.2644118719101, 286.4037838320434, 266.0122745940447, 233.53371600089073, 189.6448058155954, 136.8576188626945, 84.45450246306807, 60.924815512286884]
6
data,sig_tot
[146.79980179 171.24415228 194.44236658 219.30687527 245.10947274
 264.93361281 282.58244803 293.43647579 294.26441187 286.40378383
 266.01227459 233.533716   189.64480582 136.85761886  84.45450246
  60.92481551  24.13159832  29.66104225  35.90551312  42.85302783
  50.4685521   57.35813117  64.41219029  69.56607804  73.00502364
  73.25372788  69.37428395  61.12406266  49.32718552  35.24050714
  37.26188901]
[146.79980179 171.24415228 194.44236658 219.30687527 245.10947274
 264.93361281 282.58244803 293.43647579 294.26441187 286.40378383
 266.01227459 233.533716   189.64480582 136.85761886  84.45450246
  60.92481551  24.13159832  29.66104225  35.90551312  42.85302783
  50.4685521   57.35813117  64.41219029  69.56607804  73.00502364
  73.25372788  69.37428395  61.12406266  49.32718552  35.24050714
  37.26188901]
4.283189755566499 2.6061091553656057 39.98924507299256
val isze = 0
idinces = [ 6 21 14  0  2 11 23  1 15 25 13  7  8 30 22 28 18  9  3 16  5 20 24 17
 29 27  4 26 12 19 10]
training loss = 21.071866989135742 500
training loss = 2.0945065021514893 1000
training loss = 1.1020694971084595 1500
training loss = 0.9761311411857605 2000
training loss = 0.9373311996459961 2500
training loss = 0.9215052127838135 3000
training loss = 0.914139986038208 3500
training loss = 0.9096759557723999 4000
training loss = 0.906307578086853 4500
training loss = 0.90208899974823 5000
reduced chi^2 level 2 = 0.9020789265632629
Constrained alpha: 4.0184526443481445
Constrained beta: 1.4715079069137573
Constrained gamma: 22.430749893188477
(1, 31)
(1, 0)
data before
[0.00000000e+00 0.00000000e+00 0.00000000e+00 0.00000000e+00
 0.00000000e+00 0.00000000e+00 0.00000000e+00 0.00000000e+00
 0.00000000e+00 0.00000000e+00 0.00000000e+00 0.00000000e+00
 0.00000000e+00 0.00000000e+00 0.00000000e+00 0.00000000e+00
 0.00000000e+00 0.00000000e+00 0.00000000e+00 0.00000000e+00
 1.46799802e+02 1.71244152e+02 1.94442367e+02 2.19306875e+02
 2.45109473e+02 2.64933613e+02 2.82582448e+02 2.93436476e+02
 2.94264412e+02 2.86403784e+02 2.66012275e+02 2.33533716e+02
 1.89644806e+02 1.36857619e+02 8.44545025e+01 4.12893716e+01
 1.54266343e+01 4.20306017e+00 5.74947567e-03 0.00000000e+00
 0.00000000e+00]
5
data after
[146.79980179369926, 171.24415227820398, 194.4423665789652, 219.30687526859285, 245.10947274261474, 264.93361281485556, 282.58244802782536, 293.4364757916212, 294.2644118719101, 286.4037838320434, 266.0122745940447, 233.53371600089073, 189.6448058155954, 136.8576188626945, 84.45450246306807, 60.924815512286884]
6
data,sig_tot
[146.79980179 171.24415228 194.44236658 219.30687527 245.10947274
 264.93361281 282.58244803 293.43647579 294.26441187 286.40378383
 266.01227459 233.533716   189.64480582 136.85761886  84.45450246
  60.92481551  24.13159832  29.66104225  35.90551312  42.85302783
  50.4685521   57.35813117  64.41219029  69.56607804  73.00502364
  73.25372788  69.37428395  61.12406266  49.32718552  35.24050714
  37.26188901]
[146.79980179 171.24415228 194.44236658 219.30687527 245.10947274
 264.93361281 282.58244803 293.43647579 294.26441187 286.40378383
 266.01227459 233.533716   189.64480582 136.85761886  84.45450246
  60.92481551  24.13159832  29.66104225  35.90551312  42.85302783
  50.4685521   57.35813117  64.41219029  69.56607804  73.00502364
  73.25372788  69.37428395  61.12406266  49.32718552  35.24050714
  37.26188901]
2.0343902942712 6.295325942466146 86.7243810493038
val isze = 0
idinces = [ 0  6 17  1 12 15 25 20 13  9 22 28  8 30 21  2  5 11 29  7  3 10 19 26
 23 24 16  4 27 14 18]
training loss = 1.1502587795257568 500
training loss = 1.120286226272583 1000
training loss = 1.109852910041809 1500
training loss = 1.0973231792449951 2000
training loss = 1.0850169658660889 2500
training loss = 1.0614453554153442 3000
training loss = 1.0512431859970093 3500
training loss = 1.062451958656311 4000
reduced chi^2 level 2 = 1.0102306604385376
Constrained alpha: 2.495300054550171
Constrained beta: -0.015250520780682564
Constrained gamma: 6.096214294433594
(1, 31)
(1, 0)
data before
[0.00000000e+00 0.00000000e+00 0.00000000e+00 0.00000000e+00
 0.00000000e+00 0.00000000e+00 0.00000000e+00 0.00000000e+00
 0.00000000e+00 0.00000000e+00 0.00000000e+00 0.00000000e+00
 0.00000000e+00 0.00000000e+00 0.00000000e+00 0.00000000e+00
 0.00000000e+00 0.00000000e+00 0.00000000e+00 0.00000000e+00
 1.46799802e+02 1.71244152e+02 1.94442367e+02 2.19306875e+02
 2.45109473e+02 2.64933613e+02 2.82582448e+02 2.93436476e+02
 2.94264412e+02 2.86403784e+02 2.66012275e+02 2.33533716e+02
 1.89644806e+02 1.36857619e+02 8.44545025e+01 4.12893716e+01
 1.54266343e+01 4.20306017e+00 5.74947567e-03 0.00000000e+00
 0.00000000e+00]
5
data after
[146.79980179369926, 171.24415227820398, 194.4423665789652, 219.30687526859285, 245.10947274261474, 264.93361281485556, 282.58244802782536, 293.4364757916212, 294.2644118719101, 286.4037838320434, 266.0122745940447, 233.53371600089073, 189.6448058155954, 136.8576188626945, 84.45450246306807, 60.924815512286884]
6
data,sig_tot
[146.79980179 171.24415228 194.44236658 219.30687527 245.10947274
 264.93361281 282.58244803 293.43647579 294.26441187 286.40378383
 266.01227459 233.533716   189.64480582 136.85761886  84.45450246
  60.92481551  24.13159832  29.66104225  35.90551312  42.85302783
  50.4685521   57.35813117  64.41219029  69.56607804  73.00502364
  73.25372788  69.37428395  61.12406266  49.32718552  35.24050714
  37.26188901]
[146.79980179 171.24415228 194.44236658 219.30687527 245.10947274
 264.93361281 282.58244803 293.43647579 294.26441187 286.40378383
 266.01227459 233.533716   189.64480582 136.85761886  84.45450246
  60.92481551  24.13159832  29.66104225  35.90551312  42.85302783
  50.4685521   57.35813117  64.41219029  69.56607804  73.00502364
  73.25372788  69.37428395  61.12406266  49.32718552  35.24050714
  37.26188901]
3.3745392969693775 10.2547281099034 20.591368979987823
val isze = 0
idinces = [15  0 10  5  4  3 29  6 14  1 23  8 18 22  7 20  9 17 28 25 24 26 11 12
 16 21 30  2 27 13 19]
training loss = 1.4253679513931274 500
training loss = 1.3730677366256714 1000
training loss = 1.3565560579299927 1500
training loss = 1.3415992259979248 2000
training loss = 1.3239563703536987 2500
training loss = 1.2726775407791138 3000
training loss = 1.231906533241272 3500
training loss = 1.138606309890747 4000
training loss = 1.1198575496673584 4500
training loss = 1.1056174039840698 5000
reduced chi^2 level 2 = 1.1056023836135864
Constrained alpha: 2.497581958770752
Constrained beta: -0.014355063438415527
Constrained gamma: 3.7849409580230713
(1, 31)
(1, 0)
data before
[0.00000000e+00 0.00000000e+00 0.00000000e+00 0.00000000e+00
 0.00000000e+00 0.00000000e+00 0.00000000e+00 0.00000000e+00
 0.00000000e+00 0.00000000e+00 0.00000000e+00 0.00000000e+00
 0.00000000e+00 0.00000000e+00 0.00000000e+00 0.00000000e+00
 0.00000000e+00 0.00000000e+00 0.00000000e+00 0.00000000e+00
 1.46799802e+02 1.71244152e+02 1.94442367e+02 2.19306875e+02
 2.45109473e+02 2.64933613e+02 2.82582448e+02 2.93436476e+02
 2.94264412e+02 2.86403784e+02 2.66012275e+02 2.33533716e+02
 1.89644806e+02 1.36857619e+02 8.44545025e+01 4.12893716e+01
 1.54266343e+01 4.20306017e+00 5.74947567e-03 0.00000000e+00
 0.00000000e+00]
5
data after
[146.79980179369926, 171.24415227820398, 194.4423665789652, 219.30687526859285, 245.10947274261474, 264.93361281485556, 282.58244802782536, 293.4364757916212, 294.2644118719101, 286.4037838320434, 266.0122745940447, 233.53371600089073, 189.6448058155954, 136.8576188626945, 84.45450246306807, 60.924815512286884]
6
data,sig_tot
[146.79980179 171.24415228 194.44236658 219.30687527 245.10947274
 264.93361281 282.58244803 293.43647579 294.26441187 286.40378383
 266.01227459 233.533716   189.64480582 136.85761886  84.45450246
  60.92481551  24.13159832  29.66104225  35.90551312  42.85302783
  50.4685521   57.35813117  64.41219029  69.56607804  73.00502364
  73.25372788  69.37428395  61.12406266  49.32718552  35.24050714
  37.26188901]
[146.79980179 171.24415228 194.44236658 219.30687527 245.10947274
 264.93361281 282.58244803 293.43647579 294.26441187 286.40378383
 266.01227459 233.533716   189.64480582 136.85761886  84.45450246
  60.92481551  24.13159832  29.66104225  35.90551312  42.85302783
  50.4685521   57.35813117  64.41219029  69.56607804  73.00502364
  73.25372788  69.37428395  61.12406266  49.32718552  35.24050714
  37.26188901]
2.6940809300510415 6.404898951062707 28.775926153036067
val isze = 0
idinces = [21 11 14  4 17 28  3 24 13 23  8 12  6 15 19 20 25  9 27 29 22 30 18 26
  5 16 10  7  0  1  2]
training loss = 1.125969409942627 500
training loss = 0.9677103161811829 1000
training loss = 0.8684689402580261 1500
training loss = 0.8352639675140381 2000
reduced chi^2 level 2 = 0.827502429485321
Constrained alpha: 2.4859564304351807
Constrained beta: 0.6402078866958618
Constrained gamma: 3.9062907695770264
(1, 31)
(1, 0)
data before
[0.00000000e+00 0.00000000e+00 0.00000000e+00 0.00000000e+00
 0.00000000e+00 0.00000000e+00 0.00000000e+00 0.00000000e+00
 0.00000000e+00 0.00000000e+00 0.00000000e+00 0.00000000e+00
 0.00000000e+00 0.00000000e+00 0.00000000e+00 0.00000000e+00
 0.00000000e+00 0.00000000e+00 0.00000000e+00 0.00000000e+00
 1.46799802e+02 1.71244152e+02 1.94442367e+02 2.19306875e+02
 2.45109473e+02 2.64933613e+02 2.82582448e+02 2.93436476e+02
 2.94264412e+02 2.86403784e+02 2.66012275e+02 2.33533716e+02
 1.89644806e+02 1.36857619e+02 8.44545025e+01 4.12893716e+01
 1.54266343e+01 4.20306017e+00 5.74947567e-03 0.00000000e+00
 0.00000000e+00]
5
data after
[146.79980179369926, 171.24415227820398, 194.4423665789652, 219.30687526859285, 245.10947274261474, 264.93361281485556, 282.58244802782536, 293.4364757916212, 294.2644118719101, 286.4037838320434, 266.0122745940447, 233.53371600089073, 189.6448058155954, 136.8576188626945, 84.45450246306807, 60.924815512286884]
6
data,sig_tot
[146.79980179 171.24415228 194.44236658 219.30687527 245.10947274
 264.93361281 282.58244803 293.43647579 294.26441187 286.40378383
 266.01227459 233.533716   189.64480582 136.85761886  84.45450246
  60.92481551  24.13159832  29.66104225  35.90551312  42.85302783
  50.4685521   57.35813117  64.41219029  69.56607804  73.00502364
  73.25372788  69.37428395  61.12406266  49.32718552  35.24050714
  37.26188901]
[146.79980179 171.24415228 194.44236658 219.30687527 245.10947274
 264.93361281 282.58244803 293.43647579 294.26441187 286.40378383
 266.01227459 233.533716   189.64480582 136.85761886  84.45450246
  60.92481551  24.13159832  29.66104225  35.90551312  42.85302783
  50.4685521   57.35813117  64.41219029  69.56607804  73.00502364
  73.25372788  69.37428395  61.12406266  49.32718552  35.24050714
  37.26188901]
1.7330507919486704 10.509204190501665 67.64098393997138
val isze = 0
idinces = [20  8 27  4 13 24  6 12  1 15  9 22 21  7 26 29 14 19 10 16 23  0 30 25
  2  5 11 28  3 18 17]
training loss = 1.4208639860153198 500
reduced chi^2 level 2 = 1.156327247619629
Constrained alpha: 2.478989839553833
Constrained beta: 3.5342724323272705
Constrained gamma: 43.983280181884766
(1, 31)
(1, 0)
data before
[0.00000000e+00 0.00000000e+00 0.00000000e+00 0.00000000e+00
 0.00000000e+00 0.00000000e+00 0.00000000e+00 0.00000000e+00
 0.00000000e+00 0.00000000e+00 0.00000000e+00 0.00000000e+00
 0.00000000e+00 0.00000000e+00 0.00000000e+00 0.00000000e+00
 0.00000000e+00 0.00000000e+00 0.00000000e+00 0.00000000e+00
 1.46799802e+02 1.71244152e+02 1.94442367e+02 2.19306875e+02
 2.45109473e+02 2.64933613e+02 2.82582448e+02 2.93436476e+02
 2.94264412e+02 2.86403784e+02 2.66012275e+02 2.33533716e+02
 1.89644806e+02 1.36857619e+02 8.44545025e+01 4.12893716e+01
 1.54266343e+01 4.20306017e+00 5.74947567e-03 0.00000000e+00
 0.00000000e+00]
5
data after
[146.79980179369926, 171.24415227820398, 194.4423665789652, 219.30687526859285, 245.10947274261474, 264.93361281485556, 282.58244802782536, 293.4364757916212, 294.2644118719101, 286.4037838320434, 266.0122745940447, 233.53371600089073, 189.6448058155954, 136.8576188626945, 84.45450246306807, 60.924815512286884]
6
data,sig_tot
[146.79980179 171.24415228 194.44236658 219.30687527 245.10947274
 264.93361281 282.58244803 293.43647579 294.26441187 286.40378383
 266.01227459 233.533716   189.64480582 136.85761886  84.45450246
  60.92481551  24.13159832  29.66104225  35.90551312  42.85302783
  50.4685521   57.35813117  64.41219029  69.56607804  73.00502364
  73.25372788  69.37428395  61.12406266  49.32718552  35.24050714
  37.26188901]
[146.79980179 171.24415228 194.44236658 219.30687527 245.10947274
 264.93361281 282.58244803 293.43647579 294.26441187 286.40378383
 266.01227459 233.533716   189.64480582 136.85761886  84.45450246
  60.92481551  24.13159832  29.66104225  35.90551312  42.85302783
  50.4685521   57.35813117  64.41219029  69.56607804  73.00502364
  73.25372788  69.37428395  61.12406266  49.32718552  35.24050714
  37.26188901]
4.310791610939352 8.166177669546757 10.425946047690914
val isze = 0
idinces = [24 13  9  5 17  4 26 25  2 12 14 27 18 19 23 15 30  0  1 22 16 20  7 21
 11 29 28 10  6  8  3]
training loss = 2.578655242919922 500
training loss = 1.8731224536895752 1000
training loss = 1.6310746669769287 1500
training loss = 1.5182220935821533 2000
training loss = 1.4964165687561035 2500
training loss = 1.4870762825012207 3000
training loss = 1.474049687385559 3500
training loss = 1.4514403343200684 4000
reduced chi^2 level 2 = 1.4502811431884766
Constrained alpha: 2.597808599472046
Constrained beta: -0.0262634065002203
Constrained gamma: 3.652928590774536
(1, 31)
(1, 0)
data before
[0.00000000e+00 0.00000000e+00 0.00000000e+00 0.00000000e+00
 0.00000000e+00 0.00000000e+00 0.00000000e+00 0.00000000e+00
 0.00000000e+00 0.00000000e+00 0.00000000e+00 0.00000000e+00
 0.00000000e+00 0.00000000e+00 0.00000000e+00 0.00000000e+00
 0.00000000e+00 0.00000000e+00 0.00000000e+00 0.00000000e+00
 1.46799802e+02 1.71244152e+02 1.94442367e+02 2.19306875e+02
 2.45109473e+02 2.64933613e+02 2.82582448e+02 2.93436476e+02
 2.94264412e+02 2.86403784e+02 2.66012275e+02 2.33533716e+02
 1.89644806e+02 1.36857619e+02 8.44545025e+01 4.12893716e+01
 1.54266343e+01 4.20306017e+00 5.74947567e-03 0.00000000e+00
 0.00000000e+00]
5
data after
[146.79980179369926, 171.24415227820398, 194.4423665789652, 219.30687526859285, 245.10947274261474, 264.93361281485556, 282.58244802782536, 293.4364757916212, 294.2644118719101, 286.4037838320434, 266.0122745940447, 233.53371600089073, 189.6448058155954, 136.8576188626945, 84.45450246306807, 60.924815512286884]
6
data,sig_tot
[146.79980179 171.24415228 194.44236658 219.30687527 245.10947274
 264.93361281 282.58244803 293.43647579 294.26441187 286.40378383
 266.01227459 233.533716   189.64480582 136.85761886  84.45450246
  60.92481551  24.13159832  29.66104225  35.90551312  42.85302783
  50.4685521   57.35813117  64.41219029  69.56607804  73.00502364
  73.25372788  69.37428395  61.12406266  49.32718552  35.24050714
  37.26188901]
[146.79980179 171.24415228 194.44236658 219.30687527 245.10947274
 264.93361281 282.58244803 293.43647579 294.26441187 286.40378383
 266.01227459 233.533716   189.64480582 136.85761886  84.45450246
  60.92481551  24.13159832  29.66104225  35.90551312  42.85302783
  50.4685521   57.35813117  64.41219029  69.56607804  73.00502364
  73.25372788  69.37428395  61.12406266  49.32718552  35.24050714
  37.26188901]
1.5028476057894897 0.17769454819164476 61.771604348948074
val isze = 0
idinces = [16 18 12 10 15 13 29  1 24 17 28 14 30 20 25 26  8 27 21  7 11  3 19  0
  9  6  5 22  2 23  4]
training loss = 1.9643982648849487 500
reduced chi^2 level 2 = 1.9636651277542114
Constrained alpha: 2.3749215602874756
Constrained beta: 1.6159566640853882
Constrained gamma: 46.93996810913086
(1, 31)
(1, 0)
data before
[0.00000000e+00 0.00000000e+00 0.00000000e+00 0.00000000e+00
 0.00000000e+00 0.00000000e+00 0.00000000e+00 0.00000000e+00
 0.00000000e+00 0.00000000e+00 0.00000000e+00 0.00000000e+00
 0.00000000e+00 0.00000000e+00 0.00000000e+00 0.00000000e+00
 0.00000000e+00 0.00000000e+00 0.00000000e+00 0.00000000e+00
 1.46799802e+02 1.71244152e+02 1.94442367e+02 2.19306875e+02
 2.45109473e+02 2.64933613e+02 2.82582448e+02 2.93436476e+02
 2.94264412e+02 2.86403784e+02 2.66012275e+02 2.33533716e+02
 1.89644806e+02 1.36857619e+02 8.44545025e+01 4.12893716e+01
 1.54266343e+01 4.20306017e+00 5.74947567e-03 0.00000000e+00
 0.00000000e+00]
5
data after
[146.79980179369926, 171.24415227820398, 194.4423665789652, 219.30687526859285, 245.10947274261474, 264.93361281485556, 282.58244802782536, 293.4364757916212, 294.2644118719101, 286.4037838320434, 266.0122745940447, 233.53371600089073, 189.6448058155954, 136.8576188626945, 84.45450246306807, 60.924815512286884]
6
data,sig_tot
[146.79980179 171.24415228 194.44236658 219.30687527 245.10947274
 264.93361281 282.58244803 293.43647579 294.26441187 286.40378383
 266.01227459 233.533716   189.64480582 136.85761886  84.45450246
  60.92481551  24.13159832  29.66104225  35.90551312  42.85302783
  50.4685521   57.35813117  64.41219029  69.56607804  73.00502364
  73.25372788  69.37428395  61.12406266  49.32718552  35.24050714
  37.26188901]
[146.79980179 171.24415228 194.44236658 219.30687527 245.10947274
 264.93361281 282.58244803 293.43647579 294.26441187 286.40378383
 266.01227459 233.533716   189.64480582 136.85761886  84.45450246
  60.92481551  24.13159832  29.66104225  35.90551312  42.85302783
  50.4685521   57.35813117  64.41219029  69.56607804  73.00502364
  73.25372788  69.37428395  61.12406266  49.32718552  35.24050714
  37.26188901]
2.977295103861712 4.528351567830871 19.480457127397987
val isze = 0
idinces = [ 3 27  1 18 20  2 14 28 13 23  7 30 21  4  9 16  0 29  8 17 15 19 22 11
 25 12  5 26 10  6 24]
training loss = 1.1252557039260864 500
reduced chi^2 level 2 = 1.0446853637695312
Constrained alpha: 2.2603750228881836
Constrained beta: 2.521902084350586
Constrained gamma: 11.124214172363281
(1, 31)
(1, 0)
data before
[0.00000000e+00 0.00000000e+00 0.00000000e+00 0.00000000e+00
 0.00000000e+00 0.00000000e+00 0.00000000e+00 0.00000000e+00
 0.00000000e+00 0.00000000e+00 0.00000000e+00 0.00000000e+00
 0.00000000e+00 0.00000000e+00 0.00000000e+00 0.00000000e+00
 0.00000000e+00 0.00000000e+00 0.00000000e+00 0.00000000e+00
 1.46799802e+02 1.71244152e+02 1.94442367e+02 2.19306875e+02
 2.45109473e+02 2.64933613e+02 2.82582448e+02 2.93436476e+02
 2.94264412e+02 2.86403784e+02 2.66012275e+02 2.33533716e+02
 1.89644806e+02 1.36857619e+02 8.44545025e+01 4.12893716e+01
 1.54266343e+01 4.20306017e+00 5.74947567e-03 0.00000000e+00
 0.00000000e+00]
5
data after
[146.79980179369926, 171.24415227820398, 194.4423665789652, 219.30687526859285, 245.10947274261474, 264.93361281485556, 282.58244802782536, 293.4364757916212, 294.2644118719101, 286.4037838320434, 266.0122745940447, 233.53371600089073, 189.6448058155954, 136.8576188626945, 84.45450246306807, 60.924815512286884]
6
data,sig_tot
[146.79980179 171.24415228 194.44236658 219.30687527 245.10947274
 264.93361281 282.58244803 293.43647579 294.26441187 286.40378383
 266.01227459 233.533716   189.64480582 136.85761886  84.45450246
  60.92481551  24.13159832  29.66104225  35.90551312  42.85302783
  50.4685521   57.35813117  64.41219029  69.56607804  73.00502364
  73.25372788  69.37428395  61.12406266  49.32718552  35.24050714
  37.26188901]
[146.79980179 171.24415228 194.44236658 219.30687527 245.10947274
 264.93361281 282.58244803 293.43647579 294.26441187 286.40378383
 266.01227459 233.533716   189.64480582 136.85761886  84.45450246
  60.92481551  24.13159832  29.66104225  35.90551312  42.85302783
  50.4685521   57.35813117  64.41219029  69.56607804  73.00502364
  73.25372788  69.37428395  61.12406266  49.32718552  35.24050714
  37.26188901]
1.0100707651494094 13.020931138510077 85.3506202589205
val isze = 0
idinces = [ 2 23 14 20 25 18  7  8  1 15 30 17 11  5 19 26 10  0 21 29 24 22 13 12
  6 27  4  9  3 16 28]
training loss = 3.9768621921539307 500
training loss = 1.2716959714889526 1000
training loss = 1.2455805540084839 1500
training loss = 1.2020540237426758 2000
training loss = 1.156470537185669 2500
training loss = 1.1105483770370483 3000
reduced chi^2 level 2 = 1.1114102602005005
Constrained alpha: 2.218843936920166
Constrained beta: 2.049680471420288
Constrained gamma: 16.164138793945312
(1, 31)
(1, 0)
data before
[0.00000000e+00 0.00000000e+00 0.00000000e+00 0.00000000e+00
 0.00000000e+00 0.00000000e+00 0.00000000e+00 0.00000000e+00
 0.00000000e+00 0.00000000e+00 0.00000000e+00 0.00000000e+00
 0.00000000e+00 0.00000000e+00 0.00000000e+00 0.00000000e+00
 0.00000000e+00 0.00000000e+00 0.00000000e+00 0.00000000e+00
 1.46799802e+02 1.71244152e+02 1.94442367e+02 2.19306875e+02
 2.45109473e+02 2.64933613e+02 2.82582448e+02 2.93436476e+02
 2.94264412e+02 2.86403784e+02 2.66012275e+02 2.33533716e+02
 1.89644806e+02 1.36857619e+02 8.44545025e+01 4.12893716e+01
 1.54266343e+01 4.20306017e+00 5.74947567e-03 0.00000000e+00
 0.00000000e+00]
5
data after
[146.79980179369926, 171.24415227820398, 194.4423665789652, 219.30687526859285, 245.10947274261474, 264.93361281485556, 282.58244802782536, 293.4364757916212, 294.2644118719101, 286.4037838320434, 266.0122745940447, 233.53371600089073, 189.6448058155954, 136.8576188626945, 84.45450246306807, 60.924815512286884]
6
data,sig_tot
[146.79980179 171.24415228 194.44236658 219.30687527 245.10947274
 264.93361281 282.58244803 293.43647579 294.26441187 286.40378383
 266.01227459 233.533716   189.64480582 136.85761886  84.45450246
  60.92481551  24.13159832  29.66104225  35.90551312  42.85302783
  50.4685521   57.35813117  64.41219029  69.56607804  73.00502364
  73.25372788  69.37428395  61.12406266  49.32718552  35.24050714
  37.26188901]
[146.79980179 171.24415228 194.44236658 219.30687527 245.10947274
 264.93361281 282.58244803 293.43647579 294.26441187 286.40378383
 266.01227459 233.533716   189.64480582 136.85761886  84.45450246
  60.92481551  24.13159832  29.66104225  35.90551312  42.85302783
  50.4685521   57.35813117  64.41219029  69.56607804  73.00502364
  73.25372788  69.37428395  61.12406266  49.32718552  35.24050714
  37.26188901]
4.667612644197879 10.789803175505309 70.81441984152076
val isze = 0
idinces = [18 22 29  6  0 12 19  4 30 23  3 26 20  8 28  1 13 15 11 14  5 24 16 21
 17  2  9 25  7 10 27]
(1, 31)
(1, 0)
data before
[0.00000000e+00 0.00000000e+00 0.00000000e+00 0.00000000e+00
 0.00000000e+00 0.00000000e+00 0.00000000e+00 0.00000000e+00
 0.00000000e+00 0.00000000e+00 0.00000000e+00 0.00000000e+00
 0.00000000e+00 0.00000000e+00 0.00000000e+00 0.00000000e+00
 0.00000000e+00 0.00000000e+00 0.00000000e+00 0.00000000e+00
 1.46799802e+02 1.71244152e+02 1.94442367e+02 2.19306875e+02
 2.45109473e+02 2.64933613e+02 2.82582448e+02 2.93436476e+02
 2.94264412e+02 2.86403784e+02 2.66012275e+02 2.33533716e+02
 1.89644806e+02 1.36857619e+02 8.44545025e+01 4.12893716e+01
 1.54266343e+01 4.20306017e+00 5.74947567e-03 0.00000000e+00
 0.00000000e+00]
5
data after
[146.79980179369926, 171.24415227820398, 194.4423665789652, 219.30687526859285, 245.10947274261474, 264.93361281485556, 282.58244802782536, 293.4364757916212, 294.2644118719101, 286.4037838320434, 266.0122745940447, 233.53371600089073, 189.6448058155954, 136.8576188626945, 84.45450246306807, 60.924815512286884]
6
data,sig_tot
[146.79980179 171.24415228 194.44236658 219.30687527 245.10947274
 264.93361281 282.58244803 293.43647579 294.26441187 286.40378383
 266.01227459 233.533716   189.64480582 136.85761886  84.45450246
  60.92481551  24.13159832  29.66104225  35.90551312  42.85302783
  50.4685521   57.35813117  64.41219029  69.56607804  73.00502364
  73.25372788  69.37428395  61.12406266  49.32718552  35.24050714
  37.26188901]
[146.79980179 171.24415228 194.44236658 219.30687527 245.10947274
 264.93361281 282.58244803 293.43647579 294.26441187 286.40378383
 266.01227459 233.533716   189.64480582 136.85761886  84.45450246
  60.92481551  24.13159832  29.66104225  35.90551312  42.85302783
  50.4685521   57.35813117  64.41219029  69.56607804  73.00502364
  73.25372788  69.37428395  61.12406266  49.32718552  35.24050714
  37.26188901]
3.7590549613976814 0.358392722104921 96.70442488127337
val isze = 0
idinces = [14 20  8 27 30 18 13  1 28 29  6 12  3 25  2  5 10  9 17 16  4  7 22 19
 24  0 15 11 26 21 23]
training loss = 10.373002052307129 500
training loss = 7.571351528167725 1000
training loss = 2.6909844875335693 1500
training loss = 1.8311872482299805 2000
training loss = 1.6651748418807983 2500
training loss = 1.5958744287490845 3000
training loss = 1.5515764951705933 3500
training loss = 1.5230989456176758 4000
training loss = 1.5069102048873901 4500
training loss = 1.5220940113067627 5000
reduced chi^2 level 2 = 1.5094527006149292
Constrained alpha: 3.3081672191619873
Constrained beta: 2.215203285217285
Constrained gamma: 37.076290130615234
(1, 31)
(1, 0)
