data before
[  201.69548438  2186.596       4741.1725      6806.304
  8415.142       9508.04       10293.872      10803.613
 11059.951      11244.94       11193.59       11106.22
 10915.06       10726.921      10398.065       9973.075
  9756.218       9357.004       9043.926       8619.225
  8341.463       8044.5045      7649.2345      7374.9705
  7005.915       6710.51        6467.6685      6197.199
  5833.9995      5635.4955      5329.8425      5074.8935
  4867.8355      4646.638       4429.836       4197.9315
  3945.307       3797.69        3620.51425     3463.5615
  3250.57        3098.35525     2943.80975     2799.6775
  2622.84425     2537.9205      2403.97025     2251.1695
  2126.283       2034.685875    1892.43925     1769.9575
  1668.828       1579.421875    1493.573625    1383.66375
  1293.98175     1226.202       1117.2615      1098.675625
  1027.611        972.4194375    871.5859375    789.113625
   748.63625      691.513        636.5791875    601.02075
   573.4458125    528.88525      479.33321875   415.75921875
   391.03565625   356.03071875   342.6669375    315.17771875
   272.60125      261.47465625   229.28953125   194.09942187
   181.34415625   163.05475      143.99895313   132.63742188
   117.78934375   102.31896875    91.19404687    75.37598438
    69.23158594    57.61450781    55.16546484    50.61793359
    44.56195313    35.34457422    34.54191016    28.24605664
    24.52100195    18.43544727    16.78997656    14.26100391]
1
data after
[201.695484375, 2186.596, 4741.1725, 6806.304, 8415.142, 9508.04, 10293.872, 10803.613, 11059.951000000001, 11244.94, 11193.59, 11106.22, 10915.06, 10726.921, 10398.065, 9973.075, 9756.218, 9357.004, 9043.926, 8619.225, 8341.463, 8044.5045, 7649.2345000000005, 7374.9705, 7005.915, 6710.51, 6467.6685, 6197.1990000000005, 5833.9995, 5635.4955, 5329.8425, 5074.8935, 4867.8355, 4646.638, 4429.836, 4197.9315, 3945.3070000000002, 3797.69, 3620.51425, 3463.5615000000003, 3250.57, 3098.35525, 2943.80975, 2799.6775000000002, 2622.84425, 2537.9205, 2403.97025, 2251.1695, 2126.283, 2034.6858750000001, 1892.4392500000001, 1769.9575, 1668.828, 1579.421875, 1493.573625, 1383.66375, 1293.98175, 1226.202, 1117.2615, 1098.675625, 1027.611, 972.4194375000001, 871.5859375, 789.1136250000001, 748.63625, 691.513, 636.5791875, 601.02075, 573.4458125, 528.88525, 479.33321875, 415.75921875, 391.03565625, 356.03071875, 342.6669375, 315.17771875, 272.60125, 261.47465625, 229.28953125, 194.099421875, 181.34415625, 163.05475, 143.998953125, 132.637421875, 117.78934375, 102.31896875, 91.194046875, 75.375984375, 69.2315859375, 57.6145078125, 55.16546484375, 50.61793359375, 44.561953125, 35.34457421875, 34.54191015625, 28.246056640625, 24.521001953125, 49.486427734375]
5
data,sig_tot
[  201.69548438  2186.596       4741.1725      6806.304
  8415.142       9508.04       10293.872      10803.613
 11059.951      11244.94       11193.59       11106.22
 10915.06       10726.921      10398.065       9973.075
  9756.218       9357.004       9043.926       8619.225
  8341.463       8044.5045      7649.2345      7374.9705
  7005.915       6710.51        6467.6685      6197.199
  5833.9995      5635.4955      5329.8425      5074.8935
  4867.8355      4646.638       4429.836       4197.9315
  3945.307       3797.69        3620.51425     3463.5615
  3250.57        3098.35525     2943.80975     2799.6775
  2622.84425     2537.9205      2403.97025     2251.1695
  2126.283       2034.685875    1892.43925     1769.9575
  1668.828       1579.421875    1493.573625    1383.66375
  1293.98175     1226.202       1117.2615      1098.675625
  1027.611        972.4194375    871.5859375    789.113625
   748.63625      691.513        636.5791875    601.02075
   573.4458125    528.88525      479.33321875   415.75921875
   391.03565625   356.03071875   342.6669375    315.17771875
   272.60125      261.47465625   229.28953125   194.09942187
   181.34415625   163.05475      143.99895313   132.63742188
   117.78934375   102.31896875    91.19404687    75.37598438
    69.23158594    57.61450781    55.16546484    50.61793359
    44.56195313    35.34457422    34.54191016    28.24605664
    24.52100195    49.48642773    75.74399219   804.709125
  1763.31675     2504.259       3019.62675     3301.88875
  3459.874       3528.952       3494.8165      3421.0445
  3289.662       3155.9175      3023.6105      2839.2995
  2644.43775     2518.6575      2372.192       2216.62325
  2034.74975     1905.980375    1789.7635      1666.338
  1538.839375    1436.9455      1335.904375    1229.661625
  1144.643375    1058.539875     980.8401875    916.3586875
   842.4764375    779.5256875    715.1693125    681.832875
   620.082        586.245625     530.67075      490.98796875
   458.21353125   411.08625      390.2181875    352.11384375
   336.40353125   305.11284375   275.9941875    259.87478125
   224.37195313   215.4056875    199.71892188   185.792625
   172.99051563   152.30403125   140.4808125    126.99416406
   113.67026562   108.17124219    97.68226562    84.38951563
    82.0724375     76.03239063    65.07246484    56.03773828
    56.06823438    49.56273047    45.12332422    40.58268359
    40.0164375     31.57017187    31.18983984    29.12374805
    26.76495117    21.12873047    20.3756543     31.54842969
    27.04654102    22.25835938    22.87860156    21.58001465
    24.13499445]
[  201.69548438  2186.596       4741.1725      6806.304
  8415.142       9508.04       10293.872      10803.613
 11059.951      11244.94       11193.59       11106.22
 10915.06       10726.921      10398.065       9973.075
  9756.218       9357.004       9043.926       8619.225
  8341.463       8044.5045      7649.2345      7374.9705
  7005.915       6710.51        6467.6685      6197.199
  5833.9995      5635.4955      5329.8425      5074.8935
  4867.8355      4646.638       4429.836       4197.9315
  3945.307       3797.69        3620.51425     3463.5615
  3250.57        3098.35525     2943.80975     2799.6775
  2622.84425     2537.9205      2403.97025     2251.1695
  2126.283       2034.685875    1892.43925     1769.9575
  1668.828       1579.421875    1493.573625    1383.66375
  1293.98175     1226.202       1117.2615      1098.675625
  1027.611        972.4194375    871.5859375    789.113625
   748.63625      691.513        636.5791875    601.02075
   573.4458125    528.88525      479.33321875   415.75921875
   391.03565625   356.03071875   342.6669375    315.17771875
   272.60125      261.47465625   229.28953125   194.09942187
   181.34415625   163.05475      143.99895313   132.63742188
   117.78934375   102.31896875    91.19404687    75.37598438
    69.23158594    57.61450781    55.16546484    50.61793359
    44.56195313    35.34457422    34.54191016    28.24605664
    24.52100195    49.48642773    75.74399219   804.709125
  1763.31675     2504.259       3019.62675     3301.88875
  3459.874       3528.952       3494.8165      3421.0445
  3289.662       3155.9175      3023.6105      2839.2995
  2644.43775     2518.6575      2372.192       2216.62325
  2034.74975     1905.980375    1789.7635      1666.338
  1538.839375    1436.9455      1335.904375    1229.661625
  1144.643375    1058.539875     980.8401875    916.3586875
   842.4764375    779.5256875    715.1693125    681.832875
   620.082        586.245625     530.67075      490.98796875
   458.21353125   411.08625      390.2181875    352.11384375
   336.40353125   305.11284375   275.9941875    259.87478125
   224.37195313   215.4056875    199.71892188   185.792625
   172.99051563   152.30403125   140.4808125    126.99416406
   113.67026563   108.17124219    97.68226562    84.38951563
    82.0724375     76.03239062    65.07246484    56.03773828
    56.06823438    49.56273047    45.12332422    40.58268359
    40.0164375     31.57017187    31.18983984    29.12374805
    26.76495117    21.12873047    20.3756543     31.54842969
    27.04654102    22.25835938    22.87860156    21.58001465
    24.13499445]
1.459516566531548 4.460218461695485 21.160109544684012
val isze = 17
idinces = [ 69 103  20 116  56  97 117  39 171  10  19  66  55  61 102  59  83  78
 110 163   1 160  47  49  67 136  68 133  60  76 170 169  70 167 124  26
  95  91  24 109 121  21 175  63  58  99 144  81  87  43 150 120 138  35
 173  82   2 114 153  38  52 142 176 146 148 101  80  72 145  98  41  32
 105  48  25  53  90 149  51  14 162  29   3  23 131 165  37 166 164  45
 111 134  42  79 143 155 119 147  12 127  22  85   6 106 112 135 132 104
  34 152 108  50 168 130 129   4   5  44 128  96  84 154  28  75   7  46
  17  11 158  71 118 137 174  74  94 151  93  18  27  36  57  31  65 140
  89  30  86  92 141 126  13  77 159 161  33  62 122 107  88  54 139 100
  16 115  40   0  73   8 172 157 156 123 113  64  15 125   9]
we are doing training validation split
training loss = 4.479550838470459 500
val loss = 7.398787498474121
training loss = 4.368650913238525 1000
val loss = 7.480251789093018
training loss = 4.279881954193115 1500
val loss = 7.452185153961182
training loss = 4.224797248840332 2000
val loss = 7.516416549682617
training loss = 4.148235321044922 2500
val loss = 7.421337127685547
training loss = 2.190300703048706 3000
val loss = 3.487438917160034
training loss = 2.1615586280822754 3500
val loss = 3.490246057510376
training loss = 2.1517770290374756 4000
val loss = 3.500127077102661
training loss = 2.147160291671753 4500
val loss = 3.493760585784912
training loss = 2.1445703506469727 5000
val loss = 3.50019907951355
training loss = 2.1425528526306152 5500
val loss = 3.499211311340332
training loss = 2.140779972076416 6000
val loss = 3.473925828933716
training loss = 2.1388912200927734 6500
val loss = 3.4919493198394775
training loss = 2.1370091438293457 7000
val loss = 3.486771583557129
training loss = 2.1350486278533936 7500
val loss = 3.486896276473999
training loss = 2.1331186294555664 8000
val loss = 3.5013680458068848
training loss = 2.131591796875 8500
val loss = 3.525163173675537
training loss = 2.128751754760742 9000
val loss = 3.4590189456939697
training loss = 2.125563144683838 9500
val loss = 3.4735286235809326
training loss = 2.465132474899292 10000
val loss = 4.750497341156006
training loss = 2.1195266246795654 10500
val loss = 3.4727396965026855
training loss = 2.1169888973236084 11000
val loss = 3.5156309604644775
training loss = 2.1129024028778076 11500
val loss = 3.4327406883239746
training loss = 2.108779191970825 12000
val loss = 3.5001611709594727
training loss = 2.1038146018981934 12500
val loss = 3.466536521911621
training loss = 3.191943883895874 13000
val loss = 3.3612864017486572
training loss = 2.0947368144989014 13500
val loss = 3.4542407989501953
training loss = 2.090078115463257 14000
val loss = 3.443942070007324
training loss = 3.2709858417510986 14500
val loss = 3.400999069213867
training loss = 2.080918312072754 15000
val loss = 3.4436182975769043
training loss = 2.076504945755005 15500
val loss = 3.4392449855804443
training loss = 2.072211980819702 16000
val loss = 3.436995029449463
training loss = 2.0681188106536865 16500
val loss = 3.4329724311828613
training loss = 2.064377546310425 17000
val loss = 3.4305531978607178
training loss = 2.0610861778259277 17500
val loss = 3.425995111465454
training loss = 2.0583064556121826 18000
val loss = 3.4273128509521484
training loss = 2.055968761444092 18500
val loss = 3.419400930404663
training loss = 2.0541563034057617 19000
val loss = 3.4373514652252197
training loss = 2.052483320236206 19500
val loss = 3.4332916736602783
training loss = 2.0509583950042725 20000
val loss = 3.415621042251587
training loss = 2.049715042114258 20500
val loss = 3.4153218269348145
training loss = 2.0486202239990234 21000
val loss = 3.417285680770874
training loss = 2.047663688659668 21500
val loss = 3.416121482849121
training loss = 2.046848773956299 22000
val loss = 3.4139180183410645
training loss = 2.0462148189544678 22500
val loss = 3.411055326461792
training loss = 2.0457398891448975 23000
val loss = 3.4125616550445557
training loss = 2.045395612716675 23500
val loss = 3.416227102279663
training loss = 2.045191526412964 24000
val loss = 3.4003164768218994
training loss = 2.0460236072540283 24500
val loss = 3.367558240890503
training loss = 2.193638563156128 25000
val loss = 4.1624956130981445
training loss = 2.1201865673065186 25500
val loss = 3.1161413192749023
training loss = 2.044665813446045 26000
val loss = 3.4105801582336426
training loss = 2.044630765914917 26500
val loss = 3.410736560821533
training loss = 2.0446183681488037 27000
val loss = 3.4099278450012207
training loss = 2.044625997543335 27500
val loss = 3.410050868988037
training loss = 2.0446460247039795 28000
val loss = 3.410322666168213
training loss = 2.0446724891662598 28500
val loss = 3.4101388454437256
training loss = 2.044710159301758 29000
val loss = 3.4082562923431396
training loss = 2.0447633266448975 29500
val loss = 3.404798984527588
training loss = 2.0453033447265625 30000
val loss = 3.4436590671539307
training loss = 2.0489308834075928 30500
val loss = 3.323223352432251
training loss = 2.0610549449920654 31000
val loss = 3.617511034011841
training loss = 2.045022964477539 31500
val loss = 3.4224274158477783
training loss = 2.045011281967163 32000
val loss = 3.4097819328308105
training loss = 2.0568642616271973 32500
val loss = 3.585604429244995
training loss = 2.0677008628845215 33000
val loss = 3.6591877937316895
training loss = 2.212106943130493 33500
val loss = 4.220505714416504
training loss = 2.056572675704956 34000
val loss = 3.5788440704345703
training loss = 2.290463924407959 34500
val loss = 4.444920063018799
training loss = 3.2833023071289062 35000
val loss = 6.577898979187012
(1, 160)
(1, 17)
