data before
[  201.69548438  2186.596       4741.1725      6806.304
  8415.142       9508.04       10293.872      10803.613
 11059.951      11244.94       11193.59       11106.22
 10915.06       10726.921      10398.065       9973.075
  9756.218       9357.004       9043.926       8619.225
  8341.463       8044.5045      7649.2345      7374.9705
  7005.915       6710.51        6467.6685      6197.199
  5833.9995      5635.4955      5329.8425      5074.8935
  4867.8355      4646.638       4429.836       4197.9315
  3945.307       3797.69        3620.51425     3463.5615
  3250.57        3098.35525     2943.80975     2799.6775
  2622.84425     2537.9205      2403.97025     2251.1695
  2126.283       2034.685875    1892.43925     1769.9575
  1668.828       1579.421875    1493.573625    1383.66375
  1293.98175     1226.202       1117.2615      1098.675625
  1027.611        972.4194375    871.5859375    789.113625
   748.63625      691.513        636.5791875    601.02075
   573.4458125    528.88525      479.33321875   415.75921875
   391.03565625   356.03071875   342.6669375    315.17771875
   272.60125      261.47465625   229.28953125   194.09942187
   181.34415625   163.05475      143.99895313   132.63742188
   117.78934375   102.31896875    91.19404687    75.37598438
    69.23158594    57.61450781    55.16546484    50.61793359
    44.56195313    35.34457422    34.54191016    28.24605664
    24.52100195    18.43544727    16.78997656    14.26100391]
1
data after
[201.695484375, 2186.596, 4741.1725, 6806.304, 8415.142, 9508.04, 10293.872, 10803.613, 11059.951000000001, 11244.94, 11193.59, 11106.22, 10915.06, 10726.921, 10398.065, 9973.075, 9756.218, 9357.004, 9043.926, 8619.225, 8341.463, 8044.5045, 7649.2345000000005, 7374.9705, 7005.915, 6710.51, 6467.6685, 6197.1990000000005, 5833.9995, 5635.4955, 5329.8425, 5074.8935, 4867.8355, 4646.638, 4429.836, 4197.9315, 3945.3070000000002, 3797.69, 3620.51425, 3463.5615000000003, 3250.57, 3098.35525, 2943.80975, 2799.6775000000002, 2622.84425, 2537.9205, 2403.97025, 2251.1695, 2126.283, 2034.6858750000001, 1892.4392500000001, 1769.9575, 1668.828, 1579.421875, 1493.573625, 1383.66375, 1293.98175, 1226.202, 1117.2615, 1098.675625, 1027.611, 972.4194375000001, 871.5859375, 789.1136250000001, 748.63625, 691.513, 636.5791875, 601.02075, 573.4458125, 528.88525, 479.33321875, 415.75921875, 391.03565625, 356.03071875, 342.6669375, 315.17771875, 272.60125, 261.47465625, 229.28953125, 194.099421875, 181.34415625, 163.05475, 143.998953125, 132.637421875, 117.78934375, 102.31896875, 91.194046875, 75.375984375, 69.2315859375, 57.6145078125, 55.16546484375, 50.61793359375, 44.561953125, 35.34457421875, 34.54191015625, 28.246056640625, 24.521001953125, 49.486427734375]
5
data,sig_tot
[  201.69548438  2186.596       4741.1725      6806.304
  8415.142       9508.04       10293.872      10803.613
 11059.951      11244.94       11193.59       11106.22
 10915.06       10726.921      10398.065       9973.075
  9756.218       9357.004       9043.926       8619.225
  8341.463       8044.5045      7649.2345      7374.9705
  7005.915       6710.51        6467.6685      6197.199
  5833.9995      5635.4955      5329.8425      5074.8935
  4867.8355      4646.638       4429.836       4197.9315
  3945.307       3797.69        3620.51425     3463.5615
  3250.57        3098.35525     2943.80975     2799.6775
  2622.84425     2537.9205      2403.97025     2251.1695
  2126.283       2034.685875    1892.43925     1769.9575
  1668.828       1579.421875    1493.573625    1383.66375
  1293.98175     1226.202       1117.2615      1098.675625
  1027.611        972.4194375    871.5859375    789.113625
   748.63625      691.513        636.5791875    601.02075
   573.4458125    528.88525      479.33321875   415.75921875
   391.03565625   356.03071875   342.6669375    315.17771875
   272.60125      261.47465625   229.28953125   194.09942187
   181.34415625   163.05475      143.99895313   132.63742188
   117.78934375   102.31896875    91.19404687    75.37598438
    69.23158594    57.61450781    55.16546484    50.61793359
    44.56195313    35.34457422    34.54191016    28.24605664
    24.52100195    49.48642773    75.74399219   804.709125
  1763.31675     2504.259       3019.62675     3301.88875
  3459.874       3528.952       3494.8165      3421.0445
  3289.662       3155.9175      3023.6105      2839.2995
  2644.43775     2518.6575      2372.192       2216.62325
  2034.74975     1905.980375    1789.7635      1666.338
  1538.839375    1436.9455      1335.904375    1229.661625
  1144.643375    1058.539875     980.8401875    916.3586875
   842.4764375    779.5256875    715.1693125    681.832875
   620.082        586.245625     530.67075      490.98796875
   458.21353125   411.08625      390.2181875    352.11384375
   336.40353125   305.11284375   275.9941875    259.87478125
   224.37195313   215.4056875    199.71892188   185.792625
   172.99051563   152.30403125   140.4808125    126.99416406
   113.67026562   108.17124219    97.68226562    84.38951563
    82.0724375     76.03239063    65.07246484    56.03773828
    56.06823438    49.56273047    45.12332422    40.58268359
    40.0164375     31.57017187    31.18983984    29.12374805
    26.76495117    21.12873047    20.3756543     31.54842969
    27.04654102    22.25835938    22.87860156    21.58001465
    24.13499445]
[  201.69548438  2186.596       4741.1725      6806.304
  8415.142       9508.04       10293.872      10803.613
 11059.951      11244.94       11193.59       11106.22
 10915.06       10726.921      10398.065       9973.075
  9756.218       9357.004       9043.926       8619.225
  8341.463       8044.5045      7649.2345      7374.9705
  7005.915       6710.51        6467.6685      6197.199
  5833.9995      5635.4955      5329.8425      5074.8935
  4867.8355      4646.638       4429.836       4197.9315
  3945.307       3797.69        3620.51425     3463.5615
  3250.57        3098.35525     2943.80975     2799.6775
  2622.84425     2537.9205      2403.97025     2251.1695
  2126.283       2034.685875    1892.43925     1769.9575
  1668.828       1579.421875    1493.573625    1383.66375
  1293.98175     1226.202       1117.2615      1098.675625
  1027.611        972.4194375    871.5859375    789.113625
   748.63625      691.513        636.5791875    601.02075
   573.4458125    528.88525      479.33321875   415.75921875
   391.03565625   356.03071875   342.6669375    315.17771875
   272.60125      261.47465625   229.28953125   194.09942187
   181.34415625   163.05475      143.99895313   132.63742188
   117.78934375   102.31896875    91.19404687    75.37598438
    69.23158594    57.61450781    55.16546484    50.61793359
    44.56195313    35.34457422    34.54191016    28.24605664
    24.52100195    49.48642773    75.74399219   804.709125
  1763.31675     2504.259       3019.62675     3301.88875
  3459.874       3528.952       3494.8165      3421.0445
  3289.662       3155.9175      3023.6105      2839.2995
  2644.43775     2518.6575      2372.192       2216.62325
  2034.74975     1905.980375    1789.7635      1666.338
  1538.839375    1436.9455      1335.904375    1229.661625
  1144.643375    1058.539875     980.8401875    916.3586875
   842.4764375    779.5256875    715.1693125    681.832875
   620.082        586.245625     530.67075      490.98796875
   458.21353125   411.08625      390.2181875    352.11384375
   336.40353125   305.11284375   275.9941875    259.87478125
   224.37195313   215.4056875    199.71892188   185.792625
   172.99051563   152.30403125   140.4808125    126.99416406
   113.67026563   108.17124219    97.68226562    84.38951563
    82.0724375     76.03239062    65.07246484    56.03773828
    56.06823438    49.56273047    45.12332422    40.58268359
    40.0164375     31.57017187    31.18983984    29.12374805
    26.76495117    21.12873047    20.3756543     31.54842969
    27.04654102    22.25835938    22.87860156    21.58001465
    24.13499445]
2.683910643491672 1.969424922016807 52.645660114561856
val isze = 17
idinces = [ 69 103  20 116  56  97 117  39 171  10  19  66  55  61 102  59  83  78
 110 163   1 160  47  49  67 136  68 133  60  76 170 169  70 167 124  26
  95  91  24 109 121  21 175  63  58  99 144  81  87  43 150 120 138  35
 173  82   2 114 153  38  52 142 176 146 148 101  80  72 145  98  41  32
 105  48  25  53  90 149  51  14 162  29   3  23 131 165  37 166 164  45
 111 134  42  79 143 155 119 147  12 127  22  85   6 106 112 135 132 104
  34 152 108  50 168 130 129   4   5  44 128  96  84 154  28  75   7  46
  17  11 158  71 118 137 174  74  94 151  93  18  27  36  57  31  65 140
  89  30  86  92 141 126  13  77 159 161  33  62 122 107  88  54 139 100
  16 115  40   0  73   8 172 157 156 123 113  64  15 125   9]
we are doing training validation split
training loss = 8.837658882141113 500
val loss = 8.762598037719727
training loss = 6.471755504608154 1000
val loss = 7.757092475891113
training loss = 5.314517498016357 1500
val loss = 7.322628021240234
training loss = 4.805400848388672 2000
val loss = 7.14808464050293
training loss = 4.59981107711792 2500
val loss = 7.081777572631836
training loss = 4.526496887207031 3000
val loss = 7.058468341827393
training loss = 4.504056453704834 3500
val loss = 7.050189971923828
training loss = 4.497435092926025 4000
val loss = 7.046121120452881
training loss = 4.4943528175354 4500
val loss = 7.044622898101807
training loss = 6.101795196533203 5000
val loss = 6.3517303466796875
training loss = 4.712233543395996 5500
val loss = 8.340272903442383
training loss = 4.485060691833496 6000
val loss = 7.160066604614258
training loss = 4.4704437255859375 6500
val loss = 7.00004243850708
training loss = 4.4539594650268555 7000
val loss = 7.148532867431641
training loss = 4.3640522956848145 7500
val loss = 6.822855472564697
training loss = 2.3990352153778076 8000
val loss = 3.294436454772949
training loss = 2.3125741481781006 8500
val loss = 3.1275198459625244
training loss = 2.277503490447998 9000
val loss = 3.096539258956909
training loss = 2.2637736797332764 9500
val loss = 3.074073076248169
training loss = 2.2563724517822266 10000
val loss = 3.0673587322235107
training loss = 2.2510268688201904 10500
val loss = 3.0652546882629395
training loss = 2.2463836669921875 11000
val loss = 3.0655441284179688
training loss = 2.2424848079681396 11500
val loss = 3.0786235332489014
training loss = 2.2411117553710938 12000
val loss = 3.1107349395751953
training loss = 2.2373299598693848 12500
val loss = 3.017180919647217
training loss = 2.235201597213745 13000
val loss = 3.0093119144439697
training loss = 2.2716991901397705 13500
val loss = 2.9440324306488037
training loss = 2.2224929332733154 14000
val loss = 3.065441608428955
training loss = 2.219351053237915 14500
val loss = 3.043632984161377
training loss = 2.215675115585327 15000
val loss = 3.0741021633148193
training loss = 2.212099075317383 15500
val loss = 3.0594797134399414
training loss = 2.208941698074341 16000
val loss = 3.06085467338562
training loss = 2.205995559692383 16500
val loss = 3.0608789920806885
training loss = 2.2032830715179443 17000
val loss = 3.0590131282806396
training loss = 2.6965458393096924 17500
val loss = 4.250598430633545
training loss = 2.2012932300567627 18000
val loss = 3.1093358993530273
training loss = 2.196143388748169 18500
val loss = 3.0575709342956543
training loss = 2.1941304206848145 19000
val loss = 3.059997797012329
training loss = 2.1922531127929688 19500
val loss = 3.059563159942627
training loss = 2.1903603076934814 20000
val loss = 3.0590765476226807
training loss = 2.188585042953491 20500
val loss = 3.0592825412750244
training loss = 2.1867942810058594 21000
val loss = 3.0590574741363525
training loss = 2.1857361793518066 21500
val loss = 3.080512523651123
training loss = 2.1832988262176514 22000
val loss = 3.0656070709228516
training loss = 2.489121198654175 22500
val loss = 2.977052688598633
training loss = 2.1793665885925293 23000
val loss = 3.0566110610961914
training loss = 2.177564859390259 23500
val loss = 3.055826425552368
training loss = 2.7654740810394287 24000
val loss = 4.420173645019531
training loss = 2.174440622329712 24500
val loss = 3.05440092086792
training loss = 2.3002567291259766 25000
val loss = 2.917863130569458
training loss = 2.199666976928711 25500
val loss = 2.950986623764038
training loss = 2.17010760307312 26000
val loss = 3.0702707767486572
training loss = 2.1923844814300537 26500
val loss = 3.2124979496002197
training loss = 2.5272698402404785 27000
val loss = 3.999917507171631
training loss = 2.165910482406616 27500
val loss = 3.0441648960113525
training loss = 2.164728879928589 28000
val loss = 3.0534591674804688
training loss = 2.16383957862854 28500
val loss = 3.052373170852661
training loss = 2.162919282913208 29000
val loss = 3.0536978244781494
training loss = 2.1620638370513916 29500
val loss = 3.0529658794403076
training loss = 2.1613616943359375 30000
val loss = 3.052441358566284
training loss = 2.1606640815734863 30500
val loss = 3.052316427230835
training loss = 2.160080909729004 31000
val loss = 3.0523111820220947
training loss = 2.1595661640167236 31500
val loss = 3.0522146224975586
training loss = 2.1590991020202637 32000
val loss = 3.051874876022339
training loss = 2.1586804389953613 32500
val loss = 3.051510810852051
training loss = 2.158324956893921 33000
val loss = 3.0515761375427246
training loss = 2.3509464263916016 33500
val loss = 2.929002285003662
training loss = 2.157651662826538 34000
val loss = 3.049901247024536
training loss = 2.1574363708496094 34500
val loss = 3.05096435546875
training loss = 2.157238721847534 35000
val loss = 3.0509400367736816
reduced chi^2 level 2 = 2.1572365760803223
Constrained alpha: 2.6570706367492676
Constrained beta: 2.1906898021698
Constrained gamma: 16.877927780151367
(1, 160)
(1, 17)
