data before
[  201.69548438  2186.596       4741.1725      6806.304
  8415.142       9508.04       10293.872      10803.613
 11059.951      11244.94       11193.59       11106.22
 10915.06       10726.921      10398.065       9973.075
  9756.218       9357.004       9043.926       8619.225
  8341.463       8044.5045      7649.2345      7374.9705
  7005.915       6710.51        6467.6685      6197.199
  5833.9995      5635.4955      5329.8425      5074.8935
  4867.8355      4646.638       4429.836       4197.9315
  3945.307       3797.69        3620.51425     3463.5615
  3250.57        3098.35525     2943.80975     2799.6775
  2622.84425     2537.9205      2403.97025     2251.1695
  2126.283       2034.685875    1892.43925     1769.9575
  1668.828       1579.421875    1493.573625    1383.66375
  1293.98175     1226.202       1117.2615      1098.675625
  1027.611        972.4194375    871.5859375    789.113625
   748.63625      691.513        636.5791875    601.02075
   573.4458125    528.88525      479.33321875   415.75921875
   391.03565625   356.03071875   342.6669375    315.17771875
   272.60125      261.47465625   229.28953125   194.09942187
   181.34415625   163.05475      143.99895313   132.63742188
   117.78934375   102.31896875    91.19404687    75.37598438
    69.23158594    57.61450781    55.16546484    50.61793359
    44.56195313    35.34457422    34.54191016    28.24605664
    24.52100195    18.43544727    16.78997656    14.26100391]
1
data after
[201.695484375, 2186.596, 4741.1725, 6806.304, 8415.142, 9508.04, 10293.872, 10803.613, 11059.951000000001, 11244.94, 11193.59, 11106.22, 10915.06, 10726.921, 10398.065, 9973.075, 9756.218, 9357.004, 9043.926, 8619.225, 8341.463, 8044.5045, 7649.2345000000005, 7374.9705, 7005.915, 6710.51, 6467.6685, 6197.1990000000005, 5833.9995, 5635.4955, 5329.8425, 5074.8935, 4867.8355, 4646.638, 4429.836, 4197.9315, 3945.3070000000002, 3797.69, 3620.51425, 3463.5615000000003, 3250.57, 3098.35525, 2943.80975, 2799.6775000000002, 2622.84425, 2537.9205, 2403.97025, 2251.1695, 2126.283, 2034.6858750000001, 1892.4392500000001, 1769.9575, 1668.828, 1579.421875, 1493.573625, 1383.66375, 1293.98175, 1226.202, 1117.2615, 1098.675625, 1027.611, 972.4194375000001, 871.5859375, 789.1136250000001, 748.63625, 691.513, 636.5791875, 601.02075, 573.4458125, 528.88525, 479.33321875, 415.75921875, 391.03565625, 356.03071875, 342.6669375, 315.17771875, 272.60125, 261.47465625, 229.28953125, 194.099421875, 181.34415625, 163.05475, 143.998953125, 132.637421875, 117.78934375, 102.31896875, 91.194046875, 75.375984375, 69.2315859375, 57.6145078125, 55.16546484375, 50.61793359375, 44.561953125, 35.34457421875, 34.54191015625, 28.246056640625, 24.521001953125, 49.486427734375]
5
data,sig_tot
[  201.69548438  2186.596       4741.1725      6806.304
  8415.142       9508.04       10293.872      10803.613
 11059.951      11244.94       11193.59       11106.22
 10915.06       10726.921      10398.065       9973.075
  9756.218       9357.004       9043.926       8619.225
  8341.463       8044.5045      7649.2345      7374.9705
  7005.915       6710.51        6467.6685      6197.199
  5833.9995      5635.4955      5329.8425      5074.8935
  4867.8355      4646.638       4429.836       4197.9315
  3945.307       3797.69        3620.51425     3463.5615
  3250.57        3098.35525     2943.80975     2799.6775
  2622.84425     2537.9205      2403.97025     2251.1695
  2126.283       2034.685875    1892.43925     1769.9575
  1668.828       1579.421875    1493.573625    1383.66375
  1293.98175     1226.202       1117.2615      1098.675625
  1027.611        972.4194375    871.5859375    789.113625
   748.63625      691.513        636.5791875    601.02075
   573.4458125    528.88525      479.33321875   415.75921875
   391.03565625   356.03071875   342.6669375    315.17771875
   272.60125      261.47465625   229.28953125   194.09942187
   181.34415625   163.05475      143.99895313   132.63742188
   117.78934375   102.31896875    91.19404687    75.37598438
    69.23158594    57.61450781    55.16546484    50.61793359
    44.56195313    35.34457422    34.54191016    28.24605664
    24.52100195    49.48642773    75.74399219   804.709125
  1763.31675     2504.259       3019.62675     3301.88875
  3459.874       3528.952       3494.8165      3421.0445
  3289.662       3155.9175      3023.6105      2839.2995
  2644.43775     2518.6575      2372.192       2216.62325
  2034.74975     1905.980375    1789.7635      1666.338
  1538.839375    1436.9455      1335.904375    1229.661625
  1144.643375    1058.539875     980.8401875    916.3586875
   842.4764375    779.5256875    715.1693125    681.832875
   620.082        586.245625     530.67075      490.98796875
   458.21353125   411.08625      390.2181875    352.11384375
   336.40353125   305.11284375   275.9941875    259.87478125
   224.37195313   215.4056875    199.71892188   185.792625
   172.99051563   152.30403125   140.4808125    126.99416406
   113.67026562   108.17124219    97.68226562    84.38951563
    82.0724375     76.03239063    65.07246484    56.03773828
    56.06823438    49.56273047    45.12332422    40.58268359
    40.0164375     31.57017187    31.18983984    29.12374805
    26.76495117    21.12873047    20.3756543     31.54842969
    27.04654102    22.25835938    22.87860156    21.58001465
    24.13499445]
[  201.69548438  2186.596       4741.1725      6806.304
  8415.142       9508.04       10293.872      10803.613
 11059.951      11244.94       11193.59       11106.22
 10915.06       10726.921      10398.065       9973.075
  9756.218       9357.004       9043.926       8619.225
  8341.463       8044.5045      7649.2345      7374.9705
  7005.915       6710.51        6467.6685      6197.199
  5833.9995      5635.4955      5329.8425      5074.8935
  4867.8355      4646.638       4429.836       4197.9315
  3945.307       3797.69        3620.51425     3463.5615
  3250.57        3098.35525     2943.80975     2799.6775
  2622.84425     2537.9205      2403.97025     2251.1695
  2126.283       2034.685875    1892.43925     1769.9575
  1668.828       1579.421875    1493.573625    1383.66375
  1293.98175     1226.202       1117.2615      1098.675625
  1027.611        972.4194375    871.5859375    789.113625
   748.63625      691.513        636.5791875    601.02075
   573.4458125    528.88525      479.33321875   415.75921875
   391.03565625   356.03071875   342.6669375    315.17771875
   272.60125      261.47465625   229.28953125   194.09942187
   181.34415625   163.05475      143.99895313   132.63742188
   117.78934375   102.31896875    91.19404687    75.37598438
    69.23158594    57.61450781    55.16546484    50.61793359
    44.56195313    35.34457422    34.54191016    28.24605664
    24.52100195    49.48642773    75.74399219   804.709125
  1763.31675     2504.259       3019.62675     3301.88875
  3459.874       3528.952       3494.8165      3421.0445
  3289.662       3155.9175      3023.6105      2839.2995
  2644.43775     2518.6575      2372.192       2216.62325
  2034.74975     1905.980375    1789.7635      1666.338
  1538.839375    1436.9455      1335.904375    1229.661625
  1144.643375    1058.539875     980.8401875    916.3586875
   842.4764375    779.5256875    715.1693125    681.832875
   620.082        586.245625     530.67075      490.98796875
   458.21353125   411.08625      390.2181875    352.11384375
   336.40353125   305.11284375   275.9941875    259.87478125
   224.37195313   215.4056875    199.71892188   185.792625
   172.99051563   152.30403125   140.4808125    126.99416406
   113.67026563   108.17124219    97.68226562    84.38951563
    82.0724375     76.03239062    65.07246484    56.03773828
    56.06823438    49.56273047    45.12332422    40.58268359
    40.0164375     31.57017187    31.18983984    29.12374805
    26.76495117    21.12873047    20.3756543     31.54842969
    27.04654102    22.25835938    22.87860156    21.58001465
    24.13499445]
4.695647001932283 2.0257250601594934 65.72944481231835
val isze = 17
idinces = [ 69 103  20 116  56  97 117  39 171  10  19  66  55  61 102  59  83  78
 110 163   1 160  47  49  67 136  68 133  60  76 170 169  70 167 124  26
  95  91  24 109 121  21 175  63  58  99 144  81  87  43 150 120 138  35
 173  82   2 114 153  38  52 142 176 146 148 101  80  72 145  98  41  32
 105  48  25  53  90 149  51  14 162  29   3  23 131 165  37 166 164  45
 111 134  42  79 143 155 119 147  12 127  22  85   6 106 112 135 132 104
  34 152 108  50 168 130 129   4   5  44 128  96  84 154  28  75   7  46
  17  11 158  71 118 137 174  74  94 151  93  18  27  36  57  31  65 140
  89  30  86  92 141 126  13  77 159 161  33  62 122 107  88  54 139 100
  16 115  40   0  73   8 172 157 156 123 113  64  15 125   9]
we are doing training validation split
training loss = 3.9019105434417725 500
val loss = 4.759015083312988
training loss = 2.431840658187866 1000
val loss = 3.638352870941162
training loss = 3.0160701274871826 1500
val loss = 4.514368057250977
training loss = 2.351778030395508 2000
val loss = 3.528273105621338
training loss = 2.323042154312134 2500
val loss = 3.5503993034362793
training loss = 2.3116469383239746 3000
val loss = 3.552535057067871
training loss = 2.3011274337768555 3500
val loss = 3.541874647140503
training loss = 2.2944722175598145 4000
val loss = 3.545621156692505
training loss = 2.28943133354187 4500
val loss = 3.5457193851470947
training loss = 2.2856202125549316 5000
val loss = 3.54508113861084
training loss = 2.283003330230713 5500
val loss = 3.5558323860168457
training loss = 2.3453495502471924 6000
val loss = 3.676776647567749
training loss = 2.6467740535736084 6500
val loss = 3.9650440216064453
training loss = 2.422670841217041 7000
val loss = 3.610154151916504
training loss = 4.369968414306641 7500
val loss = 6.471299171447754
training loss = 3.4294228553771973 8000
val loss = 5.1925811767578125
training loss = 2.586460828781128 8500
val loss = 3.6963438987731934
training loss = 2.749000310897827 9000
val loss = 4.246981620788574
training loss = 2.2649643421173096 9500
val loss = 3.537545680999756
training loss = 2.2639806270599365 10000
val loss = 3.5347087383270264
training loss = 2.2626430988311768 10500
val loss = 3.531472682952881
training loss = 2.2616145610809326 11000
val loss = 3.5273430347442627
training loss = 2.2603344917297363 11500
val loss = 3.523754596710205
training loss = 2.2588512897491455 12000
val loss = 3.5209240913391113
training loss = 2.257542133331299 12500
val loss = 3.517220973968506
training loss = 2.2571640014648438 13000
val loss = 3.5159215927124023
training loss = 2.2556824684143066 13500
val loss = 3.510204553604126
training loss = 2.2503788471221924 14000
val loss = 3.504782199859619
training loss = 2.238711357116699 14500
val loss = 3.50862979888916
training loss = 2.2296407222747803 15000
val loss = 3.5166637897491455
training loss = 2.2257256507873535 15500
val loss = 3.521592617034912
reduced chi^2 level 2 = 2.2226686477661133
Constrained alpha: 3.694291830062866
Constrained beta: -1.690815952315461e-05
Constrained gamma: 37.15852737426758
(1, 160)
(1, 17)
