data before
[  201.69548438  2186.596       4741.1725      6806.304
  8415.142       9508.04       10293.872      10803.613
 11059.951      11244.94       11193.59       11106.22
 10915.06       10726.921      10398.065       9973.075
  9756.218       9357.004       9043.926       8619.225
  8341.463       8044.5045      7649.2345      7374.9705
  7005.915       6710.51        6467.6685      6197.199
  5833.9995      5635.4955      5329.8425      5074.8935
  4867.8355      4646.638       4429.836       4197.9315
  3945.307       3797.69        3620.51425     3463.5615
  3250.57        3098.35525     2943.80975     2799.6775
  2622.84425     2537.9205      2403.97025     2251.1695
  2126.283       2034.685875    1892.43925     1769.9575
  1668.828       1579.421875    1493.573625    1383.66375
  1293.98175     1226.202       1117.2615      1098.675625
  1027.611        972.4194375    871.5859375    789.113625
   748.63625      691.513        636.5791875    601.02075
   573.4458125    528.88525      479.33321875   415.75921875
   391.03565625   356.03071875   342.6669375    315.17771875
   272.60125      261.47465625   229.28953125   194.09942187
   181.34415625   163.05475      143.99895313   132.63742188
   117.78934375   102.31896875    91.19404687    75.37598438
    69.23158594    57.61450781    55.16546484    50.61793359
    44.56195313    35.34457422    34.54191016    28.24605664
    24.52100195    18.43544727    16.78997656    14.26100391]
1
data after
[201.695484375, 2186.596, 4741.1725, 6806.304, 8415.142, 9508.04, 10293.872, 10803.613, 11059.951000000001, 11244.94, 11193.59, 11106.22, 10915.06, 10726.921, 10398.065, 9973.075, 9756.218, 9357.004, 9043.926, 8619.225, 8341.463, 8044.5045, 7649.2345000000005, 7374.9705, 7005.915, 6710.51, 6467.6685, 6197.1990000000005, 5833.9995, 5635.4955, 5329.8425, 5074.8935, 4867.8355, 4646.638, 4429.836, 4197.9315, 3945.3070000000002, 3797.69, 3620.51425, 3463.5615000000003, 3250.57, 3098.35525, 2943.80975, 2799.6775000000002, 2622.84425, 2537.9205, 2403.97025, 2251.1695, 2126.283, 2034.6858750000001, 1892.4392500000001, 1769.9575, 1668.828, 1579.421875, 1493.573625, 1383.66375, 1293.98175, 1226.202, 1117.2615, 1098.675625, 1027.611, 972.4194375000001, 871.5859375, 789.1136250000001, 748.63625, 691.513, 636.5791875, 601.02075, 573.4458125, 528.88525, 479.33321875, 415.75921875, 391.03565625, 356.03071875, 342.6669375, 315.17771875, 272.60125, 261.47465625, 229.28953125, 194.099421875, 181.34415625, 163.05475, 143.998953125, 132.637421875, 117.78934375, 102.31896875, 91.194046875, 75.375984375, 69.2315859375, 57.6145078125, 55.16546484375, 50.61793359375, 44.561953125, 35.34457421875, 34.54191015625, 28.246056640625, 24.521001953125, 49.486427734375]
5
data,sig_tot
[  201.69548438  2186.596       4741.1725      6806.304
  8415.142       9508.04       10293.872      10803.613
 11059.951      11244.94       11193.59       11106.22
 10915.06       10726.921      10398.065       9973.075
  9756.218       9357.004       9043.926       8619.225
  8341.463       8044.5045      7649.2345      7374.9705
  7005.915       6710.51        6467.6685      6197.199
  5833.9995      5635.4955      5329.8425      5074.8935
  4867.8355      4646.638       4429.836       4197.9315
  3945.307       3797.69        3620.51425     3463.5615
  3250.57        3098.35525     2943.80975     2799.6775
  2622.84425     2537.9205      2403.97025     2251.1695
  2126.283       2034.685875    1892.43925     1769.9575
  1668.828       1579.421875    1493.573625    1383.66375
  1293.98175     1226.202       1117.2615      1098.675625
  1027.611        972.4194375    871.5859375    789.113625
   748.63625      691.513        636.5791875    601.02075
   573.4458125    528.88525      479.33321875   415.75921875
   391.03565625   356.03071875   342.6669375    315.17771875
   272.60125      261.47465625   229.28953125   194.09942187
   181.34415625   163.05475      143.99895313   132.63742188
   117.78934375   102.31896875    91.19404687    75.37598438
    69.23158594    57.61450781    55.16546484    50.61793359
    44.56195313    35.34457422    34.54191016    28.24605664
    24.52100195    49.48642773    75.74399219   804.709125
  1763.31675     2504.259       3019.62675     3301.88875
  3459.874       3528.952       3494.8165      3421.0445
  3289.662       3155.9175      3023.6105      2839.2995
  2644.43775     2518.6575      2372.192       2216.62325
  2034.74975     1905.980375    1789.7635      1666.338
  1538.839375    1436.9455      1335.904375    1229.661625
  1144.643375    1058.539875     980.8401875    916.3586875
   842.4764375    779.5256875    715.1693125    681.832875
   620.082        586.245625     530.67075      490.98796875
   458.21353125   411.08625      390.2181875    352.11384375
   336.40353125   305.11284375   275.9941875    259.87478125
   224.37195313   215.4056875    199.71892188   185.792625
   172.99051563   152.30403125   140.4808125    126.99416406
   113.67026562   108.17124219    97.68226562    84.38951563
    82.0724375     76.03239063    65.07246484    56.03773828
    56.06823438    49.56273047    45.12332422    40.58268359
    40.0164375     31.57017187    31.18983984    29.12374805
    26.76495117    21.12873047    20.3756543     31.54842969
    27.04654102    22.25835938    22.87860156    21.58001465
    24.13499445]
[  201.69548438  2186.596       4741.1725      6806.304
  8415.142       9508.04       10293.872      10803.613
 11059.951      11244.94       11193.59       11106.22
 10915.06       10726.921      10398.065       9973.075
  9756.218       9357.004       9043.926       8619.225
  8341.463       8044.5045      7649.2345      7374.9705
  7005.915       6710.51        6467.6685      6197.199
  5833.9995      5635.4955      5329.8425      5074.8935
  4867.8355      4646.638       4429.836       4197.9315
  3945.307       3797.69        3620.51425     3463.5615
  3250.57        3098.35525     2943.80975     2799.6775
  2622.84425     2537.9205      2403.97025     2251.1695
  2126.283       2034.685875    1892.43925     1769.9575
  1668.828       1579.421875    1493.573625    1383.66375
  1293.98175     1226.202       1117.2615      1098.675625
  1027.611        972.4194375    871.5859375    789.113625
   748.63625      691.513        636.5791875    601.02075
   573.4458125    528.88525      479.33321875   415.75921875
   391.03565625   356.03071875   342.6669375    315.17771875
   272.60125      261.47465625   229.28953125   194.09942187
   181.34415625   163.05475      143.99895313   132.63742188
   117.78934375   102.31896875    91.19404687    75.37598438
    69.23158594    57.61450781    55.16546484    50.61793359
    44.56195313    35.34457422    34.54191016    28.24605664
    24.52100195    49.48642773    75.74399219   804.709125
  1763.31675     2504.259       3019.62675     3301.88875
  3459.874       3528.952       3494.8165      3421.0445
  3289.662       3155.9175      3023.6105      2839.2995
  2644.43775     2518.6575      2372.192       2216.62325
  2034.74975     1905.980375    1789.7635      1666.338
  1538.839375    1436.9455      1335.904375    1229.661625
  1144.643375    1058.539875     980.8401875    916.3586875
   842.4764375    779.5256875    715.1693125    681.832875
   620.082        586.245625     530.67075      490.98796875
   458.21353125   411.08625      390.2181875    352.11384375
   336.40353125   305.11284375   275.9941875    259.87478125
   224.37195313   215.4056875    199.71892188   185.792625
   172.99051563   152.30403125   140.4808125    126.99416406
   113.67026563   108.17124219    97.68226562    84.38951563
    82.0724375     76.03239062    65.07246484    56.03773828
    56.06823438    49.56273047    45.12332422    40.58268359
    40.0164375     31.57017187    31.18983984    29.12374805
    26.76495117    21.12873047    20.3756543     31.54842969
    27.04654102    22.25835938    22.87860156    21.58001465
    24.13499445]
3.2250583897939933 4.1611334253035315 73.20195205278935
val isze = 17
idinces = [ 69 103  20 116  56  97 117  39 171  10  19  66  55  61 102  59  83  78
 110 163   1 160  47  49  67 136  68 133  60  76 170 169  70 167 124  26
  95  91  24 109 121  21 175  63  58  99 144  81  87  43 150 120 138  35
 173  82   2 114 153  38  52 142 176 146 148 101  80  72 145  98  41  32
 105  48  25  53  90 149  51  14 162  29   3  23 131 165  37 166 164  45
 111 134  42  79 143 155 119 147  12 127  22  85   6 106 112 135 132 104
  34 152 108  50 168 130 129   4   5  44 128  96  84 154  28  75   7  46
  17  11 158  71 118 137 174  74  94 151  93  18  27  36  57  31  65 140
  89  30  86  92 141 126  13  77 159 161  33  62 122 107  88  54 139 100
  16 115  40   0  73   8 172 157 156 123 113  64  15 125   9]
we are doing training validation split
training loss = 9.787208557128906 500
val loss = 8.405851364135742
training loss = 6.334117889404297 1000
val loss = 6.900021076202393
training loss = 5.1516032218933105 1500
val loss = 6.483443260192871
training loss = 4.781367778778076 2000
val loss = 6.3745598793029785
training loss = 4.6782121658325195 2500
val loss = 6.350991725921631
training loss = 4.653128147125244 3000
val loss = 6.347931861877441
training loss = 4.646020412445068 3500
val loss = 6.347362995147705
training loss = 4.6419525146484375 4000
val loss = 6.334591865539551
training loss = 4.638921737670898 4500
val loss = 6.333029270172119
training loss = 4.6357927322387695 5000
val loss = 6.33392333984375
training loss = 4.632044315338135 5500
val loss = 6.334659576416016
training loss = 4.627109527587891 6000
val loss = 6.33222770690918
training loss = 4.620023250579834 6500
val loss = 6.327755928039551
training loss = 4.608493328094482 7000
val loss = 6.295316696166992
training loss = 4.584949493408203 7500
val loss = 6.250521183013916
training loss = 4.323825359344482 8000
val loss = 5.822685718536377
training loss = 2.3877830505371094 8500
val loss = 1.9634238481521606
training loss = 2.942883014678955 9000
val loss = 2.4450807571411133
training loss = 2.3559682369232178 9500
val loss = 1.899684190750122
training loss = 2.353377103805542 10000
val loss = 1.8915122747421265
training loss = 2.399308681488037 10500
val loss = 1.9790270328521729
training loss = 3.2562777996063232 11000
val loss = 3.1611387729644775
training loss = 2.351361036300659 11500
val loss = 1.8842320442199707
training loss = 2.351408004760742 12000
val loss = 1.887730360031128
training loss = 2.3506102561950684 12500
val loss = 1.8832465410232544
training loss = 2.3502583503723145 13000
val loss = 1.882495641708374
training loss = 2.349853277206421 13500
val loss = 1.8817654848098755
training loss = 2.3495192527770996 14000
val loss = 1.8813648223876953
training loss = 2.349069833755493 14500
val loss = 1.880541205406189
training loss = 2.348673105239868 15000
val loss = 1.8801485300064087
training loss = 2.348224639892578 15500
val loss = 1.8799034357070923
training loss = 2.3477895259857178 16000
val loss = 1.8788622617721558
training loss = 2.348785400390625 16500
val loss = 1.8862950801849365
training loss = 2.3468658924102783 17000
val loss = 1.8782521486282349
training loss = 2.3535358905792236 17500
val loss = 1.8708831071853638
training loss = 2.352076292037964 18000
val loss = 1.8971033096313477
training loss = 2.3964011669158936 18500
val loss = 1.9778960943222046
training loss = 2.3450756072998047 19000
val loss = 1.876194715499878
training loss = 2.34702205657959 19500
val loss = 1.887035608291626
training loss = 2.691866159439087 20000
val loss = 2.4080989360809326
training loss = 2.590240716934204 20500
val loss = 2.096806764602661
training loss = 2.3432018756866455 21000
val loss = 1.8724147081375122
training loss = 2.3425910472869873 21500
val loss = 1.8737218379974365
training loss = 2.3930394649505615 22000
val loss = 1.8956886529922485
training loss = 2.341590166091919 22500
val loss = 1.8727047443389893
training loss = 2.3410489559173584 23000
val loss = 1.8720256090164185
training loss = 2.3405590057373047 23500
val loss = 1.8716486692428589
training loss = 2.340031147003174 24000
val loss = 1.8710280656814575
training loss = 2.33951735496521 24500
val loss = 1.870477318763733
training loss = 2.339022397994995 25000
val loss = 1.8702479600906372
training loss = 2.3385183811187744 25500
val loss = 1.8696335554122925
training loss = 2.338036298751831 26000
val loss = 1.8682520389556885
training loss = 2.3375210762023926 26500
val loss = 1.8687388896942139
training loss = 2.3370587825775146 27000
val loss = 1.8693735599517822
training loss = 2.336801528930664 27500
val loss = 1.8652403354644775
training loss = 2.3361146450042725 28000
val loss = 1.8665392398834229
training loss = 2.3356378078460693 28500
val loss = 1.8663742542266846
training loss = 2.3352017402648926 29000
val loss = 1.865890622138977
training loss = 2.3381030559539795 29500
val loss = 1.8594063520431519
training loss = 2.3385114669799805 30000
val loss = 1.8832465410232544
training loss = 2.3720510005950928 30500
val loss = 1.8763924837112427
training loss = 2.3376529216766357 31000
val loss = 1.8577101230621338
training loss = 2.3330161571502686 31500
val loss = 1.8649779558181763
training loss = 2.335491895675659 32000
val loss = 1.8576860427856445
training loss = 2.3323166370391846 32500
val loss = 1.8621121644973755
training loss = 2.3318421840667725 33000
val loss = 1.8645708560943604
training loss = 2.3314599990844727 33500
val loss = 1.8645519018173218
training loss = 2.3310647010803223 34000
val loss = 1.862821340560913
training loss = 2.3307034969329834 34500
val loss = 1.8624401092529297
training loss = 2.330357789993286 35000
val loss = 1.863102674484253
reduced chi^2 level 2 = 2.330350637435913
Constrained alpha: 2.7923221588134766
Constrained beta: 5.075677871704102
Constrained gamma: 17.891117095947266
(1, 160)
(1, 17)
