data before
[  201.69548438  2186.596       4741.1725      6806.304
  8415.142       9508.04       10293.872      10803.613
 11059.951      11244.94       11193.59       11106.22
 10915.06       10726.921      10398.065       9973.075
  9756.218       9357.004       9043.926       8619.225
  8341.463       8044.5045      7649.2345      7374.9705
  7005.915       6710.51        6467.6685      6197.199
  5833.9995      5635.4955      5329.8425      5074.8935
  4867.8355      4646.638       4429.836       4197.9315
  3945.307       3797.69        3620.51425     3463.5615
  3250.57        3098.35525     2943.80975     2799.6775
  2622.84425     2537.9205      2403.97025     2251.1695
  2126.283       2034.685875    1892.43925     1769.9575
  1668.828       1579.421875    1493.573625    1383.66375
  1293.98175     1226.202       1117.2615      1098.675625
  1027.611        972.4194375    871.5859375    789.113625
   748.63625      691.513        636.5791875    601.02075
   573.4458125    528.88525      479.33321875   415.75921875
   391.03565625   356.03071875   342.6669375    315.17771875
   272.60125      261.47465625   229.28953125   194.09942187
   181.34415625   163.05475      143.99895313   132.63742188
   117.78934375   102.31896875    91.19404687    75.37598438
    69.23158594    57.61450781    55.16546484    50.61793359
    44.56195313    35.34457422    34.54191016    28.24605664
    24.52100195    18.43544727    16.78997656    14.26100391]
1
data after
[201.695484375, 2186.596, 4741.1725, 6806.304, 8415.142, 9508.04, 10293.872, 10803.613, 11059.951000000001, 11244.94, 11193.59, 11106.22, 10915.06, 10726.921, 10398.065, 9973.075, 9756.218, 9357.004, 9043.926, 8619.225, 8341.463, 8044.5045, 7649.2345000000005, 7374.9705, 7005.915, 6710.51, 6467.6685, 6197.1990000000005, 5833.9995, 5635.4955, 5329.8425, 5074.8935, 4867.8355, 4646.638, 4429.836, 4197.9315, 3945.3070000000002, 3797.69, 3620.51425, 3463.5615000000003, 3250.57, 3098.35525, 2943.80975, 2799.6775000000002, 2622.84425, 2537.9205, 2403.97025, 2251.1695, 2126.283, 2034.6858750000001, 1892.4392500000001, 1769.9575, 1668.828, 1579.421875, 1493.573625, 1383.66375, 1293.98175, 1226.202, 1117.2615, 1098.675625, 1027.611, 972.4194375000001, 871.5859375, 789.1136250000001, 748.63625, 691.513, 636.5791875, 601.02075, 573.4458125, 528.88525, 479.33321875, 415.75921875, 391.03565625, 356.03071875, 342.6669375, 315.17771875, 272.60125, 261.47465625, 229.28953125, 194.099421875, 181.34415625, 163.05475, 143.998953125, 132.637421875, 117.78934375, 102.31896875, 91.194046875, 75.375984375, 69.2315859375, 57.6145078125, 55.16546484375, 50.61793359375, 44.561953125, 35.34457421875, 34.54191015625, 28.246056640625, 24.521001953125, 49.486427734375]
5
data,sig_tot
[  201.69548438  2186.596       4741.1725      6806.304
  8415.142       9508.04       10293.872      10803.613
 11059.951      11244.94       11193.59       11106.22
 10915.06       10726.921      10398.065       9973.075
  9756.218       9357.004       9043.926       8619.225
  8341.463       8044.5045      7649.2345      7374.9705
  7005.915       6710.51        6467.6685      6197.199
  5833.9995      5635.4955      5329.8425      5074.8935
  4867.8355      4646.638       4429.836       4197.9315
  3945.307       3797.69        3620.51425     3463.5615
  3250.57        3098.35525     2943.80975     2799.6775
  2622.84425     2537.9205      2403.97025     2251.1695
  2126.283       2034.685875    1892.43925     1769.9575
  1668.828       1579.421875    1493.573625    1383.66375
  1293.98175     1226.202       1117.2615      1098.675625
  1027.611        972.4194375    871.5859375    789.113625
   748.63625      691.513        636.5791875    601.02075
   573.4458125    528.88525      479.33321875   415.75921875
   391.03565625   356.03071875   342.6669375    315.17771875
   272.60125      261.47465625   229.28953125   194.09942187
   181.34415625   163.05475      143.99895313   132.63742188
   117.78934375   102.31896875    91.19404687    75.37598438
    69.23158594    57.61450781    55.16546484    50.61793359
    44.56195313    35.34457422    34.54191016    28.24605664
    24.52100195    49.48642773    75.74399219   804.709125
  1763.31675     2504.259       3019.62675     3301.88875
  3459.874       3528.952       3494.8165      3421.0445
  3289.662       3155.9175      3023.6105      2839.2995
  2644.43775     2518.6575      2372.192       2216.62325
  2034.74975     1905.980375    1789.7635      1666.338
  1538.839375    1436.9455      1335.904375    1229.661625
  1144.643375    1058.539875     980.8401875    916.3586875
   842.4764375    779.5256875    715.1693125    681.832875
   620.082        586.245625     530.67075      490.98796875
   458.21353125   411.08625      390.2181875    352.11384375
   336.40353125   305.11284375   275.9941875    259.87478125
   224.37195313   215.4056875    199.71892188   185.792625
   172.99051563   152.30403125   140.4808125    126.99416406
   113.67026562   108.17124219    97.68226562    84.38951563
    82.0724375     76.03239063    65.07246484    56.03773828
    56.06823438    49.56273047    45.12332422    40.58268359
    40.0164375     31.57017187    31.18983984    29.12374805
    26.76495117    21.12873047    20.3756543     31.54842969
    27.04654102    22.25835938    22.87860156    21.58001465
    24.13499445]
[  201.69548438  2186.596       4741.1725      6806.304
  8415.142       9508.04       10293.872      10803.613
 11059.951      11244.94       11193.59       11106.22
 10915.06       10726.921      10398.065       9973.075
  9756.218       9357.004       9043.926       8619.225
  8341.463       8044.5045      7649.2345      7374.9705
  7005.915       6710.51        6467.6685      6197.199
  5833.9995      5635.4955      5329.8425      5074.8935
  4867.8355      4646.638       4429.836       4197.9315
  3945.307       3797.69        3620.51425     3463.5615
  3250.57        3098.35525     2943.80975     2799.6775
  2622.84425     2537.9205      2403.97025     2251.1695
  2126.283       2034.685875    1892.43925     1769.9575
  1668.828       1579.421875    1493.573625    1383.66375
  1293.98175     1226.202       1117.2615      1098.675625
  1027.611        972.4194375    871.5859375    789.113625
   748.63625      691.513        636.5791875    601.02075
   573.4458125    528.88525      479.33321875   415.75921875
   391.03565625   356.03071875   342.6669375    315.17771875
   272.60125      261.47465625   229.28953125   194.09942187
   181.34415625   163.05475      143.99895313   132.63742188
   117.78934375   102.31896875    91.19404687    75.37598438
    69.23158594    57.61450781    55.16546484    50.61793359
    44.56195313    35.34457422    34.54191016    28.24605664
    24.52100195    49.48642773    75.74399219   804.709125
  1763.31675     2504.259       3019.62675     3301.88875
  3459.874       3528.952       3494.8165      3421.0445
  3289.662       3155.9175      3023.6105      2839.2995
  2644.43775     2518.6575      2372.192       2216.62325
  2034.74975     1905.980375    1789.7635      1666.338
  1538.839375    1436.9455      1335.904375    1229.661625
  1144.643375    1058.539875     980.8401875    916.3586875
   842.4764375    779.5256875    715.1693125    681.832875
   620.082        586.245625     530.67075      490.98796875
   458.21353125   411.08625      390.2181875    352.11384375
   336.40353125   305.11284375   275.9941875    259.87478125
   224.37195313   215.4056875    199.71892188   185.792625
   172.99051563   152.30403125   140.4808125    126.99416406
   113.67026563   108.17124219    97.68226562    84.38951563
    82.0724375     76.03239062    65.07246484    56.03773828
    56.06823438    49.56273047    45.12332422    40.58268359
    40.0164375     31.57017187    31.18983984    29.12374805
    26.76495117    21.12873047    20.3756543     31.54842969
    27.04654102    22.25835938    22.87860156    21.58001465
    24.13499445]
2.107441865310867 16.846233572331798 14.222643463840301
val isze = 17
idinces = [ 69 103  20 116  56  97 117  39 171  10  19  66  55  61 102  59  83  78
 110 163   1 160  47  49  67 136  68 133  60  76 170 169  70 167 124  26
  95  91  24 109 121  21 175  63  58  99 144  81  87  43 150 120 138  35
 173  82   2 114 153  38  52 142 176 146 148 101  80  72 145  98  41  32
 105  48  25  53  90 149  51  14 162  29   3  23 131 165  37 166 164  45
 111 134  42  79 143 155 119 147  12 127  22  85   6 106 112 135 132 104
  34 152 108  50 168 130 129   4   5  44 128  96  84 154  28  75   7  46
  17  11 158  71 118 137 174  74  94 151  93  18  27  36  57  31  65 140
  89  30  86  92 141 126  13  77 159 161  33  62 122 107  88  54 139 100
  16 115  40   0  73   8 172 157 156 123 113  64  15 125   9]
we are doing training validation split
training loss = 6.33802604675293 500
val loss = 5.534262657165527
training loss = 6.062337398529053 1000
val loss = 5.40388298034668
training loss = 5.698971748352051 1500
val loss = 5.225252151489258
training loss = 5.301229000091553 2000
val loss = 5.016074180603027
training loss = 4.953434944152832 2500
val loss = 4.809359073638916
training loss = 4.738162040710449 3000
val loss = 4.647221088409424
training loss = 4.656907558441162 3500
val loss = 4.551151275634766
training loss = 4.636112689971924 4000
val loss = 4.5044403076171875
training loss = 4.625452995300293 4500
val loss = 4.485745429992676
training loss = 4.613118648529053 5000
val loss = 4.46344518661499
training loss = 4.591506481170654 5500
val loss = 4.432323932647705
training loss = 4.535426139831543 6000
val loss = 4.355619430541992
training loss = 4.280228614807129 6500
val loss = 4.0254950523376465
training loss = 2.4679408073425293 7000
val loss = 2.114266872406006
training loss = 2.339101552963257 7500
val loss = 2.051522970199585
training loss = 2.4523026943206787 8000
val loss = 2.7920773029327393
training loss = 2.278679609298706 8500
val loss = 2.325495481491089
training loss = 2.280860662460327 9000
val loss = 2.0979344844818115
training loss = 2.245630979537964 9500
val loss = 2.23459529876709
training loss = 2.2362818717956543 10000
val loss = 2.2415809631347656
training loss = 2.2277657985687256 10500
val loss = 2.245990037918091
training loss = 2.2196438312530518 11000
val loss = 2.252098560333252
training loss = 2.2120394706726074 11500
val loss = 2.2538228034973145
reduced chi^2 level 2 = 2.2108185291290283
Constrained alpha: 2.884873628616333
Constrained beta: 5.866385459899902
Constrained gamma: 14.073945045471191
(1, 160)
(1, 17)
