data before
[  201.69548438  2186.596       4741.1725      6806.304
  8415.142       9508.04       10293.872      10803.613
 11059.951      11244.94       11193.59       11106.22
 10915.06       10726.921      10398.065       9973.075
  9756.218       9357.004       9043.926       8619.225
  8341.463       8044.5045      7649.2345      7374.9705
  7005.915       6710.51        6467.6685      6197.199
  5833.9995      5635.4955      5329.8425      5074.8935
  4867.8355      4646.638       4429.836       4197.9315
  3945.307       3797.69        3620.51425     3463.5615
  3250.57        3098.35525     2943.80975     2799.6775
  2622.84425     2537.9205      2403.97025     2251.1695
  2126.283       2034.685875    1892.43925     1769.9575
  1668.828       1579.421875    1493.573625    1383.66375
  1293.98175     1226.202       1117.2615      1098.675625
  1027.611        972.4194375    871.5859375    789.113625
   748.63625      691.513        636.5791875    601.02075
   573.4458125    528.88525      479.33321875   415.75921875
   391.03565625   356.03071875   342.6669375    315.17771875
   272.60125      261.47465625   229.28953125   194.09942187
   181.34415625   163.05475      143.99895313   132.63742188
   117.78934375   102.31896875    91.19404687    75.37598438
    69.23158594    57.61450781    55.16546484    50.61793359
    44.56195313    35.34457422    34.54191016    28.24605664
    24.52100195    18.43544727    16.78997656    14.26100391]
1
data after
[201.695484375, 2186.596, 4741.1725, 6806.304, 8415.142, 9508.04, 10293.872, 10803.613, 11059.951000000001, 11244.94, 11193.59, 11106.22, 10915.06, 10726.921, 10398.065, 9973.075, 9756.218, 9357.004, 9043.926, 8619.225, 8341.463, 8044.5045, 7649.2345000000005, 7374.9705, 7005.915, 6710.51, 6467.6685, 6197.1990000000005, 5833.9995, 5635.4955, 5329.8425, 5074.8935, 4867.8355, 4646.638, 4429.836, 4197.9315, 3945.3070000000002, 3797.69, 3620.51425, 3463.5615000000003, 3250.57, 3098.35525, 2943.80975, 2799.6775000000002, 2622.84425, 2537.9205, 2403.97025, 2251.1695, 2126.283, 2034.6858750000001, 1892.4392500000001, 1769.9575, 1668.828, 1579.421875, 1493.573625, 1383.66375, 1293.98175, 1226.202, 1117.2615, 1098.675625, 1027.611, 972.4194375000001, 871.5859375, 789.1136250000001, 748.63625, 691.513, 636.5791875, 601.02075, 573.4458125, 528.88525, 479.33321875, 415.75921875, 391.03565625, 356.03071875, 342.6669375, 315.17771875, 272.60125, 261.47465625, 229.28953125, 194.099421875, 181.34415625, 163.05475, 143.998953125, 132.637421875, 117.78934375, 102.31896875, 91.194046875, 75.375984375, 69.2315859375, 57.6145078125, 55.16546484375, 50.61793359375, 44.561953125, 35.34457421875, 34.54191015625, 28.246056640625, 24.521001953125, 49.486427734375]
5
data,sig_tot
[  201.69548438  2186.596       4741.1725      6806.304
  8415.142       9508.04       10293.872      10803.613
 11059.951      11244.94       11193.59       11106.22
 10915.06       10726.921      10398.065       9973.075
  9756.218       9357.004       9043.926       8619.225
  8341.463       8044.5045      7649.2345      7374.9705
  7005.915       6710.51        6467.6685      6197.199
  5833.9995      5635.4955      5329.8425      5074.8935
  4867.8355      4646.638       4429.836       4197.9315
  3945.307       3797.69        3620.51425     3463.5615
  3250.57        3098.35525     2943.80975     2799.6775
  2622.84425     2537.9205      2403.97025     2251.1695
  2126.283       2034.685875    1892.43925     1769.9575
  1668.828       1579.421875    1493.573625    1383.66375
  1293.98175     1226.202       1117.2615      1098.675625
  1027.611        972.4194375    871.5859375    789.113625
   748.63625      691.513        636.5791875    601.02075
   573.4458125    528.88525      479.33321875   415.75921875
   391.03565625   356.03071875   342.6669375    315.17771875
   272.60125      261.47465625   229.28953125   194.09942187
   181.34415625   163.05475      143.99895313   132.63742188
   117.78934375   102.31896875    91.19404687    75.37598438
    69.23158594    57.61450781    55.16546484    50.61793359
    44.56195313    35.34457422    34.54191016    28.24605664
    24.52100195    49.48642773    75.74399219   804.709125
  1763.31675     2504.259       3019.62675     3301.88875
  3459.874       3528.952       3494.8165      3421.0445
  3289.662       3155.9175      3023.6105      2839.2995
  2644.43775     2518.6575      2372.192       2216.62325
  2034.74975     1905.980375    1789.7635      1666.338
  1538.839375    1436.9455      1335.904375    1229.661625
  1144.643375    1058.539875     980.8401875    916.3586875
   842.4764375    779.5256875    715.1693125    681.832875
   620.082        586.245625     530.67075      490.98796875
   458.21353125   411.08625      390.2181875    352.11384375
   336.40353125   305.11284375   275.9941875    259.87478125
   224.37195313   215.4056875    199.71892188   185.792625
   172.99051563   152.30403125   140.4808125    126.99416406
   113.67026562   108.17124219    97.68226562    84.38951563
    82.0724375     76.03239063    65.07246484    56.03773828
    56.06823438    49.56273047    45.12332422    40.58268359
    40.0164375     31.57017187    31.18983984    29.12374805
    26.76495117    21.12873047    20.3756543     31.54842969
    27.04654102    22.25835938    22.87860156    21.58001465
    24.13499445]
[  201.69548438  2186.596       4741.1725      6806.304
  8415.142       9508.04       10293.872      10803.613
 11059.951      11244.94       11193.59       11106.22
 10915.06       10726.921      10398.065       9973.075
  9756.218       9357.004       9043.926       8619.225
  8341.463       8044.5045      7649.2345      7374.9705
  7005.915       6710.51        6467.6685      6197.199
  5833.9995      5635.4955      5329.8425      5074.8935
  4867.8355      4646.638       4429.836       4197.9315
  3945.307       3797.69        3620.51425     3463.5615
  3250.57        3098.35525     2943.80975     2799.6775
  2622.84425     2537.9205      2403.97025     2251.1695
  2126.283       2034.685875    1892.43925     1769.9575
  1668.828       1579.421875    1493.573625    1383.66375
  1293.98175     1226.202       1117.2615      1098.675625
  1027.611        972.4194375    871.5859375    789.113625
   748.63625      691.513        636.5791875    601.02075
   573.4458125    528.88525      479.33321875   415.75921875
   391.03565625   356.03071875   342.6669375    315.17771875
   272.60125      261.47465625   229.28953125   194.09942187
   181.34415625   163.05475      143.99895313   132.63742188
   117.78934375   102.31896875    91.19404687    75.37598438
    69.23158594    57.61450781    55.16546484    50.61793359
    44.56195313    35.34457422    34.54191016    28.24605664
    24.52100195    49.48642773    75.74399219   804.709125
  1763.31675     2504.259       3019.62675     3301.88875
  3459.874       3528.952       3494.8165      3421.0445
  3289.662       3155.9175      3023.6105      2839.2995
  2644.43775     2518.6575      2372.192       2216.62325
  2034.74975     1905.980375    1789.7635      1666.338
  1538.839375    1436.9455      1335.904375    1229.661625
  1144.643375    1058.539875     980.8401875    916.3586875
   842.4764375    779.5256875    715.1693125    681.832875
   620.082        586.245625     530.67075      490.98796875
   458.21353125   411.08625      390.2181875    352.11384375
   336.40353125   305.11284375   275.9941875    259.87478125
   224.37195313   215.4056875    199.71892188   185.792625
   172.99051563   152.30403125   140.4808125    126.99416406
   113.67026563   108.17124219    97.68226562    84.38951563
    82.0724375     76.03239062    65.07246484    56.03773828
    56.06823438    49.56273047    45.12332422    40.58268359
    40.0164375     31.57017187    31.18983984    29.12374805
    26.76495117    21.12873047    20.3756543     31.54842969
    27.04654102    22.25835938    22.87860156    21.58001465
    24.13499445]
0.9688073562725291 4.939211858769948 88.06708167334031
val isze = 17
idinces = [ 69 103  20 116  56  97 117  39 171  10  19  66  55  61 102  59  83  78
 110 163   1 160  47  49  67 136  68 133  60  76 170 169  70 167 124  26
  95  91  24 109 121  21 175  63  58  99 144  81  87  43 150 120 138  35
 173  82   2 114 153  38  52 142 176 146 148 101  80  72 145  98  41  32
 105  48  25  53  90 149  51  14 162  29   3  23 131 165  37 166 164  45
 111 134  42  79 143 155 119 147  12 127  22  85   6 106 112 135 132 104
  34 152 108  50 168 130 129   4   5  44 128  96  84 154  28  75   7  46
  17  11 158  71 118 137 174  74  94 151  93  18  27  36  57  31  65 140
  89  30  86  92 141 126  13  77 159 161  33  62 122 107  88  54 139 100
  16 115  40   0  73   8 172 157 156 123 113  64  15 125   9]
we are doing training validation split
training loss = 4.467748165130615 500
val loss = 5.8749260902404785
training loss = 4.460524559020996 1000
val loss = 5.876071929931641
training loss = 4.452701568603516 1500
val loss = 5.877997875213623
training loss = 4.445895195007324 2000
val loss = 5.880252838134766
training loss = 4.440959453582764 2500
val loss = 5.882793426513672
training loss = 4.437775135040283 3000
val loss = 5.884510040283203
training loss = 4.435483932495117 3500
val loss = 5.884657859802246
training loss = 4.446826934814453 4000
val loss = 6.209850788116455
training loss = 4.55008602142334 4500
val loss = 6.953658103942871
training loss = 4.427048683166504 5000
val loss = 5.954555034637451
training loss = 4.4199604988098145 5500
val loss = 5.850832462310791
training loss = 4.498193740844727 6000
val loss = 5.161102294921875
training loss = 4.388195991516113 6500
val loss = 5.839123725891113
training loss = 4.452571392059326 7000
val loss = 6.814001560211182
training loss = 4.11357307434082 7500
val loss = 6.143040657043457
training loss = 2.1155831813812256 8000
val loss = 2.1369516849517822
training loss = 2.0823609828948975 8500
val loss = 2.093801259994507
training loss = 2.0876572132110596 9000
val loss = 1.90777587890625
training loss = 2.083604574203491 9500
val loss = 1.9057307243347168
training loss = 2.0703508853912354 10000
val loss = 2.0200045108795166
training loss = 2.067612409591675 10500
val loss = 2.0162904262542725
training loss = 2.0650460720062256 11000
val loss = 2.0122106075286865
training loss = 2.0627076625823975 11500
val loss = 2.0091795921325684
training loss = 2.060302495956421 12000
val loss = 1.9960049390792847
training loss = 2.091019868850708 12500
val loss = 2.279290199279785
training loss = 2.056612491607666 13000
val loss = 1.9974993467330933
training loss = 3.1578667163848877 13500
val loss = 1.9941703081130981
training loss = 2.114006757736206 14000
val loss = 1.7414429187774658
training loss = 3.0947306156158447 14500
val loss = 1.9588671922683716
training loss = 2.1147968769073486 15000
val loss = 2.4091145992279053
training loss = 2.0823638439178467 15500
val loss = 2.2784359455108643
training loss = 2.060384750366211 16000
val loss = 2.1638288497924805
training loss = 2.0483627319335938 16500
val loss = 2.0678467750549316
training loss = 2.044036865234375 17000
val loss = 2.014882802963257
training loss = 2.042269468307495 17500
val loss = 1.9875739812850952
training loss = 2.0409164428710938 18000
val loss = 1.985280156135559
training loss = 2.039574146270752 18500
val loss = 1.984179139137268
training loss = 2.038245916366577 19000
val loss = 1.9829258918762207
training loss = 2.0369327068328857 19500
val loss = 1.9833098649978638
training loss = 2.035634756088257 20000
val loss = 1.9808324575424194
training loss = 2.0344021320343018 20500
val loss = 1.9803657531738281
training loss = 2.033160924911499 21000
val loss = 1.9798121452331543
training loss = 2.031907796859741 21500
val loss = 1.9777791500091553
training loss = 2.030721664428711 22000
val loss = 1.9777556657791138
training loss = 2.029498815536499 22500
val loss = 1.9767389297485352
training loss = 2.0283379554748535 23000
val loss = 1.9770004749298096
training loss = 2.0272185802459717 23500
val loss = 1.974334716796875
training loss = 2.026104688644409 24000
val loss = 1.9748194217681885
training loss = 2.025005340576172 24500
val loss = 1.9742319583892822
training loss = 2.0239410400390625 25000
val loss = 1.9731577634811401
training loss = 2.0228593349456787 25500
val loss = 1.9721137285232544
training loss = 2.021817207336426 26000
val loss = 1.9715349674224854
training loss = 2.020798444747925 26500
val loss = 1.9689570665359497
training loss = 2.0197970867156982 27000
val loss = 1.9707257747650146
training loss = 2.018819808959961 27500
val loss = 1.9746533632278442
training loss = 2.017876386642456 28000
val loss = 1.9605369567871094
training loss = 2.0169124603271484 28500
val loss = 1.9633681774139404
training loss = 2.0160024166107178 29000
val loss = 1.9699065685272217
training loss = 2.015108585357666 29500
val loss = 1.9643875360488892
training loss = 2.01423716545105 30000
val loss = 1.9676071405410767
training loss = 2.0133678913116455 30500
val loss = 1.9687659740447998
training loss = 2.0125184059143066 31000
val loss = 1.9639188051223755
training loss = 2.011709213256836 31500
val loss = 1.961803913116455
training loss = 2.0108771324157715 32000
val loss = 1.9620354175567627
training loss = 2.010106325149536 32500
val loss = 1.9573315382003784
training loss = 2.0093162059783936 33000
val loss = 1.9679211378097534
training loss = 2.008556365966797 33500
val loss = 1.9635498523712158
training loss = 2.007797956466675 34000
val loss = 1.9621151685714722
training loss = 2.007035493850708 34500
val loss = 1.9609382152557373
training loss = 2.006272554397583 35000
val loss = 1.9616584777832031
reduced chi^2 level 2 = 2.006274461746216
Constrained alpha: 2.6309211254119873
Constrained beta: 2.9902429580688477
Constrained gamma: 18.45980453491211
(1, 160)
(1, 17)
