LHAPDF 6.5.4 loading /data/theorie/jjohn/miniconda3/envs/nnpdf_dev/share/LHAPDF/FASERv_EPOS+POWHEG_7TeV/FASERv_EPOS+POWHEG_7TeV_0000.dat
FASERv_EPOS+POWHEG_7TeV PDF set, member #0, version 1; LHAPDF ID = 70001000
LHAPDF 6.5.4 loading /data/theorie/jjohn/miniconda3/envs/nnpdf_dev/share/LHAPDF/FASERv_EPOS+POWHEG_7TeV/FASERv_EPOS+POWHEG_7TeV_0000.dat
FASERv_EPOS+POWHEG_7TeV PDF set, member #0, version 1; LHAPDF ID = 70001000
2.0263024711794997 9.482903080775698 39.83731943728963
val isze = 0
idinces = [0 2 5 1 4 3]
training loss = 5.305681228637695
training loss = 4.817037105560303
training loss = 4.404422760009766
training loss = 4.069938659667969
training loss = 3.8326926231384277
training loss = 3.691934823989868
training loss = 3.624667167663574
training loss = 3.597844123840332
training loss = 3.587101936340332
training loss = 3.580958366394043
training loss = 3.5753939151763916
training loss = 3.5689620971679688
training loss = 3.5606369972229004
training loss = 3.5489816665649414
training loss = 3.531296730041504
training loss = 3.501832962036133
training loss = 3.4466562271118164
training loss = 3.324152946472168
training loss = 2.9513161182403564
training loss = 1.7691534757614136
rep 1 done out of 1
reduced chi^2 level 2 = 1.760454535484314
Constrained alpha: 1.5894149541854858
Constrained beta: 8.357950210571289
Constrained gamma: 36.96955108642578
(1, 6)
(1, 0)
Thanks for using LHAPDF 6.5.4. Please make sure to cite the paper:
  Eur.Phys.J. C75 (2015) 3, 132  (http://arxiv.org/abs/1412.7420)
