LHAPDF 6.5.4 loading /data/theorie/jjohn/miniconda3/envs/nnpdf_dev/share/LHAPDF/FASERv_EPOS+POWHEG_7TeV/FASERv_EPOS+POWHEG_7TeV_0000.dat
FASERv_EPOS+POWHEG_7TeV PDF set, member #0, version 1; LHAPDF ID = 70001000
LHAPDF 6.5.4 loading /data/theorie/jjohn/miniconda3/envs/nnpdf_dev/share/LHAPDF/FASERv_EPOS+POWHEG_7TeV/FASERv_EPOS+POWHEG_7TeV_0000.dat
FASERv_EPOS+POWHEG_7TeV PDF set, member #0, version 1; LHAPDF ID = 70001000
3.0370896207922806 11.24110846432622 42.76393171554423
val isze = 0
idinces = [0 2 5 1 4 3]
training loss = 202.66680908203125
training loss = 149.47802734375
training loss = 84.42683410644531
training loss = 30.521419525146484
training loss = 12.631547927856445
training loss = 11.843337059020996
training loss = 11.318903923034668
training loss = 10.821090698242188
training loss = 10.3324613571167
training loss = 9.83936882019043
training loss = 9.329662322998047
training loss = 8.79043197631836
training loss = 8.20497989654541
training loss = 7.547423362731934
training loss = 6.771676063537598
training loss = 5.792296409606934
training loss = 4.491738796234131
training loss = 2.9341914653778076
training loss = 1.647322654724121
training loss = 0.9689266085624695
rep 1 done out of 1
reduced chi^2 level 2 = 0.9645365476608276
Constrained alpha: 2.2071330547332764
Constrained beta: 8.062845230102539
Constrained gamma: 43.18616485595703
(1, 6)
(1, 0)
Thanks for using LHAPDF 6.5.4. Please make sure to cite the paper:
  Eur.Phys.J. C75 (2015) 3, 132  (http://arxiv.org/abs/1412.7420)
