LHAPDF 6.5.4 loading /data/theorie/jjohn/miniconda3/envs/nnpdf_dev/share/LHAPDF/FASERv_EPOS+POWHEG_7TeV/FASERv_EPOS+POWHEG_7TeV_0000.dat
FASERv_EPOS+POWHEG_7TeV PDF set, member #0, version 1; LHAPDF ID = 70001000
LHAPDF 6.5.4 loading /data/theorie/jjohn/miniconda3/envs/nnpdf_dev/share/LHAPDF/FASERv_EPOS+POWHEG_7TeV/FASERv_EPOS+POWHEG_7TeV_0000.dat
FASERv_EPOS+POWHEG_7TeV PDF set, member #0, version 1; LHAPDF ID = 70001000
4.0319121341978565 19.600883636483278 92.16876813382139
val isze = 0
idinces = [0 2 5 1 4 3]
training loss = 1799.6331787109375
training loss = 1326.072998046875
training loss = 1025.068359375
training loss = 847.378173828125
training loss = 742.1146240234375
training loss = 678.0232543945312
training loss = 637.7272338867188
training loss = 611.6060791015625
training loss = 594.1854858398438
training loss = 582.24853515625
training loss = 573.855712890625
training loss = 567.7821044921875
training loss = 563.257080078125
training loss = 559.7566528320312
training loss = 556.9358520507812
training loss = 554.5586547851562
training loss = 552.4592895507812
training loss = 550.5159912109375
training loss = 548.6435546875
training loss = 546.7792358398438
(1, 6)
(1, 0)
Thanks for using LHAPDF 6.5.4. Please make sure to cite the paper:
  Eur.Phys.J. C75 (2015) 3, 132  (http://arxiv.org/abs/1412.7420)
