LHAPDF 6.5.4 loading /data/theorie/jjohn/miniconda3/envs/nnpdf_dev/share/LHAPDF/FASERv_EPOS+POWHEG_7TeV/FASERv_EPOS+POWHEG_7TeV_0000.dat
FASERv_EPOS+POWHEG_7TeV PDF set, member #0, version 1; LHAPDF ID = 70001000
LHAPDF 6.5.4 loading /data/theorie/jjohn/miniconda3/envs/nnpdf_dev/share/LHAPDF/FASERv_EPOS+POWHEG_7TeV/FASERv_EPOS+POWHEG_7TeV_0000.dat
FASERv_EPOS+POWHEG_7TeV PDF set, member #0, version 1; LHAPDF ID = 70001000
3.58173395199703 3.4820978628753885 97.84408330469545
val isze = 0
idinces = [3 5 0 2 1 4]
training loss = 222.41847229003906
training loss = 207.33338928222656
training loss = 195.96041870117188
training loss = 187.27151489257812
training loss = 180.29148864746094
training loss = 174.58457946777344
training loss = 169.9342803955078
training loss = 166.1391143798828
training loss = 162.9757843017578
training loss = 160.2346649169922
training loss = 157.7456512451172
training loss = 155.38204956054688
training loss = 153.0542755126953
training loss = 150.7008514404297
training loss = 148.2808837890625
training loss = 145.76515197753906
training loss = 143.13259887695312
training loss = 140.36441040039062
training loss = 137.4453887939453
training loss = 134.36007690429688
(1, 6)
(1, 0)
Thanks for using LHAPDF 6.5.4. Please make sure to cite the paper:
  Eur.Phys.J. C75 (2015) 3, 132  (http://arxiv.org/abs/1412.7420)
