LHAPDF 6.5.4 loading /data/theorie/jjohn/miniconda3/envs/nnpdf_dev/share/LHAPDF/FASERv_EPOS+POWHEG_7TeV/FASERv_EPOS+POWHEG_7TeV_0000.dat
FASERv_EPOS+POWHEG_7TeV PDF set, member #0, version 1; LHAPDF ID = 70001000
LHAPDF 6.5.4 loading /data/theorie/jjohn/miniconda3/envs/nnpdf_dev/share/LHAPDF/FASERv_EPOS+POWHEG_7TeV/FASERv_EPOS+POWHEG_7TeV_0000.dat
FASERv_EPOS+POWHEG_7TeV PDF set, member #0, version 1; LHAPDF ID = 70001000
0.3549457073232476 16.768982371239012 92.33258728952156
val isze = 0
idinces = [0 2 5 1 4 3]
training loss = 13.700830459594727
training loss = 10.389698028564453
training loss = 8.826520919799805
training loss = 7.22702169418335
training loss = 5.665849208831787
training loss = 4.018639087677002
training loss = 2.264833450317383
training loss = 1.1737518310546875
training loss = 0.5512034296989441
training loss = 0.5014179944992065
training loss = 0.47123467922210693
training loss = 0.4480630159378052
training loss = 0.42896509170532227
training loss = 0.41212910413742065
training loss = 0.3962896168231964
training loss = 0.38042059540748596
training loss = 0.3635637164115906
training loss = 0.3446149528026581
training loss = 0.3221350908279419
training loss = 0.2933947741985321
rep 1 done out of 1
reduced chi^2 level 2 = 0.29306674003601074
Constrained alpha: 1.7617250680923462
Constrained beta: 11.428282737731934
Constrained gamma: 79.9387435913086
(1, 6)
(1, 0)
Thanks for using LHAPDF 6.5.4. Please make sure to cite the paper:
  Eur.Phys.J. C75 (2015) 3, 132  (http://arxiv.org/abs/1412.7420)
