LHAPDF 6.5.4 loading /data/theorie/jjohn/miniconda3/envs/nnpdf_dev/share/LHAPDF/FASERv_EPOS+POWHEG_7TeV/FASERv_EPOS+POWHEG_7TeV_0000.dat
FASERv_EPOS+POWHEG_7TeV PDF set, member #0, version 1; LHAPDF ID = 70001000
LHAPDF 6.5.4 loading /data/theorie/jjohn/miniconda3/envs/nnpdf_dev/share/LHAPDF/FASERv_EPOS+POWHEG_7TeV/FASERv_EPOS+POWHEG_7TeV_0000.dat
FASERv_EPOS+POWHEG_7TeV PDF set, member #0, version 1; LHAPDF ID = 70001000
0.32083499778351343 1.5385017784680555 91.61740064134338
val isze = 0
idinces = [3 5 0 2 1 4]
training loss = 43.81114959716797
training loss = 37.640262603759766
training loss = 32.553043365478516
training loss = 27.647043228149414
training loss = 22.972553253173828
training loss = 9.294488906860352
training loss = 6.570051193237305
training loss = 4.746700286865234
training loss = 2.843721866607666
training loss = 1.511265754699707
training loss = 0.7833975553512573
training loss = 0.4007624089717865
training loss = 0.17744554579257965
training loss = 0.045049794018268585
training loss = 0.08387753367424011
training loss = 0.000731385312974453
training loss = 0.07225172221660614
training loss = 0.0003984544309787452
training loss = 0.23921115696430206
rep 1 done out of 1
reduced chi^2 level 2 = 0.00042318907799199224
Constrained alpha: 1.7304199934005737
Constrained beta: 5.030932903289795
Constrained gamma: 70.59469604492188
(1, 6)
(1, 0)
Thanks for using LHAPDF 6.5.4. Please make sure to cite the paper:
  Eur.Phys.J. C75 (2015) 3, 132  (http://arxiv.org/abs/1412.7420)
