LHAPDF 6.5.4 loading /data/theorie/jjohn/miniconda3/envs/nnpdf_dev/share/LHAPDF/FASERv_EPOS+POWHEG_7TeV/FASERv_EPOS+POWHEG_7TeV_0000.dat
FASERv_EPOS+POWHEG_7TeV PDF set, member #0, version 1; LHAPDF ID = 70001000
LHAPDF 6.5.4 loading /data/theorie/jjohn/miniconda3/envs/nnpdf_dev/share/LHAPDF/FASERv_EPOS+POWHEG_7TeV/FASERv_EPOS+POWHEG_7TeV_0000.dat
FASERv_EPOS+POWHEG_7TeV PDF set, member #0, version 1; LHAPDF ID = 70001000
4.378420068693909 15.042013115592356 35.140228343994465
val isze = 0
idinces = [3 5 0 2 1 4]
training loss = 36511.09375
training loss = 13491.556640625
training loss = 5847.65380859375
training loss = 3009.3974609375
training loss = 1793.2596435546875
training loss = 1207.2725830078125
training loss = 898.4171142578125
training loss = 724.163818359375
training loss = 620.641357421875
training loss = 556.6527099609375
training loss = 515.88671875
training loss = 489.3033142089844
training loss = 471.6639404296875
training loss = 459.8044128417969
training loss = 451.76593017578125
training loss = 446.27325439453125
training loss = 442.5124816894531
training loss = 439.9281921386719
training loss = 438.1472473144531
training loss = 436.9169616699219
(1, 6)
(1, 0)
Thanks for using LHAPDF 6.5.4. Please make sure to cite the paper:
  Eur.Phys.J. C75 (2015) 3, 132  (http://arxiv.org/abs/1412.7420)
