LHAPDF 6.5.4 loading /data/theorie/jjohn/miniconda3/envs/nnpdf_dev/share/LHAPDF/FASERv_EPOS+POWHEG_7TeV/FASERv_EPOS+POWHEG_7TeV_0000.dat
FASERv_EPOS+POWHEG_7TeV PDF set, member #0, version 1; LHAPDF ID = 70001000
LHAPDF 6.5.4 loading /data/theorie/jjohn/miniconda3/envs/nnpdf_dev/share/LHAPDF/FASERv_EPOS+POWHEG_7TeV/FASERv_EPOS+POWHEG_7TeV_0000.dat
FASERv_EPOS+POWHEG_7TeV PDF set, member #0, version 1; LHAPDF ID = 70001000
2.2223304510522675 4.500379645754693 68.46149596694292
val isze = 0
idinces = [0 2 5 1 4 3]
training loss = 9.177265167236328
training loss = 6.167547225952148
training loss = 2.0676794052124023
training loss = 0.9492772817611694
training loss = 0.22848600149154663
training loss = 0.1883435845375061
training loss = 0.1541236937046051
training loss = 0.12272617220878601
training loss = 0.156338170170784
training loss = 0.06352557241916656
training loss = 0.04548963904380798
training loss = 0.029424820095300674
training loss = 0.021059248596429825
training loss = 0.013328008353710175
training loss = 0.014837179332971573
training loss = 0.006617876701056957
training loss = 0.39190810918807983
training loss = 0.003895021975040436
training loss = 0.0031503154896199703
training loss = 0.0118265924975276
rep 1 done out of 1
reduced chi^2 level 2 = 0.005559041164815426
Constrained alpha: 1.4928569793701172
Constrained beta: 6.302903652191162
Constrained gamma: 53.7514762878418
(1, 6)
(1, 0)
Thanks for using LHAPDF 6.5.4. Please make sure to cite the paper:
  Eur.Phys.J. C75 (2015) 3, 132  (http://arxiv.org/abs/1412.7420)
