LHAPDF 6.5.4 loading /data/theorie/jjohn/miniconda3/envs/nnpdf_dev/share/LHAPDF/FASERv_EPOS+POWHEG_7TeV/FASERv_EPOS+POWHEG_7TeV_0000.dat
FASERv_EPOS+POWHEG_7TeV PDF set, member #0, version 1; LHAPDF ID = 70001000
LHAPDF 6.5.4 loading /data/theorie/jjohn/miniconda3/envs/nnpdf_dev/share/LHAPDF/FASERv_EPOS+POWHEG_7TeV/FASERv_EPOS+POWHEG_7TeV_0000.dat
FASERv_EPOS+POWHEG_7TeV PDF set, member #0, version 1; LHAPDF ID = 70001000
1.3125853149256912 5.578638541544095 25.50183330957857
val isze = 0
idinces = [0 2 5 1 4 3]
training loss = 8.396974563598633
training loss = 7.886302471160889
training loss = 7.332216262817383
training loss = 6.776878356933594
training loss = 6.25955057144165
training loss = 5.801486968994141
training loss = 5.411233901977539
training loss = 5.088779926300049
training loss = 4.828752517700195
training loss = 4.622628211975098
training loss = 4.459826946258545
training loss = 4.327056884765625
training loss = 4.204228401184082
training loss = 4.051183700561523
training loss = 3.7590699195861816
training loss = 2.962364912033081
training loss = 2.297490358352661
training loss = 2.1655240058898926
training loss = 2.009371042251587
training loss = 1.8376126289367676
rep 1 done out of 1
reduced chi^2 level 2 = 1.835637092590332
Constrained alpha: 1.6655733585357666
Constrained beta: 8.587239265441895
Constrained gamma: 25.31593132019043
(1, 6)
(1, 0)
Thanks for using LHAPDF 6.5.4. Please make sure to cite the paper:
  Eur.Phys.J. C75 (2015) 3, 132  (http://arxiv.org/abs/1412.7420)
