LHAPDF 6.5.4 loading /data/theorie/jjohn/miniconda3/envs/nnpdf_dev/share/LHAPDF/FASERv_EPOS+POWHEG_7TeV/FASERv_EPOS+POWHEG_7TeV_0000.dat
FASERv_EPOS+POWHEG_7TeV PDF set, member #0, version 1; LHAPDF ID = 70001000
LHAPDF 6.5.4 loading /data/theorie/jjohn/miniconda3/envs/nnpdf_dev/share/LHAPDF/FASERv_EPOS+POWHEG_7TeV/FASERv_EPOS+POWHEG_7TeV_0000.dat
FASERv_EPOS+POWHEG_7TeV PDF set, member #0, version 1; LHAPDF ID = 70001000
1.385740384659384 7.3487242415152405 9.53336581666827
val isze = 0
idinces = [0 2 5 1 4 3]
training loss = 7.191086292266846
training loss = 6.997880458831787
training loss = 6.852156639099121
training loss = 6.719339370727539
training loss = 6.609013080596924
training loss = 6.52345085144043
training loss = 6.460494518280029
training loss = 6.4157915115356445
training loss = 6.384250640869141
training loss = 6.3609113693237305
training loss = 6.34115743637085
training loss = 6.320122718811035
training loss = 6.291045665740967
training loss = 6.239805221557617
training loss = 6.122420787811279
training loss = 5.714152812957764
training loss = 2.6338891983032227
training loss = 1.1163684129714966
training loss = 0.9378764033317566
training loss = 0.7129709720611572
rep 1 done out of 1
reduced chi^2 level 2 = 0.7106165885925293
Constrained alpha: 1.7963935136795044
Constrained beta: 7.296977996826172
Constrained gamma: 10.574075698852539
(1, 6)
(1, 0)
Thanks for using LHAPDF 6.5.4. Please make sure to cite the paper:
  Eur.Phys.J. C75 (2015) 3, 132  (http://arxiv.org/abs/1412.7420)
