LHAPDF 6.5.4 loading /data/theorie/jjohn/miniconda3/envs/nnpdf_dev/share/LHAPDF/FASERv_EPOS+POWHEG_7TeV/FASERv_EPOS+POWHEG_7TeV_0000.dat
FASERv_EPOS+POWHEG_7TeV PDF set, member #0, version 1; LHAPDF ID = 70001000
LHAPDF 6.5.4 loading /data/theorie/jjohn/miniconda3/envs/nnpdf_dev/share/LHAPDF/FASERv_EPOS+POWHEG_7TeV/FASERv_EPOS+POWHEG_7TeV_0000.dat
FASERv_EPOS+POWHEG_7TeV PDF set, member #0, version 1; LHAPDF ID = 70001000
2.0801799243523718 7.363702714864466 75.25369676148269
val isze = 0
idinces = [0 2 5 1 4 3]
training loss = 3.0637121200561523
training loss = 2.9594900608062744
training loss = 2.8473668098449707
training loss = 2.698958396911621
training loss = 2.342231273651123
training loss = 0.7743191719055176
training loss = 0.4287691116333008
training loss = 0.3778090476989746
training loss = 0.36036235094070435
training loss = 0.3521330952644348
training loss = 0.3446783423423767
training loss = 0.3372346758842468
training loss = 0.32883694767951965
training loss = 0.3694688677787781
training loss = 0.3091675639152527
training loss = 0.43307071924209595
training loss = 0.2846939265727997
training loss = 0.2711079716682434
training loss = 0.2528592348098755
training loss = 0.2292812466621399
rep 1 done out of 1
reduced chi^2 level 2 = 0.22900736331939697
Constrained alpha: 1.8118149042129517
Constrained beta: 7.481871604919434
Constrained gamma: 62.44173049926758
(1, 6)
(1, 0)
Thanks for using LHAPDF 6.5.4. Please make sure to cite the paper:
  Eur.Phys.J. C75 (2015) 3, 132  (http://arxiv.org/abs/1412.7420)
