LHAPDF 6.5.4 loading /data/theorie/jjohn/miniconda3/envs/nnpdf_dev/share/LHAPDF/FASERv_EPOS+POWHEG_7TeV/FASERv_EPOS+POWHEG_7TeV_0000.dat
FASERv_EPOS+POWHEG_7TeV PDF set, member #0, version 1; LHAPDF ID = 70001000
LHAPDF 6.5.4 loading /data/theorie/jjohn/miniconda3/envs/nnpdf_dev/share/LHAPDF/FASERv_EPOS+POWHEG_7TeV/FASERv_EPOS+POWHEG_7TeV_0000.dat
FASERv_EPOS+POWHEG_7TeV PDF set, member #0, version 1; LHAPDF ID = 70001000
1.0698453850455598 3.162895497842577 40.584578979829175
val isze = 0
idinces = [0 2 5 1 4 3]
training loss = 6.7477006912231445
training loss = 6.019532203674316
training loss = 5.366758346557617
training loss = 4.702177047729492
training loss = 4.07303524017334
training loss = 3.506044864654541
training loss = 3.0077831745147705
training loss = 2.5709829330444336
training loss = 2.1418299674987793
training loss = 1.5596474409103394
training loss = 1.1457772254943848
training loss = 1.04361891746521
training loss = 0.900022029876709
training loss = 0.8008543252944946
training loss = 0.6065840125083923
training loss = 0.2709083557128906
training loss = 0.07759640365839005
training loss = 0.020401079207658768
training loss = 0.04790763556957245
training loss = 0.001801001257263124
rep 1 done out of 1
reduced chi^2 level 2 = 0.0017709452658891678
Constrained alpha: 1.6552895307540894
Constrained beta: 6.127364158630371
Constrained gamma: 38.04641342163086
(1, 6)
(1, 0)
Thanks for using LHAPDF 6.5.4. Please make sure to cite the paper:
  Eur.Phys.J. C75 (2015) 3, 132  (http://arxiv.org/abs/1412.7420)
