LHAPDF 6.5.4 loading /data/theorie/jjohn/miniconda3/envs/nnpdf_dev/share/LHAPDF/FASERv_EPOS+POWHEG_7TeV/FASERv_EPOS+POWHEG_7TeV_0000.dat
FASERv_EPOS+POWHEG_7TeV PDF set, member #0, version 1; LHAPDF ID = 70001000
LHAPDF 6.5.4 loading /data/theorie/jjohn/miniconda3/envs/nnpdf_dev/share/LHAPDF/FASERv_EPOS+POWHEG_7TeV/FASERv_EPOS+POWHEG_7TeV_0000.dat
FASERv_EPOS+POWHEG_7TeV PDF set, member #0, version 1; LHAPDF ID = 70001000
2.266470622462313 19.87823550715371 21.623403351990646
val isze = 0
idinces = [0 2 5 1 4 3]
training loss = 80.09762573242188
training loss = 23.471269607543945
training loss = 7.705286502838135
training loss = 4.239096641540527
training loss = 1.3726409673690796
training loss = 1.0838427543640137
training loss = 0.9709984660148621
training loss = 0.9240040183067322
training loss = 0.8318884372711182
training loss = 0.7721329927444458
training loss = 0.7131023406982422
training loss = 0.6536331176757812
training loss = 0.5932464003562927
training loss = 0.5316191911697388
training loss = 0.46842139959335327
training loss = 0.40444785356521606
training loss = 0.34170088171958923
training loss = 0.27991050481796265
training loss = 0.2216341346502304
training loss = 0.1706445813179016
rep 1 done out of 1
reduced chi^2 level 2 = 0.1701754629611969
Constrained alpha: 1.327757716178894
Constrained beta: 15.448994636535645
Constrained gamma: 22.089406967163086
(1, 6)
(1, 0)
Thanks for using LHAPDF 6.5.4. Please make sure to cite the paper:
  Eur.Phys.J. C75 (2015) 3, 132  (http://arxiv.org/abs/1412.7420)
