LHAPDF 6.5.4 loading /data/theorie/jjohn/miniconda3/envs/nnpdf_dev/share/LHAPDF/FASERv_EPOS+POWHEG_7TeV/FASERv_EPOS+POWHEG_7TeV_0000.dat
FASERv_EPOS+POWHEG_7TeV PDF set, member #0, version 1; LHAPDF ID = 70001000
LHAPDF 6.5.4 loading /data/theorie/jjohn/miniconda3/envs/nnpdf_dev/share/LHAPDF/FASERv_EPOS+POWHEG_7TeV/FASERv_EPOS+POWHEG_7TeV_0000.dat
FASERv_EPOS+POWHEG_7TeV PDF set, member #0, version 1; LHAPDF ID = 70001000
2.512876430578823 7.933281258212414 52.92460163483854
val isze = 0
idinces = [0 2 5 1 4 3]
training loss = 1.3158013820648193
training loss = 1.0543065071105957
training loss = 0.8478171825408936
training loss = 0.7570947408676147
training loss = 0.7409307956695557
training loss = 0.7057846784591675
training loss = 0.6902803182601929
training loss = 0.6821601390838623
training loss = 0.6500520706176758
training loss = 0.6126370429992676
training loss = 0.5687738656997681
training loss = 0.4785914421081543
training loss = 0.46127861738204956
training loss = 0.4565443992614746
training loss = 0.4750179946422577
training loss = 0.44921016693115234
training loss = 0.445148229598999
training loss = 0.4416148066520691
training loss = 0.43583375215530396
training loss = 0.4296788275241852
rep 1 done out of 1
reduced chi^2 level 2 = 0.4300023913383484
Constrained alpha: 1.9174067974090576
Constrained beta: 7.829434871673584
Constrained gamma: 40.25804901123047
(1, 6)
(1, 0)
Thanks for using LHAPDF 6.5.4. Please make sure to cite the paper:
  Eur.Phys.J. C75 (2015) 3, 132  (http://arxiv.org/abs/1412.7420)
