LHAPDF 6.5.4 loading /data/theorie/jjohn/miniconda3/envs/nnpdf_dev/share/LHAPDF/FASERv_EPOS+POWHEG_7TeV/FASERv_EPOS+POWHEG_7TeV_0000.dat
FASERv_EPOS+POWHEG_7TeV PDF set, member #0, version 1; LHAPDF ID = 70001000
LHAPDF 6.5.4 loading /data/theorie/jjohn/miniconda3/envs/nnpdf_dev/share/LHAPDF/FASERv_EPOS+POWHEG_7TeV/FASERv_EPOS+POWHEG_7TeV_0000.dat
FASERv_EPOS+POWHEG_7TeV PDF set, member #0, version 1; LHAPDF ID = 70001000
3.9453610365359157 17.237699401232277 20.119987764881387
val isze = 0
idinces = [0 2 5 1 4 3]
training loss = 1194.296630859375
training loss = 496.86663818359375
training loss = 470.2373046875
training loss = 450.60382080078125
training loss = 427.8316650390625
training loss = 406.4837951660156
training loss = 391.517822265625
training loss = 383.55291748046875
training loss = 379.9579162597656
training loss = 378.2654113769531
training loss = 377.2080993652344
training loss = 376.29461669921875
training loss = 375.3601989746094
training loss = 374.34814453125
training loss = 373.2304382324219
training loss = 371.9798278808594
training loss = 370.56634521484375
training loss = 368.9456787109375
training loss = 367.06231689453125
training loss = 364.837890625
(1, 6)
(1, 0)
Thanks for using LHAPDF 6.5.4. Please make sure to cite the paper:
  Eur.Phys.J. C75 (2015) 3, 132  (http://arxiv.org/abs/1412.7420)
