LHAPDF 6.5.4 loading /data/theorie/jjohn/miniconda3/envs/nnpdf_dev/share/LHAPDF/FASERv_EPOS+POWHEG_7TeV/FASERv_EPOS+POWHEG_7TeV_0000.dat
FASERv_EPOS+POWHEG_7TeV PDF set, member #0, version 1; LHAPDF ID = 70001000
LHAPDF 6.5.4 loading /data/theorie/jjohn/miniconda3/envs/nnpdf_dev/share/LHAPDF/FASERv_EPOS+POWHEG_7TeV/FASERv_EPOS+POWHEG_7TeV_0000.dat
FASERv_EPOS+POWHEG_7TeV PDF set, member #0, version 1; LHAPDF ID = 70001000
2.8087012637428908 19.977476964817562 58.184686482464464
val isze = 0
idinces = [3 5 0 2 1 4]
training loss = 257.59442138671875
training loss = 39.53913879394531
training loss = 0.6640533208847046
training loss = 0.22582630813121796
training loss = 0.19796767830848694
training loss = 0.17503470182418823
training loss = 0.15221945941448212
training loss = 0.1301746517419815
training loss = 0.1100311130285263
training loss = 0.09352663159370422
training loss = 0.078377366065979
training loss = 0.06796597689390182
training loss = 0.05819304287433624
training loss = 0.05132421851158142
training loss = 0.04588121920824051
training loss = 0.051921993494033813
training loss = 0.037772491574287415
training loss = 0.03457913547754288
training loss = 0.03159882873296738
training loss = 0.028927940875291824
rep 1 done out of 1
reduced chi^2 level 2 = 0.028902508318424225
Constrained alpha: 1.8168518543243408
Constrained beta: 13.096445083618164
Constrained gamma: 55.70206069946289
(1, 6)
(1, 0)
Thanks for using LHAPDF 6.5.4. Please make sure to cite the paper:
  Eur.Phys.J. C75 (2015) 3, 132  (http://arxiv.org/abs/1412.7420)
