LHAPDF 6.5.4 loading /data/theorie/jjohn/miniconda3/envs/nnpdf_dev/share/LHAPDF/FASERv_EPOS+POWHEG_7TeV/FASERv_EPOS+POWHEG_7TeV_0000.dat
FASERv_EPOS+POWHEG_7TeV PDF set, member #0, version 1; LHAPDF ID = 70001000
LHAPDF 6.5.4 loading /data/theorie/jjohn/miniconda3/envs/nnpdf_dev/share/LHAPDF/FASERv_EPOS+POWHEG_7TeV/FASERv_EPOS+POWHEG_7TeV_0000.dat
FASERv_EPOS+POWHEG_7TeV PDF set, member #0, version 1; LHAPDF ID = 70001000
3.7215151589365734 10.687572949353019 22.331052346450832
val isze = 0
idinces = [0 2 5 1 4 3]
training loss = 443.4244079589844
training loss = 408.23907470703125
training loss = 397.0186462402344
training loss = 392.3337707519531
training loss = 389.2218322753906
training loss = 386.1135559082031
training loss = 382.61871337890625
training loss = 378.5875549316406
training loss = 373.86895751953125
training loss = 368.25628662109375
training loss = 361.4639587402344
training loss = 353.0987854003906
training loss = 342.62176513671875
training loss = 329.29437255859375
training loss = 312.12542724609375
training loss = 289.8622131347656
training loss = 261.16796875
training loss = 225.29437255859375
training loss = 183.63568115234375
training loss = 141.60394287109375
(1, 6)
(1, 0)
Thanks for using LHAPDF 6.5.4. Please make sure to cite the paper:
  Eur.Phys.J. C75 (2015) 3, 132  (http://arxiv.org/abs/1412.7420)
