LHAPDF 6.5.4 loading /data/theorie/jjohn/miniconda3/envs/nnpdf_dev/share/LHAPDF/FASERv_EPOS+POWHEG_7TeV/FASERv_EPOS+POWHEG_7TeV_0000.dat
FASERv_EPOS+POWHEG_7TeV PDF set, member #0, version 1; LHAPDF ID = 70001000
LHAPDF 6.5.4 loading /data/theorie/jjohn/miniconda3/envs/nnpdf_dev/share/LHAPDF/FASERv_EPOS+POWHEG_7TeV/FASERv_EPOS+POWHEG_7TeV_0000.dat
FASERv_EPOS+POWHEG_7TeV PDF set, member #0, version 1; LHAPDF ID = 70001000
0.17103355517424423 6.245563178326455 24.56277992603345
val isze = 0
idinces = [0 2 5 1 4 3]
training loss = 19.404687881469727
training loss = 18.890613555908203
training loss = 18.479877471923828
training loss = 18.058650970458984
training loss = 17.65628433227539
training loss = 17.29067039489746
training loss = 16.971078872680664
training loss = 16.700326919555664
training loss = 16.47654151916504
training loss = 16.294336318969727
training loss = 16.144756317138672
training loss = 16.011545181274414
training loss = 15.842697143554688
training loss = 15.031681060791016
training loss = 1.2472949028015137
training loss = 0.9220590591430664
training loss = 0.7370133996009827
training loss = 0.5241084098815918
training loss = 0.3357142210006714
training loss = 0.2067440003156662
rep 1 done out of 1
reduced chi^2 level 2 = 0.20573113858699799
Constrained alpha: 1.7436821460723877
Constrained beta: 9.281494140625
Constrained gamma: 24.29532814025879
(1, 6)
(1, 0)
Thanks for using LHAPDF 6.5.4. Please make sure to cite the paper:
  Eur.Phys.J. C75 (2015) 3, 132  (http://arxiv.org/abs/1412.7420)
