LHAPDF 6.5.4 loading /data/theorie/jjohn/miniconda3/envs/nnpdf_dev/share/LHAPDF/FASERv_EPOS+POWHEG_7TeV/FASERv_EPOS+POWHEG_7TeV_0000.dat
FASERv_EPOS+POWHEG_7TeV PDF set, member #0, version 1; LHAPDF ID = 70001000
LHAPDF 6.5.4 loading /data/theorie/jjohn/miniconda3/envs/nnpdf_dev/share/LHAPDF/FASERv_EPOS+POWHEG_7TeV/FASERv_EPOS+POWHEG_7TeV_0000.dat
FASERv_EPOS+POWHEG_7TeV PDF set, member #0, version 1; LHAPDF ID = 70001000
2.8023650778559777 13.577890554187043 6.108485944147146
val isze = 0
idinces = [0 2 5 1 4 3]
training loss = 3.2165699005126953
training loss = 2.8947386741638184
training loss = 2.685631513595581
training loss = 2.5338099002838135
training loss = 2.4362215995788574
training loss = 2.291320562362671
training loss = 1.232072114944458
training loss = 0.8122699856758118
training loss = 0.73192298412323
training loss = 0.6882650852203369
training loss = 0.6562740206718445
training loss = 0.6121468544006348
training loss = 0.5439639687538147
training loss = 0.4628453254699707
training loss = 0.3622981607913971
training loss = 0.1381063312292099
training loss = 0.011122132651507854
training loss = 0.0007418232271447778
training loss = 0.0005483312415890396
training loss = 0.09004151076078415
rep 1 done out of 1
reduced chi^2 level 2 = 0.016591371968388557
Constrained alpha: 1.8846086263656616
Constrained beta: 9.25385570526123
Constrained gamma: 7.118139743804932
(1, 6)
(1, 0)
Thanks for using LHAPDF 6.5.4. Please make sure to cite the paper:
  Eur.Phys.J. C75 (2015) 3, 132  (http://arxiv.org/abs/1412.7420)
