LHAPDF 6.5.4 loading /data/theorie/jjohn/miniconda3/envs/nnpdf_dev/share/LHAPDF/FASERv_EPOS+POWHEG_7TeV/FASERv_EPOS+POWHEG_7TeV_0000.dat
FASERv_EPOS+POWHEG_7TeV PDF set, member #0, version 1; LHAPDF ID = 70001000
LHAPDF 6.5.4 loading /data/theorie/jjohn/miniconda3/envs/nnpdf_dev/share/LHAPDF/FASERv_EPOS+POWHEG_7TeV/FASERv_EPOS+POWHEG_7TeV_0000.dat
FASERv_EPOS+POWHEG_7TeV PDF set, member #0, version 1; LHAPDF ID = 70001000
1.0162515984737701 11.933086941087929 45.73406602525898
val isze = 0
idinces = [0 2 5 1 4 3]
training loss = 5.33686637878418
training loss = 5.125007152557373
training loss = 4.920805931091309
training loss = 4.728954315185547
training loss = 4.56498908996582
training loss = 4.43488883972168
training loss = 4.338004112243652
training loss = 4.269644737243652
training loss = 4.2233171463012695
training loss = 4.192357063293457
training loss = 4.170754909515381
training loss = 4.153392791748047
training loss = 4.135488033294678
training loss = 4.11107873916626
training loss = 4.068519115447998
training loss = 3.9724926948547363
training loss = 3.6380226612091064
training loss = 1.0419516563415527
training loss = 0.16039924323558807
training loss = 0.10838327556848526
rep 1 done out of 1
reduced chi^2 level 2 = 0.10813204944133759
Constrained alpha: 1.748602271080017
Constrained beta: 9.861272811889648
Constrained gamma: 43.07968521118164
(1, 6)
(1, 0)
Thanks for using LHAPDF 6.5.4. Please make sure to cite the paper:
  Eur.Phys.J. C75 (2015) 3, 132  (http://arxiv.org/abs/1412.7420)
