LHAPDF 6.5.4 loading /data/theorie/jjohn/miniconda3/envs/nnpdf_dev/share/LHAPDF/FASERv_EPOS+POWHEG_7TeV/FASERv_EPOS+POWHEG_7TeV_0000.dat
FASERv_EPOS+POWHEG_7TeV PDF set, member #0, version 1; LHAPDF ID = 70001000
LHAPDF 6.5.4 loading /data/theorie/jjohn/miniconda3/envs/nnpdf_dev/share/LHAPDF/FASERv_EPOS+POWHEG_7TeV/FASERv_EPOS+POWHEG_7TeV_0000.dat
FASERv_EPOS+POWHEG_7TeV PDF set, member #0, version 1; LHAPDF ID = 70001000
1.1150841215837786 1.0272466791230417 16.217929303491484
val isze = 0
idinces = [0 2 5 1 4 3]
training loss = 16.382064819335938
training loss = 14.420774459838867
training loss = 12.54251766204834
training loss = 10.59934139251709
training loss = 8.666189193725586
training loss = 6.568552017211914
training loss = 3.5036001205444336
training loss = 2.538846254348755
training loss = 2.4075303077697754
training loss = 2.257988452911377
training loss = 2.0758843421936035
training loss = 1.8678017854690552
training loss = 1.6344122886657715
training loss = 1.3787816762924194
training loss = 1.1114482879638672
training loss = 0.8557500243186951
training loss = 0.6216241121292114
training loss = 0.4341983199119568
training loss = 0.2828304171562195
training loss = 0.17430174350738525
rep 1 done out of 1
reduced chi^2 level 2 = 0.17355738580226898
Constrained alpha: 1.4139490127563477
Constrained beta: 3.9367640018463135
Constrained gamma: 16.60295867919922
(1, 6)
(1, 0)
Thanks for using LHAPDF 6.5.4. Please make sure to cite the paper:
  Eur.Phys.J. C75 (2015) 3, 132  (http://arxiv.org/abs/1412.7420)
