LHAPDF 6.5.4 loading /data/theorie/jjohn/miniconda3/envs/nnpdf_dev/share/LHAPDF/FASERv_EPOS+POWHEG_7TeV/FASERv_EPOS+POWHEG_7TeV_0000.dat
FASERv_EPOS+POWHEG_7TeV PDF set, member #0, version 1; LHAPDF ID = 70001000
LHAPDF 6.5.4 loading /data/theorie/jjohn/miniconda3/envs/nnpdf_dev/share/LHAPDF/FASERv_EPOS+POWHEG_7TeV/FASERv_EPOS+POWHEG_7TeV_0000.dat
FASERv_EPOS+POWHEG_7TeV PDF set, member #0, version 1; LHAPDF ID = 70001000
1.7650420258010147 17.028681885360687 12.3407824107165
val isze = 0
idinces = [0 2 5 1 4 3]
training loss = 19.829370498657227
training loss = 2.758269786834717
training loss = 2.5973763465881348
training loss = 2.4508962631225586
training loss = 2.3310818672180176
training loss = 2.241486072540283
training loss = 2.1796464920043945
training loss = 2.139890670776367
training loss = 2.1157121658325195
training loss = 2.1013991832733154
training loss = 2.0927138328552246
training loss = 2.0869407653808594
training loss = 2.0825302600860596
training loss = 2.078709840774536
training loss = 2.0751352310180664
training loss = 2.071676731109619
training loss = 2.06829571723938
training loss = 2.064988374710083
training loss = 2.061770439147949
training loss = 2.0586307048797607
rep 1 done out of 1
reduced chi^2 level 2 = 2.0585989952087402
Constrained alpha: 1.6720093488693237
Constrained beta: 11.460271835327148
Constrained gamma: 13.054455757141113
(1, 6)
(1, 0)
Thanks for using LHAPDF 6.5.4. Please make sure to cite the paper:
  Eur.Phys.J. C75 (2015) 3, 132  (http://arxiv.org/abs/1412.7420)
