LHAPDF 6.5.4 loading /data/theorie/jjohn/miniconda3/envs/nnpdf_dev/share/LHAPDF/FASERv_EPOS+POWHEG_7TeV/FASERv_EPOS+POWHEG_7TeV_0000.dat
FASERv_EPOS+POWHEG_7TeV PDF set, member #0, version 1; LHAPDF ID = 70001000
LHAPDF 6.5.4 loading /data/theorie/jjohn/miniconda3/envs/nnpdf_dev/share/LHAPDF/FASERv_EPOS+POWHEG_7TeV/FASERv_EPOS+POWHEG_7TeV_0000.dat
FASERv_EPOS+POWHEG_7TeV PDF set, member #0, version 1; LHAPDF ID = 70001000
4.403994630536917 9.952086132921922 79.41760573583329
val isze = 0
idinces = [0 2 5 1 4 3]
training loss = 5993.7265625
training loss = 4279.38818359375
training loss = 2999.488525390625
training loss = 2152.48876953125
training loss = 1612.1865234375
training loss = 1267.339111328125
training loss = 1043.632080078125
training loss = 895.22021484375
training loss = 794.4401245117188
training loss = 724.609375
training loss = 675.1488647460938
training loss = 639.4927978515625
training loss = 613.387939453125
training loss = 594.0188598632812
training loss = 579.4816284179688
training loss = 568.4635009765625
training loss = 560.0435791015625
training loss = 553.5753784179688
training loss = 548.5820922851562
training loss = 544.6975708007812
(1, 6)
(1, 0)
Thanks for using LHAPDF 6.5.4. Please make sure to cite the paper:
  Eur.Phys.J. C75 (2015) 3, 132  (http://arxiv.org/abs/1412.7420)
