LHAPDF 6.5.4 loading /data/theorie/jjohn/miniconda3/envs/nnpdf_dev/share/LHAPDF/FASERv_EPOS+POWHEG_7TeV/FASERv_EPOS+POWHEG_7TeV_0000.dat
FASERv_EPOS+POWHEG_7TeV PDF set, member #0, version 1; LHAPDF ID = 70001000
LHAPDF 6.5.4 loading /data/theorie/jjohn/miniconda3/envs/nnpdf_dev/share/LHAPDF/FASERv_EPOS+POWHEG_7TeV/FASERv_EPOS+POWHEG_7TeV_0000.dat
FASERv_EPOS+POWHEG_7TeV PDF set, member #0, version 1; LHAPDF ID = 70001000
1.2662891096630462 12.939961893783622 54.599097471803724
val isze = 0
idinces = [0 2 5 1 4 3]
training loss = 7.288184642791748
training loss = 6.56444787979126
training loss = 6.45910120010376
training loss = 6.28704833984375
training loss = 5.867625713348389
training loss = 2.4724209308624268
training loss = 0.19189786911010742
training loss = 0.17174197733402252
training loss = 0.15721163153648376
training loss = 0.14329160749912262
training loss = 0.13032710552215576
training loss = 0.11485262215137482
training loss = 0.1013861820101738
training loss = 0.0874435156583786
training loss = 0.07383107393980026
training loss = 0.0602261982858181
training loss = 0.047670893371105194
training loss = 0.03615490347146988
training loss = 0.026147879660129547
training loss = 0.01818857714533806
rep 1 done out of 1
reduced chi^2 level 2 = 0.018464498221874237
Constrained alpha: 1.7262943983078003
Constrained beta: 10.472878456115723
Constrained gamma: 50.92604446411133
(1, 6)
(1, 0)
Thanks for using LHAPDF 6.5.4. Please make sure to cite the paper:
  Eur.Phys.J. C75 (2015) 3, 132  (http://arxiv.org/abs/1412.7420)
