LHAPDF 6.5.4 loading /data/theorie/jjohn/miniconda3/envs/nnpdf_dev/share/LHAPDF/FASERv_EPOS+POWHEG_7TeV/FASERv_EPOS+POWHEG_7TeV_0000.dat
FASERv_EPOS+POWHEG_7TeV PDF set, member #0, version 1; LHAPDF ID = 70001000
LHAPDF 6.5.4 loading /data/theorie/jjohn/miniconda3/envs/nnpdf_dev/share/LHAPDF/FASERv_EPOS+POWHEG_7TeV/FASERv_EPOS+POWHEG_7TeV_0000.dat
FASERv_EPOS+POWHEG_7TeV PDF set, member #0, version 1; LHAPDF ID = 70001000
0.4789622507574054 19.03289843157841 29.328120771809076
val isze = 0
idinces = [0 2 5 1 4 3]
training loss = 11.8929443359375
training loss = 5.0920233726501465
training loss = 4.295522689819336
training loss = 3.492070198059082
training loss = 2.7549710273742676
training loss = 2.1317343711853027
training loss = 1.6447298526763916
training loss = 1.2974274158477783
training loss = 1.0777214765548706
training loss = 0.958527684211731
training loss = 0.9025406837463379
training loss = 0.875961422920227
training loss = 0.8592854738235474
training loss = 0.845160961151123
training loss = 0.8315504789352417
training loss = 0.8178598880767822
training loss = 0.8037543296813965
training loss = 0.7889435887336731
training loss = 0.7731164693832397
training loss = 0.7559073567390442
rep 1 done out of 1
reduced chi^2 level 2 = 0.7557283639907837
Constrained alpha: 1.5846190452575684
Constrained beta: 12.46381664276123
Constrained gamma: 28.638668060302734
(1, 6)
(1, 0)
Thanks for using LHAPDF 6.5.4. Please make sure to cite the paper:
  Eur.Phys.J. C75 (2015) 3, 132  (http://arxiv.org/abs/1412.7420)
