LHAPDF 6.5.4 loading /data/theorie/jjohn/miniconda3/envs/nnpdf_dev/share/LHAPDF/FASERv_EPOS+POWHEG_7TeV/FASERv_EPOS+POWHEG_7TeV_0000.dat
FASERv_EPOS+POWHEG_7TeV PDF set, member #0, version 1; LHAPDF ID = 70001000
LHAPDF 6.5.4 loading /data/theorie/jjohn/miniconda3/envs/nnpdf_dev/share/LHAPDF/FASERv_EPOS+POWHEG_7TeV/FASERv_EPOS+POWHEG_7TeV_0000.dat
FASERv_EPOS+POWHEG_7TeV PDF set, member #0, version 1; LHAPDF ID = 70001000
1.043431186941567 9.160114093290016 75.02292360901825
val isze = 0
idinces = [0 2 5 1 4 3]
training loss = 11.273504257202148
training loss = 11.147712707519531
training loss = 11.078714370727539
training loss = 11.010283470153809
training loss = 10.947732925415039
training loss = 10.893993377685547
training loss = 10.850114822387695
training loss = 10.815818786621094
training loss = 10.789974212646484
training loss = 10.770952224731445
training loss = 10.756898880004883
training loss = 10.745817184448242
training loss = 10.735394477844238
training loss = 10.72224235534668
training loss = 10.699014663696289
training loss = 10.639873504638672
training loss = 10.307150840759277
training loss = 6.618702411651611
training loss = 5.724823951721191
training loss = 5.6168341636657715
(1, 6)
(1, 0)
Thanks for using LHAPDF 6.5.4. Please make sure to cite the paper:
  Eur.Phys.J. C75 (2015) 3, 132  (http://arxiv.org/abs/1412.7420)
