LHAPDF 6.5.4 loading /data/theorie/jjohn/miniconda3/envs/nnpdf_dev/share/LHAPDF/FASERv_EPOS+POWHEG_7TeV/FASERv_EPOS+POWHEG_7TeV_0000.dat
FASERv_EPOS+POWHEG_7TeV PDF set, member #0, version 1; LHAPDF ID = 70001000
LHAPDF 6.5.4 loading /data/theorie/jjohn/miniconda3/envs/nnpdf_dev/share/LHAPDF/FASERv_EPOS+POWHEG_7TeV/FASERv_EPOS+POWHEG_7TeV_0000.dat
FASERv_EPOS+POWHEG_7TeV PDF set, member #0, version 1; LHAPDF ID = 70001000
0.09407307356979089 1.0037931042736892 8.486874964533708
val isze = 0
idinces = [0 2 5 1 4 3]
training loss = 23.46923065185547
training loss = 16.621665954589844
training loss = 13.968602180480957
training loss = 11.12389850616455
training loss = 7.57571268081665
training loss = 2.4608421325683594
training loss = 0.3209499716758728
training loss = 0.20037096738815308
training loss = 0.18601250648498535
training loss = 0.1707884967327118
training loss = 0.35320162773132324
training loss = 0.13693226873874664
training loss = 0.1217985600233078
training loss = 0.10784795135259628
training loss = 0.09503195434808731
training loss = 0.11386604607105255
training loss = 0.07060416787862778
training loss = 0.09778694808483124
training loss = 0.04863778501749039
training loss = 0.03898348659276962
rep 1 done out of 1
reduced chi^2 level 2 = 0.0388910174369812
Constrained alpha: 1.7863978147506714
Constrained beta: 4.4674577713012695
Constrained gamma: 9.288532257080078
(1, 6)
(1, 0)
Thanks for using LHAPDF 6.5.4. Please make sure to cite the paper:
  Eur.Phys.J. C75 (2015) 3, 132  (http://arxiv.org/abs/1412.7420)
