LHAPDF 6.5.4 loading /data/theorie/jjohn/miniconda3/envs/nnpdf_dev/share/LHAPDF/FASERv_EPOS+POWHEG_7TeV/FASERv_EPOS+POWHEG_7TeV_0000.dat
FASERv_EPOS+POWHEG_7TeV PDF set, member #0, version 1; LHAPDF ID = 70001000
LHAPDF 6.5.4 loading /data/theorie/jjohn/miniconda3/envs/nnpdf_dev/share/LHAPDF/FASERv_EPOS+POWHEG_7TeV/FASERv_EPOS+POWHEG_7TeV_0000.dat
FASERv_EPOS+POWHEG_7TeV PDF set, member #0, version 1; LHAPDF ID = 70001000
4.792500216675829 12.379690880326049 38.16530330255119
val isze = 0
idinces = [3 5 0 2 1 4]
training loss = 38988.0703125
training loss = 34369.828125
training loss = 29605.490234375
training loss = 25191.822265625
training loss = 21334.8828125
training loss = 18065.474609375
training loss = 15337.091796875
training loss = 13078.943359375
training loss = 11208.55859375
training loss = 9657.2626953125
training loss = 8366.4970703125
training loss = 7288.02099609375
training loss = 6384.70556640625
training loss = 5622.38671875
training loss = 4975.568359375
training loss = 4424.107421875
training loss = 3951.709716796875
training loss = 3545.219482421875
training loss = 3193.936279296875
training loss = 2889.133544921875
(1, 6)
(1, 0)
Thanks for using LHAPDF 6.5.4. Please make sure to cite the paper:
  Eur.Phys.J. C75 (2015) 3, 132  (http://arxiv.org/abs/1412.7420)
