LHAPDF 6.5.4 loading /data/theorie/jjohn/miniconda3/envs/nnpdf_dev/share/LHAPDF/FASERv_EPOS+POWHEG_7TeV/FASERv_EPOS+POWHEG_7TeV_0000.dat
FASERv_EPOS+POWHEG_7TeV PDF set, member #0, version 1; LHAPDF ID = 70001000
LHAPDF 6.5.4 loading /data/theorie/jjohn/miniconda3/envs/nnpdf_dev/share/LHAPDF/FASERv_EPOS+POWHEG_7TeV/FASERv_EPOS+POWHEG_7TeV_0000.dat
FASERv_EPOS+POWHEG_7TeV PDF set, member #0, version 1; LHAPDF ID = 70001000
3.9520213727602234 15.312329211298117 84.01971508080163
val isze = 0
idinces = [3 5 0 2 1 4]
training loss = 1080.5008544921875
training loss = 643.1325073242188
training loss = 575.2483520507812
training loss = 557.2818603515625
training loss = 550.1906127929688
training loss = 545.6849975585938
training loss = 541.4801025390625
training loss = 536.8345947265625
training loss = 531.4483032226562
training loss = 525.1409912109375
training loss = 517.7554321289062
training loss = 509.1351013183594
training loss = 499.13262939453125
training loss = 487.6405334472656
training loss = 474.646728515625
training loss = 460.2932434082031
training loss = 444.9411926269531
training loss = 429.1973876953125
training loss = 413.85552978515625
training loss = 399.7470703125
(1, 6)
(1, 0)
Thanks for using LHAPDF 6.5.4. Please make sure to cite the paper:
  Eur.Phys.J. C75 (2015) 3, 132  (http://arxiv.org/abs/1412.7420)
