LHAPDF 6.5.4 loading /data/theorie/jjohn/miniconda3/envs/nnpdf_dev/share/LHAPDF/FASERv_EPOS+POWHEG_7TeV/FASERv_EPOS+POWHEG_7TeV_0000.dat
FASERv_EPOS+POWHEG_7TeV PDF set, member #0, version 1; LHAPDF ID = 70001000
LHAPDF 6.5.4 loading /data/theorie/jjohn/miniconda3/envs/nnpdf_dev/share/LHAPDF/FASERv_EPOS+POWHEG_7TeV/FASERv_EPOS+POWHEG_7TeV_0000.dat
FASERv_EPOS+POWHEG_7TeV PDF set, member #0, version 1; LHAPDF ID = 70001000
2.29581416332141 1.296348053448304 39.648769934103214
val isze = 0
idinces = [0 2 5 1 4 3]
training loss = 15.496743202209473
training loss = 11.401540756225586
training loss = 7.551831245422363
training loss = 2.752084255218506
training loss = 1.867560863494873
training loss = 1.5648231506347656
training loss = 1.0998481512069702
training loss = 0.6178172826766968
training loss = 0.2473781406879425
training loss = 0.10311341285705566
training loss = 0.02242613397538662
training loss = 0.007346238009631634
training loss = 0.006510536186397076
training loss = 0.001697976142168045
training loss = 0.014808332547545433
training loss = 0.0010139505611732602
training loss = 0.0008618988213129342
training loss = 0.001429485040716827
rep 1 done out of 1
reduced chi^2 level 2 = 0.000987700535915792
Constrained alpha: 1.6537367105484009
Constrained beta: 4.87215518951416
Constrained gamma: 34.93281173706055
(1, 6)
(1, 0)
Thanks for using LHAPDF 6.5.4. Please make sure to cite the paper:
  Eur.Phys.J. C75 (2015) 3, 132  (http://arxiv.org/abs/1412.7420)
