LHAPDF 6.5.4 loading /data/theorie/jjohn/miniconda3/envs/nnpdf_dev/share/LHAPDF/FASERv_EPOS+POWHEG_7TeV/FASERv_EPOS+POWHEG_7TeV_0000.dat
FASERv_EPOS+POWHEG_7TeV PDF set, member #0, version 1; LHAPDF ID = 70001000
LHAPDF 6.5.4 loading /data/theorie/jjohn/miniconda3/envs/nnpdf_dev/share/LHAPDF/FASERv_EPOS+POWHEG_7TeV/FASERv_EPOS+POWHEG_7TeV_0000.dat
FASERv_EPOS+POWHEG_7TeV PDF set, member #0, version 1; LHAPDF ID = 70001000
1.4708075521735442 6.595826807224294 96.46852289065629
val isze = 0
idinces = [0 2 5 1 4 3]
training loss = 9.241874694824219
training loss = 9.049880981445312
training loss = 8.84017276763916
training loss = 8.635390281677246
training loss = 8.44971752166748
training loss = 8.287603378295898
training loss = 8.144669532775879
training loss = 8.004880905151367
training loss = 7.821812629699707
training loss = 7.390478134155273
training loss = 4.1516804695129395
training loss = 1.0876142978668213
training loss = 0.8501431941986084
training loss = 0.7558043003082275
training loss = 0.719230055809021
training loss = 0.7038453221321106
training loss = 0.6957727670669556
training loss = 0.6902563571929932
training loss = 0.6857515573501587
training loss = 0.9303821325302124
rep 1 done out of 1
reduced chi^2 level 2 = 1.1904871463775635
Constrained alpha: 1.7925794124603271
Constrained beta: 9.269014358520508
Constrained gamma: 84.98779296875
(1, 6)
(1, 0)
Thanks for using LHAPDF 6.5.4. Please make sure to cite the paper:
  Eur.Phys.J. C75 (2015) 3, 132  (http://arxiv.org/abs/1412.7420)
