data before
[0.00000000e+00 0.00000000e+00 0.00000000e+00 0.00000000e+00
 0.00000000e+00 0.00000000e+00 0.00000000e+00 0.00000000e+00
 0.00000000e+00 0.00000000e+00 0.00000000e+00 6.07085735e-04
 2.04404599e-02 1.79506415e-01 4.80204595e-01 8.86043930e-01
 1.48236674e+00 2.35276361e+00 3.48000444e+00 5.42629850e+00
 8.23541010e+00 1.12845872e+01 1.61452956e+01 2.46400487e+01
 2.81604487e+01 2.90457734e+01 2.93363014e+01 2.88945959e+01
 2.72865043e+01 2.38614782e+01 1.93876540e+01 1.51442657e+01
 1.13279650e+01 7.70341114e+00 4.55990647e+00 2.53850892e+00
 1.58901414e+00 1.34283099e+00 1.55342127e-01 0.00000000e+00
 0.00000000e+00]
6
data after
[22.543645870538732, 27.42988275258243, 24.640048736824692, 28.160448738954663, 29.045773399209978, 29.33630138307631, 28.89459594994202, 27.28650434827879, 23.86147820903175, 34.5319196873948, 29.216978754719833]
13
data,sig_tot
[22.54364587 27.42988275 24.64004874 28.16044874 29.0457734  29.33630138
 28.89459595 27.28650435 23.86147821 34.53191969 29.21697875 23.67881112
 44.33039885]
[22.54364587 27.42988275 24.64004874 28.16044874 29.0457734  29.33630138
 28.89459595 27.28650435 23.86147821 34.53191969 29.21697875 23.67881112
 44.33039885]
1.952461089165709 0.7256072365298372 81.75719169047395
val isze = 0
idinces = [ 3  7 11  6  8  2 12  5 10  1  0  4  9]
training loss = 0.6713287234306335 500
training loss = 0.631964385509491 1000
training loss = 0.6278098225593567 1500
training loss = 0.6231545805931091 2000
training loss = 0.6179237365722656 2500
training loss = 0.6121697425842285 3000
training loss = 0.6061718463897705 3500
training loss = 0.6009864807128906 4000
training loss = 0.5977281332015991 4500
training loss = 0.5962186455726624 5000
reduced chi^2 level 2 = 0.5962188839912415
Constrained alpha: 3.092768430709839
Constrained beta: 1.004945158958435
Constrained gamma: 6.182216167449951
(1, 13)
(1, 0)
