data before
[0.00000000e+00 0.00000000e+00 0.00000000e+00 0.00000000e+00
 0.00000000e+00 0.00000000e+00 0.00000000e+00 0.00000000e+00
 0.00000000e+00 0.00000000e+00 0.00000000e+00 6.07085735e-04
 2.04404599e-02 1.79506415e-01 4.80204595e-01 8.86043930e-01
 1.48236674e+00 2.35276361e+00 3.48000444e+00 5.42629850e+00
 8.23541010e+00 1.12845872e+01 1.61452956e+01 2.46400487e+01
 2.81604487e+01 2.90457734e+01 2.93363014e+01 2.88945959e+01
 2.72865043e+01 2.38614782e+01 1.93876540e+01 1.51442657e+01
 1.13279650e+01 7.70341114e+00 4.55990647e+00 2.53850892e+00
 1.58901414e+00 1.34283099e+00 1.55342127e-01 0.00000000e+00
 0.00000000e+00]
6
data after
[22.543645870538732, 27.42988275258243, 24.640048736824692, 28.160448738954663, 29.045773399209978, 29.33630138307631, 28.89459594994202, 27.28650434827879, 23.86147820903175, 34.5319196873948, 29.216978754719833]
13
data,sig_tot
[22.54364587 27.42988275 24.64004874 28.16044874 29.0457734  29.33630138
 28.89459595 27.28650435 23.86147821 34.53191969 29.21697875 23.67881112
 44.33039885]
[22.54364587 27.42988275 24.64004874 28.16044874 29.0457734  29.33630138
 28.89459595 27.28650435 23.86147821 34.53191969 29.21697875 23.67881112
 44.33039885]
3.951964112037432 6.59205895974309 89.19147497288384
val isze = 0
idinces = [ 3  7 11  6  8  2 12  5 10  1  0  4  9]
training loss = 7.532362937927246 500
training loss = 6.640655040740967 1000
training loss = 5.73077392578125 1500
training loss = 4.558597087860107 2000
training loss = 2.958115816116333 2500
training loss = 1.4226582050323486 3000
training loss = 0.7569451332092285 3500
training loss = 0.6295896172523499 4000
training loss = 0.600904107093811 4500
training loss = 0.5791519284248352 5000
reduced chi^2 level 2 = 0.5791084170341492
Constrained alpha: 3.5255141258239746
Constrained beta: 6.665815830230713
Constrained gamma: 88.48689270019531
(1, 13)
(1, 0)
