data before
[0.00000000e+00 0.00000000e+00 0.00000000e+00 0.00000000e+00
 0.00000000e+00 0.00000000e+00 0.00000000e+00 0.00000000e+00
 0.00000000e+00 0.00000000e+00 0.00000000e+00 0.00000000e+00
 0.00000000e+00 0.00000000e+00 0.00000000e+00 0.00000000e+00
 0.00000000e+00 0.00000000e+00 0.00000000e+00 0.00000000e+00
 0.00000000e+00 0.00000000e+00 0.00000000e+00 0.00000000e+00
 0.00000000e+00 0.00000000e+00 0.00000000e+00 0.00000000e+00
 0.00000000e+00 0.00000000e+00 0.00000000e+00 0.00000000e+00
 0.00000000e+00 0.00000000e+00 0.00000000e+00 0.00000000e+00
 0.00000000e+00 0.00000000e+00 0.00000000e+00 0.00000000e+00
 0.00000000e+00 0.00000000e+00 0.00000000e+00 0.00000000e+00
 0.00000000e+00 0.00000000e+00 0.00000000e+00 0.00000000e+00
 0.00000000e+00 0.00000000e+00 0.00000000e+00 0.00000000e+00
 0.00000000e+00 0.00000000e+00 0.00000000e+00 0.00000000e+00
 0.00000000e+00 0.00000000e+00 0.00000000e+00 0.00000000e+00
 0.00000000e+00 0.00000000e+00 0.00000000e+00 0.00000000e+00
 0.00000000e+00 0.00000000e+00 0.00000000e+00 0.00000000e+00
 0.00000000e+00 0.00000000e+00 0.00000000e+00 0.00000000e+00
 0.00000000e+00 0.00000000e+00 0.00000000e+00 0.00000000e+00
 0.00000000e+00 0.00000000e+00 0.00000000e+00 0.00000000e+00
 0.00000000e+00 0.00000000e+00 0.00000000e+00 0.00000000e+00
 0.00000000e+00 0.00000000e+00 0.00000000e+00 0.00000000e+00
 0.00000000e+00 0.00000000e+00 0.00000000e+00 0.00000000e+00
 0.00000000e+00 0.00000000e+00 0.00000000e+00 0.00000000e+00
 0.00000000e+00 0.00000000e+00 0.00000000e+00 0.00000000e+00
 4.63699061e+03 4.75028827e+03 4.87404826e+03 5.02331280e+03
 5.21186786e+03 5.44972939e+03 5.57977117e+03 5.61825053e+03
 5.87155498e+03 6.00340116e+03 6.10316400e+03 6.31882222e+03
 6.48808847e+03 6.55991632e+03 6.83742256e+03 6.95628181e+03
 7.17031262e+03 7.22524748e+03 7.43149560e+03 7.55992785e+03
 7.78145248e+03 7.94707173e+03 8.09672930e+03 8.26203700e+03
 8.40717867e+03 8.54441733e+03 8.55215188e+03 8.72602856e+03
 8.81682239e+03 8.96613395e+03 9.08887503e+03 9.18835054e+03
 9.30318062e+03 9.37823132e+03 9.33945572e+03 9.43279820e+03
 9.51021341e+03 9.55358106e+03 9.65184144e+03 9.66296647e+03
 9.62925053e+03 9.56008140e+03 9.47335035e+03 9.46394876e+03
 9.45095005e+03 9.35768739e+03 9.27941586e+03 9.18773117e+03
 9.05817291e+03 8.94976712e+03 8.76628820e+03 8.61329071e+03
 8.50088108e+03 8.18995427e+03 7.98036266e+03 7.82959947e+03
 7.50642922e+03 7.22973734e+03 7.00957542e+03 6.76706526e+03
 6.40838304e+03 6.14604889e+03 5.81988466e+03 5.49400800e+03
 5.10469755e+03 4.75592603e+03 4.40273241e+03 4.09872974e+03
 3.76495218e+03 3.38568087e+03 3.05123839e+03 2.73103141e+03
 2.40369835e+03 2.12177067e+03 1.82397282e+03 1.56220275e+03
 1.32126370e+03 1.07142578e+03 8.84195614e+02 7.00593831e+02
 5.58555104e+02 4.62127240e+02 3.68402046e+02 2.93542029e+02
 2.18150374e+02 1.57439954e+02 1.12330385e+02 7.40174111e+01
 5.35511604e+01 1.94531239e+01 6.80324996e-01 0.00000000e+00
 0.00000000e+00 0.00000000e+00 0.00000000e+00 0.00000000e+00
 0.00000000e+00 0.00000000e+00 0.00000000e+00 0.00000000e+00
 0.00000000e+00]
10
data after
[4636.990614390316, 4750.288269361674, 4874.048260593258, 5023.312802073851, 5211.8678562054465, 5449.729387739757, 5579.771174361154, 5618.250529373507, 5871.554977492679, 6003.401160521761, 6103.16400207792, 6318.822216546888, 6488.088473364877, 6559.916319798697, 6837.422561570458, 6956.281813761124, 7170.312618130014, 7225.247478022416, 7431.495598109841, 7559.927849572232, 7781.452478998503, 7947.071729030899, 8096.729302357341, 8262.037002977331, 8407.178668245468, 8544.417334524182, 8552.151882637656, 8726.028562919199, 8816.822390351505, 8966.133950664733, 9088.87502947273, 9188.350544156558, 9303.180623934844, 9378.231318040702, 9339.455720272901, 9432.798195958821, 9510.213406186274, 9553.581061697141, 9651.841438673147, 9662.96647161009, 9629.25052887492, 9560.081402978767, 9473.350345531868, 9463.948764318187, 9450.950045253574, 9357.687386603395, 9279.415858955996, 9187.731174625796, 9058.172906718024, 8949.767123463045, 8766.288197011678, 8613.290709508485, 8500.881081765072, 8189.954273724871, 7980.362660408969, 7829.599472796532, 7506.429218158959, 7229.737339180777, 7009.575424095083, 6767.065262315528, 6408.383041270337, 6146.0488864612, 5819.8846552118075, 5494.008001492413, 5104.697554625439, 4755.926034395617, 4402.732414313137, 4098.7297421199055, 3764.952175092292, 3385.680872793295, 3051.23838593726, 2731.031412487794, 2403.6983517035496, 2121.7706721038867, 1823.972824470561, 1562.202746287586, 1321.2637009607888, 1071.4257813092079, 884.1956141931294, 700.5938307849148, 558.5551041153592, 462.12724033146696, 368.40204569897594, 293.54202917798904, 218.1503744817202, 157.43995428147562, 112.33038548358353, 74.01741113177802, 53.55116040138425, 20.133448854539957]
11
data,sig_tot
[4636.99061439 4750.28826936 4874.04826059 5023.31280207 5211.86785621
 5449.72938774 5579.77117436 5618.25052937 5871.55497749 6003.40116052
 6103.16400208 6318.82221655 6488.08847336 6559.9163198  6837.42256157
 6956.28181376 7170.31261813 7225.24747802 7431.49559811 7559.92784957
 7781.452479   7947.07172903 8096.72930236 8262.03700298 8407.17866825
 8544.41733452 8552.15188264 8726.02856292 8816.82239035 8966.13395066
 9088.87502947 9188.35054416 9303.18062393 9378.23131804 9339.45572027
 9432.79819596 9510.21340619 9553.5810617  9651.84143867 9662.96647161
 9629.25052887 9560.08140298 9473.35034553 9463.94876432 9450.95004525
 9357.6873866  9279.41585896 9187.73117463 9058.17290672 8949.76712346
 8766.28819701 8613.29070951 8500.88108177 8189.95427372 7980.36266041
 7829.5994728  7506.42921816 7229.73733918 7009.5754241  6767.06526232
 6408.38304127 6146.04888646 5819.88465521 5494.00800149 5104.69755463
 4755.9260344  4402.73241431 4098.72974212 3764.95217509 3385.68087279
 3051.23838594 2731.03141249 2403.6983517  2121.7706721  1823.97282447
 1562.20274629 1321.26370096 1071.42578131  884.19561419  700.59383078
  558.55510412  462.12724033  368.4020457   293.54202918  218.15037448
  157.43995428  112.33038548   74.01741113   53.5511604    20.13344885
  751.92240708  792.64965607  831.06244284  863.23838204  886.05997941
  928.20617848  971.79126191 1020.18977417 1055.02203066 1086.57720339
 1132.69936916 1167.35650025 1240.61499396 1250.71861678 1325.48902897
 1367.14932133 1400.8160261  1449.45450308 1520.00864473 1551.8550807
 1603.80930501 1665.34016807 1712.3464292  1781.87285934 1812.99859998
 1833.77811566 1910.5913051  1945.24800048 1995.81242894 2052.4217645
 2096.17056257 2139.75191577 2188.95206371 2228.95532679 2270.36443205
 2290.38132125 2329.73520471 2360.53251105 2370.57018362 2427.31070591
 2446.04021364 2458.92547108 2459.35628227 2467.22633166 2485.91325187
 2464.92580188 2475.70428824 2459.26111749 2456.87106496 2426.1311198
 2393.16010598 2345.78148563 2316.0170493  2261.33407089 2216.14140324
 2141.58083407 2076.39139183 2024.41808818 1938.19018147 1856.89912382
 1780.15381019 1678.05043626 1603.50572705 1498.29420294 1406.9235736
 1304.04724088 1211.94987328 1118.39317212 1018.09169502  915.12379351
  827.09148735  728.87770762  645.67656954  561.3827892   497.83763045
  428.96220719  358.46816018  298.8496333   243.22510843  194.80151564
  158.66597817  130.30649412  107.76793113   87.25237811   67.29180409
   50.21403072   36.54690003   26.43008084   25.79087635]
[4636.99061439 4750.28826936 4874.04826059 5023.31280207 5211.86785621
 5449.72938774 5579.77117436 5618.25052937 5871.55497749 6003.40116052
 6103.16400208 6318.82221655 6488.08847336 6559.9163198  6837.42256157
 6956.28181376 7170.31261813 7225.24747802 7431.49559811 7559.92784957
 7781.452479   7947.07172903 8096.72930236 8262.03700298 8407.17866825
 8544.41733452 8552.15188264 8726.02856292 8816.82239035 8966.13395066
 9088.87502947 9188.35054416 9303.18062393 9378.23131804 9339.45572027
 9432.79819596 9510.21340619 9553.5810617  9651.84143867 9662.96647161
 9629.25052887 9560.08140298 9473.35034553 9463.94876432 9450.95004525
 9357.6873866  9279.41585896 9187.73117463 9058.17290672 8949.76712346
 8766.28819701 8613.29070951 8500.88108177 8189.95427372 7980.36266041
 7829.5994728  7506.42921816 7229.73733918 7009.5754241  6767.06526232
 6408.38304127 6146.04888646 5819.88465521 5494.00800149 5104.69755463
 4755.9260344  4402.73241431 4098.72974212 3764.95217509 3385.68087279
 3051.23838594 2731.03141249 2403.6983517  2121.7706721  1823.97282447
 1562.20274629 1321.26370096 1071.42578131  884.19561419  700.59383078
  558.55510412  462.12724033  368.4020457   293.54202918  218.15037448
  157.43995428  112.33038548   74.01741113   53.5511604    20.13344885
  751.92240708  792.64965607  831.06244284  863.23838204  886.05997941
  928.20617848  971.79126191 1020.18977417 1055.02203066 1086.57720339
 1132.69936916 1167.35650025 1240.61499396 1250.71861678 1325.48902897
 1367.14932133 1400.8160261  1449.45450308 1520.00864473 1551.8550807
 1603.80930501 1665.34016807 1712.3464292  1781.87285934 1812.99859998
 1833.77811566 1910.5913051  1945.24800048 1995.81242894 2052.4217645
 2096.17056257 2139.75191577 2188.95206371 2228.95532679 2270.36443205
 2290.38132125 2329.73520471 2360.53251105 2370.57018362 2427.31070591
 2446.04021364 2458.92547108 2459.35628227 2467.22633166 2485.91325187
 2464.92580188 2475.70428824 2459.26111749 2456.87106496 2426.1311198
 2393.16010598 2345.78148563 2316.0170493  2261.33407089 2216.14140324
 2141.58083407 2076.39139183 2024.41808818 1938.19018147 1856.89912382
 1780.15381019 1678.05043626 1603.50572705 1498.29420294 1406.9235736
 1304.04724088 1211.94987328 1118.39317212 1018.09169502  915.12379351
  827.09148735  728.87770762  645.67656954  561.3827892   497.83763045
  428.96220719  358.46816018  298.8496333   243.22510843  194.80151564
  158.66597817  130.30649412  107.76793113   87.25237811   67.29180409
   50.21403072   36.54690003   26.43008084   25.79087635]
2.5262839617052806 8.654249738838004 96.40574034564146
val isze = 0
idinces = [144  87  68 121 119  72  60  10 137 165  49  20  78  59  67 158  55  47
  19 101 120   1 143  70  52  69  83  97  76  56 110 128 170 177 169   7
  26  39 178  46  61  24  58 127  21  81  90  63 112 135 106  75  43 151
 114 109 161  35  66 147   2  91 105 154  38 175 142 102 150 134 146 103
  41  32  80  48  25  53  95  17  98  51  14  82 163  29   3  23 132 167
  37 168 145 166  45 116  99  42  79 149 172 124 148  12  11  22  85   6
 111 117 136 133 104  34 153 108  50 131 173 130   4   5  44 129  96 171
  84 155  28 159  71 118 138 176  74  94 152  93  18  27  36  57  31  65
 140  89  30  86  92 141 126  13  77 160 162  33  62 122 107  88  54 139
 100  16 115 164  40   0  73   8 174 157 156 123 113  64  15 125   9]
training loss = 14.136238098144531 500
training loss = 13.579559326171875 1000
training loss = 13.391631126403809 1500
training loss = 13.249116897583008 2000
training loss = 13.156609535217285 2500
training loss = 13.098235130310059 3000
training loss = 13.045065879821777 3500
training loss = 12.39153003692627 4000
training loss = 2.5579659938812256 4500
training loss = 2.3663721084594727 5000
training loss = 2.2978713512420654 5500
training loss = 2.277391195297241 6000
training loss = 2.267843723297119 6500
training loss = 2.2698891162872314 7000
training loss = 2.2633965015411377 7500
training loss = 2.261491537094116 8000
training loss = 2.671799659729004 8500
training loss = 2.273027181625366 9000
training loss = 2.2565786838531494 9500
training loss = 2.258491039276123 10000
training loss = 2.5823638439178467 10500
training loss = 2.2727267742156982 11000
training loss = 2.2508530616760254 11500
training loss = 2.2555582523345947 12000
training loss = 2.247736692428589 12500
training loss = 2.2739245891571045 13000
training loss = 2.247689723968506 13500
training loss = 3.0875604152679443 14000
training loss = 2.2431271076202393 14500
training loss = 2.2395520210266113 15000
training loss = 2.2384841442108154 15500
training loss = 2.925171136856079 16000
training loss = 2.24998140335083 16500
training loss = 2.232729911804199 17000
training loss = 2.350464344024658 17500
training loss = 2.3200671672821045 18000
training loss = 2.2269930839538574 18500
training loss = 2.252838134765625 19000
training loss = 2.260981798171997 19500
training loss = 3.156580924987793 20000
training loss = 2.214799642562866 20500
training loss = 2.2954282760620117 21000
training loss = 2.208965539932251 21500
training loss = 2.2037270069122314 22000
training loss = 2.307046890258789 22500
training loss = 2.210718870162964 23000
training loss = 2.198685646057129 23500
training loss = 2.188878059387207 24000
training loss = 2.3806746006011963 24500
training loss = 2.172344923019409 25000
training loss = 2.1554386615753174 25500
training loss = 2.1836326122283936 26000
training loss = 2.127901554107666 26500
training loss = 2.119617223739624 27000
training loss = 2.114856481552124 27500
training loss = 2.10971999168396 28000
training loss = 2.1072301864624023 28500
training loss = 2.116692066192627 29000
training loss = 2.103233814239502 29500
training loss = 2.1030125617980957 30000
training loss = 2.101219654083252 30500
training loss = 2.1000876426696777 31000
training loss = 2.099055528640747 31500
training loss = 2.1249566078186035 32000
training loss = 2.235489845275879 32500
training loss = 2.1058437824249268 33000
training loss = 2.1592795848846436 33500
training loss = 2.0979292392730713 34000
training loss = 2.9745819568634033 34500
training loss = 2.1799917221069336 35000
reduced chi^2 level 2 = 2.2049708366394043
Constrained alpha: 2.3698785305023193
Constrained beta: 3.232307195663452
Constrained gamma: 29.734302520751953
(1, 179)
(1, 0)
