data before
[0.00000000e+00 0.00000000e+00 0.00000000e+00 0.00000000e+00
 0.00000000e+00 0.00000000e+00 0.00000000e+00 0.00000000e+00
 0.00000000e+00 0.00000000e+00 0.00000000e+00 0.00000000e+00
 0.00000000e+00 0.00000000e+00 0.00000000e+00 0.00000000e+00
 0.00000000e+00 0.00000000e+00 0.00000000e+00 0.00000000e+00
 1.76041679e+01 2.04602615e+01 2.29570830e+01 2.53828314e+01
 2.74852922e+01 2.83515473e+01 2.84100336e+01 2.73032096e+01
 2.46808199e+01 2.10725834e+01 1.69763294e+01 1.31516718e+01
 9.94329206e+00 6.69389711e+00 3.72720453e+00 1.50431580e+00
 4.38242302e-01 8.98330607e-02 1.47577518e-04 0.00000000e+00
 0.00000000e+00]
6
data after
[38.06442943751097, 22.957083011995554, 25.38283143222332, 27.48529218137294, 28.351547319555284, 28.410033566919566, 27.3032096197243, 24.680819915531277, 21.072583399398923, 30.12800121620521, 22.39693244445426]
12
data,sig_tot
[38.06442944 22.95708301 25.38283143 27.48529218 28.35154732 28.41003357
 27.30320962 24.68081992 21.0725834  30.12800122 22.39693244 20.99955746
 44.8865232 ]
[38.06442944 22.95708301 25.38283143 27.48529218 28.35154732 28.41003357
 27.30320962 24.68081992 21.0725834  30.12800122 22.39693244 20.99955746
 44.8865232 ]
<<<<<<< HEAD
3.4375256659076445 18.092708915671917 99.38581643907743
val isze = 0
idinces = [ 3  7 11  6  8  2 12  5 10  1  0  4  9]
training loss = 10.349639892578125 500
training loss = 3.316802501678467 1000
training loss = 0.9592928886413574 1500
training loss = 0.526455283164978 2000
training loss = 0.519694983959198 2500
reduced chi^2 level 2 = 0.5158115029335022
Constrained alpha: 3.35851788520813
Constrained beta: 9.647215843200684
Constrained gamma: 81.23435974121094
=======
4.190420728197351 11.23940401969344 4.554723709239794
val isze = 0
idinces = [11  6 12  7  3  5  2  1  4  0  9  8 10]
training loss = 8.163994789123535 500
training loss = 1.1574753522872925 1000
training loss = 1.0459085702896118 1500
training loss = 0.952293336391449 2000
training loss = 0.8947635293006897 2500
training loss = 0.8715468645095825 3000
training loss = 0.8640047311782837 3500
training loss = 0.8621079921722412 4000
training loss = 0.8619924783706665 4500
reduced chi^2 level 2 = 0.8620319962501526
Constrained alpha: 2.6780500411987305
Constrained beta: 3.9250433444976807
Constrained gamma: 2.813730001449585
>>>>>>> bf5bffb69ec4a318117f0a4aa6bdaab926d87e87
(1, 13)
(1, 0)
data before
[0.00000000e+00 0.00000000e+00 0.00000000e+00 0.00000000e+00
 0.00000000e+00 0.00000000e+00 0.00000000e+00 0.00000000e+00
 0.00000000e+00 0.00000000e+00 0.00000000e+00 0.00000000e+00
 0.00000000e+00 0.00000000e+00 0.00000000e+00 0.00000000e+00
 0.00000000e+00 0.00000000e+00 0.00000000e+00 0.00000000e+00
 1.76041679e+01 2.04602615e+01 2.29570830e+01 2.53828314e+01
 2.74852922e+01 2.83515473e+01 2.84100336e+01 2.73032096e+01
 2.46808199e+01 2.10725834e+01 1.69763294e+01 1.31516718e+01
 9.94329206e+00 6.69389711e+00 3.72720453e+00 1.50431580e+00
 4.38242302e-01 8.98330607e-02 1.47577518e-04 0.00000000e+00
 0.00000000e+00]
6
data after
[38.06442943751097, 22.957083011995554, 25.38283143222332, 27.48529218137294, 28.351547319555284, 28.410033566919566, 27.3032096197243, 24.680819915531277, 21.072583399398923, 30.12800121620521, 22.39693244445426]
12
data,sig_tot
[38.06442944 22.95708301 25.38283143 27.48529218 28.35154732 28.41003357
 27.30320962 24.68081992 21.0725834  30.12800122 22.39693244 20.99955746
 44.8865232 ]
[38.06442944 22.95708301 25.38283143 27.48529218 28.35154732 28.41003357
 27.30320962 24.68081992 21.0725834  30.12800122 22.39693244 20.99955746
 44.8865232 ]
<<<<<<< HEAD
4.143406631538383 0.9379263877849953 62.628714831139256
val isze = 0
idinces = [ 3  7 11  6  8  2 12  5 10  1  0  4  9]
training loss = 3.7962753772735596 500
training loss = 3.7106359004974365 1000
training loss = 3.644914388656616 1500
training loss = 3.558284044265747 2000
training loss = 3.4460299015045166 2500
training loss = 3.30354905128479 3000
training loss = 3.1277666091918945 3500
training loss = 2.9241750240325928 4000
training loss = 2.7196762561798096 4500
training loss = 2.5616567134857178 5000
reduced chi^2 level 2 = 2.5614113807678223
Constrained alpha: 3.743906021118164
Constrained beta: 1.195561408996582
Constrained gamma: 62.20161819458008
=======
0.3117199280777988 5.812587065357036 78.99012848154184
val isze = 0
idinces = [ 7 12  0 10  5  8  9  4  1  2  6 11  3]
training loss = 0.7286932468414307 500
reduced chi^2 level 2 = 0.7312502264976501
Constrained alpha: 2.3853957653045654
Constrained beta: 5.412237167358398
Constrained gamma: 52.747005462646484
>>>>>>> bf5bffb69ec4a318117f0a4aa6bdaab926d87e87
(1, 13)
(1, 0)
data before
[0.00000000e+00 0.00000000e+00 0.00000000e+00 0.00000000e+00
 0.00000000e+00 0.00000000e+00 0.00000000e+00 0.00000000e+00
 0.00000000e+00 0.00000000e+00 0.00000000e+00 0.00000000e+00
 0.00000000e+00 0.00000000e+00 0.00000000e+00 0.00000000e+00
 0.00000000e+00 0.00000000e+00 0.00000000e+00 0.00000000e+00
 1.76041679e+01 2.04602615e+01 2.29570830e+01 2.53828314e+01
 2.74852922e+01 2.83515473e+01 2.84100336e+01 2.73032096e+01
 2.46808199e+01 2.10725834e+01 1.69763294e+01 1.31516718e+01
 9.94329206e+00 6.69389711e+00 3.72720453e+00 1.50431580e+00
 4.38242302e-01 8.98330607e-02 1.47577518e-04 0.00000000e+00
 0.00000000e+00]
6
data after
[38.06442943751097, 22.957083011995554, 25.38283143222332, 27.48529218137294, 28.351547319555284, 28.410033566919566, 27.3032096197243, 24.680819915531277, 21.072583399398923, 30.12800121620521, 22.39693244445426]
12
data,sig_tot
[38.06442944 22.95708301 25.38283143 27.48529218 28.35154732 28.41003357
 27.30320962 24.68081992 21.0725834  30.12800122 22.39693244 20.99955746
 44.8865232 ]
[38.06442944 22.95708301 25.38283143 27.48529218 28.35154732 28.41003357
 27.30320962 24.68081992 21.0725834  30.12800122 22.39693244 20.99955746
 44.8865232 ]
<<<<<<< HEAD
4.143406631538383 0.9379263877849953 62.628714831139256
val isze = 0
idinces = [ 3  7 11  6  8  2 12  5 10  1  0  4  9]
training loss = 10.669943809509277 500
training loss = 3.7657806873321533 1000
training loss = 3.3935530185699463 1500
training loss = 3.0247111320495605 2000
training loss = 2.4827592372894287 2500
training loss = 2.1482934951782227 3000
training loss = 2.0182902812957764 3500
training loss = 1.9093493223190308 4000
training loss = 1.8127633333206177 4500
training loss = 1.7304729223251343 5000
reduced chi^2 level 2 = 1.730323314666748
Constrained alpha: 3.7392423152923584
Constrained beta: 1.4011775255203247
Constrained gamma: 62.04938888549805
=======
3.3312446722096354 9.55365237465822 5.744468370787137
val isze = 0
idinces = [ 3  6 11  7  9  2  0  5 12 10  4  1  8]
training loss = 1.1862452030181885 500
reduced chi^2 level 2 = 1.1985105276107788
Constrained alpha: 2.6607699394226074
Constrained beta: 3.628187894821167
Constrained gamma: 2.553156614303589
>>>>>>> bf5bffb69ec4a318117f0a4aa6bdaab926d87e87
(1, 13)
(1, 0)
data before
[0.00000000e+00 0.00000000e+00 0.00000000e+00 0.00000000e+00
 0.00000000e+00 0.00000000e+00 0.00000000e+00 0.00000000e+00
 0.00000000e+00 0.00000000e+00 0.00000000e+00 0.00000000e+00
 0.00000000e+00 0.00000000e+00 0.00000000e+00 0.00000000e+00
 0.00000000e+00 0.00000000e+00 0.00000000e+00 0.00000000e+00
 1.76041679e+01 2.04602615e+01 2.29570830e+01 2.53828314e+01
 2.74852922e+01 2.83515473e+01 2.84100336e+01 2.73032096e+01
 2.46808199e+01 2.10725834e+01 1.69763294e+01 1.31516718e+01
 9.94329206e+00 6.69389711e+00 3.72720453e+00 1.50431580e+00
 4.38242302e-01 8.98330607e-02 1.47577518e-04 0.00000000e+00
 0.00000000e+00]
6
data after
[38.06442943751097, 22.957083011995554, 25.38283143222332, 27.48529218137294, 28.351547319555284, 28.410033566919566, 27.3032096197243, 24.680819915531277, 21.072583399398923, 30.12800121620521, 22.39693244445426]
12
data,sig_tot
[38.06442944 22.95708301 25.38283143 27.48529218 28.35154732 28.41003357
 27.30320962 24.68081992 21.0725834  30.12800122 22.39693244 20.99955746
 44.8865232 ]
[38.06442944 22.95708301 25.38283143 27.48529218 28.35154732 28.41003357
 27.30320962 24.68081992 21.0725834  30.12800122 22.39693244 20.99955746
 44.8865232 ]
<<<<<<< HEAD
4.143406631538383 0.9379263877849953 62.628714831139256
val isze = 0
idinces = [ 3  7 11  6  8  2 12  5 10  1  0  4  9]
training loss = 3.776893138885498 500
training loss = 3.6507723331451416 1000
training loss = 3.574218273162842 1500
training loss = 3.4780659675598145 2000
training loss = 3.3569724559783936 2500
training loss = 3.2056422233581543 3000
training loss = 3.0178635120391846 3500
training loss = 2.7925751209259033 4000
training loss = 2.5528459548950195 4500
training loss = 2.365224838256836 5000
reduced chi^2 level 2 = 2.3649404048919678
Constrained alpha: 3.68515682220459
Constrained beta: 1.1014333963394165
Constrained gamma: 62.11203384399414
=======
3.2189362472464005 3.0053084231576688 81.96934411059642
val isze = 0
idinces = [11  9  2  1 10  8  5  4  0  7  3 12  6]
training loss = 0.6175438165664673 500
training loss = 0.5184481739997864 1000
training loss = 0.49245232343673706 1500
training loss = 0.48361361026763916 2000
training loss = 0.4783146381378174 2500
training loss = 0.4747377038002014 3000
training loss = 0.4720734655857086 3500
training loss = 0.47002488374710083 4000
training loss = 0.4690800607204437 4500
reduced chi^2 level 2 = 0.46962636709213257
Constrained alpha: 2.7310595512390137
Constrained beta: 3.063316822052002
Constrained gamma: 28.835031509399414
>>>>>>> bf5bffb69ec4a318117f0a4aa6bdaab926d87e87
(1, 13)
(1, 0)
data before
[0.00000000e+00 0.00000000e+00 0.00000000e+00 0.00000000e+00
 0.00000000e+00 0.00000000e+00 0.00000000e+00 0.00000000e+00
 0.00000000e+00 0.00000000e+00 0.00000000e+00 0.00000000e+00
 0.00000000e+00 0.00000000e+00 0.00000000e+00 0.00000000e+00
 0.00000000e+00 0.00000000e+00 0.00000000e+00 0.00000000e+00
 1.76041679e+01 2.04602615e+01 2.29570830e+01 2.53828314e+01
 2.74852922e+01 2.83515473e+01 2.84100336e+01 2.73032096e+01
 2.46808199e+01 2.10725834e+01 1.69763294e+01 1.31516718e+01
 9.94329206e+00 6.69389711e+00 3.72720453e+00 1.50431580e+00
 4.38242302e-01 8.98330607e-02 1.47577518e-04 0.00000000e+00
 0.00000000e+00]
6
data after
[38.06442943751097, 22.957083011995554, 25.38283143222332, 27.48529218137294, 28.351547319555284, 28.410033566919566, 27.3032096197243, 24.680819915531277, 21.072583399398923, 30.12800121620521, 22.39693244445426]
12
data,sig_tot
[38.06442944 22.95708301 25.38283143 27.48529218 28.35154732 28.41003357
 27.30320962 24.68081992 21.0725834  30.12800122 22.39693244 20.99955746
 44.8865232 ]
[38.06442944 22.95708301 25.38283143 27.48529218 28.35154732 28.41003357
 27.30320962 24.68081992 21.0725834  30.12800122 22.39693244 20.99955746
 44.8865232 ]
<<<<<<< HEAD
4.143406631538383 0.9379263877849953 62.628714831139256
val isze = 0
idinces = [ 3  7 11  6  8  2 12  5 10  1  0  4  9]
training loss = 7.457218170166016 500
training loss = 3.7229580879211426 1000
training loss = 3.3238604068756104 1500
training loss = 3.069736957550049 2000
training loss = 2.8487865924835205 2500
training loss = 2.677013874053955 3000
training loss = 2.564929246902466 3500
training loss = 2.495976686477661 4000
training loss = 2.438619613647461 4500
training loss = 2.372483491897583 5000
reduced chi^2 level 2 = 2.372337818145752
Constrained alpha: 3.7509357929229736
Constrained beta: 1.2937747240066528
Constrained gamma: 62.1598014831543
=======
0.6325931837203752 9.1962740929246 36.356605596424444
val isze = 0
idinces = [11  3 12  1  6 10  4  5  8  2  9  7  0]
training loss = 0.9380297064781189 500
training loss = 0.6874085664749146 1000
reduced chi^2 level 2 = 0.6900264620780945
Constrained alpha: 2.8721232414245605
Constrained beta: 3.3975958824157715
Constrained gamma: 7.5778679847717285
>>>>>>> bf5bffb69ec4a318117f0a4aa6bdaab926d87e87
(1, 13)
(1, 0)
data before
[0.00000000e+00 0.00000000e+00 0.00000000e+00 0.00000000e+00
 0.00000000e+00 0.00000000e+00 0.00000000e+00 0.00000000e+00
 0.00000000e+00 0.00000000e+00 0.00000000e+00 0.00000000e+00
 0.00000000e+00 0.00000000e+00 0.00000000e+00 0.00000000e+00
 0.00000000e+00 0.00000000e+00 0.00000000e+00 0.00000000e+00
 1.76041679e+01 2.04602615e+01 2.29570830e+01 2.53828314e+01
 2.74852922e+01 2.83515473e+01 2.84100336e+01 2.73032096e+01
 2.46808199e+01 2.10725834e+01 1.69763294e+01 1.31516718e+01
 9.94329206e+00 6.69389711e+00 3.72720453e+00 1.50431580e+00
 4.38242302e-01 8.98330607e-02 1.47577518e-04 0.00000000e+00
 0.00000000e+00]
6
data after
[38.06442943751097, 22.957083011995554, 25.38283143222332, 27.48529218137294, 28.351547319555284, 28.410033566919566, 27.3032096197243, 24.680819915531277, 21.072583399398923, 30.12800121620521, 22.39693244445426]
12
data,sig_tot
[38.06442944 22.95708301 25.38283143 27.48529218 28.35154732 28.41003357
 27.30320962 24.68081992 21.0725834  30.12800122 22.39693244 20.99955746
 44.8865232 ]
[38.06442944 22.95708301 25.38283143 27.48529218 28.35154732 28.41003357
 27.30320962 24.68081992 21.0725834  30.12800122 22.39693244 20.99955746
 44.8865232 ]
<<<<<<< HEAD
4.143406631538383 0.9379263877849953 62.628714831139256
val isze = 0
idinces = [ 3  7 11  6  8  2 12  5 10  1  0  4  9]
training loss = 9.09483814239502 500
training loss = 4.383265972137451 1000
training loss = 3.4317712783813477 1500
training loss = 3.1719186305999756 2000
training loss = 2.989379644393921 2500
training loss = 2.806605815887451 3000
training loss = 2.6306838989257812 3500
training loss = 2.484527111053467 4000
training loss = 2.3825161457061768 4500
training loss = 2.3124659061431885 5000
reduced chi^2 level 2 = 2.312338352203369
Constrained alpha: 3.717130422592163
Constrained beta: 1.2621314525604248
Constrained gamma: 62.146087646484375
=======
3.6674288533551818 19.322657240179172 71.94352412577875
val isze = 0
idinces = [ 5  1  3  0  8 10  6  7  4  9 12  2 11]
training loss = 12.08486557006836 500
training loss = 11.198318481445312 1000
training loss = 9.787178039550781 1500
training loss = 7.502543926239014 2000
training loss = 3.3722875118255615 2500
training loss = 1.5775434970855713 3000
training loss = 1.5452680587768555 3500
training loss = 1.516412615776062 4000
training loss = 1.4985970258712769 4500
training loss = 1.495241641998291 5000
reduced chi^2 level 2 = 1.495247483253479
Constrained alpha: 2.8638083934783936
Constrained beta: 3.6533923149108887
Constrained gamma: 9.569798469543457
>>>>>>> bf5bffb69ec4a318117f0a4aa6bdaab926d87e87
(1, 13)
(1, 0)
data before
[0.00000000e+00 0.00000000e+00 0.00000000e+00 0.00000000e+00
 0.00000000e+00 0.00000000e+00 0.00000000e+00 0.00000000e+00
 0.00000000e+00 0.00000000e+00 0.00000000e+00 0.00000000e+00
 0.00000000e+00 0.00000000e+00 0.00000000e+00 0.00000000e+00
 0.00000000e+00 0.00000000e+00 0.00000000e+00 0.00000000e+00
 1.76041679e+01 2.04602615e+01 2.29570830e+01 2.53828314e+01
 2.74852922e+01 2.83515473e+01 2.84100336e+01 2.73032096e+01
 2.46808199e+01 2.10725834e+01 1.69763294e+01 1.31516718e+01
 9.94329206e+00 6.69389711e+00 3.72720453e+00 1.50431580e+00
 4.38242302e-01 8.98330607e-02 1.47577518e-04 0.00000000e+00
 0.00000000e+00]
6
data after
[38.06442943751097, 22.957083011995554, 25.38283143222332, 27.48529218137294, 28.351547319555284, 28.410033566919566, 27.3032096197243, 24.680819915531277, 21.072583399398923, 30.12800121620521, 22.39693244445426]
12
data,sig_tot
[38.06442944 22.95708301 25.38283143 27.48529218 28.35154732 28.41003357
 27.30320962 24.68081992 21.0725834  30.12800122 22.39693244 20.99955746
 44.8865232 ]
[38.06442944 22.95708301 25.38283143 27.48529218 28.35154732 28.41003357
 27.30320962 24.68081992 21.0725834  30.12800122 22.39693244 20.99955746
 44.8865232 ]
<<<<<<< HEAD
4.143406631538383 0.9379263877849953 62.628714831139256
val isze = 0
idinces = [ 3  7 11  6  8  2 12  5 10  1  0  4  9]
=======
0.19821813196352622 7.211949267293621 32.110899800318606
val isze = 0
idinces = [ 9 11  5 10  8  2  3  1 12  4  7  6  0]
training loss = 1.184264063835144 500
training loss = 1.1261348724365234 1000
reduced chi^2 level 2 = 1.135719895362854
Constrained alpha: 2.543280839920044
Constrained beta: 4.441629409790039
Constrained gamma: 6.98480224609375
>>>>>>> bf5bffb69ec4a318117f0a4aa6bdaab926d87e87
(1, 13)
(1, 0)
data before
[0.00000000e+00 0.00000000e+00 0.00000000e+00 0.00000000e+00
 0.00000000e+00 0.00000000e+00 0.00000000e+00 0.00000000e+00
 0.00000000e+00 0.00000000e+00 0.00000000e+00 0.00000000e+00
 0.00000000e+00 0.00000000e+00 0.00000000e+00 0.00000000e+00
 0.00000000e+00 0.00000000e+00 0.00000000e+00 0.00000000e+00
 1.76041679e+01 2.04602615e+01 2.29570830e+01 2.53828314e+01
 2.74852922e+01 2.83515473e+01 2.84100336e+01 2.73032096e+01
 2.46808199e+01 2.10725834e+01 1.69763294e+01 1.31516718e+01
 9.94329206e+00 6.69389711e+00 3.72720453e+00 1.50431580e+00
 4.38242302e-01 8.98330607e-02 1.47577518e-04 0.00000000e+00
 0.00000000e+00]
6
data after
[38.06442943751097, 22.957083011995554, 25.38283143222332, 27.48529218137294, 28.351547319555284, 28.410033566919566, 27.3032096197243, 24.680819915531277, 21.072583399398923, 30.12800121620521, 22.39693244445426]
12
data,sig_tot
[38.06442944 22.95708301 25.38283143 27.48529218 28.35154732 28.41003357
 27.30320962 24.68081992 21.0725834  30.12800122 22.39693244 20.99955746
 44.8865232 ]
[38.06442944 22.95708301 25.38283143 27.48529218 28.35154732 28.41003357
 27.30320962 24.68081992 21.0725834  30.12800122 22.39693244 20.99955746
 44.8865232 ]
<<<<<<< HEAD
4.143406631538383 0.9379263877849953 62.628714831139256
val isze = 0
idinces = [ 3  7 11  6  8  2 12  5 10  1  0  4  9]
training loss = 400.00909423828125 500
training loss = 125.50999450683594 1000
training loss = 59.82538986206055 1500
training loss = 34.24945831298828 2000
training loss = 21.541946411132812 2500
training loss = 14.218560218811035 3000
training loss = 9.662857055664062 3500
training loss = 6.755053997039795 4000
training loss = 4.882871627807617 4500
training loss = 3.6724798679351807 5000
=======
0.38248544152298225 18.892983036707626 13.922835356826901
val isze = 0
idinces = [ 2 10  4  8  5 12  6  1  3  9  0  7 11]
training loss = 1.3505982160568237 500
training loss = 1.0905258655548096 1000
reduced chi^2 level 2 = 1.112593173980713
Constrained alpha: 2.368817090988159
Constrained beta: 4.570064544677734
Constrained gamma: 2.5897016525268555
>>>>>>> bf5bffb69ec4a318117f0a4aa6bdaab926d87e87
(1, 13)
(1, 0)
data before
[0.00000000e+00 0.00000000e+00 0.00000000e+00 0.00000000e+00
 0.00000000e+00 0.00000000e+00 0.00000000e+00 0.00000000e+00
 0.00000000e+00 0.00000000e+00 0.00000000e+00 0.00000000e+00
 0.00000000e+00 0.00000000e+00 0.00000000e+00 0.00000000e+00
 0.00000000e+00 0.00000000e+00 0.00000000e+00 0.00000000e+00
 1.76041679e+01 2.04602615e+01 2.29570830e+01 2.53828314e+01
 2.74852922e+01 2.83515473e+01 2.84100336e+01 2.73032096e+01
 2.46808199e+01 2.10725834e+01 1.69763294e+01 1.31516718e+01
 9.94329206e+00 6.69389711e+00 3.72720453e+00 1.50431580e+00
 4.38242302e-01 8.98330607e-02 1.47577518e-04 0.00000000e+00
 0.00000000e+00]
6
data after
[38.06442943751097, 22.957083011995554, 25.38283143222332, 27.48529218137294, 28.351547319555284, 28.410033566919566, 27.3032096197243, 24.680819915531277, 21.072583399398923, 30.12800121620521, 22.39693244445426]
12
data,sig_tot
[38.06442944 22.95708301 25.38283143 27.48529218 28.35154732 28.41003357
 27.30320962 24.68081992 21.0725834  30.12800122 22.39693244 20.99955746
 44.8865232 ]
[38.06442944 22.95708301 25.38283143 27.48529218 28.35154732 28.41003357
 27.30320962 24.68081992 21.0725834  30.12800122 22.39693244 20.99955746
 44.8865232 ]
<<<<<<< HEAD
4.143406631538383 0.9379263877849953 62.628714831139256
val isze = 0
idinces = [ 3  7 11  6  8  2 12  5 10  1  0  4  9]
training loss = 8.2512788772583 500
training loss = 4.933361530303955 1000
training loss = 3.9596974849700928 1500
training loss = 3.6065104007720947 2000
training loss = 3.389758348464966 2500
training loss = 3.2018349170684814 3000
training loss = 3.0187599658966064 3500
training loss = 2.834645986557007 4000
training loss = 2.654722213745117 4500
training loss = 2.499866008758545 5000
reduced chi^2 level 2 = 2.499601125717163
Constrained alpha: 3.6894259452819824
Constrained beta: 1.3082280158996582
Constrained gamma: 62.1537971496582
=======
3.4440395524371614 11.075323489557967 7.340864861394037
val isze = 0
idinces = [ 8  3  7  5  1  0  9 12  4  2  6 11 10]
training loss = 1.182962417602539 500
reduced chi^2 level 2 = 1.1826962232589722
Constrained alpha: 2.7097983360290527
Constrained beta: 3.2242417335510254
Constrained gamma: 2.1197783946990967
>>>>>>> bf5bffb69ec4a318117f0a4aa6bdaab926d87e87
(1, 13)
(1, 0)
data before
[0.00000000e+00 0.00000000e+00 0.00000000e+00 0.00000000e+00
 0.00000000e+00 0.00000000e+00 0.00000000e+00 0.00000000e+00
 0.00000000e+00 0.00000000e+00 0.00000000e+00 0.00000000e+00
 0.00000000e+00 0.00000000e+00 0.00000000e+00 0.00000000e+00
 0.00000000e+00 0.00000000e+00 0.00000000e+00 0.00000000e+00
 1.76041679e+01 2.04602615e+01 2.29570830e+01 2.53828314e+01
 2.74852922e+01 2.83515473e+01 2.84100336e+01 2.73032096e+01
 2.46808199e+01 2.10725834e+01 1.69763294e+01 1.31516718e+01
 9.94329206e+00 6.69389711e+00 3.72720453e+00 1.50431580e+00
 4.38242302e-01 8.98330607e-02 1.47577518e-04 0.00000000e+00
 0.00000000e+00]
6
data after
[38.06442943751097, 22.957083011995554, 25.38283143222332, 27.48529218137294, 28.351547319555284, 28.410033566919566, 27.3032096197243, 24.680819915531277, 21.072583399398923, 30.12800121620521, 22.39693244445426]
12
data,sig_tot
[38.06442944 22.95708301 25.38283143 27.48529218 28.35154732 28.41003357
 27.30320962 24.68081992 21.0725834  30.12800122 22.39693244 20.99955746
 44.8865232 ]
[38.06442944 22.95708301 25.38283143 27.48529218 28.35154732 28.41003357
 27.30320962 24.68081992 21.0725834  30.12800122 22.39693244 20.99955746
 44.8865232 ]
<<<<<<< HEAD
4.143406631538383 0.9379263877849953 62.628714831139256
val isze = 0
idinces = [ 3  7 11  6  8  2 12  5 10  1  0  4  9]
=======
1.7160022381123712 19.043573511765718 77.61174148174
val isze = 0
idinces = [ 9 12  6  8  1  3  7  5 10  4  0 11  2]
training loss = 2.077939033508301 500
training loss = 0.9432297348976135 1000
training loss = 0.9352163672447205 1500
reduced chi^2 level 2 = 0.9361598491668701
Constrained alpha: 3.13381290435791
Constrained beta: 1.9845449924468994
Constrained gamma: 30.76755714416504
>>>>>>> bf5bffb69ec4a318117f0a4aa6bdaab926d87e87
(1, 13)
(1, 0)
data before
[0.00000000e+00 0.00000000e+00 0.00000000e+00 0.00000000e+00
 0.00000000e+00 0.00000000e+00 0.00000000e+00 0.00000000e+00
 0.00000000e+00 0.00000000e+00 0.00000000e+00 0.00000000e+00
 0.00000000e+00 0.00000000e+00 0.00000000e+00 0.00000000e+00
 0.00000000e+00 0.00000000e+00 0.00000000e+00 0.00000000e+00
 1.76041679e+01 2.04602615e+01 2.29570830e+01 2.53828314e+01
 2.74852922e+01 2.83515473e+01 2.84100336e+01 2.73032096e+01
 2.46808199e+01 2.10725834e+01 1.69763294e+01 1.31516718e+01
 9.94329206e+00 6.69389711e+00 3.72720453e+00 1.50431580e+00
 4.38242302e-01 8.98330607e-02 1.47577518e-04 0.00000000e+00
 0.00000000e+00]
6
data after
[38.06442943751097, 22.957083011995554, 25.38283143222332, 27.48529218137294, 28.351547319555284, 28.410033566919566, 27.3032096197243, 24.680819915531277, 21.072583399398923, 30.12800121620521, 22.39693244445426]
12
data,sig_tot
[38.06442944 22.95708301 25.38283143 27.48529218 28.35154732 28.41003357
 27.30320962 24.68081992 21.0725834  30.12800122 22.39693244 20.99955746
 44.8865232 ]
[38.06442944 22.95708301 25.38283143 27.48529218 28.35154732 28.41003357
 27.30320962 24.68081992 21.0725834  30.12800122 22.39693244 20.99955746
 44.8865232 ]
<<<<<<< HEAD
4.143406631538383 0.9379263877849953 62.628714831139256
val isze = 0
idinces = [ 3  7 11  6  8  2 12  5 10  1  0  4  9]
training loss = 3.9188497066497803 500
training loss = 3.693119764328003 1000
training loss = 3.525970220565796 1500
training loss = 3.2987120151519775 2000
training loss = 2.954829454421997 2500
training loss = 2.529029369354248 3000
training loss = 2.3201074600219727 3500
training loss = 2.1735172271728516 4000
training loss = 2.0162200927734375 4500
training loss = 1.8723833560943604 5000
reduced chi^2 level 2 = 1.872124433517456
Constrained alpha: 3.7276675701141357
Constrained beta: 1.3234491348266602
Constrained gamma: 62.093238830566406
=======
4.334036040094215 15.78474515767697 69.5516543738041
val isze = 0
idinces = [12  1 10  7  9  5  4  3 11  6  2  8  0]
training loss = 18.2470760345459 500
training loss = 17.983240127563477 1000
training loss = 17.92926597595215 1500
training loss = 17.883825302124023 2000
training loss = 17.828277587890625 2500
training loss = 17.759235382080078 3000
training loss = 17.67203140258789 3500
training loss = 17.55678367614746 4000
training loss = 17.39173126220703 4500
training loss = 17.123628616333008 5000
>>>>>>> bf5bffb69ec4a318117f0a4aa6bdaab926d87e87
(1, 13)
(1, 0)
data before
[0.00000000e+00 0.00000000e+00 0.00000000e+00 0.00000000e+00
 0.00000000e+00 0.00000000e+00 0.00000000e+00 0.00000000e+00
 0.00000000e+00 0.00000000e+00 0.00000000e+00 0.00000000e+00
 0.00000000e+00 0.00000000e+00 0.00000000e+00 0.00000000e+00
 0.00000000e+00 0.00000000e+00 0.00000000e+00 0.00000000e+00
 1.76041679e+01 2.04602615e+01 2.29570830e+01 2.53828314e+01
 2.74852922e+01 2.83515473e+01 2.84100336e+01 2.73032096e+01
 2.46808199e+01 2.10725834e+01 1.69763294e+01 1.31516718e+01
 9.94329206e+00 6.69389711e+00 3.72720453e+00 1.50431580e+00
 4.38242302e-01 8.98330607e-02 1.47577518e-04 0.00000000e+00
 0.00000000e+00]
6
data after
[38.06442943751097, 22.957083011995554, 25.38283143222332, 27.48529218137294, 28.351547319555284, 28.410033566919566, 27.3032096197243, 24.680819915531277, 21.072583399398923, 30.12800121620521, 22.39693244445426]
12
data,sig_tot
[38.06442944 22.95708301 25.38283143 27.48529218 28.35154732 28.41003357
 27.30320962 24.68081992 21.0725834  30.12800122 22.39693244 20.99955746
 44.8865232 ]
[38.06442944 22.95708301 25.38283143 27.48529218 28.35154732 28.41003357
 27.30320962 24.68081992 21.0725834  30.12800122 22.39693244 20.99955746
 44.8865232 ]
<<<<<<< HEAD
4.143406631538383 0.9379263877849953 62.628714831139256
val isze = 0
idinces = [ 3  7 11  6  8  2 12  5 10  1  0  4  9]
training loss = 20.48703384399414 500
training loss = 5.372036933898926 1000
training loss = 3.842069387435913 1500
training loss = 3.473780870437622 2000
training loss = 3.2097439765930176 2500
training loss = 2.9593732357025146 3000
training loss = 2.7409863471984863 3500
training loss = 2.58404541015625 4000
training loss = 2.48821759223938 4500
training loss = 2.418363332748413 5000
reduced chi^2 level 2 = 2.4182252883911133
Constrained alpha: 3.750561475753784
Constrained beta: 1.1835094690322876
Constrained gamma: 62.16456604003906
=======
1.939340029111964 19.468046821675696 83.10929198145706
val isze = 0
idinces = [ 9  6 10  1  0 11  3  4  7  2  5  8 12]
training loss = 2.366722583770752 500
training loss = 1.5970004796981812 1000
training loss = 1.5284531116485596 1500
reduced chi^2 level 2 = 1.5286566019058228
Constrained alpha: 3.1580779552459717
Constrained beta: 2.573052167892456
Constrained gamma: 41.254886627197266
>>>>>>> bf5bffb69ec4a318117f0a4aa6bdaab926d87e87
(1, 13)
(1, 0)
data before
[0.00000000e+00 0.00000000e+00 0.00000000e+00 0.00000000e+00
 0.00000000e+00 0.00000000e+00 0.00000000e+00 0.00000000e+00
 0.00000000e+00 0.00000000e+00 0.00000000e+00 0.00000000e+00
 0.00000000e+00 0.00000000e+00 0.00000000e+00 0.00000000e+00
 0.00000000e+00 0.00000000e+00 0.00000000e+00 0.00000000e+00
 1.76041679e+01 2.04602615e+01 2.29570830e+01 2.53828314e+01
 2.74852922e+01 2.83515473e+01 2.84100336e+01 2.73032096e+01
 2.46808199e+01 2.10725834e+01 1.69763294e+01 1.31516718e+01
 9.94329206e+00 6.69389711e+00 3.72720453e+00 1.50431580e+00
 4.38242302e-01 8.98330607e-02 1.47577518e-04 0.00000000e+00
 0.00000000e+00]
6
data after
[38.06442943751097, 22.957083011995554, 25.38283143222332, 27.48529218137294, 28.351547319555284, 28.410033566919566, 27.3032096197243, 24.680819915531277, 21.072583399398923, 30.12800121620521, 22.39693244445426]
12
data,sig_tot
[38.06442944 22.95708301 25.38283143 27.48529218 28.35154732 28.41003357
 27.30320962 24.68081992 21.0725834  30.12800122 22.39693244 20.99955746
 44.8865232 ]
[38.06442944 22.95708301 25.38283143 27.48529218 28.35154732 28.41003357
 27.30320962 24.68081992 21.0725834  30.12800122 22.39693244 20.99955746
 44.8865232 ]
<<<<<<< HEAD
4.143406631538383 0.9379263877849953 62.628714831139256
val isze = 0
idinces = [ 3  7 11  6  8  2 12  5 10  1  0  4  9]
training loss = 16.03976058959961 500
training loss = 4.251965522766113 1000
training loss = 2.9971206188201904 1500
training loss = 2.7168045043945312 2000
training loss = 2.6127357482910156 2500
training loss = 2.5738320350646973 3000
training loss = 2.55814790725708 3500
training loss = 2.546313524246216 4000
training loss = 2.5318357944488525 4500
training loss = 2.512211799621582 5000
reduced chi^2 level 2 = 2.512164831161499
Constrained alpha: 3.709738254547119
Constrained beta: 1.3955326080322266
Constrained gamma: 62.12924575805664
=======
2.6882846329312997 11.079069620614794 69.3689699087894
val isze = 0
idinces = [10  5  3 11  1  0  6  7  2  8 12  9  4]
training loss = 1.4500106573104858 500
training loss = 1.3170069456100464 1000
reduced chi^2 level 2 = 1.3173789978027344
Constrained alpha: 3.21113920211792
Constrained beta: 2.163926124572754
Constrained gamma: 38.80692672729492
>>>>>>> bf5bffb69ec4a318117f0a4aa6bdaab926d87e87
(1, 13)
(1, 0)
data before
[0.00000000e+00 0.00000000e+00 0.00000000e+00 0.00000000e+00
 0.00000000e+00 0.00000000e+00 0.00000000e+00 0.00000000e+00
 0.00000000e+00 0.00000000e+00 0.00000000e+00 0.00000000e+00
 0.00000000e+00 0.00000000e+00 0.00000000e+00 0.00000000e+00
 0.00000000e+00 0.00000000e+00 0.00000000e+00 0.00000000e+00
 1.76041679e+01 2.04602615e+01 2.29570830e+01 2.53828314e+01
 2.74852922e+01 2.83515473e+01 2.84100336e+01 2.73032096e+01
 2.46808199e+01 2.10725834e+01 1.69763294e+01 1.31516718e+01
 9.94329206e+00 6.69389711e+00 3.72720453e+00 1.50431580e+00
 4.38242302e-01 8.98330607e-02 1.47577518e-04 0.00000000e+00
 0.00000000e+00]
6
data after
[38.06442943751097, 22.957083011995554, 25.38283143222332, 27.48529218137294, 28.351547319555284, 28.410033566919566, 27.3032096197243, 24.680819915531277, 21.072583399398923, 30.12800121620521, 22.39693244445426]
12
data,sig_tot
[38.06442944 22.95708301 25.38283143 27.48529218 28.35154732 28.41003357
 27.30320962 24.68081992 21.0725834  30.12800122 22.39693244 20.99955746
 44.8865232 ]
[38.06442944 22.95708301 25.38283143 27.48529218 28.35154732 28.41003357
 27.30320962 24.68081992 21.0725834  30.12800122 22.39693244 20.99955746
 44.8865232 ]
<<<<<<< HEAD
4.143406631538383 0.9379263877849953 62.628714831139256
val isze = 0
idinces = [ 3  7 11  6  8  2 12  5 10  1  0  4  9]
training loss = 7.414676666259766 500
training loss = 3.7851226329803467 1000
training loss = 3.1276469230651855 1500
training loss = 2.8103559017181396 2000
training loss = 2.58965802192688 2500
training loss = 2.4487061500549316 3000
training loss = 2.361589193344116 3500
training loss = 2.286999225616455 4000
training loss = 2.202291488647461 4500
training loss = 2.1060776710510254 5000
reduced chi^2 level 2 = 2.105876922607422
Constrained alpha: 3.7330987453460693
Constrained beta: 1.3732807636260986
Constrained gamma: 62.112220764160156
=======
2.0272551620888346 5.18673144119864 55.62883231404421
val isze = 0
idinces = [ 8 12 10  0 11  9  6  5  7  4  3  2  1]
training loss = 0.9890142679214478 500
reduced chi^2 level 2 = 0.9926611185073853
Constrained alpha: 2.5763752460479736
Constrained beta: 4.120599746704102
Constrained gamma: 35.66866683959961
>>>>>>> bf5bffb69ec4a318117f0a4aa6bdaab926d87e87
(1, 13)
(1, 0)
data before
[0.00000000e+00 0.00000000e+00 0.00000000e+00 0.00000000e+00
 0.00000000e+00 0.00000000e+00 0.00000000e+00 0.00000000e+00
 0.00000000e+00 0.00000000e+00 0.00000000e+00 0.00000000e+00
 0.00000000e+00 0.00000000e+00 0.00000000e+00 0.00000000e+00
 0.00000000e+00 0.00000000e+00 0.00000000e+00 0.00000000e+00
 1.76041679e+01 2.04602615e+01 2.29570830e+01 2.53828314e+01
 2.74852922e+01 2.83515473e+01 2.84100336e+01 2.73032096e+01
 2.46808199e+01 2.10725834e+01 1.69763294e+01 1.31516718e+01
 9.94329206e+00 6.69389711e+00 3.72720453e+00 1.50431580e+00
 4.38242302e-01 8.98330607e-02 1.47577518e-04 0.00000000e+00
 0.00000000e+00]
6
data after
[38.06442943751097, 22.957083011995554, 25.38283143222332, 27.48529218137294, 28.351547319555284, 28.410033566919566, 27.3032096197243, 24.680819915531277, 21.072583399398923, 30.12800121620521, 22.39693244445426]
12
data,sig_tot
[38.06442944 22.95708301 25.38283143 27.48529218 28.35154732 28.41003357
 27.30320962 24.68081992 21.0725834  30.12800122 22.39693244 20.99955746
 44.8865232 ]
[38.06442944 22.95708301 25.38283143 27.48529218 28.35154732 28.41003357
 27.30320962 24.68081992 21.0725834  30.12800122 22.39693244 20.99955746
 44.8865232 ]
<<<<<<< HEAD
4.143406631538383 0.9379263877849953 62.628714831139256
val isze = 0
idinces = [ 3  7 11  6  8  2 12  5 10  1  0  4  9]
=======
4.044025184140371 1.8682054432083306 26.44837069601452
val isze = 0
idinces = [ 8  3  1 11  7  2  0  6 10  5  4 12  9]
training loss = 3.6395130157470703 500
training loss = 1.400434136390686 1000
training loss = 0.9759129881858826 1500
training loss = 0.9392420053482056 2000
training loss = 0.9017896056175232 2500
training loss = 0.8659043312072754 3000
training loss = 0.8358320593833923 3500
training loss = 0.8124414086341858 4000
training loss = 0.795060396194458 4500
training loss = 0.7815258502960205 5000
reduced chi^2 level 2 = 0.7815014123916626
Constrained alpha: 3.6906495094299316
Constrained beta: 2.34427547454834
Constrained gamma: 21.657703399658203
>>>>>>> bf5bffb69ec4a318117f0a4aa6bdaab926d87e87
(1, 13)
(1, 0)
data before
[0.00000000e+00 0.00000000e+00 0.00000000e+00 0.00000000e+00
 0.00000000e+00 0.00000000e+00 0.00000000e+00 0.00000000e+00
 0.00000000e+00 0.00000000e+00 0.00000000e+00 0.00000000e+00
 0.00000000e+00 0.00000000e+00 0.00000000e+00 0.00000000e+00
 0.00000000e+00 0.00000000e+00 0.00000000e+00 0.00000000e+00
 1.76041679e+01 2.04602615e+01 2.29570830e+01 2.53828314e+01
 2.74852922e+01 2.83515473e+01 2.84100336e+01 2.73032096e+01
 2.46808199e+01 2.10725834e+01 1.69763294e+01 1.31516718e+01
 9.94329206e+00 6.69389711e+00 3.72720453e+00 1.50431580e+00
 4.38242302e-01 8.98330607e-02 1.47577518e-04 0.00000000e+00
 0.00000000e+00]
6
data after
[38.06442943751097, 22.957083011995554, 25.38283143222332, 27.48529218137294, 28.351547319555284, 28.410033566919566, 27.3032096197243, 24.680819915531277, 21.072583399398923, 30.12800121620521, 22.39693244445426]
12
data,sig_tot
[38.06442944 22.95708301 25.38283143 27.48529218 28.35154732 28.41003357
 27.30320962 24.68081992 21.0725834  30.12800122 22.39693244 20.99955746
 44.8865232 ]
[38.06442944 22.95708301 25.38283143 27.48529218 28.35154732 28.41003357
 27.30320962 24.68081992 21.0725834  30.12800122 22.39693244 20.99955746
 44.8865232 ]
<<<<<<< HEAD
4.143406631538383 0.9379263877849953 62.628714831139256
val isze = 0
idinces = [ 3  7 11  6  8  2 12  5 10  1  0  4  9]
training loss = 11.927533149719238 500
training loss = 3.5669634342193604 1000
training loss = 3.1093926429748535 1500
training loss = 2.799643039703369 2000
training loss = 2.5578596591949463 2500
training loss = 2.402256488800049 3000
training loss = 2.3084685802459717 3500
training loss = 2.2298691272735596 4000
training loss = 2.1412556171417236 4500
training loss = 2.040261745452881 5000
reduced chi^2 level 2 = 2.040050506591797
Constrained alpha: 3.746438503265381
Constrained beta: 1.3628684282302856
Constrained gamma: 62.11069869995117
=======
1.5090696665580587 6.430928448211992 2.023069335987404
val isze = 0
idinces = [ 0  9  3  7 12  4  8 11  2 10  5  6  1]
training loss = 0.7637633681297302 500
reduced chi^2 level 2 = 0.7668134570121765
Constrained alpha: 2.5812363624572754
Constrained beta: 4.903900623321533
Constrained gamma: 2.645772933959961
>>>>>>> bf5bffb69ec4a318117f0a4aa6bdaab926d87e87
(1, 13)
(1, 0)
data before
[0.00000000e+00 0.00000000e+00 0.00000000e+00 0.00000000e+00
 0.00000000e+00 0.00000000e+00 0.00000000e+00 0.00000000e+00
 0.00000000e+00 0.00000000e+00 0.00000000e+00 0.00000000e+00
 0.00000000e+00 0.00000000e+00 0.00000000e+00 0.00000000e+00
 0.00000000e+00 0.00000000e+00 0.00000000e+00 0.00000000e+00
 1.76041679e+01 2.04602615e+01 2.29570830e+01 2.53828314e+01
 2.74852922e+01 2.83515473e+01 2.84100336e+01 2.73032096e+01
 2.46808199e+01 2.10725834e+01 1.69763294e+01 1.31516718e+01
 9.94329206e+00 6.69389711e+00 3.72720453e+00 1.50431580e+00
 4.38242302e-01 8.98330607e-02 1.47577518e-04 0.00000000e+00
 0.00000000e+00]
6
data after
[38.06442943751097, 22.957083011995554, 25.38283143222332, 27.48529218137294, 28.351547319555284, 28.410033566919566, 27.3032096197243, 24.680819915531277, 21.072583399398923, 30.12800121620521, 22.39693244445426]
12
data,sig_tot
[38.06442944 22.95708301 25.38283143 27.48529218 28.35154732 28.41003357
 27.30320962 24.68081992 21.0725834  30.12800122 22.39693244 20.99955746
 44.8865232 ]
[38.06442944 22.95708301 25.38283143 27.48529218 28.35154732 28.41003357
 27.30320962 24.68081992 21.0725834  30.12800122 22.39693244 20.99955746
 44.8865232 ]
<<<<<<< HEAD
4.143406631538383 0.9379263877849953 62.628714831139256
val isze = 0
idinces = [ 3  7 11  6  8  2 12  5 10  1  0  4  9]
training loss = 3.5206105709075928 500
training loss = 3.1002726554870605 1000
training loss = 2.7228028774261475 1500
training loss = 2.3709678649902344 2000
training loss = 2.111213207244873 2500
training loss = 1.9736195802688599 3000
training loss = 1.8901162147521973 3500
training loss = 1.8214375972747803 4000
training loss = 1.7633990049362183 4500
training loss = 1.7155841588974 5000
reduced chi^2 level 2 = 1.7154978513717651
Constrained alpha: 3.7334086894989014
Constrained beta: 1.4097329378128052
Constrained gamma: 62.130706787109375
=======
0.375491245573083 19.68605161283722 72.4677152315929
val isze = 0
idinces = [ 8  2  0  6 12 11  7  4  1 10  3  5  9]
training loss = 1.8476693630218506 500
training loss = 1.2085421085357666 1000
training loss = 1.1530067920684814 1500
reduced chi^2 level 2 = 1.1539790630340576
Constrained alpha: 2.714418411254883
Constrained beta: 4.003901958465576
Constrained gamma: 32.513511657714844
>>>>>>> bf5bffb69ec4a318117f0a4aa6bdaab926d87e87
(1, 13)
(1, 0)
data before
[0.00000000e+00 0.00000000e+00 0.00000000e+00 0.00000000e+00
 0.00000000e+00 0.00000000e+00 0.00000000e+00 0.00000000e+00
 0.00000000e+00 0.00000000e+00 0.00000000e+00 0.00000000e+00
 0.00000000e+00 0.00000000e+00 0.00000000e+00 0.00000000e+00
 0.00000000e+00 0.00000000e+00 0.00000000e+00 0.00000000e+00
 1.76041679e+01 2.04602615e+01 2.29570830e+01 2.53828314e+01
 2.74852922e+01 2.83515473e+01 2.84100336e+01 2.73032096e+01
 2.46808199e+01 2.10725834e+01 1.69763294e+01 1.31516718e+01
 9.94329206e+00 6.69389711e+00 3.72720453e+00 1.50431580e+00
 4.38242302e-01 8.98330607e-02 1.47577518e-04 0.00000000e+00
 0.00000000e+00]
6
data after
[38.06442943751097, 22.957083011995554, 25.38283143222332, 27.48529218137294, 28.351547319555284, 28.410033566919566, 27.3032096197243, 24.680819915531277, 21.072583399398923, 30.12800121620521, 22.39693244445426]
12
data,sig_tot
[38.06442944 22.95708301 25.38283143 27.48529218 28.35154732 28.41003357
 27.30320962 24.68081992 21.0725834  30.12800122 22.39693244 20.99955746
 44.8865232 ]
[38.06442944 22.95708301 25.38283143 27.48529218 28.35154732 28.41003357
 27.30320962 24.68081992 21.0725834  30.12800122 22.39693244 20.99955746
 44.8865232 ]
<<<<<<< HEAD
4.143406631538383 0.9379263877849953 62.628714831139256
val isze = 0
idinces = [ 3  7 11  6  8  2 12  5 10  1  0  4  9]
=======
1.8614492437105845 19.350462400321234 22.21221670183415
val isze = 0
idinces = [ 8  4 10 12 11  3  6  1  2  0  5  7  9]
training loss = 1.538400411605835 500
training loss = 0.6769294738769531 1000
training loss = 0.628887951374054 1500
reduced chi^2 level 2 = 0.6289952397346497
Constrained alpha: 3.115571975708008
Constrained beta: 2.441279411315918
Constrained gamma: 1.9053689241409302
>>>>>>> bf5bffb69ec4a318117f0a4aa6bdaab926d87e87
(1, 13)
(1, 0)
data before
[0.00000000e+00 0.00000000e+00 0.00000000e+00 0.00000000e+00
 0.00000000e+00 0.00000000e+00 0.00000000e+00 0.00000000e+00
 0.00000000e+00 0.00000000e+00 0.00000000e+00 0.00000000e+00
 0.00000000e+00 0.00000000e+00 0.00000000e+00 0.00000000e+00
 0.00000000e+00 0.00000000e+00 0.00000000e+00 0.00000000e+00
 1.76041679e+01 2.04602615e+01 2.29570830e+01 2.53828314e+01
 2.74852922e+01 2.83515473e+01 2.84100336e+01 2.73032096e+01
 2.46808199e+01 2.10725834e+01 1.69763294e+01 1.31516718e+01
 9.94329206e+00 6.69389711e+00 3.72720453e+00 1.50431580e+00
 4.38242302e-01 8.98330607e-02 1.47577518e-04 0.00000000e+00
 0.00000000e+00]
6
data after
[38.06442943751097, 22.957083011995554, 25.38283143222332, 27.48529218137294, 28.351547319555284, 28.410033566919566, 27.3032096197243, 24.680819915531277, 21.072583399398923, 30.12800121620521, 22.39693244445426]
12
data,sig_tot
[38.06442944 22.95708301 25.38283143 27.48529218 28.35154732 28.41003357
 27.30320962 24.68081992 21.0725834  30.12800122 22.39693244 20.99955746
 44.8865232 ]
[38.06442944 22.95708301 25.38283143 27.48529218 28.35154732 28.41003357
 27.30320962 24.68081992 21.0725834  30.12800122 22.39693244 20.99955746
 44.8865232 ]
<<<<<<< HEAD
4.143406631538383 0.9379263877849953 62.628714831139256
val isze = 0
idinces = [ 3  7 11  6  8  2 12  5 10  1  0  4  9]
training loss = 12.632440567016602 500
training loss = 4.276976108551025 1000
training loss = 3.0622811317443848 1500
training loss = 2.875817060470581 2000
training loss = 2.789188861846924 2500
training loss = 2.706209182739258 3000
training loss = 2.620757818222046 3500
training loss = 2.5336434841156006 4000
training loss = 2.4456489086151123 4500
training loss = 2.358754873275757 5000
reduced chi^2 level 2 = 2.3585851192474365
Constrained alpha: 3.547255754470825
Constrained beta: 1.484765648841858
Constrained gamma: 61.986812591552734
=======
2.7991553687637722 12.595961186973659 47.60759184645027
val isze = 0
idinces = [ 3  7  5 12  1  4 11  6 10  8  9  2  0]
training loss = 1.0213420391082764 500
reduced chi^2 level 2 = 1.017982006072998
Constrained alpha: 2.3870022296905518
Constrained beta: 4.6576361656188965
Constrained gamma: 23.332658767700195
>>>>>>> bf5bffb69ec4a318117f0a4aa6bdaab926d87e87
(1, 13)
(1, 0)
data before
[0.00000000e+00 0.00000000e+00 0.00000000e+00 0.00000000e+00
 0.00000000e+00 0.00000000e+00 0.00000000e+00 0.00000000e+00
 0.00000000e+00 0.00000000e+00 0.00000000e+00 0.00000000e+00
 0.00000000e+00 0.00000000e+00 0.00000000e+00 0.00000000e+00
 0.00000000e+00 0.00000000e+00 0.00000000e+00 0.00000000e+00
 1.76041679e+01 2.04602615e+01 2.29570830e+01 2.53828314e+01
 2.74852922e+01 2.83515473e+01 2.84100336e+01 2.73032096e+01
 2.46808199e+01 2.10725834e+01 1.69763294e+01 1.31516718e+01
 9.94329206e+00 6.69389711e+00 3.72720453e+00 1.50431580e+00
 4.38242302e-01 8.98330607e-02 1.47577518e-04 0.00000000e+00
 0.00000000e+00]
6
data after
[38.06442943751097, 22.957083011995554, 25.38283143222332, 27.48529218137294, 28.351547319555284, 28.410033566919566, 27.3032096197243, 24.680819915531277, 21.072583399398923, 30.12800121620521, 22.39693244445426]
12
data,sig_tot
[38.06442944 22.95708301 25.38283143 27.48529218 28.35154732 28.41003357
 27.30320962 24.68081992 21.0725834  30.12800122 22.39693244 20.99955746
 44.8865232 ]
[38.06442944 22.95708301 25.38283143 27.48529218 28.35154732 28.41003357
 27.30320962 24.68081992 21.0725834  30.12800122 22.39693244 20.99955746
 44.8865232 ]
<<<<<<< HEAD
4.143406631538383 0.9379263877849953 62.628714831139256
val isze = 0
idinces = [ 3  7 11  6  8  2 12  5 10  1  0  4  9]
training loss = 3.9922313690185547 500
training loss = 2.9617109298706055 1000
training loss = 2.6332054138183594 1500
training loss = 2.3912734985351562 2000
training loss = 2.2473409175872803 2500
training loss = 2.156960964202881 3000
training loss = 2.070458173751831 3500
training loss = 1.983134150505066 4000
training loss = 1.8991401195526123 4500
training loss = 1.8214974403381348 5000
reduced chi^2 level 2 = 1.8213499784469604
Constrained alpha: 3.7119922637939453
Constrained beta: 1.4890865087509155
Constrained gamma: 62.03196716308594
=======
3.007752353420347 10.280647885145955 68.33376944279316
val isze = 0
idinces = [ 8  5  3  7  0  2  1 11  9 10  4 12  6]
training loss = 1.0129244327545166 500
training loss = 0.9333450794219971 1000
training loss = 0.9132643342018127 1500
reduced chi^2 level 2 = 0.9153810739517212
Constrained alpha: 2.725473403930664
Constrained beta: 3.1665737628936768
Constrained gamma: 25.36563491821289
>>>>>>> bf5bffb69ec4a318117f0a4aa6bdaab926d87e87
(1, 13)
(1, 0)
data before
[0.00000000e+00 0.00000000e+00 0.00000000e+00 0.00000000e+00
 0.00000000e+00 0.00000000e+00 0.00000000e+00 0.00000000e+00
 0.00000000e+00 0.00000000e+00 0.00000000e+00 0.00000000e+00
 0.00000000e+00 0.00000000e+00 0.00000000e+00 0.00000000e+00
 0.00000000e+00 0.00000000e+00 0.00000000e+00 0.00000000e+00
 1.76041679e+01 2.04602615e+01 2.29570830e+01 2.53828314e+01
 2.74852922e+01 2.83515473e+01 2.84100336e+01 2.73032096e+01
 2.46808199e+01 2.10725834e+01 1.69763294e+01 1.31516718e+01
 9.94329206e+00 6.69389711e+00 3.72720453e+00 1.50431580e+00
 4.38242302e-01 8.98330607e-02 1.47577518e-04 0.00000000e+00
 0.00000000e+00]
6
data after
[38.06442943751097, 22.957083011995554, 25.38283143222332, 27.48529218137294, 28.351547319555284, 28.410033566919566, 27.3032096197243, 24.680819915531277, 21.072583399398923, 30.12800121620521, 22.39693244445426]
12
data,sig_tot
[38.06442944 22.95708301 25.38283143 27.48529218 28.35154732 28.41003357
 27.30320962 24.68081992 21.0725834  30.12800122 22.39693244 20.99955746
 44.8865232 ]
[38.06442944 22.95708301 25.38283143 27.48529218 28.35154732 28.41003357
 27.30320962 24.68081992 21.0725834  30.12800122 22.39693244 20.99955746
 44.8865232 ]
<<<<<<< HEAD
4.143406631538383 0.9379263877849953 62.628714831139256
val isze = 0
idinces = [ 3  7 11  6  8  2 12  5 10  1  0  4  9]
training loss = 7.7171406745910645 500
training loss = 3.584120035171509 1000
training loss = 3.113583564758301 1500
training loss = 2.769979238510132 2000
training loss = 2.483855724334717 2500
training loss = 2.3021154403686523 3000
training loss = 2.193446636199951 3500
training loss = 2.091843366622925 4000
training loss = 1.9809902906417847 4500
training loss = 1.861951470375061 5000
reduced chi^2 level 2 = 1.8617024421691895
Constrained alpha: 3.727346181869507
Constrained beta: 1.3971138000488281
Constrained gamma: 62.086788177490234
=======
2.781558276832579 3.6962621120437578 71.2929784347294
val isze = 0
idinces = [10 12  5  6  0  8  4  1  2  7  9 11  3]
training loss = 2.4220197200775146 500
training loss = 2.3864829540252686 1000
training loss = 2.356879711151123 1500
training loss = 2.341447114944458 2000
training loss = 2.3382222652435303 2500
reduced chi^2 level 2 = 2.339102268218994
Constrained alpha: 2.9315290451049805
Constrained beta: 2.3843672275543213
Constrained gamma: 15.66765022277832
>>>>>>> bf5bffb69ec4a318117f0a4aa6bdaab926d87e87
(1, 13)
(1, 0)
data before
[0.00000000e+00 0.00000000e+00 0.00000000e+00 0.00000000e+00
 0.00000000e+00 0.00000000e+00 0.00000000e+00 0.00000000e+00
 0.00000000e+00 0.00000000e+00 0.00000000e+00 0.00000000e+00
 0.00000000e+00 0.00000000e+00 0.00000000e+00 0.00000000e+00
 0.00000000e+00 0.00000000e+00 0.00000000e+00 0.00000000e+00
 1.76041679e+01 2.04602615e+01 2.29570830e+01 2.53828314e+01
 2.74852922e+01 2.83515473e+01 2.84100336e+01 2.73032096e+01
 2.46808199e+01 2.10725834e+01 1.69763294e+01 1.31516718e+01
 9.94329206e+00 6.69389711e+00 3.72720453e+00 1.50431580e+00
 4.38242302e-01 8.98330607e-02 1.47577518e-04 0.00000000e+00
 0.00000000e+00]
6
data after
[38.06442943751097, 22.957083011995554, 25.38283143222332, 27.48529218137294, 28.351547319555284, 28.410033566919566, 27.3032096197243, 24.680819915531277, 21.072583399398923, 30.12800121620521, 22.39693244445426]
12
data,sig_tot
[38.06442944 22.95708301 25.38283143 27.48529218 28.35154732 28.41003357
 27.30320962 24.68081992 21.0725834  30.12800122 22.39693244 20.99955746
 44.8865232 ]
[38.06442944 22.95708301 25.38283143 27.48529218 28.35154732 28.41003357
 27.30320962 24.68081992 21.0725834  30.12800122 22.39693244 20.99955746
 44.8865232 ]
<<<<<<< HEAD
4.143406631538383 0.9379263877849953 62.628714831139256
val isze = 0
idinces = [ 3  7 11  6  8  2 12  5 10  1  0  4  9]
training loss = 4.935423851013184 500
training loss = 4.086529731750488 1000
training loss = 3.2410359382629395 1500
training loss = 2.760678291320801 2000
training loss = 2.5535707473754883 2500
training loss = 2.4519598484039307 3000
training loss = 2.403127670288086 3500
training loss = 2.3709537982940674 4000
training loss = 2.333566188812256 4500
training loss = 2.281113386154175 5000
reduced chi^2 level 2 = 2.2809910774230957
Constrained alpha: 3.701744318008423
Constrained beta: 1.4103453159332275
Constrained gamma: 62.148441314697266
=======
4.957878772774864 11.212768623630577 31.491584232474402
val isze = 0
idinces = [ 5  0  3  2 12 10  6  9  4 11  8  1  7]
training loss = 73.48481750488281 500
training loss = 36.35108947753906 1000
training loss = 30.79953384399414 1500
training loss = 29.212055206298828 2000
training loss = 28.460641860961914 2500
training loss = 27.824745178222656 3000
training loss = 27.040739059448242 3500
training loss = 26.010461807250977 4000
training loss = 24.856515884399414 4500
training loss = 23.913663864135742 5000
>>>>>>> bf5bffb69ec4a318117f0a4aa6bdaab926d87e87
(1, 13)
(1, 0)
data before
[0.00000000e+00 0.00000000e+00 0.00000000e+00 0.00000000e+00
 0.00000000e+00 0.00000000e+00 0.00000000e+00 0.00000000e+00
 0.00000000e+00 0.00000000e+00 0.00000000e+00 0.00000000e+00
 0.00000000e+00 0.00000000e+00 0.00000000e+00 0.00000000e+00
 0.00000000e+00 0.00000000e+00 0.00000000e+00 0.00000000e+00
 1.76041679e+01 2.04602615e+01 2.29570830e+01 2.53828314e+01
 2.74852922e+01 2.83515473e+01 2.84100336e+01 2.73032096e+01
 2.46808199e+01 2.10725834e+01 1.69763294e+01 1.31516718e+01
 9.94329206e+00 6.69389711e+00 3.72720453e+00 1.50431580e+00
 4.38242302e-01 8.98330607e-02 1.47577518e-04 0.00000000e+00
 0.00000000e+00]
6
data after
[38.06442943751097, 22.957083011995554, 25.38283143222332, 27.48529218137294, 28.351547319555284, 28.410033566919566, 27.3032096197243, 24.680819915531277, 21.072583399398923, 30.12800121620521, 22.39693244445426]
12
data,sig_tot
[38.06442944 22.95708301 25.38283143 27.48529218 28.35154732 28.41003357
 27.30320962 24.68081992 21.0725834  30.12800122 22.39693244 20.99955746
 44.8865232 ]
[38.06442944 22.95708301 25.38283143 27.48529218 28.35154732 28.41003357
 27.30320962 24.68081992 21.0725834  30.12800122 22.39693244 20.99955746
 44.8865232 ]
<<<<<<< HEAD
4.143406631538383 0.9379263877849953 62.628714831139256
val isze = 0
idinces = [ 3  7 11  6  8  2 12  5 10  1  0  4  9]
training loss = 13.993351936340332 500
training loss = 4.901453495025635 1000
training loss = 3.0249946117401123 1500
training loss = 2.4827213287353516 2000
training loss = 2.249068021774292 2500
training loss = 2.1277008056640625 3000
training loss = 2.031236171722412 3500
training loss = 1.9434138536453247 4000
training loss = 1.8653515577316284 4500
training loss = 1.7982960939407349 5000
reduced chi^2 level 2 = 1.798173189163208
Constrained alpha: 3.748009204864502
Constrained beta: 1.388386845588684
Constrained gamma: 62.144927978515625
=======
1.4644623255642348 8.87286715664887 95.66219331608204
val isze = 0
idinces = [11  3  9  2 12  8  1  5  7  4  0  6 10]
training loss = 1.2792401313781738 500
training loss = 1.1738839149475098 1000
reduced chi^2 level 2 = 1.177598476409912
Constrained alpha: 2.683579683303833
Constrained beta: 4.130911827087402
Constrained gamma: 61.84163284301758
>>>>>>> bf5bffb69ec4a318117f0a4aa6bdaab926d87e87
(1, 13)
(1, 0)
data before
[0.00000000e+00 0.00000000e+00 0.00000000e+00 0.00000000e+00
 0.00000000e+00 0.00000000e+00 0.00000000e+00 0.00000000e+00
 0.00000000e+00 0.00000000e+00 0.00000000e+00 0.00000000e+00
 0.00000000e+00 0.00000000e+00 0.00000000e+00 0.00000000e+00
 0.00000000e+00 0.00000000e+00 0.00000000e+00 0.00000000e+00
 1.76041679e+01 2.04602615e+01 2.29570830e+01 2.53828314e+01
 2.74852922e+01 2.83515473e+01 2.84100336e+01 2.73032096e+01
 2.46808199e+01 2.10725834e+01 1.69763294e+01 1.31516718e+01
 9.94329206e+00 6.69389711e+00 3.72720453e+00 1.50431580e+00
 4.38242302e-01 8.98330607e-02 1.47577518e-04 0.00000000e+00
 0.00000000e+00]
6
data after
[38.06442943751097, 22.957083011995554, 25.38283143222332, 27.48529218137294, 28.351547319555284, 28.410033566919566, 27.3032096197243, 24.680819915531277, 21.072583399398923, 30.12800121620521, 22.39693244445426]
12
data,sig_tot
[38.06442944 22.95708301 25.38283143 27.48529218 28.35154732 28.41003357
 27.30320962 24.68081992 21.0725834  30.12800122 22.39693244 20.99955746
 44.8865232 ]
[38.06442944 22.95708301 25.38283143 27.48529218 28.35154732 28.41003357
 27.30320962 24.68081992 21.0725834  30.12800122 22.39693244 20.99955746
 44.8865232 ]
<<<<<<< HEAD
4.143406631538383 0.9379263877849953 62.628714831139256
val isze = 0
idinces = [ 3  7 11  6  8  2 12  5 10  1  0  4  9]
training loss = 4.286952018737793 500
training loss = 3.420625686645508 1000
training loss = 3.251723289489746 1500
training loss = 3.063035011291504 2000
training loss = 2.8199660778045654 2500
training loss = 2.531797170639038 3000
training loss = 2.280284881591797 3500
training loss = 2.141254425048828 4000
training loss = 2.0486340522766113 4500
training loss = 1.9557918310165405 5000
reduced chi^2 level 2 = 1.9556043148040771
Constrained alpha: 3.6994247436523438
Constrained beta: 1.3488843441009521
Constrained gamma: 62.102699279785156
=======
2.8110982684746744 11.937339975116041 11.318331847717712
val isze = 0
idinces = [11 12 10  4  0  2  7  1  3  5  6  9  8]
training loss = 0.8056487441062927 500
training loss = 0.6038589477539062 1000
reduced chi^2 level 2 = 0.6052461266517639
Constrained alpha: 3.0711617469787598
Constrained beta: 1.988959550857544
Constrained gamma: 2.0997304916381836
>>>>>>> bf5bffb69ec4a318117f0a4aa6bdaab926d87e87
(1, 13)
(1, 0)
data before
[0.00000000e+00 0.00000000e+00 0.00000000e+00 0.00000000e+00
 0.00000000e+00 0.00000000e+00 0.00000000e+00 0.00000000e+00
 0.00000000e+00 0.00000000e+00 0.00000000e+00 0.00000000e+00
 0.00000000e+00 0.00000000e+00 0.00000000e+00 0.00000000e+00
 0.00000000e+00 0.00000000e+00 0.00000000e+00 0.00000000e+00
 1.76041679e+01 2.04602615e+01 2.29570830e+01 2.53828314e+01
 2.74852922e+01 2.83515473e+01 2.84100336e+01 2.73032096e+01
 2.46808199e+01 2.10725834e+01 1.69763294e+01 1.31516718e+01
 9.94329206e+00 6.69389711e+00 3.72720453e+00 1.50431580e+00
 4.38242302e-01 8.98330607e-02 1.47577518e-04 0.00000000e+00
 0.00000000e+00]
6
data after
[38.06442943751097, 22.957083011995554, 25.38283143222332, 27.48529218137294, 28.351547319555284, 28.410033566919566, 27.3032096197243, 24.680819915531277, 21.072583399398923, 30.12800121620521, 22.39693244445426]
12
data,sig_tot
[38.06442944 22.95708301 25.38283143 27.48529218 28.35154732 28.41003357
 27.30320962 24.68081992 21.0725834  30.12800122 22.39693244 20.99955746
 44.8865232 ]
[38.06442944 22.95708301 25.38283143 27.48529218 28.35154732 28.41003357
 27.30320962 24.68081992 21.0725834  30.12800122 22.39693244 20.99955746
 44.8865232 ]
<<<<<<< HEAD
4.143406631538383 0.9379263877849953 62.628714831139256
val isze = 0
idinces = [ 3  7 11  6  8  2 12  5 10  1  0  4  9]
training loss = 6.159536838531494 500
training loss = 4.100382328033447 1000
training loss = 3.7290987968444824 1500
training loss = 3.630974531173706 2000
training loss = 3.559575080871582 2500
training loss = 3.473506212234497 3000
training loss = 3.364741325378418 3500
training loss = 3.2297258377075195 4000
training loss = 3.0674867630004883 4500
training loss = 2.8836588859558105 5000
=======
4.5787308455124895 16.169037399801255 78.31035869943682
val isze = 0
idinces = [ 3  4  9  1  8  5 12  6 10 11  0  2  7]
>>>>>>> bf5bffb69ec4a318117f0a4aa6bdaab926d87e87
(1, 13)
(1, 0)
data before
[0.00000000e+00 0.00000000e+00 0.00000000e+00 0.00000000e+00
 0.00000000e+00 0.00000000e+00 0.00000000e+00 0.00000000e+00
 0.00000000e+00 0.00000000e+00 0.00000000e+00 0.00000000e+00
 0.00000000e+00 0.00000000e+00 0.00000000e+00 0.00000000e+00
 0.00000000e+00 0.00000000e+00 0.00000000e+00 0.00000000e+00
 1.76041679e+01 2.04602615e+01 2.29570830e+01 2.53828314e+01
 2.74852922e+01 2.83515473e+01 2.84100336e+01 2.73032096e+01
 2.46808199e+01 2.10725834e+01 1.69763294e+01 1.31516718e+01
 9.94329206e+00 6.69389711e+00 3.72720453e+00 1.50431580e+00
 4.38242302e-01 8.98330607e-02 1.47577518e-04 0.00000000e+00
 0.00000000e+00]
6
data after
[38.06442943751097, 22.957083011995554, 25.38283143222332, 27.48529218137294, 28.351547319555284, 28.410033566919566, 27.3032096197243, 24.680819915531277, 21.072583399398923, 30.12800121620521, 22.39693244445426]
12
data,sig_tot
[38.06442944 22.95708301 25.38283143 27.48529218 28.35154732 28.41003357
 27.30320962 24.68081992 21.0725834  30.12800122 22.39693244 20.99955746
 44.8865232 ]
[38.06442944 22.95708301 25.38283143 27.48529218 28.35154732 28.41003357
 27.30320962 24.68081992 21.0725834  30.12800122 22.39693244 20.99955746
 44.8865232 ]
<<<<<<< HEAD
4.143406631538383 0.9379263877849953 62.628714831139256
val isze = 0
idinces = [ 3  7 11  6  8  2 12  5 10  1  0  4  9]
=======
0.25678287397689126 13.67384552573097 37.794754011292575
val isze = 0
idinces = [ 3  2  8  4 11 12 10  1  9  6  0  5  7]
training loss = 1.4904314279556274 500
training loss = 0.8723855018615723 1000
reduced chi^2 level 2 = 0.8595401048660278
Constrained alpha: 2.8739449977874756
Constrained beta: 2.8530571460723877
Constrained gamma: 7.350202560424805
>>>>>>> bf5bffb69ec4a318117f0a4aa6bdaab926d87e87
(1, 13)
(1, 0)
data before
[0.00000000e+00 0.00000000e+00 0.00000000e+00 0.00000000e+00
 0.00000000e+00 0.00000000e+00 0.00000000e+00 0.00000000e+00
 0.00000000e+00 0.00000000e+00 0.00000000e+00 0.00000000e+00
 0.00000000e+00 0.00000000e+00 0.00000000e+00 0.00000000e+00
 0.00000000e+00 0.00000000e+00 0.00000000e+00 0.00000000e+00
 1.76041679e+01 2.04602615e+01 2.29570830e+01 2.53828314e+01
 2.74852922e+01 2.83515473e+01 2.84100336e+01 2.73032096e+01
 2.46808199e+01 2.10725834e+01 1.69763294e+01 1.31516718e+01
 9.94329206e+00 6.69389711e+00 3.72720453e+00 1.50431580e+00
 4.38242302e-01 8.98330607e-02 1.47577518e-04 0.00000000e+00
 0.00000000e+00]
6
data after
[38.06442943751097, 22.957083011995554, 25.38283143222332, 27.48529218137294, 28.351547319555284, 28.410033566919566, 27.3032096197243, 24.680819915531277, 21.072583399398923, 30.12800121620521, 22.39693244445426]
12
data,sig_tot
[38.06442944 22.95708301 25.38283143 27.48529218 28.35154732 28.41003357
 27.30320962 24.68081992 21.0725834  30.12800122 22.39693244 20.99955746
 44.8865232 ]
[38.06442944 22.95708301 25.38283143 27.48529218 28.35154732 28.41003357
 27.30320962 24.68081992 21.0725834  30.12800122 22.39693244 20.99955746
 44.8865232 ]
<<<<<<< HEAD
4.143406631538383 0.9379263877849953 62.628714831139256
val isze = 0
idinces = [ 3  7 11  6  8  2 12  5 10  1  0  4  9]
=======
0.49825980464311415 7.456247908315053 29.685363380352868
val isze = 0
idinces = [ 0  1 10  2  7  4  8  3  9 12  5  6 11]
training loss = 1.240557074546814 500
training loss = 0.8729745745658875 1000
reduced chi^2 level 2 = 0.8732728362083435
Constrained alpha: 3.0309391021728516
Constrained beta: 2.2079854011535645
Constrained gamma: 4.402824878692627
>>>>>>> bf5bffb69ec4a318117f0a4aa6bdaab926d87e87
(1, 13)
(1, 0)
data before
[0.00000000e+00 0.00000000e+00 0.00000000e+00 0.00000000e+00
 0.00000000e+00 0.00000000e+00 0.00000000e+00 0.00000000e+00
 0.00000000e+00 0.00000000e+00 0.00000000e+00 0.00000000e+00
 0.00000000e+00 0.00000000e+00 0.00000000e+00 0.00000000e+00
 0.00000000e+00 0.00000000e+00 0.00000000e+00 0.00000000e+00
 1.76041679e+01 2.04602615e+01 2.29570830e+01 2.53828314e+01
 2.74852922e+01 2.83515473e+01 2.84100336e+01 2.73032096e+01
 2.46808199e+01 2.10725834e+01 1.69763294e+01 1.31516718e+01
 9.94329206e+00 6.69389711e+00 3.72720453e+00 1.50431580e+00
 4.38242302e-01 8.98330607e-02 1.47577518e-04 0.00000000e+00
 0.00000000e+00]
6
data after
[38.06442943751097, 22.957083011995554, 25.38283143222332, 27.48529218137294, 28.351547319555284, 28.410033566919566, 27.3032096197243, 24.680819915531277, 21.072583399398923, 30.12800121620521, 22.39693244445426]
12
data,sig_tot
[38.06442944 22.95708301 25.38283143 27.48529218 28.35154732 28.41003357
 27.30320962 24.68081992 21.0725834  30.12800122 22.39693244 20.99955746
 44.8865232 ]
[38.06442944 22.95708301 25.38283143 27.48529218 28.35154732 28.41003357
 27.30320962 24.68081992 21.0725834  30.12800122 22.39693244 20.99955746
 44.8865232 ]
<<<<<<< HEAD
4.143406631538383 0.9379263877849953 62.628714831139256
val isze = 0
idinces = [ 3  7 11  6  8  2 12  5 10  1  0  4  9]
training loss = 4.822347640991211 500
training loss = 4.164212226867676 1000
training loss = 3.736776113510132 1500
training loss = 3.3644440174102783 2000
training loss = 3.0201590061187744 2500
training loss = 2.7493879795074463 3000
training loss = 2.5831117630004883 3500
training loss = 2.5102386474609375 4000
training loss = 2.4833977222442627 4500
training loss = 2.46549654006958 5000
reduced chi^2 level 2 = 2.465458631515503
Constrained alpha: 3.6880316734313965
Constrained beta: 1.3561207056045532
Constrained gamma: 62.13077926635742
=======
1.262915408582369 19.306643613148054 93.42465418090103
val isze = 0
idinces = [ 1  3  6 11  5  9  2  8 10 12  0  4  7]
training loss = 2.8497986793518066 500
training loss = 2.1777844429016113 1000
training loss = 2.13118577003479 1500
reduced chi^2 level 2 = 2.1315712928771973
Constrained alpha: 2.878033399581909
Constrained beta: 3.6926627159118652
Constrained gamma: 52.09931945800781
>>>>>>> bf5bffb69ec4a318117f0a4aa6bdaab926d87e87
(1, 13)
(1, 0)
data before
[0.00000000e+00 0.00000000e+00 0.00000000e+00 0.00000000e+00
 0.00000000e+00 0.00000000e+00 0.00000000e+00 0.00000000e+00
 0.00000000e+00 0.00000000e+00 0.00000000e+00 0.00000000e+00
 0.00000000e+00 0.00000000e+00 0.00000000e+00 0.00000000e+00
 0.00000000e+00 0.00000000e+00 0.00000000e+00 0.00000000e+00
 1.76041679e+01 2.04602615e+01 2.29570830e+01 2.53828314e+01
 2.74852922e+01 2.83515473e+01 2.84100336e+01 2.73032096e+01
 2.46808199e+01 2.10725834e+01 1.69763294e+01 1.31516718e+01
 9.94329206e+00 6.69389711e+00 3.72720453e+00 1.50431580e+00
 4.38242302e-01 8.98330607e-02 1.47577518e-04 0.00000000e+00
 0.00000000e+00]
6
data after
[38.06442943751097, 22.957083011995554, 25.38283143222332, 27.48529218137294, 28.351547319555284, 28.410033566919566, 27.3032096197243, 24.680819915531277, 21.072583399398923, 30.12800121620521, 22.39693244445426]
12
data,sig_tot
[38.06442944 22.95708301 25.38283143 27.48529218 28.35154732 28.41003357
 27.30320962 24.68081992 21.0725834  30.12800122 22.39693244 20.99955746
 44.8865232 ]
[38.06442944 22.95708301 25.38283143 27.48529218 28.35154732 28.41003357
 27.30320962 24.68081992 21.0725834  30.12800122 22.39693244 20.99955746
 44.8865232 ]
<<<<<<< HEAD
4.143406631538383 0.9379263877849953 62.628714831139256
val isze = 0
idinces = [ 3  7 11  6  8  2 12  5 10  1  0  4  9]
training loss = 3.947242498397827 500
training loss = 2.8999111652374268 1000
training loss = 2.4986026287078857 1500
training loss = 2.314000129699707 2000
training loss = 2.2295687198638916 2500
training loss = 2.1524014472961426 3000
training loss = 2.0644872188568115 3500
training loss = 1.9634696245193481 4000
training loss = 1.8404403924942017 4500
training loss = 1.7021894454956055 5000
reduced chi^2 level 2 = 1.7019413709640503
Constrained alpha: 3.678941488265991
Constrained beta: 1.4690245389938354
Constrained gamma: 62.08006286621094
=======
0.657644478093774 2.3253250947645987 68.61485494200149
val isze = 0
idinces = [11  1  2  8  7  6  9  4  0  5  3 12 10]
reduced chi^2 level 2 = 1.2030222415924072
Constrained alpha: 2.6838223934173584
Constrained beta: 3.729109764099121
Constrained gamma: 56.58884811401367
>>>>>>> bf5bffb69ec4a318117f0a4aa6bdaab926d87e87
(1, 13)
(1, 0)
data before
[0.00000000e+00 0.00000000e+00 0.00000000e+00 0.00000000e+00
 0.00000000e+00 0.00000000e+00 0.00000000e+00 0.00000000e+00
 0.00000000e+00 0.00000000e+00 0.00000000e+00 0.00000000e+00
 0.00000000e+00 0.00000000e+00 0.00000000e+00 0.00000000e+00
 0.00000000e+00 0.00000000e+00 0.00000000e+00 0.00000000e+00
 1.76041679e+01 2.04602615e+01 2.29570830e+01 2.53828314e+01
 2.74852922e+01 2.83515473e+01 2.84100336e+01 2.73032096e+01
 2.46808199e+01 2.10725834e+01 1.69763294e+01 1.31516718e+01
 9.94329206e+00 6.69389711e+00 3.72720453e+00 1.50431580e+00
 4.38242302e-01 8.98330607e-02 1.47577518e-04 0.00000000e+00
 0.00000000e+00]
6
data after
[38.06442943751097, 22.957083011995554, 25.38283143222332, 27.48529218137294, 28.351547319555284, 28.410033566919566, 27.3032096197243, 24.680819915531277, 21.072583399398923, 30.12800121620521, 22.39693244445426]
12
data,sig_tot
[38.06442944 22.95708301 25.38283143 27.48529218 28.35154732 28.41003357
 27.30320962 24.68081992 21.0725834  30.12800122 22.39693244 20.99955746
 44.8865232 ]
[38.06442944 22.95708301 25.38283143 27.48529218 28.35154732 28.41003357
 27.30320962 24.68081992 21.0725834  30.12800122 22.39693244 20.99955746
 44.8865232 ]
<<<<<<< HEAD
4.143406631538383 0.9379263877849953 62.628714831139256
val isze = 0
idinces = [ 3  7 11  6  8  2 12  5 10  1  0  4  9]
training loss = 7.779635906219482 500
training loss = 3.0300302505493164 1000
training loss = 2.5294137001037598 1500
training loss = 2.3677480220794678 2000
training loss = 2.2949442863464355 2500
training loss = 2.238675832748413 3000
training loss = 2.169590473175049 3500
training loss = 2.083345890045166 4000
training loss = 1.9859120845794678 4500
training loss = 1.8848998546600342 5000
reduced chi^2 level 2 = 1.8846983909606934
Constrained alpha: 3.7125494480133057
Constrained beta: 1.5038565397262573
Constrained gamma: 62.071006774902344
=======
1.4859630916184596 4.561058720649276 53.83133584316202
val isze = 0
idinces = [ 3 11  5 12  7  9  6  0  1 10  8  2  4]
training loss = 1.06100332736969 500
training loss = 1.0093867778778076 1000
reduced chi^2 level 2 = 1.0107074975967407
Constrained alpha: 3.023252248764038
Constrained beta: 2.8168959617614746
Constrained gamma: 21.6013240814209
(1, 13)
(1, 0)
data before
[0.00000000e+00 0.00000000e+00 0.00000000e+00 0.00000000e+00
 0.00000000e+00 0.00000000e+00 0.00000000e+00 0.00000000e+00
 0.00000000e+00 0.00000000e+00 0.00000000e+00 0.00000000e+00
 0.00000000e+00 0.00000000e+00 0.00000000e+00 0.00000000e+00
 0.00000000e+00 0.00000000e+00 0.00000000e+00 0.00000000e+00
 1.76041679e+01 2.04602615e+01 2.29570830e+01 2.53828314e+01
 2.74852922e+01 2.83515473e+01 2.84100336e+01 2.73032096e+01
 2.46808199e+01 2.10725834e+01 1.69763294e+01 1.31516718e+01
 9.94329206e+00 6.69389711e+00 3.72720453e+00 1.50431580e+00
 4.38242302e-01 8.98330607e-02 1.47577518e-04 0.00000000e+00
 0.00000000e+00]
6
data after
[38.06442943751097, 22.957083011995554, 25.38283143222332, 27.48529218137294, 28.351547319555284, 28.410033566919566, 27.3032096197243, 24.680819915531277, 21.072583399398923, 30.12800121620521, 22.39693244445426]
12
data,sig_tot
[38.06442944 22.95708301 25.38283143 27.48529218 28.35154732 28.41003357
 27.30320962 24.68081992 21.0725834  30.12800122 22.39693244 20.99955746
 44.8865232 ]
[38.06442944 22.95708301 25.38283143 27.48529218 28.35154732 28.41003357
 27.30320962 24.68081992 21.0725834  30.12800122 22.39693244 20.99955746
 44.8865232 ]
3.1606184587346093 8.143080850086388 4.393145285104804
val isze = 0
idinces = [ 8 12  4  3  2  7  6  5 10  9 11  1  0]
reduced chi^2 level 2 = 0.44837090373039246
Constrained alpha: 2.5197055339813232
Constrained beta: 4.198349952697754
Constrained gamma: 4.080047607421875
(1, 13)
(1, 0)
data before
[0.00000000e+00 0.00000000e+00 0.00000000e+00 0.00000000e+00
 0.00000000e+00 0.00000000e+00 0.00000000e+00 0.00000000e+00
 0.00000000e+00 0.00000000e+00 0.00000000e+00 0.00000000e+00
 0.00000000e+00 0.00000000e+00 0.00000000e+00 0.00000000e+00
 0.00000000e+00 0.00000000e+00 0.00000000e+00 0.00000000e+00
 1.76041679e+01 2.04602615e+01 2.29570830e+01 2.53828314e+01
 2.74852922e+01 2.83515473e+01 2.84100336e+01 2.73032096e+01
 2.46808199e+01 2.10725834e+01 1.69763294e+01 1.31516718e+01
 9.94329206e+00 6.69389711e+00 3.72720453e+00 1.50431580e+00
 4.38242302e-01 8.98330607e-02 1.47577518e-04 0.00000000e+00
 0.00000000e+00]
6
data after
[38.06442943751097, 22.957083011995554, 25.38283143222332, 27.48529218137294, 28.351547319555284, 28.410033566919566, 27.3032096197243, 24.680819915531277, 21.072583399398923, 30.12800121620521, 22.39693244445426]
12
data,sig_tot
[38.06442944 22.95708301 25.38283143 27.48529218 28.35154732 28.41003357
 27.30320962 24.68081992 21.0725834  30.12800122 22.39693244 20.99955746
 44.8865232 ]
[38.06442944 22.95708301 25.38283143 27.48529218 28.35154732 28.41003357
 27.30320962 24.68081992 21.0725834  30.12800122 22.39693244 20.99955746
 44.8865232 ]
3.1406311125557353 16.258698263460705 73.57741690899404
val isze = 0
idinces = [ 5  3  2  9  8  6  4  7 11  0 12  1 10]
training loss = 0.9294340014457703 500
reduced chi^2 level 2 = 0.9339948296546936
Constrained alpha: 2.873845100402832
Constrained beta: 6.547666072845459
Constrained gamma: 47.51689529418945
(1, 13)
(1, 0)
data before
[0.00000000e+00 0.00000000e+00 0.00000000e+00 0.00000000e+00
 0.00000000e+00 0.00000000e+00 0.00000000e+00 0.00000000e+00
 0.00000000e+00 0.00000000e+00 0.00000000e+00 0.00000000e+00
 0.00000000e+00 0.00000000e+00 0.00000000e+00 0.00000000e+00
 0.00000000e+00 0.00000000e+00 0.00000000e+00 0.00000000e+00
 1.76041679e+01 2.04602615e+01 2.29570830e+01 2.53828314e+01
 2.74852922e+01 2.83515473e+01 2.84100336e+01 2.73032096e+01
 2.46808199e+01 2.10725834e+01 1.69763294e+01 1.31516718e+01
 9.94329206e+00 6.69389711e+00 3.72720453e+00 1.50431580e+00
 4.38242302e-01 8.98330607e-02 1.47577518e-04 0.00000000e+00
 0.00000000e+00]
6
data after
[38.06442943751097, 22.957083011995554, 25.38283143222332, 27.48529218137294, 28.351547319555284, 28.410033566919566, 27.3032096197243, 24.680819915531277, 21.072583399398923, 30.12800121620521, 22.39693244445426]
12
data,sig_tot
[38.06442944 22.95708301 25.38283143 27.48529218 28.35154732 28.41003357
 27.30320962 24.68081992 21.0725834  30.12800122 22.39693244 20.99955746
 44.8865232 ]
[38.06442944 22.95708301 25.38283143 27.48529218 28.35154732 28.41003357
 27.30320962 24.68081992 21.0725834  30.12800122 22.39693244 20.99955746
 44.8865232 ]
4.565356697173277 3.973265204281915 77.89734708793857
val isze = 0
idinces = [ 2  1  3  7 10  5  8  0  9  4  6 11 12]
training loss = 20.884923934936523 500
training loss = 11.376041412353516 1000
training loss = 10.687726974487305 1500
training loss = 10.389434814453125 2000
training loss = 10.125175476074219 2500
training loss = 9.888167381286621 3000
training loss = 9.666753768920898 3500
training loss = 9.441393852233887 4000
training loss = 9.1832275390625 4500
training loss = 8.85810375213623 5000
(1, 13)
(1, 0)
data before
[0.00000000e+00 0.00000000e+00 0.00000000e+00 0.00000000e+00
 0.00000000e+00 0.00000000e+00 0.00000000e+00 0.00000000e+00
 0.00000000e+00 0.00000000e+00 0.00000000e+00 0.00000000e+00
 0.00000000e+00 0.00000000e+00 0.00000000e+00 0.00000000e+00
 0.00000000e+00 0.00000000e+00 0.00000000e+00 0.00000000e+00
 1.76041679e+01 2.04602615e+01 2.29570830e+01 2.53828314e+01
 2.74852922e+01 2.83515473e+01 2.84100336e+01 2.73032096e+01
 2.46808199e+01 2.10725834e+01 1.69763294e+01 1.31516718e+01
 9.94329206e+00 6.69389711e+00 3.72720453e+00 1.50431580e+00
 4.38242302e-01 8.98330607e-02 1.47577518e-04 0.00000000e+00
 0.00000000e+00]
6
data after
[38.06442943751097, 22.957083011995554, 25.38283143222332, 27.48529218137294, 28.351547319555284, 28.410033566919566, 27.3032096197243, 24.680819915531277, 21.072583399398923, 30.12800121620521, 22.39693244445426]
12
data,sig_tot
[38.06442944 22.95708301 25.38283143 27.48529218 28.35154732 28.41003357
 27.30320962 24.68081992 21.0725834  30.12800122 22.39693244 20.99955746
 44.8865232 ]
[38.06442944 22.95708301 25.38283143 27.48529218 28.35154732 28.41003357
 27.30320962 24.68081992 21.0725834  30.12800122 22.39693244 20.99955746
 44.8865232 ]
1.521385461466755 10.38140097834826 47.49505848556645
val isze = 0
idinces = [ 6  0  4 11  7  8 12  3  2  1  5 10  9]
training loss = 0.54189133644104 500
training loss = 0.46064597368240356 1000
reduced chi^2 level 2 = 0.4665924906730652
Constrained alpha: 2.5114963054656982
Constrained beta: 4.145627975463867
Constrained gamma: 18.056535720825195
(1, 13)
(1, 0)
data before
[0.00000000e+00 0.00000000e+00 0.00000000e+00 0.00000000e+00
 0.00000000e+00 0.00000000e+00 0.00000000e+00 0.00000000e+00
 0.00000000e+00 0.00000000e+00 0.00000000e+00 0.00000000e+00
 0.00000000e+00 0.00000000e+00 0.00000000e+00 0.00000000e+00
 0.00000000e+00 0.00000000e+00 0.00000000e+00 0.00000000e+00
 1.76041679e+01 2.04602615e+01 2.29570830e+01 2.53828314e+01
 2.74852922e+01 2.83515473e+01 2.84100336e+01 2.73032096e+01
 2.46808199e+01 2.10725834e+01 1.69763294e+01 1.31516718e+01
 9.94329206e+00 6.69389711e+00 3.72720453e+00 1.50431580e+00
 4.38242302e-01 8.98330607e-02 1.47577518e-04 0.00000000e+00
 0.00000000e+00]
6
data after
[38.06442943751097, 22.957083011995554, 25.38283143222332, 27.48529218137294, 28.351547319555284, 28.410033566919566, 27.3032096197243, 24.680819915531277, 21.072583399398923, 30.12800121620521, 22.39693244445426]
12
data,sig_tot
[38.06442944 22.95708301 25.38283143 27.48529218 28.35154732 28.41003357
 27.30320962 24.68081992 21.0725834  30.12800122 22.39693244 20.99955746
 44.8865232 ]
[38.06442944 22.95708301 25.38283143 27.48529218 28.35154732 28.41003357
 27.30320962 24.68081992 21.0725834  30.12800122 22.39693244 20.99955746
 44.8865232 ]
2.704249498725857 0.9806171363992666 66.89760035000916
val isze = 0
idinces = [ 6  0  3 10  4 11  9  1  7  2  5 12  8]
training loss = 0.6250488758087158 500
training loss = 0.6218908429145813 1000
training loss = 0.6175791025161743 1500
training loss = 0.6076539158821106 2000
training loss = 0.5776857733726501 2500
training loss = 0.5218296051025391 3000
training loss = 0.5067406892776489 3500
training loss = 0.5049440264701843 4000
training loss = 0.5046221613883972 4500
training loss = 0.5042568445205688 5000
reduced chi^2 level 2 = 0.5042561292648315
Constrained alpha: 3.105994701385498
Constrained beta: 0.8892580270767212
Constrained gamma: 1.9651566743850708
(1, 13)
(1, 0)
data before
[0.00000000e+00 0.00000000e+00 0.00000000e+00 0.00000000e+00
 0.00000000e+00 0.00000000e+00 0.00000000e+00 0.00000000e+00
 0.00000000e+00 0.00000000e+00 0.00000000e+00 0.00000000e+00
 0.00000000e+00 0.00000000e+00 0.00000000e+00 0.00000000e+00
 0.00000000e+00 0.00000000e+00 0.00000000e+00 0.00000000e+00
 1.76041679e+01 2.04602615e+01 2.29570830e+01 2.53828314e+01
 2.74852922e+01 2.83515473e+01 2.84100336e+01 2.73032096e+01
 2.46808199e+01 2.10725834e+01 1.69763294e+01 1.31516718e+01
 9.94329206e+00 6.69389711e+00 3.72720453e+00 1.50431580e+00
 4.38242302e-01 8.98330607e-02 1.47577518e-04 0.00000000e+00
 0.00000000e+00]
6
data after
[38.06442943751097, 22.957083011995554, 25.38283143222332, 27.48529218137294, 28.351547319555284, 28.410033566919566, 27.3032096197243, 24.680819915531277, 21.072583399398923, 30.12800121620521, 22.39693244445426]
12
data,sig_tot
[38.06442944 22.95708301 25.38283143 27.48529218 28.35154732 28.41003357
 27.30320962 24.68081992 21.0725834  30.12800122 22.39693244 20.99955746
 44.8865232 ]
[38.06442944 22.95708301 25.38283143 27.48529218 28.35154732 28.41003357
 27.30320962 24.68081992 21.0725834  30.12800122 22.39693244 20.99955746
 44.8865232 ]
0.1563222779079637 13.416942873296085 8.023195879260758
val isze = 0
idinces = [ 8 11 12  3  7  4  9  2 10  0  1  5  6]
training loss = 0.6986801624298096 500
training loss = 0.5154010653495789 1000
reduced chi^2 level 2 = 0.5297619104385376
Constrained alpha: 2.6640262603759766
Constrained beta: 4.156996250152588
Constrained gamma: 2.9003987312316895
(1, 13)
(1, 0)
data before
[0.00000000e+00 0.00000000e+00 0.00000000e+00 0.00000000e+00
 0.00000000e+00 0.00000000e+00 0.00000000e+00 0.00000000e+00
 0.00000000e+00 0.00000000e+00 0.00000000e+00 0.00000000e+00
 0.00000000e+00 0.00000000e+00 0.00000000e+00 0.00000000e+00
 0.00000000e+00 0.00000000e+00 0.00000000e+00 0.00000000e+00
 1.76041679e+01 2.04602615e+01 2.29570830e+01 2.53828314e+01
 2.74852922e+01 2.83515473e+01 2.84100336e+01 2.73032096e+01
 2.46808199e+01 2.10725834e+01 1.69763294e+01 1.31516718e+01
 9.94329206e+00 6.69389711e+00 3.72720453e+00 1.50431580e+00
 4.38242302e-01 8.98330607e-02 1.47577518e-04 0.00000000e+00
 0.00000000e+00]
6
data after
[38.06442943751097, 22.957083011995554, 25.38283143222332, 27.48529218137294, 28.351547319555284, 28.410033566919566, 27.3032096197243, 24.680819915531277, 21.072583399398923, 30.12800121620521, 22.39693244445426]
12
data,sig_tot
[38.06442944 22.95708301 25.38283143 27.48529218 28.35154732 28.41003357
 27.30320962 24.68081992 21.0725834  30.12800122 22.39693244 20.99955746
 44.8865232 ]
[38.06442944 22.95708301 25.38283143 27.48529218 28.35154732 28.41003357
 27.30320962 24.68081992 21.0725834  30.12800122 22.39693244 20.99955746
 44.8865232 ]
3.5510252662910746 11.177947782533435 0.060573114944140194
val isze = 0
idinces = [ 9  5 12  7  4  2  3 11 10  8  6  1  0]
training loss = 0.48190221190452576 500
reduced chi^2 level 2 = 0.4918452203273773
Constrained alpha: 2.785634994506836
Constrained beta: 3.258939504623413
Constrained gamma: 0.9696460962295532
(1, 13)
(1, 0)
data before
[0.00000000e+00 0.00000000e+00 0.00000000e+00 0.00000000e+00
 0.00000000e+00 0.00000000e+00 0.00000000e+00 0.00000000e+00
 0.00000000e+00 0.00000000e+00 0.00000000e+00 0.00000000e+00
 0.00000000e+00 0.00000000e+00 0.00000000e+00 0.00000000e+00
 0.00000000e+00 0.00000000e+00 0.00000000e+00 0.00000000e+00
 1.76041679e+01 2.04602615e+01 2.29570830e+01 2.53828314e+01
 2.74852922e+01 2.83515473e+01 2.84100336e+01 2.73032096e+01
 2.46808199e+01 2.10725834e+01 1.69763294e+01 1.31516718e+01
 9.94329206e+00 6.69389711e+00 3.72720453e+00 1.50431580e+00
 4.38242302e-01 8.98330607e-02 1.47577518e-04 0.00000000e+00
 0.00000000e+00]
6
data after
[38.06442943751097, 22.957083011995554, 25.38283143222332, 27.48529218137294, 28.351547319555284, 28.410033566919566, 27.3032096197243, 24.680819915531277, 21.072583399398923, 30.12800121620521, 22.39693244445426]
12
data,sig_tot
[38.06442944 22.95708301 25.38283143 27.48529218 28.35154732 28.41003357
 27.30320962 24.68081992 21.0725834  30.12800122 22.39693244 20.99955746
 44.8865232 ]
[38.06442944 22.95708301 25.38283143 27.48529218 28.35154732 28.41003357
 27.30320962 24.68081992 21.0725834  30.12800122 22.39693244 20.99955746
 44.8865232 ]
4.221766672026642 18.712934200916088 35.34755376332728
val isze = 0
idinces = [11  1 10  7  6  9  0 12  2  8  5  3  4]
training loss = 16.6533145904541 500
training loss = 16.49839973449707 1000
training loss = 16.257362365722656 1500
training loss = 15.900882720947266 2000
training loss = 15.375876426696777 2500
training loss = 14.587088584899902 3000
training loss = 13.358735084533691 3500
training loss = 11.3420991897583 4000
training loss = 7.623733997344971 4500
training loss = 1.2926851511001587 5000
reduced chi^2 level 2 = 1.288116216659546
Constrained alpha: 2.7232937812805176
Constrained beta: 4.113190650939941
Constrained gamma: 25.629133224487305
(1, 13)
(1, 0)
data before
[0.00000000e+00 0.00000000e+00 0.00000000e+00 0.00000000e+00
 0.00000000e+00 0.00000000e+00 0.00000000e+00 0.00000000e+00
 0.00000000e+00 0.00000000e+00 0.00000000e+00 0.00000000e+00
 0.00000000e+00 0.00000000e+00 0.00000000e+00 0.00000000e+00
 0.00000000e+00 0.00000000e+00 0.00000000e+00 0.00000000e+00
 1.76041679e+01 2.04602615e+01 2.29570830e+01 2.53828314e+01
 2.74852922e+01 2.83515473e+01 2.84100336e+01 2.73032096e+01
 2.46808199e+01 2.10725834e+01 1.69763294e+01 1.31516718e+01
 9.94329206e+00 6.69389711e+00 3.72720453e+00 1.50431580e+00
 4.38242302e-01 8.98330607e-02 1.47577518e-04 0.00000000e+00
 0.00000000e+00]
6
data after
[38.06442943751097, 22.957083011995554, 25.38283143222332, 27.48529218137294, 28.351547319555284, 28.410033566919566, 27.3032096197243, 24.680819915531277, 21.072583399398923, 30.12800121620521, 22.39693244445426]
12
data,sig_tot
[38.06442944 22.95708301 25.38283143 27.48529218 28.35154732 28.41003357
 27.30320962 24.68081992 21.0725834  30.12800122 22.39693244 20.99955746
 44.8865232 ]
[38.06442944 22.95708301 25.38283143 27.48529218 28.35154732 28.41003357
 27.30320962 24.68081992 21.0725834  30.12800122 22.39693244 20.99955746
 44.8865232 ]
4.653824348783629 0.05308778170520112 83.67660398445547
val isze = 0
idinces = [11  7  5 10  6  4  8 12  2  9  3  0  1]
training loss = 9.409586906433105 500
training loss = 8.714609146118164 1000
training loss = 8.532190322875977 1500
training loss = 8.491056442260742 2000
training loss = 8.467910766601562 2500
training loss = 8.441370010375977 3000
training loss = 8.407252311706543 3500
training loss = 8.364428520202637 4000
training loss = 8.31088924407959 4500
training loss = 8.243792533874512 5000
(1, 13)
(1, 0)
data before
[0.00000000e+00 0.00000000e+00 0.00000000e+00 0.00000000e+00
 0.00000000e+00 0.00000000e+00 0.00000000e+00 0.00000000e+00
 0.00000000e+00 0.00000000e+00 0.00000000e+00 0.00000000e+00
 0.00000000e+00 0.00000000e+00 0.00000000e+00 0.00000000e+00
 0.00000000e+00 0.00000000e+00 0.00000000e+00 0.00000000e+00
 1.76041679e+01 2.04602615e+01 2.29570830e+01 2.53828314e+01
 2.74852922e+01 2.83515473e+01 2.84100336e+01 2.73032096e+01
 2.46808199e+01 2.10725834e+01 1.69763294e+01 1.31516718e+01
 9.94329206e+00 6.69389711e+00 3.72720453e+00 1.50431580e+00
 4.38242302e-01 8.98330607e-02 1.47577518e-04 0.00000000e+00
 0.00000000e+00]
6
data after
[38.06442943751097, 22.957083011995554, 25.38283143222332, 27.48529218137294, 28.351547319555284, 28.410033566919566, 27.3032096197243, 24.680819915531277, 21.072583399398923, 30.12800121620521, 22.39693244445426]
12
data,sig_tot
[38.06442944 22.95708301 25.38283143 27.48529218 28.35154732 28.41003357
 27.30320962 24.68081992 21.0725834  30.12800122 22.39693244 20.99955746
 44.8865232 ]
[38.06442944 22.95708301 25.38283143 27.48529218 28.35154732 28.41003357
 27.30320962 24.68081992 21.0725834  30.12800122 22.39693244 20.99955746
 44.8865232 ]
3.787745208315832 4.249019568083526 26.971780552176515
val isze = 0
idinces = [ 7  5  1 11  2  0 12  4  9 10  3  8  6]
training loss = 2.981804847717285 500
training loss = 1.205234408378601 1000
reduced chi^2 level 2 = 1.209262490272522
Constrained alpha: 3.2083325386047363
Constrained beta: 2.156465768814087
Constrained gamma: 24.31281280517578
(1, 13)
(1, 0)
data before
[0.00000000e+00 0.00000000e+00 0.00000000e+00 0.00000000e+00
 0.00000000e+00 0.00000000e+00 0.00000000e+00 0.00000000e+00
 0.00000000e+00 0.00000000e+00 0.00000000e+00 0.00000000e+00
 0.00000000e+00 0.00000000e+00 0.00000000e+00 0.00000000e+00
 0.00000000e+00 0.00000000e+00 0.00000000e+00 0.00000000e+00
 1.76041679e+01 2.04602615e+01 2.29570830e+01 2.53828314e+01
 2.74852922e+01 2.83515473e+01 2.84100336e+01 2.73032096e+01
 2.46808199e+01 2.10725834e+01 1.69763294e+01 1.31516718e+01
 9.94329206e+00 6.69389711e+00 3.72720453e+00 1.50431580e+00
 4.38242302e-01 8.98330607e-02 1.47577518e-04 0.00000000e+00
 0.00000000e+00]
6
data after
[38.06442943751097, 22.957083011995554, 25.38283143222332, 27.48529218137294, 28.351547319555284, 28.410033566919566, 27.3032096197243, 24.680819915531277, 21.072583399398923, 30.12800121620521, 22.39693244445426]
12
data,sig_tot
[38.06442944 22.95708301 25.38283143 27.48529218 28.35154732 28.41003357
 27.30320962 24.68081992 21.0725834  30.12800122 22.39693244 20.99955746
 44.8865232 ]
[38.06442944 22.95708301 25.38283143 27.48529218 28.35154732 28.41003357
 27.30320962 24.68081992 21.0725834  30.12800122 22.39693244 20.99955746
 44.8865232 ]
3.9503379070462934 9.80410359747 7.921431956292224
val isze = 0
idinces = [ 2  1  0  6 11 12  9  8  5  7 10  3  4]
training loss = 4.173436164855957 500
training loss = 0.715053141117096 1000
training loss = 0.6350913643836975 1500
training loss = 0.513384222984314 2000
training loss = 0.43354085087776184 2500
training loss = 0.4053221046924591 3000
training loss = 0.3967553675174713 3500
training loss = 0.3949410617351532 4000
reduced chi^2 level 2 = 0.39510318636894226
Constrained alpha: 2.5751683712005615
Constrained beta: 3.9560048580169678
Constrained gamma: 2.922119140625
(1, 13)
(1, 0)
data before
[0.00000000e+00 0.00000000e+00 0.00000000e+00 0.00000000e+00
 0.00000000e+00 0.00000000e+00 0.00000000e+00 0.00000000e+00
 0.00000000e+00 0.00000000e+00 0.00000000e+00 0.00000000e+00
 0.00000000e+00 0.00000000e+00 0.00000000e+00 0.00000000e+00
 0.00000000e+00 0.00000000e+00 0.00000000e+00 0.00000000e+00
 1.76041679e+01 2.04602615e+01 2.29570830e+01 2.53828314e+01
 2.74852922e+01 2.83515473e+01 2.84100336e+01 2.73032096e+01
 2.46808199e+01 2.10725834e+01 1.69763294e+01 1.31516718e+01
 9.94329206e+00 6.69389711e+00 3.72720453e+00 1.50431580e+00
 4.38242302e-01 8.98330607e-02 1.47577518e-04 0.00000000e+00
 0.00000000e+00]
6
data after
[38.06442943751097, 22.957083011995554, 25.38283143222332, 27.48529218137294, 28.351547319555284, 28.410033566919566, 27.3032096197243, 24.680819915531277, 21.072583399398923, 30.12800121620521, 22.39693244445426]
12
data,sig_tot
[38.06442944 22.95708301 25.38283143 27.48529218 28.35154732 28.41003357
 27.30320962 24.68081992 21.0725834  30.12800122 22.39693244 20.99955746
 44.8865232 ]
[38.06442944 22.95708301 25.38283143 27.48529218 28.35154732 28.41003357
 27.30320962 24.68081992 21.0725834  30.12800122 22.39693244 20.99955746
 44.8865232 ]
1.1521881914135945 4.783831267154184 82.17105683689584
val isze = 0
idinces = [ 6  3  1 10 12 11  7  0  2  5  4  8  9]
training loss = 0.5658355355262756 500
reduced chi^2 level 2 = 0.5686978697776794
Constrained alpha: 2.522387981414795
Constrained beta: 4.719125747680664
Constrained gamma: 58.01026153564453
(1, 13)
(1, 0)
data before
[0.00000000e+00 0.00000000e+00 0.00000000e+00 0.00000000e+00
 0.00000000e+00 0.00000000e+00 0.00000000e+00 0.00000000e+00
 0.00000000e+00 0.00000000e+00 0.00000000e+00 0.00000000e+00
 0.00000000e+00 0.00000000e+00 0.00000000e+00 0.00000000e+00
 0.00000000e+00 0.00000000e+00 0.00000000e+00 0.00000000e+00
 1.76041679e+01 2.04602615e+01 2.29570830e+01 2.53828314e+01
 2.74852922e+01 2.83515473e+01 2.84100336e+01 2.73032096e+01
 2.46808199e+01 2.10725834e+01 1.69763294e+01 1.31516718e+01
 9.94329206e+00 6.69389711e+00 3.72720453e+00 1.50431580e+00
 4.38242302e-01 8.98330607e-02 1.47577518e-04 0.00000000e+00
 0.00000000e+00]
6
data after
[38.06442943751097, 22.957083011995554, 25.38283143222332, 27.48529218137294, 28.351547319555284, 28.410033566919566, 27.3032096197243, 24.680819915531277, 21.072583399398923, 30.12800121620521, 22.39693244445426]
12
data,sig_tot
[38.06442944 22.95708301 25.38283143 27.48529218 28.35154732 28.41003357
 27.30320962 24.68081992 21.0725834  30.12800122 22.39693244 20.99955746
 44.8865232 ]
[38.06442944 22.95708301 25.38283143 27.48529218 28.35154732 28.41003357
 27.30320962 24.68081992 21.0725834  30.12800122 22.39693244 20.99955746
 44.8865232 ]
4.895027134088983 5.159050830293779 71.01821940393039
val isze = 0
idinces = [12 10  4  2  6  3 11  9  1  7  0  8  5]
(1, 13)
(1, 0)
data before
[0.00000000e+00 0.00000000e+00 0.00000000e+00 0.00000000e+00
 0.00000000e+00 0.00000000e+00 0.00000000e+00 0.00000000e+00
 0.00000000e+00 0.00000000e+00 0.00000000e+00 0.00000000e+00
 0.00000000e+00 0.00000000e+00 0.00000000e+00 0.00000000e+00
 0.00000000e+00 0.00000000e+00 0.00000000e+00 0.00000000e+00
 1.76041679e+01 2.04602615e+01 2.29570830e+01 2.53828314e+01
 2.74852922e+01 2.83515473e+01 2.84100336e+01 2.73032096e+01
 2.46808199e+01 2.10725834e+01 1.69763294e+01 1.31516718e+01
 9.94329206e+00 6.69389711e+00 3.72720453e+00 1.50431580e+00
 4.38242302e-01 8.98330607e-02 1.47577518e-04 0.00000000e+00
 0.00000000e+00]
6
data after
[38.06442943751097, 22.957083011995554, 25.38283143222332, 27.48529218137294, 28.351547319555284, 28.410033566919566, 27.3032096197243, 24.680819915531277, 21.072583399398923, 30.12800121620521, 22.39693244445426]
12
data,sig_tot
[38.06442944 22.95708301 25.38283143 27.48529218 28.35154732 28.41003357
 27.30320962 24.68081992 21.0725834  30.12800122 22.39693244 20.99955746
 44.8865232 ]
[38.06442944 22.95708301 25.38283143 27.48529218 28.35154732 28.41003357
 27.30320962 24.68081992 21.0725834  30.12800122 22.39693244 20.99955746
 44.8865232 ]
2.778169838416789 15.785914373029753 77.76413021856037
val isze = 0
idinces = [ 4  0  3 11  2  6  7 12  8  1 10  5  9]
training loss = 0.9666114449501038 500
training loss = 0.9399864673614502 1000
reduced chi^2 level 2 = 0.9506331086158752
Constrained alpha: 2.565025568008423
Constrained beta: 3.778968334197998
Constrained gamma: 42.00288772583008
(1, 13)
(1, 0)
data before
[0.00000000e+00 0.00000000e+00 0.00000000e+00 0.00000000e+00
 0.00000000e+00 0.00000000e+00 0.00000000e+00 0.00000000e+00
 0.00000000e+00 0.00000000e+00 0.00000000e+00 0.00000000e+00
 0.00000000e+00 0.00000000e+00 0.00000000e+00 0.00000000e+00
 0.00000000e+00 0.00000000e+00 0.00000000e+00 0.00000000e+00
 1.76041679e+01 2.04602615e+01 2.29570830e+01 2.53828314e+01
 2.74852922e+01 2.83515473e+01 2.84100336e+01 2.73032096e+01
 2.46808199e+01 2.10725834e+01 1.69763294e+01 1.31516718e+01
 9.94329206e+00 6.69389711e+00 3.72720453e+00 1.50431580e+00
 4.38242302e-01 8.98330607e-02 1.47577518e-04 0.00000000e+00
 0.00000000e+00]
6
data after
[38.06442943751097, 22.957083011995554, 25.38283143222332, 27.48529218137294, 28.351547319555284, 28.410033566919566, 27.3032096197243, 24.680819915531277, 21.072583399398923, 30.12800121620521, 22.39693244445426]
12
data,sig_tot
[38.06442944 22.95708301 25.38283143 27.48529218 28.35154732 28.41003357
 27.30320962 24.68081992 21.0725834  30.12800122 22.39693244 20.99955746
 44.8865232 ]
[38.06442944 22.95708301 25.38283143 27.48529218 28.35154732 28.41003357
 27.30320962 24.68081992 21.0725834  30.12800122 22.39693244 20.99955746
 44.8865232 ]
1.7775654274224313 18.606389917016116 49.132401225287396
val isze = 0
idinces = [ 6 11  3  5  2 12  0  9 10  1  8  7  4]
training loss = 1.8481335639953613 500
training loss = 0.979781985282898 1000
training loss = 0.9391181468963623 1500
reduced chi^2 level 2 = 0.939283549785614
Constrained alpha: 2.949699640274048
Constrained beta: 2.5000362396240234
Constrained gamma: 13.438217163085938
(1, 13)
(1, 0)
data before
[0.00000000e+00 0.00000000e+00 0.00000000e+00 0.00000000e+00
 0.00000000e+00 0.00000000e+00 0.00000000e+00 0.00000000e+00
 0.00000000e+00 0.00000000e+00 0.00000000e+00 0.00000000e+00
 0.00000000e+00 0.00000000e+00 0.00000000e+00 0.00000000e+00
 0.00000000e+00 0.00000000e+00 0.00000000e+00 0.00000000e+00
 1.76041679e+01 2.04602615e+01 2.29570830e+01 2.53828314e+01
 2.74852922e+01 2.83515473e+01 2.84100336e+01 2.73032096e+01
 2.46808199e+01 2.10725834e+01 1.69763294e+01 1.31516718e+01
 9.94329206e+00 6.69389711e+00 3.72720453e+00 1.50431580e+00
 4.38242302e-01 8.98330607e-02 1.47577518e-04 0.00000000e+00
 0.00000000e+00]
6
data after
[38.06442943751097, 22.957083011995554, 25.38283143222332, 27.48529218137294, 28.351547319555284, 28.410033566919566, 27.3032096197243, 24.680819915531277, 21.072583399398923, 30.12800121620521, 22.39693244445426]
12
data,sig_tot
[38.06442944 22.95708301 25.38283143 27.48529218 28.35154732 28.41003357
 27.30320962 24.68081992 21.0725834  30.12800122 22.39693244 20.99955746
 44.8865232 ]
[38.06442944 22.95708301 25.38283143 27.48529218 28.35154732 28.41003357
 27.30320962 24.68081992 21.0725834  30.12800122 22.39693244 20.99955746
 44.8865232 ]
1.8626451177212078 7.578418506747926 76.32332247954957
val isze = 0
idinces = [ 4  0 10  5  7  1  9  6  2 12  8  3 11]
training loss = 1.0317996740341187 500
training loss = 1.0042126178741455 1000
reduced chi^2 level 2 = 1.004503607749939
Constrained alpha: 2.8302114009857178
Constrained beta: 3.5663366317749023
Constrained gamma: 47.877079010009766
(1, 13)
(1, 0)
data before
[0.00000000e+00 0.00000000e+00 0.00000000e+00 0.00000000e+00
 0.00000000e+00 0.00000000e+00 0.00000000e+00 0.00000000e+00
 0.00000000e+00 0.00000000e+00 0.00000000e+00 0.00000000e+00
 0.00000000e+00 0.00000000e+00 0.00000000e+00 0.00000000e+00
 0.00000000e+00 0.00000000e+00 0.00000000e+00 0.00000000e+00
 1.76041679e+01 2.04602615e+01 2.29570830e+01 2.53828314e+01
 2.74852922e+01 2.83515473e+01 2.84100336e+01 2.73032096e+01
 2.46808199e+01 2.10725834e+01 1.69763294e+01 1.31516718e+01
 9.94329206e+00 6.69389711e+00 3.72720453e+00 1.50431580e+00
 4.38242302e-01 8.98330607e-02 1.47577518e-04 0.00000000e+00
 0.00000000e+00]
6
data after
[38.06442943751097, 22.957083011995554, 25.38283143222332, 27.48529218137294, 28.351547319555284, 28.410033566919566, 27.3032096197243, 24.680819915531277, 21.072583399398923, 30.12800121620521, 22.39693244445426]
12
data,sig_tot
[38.06442944 22.95708301 25.38283143 27.48529218 28.35154732 28.41003357
 27.30320962 24.68081992 21.0725834  30.12800122 22.39693244 20.99955746
 44.8865232 ]
[38.06442944 22.95708301 25.38283143 27.48529218 28.35154732 28.41003357
 27.30320962 24.68081992 21.0725834  30.12800122 22.39693244 20.99955746
 44.8865232 ]
4.88674165912271 2.952134413616725 48.98565762285585
val isze = 0
idinces = [ 0  6 11 10  7  1  5 12  9  8  4  3  2]
training loss = 28.94406509399414 500
training loss = 21.9241943359375 1000
training loss = 21.13633918762207 1500
training loss = 20.537084579467773 2000
training loss = 19.771448135375977 2500
training loss = 18.789039611816406 3000
training loss = 17.533802032470703 3500
training loss = 15.939786911010742 4000
training loss = 13.990557670593262 4500
training loss = 11.722587585449219 5000
(1, 13)
(1, 0)
data before
[0.00000000e+00 0.00000000e+00 0.00000000e+00 0.00000000e+00
 0.00000000e+00 0.00000000e+00 0.00000000e+00 0.00000000e+00
 0.00000000e+00 0.00000000e+00 0.00000000e+00 0.00000000e+00
 0.00000000e+00 0.00000000e+00 0.00000000e+00 0.00000000e+00
 0.00000000e+00 0.00000000e+00 0.00000000e+00 0.00000000e+00
 1.76041679e+01 2.04602615e+01 2.29570830e+01 2.53828314e+01
 2.74852922e+01 2.83515473e+01 2.84100336e+01 2.73032096e+01
 2.46808199e+01 2.10725834e+01 1.69763294e+01 1.31516718e+01
 9.94329206e+00 6.69389711e+00 3.72720453e+00 1.50431580e+00
 4.38242302e-01 8.98330607e-02 1.47577518e-04 0.00000000e+00
 0.00000000e+00]
6
data after
[38.06442943751097, 22.957083011995554, 25.38283143222332, 27.48529218137294, 28.351547319555284, 28.410033566919566, 27.3032096197243, 24.680819915531277, 21.072583399398923, 30.12800121620521, 22.39693244445426]
12
data,sig_tot
[38.06442944 22.95708301 25.38283143 27.48529218 28.35154732 28.41003357
 27.30320962 24.68081992 21.0725834  30.12800122 22.39693244 20.99955746
 44.8865232 ]
[38.06442944 22.95708301 25.38283143 27.48529218 28.35154732 28.41003357
 27.30320962 24.68081992 21.0725834  30.12800122 22.39693244 20.99955746
 44.8865232 ]
1.2404721496488214 14.359573705027548 6.421040355427044
val isze = 0
idinces = [ 1 10  3 12 11  7  2  4  0  8  9  6  5]
training loss = 1.015692949295044 500
training loss = 0.9883895516395569 1000
reduced chi^2 level 2 = 0.9951003789901733
Constrained alpha: 2.4936978816986084
Constrained beta: 5.20929479598999
Constrained gamma: 3.2850069999694824
(1, 13)
(1, 0)
data before
[0.00000000e+00 0.00000000e+00 0.00000000e+00 0.00000000e+00
 0.00000000e+00 0.00000000e+00 0.00000000e+00 0.00000000e+00
 0.00000000e+00 0.00000000e+00 0.00000000e+00 0.00000000e+00
 0.00000000e+00 0.00000000e+00 0.00000000e+00 0.00000000e+00
 0.00000000e+00 0.00000000e+00 0.00000000e+00 0.00000000e+00
 1.76041679e+01 2.04602615e+01 2.29570830e+01 2.53828314e+01
 2.74852922e+01 2.83515473e+01 2.84100336e+01 2.73032096e+01
 2.46808199e+01 2.10725834e+01 1.69763294e+01 1.31516718e+01
 9.94329206e+00 6.69389711e+00 3.72720453e+00 1.50431580e+00
 4.38242302e-01 8.98330607e-02 1.47577518e-04 0.00000000e+00
 0.00000000e+00]
6
data after
[38.06442943751097, 22.957083011995554, 25.38283143222332, 27.48529218137294, 28.351547319555284, 28.410033566919566, 27.3032096197243, 24.680819915531277, 21.072583399398923, 30.12800121620521, 22.39693244445426]
12
data,sig_tot
[38.06442944 22.95708301 25.38283143 27.48529218 28.35154732 28.41003357
 27.30320962 24.68081992 21.0725834  30.12800122 22.39693244 20.99955746
 44.8865232 ]
[38.06442944 22.95708301 25.38283143 27.48529218 28.35154732 28.41003357
 27.30320962 24.68081992 21.0725834  30.12800122 22.39693244 20.99955746
 44.8865232 ]
3.590038995845912 7.0460151949415195 9.14510683026155
val isze = 0
idinces = [ 7 11 12  8  6  2  9  1  4  5  0 10  3]
training loss = 1.6649385690689087 500
training loss = 1.5880141258239746 1000
training loss = 1.5543644428253174 1500
training loss = 1.5472757816314697 2000
training loss = 1.546976089477539 2500
reduced chi^2 level 2 = 1.5470807552337646
Constrained alpha: 2.619164228439331
Constrained beta: 3.5127475261688232
Constrained gamma: 2.9165573120117188
(1, 13)
(1, 0)
data before
[0.00000000e+00 0.00000000e+00 0.00000000e+00 0.00000000e+00
 0.00000000e+00 0.00000000e+00 0.00000000e+00 0.00000000e+00
 0.00000000e+00 0.00000000e+00 0.00000000e+00 0.00000000e+00
 0.00000000e+00 0.00000000e+00 0.00000000e+00 0.00000000e+00
 0.00000000e+00 0.00000000e+00 0.00000000e+00 0.00000000e+00
 1.76041679e+01 2.04602615e+01 2.29570830e+01 2.53828314e+01
 2.74852922e+01 2.83515473e+01 2.84100336e+01 2.73032096e+01
 2.46808199e+01 2.10725834e+01 1.69763294e+01 1.31516718e+01
 9.94329206e+00 6.69389711e+00 3.72720453e+00 1.50431580e+00
 4.38242302e-01 8.98330607e-02 1.47577518e-04 0.00000000e+00
 0.00000000e+00]
6
data after
[38.06442943751097, 22.957083011995554, 25.38283143222332, 27.48529218137294, 28.351547319555284, 28.410033566919566, 27.3032096197243, 24.680819915531277, 21.072583399398923, 30.12800121620521, 22.39693244445426]
12
data,sig_tot
[38.06442944 22.95708301 25.38283143 27.48529218 28.35154732 28.41003357
 27.30320962 24.68081992 21.0725834  30.12800122 22.39693244 20.99955746
 44.8865232 ]
[38.06442944 22.95708301 25.38283143 27.48529218 28.35154732 28.41003357
 27.30320962 24.68081992 21.0725834  30.12800122 22.39693244 20.99955746
 44.8865232 ]
3.492762721142608 7.251986241197841 44.97114920024276
val isze = 0
idinces = [ 7 10  0  9  4  8 12  3  2  5  6 11  1]
training loss = 2.2572181224823 500
training loss = 0.504287838935852 1000
training loss = 0.5033557415008545 1500
reduced chi^2 level 2 = 0.5044457316398621
Constrained alpha: 2.710503339767456
Constrained beta: 3.335730791091919
Constrained gamma: 28.977291107177734
>>>>>>> bf5bffb69ec4a318117f0a4aa6bdaab926d87e87
(1, 13)
(1, 0)
