data before
[0.00000000e+00 0.00000000e+00 0.00000000e+00 0.00000000e+00
 0.00000000e+00 0.00000000e+00 0.00000000e+00 0.00000000e+00
 0.00000000e+00 0.00000000e+00 0.00000000e+00 0.00000000e+00
 0.00000000e+00 0.00000000e+00 0.00000000e+00 0.00000000e+00
 0.00000000e+00 0.00000000e+00 0.00000000e+00 0.00000000e+00
 1.76041679e+01 2.04602615e+01 2.29570830e+01 2.53828314e+01
 2.74852922e+01 2.83515473e+01 2.84100336e+01 2.73032096e+01
 2.46808199e+01 2.10725834e+01 1.69763294e+01 1.31516718e+01
 9.94329206e+00 6.69389711e+00 3.72720453e+00 1.50431580e+00
 4.38242302e-01 8.98330607e-02 1.47577518e-04 0.00000000e+00
 0.00000000e+00]
6
data after
[38.06442943751097, 22.957083011995554, 25.38283143222332, 27.48529218137294, 28.351547319555284, 28.410033566919566, 27.3032096197243, 24.680819915531277, 21.072583399398923, 30.12800121620521, 22.39693244445426]
12
data,sig_tot
[38.06442944 22.95708301 25.38283143 27.48529218 28.35154732 28.41003357
 27.30320962 24.68081992 21.0725834  30.12800122 22.39693244 20.99955746
 44.8865232 ]
[38.06442944 22.95708301 25.38283143 27.48529218 28.35154732 28.41003357
 27.30320962 24.68081992 21.0725834  30.12800122 22.39693244 20.99955746
 44.8865232 ]
<<<<<<< HEAD
2.822469494715865 7.050893664608844 77.63134543934858
val isze = 0
idinces = [ 3  7 11  6  8  2 12  5 10  1  0  4  9]
training loss = 0.8096350431442261 500
training loss = 0.6848078966140747 1000
training loss = 0.6784300208091736 1500
reduced chi^2 level 2 = 0.6784627437591553
Constrained alpha: 2.8302619457244873
Constrained beta: 2.67989444732666
Constrained gamma: 40.957550048828125
=======
0.39474732272834934 10.12980336931353 24.969523190202136
val isze = 0
idinces = [ 2  8  5 10  6  7  1 11  0  9  4  3 12]
training loss = 1.1670597791671753 500
training loss = 0.3475719094276428 1000
training loss = 0.3420032560825348 1500
reduced chi^2 level 2 = 0.34216052293777466
Constrained alpha: 3.3636839389801025
Constrained beta: 1.1700472831726074
Constrained gamma: 1.9349099397659302
>>>>>>> bf5bffb69ec4a318117f0a4aa6bdaab926d87e87
(1, 13)
(1, 0)
data before
[0.00000000e+00 0.00000000e+00 0.00000000e+00 0.00000000e+00
 0.00000000e+00 0.00000000e+00 0.00000000e+00 0.00000000e+00
 0.00000000e+00 0.00000000e+00 0.00000000e+00 0.00000000e+00
 0.00000000e+00 0.00000000e+00 0.00000000e+00 0.00000000e+00
 0.00000000e+00 0.00000000e+00 0.00000000e+00 0.00000000e+00
 1.76041679e+01 2.04602615e+01 2.29570830e+01 2.53828314e+01
 2.74852922e+01 2.83515473e+01 2.84100336e+01 2.73032096e+01
 2.46808199e+01 2.10725834e+01 1.69763294e+01 1.31516718e+01
 9.94329206e+00 6.69389711e+00 3.72720453e+00 1.50431580e+00
 4.38242302e-01 8.98330607e-02 1.47577518e-04 0.00000000e+00
 0.00000000e+00]
6
data after
[38.06442943751097, 22.957083011995554, 25.38283143222332, 27.48529218137294, 28.351547319555284, 28.410033566919566, 27.3032096197243, 24.680819915531277, 21.072583399398923, 30.12800121620521, 22.39693244445426]
12
data,sig_tot
[38.06442944 22.95708301 25.38283143 27.48529218 28.35154732 28.41003357
 27.30320962 24.68081992 21.0725834  30.12800122 22.39693244 20.99955746
 44.8865232 ]
[38.06442944 22.95708301 25.38283143 27.48529218 28.35154732 28.41003357
 27.30320962 24.68081992 21.0725834  30.12800122 22.39693244 20.99955746
 44.8865232 ]
<<<<<<< HEAD
4.143406631538383 0.9379263877849953 62.628714831139256
val isze = 0
idinces = [ 3  7 11  6  8  2 12  5 10  1  0  4  9]
training loss = 8.231977462768555 500
training loss = 3.6401264667510986 1000
training loss = 2.754193067550659 1500
training loss = 2.4935662746429443 2000
training loss = 2.3652355670928955 2500
training loss = 2.289124011993408 3000
training loss = 2.2465603351593018 3500
training loss = 2.223820924758911 4000
training loss = 2.2082340717315674 4500
training loss = 2.1915037631988525 5000
reduced chi^2 level 2 = 2.1914656162261963
Constrained alpha: 3.557948112487793
Constrained beta: 1.5766854286193848
Constrained gamma: 61.960357666015625
=======
1.0361820771983266 14.562451943338232 28.593194319140338
val isze = 0
idinces = [12  0 11  9  1  3  4  8  6  7  5 10  2]
training loss = 2.152508497238159 500
training loss = 1.5263935327529907 1000
reduced chi^2 level 2 = 1.5228651762008667
Constrained alpha: 2.9352214336395264
Constrained beta: 2.6730213165283203
Constrained gamma: 3.7937581539154053
>>>>>>> bf5bffb69ec4a318117f0a4aa6bdaab926d87e87
(1, 13)
(1, 0)
data before
[0.00000000e+00 0.00000000e+00 0.00000000e+00 0.00000000e+00
 0.00000000e+00 0.00000000e+00 0.00000000e+00 0.00000000e+00
 0.00000000e+00 0.00000000e+00 0.00000000e+00 0.00000000e+00
 0.00000000e+00 0.00000000e+00 0.00000000e+00 0.00000000e+00
 0.00000000e+00 0.00000000e+00 0.00000000e+00 0.00000000e+00
 1.76041679e+01 2.04602615e+01 2.29570830e+01 2.53828314e+01
 2.74852922e+01 2.83515473e+01 2.84100336e+01 2.73032096e+01
 2.46808199e+01 2.10725834e+01 1.69763294e+01 1.31516718e+01
 9.94329206e+00 6.69389711e+00 3.72720453e+00 1.50431580e+00
 4.38242302e-01 8.98330607e-02 1.47577518e-04 0.00000000e+00
 0.00000000e+00]
6
data after
[38.06442943751097, 22.957083011995554, 25.38283143222332, 27.48529218137294, 28.351547319555284, 28.410033566919566, 27.3032096197243, 24.680819915531277, 21.072583399398923, 30.12800121620521, 22.39693244445426]
12
data,sig_tot
[38.06442944 22.95708301 25.38283143 27.48529218 28.35154732 28.41003357
 27.30320962 24.68081992 21.0725834  30.12800122 22.39693244 20.99955746
 44.8865232 ]
[38.06442944 22.95708301 25.38283143 27.48529218 28.35154732 28.41003357
 27.30320962 24.68081992 21.0725834  30.12800122 22.39693244 20.99955746
 44.8865232 ]
<<<<<<< HEAD
4.143406631538383 0.9379263877849953 62.628714831139256
val isze = 0
idinces = [ 3  7 11  6  8  2 12  5 10  1  0  4  9]
=======
2.487530791346135 2.561120795014884 31.501939609500496
val isze = 0
idinces = [10  7  1  2 12  9  3  8  6  5  0 11  4]
reduced chi^2 level 2 = 1.5576092004776
Constrained alpha: 2.875354766845703
Constrained beta: 3.3281068801879883
Constrained gamma: 21.33932113647461
>>>>>>> bf5bffb69ec4a318117f0a4aa6bdaab926d87e87
(1, 13)
(1, 0)
data before
[0.00000000e+00 0.00000000e+00 0.00000000e+00 0.00000000e+00
 0.00000000e+00 0.00000000e+00 0.00000000e+00 0.00000000e+00
 0.00000000e+00 0.00000000e+00 0.00000000e+00 0.00000000e+00
 0.00000000e+00 0.00000000e+00 0.00000000e+00 0.00000000e+00
 0.00000000e+00 0.00000000e+00 0.00000000e+00 0.00000000e+00
 1.76041679e+01 2.04602615e+01 2.29570830e+01 2.53828314e+01
 2.74852922e+01 2.83515473e+01 2.84100336e+01 2.73032096e+01
 2.46808199e+01 2.10725834e+01 1.69763294e+01 1.31516718e+01
 9.94329206e+00 6.69389711e+00 3.72720453e+00 1.50431580e+00
 4.38242302e-01 8.98330607e-02 1.47577518e-04 0.00000000e+00
 0.00000000e+00]
6
data after
[38.06442943751097, 22.957083011995554, 25.38283143222332, 27.48529218137294, 28.351547319555284, 28.410033566919566, 27.3032096197243, 24.680819915531277, 21.072583399398923, 30.12800121620521, 22.39693244445426]
12
data,sig_tot
[38.06442944 22.95708301 25.38283143 27.48529218 28.35154732 28.41003357
 27.30320962 24.68081992 21.0725834  30.12800122 22.39693244 20.99955746
 44.8865232 ]
[38.06442944 22.95708301 25.38283143 27.48529218 28.35154732 28.41003357
 27.30320962 24.68081992 21.0725834  30.12800122 22.39693244 20.99955746
 44.8865232 ]
<<<<<<< HEAD
4.143406631538383 0.9379263877849953 62.628714831139256
val isze = 0
idinces = [ 3  7 11  6  8  2 12  5 10  1  0  4  9]
training loss = 17.68832015991211 500
training loss = 4.803773403167725 1000
training loss = 3.2483272552490234 1500
training loss = 2.8900229930877686 2000
training loss = 2.6669139862060547 2500
training loss = 2.498955249786377 3000
training loss = 2.39048433303833 3500
training loss = 2.3234031200408936 4000
training loss = 2.265031099319458 4500
training loss = 2.1990911960601807 5000
reduced chi^2 level 2 = 2.1989500522613525
Constrained alpha: 3.73930287361145
Constrained beta: 1.3460088968276978
Constrained gamma: 62.16503143310547
=======
2.8870208918893256 0.21558984754401544 39.91935324196743
val isze = 0
idinces = [ 0  5  4 11 10  2  6  7  1  3 12  8  9]
training loss = 0.6067739725112915 500
training loss = 0.5746774673461914 1000
training loss = 0.5539171099662781 1500
training loss = 0.5376296043395996 2000
training loss = 0.5240656137466431 2500
training loss = 0.5103813409805298 3000
training loss = 0.4960472583770752 3500
training loss = 0.48037388920783997 4000
training loss = 0.45786306262016296 4500
training loss = 0.4361763596534729 5000
reduced chi^2 level 2 = 0.436149537563324
Constrained alpha: 3.107989549636841
Constrained beta: 0.7030879259109497
Constrained gamma: 6.713490962982178
>>>>>>> bf5bffb69ec4a318117f0a4aa6bdaab926d87e87
(1, 13)
(1, 0)
data before
[0.00000000e+00 0.00000000e+00 0.00000000e+00 0.00000000e+00
 0.00000000e+00 0.00000000e+00 0.00000000e+00 0.00000000e+00
 0.00000000e+00 0.00000000e+00 0.00000000e+00 0.00000000e+00
 0.00000000e+00 0.00000000e+00 0.00000000e+00 0.00000000e+00
 0.00000000e+00 0.00000000e+00 0.00000000e+00 0.00000000e+00
 1.76041679e+01 2.04602615e+01 2.29570830e+01 2.53828314e+01
 2.74852922e+01 2.83515473e+01 2.84100336e+01 2.73032096e+01
 2.46808199e+01 2.10725834e+01 1.69763294e+01 1.31516718e+01
 9.94329206e+00 6.69389711e+00 3.72720453e+00 1.50431580e+00
 4.38242302e-01 8.98330607e-02 1.47577518e-04 0.00000000e+00
 0.00000000e+00]
6
data after
[38.06442943751097, 22.957083011995554, 25.38283143222332, 27.48529218137294, 28.351547319555284, 28.410033566919566, 27.3032096197243, 24.680819915531277, 21.072583399398923, 30.12800121620521, 22.39693244445426]
12
data,sig_tot
[38.06442944 22.95708301 25.38283143 27.48529218 28.35154732 28.41003357
 27.30320962 24.68081992 21.0725834  30.12800122 22.39693244 20.99955746
 44.8865232 ]
[38.06442944 22.95708301 25.38283143 27.48529218 28.35154732 28.41003357
 27.30320962 24.68081992 21.0725834  30.12800122 22.39693244 20.99955746
 44.8865232 ]
<<<<<<< HEAD
4.143406631538383 0.9379263877849953 62.628714831139256
val isze = 0
idinces = [ 3  7 11  6  8  2 12  5 10  1  0  4  9]
=======
1.8733817332513163 7.767989906367577 71.15693727590595
val isze = 0
idinces = [11 12  6  2  9  8  1  4  3  0 10  5  7]
training loss = 1.6294262409210205 500
training loss = 1.433841347694397 1000
reduced chi^2 level 2 = 1.4339221715927124
Constrained alpha: 3.0584468841552734
Constrained beta: 1.9114042520523071
Constrained gamma: 37.97999572753906
>>>>>>> bf5bffb69ec4a318117f0a4aa6bdaab926d87e87
(1, 13)
(1, 0)
data before
[0.00000000e+00 0.00000000e+00 0.00000000e+00 0.00000000e+00
 0.00000000e+00 0.00000000e+00 0.00000000e+00 0.00000000e+00
 0.00000000e+00 0.00000000e+00 0.00000000e+00 0.00000000e+00
 0.00000000e+00 0.00000000e+00 0.00000000e+00 0.00000000e+00
 0.00000000e+00 0.00000000e+00 0.00000000e+00 0.00000000e+00
 1.76041679e+01 2.04602615e+01 2.29570830e+01 2.53828314e+01
 2.74852922e+01 2.83515473e+01 2.84100336e+01 2.73032096e+01
 2.46808199e+01 2.10725834e+01 1.69763294e+01 1.31516718e+01
 9.94329206e+00 6.69389711e+00 3.72720453e+00 1.50431580e+00
 4.38242302e-01 8.98330607e-02 1.47577518e-04 0.00000000e+00
 0.00000000e+00]
6
data after
[38.06442943751097, 22.957083011995554, 25.38283143222332, 27.48529218137294, 28.351547319555284, 28.410033566919566, 27.3032096197243, 24.680819915531277, 21.072583399398923, 30.12800121620521, 22.39693244445426]
12
data,sig_tot
[38.06442944 22.95708301 25.38283143 27.48529218 28.35154732 28.41003357
 27.30320962 24.68081992 21.0725834  30.12800122 22.39693244 20.99955746
 44.8865232 ]
[38.06442944 22.95708301 25.38283143 27.48529218 28.35154732 28.41003357
 27.30320962 24.68081992 21.0725834  30.12800122 22.39693244 20.99955746
 44.8865232 ]
<<<<<<< HEAD
4.143406631538383 0.9379263877849953 62.628714831139256
val isze = 0
idinces = [ 3  7 11  6  8  2 12  5 10  1  0  4  9]
training loss = 5.083443641662598 500
training loss = 3.656306505203247 1000
training loss = 3.345804452896118 1500
training loss = 3.0797882080078125 2000
training loss = 2.7566254138946533 2500
training loss = 2.4323410987854004 3000
training loss = 2.2431609630584717 3500
training loss = 2.14143443107605 4000
training loss = 2.044461965560913 4500
training loss = 1.945658564567566 5000
reduced chi^2 level 2 = 1.9454621076583862
Constrained alpha: 3.7270727157592773
Constrained beta: 1.3502252101898193
Constrained gamma: 62.064483642578125
=======
0.8824568592095983 4.315601388633401 72.44943560006311
val isze = 0
idinces = [ 1  2  9 10  4  5  0  6  7 11 12  8  3]
training loss = 0.6185202598571777 500
reduced chi^2 level 2 = 0.6206640601158142
Constrained alpha: 2.496011257171631
Constrained beta: 4.66343355178833
Constrained gamma: 50.50648498535156
>>>>>>> bf5bffb69ec4a318117f0a4aa6bdaab926d87e87
(1, 13)
(1, 0)
data before
[0.00000000e+00 0.00000000e+00 0.00000000e+00 0.00000000e+00
 0.00000000e+00 0.00000000e+00 0.00000000e+00 0.00000000e+00
 0.00000000e+00 0.00000000e+00 0.00000000e+00 0.00000000e+00
 0.00000000e+00 0.00000000e+00 0.00000000e+00 0.00000000e+00
 0.00000000e+00 0.00000000e+00 0.00000000e+00 0.00000000e+00
 1.76041679e+01 2.04602615e+01 2.29570830e+01 2.53828314e+01
 2.74852922e+01 2.83515473e+01 2.84100336e+01 2.73032096e+01
 2.46808199e+01 2.10725834e+01 1.69763294e+01 1.31516718e+01
 9.94329206e+00 6.69389711e+00 3.72720453e+00 1.50431580e+00
 4.38242302e-01 8.98330607e-02 1.47577518e-04 0.00000000e+00
 0.00000000e+00]
6
data after
[38.06442943751097, 22.957083011995554, 25.38283143222332, 27.48529218137294, 28.351547319555284, 28.410033566919566, 27.3032096197243, 24.680819915531277, 21.072583399398923, 30.12800121620521, 22.39693244445426]
12
data,sig_tot
[38.06442944 22.95708301 25.38283143 27.48529218 28.35154732 28.41003357
 27.30320962 24.68081992 21.0725834  30.12800122 22.39693244 20.99955746
 44.8865232 ]
[38.06442944 22.95708301 25.38283143 27.48529218 28.35154732 28.41003357
 27.30320962 24.68081992 21.0725834  30.12800122 22.39693244 20.99955746
 44.8865232 ]
<<<<<<< HEAD
4.143406631538383 0.9379263877849953 62.628714831139256
val isze = 0
idinces = [ 3  7 11  6  8  2 12  5 10  1  0  4  9]
=======
2.0140879781197576 2.113560908023846 90.44426337858388
val isze = 0
idinces = [ 6  1  0  3  9 11  2  8  4  5 10  7 12]
training loss = 1.6355509757995605 500
reduced chi^2 level 2 = 1.635436773300171
Constrained alpha: 2.985551118850708
Constrained beta: 3.2306671142578125
Constrained gamma: 74.95707702636719
>>>>>>> bf5bffb69ec4a318117f0a4aa6bdaab926d87e87
(1, 13)
(1, 0)
data before
[0.00000000e+00 0.00000000e+00 0.00000000e+00 0.00000000e+00
 0.00000000e+00 0.00000000e+00 0.00000000e+00 0.00000000e+00
 0.00000000e+00 0.00000000e+00 0.00000000e+00 0.00000000e+00
 0.00000000e+00 0.00000000e+00 0.00000000e+00 0.00000000e+00
 0.00000000e+00 0.00000000e+00 0.00000000e+00 0.00000000e+00
 1.76041679e+01 2.04602615e+01 2.29570830e+01 2.53828314e+01
 2.74852922e+01 2.83515473e+01 2.84100336e+01 2.73032096e+01
 2.46808199e+01 2.10725834e+01 1.69763294e+01 1.31516718e+01
 9.94329206e+00 6.69389711e+00 3.72720453e+00 1.50431580e+00
 4.38242302e-01 8.98330607e-02 1.47577518e-04 0.00000000e+00
 0.00000000e+00]
6
data after
[38.06442943751097, 22.957083011995554, 25.38283143222332, 27.48529218137294, 28.351547319555284, 28.410033566919566, 27.3032096197243, 24.680819915531277, 21.072583399398923, 30.12800121620521, 22.39693244445426]
12
data,sig_tot
[38.06442944 22.95708301 25.38283143 27.48529218 28.35154732 28.41003357
 27.30320962 24.68081992 21.0725834  30.12800122 22.39693244 20.99955746
 44.8865232 ]
[38.06442944 22.95708301 25.38283143 27.48529218 28.35154732 28.41003357
 27.30320962 24.68081992 21.0725834  30.12800122 22.39693244 20.99955746
 44.8865232 ]
<<<<<<< HEAD
4.143406631538383 0.9379263877849953 62.628714831139256
val isze = 0
idinces = [ 3  7 11  6  8  2 12  5 10  1  0  4  9]
=======
1.815694924668223 9.836533452335747 62.97373217551707
val isze = 0
idinces = [ 7  8  4  2  5  9 11  1  3 10  6 12  0]
training loss = 2.5519473552703857 500
training loss = 2.533521890640259 1000
reduced chi^2 level 2 = 2.53647780418396
Constrained alpha: 2.3833327293395996
Constrained beta: 4.595367908477783
Constrained gamma: 33.975040435791016
>>>>>>> bf5bffb69ec4a318117f0a4aa6bdaab926d87e87
(1, 13)
(1, 0)
data before
[0.00000000e+00 0.00000000e+00 0.00000000e+00 0.00000000e+00
 0.00000000e+00 0.00000000e+00 0.00000000e+00 0.00000000e+00
 0.00000000e+00 0.00000000e+00 0.00000000e+00 0.00000000e+00
 0.00000000e+00 0.00000000e+00 0.00000000e+00 0.00000000e+00
 0.00000000e+00 0.00000000e+00 0.00000000e+00 0.00000000e+00
 1.76041679e+01 2.04602615e+01 2.29570830e+01 2.53828314e+01
 2.74852922e+01 2.83515473e+01 2.84100336e+01 2.73032096e+01
 2.46808199e+01 2.10725834e+01 1.69763294e+01 1.31516718e+01
 9.94329206e+00 6.69389711e+00 3.72720453e+00 1.50431580e+00
 4.38242302e-01 8.98330607e-02 1.47577518e-04 0.00000000e+00
 0.00000000e+00]
6
data after
[38.06442943751097, 22.957083011995554, 25.38283143222332, 27.48529218137294, 28.351547319555284, 28.410033566919566, 27.3032096197243, 24.680819915531277, 21.072583399398923, 30.12800121620521, 22.39693244445426]
12
data,sig_tot
[38.06442944 22.95708301 25.38283143 27.48529218 28.35154732 28.41003357
 27.30320962 24.68081992 21.0725834  30.12800122 22.39693244 20.99955746
 44.8865232 ]
[38.06442944 22.95708301 25.38283143 27.48529218 28.35154732 28.41003357
 27.30320962 24.68081992 21.0725834  30.12800122 22.39693244 20.99955746
 44.8865232 ]
<<<<<<< HEAD
4.143406631538383 0.9379263877849953 62.628714831139256
val isze = 0
idinces = [ 3  7 11  6  8  2 12  5 10  1  0  4  9]
=======
2.9786230274833962 14.640132267881643 93.85552800799603
val isze = 0
idinces = [ 1  5  4 11  9  0  7  3 12  8  6  2 10]
training loss = 0.5340448617935181 500
training loss = 0.4598938226699829 1000
training loss = 0.4302750527858734 1500
reduced chi^2 level 2 = 0.43418124318122864
Constrained alpha: 2.7121756076812744
Constrained beta: 4.334873199462891
Constrained gamma: 46.6397590637207
>>>>>>> bf5bffb69ec4a318117f0a4aa6bdaab926d87e87
(1, 13)
(1, 0)
data before
[0.00000000e+00 0.00000000e+00 0.00000000e+00 0.00000000e+00
 0.00000000e+00 0.00000000e+00 0.00000000e+00 0.00000000e+00
 0.00000000e+00 0.00000000e+00 0.00000000e+00 0.00000000e+00
 0.00000000e+00 0.00000000e+00 0.00000000e+00 0.00000000e+00
 0.00000000e+00 0.00000000e+00 0.00000000e+00 0.00000000e+00
 1.76041679e+01 2.04602615e+01 2.29570830e+01 2.53828314e+01
 2.74852922e+01 2.83515473e+01 2.84100336e+01 2.73032096e+01
 2.46808199e+01 2.10725834e+01 1.69763294e+01 1.31516718e+01
 9.94329206e+00 6.69389711e+00 3.72720453e+00 1.50431580e+00
 4.38242302e-01 8.98330607e-02 1.47577518e-04 0.00000000e+00
 0.00000000e+00]
6
data after
[38.06442943751097, 22.957083011995554, 25.38283143222332, 27.48529218137294, 28.351547319555284, 28.410033566919566, 27.3032096197243, 24.680819915531277, 21.072583399398923, 30.12800121620521, 22.39693244445426]
12
data,sig_tot
[38.06442944 22.95708301 25.38283143 27.48529218 28.35154732 28.41003357
 27.30320962 24.68081992 21.0725834  30.12800122 22.39693244 20.99955746
 44.8865232 ]
[38.06442944 22.95708301 25.38283143 27.48529218 28.35154732 28.41003357
 27.30320962 24.68081992 21.0725834  30.12800122 22.39693244 20.99955746
 44.8865232 ]
<<<<<<< HEAD
4.143406631538383 0.9379263877849953 62.628714831139256
val isze = 0
idinces = [ 3  7 11  6  8  2 12  5 10  1  0  4  9]
=======
4.421617527022238 13.166909795470591 12.501281618774273
val isze = 0
idinces = [10  9  4 11  0  3  8  1  6 12  2  5  7]
training loss = 16.462841033935547 500
training loss = 16.349285125732422 1000
training loss = 16.22739028930664 1500
training loss = 15.992216110229492 2000
training loss = 15.346912384033203 2500
training loss = 12.33260440826416 3000
training loss = 7.381071090698242 3500
training loss = 5.950871467590332 4000
training loss = 4.759191036224365 4500
training loss = 3.512025833129883 5000
>>>>>>> bf5bffb69ec4a318117f0a4aa6bdaab926d87e87
(1, 13)
(1, 0)
data before
[0.00000000e+00 0.00000000e+00 0.00000000e+00 0.00000000e+00
 0.00000000e+00 0.00000000e+00 0.00000000e+00 0.00000000e+00
 0.00000000e+00 0.00000000e+00 0.00000000e+00 0.00000000e+00
 0.00000000e+00 0.00000000e+00 0.00000000e+00 0.00000000e+00
 0.00000000e+00 0.00000000e+00 0.00000000e+00 0.00000000e+00
 1.76041679e+01 2.04602615e+01 2.29570830e+01 2.53828314e+01
 2.74852922e+01 2.83515473e+01 2.84100336e+01 2.73032096e+01
 2.46808199e+01 2.10725834e+01 1.69763294e+01 1.31516718e+01
 9.94329206e+00 6.69389711e+00 3.72720453e+00 1.50431580e+00
 4.38242302e-01 8.98330607e-02 1.47577518e-04 0.00000000e+00
 0.00000000e+00]
6
data after
[38.06442943751097, 22.957083011995554, 25.38283143222332, 27.48529218137294, 28.351547319555284, 28.410033566919566, 27.3032096197243, 24.680819915531277, 21.072583399398923, 30.12800121620521, 22.39693244445426]
12
data,sig_tot
[38.06442944 22.95708301 25.38283143 27.48529218 28.35154732 28.41003357
 27.30320962 24.68081992 21.0725834  30.12800122 22.39693244 20.99955746
 44.8865232 ]
[38.06442944 22.95708301 25.38283143 27.48529218 28.35154732 28.41003357
 27.30320962 24.68081992 21.0725834  30.12800122 22.39693244 20.99955746
 44.8865232 ]
<<<<<<< HEAD
4.143406631538383 0.9379263877849953 62.628714831139256
val isze = 0
idinces = [ 3  7 11  6  8  2 12  5 10  1  0  4  9]
training loss = 4.185379505157471 500
training loss = 3.7725608348846436 1000
training loss = 3.5658118724823 1500
training loss = 3.3532261848449707 2000
training loss = 3.106346845626831 2500
training loss = 2.832050085067749 3000
training loss = 2.579145669937134 3500
training loss = 2.4143214225769043 4000
training loss = 2.308241605758667 4500
training loss = 2.2019548416137695 5000
reduced chi^2 level 2 = 2.201730728149414
Constrained alpha: 3.7191145420074463
Constrained beta: 1.2008460760116577
Constrained gamma: 62.08494567871094
=======
3.6010047418117184 12.118834340637664 11.88319215461271
val isze = 0
idinces = [ 5  4 12  8 10  1  6 11  3  2  9  7  0]
training loss = 1.0504223108291626 500
reduced chi^2 level 2 = 1.0565749406814575
Constrained alpha: 2.488598108291626
Constrained beta: 4.323699474334717
Constrained gamma: 6.519189357757568
>>>>>>> bf5bffb69ec4a318117f0a4aa6bdaab926d87e87
(1, 13)
(1, 0)
data before
[0.00000000e+00 0.00000000e+00 0.00000000e+00 0.00000000e+00
 0.00000000e+00 0.00000000e+00 0.00000000e+00 0.00000000e+00
 0.00000000e+00 0.00000000e+00 0.00000000e+00 0.00000000e+00
 0.00000000e+00 0.00000000e+00 0.00000000e+00 0.00000000e+00
 0.00000000e+00 0.00000000e+00 0.00000000e+00 0.00000000e+00
 1.76041679e+01 2.04602615e+01 2.29570830e+01 2.53828314e+01
 2.74852922e+01 2.83515473e+01 2.84100336e+01 2.73032096e+01
 2.46808199e+01 2.10725834e+01 1.69763294e+01 1.31516718e+01
 9.94329206e+00 6.69389711e+00 3.72720453e+00 1.50431580e+00
 4.38242302e-01 8.98330607e-02 1.47577518e-04 0.00000000e+00
 0.00000000e+00]
6
data after
[38.06442943751097, 22.957083011995554, 25.38283143222332, 27.48529218137294, 28.351547319555284, 28.410033566919566, 27.3032096197243, 24.680819915531277, 21.072583399398923, 30.12800121620521, 22.39693244445426]
12
data,sig_tot
[38.06442944 22.95708301 25.38283143 27.48529218 28.35154732 28.41003357
 27.30320962 24.68081992 21.0725834  30.12800122 22.39693244 20.99955746
 44.8865232 ]
[38.06442944 22.95708301 25.38283143 27.48529218 28.35154732 28.41003357
 27.30320962 24.68081992 21.0725834  30.12800122 22.39693244 20.99955746
 44.8865232 ]
<<<<<<< HEAD
4.143406631538383 0.9379263877849953 62.628714831139256
val isze = 0
idinces = [ 3  7 11  6  8  2 12  5 10  1  0  4  9]
training loss = 4.767213821411133 500
training loss = 3.938929557800293 1000
training loss = 3.736924648284912 1500
training loss = 3.6396756172180176 2000
training loss = 3.5594160556793213 2500
training loss = 3.469099283218384 3000
training loss = 3.362506151199341 3500
training loss = 3.239284038543701 4000
training loss = 3.101719617843628 4500
training loss = 2.9553909301757812 5000
=======
3.8923468882776726 2.141335678595595 93.7496304291081
val isze = 0
idinces = [ 2  9  8  4 12 11  7 10  6  1  5  3  0]
>>>>>>> bf5bffb69ec4a318117f0a4aa6bdaab926d87e87
(1, 13)
(1, 0)
data before
[0.00000000e+00 0.00000000e+00 0.00000000e+00 0.00000000e+00
 0.00000000e+00 0.00000000e+00 0.00000000e+00 0.00000000e+00
 0.00000000e+00 0.00000000e+00 0.00000000e+00 0.00000000e+00
 0.00000000e+00 0.00000000e+00 0.00000000e+00 0.00000000e+00
 0.00000000e+00 0.00000000e+00 0.00000000e+00 0.00000000e+00
 1.76041679e+01 2.04602615e+01 2.29570830e+01 2.53828314e+01
 2.74852922e+01 2.83515473e+01 2.84100336e+01 2.73032096e+01
 2.46808199e+01 2.10725834e+01 1.69763294e+01 1.31516718e+01
 9.94329206e+00 6.69389711e+00 3.72720453e+00 1.50431580e+00
 4.38242302e-01 8.98330607e-02 1.47577518e-04 0.00000000e+00
 0.00000000e+00]
6
data after
[38.06442943751097, 22.957083011995554, 25.38283143222332, 27.48529218137294, 28.351547319555284, 28.410033566919566, 27.3032096197243, 24.680819915531277, 21.072583399398923, 30.12800121620521, 22.39693244445426]
12
data,sig_tot
[38.06442944 22.95708301 25.38283143 27.48529218 28.35154732 28.41003357
 27.30320962 24.68081992 21.0725834  30.12800122 22.39693244 20.99955746
 44.8865232 ]
[38.06442944 22.95708301 25.38283143 27.48529218 28.35154732 28.41003357
 27.30320962 24.68081992 21.0725834  30.12800122 22.39693244 20.99955746
 44.8865232 ]
<<<<<<< HEAD
4.143406631538383 0.9379263877849953 62.628714831139256
val isze = 0
idinces = [ 3  7 11  6  8  2 12  5 10  1  0  4  9]
training loss = 5.168189525604248 500
training loss = 4.509849548339844 1000
training loss = 3.769139289855957 1500
training loss = 3.2154505252838135 2000
training loss = 2.859015941619873 2500
training loss = 2.6178367137908936 3000
training loss = 2.4719386100769043 3500
training loss = 2.3983912467956543 4000
training loss = 2.3656232357025146 4500
training loss = 2.3462142944335938 5000
reduced chi^2 level 2 = 2.3461761474609375
Constrained alpha: 3.6459107398986816
Constrained beta: 1.4419430494308472
Constrained gamma: 62.100433349609375
=======
1.6825424564950608 18.171676347489317 83.86813305485528
val isze = 0
idinces = [10 12  3  4 11  1  7  8  6  0  5  9  2]
training loss = 0.8653929829597473 500
training loss = 0.552882969379425 1000
reduced chi^2 level 2 = 0.5440056920051575
Constrained alpha: 2.6294021606445312
Constrained beta: 4.589133262634277
Constrained gamma: 44.743099212646484
>>>>>>> bf5bffb69ec4a318117f0a4aa6bdaab926d87e87
(1, 13)
(1, 0)
data before
[0.00000000e+00 0.00000000e+00 0.00000000e+00 0.00000000e+00
 0.00000000e+00 0.00000000e+00 0.00000000e+00 0.00000000e+00
 0.00000000e+00 0.00000000e+00 0.00000000e+00 0.00000000e+00
 0.00000000e+00 0.00000000e+00 0.00000000e+00 0.00000000e+00
 0.00000000e+00 0.00000000e+00 0.00000000e+00 0.00000000e+00
 1.76041679e+01 2.04602615e+01 2.29570830e+01 2.53828314e+01
 2.74852922e+01 2.83515473e+01 2.84100336e+01 2.73032096e+01
 2.46808199e+01 2.10725834e+01 1.69763294e+01 1.31516718e+01
 9.94329206e+00 6.69389711e+00 3.72720453e+00 1.50431580e+00
 4.38242302e-01 8.98330607e-02 1.47577518e-04 0.00000000e+00
 0.00000000e+00]
6
data after
[38.06442943751097, 22.957083011995554, 25.38283143222332, 27.48529218137294, 28.351547319555284, 28.410033566919566, 27.3032096197243, 24.680819915531277, 21.072583399398923, 30.12800121620521, 22.39693244445426]
12
data,sig_tot
[38.06442944 22.95708301 25.38283143 27.48529218 28.35154732 28.41003357
 27.30320962 24.68081992 21.0725834  30.12800122 22.39693244 20.99955746
 44.8865232 ]
[38.06442944 22.95708301 25.38283143 27.48529218 28.35154732 28.41003357
 27.30320962 24.68081992 21.0725834  30.12800122 22.39693244 20.99955746
 44.8865232 ]
<<<<<<< HEAD
4.143406631538383 0.9379263877849953 62.628714831139256
val isze = 0
idinces = [ 3  7 11  6  8  2 12  5 10  1  0  4  9]
training loss = 4.717850685119629 500
training loss = 3.807283401489258 1000
training loss = 3.3110406398773193 1500
training loss = 2.9845821857452393 2000
training loss = 2.750453233718872 2500
training loss = 2.591350555419922 3000
training loss = 2.495793342590332 3500
training loss = 2.441678524017334 4000
training loss = 2.402661085128784 4500
training loss = 2.360220432281494 5000
reduced chi^2 level 2 = 2.36012601852417
Constrained alpha: 3.7271952629089355
Constrained beta: 1.3428574800491333
Constrained gamma: 62.152732849121094
=======
4.3043767525500645 7.479547004097046 92.99693881771353
val isze = 0
idinces = [ 8  0  2  6 10  7  9 12  4  3  5  1 11]
training loss = 12.956639289855957 500
training loss = 12.139118194580078 1000
training loss = 11.87326717376709 1500
training loss = 11.668278694152832 2000
training loss = 11.418891906738281 2500
training loss = 11.096687316894531 3000
training loss = 10.674667358398438 3500
training loss = 10.102526664733887 4000
training loss = 9.278383255004883 4500
training loss = 8.005759239196777 5000
>>>>>>> bf5bffb69ec4a318117f0a4aa6bdaab926d87e87
(1, 13)
(1, 0)
data before
[0.00000000e+00 0.00000000e+00 0.00000000e+00 0.00000000e+00
 0.00000000e+00 0.00000000e+00 0.00000000e+00 0.00000000e+00
 0.00000000e+00 0.00000000e+00 0.00000000e+00 0.00000000e+00
 0.00000000e+00 0.00000000e+00 0.00000000e+00 0.00000000e+00
 0.00000000e+00 0.00000000e+00 0.00000000e+00 0.00000000e+00
 1.76041679e+01 2.04602615e+01 2.29570830e+01 2.53828314e+01
 2.74852922e+01 2.83515473e+01 2.84100336e+01 2.73032096e+01
 2.46808199e+01 2.10725834e+01 1.69763294e+01 1.31516718e+01
 9.94329206e+00 6.69389711e+00 3.72720453e+00 1.50431580e+00
 4.38242302e-01 8.98330607e-02 1.47577518e-04 0.00000000e+00
 0.00000000e+00]
6
data after
[38.06442943751097, 22.957083011995554, 25.38283143222332, 27.48529218137294, 28.351547319555284, 28.410033566919566, 27.3032096197243, 24.680819915531277, 21.072583399398923, 30.12800121620521, 22.39693244445426]
12
data,sig_tot
[38.06442944 22.95708301 25.38283143 27.48529218 28.35154732 28.41003357
 27.30320962 24.68081992 21.0725834  30.12800122 22.39693244 20.99955746
 44.8865232 ]
[38.06442944 22.95708301 25.38283143 27.48529218 28.35154732 28.41003357
 27.30320962 24.68081992 21.0725834  30.12800122 22.39693244 20.99955746
 44.8865232 ]
<<<<<<< HEAD
4.143406631538383 0.9379263877849953 62.628714831139256
val isze = 0
idinces = [ 3  7 11  6  8  2 12  5 10  1  0  4  9]
training loss = 4.113123893737793 500
training loss = 3.2559030055999756 1000
training loss = 2.9537205696105957 1500
training loss = 2.773965835571289 2000
training loss = 2.6235992908477783 2500
training loss = 2.492441177368164 3000
training loss = 2.3881845474243164 3500
training loss = 2.3155150413513184 4000
training loss = 2.2711002826690674 4500
training loss = 2.244469165802002 5000
reduced chi^2 level 2 = 2.2444255352020264
Constrained alpha: 3.5973927974700928
Constrained beta: 1.5173600912094116
Constrained gamma: 62.04594421386719
=======
1.3908587016210328 2.0262508845671734 94.62660903033799
val isze = 0
idinces = [ 5  0  9  1  6 12 10  8  3  2  4  7 11]
training loss = 0.6596210598945618 500
training loss = 0.6566876769065857 1000
training loss = 0.6555672883987427 1500
reduced chi^2 level 2 = 0.6555107235908508
Constrained alpha: 2.7053730487823486
Constrained beta: 3.7365081310272217
Constrained gamma: 52.711036682128906
>>>>>>> bf5bffb69ec4a318117f0a4aa6bdaab926d87e87
(1, 13)
(1, 0)
data before
[0.00000000e+00 0.00000000e+00 0.00000000e+00 0.00000000e+00
 0.00000000e+00 0.00000000e+00 0.00000000e+00 0.00000000e+00
 0.00000000e+00 0.00000000e+00 0.00000000e+00 0.00000000e+00
 0.00000000e+00 0.00000000e+00 0.00000000e+00 0.00000000e+00
 0.00000000e+00 0.00000000e+00 0.00000000e+00 0.00000000e+00
 1.76041679e+01 2.04602615e+01 2.29570830e+01 2.53828314e+01
 2.74852922e+01 2.83515473e+01 2.84100336e+01 2.73032096e+01
 2.46808199e+01 2.10725834e+01 1.69763294e+01 1.31516718e+01
 9.94329206e+00 6.69389711e+00 3.72720453e+00 1.50431580e+00
 4.38242302e-01 8.98330607e-02 1.47577518e-04 0.00000000e+00
 0.00000000e+00]
6
data after
[38.06442943751097, 22.957083011995554, 25.38283143222332, 27.48529218137294, 28.351547319555284, 28.410033566919566, 27.3032096197243, 24.680819915531277, 21.072583399398923, 30.12800121620521, 22.39693244445426]
12
data,sig_tot
[38.06442944 22.95708301 25.38283143 27.48529218 28.35154732 28.41003357
 27.30320962 24.68081992 21.0725834  30.12800122 22.39693244 20.99955746
 44.8865232 ]
[38.06442944 22.95708301 25.38283143 27.48529218 28.35154732 28.41003357
 27.30320962 24.68081992 21.0725834  30.12800122 22.39693244 20.99955746
 44.8865232 ]
<<<<<<< HEAD
4.143406631538383 0.9379263877849953 62.628714831139256
val isze = 0
idinces = [ 3  7 11  6  8  2 12  5 10  1  0  4  9]
training loss = 6.56924295425415 500
training loss = 3.791278600692749 1000
training loss = 3.521031618118286 1500
training loss = 3.1803245544433594 2000
training loss = 2.642183780670166 2500
training loss = 2.21239972114563 3000
training loss = 2.031867504119873 3500
training loss = 1.9012986421585083 4000
training loss = 1.7922886610031128 4500
training loss = 1.703354835510254 5000
reduced chi^2 level 2 = 1.7031967639923096
Constrained alpha: 3.7315571308135986
Constrained beta: 1.324032187461853
Constrained gamma: 62.008026123046875
=======
4.682150001068729 14.485722863931954 28.38372548893102
val isze = 0
idinces = [ 7  2  6  3  1  5  9  4 10  8  0 11 12]
training loss = 17.82133674621582 500
training loss = 15.862653732299805 1000
training loss = 15.550981521606445 1500
training loss = 15.44600772857666 2000
training loss = 15.325489044189453 2500
training loss = 15.172441482543945 3000
training loss = 14.968095779418945 3500
training loss = 14.668909072875977 4000
training loss = 14.169293403625488 4500
training loss = 13.188019752502441 5000
>>>>>>> bf5bffb69ec4a318117f0a4aa6bdaab926d87e87
(1, 13)
(1, 0)
data before
[0.00000000e+00 0.00000000e+00 0.00000000e+00 0.00000000e+00
 0.00000000e+00 0.00000000e+00 0.00000000e+00 0.00000000e+00
 0.00000000e+00 0.00000000e+00 0.00000000e+00 0.00000000e+00
 0.00000000e+00 0.00000000e+00 0.00000000e+00 0.00000000e+00
 0.00000000e+00 0.00000000e+00 0.00000000e+00 0.00000000e+00
 1.76041679e+01 2.04602615e+01 2.29570830e+01 2.53828314e+01
 2.74852922e+01 2.83515473e+01 2.84100336e+01 2.73032096e+01
 2.46808199e+01 2.10725834e+01 1.69763294e+01 1.31516718e+01
 9.94329206e+00 6.69389711e+00 3.72720453e+00 1.50431580e+00
 4.38242302e-01 8.98330607e-02 1.47577518e-04 0.00000000e+00
 0.00000000e+00]
6
data after
[38.06442943751097, 22.957083011995554, 25.38283143222332, 27.48529218137294, 28.351547319555284, 28.410033566919566, 27.3032096197243, 24.680819915531277, 21.072583399398923, 30.12800121620521, 22.39693244445426]
12
data,sig_tot
[38.06442944 22.95708301 25.38283143 27.48529218 28.35154732 28.41003357
 27.30320962 24.68081992 21.0725834  30.12800122 22.39693244 20.99955746
 44.8865232 ]
[38.06442944 22.95708301 25.38283143 27.48529218 28.35154732 28.41003357
 27.30320962 24.68081992 21.0725834  30.12800122 22.39693244 20.99955746
 44.8865232 ]
<<<<<<< HEAD
4.143406631538383 0.9379263877849953 62.628714831139256
val isze = 0
idinces = [ 3  7 11  6  8  2 12  5 10  1  0  4  9]
training loss = 5.93550443649292 500
training loss = 3.6616928577423096 1000
training loss = 3.469980239868164 1500
training loss = 3.358356237411499 2000
training loss = 3.2263879776000977 2500
training loss = 3.0551247596740723 3000
training loss = 2.822201728820801 3500
training loss = 2.5295441150665283 4000
training loss = 2.2987678050994873 4500
training loss = 2.1847984790802 5000
reduced chi^2 level 2 = 2.1845953464508057
Constrained alpha: 3.6729414463043213
Constrained beta: 1.2090275287628174
Constrained gamma: 62.08082962036133
=======
1.7598706740459176 7.286267582880354 59.25233600104901
val isze = 0
idinces = [ 2  4  0  8  3 11  1 10  5  7  9  6 12]
training loss = 0.49638575315475464 500
training loss = 0.4810597598552704 1000
reduced chi^2 level 2 = 0.48258715867996216
Constrained alpha: 2.680600166320801
Constrained beta: 3.9320926666259766
Constrained gamma: 30.888072967529297
>>>>>>> bf5bffb69ec4a318117f0a4aa6bdaab926d87e87
(1, 13)
(1, 0)
data before
[0.00000000e+00 0.00000000e+00 0.00000000e+00 0.00000000e+00
 0.00000000e+00 0.00000000e+00 0.00000000e+00 0.00000000e+00
 0.00000000e+00 0.00000000e+00 0.00000000e+00 0.00000000e+00
 0.00000000e+00 0.00000000e+00 0.00000000e+00 0.00000000e+00
 0.00000000e+00 0.00000000e+00 0.00000000e+00 0.00000000e+00
 1.76041679e+01 2.04602615e+01 2.29570830e+01 2.53828314e+01
 2.74852922e+01 2.83515473e+01 2.84100336e+01 2.73032096e+01
 2.46808199e+01 2.10725834e+01 1.69763294e+01 1.31516718e+01
 9.94329206e+00 6.69389711e+00 3.72720453e+00 1.50431580e+00
 4.38242302e-01 8.98330607e-02 1.47577518e-04 0.00000000e+00
 0.00000000e+00]
6
data after
[38.06442943751097, 22.957083011995554, 25.38283143222332, 27.48529218137294, 28.351547319555284, 28.410033566919566, 27.3032096197243, 24.680819915531277, 21.072583399398923, 30.12800121620521, 22.39693244445426]
12
data,sig_tot
[38.06442944 22.95708301 25.38283143 27.48529218 28.35154732 28.41003357
 27.30320962 24.68081992 21.0725834  30.12800122 22.39693244 20.99955746
 44.8865232 ]
[38.06442944 22.95708301 25.38283143 27.48529218 28.35154732 28.41003357
 27.30320962 24.68081992 21.0725834  30.12800122 22.39693244 20.99955746
 44.8865232 ]
<<<<<<< HEAD
4.143406631538383 0.9379263877849953 62.628714831139256
val isze = 0
idinces = [ 3  7 11  6  8  2 12  5 10  1  0  4  9]
training loss = 13.542189598083496 500
training loss = 5.130856037139893 1000
training loss = 3.569960832595825 1500
training loss = 3.1854658126831055 2000
training loss = 2.9638619422912598 2500
training loss = 2.7615480422973633 3000
training loss = 2.5792179107666016 3500
training loss = 2.4457669258117676 4000
training loss = 2.3670833110809326 4500
training loss = 2.3110411167144775 5000
reduced chi^2 level 2 = 2.3109288215637207
Constrained alpha: 3.7040627002716064
Constrained beta: 1.3358683586120605
Constrained gamma: 62.151222229003906
=======
3.7929839011787747 9.8168595202287 71.23790430477574
val isze = 0
idinces = [ 0  6  1  3  2  7 10  8 11  9  4  5 12]
training loss = 10.324831008911133 500
training loss = 9.475837707519531 1000
training loss = 8.103986740112305 1500
training loss = 5.611538410186768 2000
training loss = 1.5113062858581543 2500
training loss = 1.088955283164978 3000
training loss = 1.0246679782867432 3500
training loss = 1.0144020318984985 4000
training loss = 1.0081144571304321 4500
training loss = 1.002777099609375 5000
reduced chi^2 level 2 = 1.0027674436569214
Constrained alpha: 3.1883010864257812
Constrained beta: 4.516085147857666
Constrained gamma: 35.552696228027344
>>>>>>> bf5bffb69ec4a318117f0a4aa6bdaab926d87e87
(1, 13)
(1, 0)
data before
[0.00000000e+00 0.00000000e+00 0.00000000e+00 0.00000000e+00
 0.00000000e+00 0.00000000e+00 0.00000000e+00 0.00000000e+00
 0.00000000e+00 0.00000000e+00 0.00000000e+00 0.00000000e+00
 0.00000000e+00 0.00000000e+00 0.00000000e+00 0.00000000e+00
 0.00000000e+00 0.00000000e+00 0.00000000e+00 0.00000000e+00
 1.76041679e+01 2.04602615e+01 2.29570830e+01 2.53828314e+01
 2.74852922e+01 2.83515473e+01 2.84100336e+01 2.73032096e+01
 2.46808199e+01 2.10725834e+01 1.69763294e+01 1.31516718e+01
 9.94329206e+00 6.69389711e+00 3.72720453e+00 1.50431580e+00
 4.38242302e-01 8.98330607e-02 1.47577518e-04 0.00000000e+00
 0.00000000e+00]
6
data after
[38.06442943751097, 22.957083011995554, 25.38283143222332, 27.48529218137294, 28.351547319555284, 28.410033566919566, 27.3032096197243, 24.680819915531277, 21.072583399398923, 30.12800121620521, 22.39693244445426]
12
data,sig_tot
[38.06442944 22.95708301 25.38283143 27.48529218 28.35154732 28.41003357
 27.30320962 24.68081992 21.0725834  30.12800122 22.39693244 20.99955746
 44.8865232 ]
[38.06442944 22.95708301 25.38283143 27.48529218 28.35154732 28.41003357
 27.30320962 24.68081992 21.0725834  30.12800122 22.39693244 20.99955746
 44.8865232 ]
<<<<<<< HEAD
4.143406631538383 0.9379263877849953 62.628714831139256
val isze = 0
idinces = [ 3  7 11  6  8  2 12  5 10  1  0  4  9]
=======
0.21096680714216443 5.478637153150546 65.57611295715334
val isze = 0
idinces = [11 10  3  6  5  0  1  9  4  7 12  2  8]
training loss = 1.0247230529785156 500
training loss = 0.9984027147293091 1000
reduced chi^2 level 2 = 1.0020506381988525
Constrained alpha: 2.5401017665863037
Constrained beta: 4.329710483551025
Constrained gamma: 32.22389221191406
>>>>>>> bf5bffb69ec4a318117f0a4aa6bdaab926d87e87
(1, 13)
(1, 0)
data before
[0.00000000e+00 0.00000000e+00 0.00000000e+00 0.00000000e+00
 0.00000000e+00 0.00000000e+00 0.00000000e+00 0.00000000e+00
 0.00000000e+00 0.00000000e+00 0.00000000e+00 0.00000000e+00
 0.00000000e+00 0.00000000e+00 0.00000000e+00 0.00000000e+00
 0.00000000e+00 0.00000000e+00 0.00000000e+00 0.00000000e+00
 1.76041679e+01 2.04602615e+01 2.29570830e+01 2.53828314e+01
 2.74852922e+01 2.83515473e+01 2.84100336e+01 2.73032096e+01
 2.46808199e+01 2.10725834e+01 1.69763294e+01 1.31516718e+01
 9.94329206e+00 6.69389711e+00 3.72720453e+00 1.50431580e+00
 4.38242302e-01 8.98330607e-02 1.47577518e-04 0.00000000e+00
 0.00000000e+00]
6
data after
[38.06442943751097, 22.957083011995554, 25.38283143222332, 27.48529218137294, 28.351547319555284, 28.410033566919566, 27.3032096197243, 24.680819915531277, 21.072583399398923, 30.12800121620521, 22.39693244445426]
12
data,sig_tot
[38.06442944 22.95708301 25.38283143 27.48529218 28.35154732 28.41003357
 27.30320962 24.68081992 21.0725834  30.12800122 22.39693244 20.99955746
 44.8865232 ]
[38.06442944 22.95708301 25.38283143 27.48529218 28.35154732 28.41003357
 27.30320962 24.68081992 21.0725834  30.12800122 22.39693244 20.99955746
 44.8865232 ]
<<<<<<< HEAD
4.143406631538383 0.9379263877849953 62.628714831139256
val isze = 0
idinces = [ 3  7 11  6  8  2 12  5 10  1  0  4  9]
training loss = 31.058744430541992 500
training loss = 2.6685380935668945 1000
training loss = 2.3283941745758057 1500
training loss = 2.255859136581421 2000
training loss = 2.2301735877990723 2500
training loss = 2.2154221534729004 3000
training loss = 2.2002182006835938 3500
training loss = 2.1820130348205566 4000
training loss = 2.1601898670196533 4500
training loss = 2.1344258785247803 5000
reduced chi^2 level 2 = 2.1343700885772705
Constrained alpha: 3.427055835723877
Constrained beta: 1.7593798637390137
Constrained gamma: 61.841373443603516
=======
3.6886714682191144 5.595532466096492 23.321344287099
val isze = 0
idinces = [ 2  7  4  1  5 10  3  6  8  0  9 12 11]
training loss = 3.6209356784820557 500
training loss = 2.293003797531128 1000
training loss = 0.8929837346076965 1500
training loss = 0.4697098135948181 2000
training loss = 0.4606964588165283 2500
reduced chi^2 level 2 = 0.4610723555088043
Constrained alpha: 2.9438226222991943
Constrained beta: 2.7569549083709717
Constrained gamma: 20.410585403442383
>>>>>>> bf5bffb69ec4a318117f0a4aa6bdaab926d87e87
(1, 13)
(1, 0)
data before
[0.00000000e+00 0.00000000e+00 0.00000000e+00 0.00000000e+00
 0.00000000e+00 0.00000000e+00 0.00000000e+00 0.00000000e+00
 0.00000000e+00 0.00000000e+00 0.00000000e+00 0.00000000e+00
 0.00000000e+00 0.00000000e+00 0.00000000e+00 0.00000000e+00
 0.00000000e+00 0.00000000e+00 0.00000000e+00 0.00000000e+00
 1.76041679e+01 2.04602615e+01 2.29570830e+01 2.53828314e+01
 2.74852922e+01 2.83515473e+01 2.84100336e+01 2.73032096e+01
 2.46808199e+01 2.10725834e+01 1.69763294e+01 1.31516718e+01
 9.94329206e+00 6.69389711e+00 3.72720453e+00 1.50431580e+00
 4.38242302e-01 8.98330607e-02 1.47577518e-04 0.00000000e+00
 0.00000000e+00]
6
data after
[38.06442943751097, 22.957083011995554, 25.38283143222332, 27.48529218137294, 28.351547319555284, 28.410033566919566, 27.3032096197243, 24.680819915531277, 21.072583399398923, 30.12800121620521, 22.39693244445426]
12
data,sig_tot
[38.06442944 22.95708301 25.38283143 27.48529218 28.35154732 28.41003357
 27.30320962 24.68081992 21.0725834  30.12800122 22.39693244 20.99955746
 44.8865232 ]
[38.06442944 22.95708301 25.38283143 27.48529218 28.35154732 28.41003357
 27.30320962 24.68081992 21.0725834  30.12800122 22.39693244 20.99955746
 44.8865232 ]
<<<<<<< HEAD
4.143406631538383 0.9379263877849953 62.628714831139256
val isze = 0
idinces = [ 3  7 11  6  8  2 12  5 10  1  0  4  9]
training loss = 4.892449378967285 500
training loss = 4.4290771484375 1000
training loss = 4.185312271118164 1500
training loss = 4.00035285949707 2000
training loss = 3.807056188583374 2500
training loss = 3.592083215713501 3000
training loss = 3.3608696460723877 3500
training loss = 3.12733793258667 4000
training loss = 2.9129438400268555 4500
training loss = 2.7425904273986816 5000
=======
1.6811685905658424 3.3705811684364173 16.640347303629277
val isze = 0
idinces = [ 5  2  8  0  4  3 10  6 11  1  9  7 12]
training loss = 1.3082451820373535 500
reduced chi^2 level 2 = 1.30986750125885
Constrained alpha: 3.049156427383423
Constrained beta: 2.8022313117980957
Constrained gamma: 3.6233632564544678
>>>>>>> bf5bffb69ec4a318117f0a4aa6bdaab926d87e87
(1, 13)
(1, 0)
data before
[0.00000000e+00 0.00000000e+00 0.00000000e+00 0.00000000e+00
 0.00000000e+00 0.00000000e+00 0.00000000e+00 0.00000000e+00
 0.00000000e+00 0.00000000e+00 0.00000000e+00 0.00000000e+00
 0.00000000e+00 0.00000000e+00 0.00000000e+00 0.00000000e+00
 0.00000000e+00 0.00000000e+00 0.00000000e+00 0.00000000e+00
 1.76041679e+01 2.04602615e+01 2.29570830e+01 2.53828314e+01
 2.74852922e+01 2.83515473e+01 2.84100336e+01 2.73032096e+01
 2.46808199e+01 2.10725834e+01 1.69763294e+01 1.31516718e+01
 9.94329206e+00 6.69389711e+00 3.72720453e+00 1.50431580e+00
 4.38242302e-01 8.98330607e-02 1.47577518e-04 0.00000000e+00
 0.00000000e+00]
6
data after
[38.06442943751097, 22.957083011995554, 25.38283143222332, 27.48529218137294, 28.351547319555284, 28.410033566919566, 27.3032096197243, 24.680819915531277, 21.072583399398923, 30.12800121620521, 22.39693244445426]
12
data,sig_tot
[38.06442944 22.95708301 25.38283143 27.48529218 28.35154732 28.41003357
 27.30320962 24.68081992 21.0725834  30.12800122 22.39693244 20.99955746
 44.8865232 ]
[38.06442944 22.95708301 25.38283143 27.48529218 28.35154732 28.41003357
 27.30320962 24.68081992 21.0725834  30.12800122 22.39693244 20.99955746
 44.8865232 ]
<<<<<<< HEAD
4.143406631538383 0.9379263877849953 62.628714831139256
val isze = 0
idinces = [ 3  7 11  6  8  2 12  5 10  1  0  4  9]
training loss = 4.298809051513672 500
training loss = 3.450082540512085 1000
training loss = 3.0495946407318115 1500
training loss = 2.781906843185425 2000
training loss = 2.596418857574463 2500
training loss = 2.4844155311584473 3000
training loss = 2.423753499984741 3500
training loss = 2.383944034576416 4000
training loss = 2.343189001083374 4500
training loss = 2.2915401458740234 5000
reduced chi^2 level 2 = 2.2914223670959473
Constrained alpha: 3.7238717079162598
Constrained beta: 1.3837074041366577
Constrained gamma: 62.121891021728516
=======
0.7689760300174348 14.093723666187373 32.01529836778031
val isze = 0
idinces = [ 8 12  9  1  0  4  7  6  5 10  3 11  2]
training loss = 0.9571702480316162 500
training loss = 0.6898944973945618 1000
reduced chi^2 level 2 = 0.6995760202407837
Constrained alpha: 2.7669517993927
Constrained beta: 4.075443744659424
Constrained gamma: 5.59400749206543
>>>>>>> bf5bffb69ec4a318117f0a4aa6bdaab926d87e87
(1, 13)
(1, 0)
data before
[0.00000000e+00 0.00000000e+00 0.00000000e+00 0.00000000e+00
 0.00000000e+00 0.00000000e+00 0.00000000e+00 0.00000000e+00
 0.00000000e+00 0.00000000e+00 0.00000000e+00 0.00000000e+00
 0.00000000e+00 0.00000000e+00 0.00000000e+00 0.00000000e+00
 0.00000000e+00 0.00000000e+00 0.00000000e+00 0.00000000e+00
 1.76041679e+01 2.04602615e+01 2.29570830e+01 2.53828314e+01
 2.74852922e+01 2.83515473e+01 2.84100336e+01 2.73032096e+01
 2.46808199e+01 2.10725834e+01 1.69763294e+01 1.31516718e+01
 9.94329206e+00 6.69389711e+00 3.72720453e+00 1.50431580e+00
 4.38242302e-01 8.98330607e-02 1.47577518e-04 0.00000000e+00
 0.00000000e+00]
6
data after
[38.06442943751097, 22.957083011995554, 25.38283143222332, 27.48529218137294, 28.351547319555284, 28.410033566919566, 27.3032096197243, 24.680819915531277, 21.072583399398923, 30.12800121620521, 22.39693244445426]
12
data,sig_tot
[38.06442944 22.95708301 25.38283143 27.48529218 28.35154732 28.41003357
 27.30320962 24.68081992 21.0725834  30.12800122 22.39693244 20.99955746
 44.8865232 ]
[38.06442944 22.95708301 25.38283143 27.48529218 28.35154732 28.41003357
 27.30320962 24.68081992 21.0725834  30.12800122 22.39693244 20.99955746
 44.8865232 ]
<<<<<<< HEAD
4.143406631538383 0.9379263877849953 62.628714831139256
val isze = 0
idinces = [ 3  7 11  6  8  2 12  5 10  1  0  4  9]
training loss = 2.7234017848968506 500
training loss = 2.4726638793945312 1000
training loss = 2.392529010772705 1500
training loss = 2.3143081665039062 2000
training loss = 2.2392594814300537 2500
training loss = 2.168633222579956 3000
training loss = 2.104766845703125 3500
training loss = 2.050828218460083 4000
training loss = 2.008455753326416 4500
training loss = 1.9735229015350342 5000
reduced chi^2 level 2 = 1.9734547138214111
Constrained alpha: 3.5061228275299072
Constrained beta: 1.6846842765808105
Constrained gamma: 61.91486358642578
=======
0.42758822051889855 2.783371976984337 9.261253990748964
val isze = 0
idinces = [ 3 11  4  5  8  7 12  0  9  1  6  2 10]
training loss = 0.23038311302661896 500
reduced chi^2 level 2 = 0.2316230684518814
Constrained alpha: 3.042325019836426
Constrained beta: 2.462064504623413
Constrained gamma: 2.1867897510528564
>>>>>>> bf5bffb69ec4a318117f0a4aa6bdaab926d87e87
(1, 13)
(1, 0)
data before
[0.00000000e+00 0.00000000e+00 0.00000000e+00 0.00000000e+00
 0.00000000e+00 0.00000000e+00 0.00000000e+00 0.00000000e+00
 0.00000000e+00 0.00000000e+00 0.00000000e+00 0.00000000e+00
 0.00000000e+00 0.00000000e+00 0.00000000e+00 0.00000000e+00
 0.00000000e+00 0.00000000e+00 0.00000000e+00 0.00000000e+00
 1.76041679e+01 2.04602615e+01 2.29570830e+01 2.53828314e+01
 2.74852922e+01 2.83515473e+01 2.84100336e+01 2.73032096e+01
 2.46808199e+01 2.10725834e+01 1.69763294e+01 1.31516718e+01
 9.94329206e+00 6.69389711e+00 3.72720453e+00 1.50431580e+00
 4.38242302e-01 8.98330607e-02 1.47577518e-04 0.00000000e+00
 0.00000000e+00]
6
data after
[38.06442943751097, 22.957083011995554, 25.38283143222332, 27.48529218137294, 28.351547319555284, 28.410033566919566, 27.3032096197243, 24.680819915531277, 21.072583399398923, 30.12800121620521, 22.39693244445426]
12
data,sig_tot
[38.06442944 22.95708301 25.38283143 27.48529218 28.35154732 28.41003357
 27.30320962 24.68081992 21.0725834  30.12800122 22.39693244 20.99955746
 44.8865232 ]
[38.06442944 22.95708301 25.38283143 27.48529218 28.35154732 28.41003357
 27.30320962 24.68081992 21.0725834  30.12800122 22.39693244 20.99955746
 44.8865232 ]
<<<<<<< HEAD
4.143406631538383 0.9379263877849953 62.628714831139256
val isze = 0
idinces = [ 3  7 11  6  8  2 12  5 10  1  0  4  9]
training loss = 4.988358497619629 500
training loss = 3.8947908878326416 1000
training loss = 3.625363349914551 1500
training loss = 3.383263111114502 2000
training loss = 3.1312780380249023 2500
training loss = 2.8793249130249023 3000
training loss = 2.668473482131958 3500
training loss = 2.546811103820801 4000
training loss = 2.475423574447632 4500
training loss = 2.3943328857421875 5000
reduced chi^2 level 2 = 2.3941445350646973
Constrained alpha: 3.63938570022583
Constrained beta: 1.0548441410064697
Constrained gamma: 61.89548873901367
=======
4.989264342192541 11.12344064929017 92.79875736157629
val isze = 0
idinces = [10  4  5 11  6  1 12  2  9  0  3  8  7]
training loss = 144.65037536621094 500
training loss = 45.02739715576172 1000
training loss = 27.033222198486328 1500
training loss = 22.16818618774414 2000
training loss = 20.582443237304688 2500
training loss = 20.013832092285156 3000
training loss = 19.780210494995117 3500
training loss = 19.649099349975586 4000
training loss = 19.54360008239746 4500
training loss = 19.443647384643555 5000
>>>>>>> bf5bffb69ec4a318117f0a4aa6bdaab926d87e87
(1, 13)
(1, 0)
data before
[0.00000000e+00 0.00000000e+00 0.00000000e+00 0.00000000e+00
 0.00000000e+00 0.00000000e+00 0.00000000e+00 0.00000000e+00
 0.00000000e+00 0.00000000e+00 0.00000000e+00 0.00000000e+00
 0.00000000e+00 0.00000000e+00 0.00000000e+00 0.00000000e+00
 0.00000000e+00 0.00000000e+00 0.00000000e+00 0.00000000e+00
 1.76041679e+01 2.04602615e+01 2.29570830e+01 2.53828314e+01
 2.74852922e+01 2.83515473e+01 2.84100336e+01 2.73032096e+01
 2.46808199e+01 2.10725834e+01 1.69763294e+01 1.31516718e+01
 9.94329206e+00 6.69389711e+00 3.72720453e+00 1.50431580e+00
 4.38242302e-01 8.98330607e-02 1.47577518e-04 0.00000000e+00
 0.00000000e+00]
6
data after
[38.06442943751097, 22.957083011995554, 25.38283143222332, 27.48529218137294, 28.351547319555284, 28.410033566919566, 27.3032096197243, 24.680819915531277, 21.072583399398923, 30.12800121620521, 22.39693244445426]
12
data,sig_tot
[38.06442944 22.95708301 25.38283143 27.48529218 28.35154732 28.41003357
 27.30320962 24.68081992 21.0725834  30.12800122 22.39693244 20.99955746
 44.8865232 ]
[38.06442944 22.95708301 25.38283143 27.48529218 28.35154732 28.41003357
 27.30320962 24.68081992 21.0725834  30.12800122 22.39693244 20.99955746
 44.8865232 ]
<<<<<<< HEAD
4.143406631538383 0.9379263877849953 62.628714831139256
val isze = 0
idinces = [ 3  7 11  6  8  2 12  5 10  1  0  4  9]
training loss = 3.872857093811035 500
training loss = 3.503061056137085 1000
training loss = 3.3050851821899414 1500
training loss = 3.148064374923706 2000
training loss = 2.984814405441284 2500
training loss = 2.808060884475708 3000
training loss = 2.626295804977417 3500
training loss = 2.463202953338623 4000
training loss = 2.34718656539917 4500
training loss = 2.2779834270477295 5000
reduced chi^2 level 2 = 2.2778725624084473
Constrained alpha: 3.6973249912261963
Constrained beta: 1.3257598876953125
Constrained gamma: 62.14575958251953
=======
0.5053888721477562 15.268580665268725 13.59030930975903
val isze = 0
idinces = [ 5  2  0 10  6  3 11  9 12  7  4  8  1]
training loss = 2.592918872833252 500
training loss = 1.1553267240524292 1000
training loss = 1.1451163291931152 1500
training loss = 1.1986576318740845 2000
training loss = 1.1271092891693115 2500
training loss = 1.1226780414581299 3000
training loss = 1.1197283267974854 3500
training loss = 1.1172274351119995 4000
training loss = 1.114494800567627 4500
training loss = 1.1126092672348022 5000
reduced chi^2 level 2 = 1.1126091480255127
Constrained alpha: 3.1232948303222656
Constrained beta: 3.342087745666504
Constrained gamma: 2.218308210372925
>>>>>>> bf5bffb69ec4a318117f0a4aa6bdaab926d87e87
(1, 13)
(1, 0)
data before
[0.00000000e+00 0.00000000e+00 0.00000000e+00 0.00000000e+00
 0.00000000e+00 0.00000000e+00 0.00000000e+00 0.00000000e+00
 0.00000000e+00 0.00000000e+00 0.00000000e+00 0.00000000e+00
 0.00000000e+00 0.00000000e+00 0.00000000e+00 0.00000000e+00
 0.00000000e+00 0.00000000e+00 0.00000000e+00 0.00000000e+00
 1.76041679e+01 2.04602615e+01 2.29570830e+01 2.53828314e+01
 2.74852922e+01 2.83515473e+01 2.84100336e+01 2.73032096e+01
 2.46808199e+01 2.10725834e+01 1.69763294e+01 1.31516718e+01
 9.94329206e+00 6.69389711e+00 3.72720453e+00 1.50431580e+00
 4.38242302e-01 8.98330607e-02 1.47577518e-04 0.00000000e+00
 0.00000000e+00]
6
data after
[38.06442943751097, 22.957083011995554, 25.38283143222332, 27.48529218137294, 28.351547319555284, 28.410033566919566, 27.3032096197243, 24.680819915531277, 21.072583399398923, 30.12800121620521, 22.39693244445426]
12
data,sig_tot
[38.06442944 22.95708301 25.38283143 27.48529218 28.35154732 28.41003357
 27.30320962 24.68081992 21.0725834  30.12800122 22.39693244 20.99955746
 44.8865232 ]
[38.06442944 22.95708301 25.38283143 27.48529218 28.35154732 28.41003357
 27.30320962 24.68081992 21.0725834  30.12800122 22.39693244 20.99955746
 44.8865232 ]
<<<<<<< HEAD
4.143406631538383 0.9379263877849953 62.628714831139256
val isze = 0
idinces = [ 3  7 11  6  8  2 12  5 10  1  0  4  9]
=======
0.8518972567035865 4.49435234363299 44.98041454404051
val isze = 0
idinces = [12 10  1  4  8 11  6  7  3  0  9  2  5]
training loss = 1.0212576389312744 500
training loss = 1.003541350364685 1000
reduced chi^2 level 2 = 1.0062055587768555
Constrained alpha: 2.9689791202545166
Constrained beta: 3.5105137825012207
Constrained gamma: 14.83887004852295
>>>>>>> bf5bffb69ec4a318117f0a4aa6bdaab926d87e87
(1, 13)
(1, 0)
data before
[0.00000000e+00 0.00000000e+00 0.00000000e+00 0.00000000e+00
 0.00000000e+00 0.00000000e+00 0.00000000e+00 0.00000000e+00
 0.00000000e+00 0.00000000e+00 0.00000000e+00 0.00000000e+00
 0.00000000e+00 0.00000000e+00 0.00000000e+00 0.00000000e+00
 0.00000000e+00 0.00000000e+00 0.00000000e+00 0.00000000e+00
 1.76041679e+01 2.04602615e+01 2.29570830e+01 2.53828314e+01
 2.74852922e+01 2.83515473e+01 2.84100336e+01 2.73032096e+01
 2.46808199e+01 2.10725834e+01 1.69763294e+01 1.31516718e+01
 9.94329206e+00 6.69389711e+00 3.72720453e+00 1.50431580e+00
 4.38242302e-01 8.98330607e-02 1.47577518e-04 0.00000000e+00
 0.00000000e+00]
6
data after
[38.06442943751097, 22.957083011995554, 25.38283143222332, 27.48529218137294, 28.351547319555284, 28.410033566919566, 27.3032096197243, 24.680819915531277, 21.072583399398923, 30.12800121620521, 22.39693244445426]
12
data,sig_tot
[38.06442944 22.95708301 25.38283143 27.48529218 28.35154732 28.41003357
 27.30320962 24.68081992 21.0725834  30.12800122 22.39693244 20.99955746
 44.8865232 ]
[38.06442944 22.95708301 25.38283143 27.48529218 28.35154732 28.41003357
 27.30320962 24.68081992 21.0725834  30.12800122 22.39693244 20.99955746
 44.8865232 ]
<<<<<<< HEAD
4.143406631538383 0.9379263877849953 62.628714831139256
val isze = 0
idinces = [ 3  7 11  6  8  2 12  5 10  1  0  4  9]
training loss = 3.092893600463867 500
training loss = 2.8616485595703125 1000
training loss = 2.629215717315674 1500
training loss = 2.440595865249634 2000
training loss = 2.3302154541015625 2500
training loss = 2.26733136177063 3000
training loss = 2.2023515701293945 3500
training loss = 2.120992660522461 4000
training loss = 2.022057056427002 4500
training loss = 1.9104697704315186 5000
reduced chi^2 level 2 = 1.9102410078048706
Constrained alpha: 3.691026210784912
Constrained beta: 1.4897249937057495
Constrained gamma: 62.07803726196289
=======
4.9673276672622055 18.761740846322784 66.6672856766893
val isze = 0
idinces = [ 4  0  6 10  9 11  5  3  8  7  2  1 12]
training loss = 32.9951057434082 500
training loss = 18.396656036376953 1000
training loss = 17.111125946044922 1500
training loss = 16.8134822845459 2000
training loss = 16.623815536499023 2500
training loss = 16.467182159423828 3000
training loss = 16.351701736450195 3500
training loss = 16.273971557617188 4000
training loss = 16.21750831604004 4500
training loss = 16.165058135986328 5000
>>>>>>> bf5bffb69ec4a318117f0a4aa6bdaab926d87e87
(1, 13)
(1, 0)
data before
[0.00000000e+00 0.00000000e+00 0.00000000e+00 0.00000000e+00
 0.00000000e+00 0.00000000e+00 0.00000000e+00 0.00000000e+00
 0.00000000e+00 0.00000000e+00 0.00000000e+00 0.00000000e+00
 0.00000000e+00 0.00000000e+00 0.00000000e+00 0.00000000e+00
 0.00000000e+00 0.00000000e+00 0.00000000e+00 0.00000000e+00
 1.76041679e+01 2.04602615e+01 2.29570830e+01 2.53828314e+01
 2.74852922e+01 2.83515473e+01 2.84100336e+01 2.73032096e+01
 2.46808199e+01 2.10725834e+01 1.69763294e+01 1.31516718e+01
 9.94329206e+00 6.69389711e+00 3.72720453e+00 1.50431580e+00
 4.38242302e-01 8.98330607e-02 1.47577518e-04 0.00000000e+00
 0.00000000e+00]
6
data after
[38.06442943751097, 22.957083011995554, 25.38283143222332, 27.48529218137294, 28.351547319555284, 28.410033566919566, 27.3032096197243, 24.680819915531277, 21.072583399398923, 30.12800121620521, 22.39693244445426]
12
data,sig_tot
[38.06442944 22.95708301 25.38283143 27.48529218 28.35154732 28.41003357
 27.30320962 24.68081992 21.0725834  30.12800122 22.39693244 20.99955746
 44.8865232 ]
[38.06442944 22.95708301 25.38283143 27.48529218 28.35154732 28.41003357
 27.30320962 24.68081992 21.0725834  30.12800122 22.39693244 20.99955746
 44.8865232 ]
<<<<<<< HEAD
4.143406631538383 0.9379263877849953 62.628714831139256
val isze = 0
idinces = [ 3  7 11  6  8  2 12  5 10  1  0  4  9]
training loss = 32.36698532104492 500
training loss = 32.157920837402344 1000
training loss = 31.93678092956543 1500
training loss = 31.13665008544922 2000
training loss = 8.502702713012695 2500
training loss = 2.514028787612915 3000
training loss = 2.3824448585510254 3500
training loss = 2.289520502090454 4000
training loss = 2.23294997215271 4500
training loss = 2.1941542625427246 5000
reduced chi^2 level 2 = 2.194080352783203
Constrained alpha: 3.6509463787078857
Constrained beta: 1.4348758459091187
Constrained gamma: 62.08872985839844
=======
0.8467542323860827 6.553342441045531 62.084106241374485
val isze = 0
idinces = [12  5 11  0  8  9  1  6  3 10  7  2  4]
training loss = 1.1303153038024902 500
training loss = 1.0324318408966064 1000
reduced chi^2 level 2 = 1.0336806774139404
Constrained alpha: 2.776792049407959
Constrained beta: 3.6438493728637695
Constrained gamma: 26.78066635131836
>>>>>>> bf5bffb69ec4a318117f0a4aa6bdaab926d87e87
(1, 13)
(1, 0)
data before
[0.00000000e+00 0.00000000e+00 0.00000000e+00 0.00000000e+00
 0.00000000e+00 0.00000000e+00 0.00000000e+00 0.00000000e+00
 0.00000000e+00 0.00000000e+00 0.00000000e+00 0.00000000e+00
 0.00000000e+00 0.00000000e+00 0.00000000e+00 0.00000000e+00
 0.00000000e+00 0.00000000e+00 0.00000000e+00 0.00000000e+00
 1.76041679e+01 2.04602615e+01 2.29570830e+01 2.53828314e+01
 2.74852922e+01 2.83515473e+01 2.84100336e+01 2.73032096e+01
 2.46808199e+01 2.10725834e+01 1.69763294e+01 1.31516718e+01
 9.94329206e+00 6.69389711e+00 3.72720453e+00 1.50431580e+00
 4.38242302e-01 8.98330607e-02 1.47577518e-04 0.00000000e+00
 0.00000000e+00]
6
data after
[38.06442943751097, 22.957083011995554, 25.38283143222332, 27.48529218137294, 28.351547319555284, 28.410033566919566, 27.3032096197243, 24.680819915531277, 21.072583399398923, 30.12800121620521, 22.39693244445426]
12
data,sig_tot
[38.06442944 22.95708301 25.38283143 27.48529218 28.35154732 28.41003357
 27.30320962 24.68081992 21.0725834  30.12800122 22.39693244 20.99955746
 44.8865232 ]
[38.06442944 22.95708301 25.38283143 27.48529218 28.35154732 28.41003357
 27.30320962 24.68081992 21.0725834  30.12800122 22.39693244 20.99955746
 44.8865232 ]
<<<<<<< HEAD
4.143406631538383 0.9379263877849953 62.628714831139256
val isze = 0
idinces = [ 3  7 11  6  8  2 12  5 10  1  0  4  9]
training loss = 3.7791852951049805 500
training loss = 3.5219709873199463 1000
training loss = 3.296116590499878 1500
training loss = 3.061793565750122 2000
training loss = 2.831014633178711 2500
training loss = 2.623492479324341 3000
training loss = 2.454056978225708 3500
training loss = 2.3298256397247314 4000
training loss = 2.2468807697296143 4500
training loss = 2.189467191696167 5000
reduced chi^2 level 2 = 2.189364433288574
Constrained alpha: 3.684748649597168
Constrained beta: 1.3564480543136597
Constrained gamma: 62.12577438354492
=======
0.9017303302051344 2.3539570232751728 16.264455511510977
val isze = 0
idinces = [ 0 10 12  2  8 11  5  1  7  4  6  9  3]
training loss = 1.6948877573013306 500
training loss = 1.6886368989944458 1000
reduced chi^2 level 2 = 1.6890448331832886
Constrained alpha: 3.101884603500366
Constrained beta: 1.9933429956436157
Constrained gamma: 2.4307422637939453
>>>>>>> bf5bffb69ec4a318117f0a4aa6bdaab926d87e87
(1, 13)
(1, 0)
data before
[0.00000000e+00 0.00000000e+00 0.00000000e+00 0.00000000e+00
 0.00000000e+00 0.00000000e+00 0.00000000e+00 0.00000000e+00
 0.00000000e+00 0.00000000e+00 0.00000000e+00 0.00000000e+00
 0.00000000e+00 0.00000000e+00 0.00000000e+00 0.00000000e+00
 0.00000000e+00 0.00000000e+00 0.00000000e+00 0.00000000e+00
 1.76041679e+01 2.04602615e+01 2.29570830e+01 2.53828314e+01
 2.74852922e+01 2.83515473e+01 2.84100336e+01 2.73032096e+01
 2.46808199e+01 2.10725834e+01 1.69763294e+01 1.31516718e+01
 9.94329206e+00 6.69389711e+00 3.72720453e+00 1.50431580e+00
 4.38242302e-01 8.98330607e-02 1.47577518e-04 0.00000000e+00
 0.00000000e+00]
6
data after
[38.06442943751097, 22.957083011995554, 25.38283143222332, 27.48529218137294, 28.351547319555284, 28.410033566919566, 27.3032096197243, 24.680819915531277, 21.072583399398923, 30.12800121620521, 22.39693244445426]
12
data,sig_tot
[38.06442944 22.95708301 25.38283143 27.48529218 28.35154732 28.41003357
 27.30320962 24.68081992 21.0725834  30.12800122 22.39693244 20.99955746
 44.8865232 ]
[38.06442944 22.95708301 25.38283143 27.48529218 28.35154732 28.41003357
 27.30320962 24.68081992 21.0725834  30.12800122 22.39693244 20.99955746
 44.8865232 ]
<<<<<<< HEAD
4.143406631538383 0.9379263877849953 62.628714831139256
val isze = 0
idinces = [ 3  7 11  6  8  2 12  5 10  1  0  4  9]
training loss = 27.285213470458984 500
training loss = 8.85176944732666 1000
training loss = 2.917154312133789 1500
training loss = 2.530670642852783 2000
training loss = 2.2928340435028076 2500
training loss = 2.155245304107666 3000
training loss = 2.0673656463623047 3500
training loss = 1.9866770505905151 4000
training loss = 1.9092543125152588 4500
training loss = 1.8377360105514526 5000
reduced chi^2 level 2 = 1.8376002311706543
Constrained alpha: 3.7028419971466064
Constrained beta: 1.435550570487976
Constrained gamma: 62.1086311340332
=======
2.2300709492508206 10.356654858093481 8.659848732050701
val isze = 0
idinces = [ 7 12  8  3 10  5  0  6  1  4  2 11  9]
training loss = 0.7368751764297485 500
training loss = 0.7054339647293091 1000
reduced chi^2 level 2 = 0.7077800035476685
Constrained alpha: 2.747335195541382
Constrained beta: 3.577190399169922
Constrained gamma: 3.3535070419311523
(1, 13)
(1, 0)
data before
[0.00000000e+00 0.00000000e+00 0.00000000e+00 0.00000000e+00
 0.00000000e+00 0.00000000e+00 0.00000000e+00 0.00000000e+00
 0.00000000e+00 0.00000000e+00 0.00000000e+00 0.00000000e+00
 0.00000000e+00 0.00000000e+00 0.00000000e+00 0.00000000e+00
 0.00000000e+00 0.00000000e+00 0.00000000e+00 0.00000000e+00
 1.76041679e+01 2.04602615e+01 2.29570830e+01 2.53828314e+01
 2.74852922e+01 2.83515473e+01 2.84100336e+01 2.73032096e+01
 2.46808199e+01 2.10725834e+01 1.69763294e+01 1.31516718e+01
 9.94329206e+00 6.69389711e+00 3.72720453e+00 1.50431580e+00
 4.38242302e-01 8.98330607e-02 1.47577518e-04 0.00000000e+00
 0.00000000e+00]
6
data after
[38.06442943751097, 22.957083011995554, 25.38283143222332, 27.48529218137294, 28.351547319555284, 28.410033566919566, 27.3032096197243, 24.680819915531277, 21.072583399398923, 30.12800121620521, 22.39693244445426]
12
data,sig_tot
[38.06442944 22.95708301 25.38283143 27.48529218 28.35154732 28.41003357
 27.30320962 24.68081992 21.0725834  30.12800122 22.39693244 20.99955746
 44.8865232 ]
[38.06442944 22.95708301 25.38283143 27.48529218 28.35154732 28.41003357
 27.30320962 24.68081992 21.0725834  30.12800122 22.39693244 20.99955746
 44.8865232 ]
1.8884602445687477 5.281579991744945 47.86562215365341
val isze = 0
idinces = [ 8  3 11 10 12  2  7  4  1  6  5  9  0]
training loss = 0.8720464110374451 500
training loss = 0.823331892490387 1000
reduced chi^2 level 2 = 0.8238579034805298
Constrained alpha: 2.895099639892578
Constrained beta: 2.6001288890838623
Constrained gamma: 19.34718132019043
(1, 13)
(1, 0)
data before
[0.00000000e+00 0.00000000e+00 0.00000000e+00 0.00000000e+00
 0.00000000e+00 0.00000000e+00 0.00000000e+00 0.00000000e+00
 0.00000000e+00 0.00000000e+00 0.00000000e+00 0.00000000e+00
 0.00000000e+00 0.00000000e+00 0.00000000e+00 0.00000000e+00
 0.00000000e+00 0.00000000e+00 0.00000000e+00 0.00000000e+00
 1.76041679e+01 2.04602615e+01 2.29570830e+01 2.53828314e+01
 2.74852922e+01 2.83515473e+01 2.84100336e+01 2.73032096e+01
 2.46808199e+01 2.10725834e+01 1.69763294e+01 1.31516718e+01
 9.94329206e+00 6.69389711e+00 3.72720453e+00 1.50431580e+00
 4.38242302e-01 8.98330607e-02 1.47577518e-04 0.00000000e+00
 0.00000000e+00]
6
data after
[38.06442943751097, 22.957083011995554, 25.38283143222332, 27.48529218137294, 28.351547319555284, 28.410033566919566, 27.3032096197243, 24.680819915531277, 21.072583399398923, 30.12800121620521, 22.39693244445426]
12
data,sig_tot
[38.06442944 22.95708301 25.38283143 27.48529218 28.35154732 28.41003357
 27.30320962 24.68081992 21.0725834  30.12800122 22.39693244 20.99955746
 44.8865232 ]
[38.06442944 22.95708301 25.38283143 27.48529218 28.35154732 28.41003357
 27.30320962 24.68081992 21.0725834  30.12800122 22.39693244 20.99955746
 44.8865232 ]
2.957938765443945 17.17478824648196 0.5557568495881626
val isze = 0
idinces = [ 0  7 10 12  9 11  3  2  1  4  8  5  6]
training loss = 1.1661605834960938 500
training loss = 1.0514179468154907 1000
reduced chi^2 level 2 = 1.0605548620224
Constrained alpha: 2.5292961597442627
Constrained beta: 3.8769240379333496
Constrained gamma: 2.0575528144836426
(1, 13)
(1, 0)
data before
[0.00000000e+00 0.00000000e+00 0.00000000e+00 0.00000000e+00
 0.00000000e+00 0.00000000e+00 0.00000000e+00 0.00000000e+00
 0.00000000e+00 0.00000000e+00 0.00000000e+00 0.00000000e+00
 0.00000000e+00 0.00000000e+00 0.00000000e+00 0.00000000e+00
 0.00000000e+00 0.00000000e+00 0.00000000e+00 0.00000000e+00
 1.76041679e+01 2.04602615e+01 2.29570830e+01 2.53828314e+01
 2.74852922e+01 2.83515473e+01 2.84100336e+01 2.73032096e+01
 2.46808199e+01 2.10725834e+01 1.69763294e+01 1.31516718e+01
 9.94329206e+00 6.69389711e+00 3.72720453e+00 1.50431580e+00
 4.38242302e-01 8.98330607e-02 1.47577518e-04 0.00000000e+00
 0.00000000e+00]
6
data after
[38.06442943751097, 22.957083011995554, 25.38283143222332, 27.48529218137294, 28.351547319555284, 28.410033566919566, 27.3032096197243, 24.680819915531277, 21.072583399398923, 30.12800121620521, 22.39693244445426]
12
data,sig_tot
[38.06442944 22.95708301 25.38283143 27.48529218 28.35154732 28.41003357
 27.30320962 24.68081992 21.0725834  30.12800122 22.39693244 20.99955746
 44.8865232 ]
[38.06442944 22.95708301 25.38283143 27.48529218 28.35154732 28.41003357
 27.30320962 24.68081992 21.0725834  30.12800122 22.39693244 20.99955746
 44.8865232 ]
3.699468546665769 5.519907505937624 43.08612370876581
val isze = 0
idinces = [12  4  7 11  2  3  0  5  1  9  8  6 10]
training loss = 5.8008317947387695 500
training loss = 2.2845094203948975 1000
training loss = 1.611316442489624 1500
training loss = 1.5849494934082031 2000
training loss = 1.5452057123184204 2500
training loss = 1.507460117340088 3000
training loss = 1.4782161712646484 3500
training loss = 1.458469033241272 4000
training loss = 1.4409425258636475 4500
training loss = 1.3629815578460693 5000
reduced chi^2 level 2 = 1.3627312183380127
Constrained alpha: 3.2723968029022217
Constrained beta: 3.6600096225738525
Constrained gamma: 19.58307456970215
(1, 13)
(1, 0)
data before
[0.00000000e+00 0.00000000e+00 0.00000000e+00 0.00000000e+00
 0.00000000e+00 0.00000000e+00 0.00000000e+00 0.00000000e+00
 0.00000000e+00 0.00000000e+00 0.00000000e+00 0.00000000e+00
 0.00000000e+00 0.00000000e+00 0.00000000e+00 0.00000000e+00
 0.00000000e+00 0.00000000e+00 0.00000000e+00 0.00000000e+00
 1.76041679e+01 2.04602615e+01 2.29570830e+01 2.53828314e+01
 2.74852922e+01 2.83515473e+01 2.84100336e+01 2.73032096e+01
 2.46808199e+01 2.10725834e+01 1.69763294e+01 1.31516718e+01
 9.94329206e+00 6.69389711e+00 3.72720453e+00 1.50431580e+00
 4.38242302e-01 8.98330607e-02 1.47577518e-04 0.00000000e+00
 0.00000000e+00]
6
data after
[38.06442943751097, 22.957083011995554, 25.38283143222332, 27.48529218137294, 28.351547319555284, 28.410033566919566, 27.3032096197243, 24.680819915531277, 21.072583399398923, 30.12800121620521, 22.39693244445426]
12
data,sig_tot
[38.06442944 22.95708301 25.38283143 27.48529218 28.35154732 28.41003357
 27.30320962 24.68081992 21.0725834  30.12800122 22.39693244 20.99955746
 44.8865232 ]
[38.06442944 22.95708301 25.38283143 27.48529218 28.35154732 28.41003357
 27.30320962 24.68081992 21.0725834  30.12800122 22.39693244 20.99955746
 44.8865232 ]
2.688970011205803 0.017448322417414897 93.8243857064075
val isze = 0
idinces = [11  7  6  1  3  4  9  5  8 12 10  2  0]
training loss = 4.9630045890808105 500
training loss = 1.3796687126159668 1000
training loss = 1.34664785861969 1500
training loss = 1.323976993560791 2000
training loss = 1.301827073097229 2500
training loss = 1.2797778844833374 3000
training loss = 1.2599141597747803 3500
training loss = 1.2449911832809448 4000
training loss = 1.2367286682128906 4500
training loss = 1.2331243753433228 5000
reduced chi^2 level 2 = 1.2331193685531616
Constrained alpha: 2.6464030742645264
Constrained beta: 0.46193456649780273
Constrained gamma: 23.60315704345703
(1, 13)
(1, 0)
data before
[0.00000000e+00 0.00000000e+00 0.00000000e+00 0.00000000e+00
 0.00000000e+00 0.00000000e+00 0.00000000e+00 0.00000000e+00
 0.00000000e+00 0.00000000e+00 0.00000000e+00 0.00000000e+00
 0.00000000e+00 0.00000000e+00 0.00000000e+00 0.00000000e+00
 0.00000000e+00 0.00000000e+00 0.00000000e+00 0.00000000e+00
 1.76041679e+01 2.04602615e+01 2.29570830e+01 2.53828314e+01
 2.74852922e+01 2.83515473e+01 2.84100336e+01 2.73032096e+01
 2.46808199e+01 2.10725834e+01 1.69763294e+01 1.31516718e+01
 9.94329206e+00 6.69389711e+00 3.72720453e+00 1.50431580e+00
 4.38242302e-01 8.98330607e-02 1.47577518e-04 0.00000000e+00
 0.00000000e+00]
6
data after
[38.06442943751097, 22.957083011995554, 25.38283143222332, 27.48529218137294, 28.351547319555284, 28.410033566919566, 27.3032096197243, 24.680819915531277, 21.072583399398923, 30.12800121620521, 22.39693244445426]
12
data,sig_tot
[38.06442944 22.95708301 25.38283143 27.48529218 28.35154732 28.41003357
 27.30320962 24.68081992 21.0725834  30.12800122 22.39693244 20.99955746
 44.8865232 ]
[38.06442944 22.95708301 25.38283143 27.48529218 28.35154732 28.41003357
 27.30320962 24.68081992 21.0725834  30.12800122 22.39693244 20.99955746
 44.8865232 ]
4.0859858249203915 10.87147466569604 43.7469310677543
val isze = 0
idinces = [ 0  5  2 10  1  3 11  4 12  9  6  8  7]
training loss = 13.224475860595703 500
training loss = 13.066465377807617 1000
training loss = 12.830412864685059 1500
training loss = 12.458818435668945 2000
training loss = 11.45683765411377 2500
training loss = 7.730173110961914 3000
training loss = 3.482215404510498 3500
training loss = 2.66532826423645 4000
training loss = 2.244741201400757 4500
training loss = 1.8556326627731323 5000
reduced chi^2 level 2 = 1.8548623323440552
Constrained alpha: 3.6884853839874268
Constrained beta: 7.798505783081055
Constrained gamma: 38.99156188964844
(1, 13)
(1, 0)
data before
[0.00000000e+00 0.00000000e+00 0.00000000e+00 0.00000000e+00
 0.00000000e+00 0.00000000e+00 0.00000000e+00 0.00000000e+00
 0.00000000e+00 0.00000000e+00 0.00000000e+00 0.00000000e+00
 0.00000000e+00 0.00000000e+00 0.00000000e+00 0.00000000e+00
 0.00000000e+00 0.00000000e+00 0.00000000e+00 0.00000000e+00
 1.76041679e+01 2.04602615e+01 2.29570830e+01 2.53828314e+01
 2.74852922e+01 2.83515473e+01 2.84100336e+01 2.73032096e+01
 2.46808199e+01 2.10725834e+01 1.69763294e+01 1.31516718e+01
 9.94329206e+00 6.69389711e+00 3.72720453e+00 1.50431580e+00
 4.38242302e-01 8.98330607e-02 1.47577518e-04 0.00000000e+00
 0.00000000e+00]
6
data after
[38.06442943751097, 22.957083011995554, 25.38283143222332, 27.48529218137294, 28.351547319555284, 28.410033566919566, 27.3032096197243, 24.680819915531277, 21.072583399398923, 30.12800121620521, 22.39693244445426]
12
data,sig_tot
[38.06442944 22.95708301 25.38283143 27.48529218 28.35154732 28.41003357
 27.30320962 24.68081992 21.0725834  30.12800122 22.39693244 20.99955746
 44.8865232 ]
[38.06442944 22.95708301 25.38283143 27.48529218 28.35154732 28.41003357
 27.30320962 24.68081992 21.0725834  30.12800122 22.39693244 20.99955746
 44.8865232 ]
0.875928236049407 7.807821252491529 54.380974391332146
val isze = 0
idinces = [ 8  6  5 11 12  4  1  2  7  0  3 10  9]
training loss = 0.9643177390098572 500
training loss = 0.8227516412734985 1000
reduced chi^2 level 2 = 0.8192433714866638
Constrained alpha: 2.9893927574157715
Constrained beta: 3.54875111579895
Constrained gamma: 19.055416107177734
(1, 13)
(1, 0)
data before
[0.00000000e+00 0.00000000e+00 0.00000000e+00 0.00000000e+00
 0.00000000e+00 0.00000000e+00 0.00000000e+00 0.00000000e+00
 0.00000000e+00 0.00000000e+00 0.00000000e+00 0.00000000e+00
 0.00000000e+00 0.00000000e+00 0.00000000e+00 0.00000000e+00
 0.00000000e+00 0.00000000e+00 0.00000000e+00 0.00000000e+00
 1.76041679e+01 2.04602615e+01 2.29570830e+01 2.53828314e+01
 2.74852922e+01 2.83515473e+01 2.84100336e+01 2.73032096e+01
 2.46808199e+01 2.10725834e+01 1.69763294e+01 1.31516718e+01
 9.94329206e+00 6.69389711e+00 3.72720453e+00 1.50431580e+00
 4.38242302e-01 8.98330607e-02 1.47577518e-04 0.00000000e+00
 0.00000000e+00]
6
data after
[38.06442943751097, 22.957083011995554, 25.38283143222332, 27.48529218137294, 28.351547319555284, 28.410033566919566, 27.3032096197243, 24.680819915531277, 21.072583399398923, 30.12800121620521, 22.39693244445426]
12
data,sig_tot
[38.06442944 22.95708301 25.38283143 27.48529218 28.35154732 28.41003357
 27.30320962 24.68081992 21.0725834  30.12800122 22.39693244 20.99955746
 44.8865232 ]
[38.06442944 22.95708301 25.38283143 27.48529218 28.35154732 28.41003357
 27.30320962 24.68081992 21.0725834  30.12800122 22.39693244 20.99955746
 44.8865232 ]
1.0719305502764214 19.274365928512776 21.545029114265503
val isze = 0
idinces = [ 9  6  3  1 12  8 11  0  7  2  4 10  5]
training loss = 3.5676732063293457 500
training loss = 2.5057830810546875 1000
reduced chi^2 level 2 = 2.4718129634857178
Constrained alpha: 2.971626043319702
Constrained beta: 2.3469326496124268
Constrained gamma: 1.952571988105774
(1, 13)
(1, 0)
data before
[0.00000000e+00 0.00000000e+00 0.00000000e+00 0.00000000e+00
 0.00000000e+00 0.00000000e+00 0.00000000e+00 0.00000000e+00
 0.00000000e+00 0.00000000e+00 0.00000000e+00 0.00000000e+00
 0.00000000e+00 0.00000000e+00 0.00000000e+00 0.00000000e+00
 0.00000000e+00 0.00000000e+00 0.00000000e+00 0.00000000e+00
 1.76041679e+01 2.04602615e+01 2.29570830e+01 2.53828314e+01
 2.74852922e+01 2.83515473e+01 2.84100336e+01 2.73032096e+01
 2.46808199e+01 2.10725834e+01 1.69763294e+01 1.31516718e+01
 9.94329206e+00 6.69389711e+00 3.72720453e+00 1.50431580e+00
 4.38242302e-01 8.98330607e-02 1.47577518e-04 0.00000000e+00
 0.00000000e+00]
6
data after
[38.06442943751097, 22.957083011995554, 25.38283143222332, 27.48529218137294, 28.351547319555284, 28.410033566919566, 27.3032096197243, 24.680819915531277, 21.072583399398923, 30.12800121620521, 22.39693244445426]
12
data,sig_tot
[38.06442944 22.95708301 25.38283143 27.48529218 28.35154732 28.41003357
 27.30320962 24.68081992 21.0725834  30.12800122 22.39693244 20.99955746
 44.8865232 ]
[38.06442944 22.95708301 25.38283143 27.48529218 28.35154732 28.41003357
 27.30320962 24.68081992 21.0725834  30.12800122 22.39693244 20.99955746
 44.8865232 ]
0.9526845941454987 14.099192505470084 35.383045024987325
val isze = 0
idinces = [ 2  6  0  8  3  5  1 12 11  7 10  4  9]
training loss = 1.0211607217788696 500
training loss = 0.6141186952590942 1000
reduced chi^2 level 2 = 0.6014294624328613
Constrained alpha: 2.8136632442474365
Constrained beta: 3.722609281539917
Constrained gamma: 6.31655216217041
(1, 13)
(1, 0)
data before
[0.00000000e+00 0.00000000e+00 0.00000000e+00 0.00000000e+00
 0.00000000e+00 0.00000000e+00 0.00000000e+00 0.00000000e+00
 0.00000000e+00 0.00000000e+00 0.00000000e+00 0.00000000e+00
 0.00000000e+00 0.00000000e+00 0.00000000e+00 0.00000000e+00
 0.00000000e+00 0.00000000e+00 0.00000000e+00 0.00000000e+00
 1.76041679e+01 2.04602615e+01 2.29570830e+01 2.53828314e+01
 2.74852922e+01 2.83515473e+01 2.84100336e+01 2.73032096e+01
 2.46808199e+01 2.10725834e+01 1.69763294e+01 1.31516718e+01
 9.94329206e+00 6.69389711e+00 3.72720453e+00 1.50431580e+00
 4.38242302e-01 8.98330607e-02 1.47577518e-04 0.00000000e+00
 0.00000000e+00]
6
data after
[38.06442943751097, 22.957083011995554, 25.38283143222332, 27.48529218137294, 28.351547319555284, 28.410033566919566, 27.3032096197243, 24.680819915531277, 21.072583399398923, 30.12800121620521, 22.39693244445426]
12
data,sig_tot
[38.06442944 22.95708301 25.38283143 27.48529218 28.35154732 28.41003357
 27.30320962 24.68081992 21.0725834  30.12800122 22.39693244 20.99955746
 44.8865232 ]
[38.06442944 22.95708301 25.38283143 27.48529218 28.35154732 28.41003357
 27.30320962 24.68081992 21.0725834  30.12800122 22.39693244 20.99955746
 44.8865232 ]
1.8599307139992638 14.407175367102516 64.60171852612542
val isze = 0
idinces = [ 8  5  1  2 10  3  6  7  4  9  0 11 12]
training loss = 1.0535746812820435 500
training loss = 0.6791157126426697 1000
reduced chi^2 level 2 = 0.6790484189987183
Constrained alpha: 2.8778767585754395
Constrained beta: 3.0753140449523926
Constrained gamma: 29.32877540588379
(1, 13)
(1, 0)
data before
[0.00000000e+00 0.00000000e+00 0.00000000e+00 0.00000000e+00
 0.00000000e+00 0.00000000e+00 0.00000000e+00 0.00000000e+00
 0.00000000e+00 0.00000000e+00 0.00000000e+00 0.00000000e+00
 0.00000000e+00 0.00000000e+00 0.00000000e+00 0.00000000e+00
 0.00000000e+00 0.00000000e+00 0.00000000e+00 0.00000000e+00
 1.76041679e+01 2.04602615e+01 2.29570830e+01 2.53828314e+01
 2.74852922e+01 2.83515473e+01 2.84100336e+01 2.73032096e+01
 2.46808199e+01 2.10725834e+01 1.69763294e+01 1.31516718e+01
 9.94329206e+00 6.69389711e+00 3.72720453e+00 1.50431580e+00
 4.38242302e-01 8.98330607e-02 1.47577518e-04 0.00000000e+00
 0.00000000e+00]
6
data after
[38.06442943751097, 22.957083011995554, 25.38283143222332, 27.48529218137294, 28.351547319555284, 28.410033566919566, 27.3032096197243, 24.680819915531277, 21.072583399398923, 30.12800121620521, 22.39693244445426]
12
data,sig_tot
[38.06442944 22.95708301 25.38283143 27.48529218 28.35154732 28.41003357
 27.30320962 24.68081992 21.0725834  30.12800122 22.39693244 20.99955746
 44.8865232 ]
[38.06442944 22.95708301 25.38283143 27.48529218 28.35154732 28.41003357
 27.30320962 24.68081992 21.0725834  30.12800122 22.39693244 20.99955746
 44.8865232 ]
3.059665402258094 8.322679954787635 50.83606994418501
val isze = 0
idinces = [ 2  8  5  7  3  0 11  6  9 10  4 12  1]
training loss = 0.583121120929718 500
reduced chi^2 level 2 = 0.5849116444587708
Constrained alpha: 2.461707592010498
Constrained beta: 4.385547161102295
Constrained gamma: 35.83220291137695
(1, 13)
(1, 0)
data before
[0.00000000e+00 0.00000000e+00 0.00000000e+00 0.00000000e+00
 0.00000000e+00 0.00000000e+00 0.00000000e+00 0.00000000e+00
 0.00000000e+00 0.00000000e+00 0.00000000e+00 0.00000000e+00
 0.00000000e+00 0.00000000e+00 0.00000000e+00 0.00000000e+00
 0.00000000e+00 0.00000000e+00 0.00000000e+00 0.00000000e+00
 1.76041679e+01 2.04602615e+01 2.29570830e+01 2.53828314e+01
 2.74852922e+01 2.83515473e+01 2.84100336e+01 2.73032096e+01
 2.46808199e+01 2.10725834e+01 1.69763294e+01 1.31516718e+01
 9.94329206e+00 6.69389711e+00 3.72720453e+00 1.50431580e+00
 4.38242302e-01 8.98330607e-02 1.47577518e-04 0.00000000e+00
 0.00000000e+00]
6
data after
[38.06442943751097, 22.957083011995554, 25.38283143222332, 27.48529218137294, 28.351547319555284, 28.410033566919566, 27.3032096197243, 24.680819915531277, 21.072583399398923, 30.12800121620521, 22.39693244445426]
12
data,sig_tot
[38.06442944 22.95708301 25.38283143 27.48529218 28.35154732 28.41003357
 27.30320962 24.68081992 21.0725834  30.12800122 22.39693244 20.99955746
 44.8865232 ]
[38.06442944 22.95708301 25.38283143 27.48529218 28.35154732 28.41003357
 27.30320962 24.68081992 21.0725834  30.12800122 22.39693244 20.99955746
 44.8865232 ]
3.82910409427682 11.971063311075739 50.447365893357855
val isze = 0
idinces = [ 9  7  4  3 11  1  6  0  2  8 12 10  5]
training loss = 14.479718208312988 500
training loss = 10.890669822692871 1000
training loss = 0.38719773292541504 1500
training loss = 0.24694961309432983 2000
training loss = 0.21892812848091125 2500
training loss = 0.21696609258651733 3000
reduced chi^2 level 2 = 0.2190675437450409
Constrained alpha: 3.3758275508880615
Constrained beta: 5.813754081726074
Constrained gamma: 28.682844161987305
(1, 13)
(1, 0)
data before
[0.00000000e+00 0.00000000e+00 0.00000000e+00 0.00000000e+00
 0.00000000e+00 0.00000000e+00 0.00000000e+00 0.00000000e+00
 0.00000000e+00 0.00000000e+00 0.00000000e+00 0.00000000e+00
 0.00000000e+00 0.00000000e+00 0.00000000e+00 0.00000000e+00
 0.00000000e+00 0.00000000e+00 0.00000000e+00 0.00000000e+00
 1.76041679e+01 2.04602615e+01 2.29570830e+01 2.53828314e+01
 2.74852922e+01 2.83515473e+01 2.84100336e+01 2.73032096e+01
 2.46808199e+01 2.10725834e+01 1.69763294e+01 1.31516718e+01
 9.94329206e+00 6.69389711e+00 3.72720453e+00 1.50431580e+00
 4.38242302e-01 8.98330607e-02 1.47577518e-04 0.00000000e+00
 0.00000000e+00]
6
data after
[38.06442943751097, 22.957083011995554, 25.38283143222332, 27.48529218137294, 28.351547319555284, 28.410033566919566, 27.3032096197243, 24.680819915531277, 21.072583399398923, 30.12800121620521, 22.39693244445426]
12
data,sig_tot
[38.06442944 22.95708301 25.38283143 27.48529218 28.35154732 28.41003357
 27.30320962 24.68081992 21.0725834  30.12800122 22.39693244 20.99955746
 44.8865232 ]
[38.06442944 22.95708301 25.38283143 27.48529218 28.35154732 28.41003357
 27.30320962 24.68081992 21.0725834  30.12800122 22.39693244 20.99955746
 44.8865232 ]
3.4193691134964603 19.472250636138323 58.3574860158262
val isze = 0
idinces = [ 2  9  5  1 12  3  6  7 10  4  8 11  0]
training loss = 10.607429504394531 500
training loss = 7.9226274490356445 1000
training loss = 2.3736884593963623 1500
training loss = 1.0041629076004028 2000
training loss = 0.9807287454605103 2500
training loss = 0.9711841344833374 3000
reduced chi^2 level 2 = 0.9746646285057068
Constrained alpha: 2.7015016078948975
Constrained beta: 4.016107082366943
Constrained gamma: 13.17722225189209
(1, 13)
(1, 0)
data before
[0.00000000e+00 0.00000000e+00 0.00000000e+00 0.00000000e+00
 0.00000000e+00 0.00000000e+00 0.00000000e+00 0.00000000e+00
 0.00000000e+00 0.00000000e+00 0.00000000e+00 0.00000000e+00
 0.00000000e+00 0.00000000e+00 0.00000000e+00 0.00000000e+00
 0.00000000e+00 0.00000000e+00 0.00000000e+00 0.00000000e+00
 1.76041679e+01 2.04602615e+01 2.29570830e+01 2.53828314e+01
 2.74852922e+01 2.83515473e+01 2.84100336e+01 2.73032096e+01
 2.46808199e+01 2.10725834e+01 1.69763294e+01 1.31516718e+01
 9.94329206e+00 6.69389711e+00 3.72720453e+00 1.50431580e+00
 4.38242302e-01 8.98330607e-02 1.47577518e-04 0.00000000e+00
 0.00000000e+00]
6
data after
[38.06442943751097, 22.957083011995554, 25.38283143222332, 27.48529218137294, 28.351547319555284, 28.410033566919566, 27.3032096197243, 24.680819915531277, 21.072583399398923, 30.12800121620521, 22.39693244445426]
12
data,sig_tot
[38.06442944 22.95708301 25.38283143 27.48529218 28.35154732 28.41003357
 27.30320962 24.68081992 21.0725834  30.12800122 22.39693244 20.99955746
 44.8865232 ]
[38.06442944 22.95708301 25.38283143 27.48529218 28.35154732 28.41003357
 27.30320962 24.68081992 21.0725834  30.12800122 22.39693244 20.99955746
 44.8865232 ]
3.943906108150235 13.669210919036486 84.36156111529701
val isze = 0
idinces = [ 6  1  3  2  4 10  9  5 12  7  0 11  8]
training loss = 14.027348518371582 500
training loss = 13.587812423706055 1000
training loss = 12.96713924407959 1500
training loss = 11.911630630493164 2000
training loss = 9.589346885681152 2500
training loss = 5.950925827026367 3000
training loss = 4.31755256652832 3500
training loss = 3.5762460231781006 4000
training loss = 2.996783494949341 4500
training loss = 2.4747414588928223 5000
reduced chi^2 level 2 = 2.4737417697906494
Constrained alpha: 3.6024441719055176
Constrained beta: 11.794331550598145
Constrained gamma: 75.11654663085938
(1, 13)
(1, 0)
data before
[0.00000000e+00 0.00000000e+00 0.00000000e+00 0.00000000e+00
 0.00000000e+00 0.00000000e+00 0.00000000e+00 0.00000000e+00
 0.00000000e+00 0.00000000e+00 0.00000000e+00 0.00000000e+00
 0.00000000e+00 0.00000000e+00 0.00000000e+00 0.00000000e+00
 0.00000000e+00 0.00000000e+00 0.00000000e+00 0.00000000e+00
 1.76041679e+01 2.04602615e+01 2.29570830e+01 2.53828314e+01
 2.74852922e+01 2.83515473e+01 2.84100336e+01 2.73032096e+01
 2.46808199e+01 2.10725834e+01 1.69763294e+01 1.31516718e+01
 9.94329206e+00 6.69389711e+00 3.72720453e+00 1.50431580e+00
 4.38242302e-01 8.98330607e-02 1.47577518e-04 0.00000000e+00
 0.00000000e+00]
6
data after
[38.06442943751097, 22.957083011995554, 25.38283143222332, 27.48529218137294, 28.351547319555284, 28.410033566919566, 27.3032096197243, 24.680819915531277, 21.072583399398923, 30.12800121620521, 22.39693244445426]
12
data,sig_tot
[38.06442944 22.95708301 25.38283143 27.48529218 28.35154732 28.41003357
 27.30320962 24.68081992 21.0725834  30.12800122 22.39693244 20.99955746
 44.8865232 ]
[38.06442944 22.95708301 25.38283143 27.48529218 28.35154732 28.41003357
 27.30320962 24.68081992 21.0725834  30.12800122 22.39693244 20.99955746
 44.8865232 ]
0.12525851445579717 1.299393876102306 37.73747225876316
val isze = 0
idinces = [ 4  3  9  0  1 12  2  6  7 10  8  5 11]
reduced chi^2 level 2 = 0.8259396553039551
Constrained alpha: 2.859797716140747
Constrained beta: 3.4059531688690186
Constrained gamma: 26.67452049255371
(1, 13)
(1, 0)
data before
[0.00000000e+00 0.00000000e+00 0.00000000e+00 0.00000000e+00
 0.00000000e+00 0.00000000e+00 0.00000000e+00 0.00000000e+00
 0.00000000e+00 0.00000000e+00 0.00000000e+00 0.00000000e+00
 0.00000000e+00 0.00000000e+00 0.00000000e+00 0.00000000e+00
 0.00000000e+00 0.00000000e+00 0.00000000e+00 0.00000000e+00
 1.76041679e+01 2.04602615e+01 2.29570830e+01 2.53828314e+01
 2.74852922e+01 2.83515473e+01 2.84100336e+01 2.73032096e+01
 2.46808199e+01 2.10725834e+01 1.69763294e+01 1.31516718e+01
 9.94329206e+00 6.69389711e+00 3.72720453e+00 1.50431580e+00
 4.38242302e-01 8.98330607e-02 1.47577518e-04 0.00000000e+00
 0.00000000e+00]
6
data after
[38.06442943751097, 22.957083011995554, 25.38283143222332, 27.48529218137294, 28.351547319555284, 28.410033566919566, 27.3032096197243, 24.680819915531277, 21.072583399398923, 30.12800121620521, 22.39693244445426]
12
data,sig_tot
[38.06442944 22.95708301 25.38283143 27.48529218 28.35154732 28.41003357
 27.30320962 24.68081992 21.0725834  30.12800122 22.39693244 20.99955746
 44.8865232 ]
[38.06442944 22.95708301 25.38283143 27.48529218 28.35154732 28.41003357
 27.30320962 24.68081992 21.0725834  30.12800122 22.39693244 20.99955746
 44.8865232 ]
0.07800506844327593 2.7496052848822283 57.468336531450106
val isze = 0
idinces = [ 3  2  9  4  8 12  7 11 10  6  1  0  5]
training loss = 0.3834562301635742 500
training loss = 0.37786242365837097 1000
reduced chi^2 level 2 = 0.3785751163959503
Constrained alpha: 2.952232599258423
Constrained beta: 3.253560781478882
Constrained gamma: 28.833866119384766
(1, 13)
(1, 0)
data before
[0.00000000e+00 0.00000000e+00 0.00000000e+00 0.00000000e+00
 0.00000000e+00 0.00000000e+00 0.00000000e+00 0.00000000e+00
 0.00000000e+00 0.00000000e+00 0.00000000e+00 0.00000000e+00
 0.00000000e+00 0.00000000e+00 0.00000000e+00 0.00000000e+00
 0.00000000e+00 0.00000000e+00 0.00000000e+00 0.00000000e+00
 1.76041679e+01 2.04602615e+01 2.29570830e+01 2.53828314e+01
 2.74852922e+01 2.83515473e+01 2.84100336e+01 2.73032096e+01
 2.46808199e+01 2.10725834e+01 1.69763294e+01 1.31516718e+01
 9.94329206e+00 6.69389711e+00 3.72720453e+00 1.50431580e+00
 4.38242302e-01 8.98330607e-02 1.47577518e-04 0.00000000e+00
 0.00000000e+00]
6
data after
[38.06442943751097, 22.957083011995554, 25.38283143222332, 27.48529218137294, 28.351547319555284, 28.410033566919566, 27.3032096197243, 24.680819915531277, 21.072583399398923, 30.12800121620521, 22.39693244445426]
12
data,sig_tot
[38.06442944 22.95708301 25.38283143 27.48529218 28.35154732 28.41003357
 27.30320962 24.68081992 21.0725834  30.12800122 22.39693244 20.99955746
 44.8865232 ]
[38.06442944 22.95708301 25.38283143 27.48529218 28.35154732 28.41003357
 27.30320962 24.68081992 21.0725834  30.12800122 22.39693244 20.99955746
 44.8865232 ]
3.8632659920078787 3.232734296294053 74.02042271767714
val isze = 0
idinces = [ 3  5  8 10  9  4  7  1 11  2  6  0 12]
training loss = 4.864810943603516 500
training loss = 4.221529006958008 1000
training loss = 3.5639400482177734 1500
training loss = 2.6520748138427734 2000
training loss = 1.6315882205963135 2500
training loss = 1.218036413192749 3000
training loss = 1.1936763525009155 3500
reduced chi^2 level 2 = 1.1965538263320923
Constrained alpha: 3.395434856414795
Constrained beta: 2.685059070587158
Constrained gamma: 68.11775207519531
(1, 13)
(1, 0)
data before
[0.00000000e+00 0.00000000e+00 0.00000000e+00 0.00000000e+00
 0.00000000e+00 0.00000000e+00 0.00000000e+00 0.00000000e+00
 0.00000000e+00 0.00000000e+00 0.00000000e+00 0.00000000e+00
 0.00000000e+00 0.00000000e+00 0.00000000e+00 0.00000000e+00
 0.00000000e+00 0.00000000e+00 0.00000000e+00 0.00000000e+00
 1.76041679e+01 2.04602615e+01 2.29570830e+01 2.53828314e+01
 2.74852922e+01 2.83515473e+01 2.84100336e+01 2.73032096e+01
 2.46808199e+01 2.10725834e+01 1.69763294e+01 1.31516718e+01
 9.94329206e+00 6.69389711e+00 3.72720453e+00 1.50431580e+00
 4.38242302e-01 8.98330607e-02 1.47577518e-04 0.00000000e+00
 0.00000000e+00]
6
data after
[38.06442943751097, 22.957083011995554, 25.38283143222332, 27.48529218137294, 28.351547319555284, 28.410033566919566, 27.3032096197243, 24.680819915531277, 21.072583399398923, 30.12800121620521, 22.39693244445426]
12
data,sig_tot
[38.06442944 22.95708301 25.38283143 27.48529218 28.35154732 28.41003357
 27.30320962 24.68081992 21.0725834  30.12800122 22.39693244 20.99955746
 44.8865232 ]
[38.06442944 22.95708301 25.38283143 27.48529218 28.35154732 28.41003357
 27.30320962 24.68081992 21.0725834  30.12800122 22.39693244 20.99955746
 44.8865232 ]
0.7539200152757491 3.1272977089081566 89.23557946074358
val isze = 0
idinces = [ 5  9  0 12 10 11  7  3  8  6  4  1  2]
training loss = 0.9011539816856384 500
training loss = 0.8847619891166687 1000
reduced chi^2 level 2 = 0.8860007524490356
Constrained alpha: 2.854891538619995
Constrained beta: 3.380922794342041
Constrained gamma: 54.78144073486328
(1, 13)
(1, 0)
data before
[0.00000000e+00 0.00000000e+00 0.00000000e+00 0.00000000e+00
 0.00000000e+00 0.00000000e+00 0.00000000e+00 0.00000000e+00
 0.00000000e+00 0.00000000e+00 0.00000000e+00 0.00000000e+00
 0.00000000e+00 0.00000000e+00 0.00000000e+00 0.00000000e+00
 0.00000000e+00 0.00000000e+00 0.00000000e+00 0.00000000e+00
 1.76041679e+01 2.04602615e+01 2.29570830e+01 2.53828314e+01
 2.74852922e+01 2.83515473e+01 2.84100336e+01 2.73032096e+01
 2.46808199e+01 2.10725834e+01 1.69763294e+01 1.31516718e+01
 9.94329206e+00 6.69389711e+00 3.72720453e+00 1.50431580e+00
 4.38242302e-01 8.98330607e-02 1.47577518e-04 0.00000000e+00
 0.00000000e+00]
6
data after
[38.06442943751097, 22.957083011995554, 25.38283143222332, 27.48529218137294, 28.351547319555284, 28.410033566919566, 27.3032096197243, 24.680819915531277, 21.072583399398923, 30.12800121620521, 22.39693244445426]
12
data,sig_tot
[38.06442944 22.95708301 25.38283143 27.48529218 28.35154732 28.41003357
 27.30320962 24.68081992 21.0725834  30.12800122 22.39693244 20.99955746
 44.8865232 ]
[38.06442944 22.95708301 25.38283143 27.48529218 28.35154732 28.41003357
 27.30320962 24.68081992 21.0725834  30.12800122 22.39693244 20.99955746
 44.8865232 ]
3.338603905010303 8.13561651979837 12.554813811326982
val isze = 0
idinces = [12  0  9  8  3 10  6  5 11  2  4  1  7]
training loss = 0.8810632228851318 500
reduced chi^2 level 2 = 0.8894960880279541
Constrained alpha: 2.9293549060821533
Constrained beta: 3.514633893966675
Constrained gamma: 4.161501407623291
(1, 13)
(1, 0)
data before
[0.00000000e+00 0.00000000e+00 0.00000000e+00 0.00000000e+00
 0.00000000e+00 0.00000000e+00 0.00000000e+00 0.00000000e+00
 0.00000000e+00 0.00000000e+00 0.00000000e+00 0.00000000e+00
 0.00000000e+00 0.00000000e+00 0.00000000e+00 0.00000000e+00
 0.00000000e+00 0.00000000e+00 0.00000000e+00 0.00000000e+00
 1.76041679e+01 2.04602615e+01 2.29570830e+01 2.53828314e+01
 2.74852922e+01 2.83515473e+01 2.84100336e+01 2.73032096e+01
 2.46808199e+01 2.10725834e+01 1.69763294e+01 1.31516718e+01
 9.94329206e+00 6.69389711e+00 3.72720453e+00 1.50431580e+00
 4.38242302e-01 8.98330607e-02 1.47577518e-04 0.00000000e+00
 0.00000000e+00]
6
data after
[38.06442943751097, 22.957083011995554, 25.38283143222332, 27.48529218137294, 28.351547319555284, 28.410033566919566, 27.3032096197243, 24.680819915531277, 21.072583399398923, 30.12800121620521, 22.39693244445426]
12
data,sig_tot
[38.06442944 22.95708301 25.38283143 27.48529218 28.35154732 28.41003357
 27.30320962 24.68081992 21.0725834  30.12800122 22.39693244 20.99955746
 44.8865232 ]
[38.06442944 22.95708301 25.38283143 27.48529218 28.35154732 28.41003357
 27.30320962 24.68081992 21.0725834  30.12800122 22.39693244 20.99955746
 44.8865232 ]
4.50298944501774 0.03911766459148813 52.543316415624055
val isze = 0
idinces = [10  7  2  0 12  8  5  6  4  9  3  1 11]
(1, 13)
(1, 0)
data before
[0.00000000e+00 0.00000000e+00 0.00000000e+00 0.00000000e+00
 0.00000000e+00 0.00000000e+00 0.00000000e+00 0.00000000e+00
 0.00000000e+00 0.00000000e+00 0.00000000e+00 0.00000000e+00
 0.00000000e+00 0.00000000e+00 0.00000000e+00 0.00000000e+00
 0.00000000e+00 0.00000000e+00 0.00000000e+00 0.00000000e+00
 1.76041679e+01 2.04602615e+01 2.29570830e+01 2.53828314e+01
 2.74852922e+01 2.83515473e+01 2.84100336e+01 2.73032096e+01
 2.46808199e+01 2.10725834e+01 1.69763294e+01 1.31516718e+01
 9.94329206e+00 6.69389711e+00 3.72720453e+00 1.50431580e+00
 4.38242302e-01 8.98330607e-02 1.47577518e-04 0.00000000e+00
 0.00000000e+00]
6
data after
[38.06442943751097, 22.957083011995554, 25.38283143222332, 27.48529218137294, 28.351547319555284, 28.410033566919566, 27.3032096197243, 24.680819915531277, 21.072583399398923, 30.12800121620521, 22.39693244445426]
12
data,sig_tot
[38.06442944 22.95708301 25.38283143 27.48529218 28.35154732 28.41003357
 27.30320962 24.68081992 21.0725834  30.12800122 22.39693244 20.99955746
 44.8865232 ]
[38.06442944 22.95708301 25.38283143 27.48529218 28.35154732 28.41003357
 27.30320962 24.68081992 21.0725834  30.12800122 22.39693244 20.99955746
 44.8865232 ]
1.9670293774071284 10.010446974832103 51.85877131854475
val isze = 0
idinces = [ 1  5 10  7  3  9  0  8 11  2  6 12  4]
training loss = 1.1635570526123047 500
training loss = 1.050676941871643 1000
reduced chi^2 level 2 = 1.0516029596328735
Constrained alpha: 2.875913381576538
Constrained beta: 3.06961727142334
Constrained gamma: 22.347537994384766
>>>>>>> bf5bffb69ec4a318117f0a4aa6bdaab926d87e87
(1, 13)
(1, 0)
