LHAPDF 6.5.4 loading /data/theorie/jjohn/miniconda3/envs/nnpdf_dev/share/LHAPDF/FASERv_EPOS+POWHEG_7TeV/FASERv_EPOS+POWHEG_7TeV_0000.dat
FASERv_EPOS+POWHEG_7TeV PDF set, member #0, version 1; LHAPDF ID = 70001000
LHAPDF 6.5.4 loading /data/theorie/jjohn/miniconda3/envs/nnpdf_dev/share/LHAPDF/FASERv_EPOS+POWHEG_7TeV/FASERv_EPOS+POWHEG_7TeV_0000.dat
FASERv_EPOS+POWHEG_7TeV PDF set, member #0, version 1; LHAPDF ID = 70001000
4.285810569718781 0.9163893168955894 48.261222335745956
val isze = 0
idinces = [2 5 0 3 4 1]
training loss = 19938.41796875
training loss = 3005.212158203125
training loss = 1279.7991943359375
training loss = 801.9572143554688
training loss = 613.2503051757812
training loss = 523.5633544921875
training loss = 475.7599182128906
training loss = 448.17169189453125
training loss = 431.26556396484375
training loss = 420.3569030761719
training loss = 412.9569091796875
training loss = 407.6702880859375
training loss = 403.67108154296875
training loss = 400.453369140625
training loss = 397.69677734375
training loss = 395.1936340332031
training loss = 392.8109130859375
training loss = 390.45416259765625
training loss = 388.06231689453125
training loss = 385.59539794921875
(1, 6)
(1, 0)
Thanks for using LHAPDF 6.5.4. Please make sure to cite the paper:
  Eur.Phys.J. C75 (2015) 3, 132  (http://arxiv.org/abs/1412.7420)
