LHAPDF 6.5.4 loading /data/theorie/jjohn/miniconda3/envs/nnpdf_dev/share/LHAPDF/FASERv_EPOS+POWHEG_7TeV/FASERv_EPOS+POWHEG_7TeV_0000.dat
FASERv_EPOS+POWHEG_7TeV PDF set, member #0, version 1; LHAPDF ID = 70001000
LHAPDF 6.5.4 loading /data/theorie/jjohn/miniconda3/envs/nnpdf_dev/share/LHAPDF/FASERv_EPOS+POWHEG_7TeV/FASERv_EPOS+POWHEG_7TeV_0000.dat
FASERv_EPOS+POWHEG_7TeV PDF set, member #0, version 1; LHAPDF ID = 70001000
2.2126005384248026 0.23840602461816074 78.11024591328733
val isze = 0
idinces = [2 5 0 3 4 1]
training loss = 22.092897415161133
training loss = 2.0143580436706543
training loss = 0.7583014965057373
training loss = 0.47989389300346375
training loss = 0.3939010500907898
training loss = 0.19694170355796814
training loss = 0.21398907899856567
training loss = 0.05087099224328995
training loss = 0.019216757267713547
training loss = 0.004780905786901712
training loss = 0.0025358330458402634
training loss = 0.0004637216334231198
training loss = 0.002310970099642873
rep 1 done out of 1
reduced chi^2 level 2 = 0.0005803787498734891
Constrained alpha: 2.012650728225708
Constrained beta: 1.5879932641983032
Constrained gamma: 68.01251983642578
(1, 6)
(1, 0)
Thanks for using LHAPDF 6.5.4. Please make sure to cite the paper:
  Eur.Phys.J. C75 (2015) 3, 132  (http://arxiv.org/abs/1412.7420)
