LHAPDF 6.5.4 loading /data/theorie/jjohn/miniconda3/envs/nnpdf_dev/share/LHAPDF/FASERv_EPOS+POWHEG_7TeV/FASERv_EPOS+POWHEG_7TeV_0000.dat
FASERv_EPOS+POWHEG_7TeV PDF set, member #0, version 1; LHAPDF ID = 70001000
LHAPDF 6.5.4 loading /data/theorie/jjohn/miniconda3/envs/nnpdf_dev/share/LHAPDF/FASERv_EPOS+POWHEG_7TeV/FASERv_EPOS+POWHEG_7TeV_0000.dat
FASERv_EPOS+POWHEG_7TeV PDF set, member #0, version 1; LHAPDF ID = 70001000
3.293574118535445 4.909460805100013 79.30517276014207
val isze = 0
idinces = [5 1 2 3 0 4]
training loss = 175.64889526367188
training loss = 98.99840545654297
training loss = 72.90257263183594
training loss = 69.68354797363281
training loss = 68.93580627441406
training loss = 68.29244995117188
training loss = 67.58554077148438
training loss = 66.80818176269531
training loss = 65.9605712890625
training loss = 65.04235076904297
training loss = 64.0531234741211
training loss = 62.991859436035156
training loss = 61.85738754272461
training loss = 60.64825439453125
training loss = 59.36265563964844
training loss = 57.998531341552734
training loss = 56.55352783203125
training loss = 55.02467346191406
training loss = 53.40875244140625
training loss = 51.701416015625
(1, 6)
(1, 0)
Thanks for using LHAPDF 6.5.4. Please make sure to cite the paper:
  Eur.Phys.J. C75 (2015) 3, 132  (http://arxiv.org/abs/1412.7420)
