LHAPDF 6.5.4 loading /data/theorie/jjohn/miniconda3/envs/nnpdf_dev/share/LHAPDF/FASERv_EPOS+POWHEG_7TeV/FASERv_EPOS+POWHEG_7TeV_0000.dat
FASERv_EPOS+POWHEG_7TeV PDF set, member #0, version 1; LHAPDF ID = 70001000
LHAPDF 6.5.4 loading /data/theorie/jjohn/miniconda3/envs/nnpdf_dev/share/LHAPDF/FASERv_EPOS+POWHEG_7TeV/FASERv_EPOS+POWHEG_7TeV_0000.dat
FASERv_EPOS+POWHEG_7TeV PDF set, member #0, version 1; LHAPDF ID = 70001000
3.3852862278696074 6.840503769804012 90.26279647456077
val isze = 0
idinces = [2 5 0 3 4 1]
training loss = 276.8868713378906
training loss = 225.91111755371094
training loss = 204.1163787841797
training loss = 198.57611083984375
training loss = 195.88739013671875
training loss = 192.98373413085938
training loss = 189.79713439941406
training loss = 186.30746459960938
training loss = 182.47169494628906
training loss = 178.21923828125
training loss = 173.44830322265625
training loss = 168.01907348632812
training loss = 161.74635314941406
training loss = 154.39047241210938
training loss = 145.64804077148438
training loss = 135.1498260498047
training loss = 122.48316955566406
training loss = 107.27497863769531
training loss = 89.40477752685547
training loss = 69.41764068603516
(1, 6)
(1, 0)
Thanks for using LHAPDF 6.5.4. Please make sure to cite the paper:
  Eur.Phys.J. C75 (2015) 3, 132  (http://arxiv.org/abs/1412.7420)
