LHAPDF 6.5.4 loading /data/theorie/jjohn/miniconda3/envs/nnpdf_dev/share/LHAPDF/FASERv_EPOS+POWHEG_7TeV/FASERv_EPOS+POWHEG_7TeV_0000.dat
FASERv_EPOS+POWHEG_7TeV PDF set, member #0, version 1; LHAPDF ID = 70001000
LHAPDF 6.5.4 loading /data/theorie/jjohn/miniconda3/envs/nnpdf_dev/share/LHAPDF/FASERv_EPOS+POWHEG_7TeV/FASERv_EPOS+POWHEG_7TeV_0000.dat
FASERv_EPOS+POWHEG_7TeV PDF set, member #0, version 1; LHAPDF ID = 70001000
3.4088750955474394 3.74031330371446 10.739867278288607
val isze = 0
idinces = [5 1 2 3 0 4]
training loss = 137.5062713623047
training loss = 115.89617156982422
training loss = 88.78579711914062
training loss = 63.49419403076172
training loss = 47.343475341796875
training loss = 40.995384216308594
training loss = 35.175045013427734
training loss = 18.129558563232422
training loss = 3.361680507659912
training loss = 1.565992832183838
training loss = 0.8974304795265198
training loss = 0.516620397567749
training loss = 0.28196704387664795
training loss = 0.14385998249053955
training loss = 0.06838224828243256
training loss = 0.030301041901111603
training loss = 0.012556699104607105
training loss = 0.004895264282822609
training loss = 0.0018160317558795214
training loss = 0.0006561186164617538
rep 1 done out of 1
reduced chi^2 level 2 = 0.0006494986591860652
Constrained alpha: 2.9507505893707275
Constrained beta: 2.9900052547454834
Constrained gamma: 10.665688514709473
(1, 6)
(1, 0)
Thanks for using LHAPDF 6.5.4. Please make sure to cite the paper:
  Eur.Phys.J. C75 (2015) 3, 132  (http://arxiv.org/abs/1412.7420)
