LHAPDF 6.5.4 loading /data/theorie/jjohn/miniconda3/envs/nnpdf_dev/share/LHAPDF/FASERv_EPOS+POWHEG_7TeV/FASERv_EPOS+POWHEG_7TeV_0000.dat
FASERv_EPOS+POWHEG_7TeV PDF set, member #0, version 1; LHAPDF ID = 70001000
LHAPDF 6.5.4 loading /data/theorie/jjohn/miniconda3/envs/nnpdf_dev/share/LHAPDF/FASERv_EPOS+POWHEG_7TeV/FASERv_EPOS+POWHEG_7TeV_0000.dat
FASERv_EPOS+POWHEG_7TeV PDF set, member #0, version 1; LHAPDF ID = 70001000
2.489103942718978 7.747370601389485 3.7993734900821363
val isze = 0
idinces = [2 5 0 3 4 1]
training loss = 16.659088134765625
training loss = 13.759787559509277
training loss = 10.866058349609375
training loss = 7.944023132324219
training loss = 5.084342002868652
training loss = 3.878499984741211
training loss = 3.438413143157959
training loss = 2.601123332977295
training loss = 1.894526481628418
training loss = 1.4037327766418457
training loss = 0.9373763203620911
training loss = 0.5121769905090332
training loss = 0.22565537691116333
training loss = 0.08673067390918732
training loss = 0.038906291127204895
training loss = 0.01433021854609251
training loss = 0.007306793704628944
training loss = 0.004806231241673231
training loss = 0.0030743377283215523
training loss = 0.0024907137267291546
rep 1 done out of 1
reduced chi^2 level 2 = 0.0024937449488788843
Constrained alpha: 1.3727277517318726
Constrained beta: 6.534715175628662
Constrained gamma: 5.250351428985596
(1, 6)
(1, 0)
Thanks for using LHAPDF 6.5.4. Please make sure to cite the paper:
  Eur.Phys.J. C75 (2015) 3, 132  (http://arxiv.org/abs/1412.7420)
