LHAPDF 6.5.4 loading /data/theorie/jjohn/miniconda3/envs/nnpdf_dev/share/LHAPDF/FASERv_EPOS+POWHEG_7TeV/FASERv_EPOS+POWHEG_7TeV_0000.dat
FASERv_EPOS+POWHEG_7TeV PDF set, member #0, version 1; LHAPDF ID = 70001000
LHAPDF 6.5.4 loading /data/theorie/jjohn/miniconda3/envs/nnpdf_dev/share/LHAPDF/FASERv_EPOS+POWHEG_7TeV/FASERv_EPOS+POWHEG_7TeV_0000.dat
FASERv_EPOS+POWHEG_7TeV PDF set, member #0, version 1; LHAPDF ID = 70001000
0.9961209694341605 4.913329958750712 74.26677482307781
val isze = 0
idinces = [2 5 0 3 4 1]
training loss = 9.864110946655273
training loss = 8.564167976379395
training loss = 7.420355796813965
training loss = 6.208096504211426
training loss = 4.93902587890625
training loss = 3.2145493030548096
training loss = 0.22182831168174744
training loss = 0.1402413547039032
training loss = 0.10771140456199646
training loss = 0.08382157981395721
training loss = 0.06620287895202637
training loss = 0.05309133604168892
training loss = 0.0432308092713356
training loss = 0.03572645038366318
training loss = 0.03521741181612015
training loss = 0.025387223809957504
training loss = 0.02180449850857258
training loss = 0.01885591819882393
training loss = 0.016400162130594254
training loss = 0.01510423794388771
rep 1 done out of 1
reduced chi^2 level 2 = 0.014541125856339931
Constrained alpha: 1.881914496421814
Constrained beta: 7.496859550476074
Constrained gamma: 65.82609558105469
(1, 6)
(1, 0)
Thanks for using LHAPDF 6.5.4. Please make sure to cite the paper:
  Eur.Phys.J. C75 (2015) 3, 132  (http://arxiv.org/abs/1412.7420)
