LHAPDF 6.5.4 loading /data/theorie/jjohn/miniconda3/envs/nnpdf_dev/share/LHAPDF/FASERv_EPOS+POWHEG_7TeV/FASERv_EPOS+POWHEG_7TeV_0000.dat
FASERv_EPOS+POWHEG_7TeV PDF set, member #0, version 1; LHAPDF ID = 70001000
LHAPDF 6.5.4 loading /data/theorie/jjohn/miniconda3/envs/nnpdf_dev/share/LHAPDF/FASERv_EPOS+POWHEG_7TeV/FASERv_EPOS+POWHEG_7TeV_0000.dat
FASERv_EPOS+POWHEG_7TeV PDF set, member #0, version 1; LHAPDF ID = 70001000
4.72824897289315 14.246339385684333 69.15747111330795
val isze = 0
idinces = [2 5 0 3 4 1]
training loss = 554950.125
training loss = 192482.171875
training loss = 83900.5625
training loss = 43716.67578125
training loss = 25763.525390625
training loss = 16563.412109375
training loss = 11352.7109375
training loss = 8172.4501953125
training loss = 6117.60400390625
training loss = 4727.08203125
training loss = 3752.10888671875
training loss = 3047.688232421875
training loss = 2525.46337890625
training loss = 2130.16064453125
training loss = 1825.57177734375
training loss = 1587.260498046875
training loss = 1398.3203125
training loss = 1246.7857666015625
training loss = 1124.011474609375
training loss = 1023.6489868164062
(1, 6)
(1, 0)
Thanks for using LHAPDF 6.5.4. Please make sure to cite the paper:
  Eur.Phys.J. C75 (2015) 3, 132  (http://arxiv.org/abs/1412.7420)
