LHAPDF 6.5.4 loading /data/theorie/jjohn/miniconda3/envs/nnpdf_dev/share/LHAPDF/FASERv_EPOS+POWHEG_7TeV/FASERv_EPOS+POWHEG_7TeV_0000.dat
FASERv_EPOS+POWHEG_7TeV PDF set, member #0, version 1; LHAPDF ID = 70001000
LHAPDF 6.5.4 loading /data/theorie/jjohn/miniconda3/envs/nnpdf_dev/share/LHAPDF/FASERv_EPOS+POWHEG_7TeV/FASERv_EPOS+POWHEG_7TeV_0000.dat
FASERv_EPOS+POWHEG_7TeV PDF set, member #0, version 1; LHAPDF ID = 70001000
1.1601666264298693 6.758311166450621 8.647581313395525
val isze = 0
idinces = [5 1 2 3 0 4]
training loss = 3.7268736362457275
training loss = 3.574183225631714
training loss = 3.505192995071411
training loss = 3.4368767738342285
training loss = 3.3744373321533203
training loss = 3.3206238746643066
training loss = 3.276348352432251
training loss = 3.241265296936035
training loss = 3.2142043113708496
training loss = 3.193527936935425
training loss = 3.176962375640869
training loss = 3.158000946044922
training loss = 3.098769187927246
training loss = 2.8497307300567627
training loss = 1.4344162940979004
training loss = 0.01552832406014204
training loss = 0.012237133458256721
training loss = 0.06315648555755615
training loss = 0.011390358209609985
training loss = 0.011216162703931332
rep 1 done out of 1
reduced chi^2 level 2 = 0.011214738711714745
Constrained alpha: 2.0921781063079834
Constrained beta: 7.617766380310059
Constrained gamma: 9.3551664352417
(1, 6)
(1, 0)
Thanks for using LHAPDF 6.5.4. Please make sure to cite the paper:
  Eur.Phys.J. C75 (2015) 3, 132  (http://arxiv.org/abs/1412.7420)
