LHAPDF 6.5.4 loading /data/theorie/jjohn/miniconda3/envs/nnpdf_dev/share/LHAPDF/FASERv_EPOS+POWHEG_7TeV/FASERv_EPOS+POWHEG_7TeV_0000.dat
FASERv_EPOS+POWHEG_7TeV PDF set, member #0, version 1; LHAPDF ID = 70001000
LHAPDF 6.5.4 loading /data/theorie/jjohn/miniconda3/envs/nnpdf_dev/share/LHAPDF/FASERv_EPOS+POWHEG_7TeV/FASERv_EPOS+POWHEG_7TeV_0000.dat
FASERv_EPOS+POWHEG_7TeV PDF set, member #0, version 1; LHAPDF ID = 70001000
2.0393559242023835 7.977981711355966 31.161374228570303
val isze = 0
idinces = [2 5 0 3 4 1]
training loss = 8.065484046936035
training loss = 6.453076362609863
training loss = 4.853934288024902
training loss = 3.4983596801757812
training loss = 2.5943379402160645
training loss = 2.160675048828125
training loss = 2.0115015506744385
training loss = 1.9681470394134521
training loss = 1.9507240056991577
training loss = 1.9368820190429688
training loss = 1.9212768077850342
training loss = 1.9015926122665405
training loss = 1.8751835823059082
training loss = 1.8374333381652832
training loss = 1.7754871845245361
training loss = 1.6172709465026855
training loss = 0.8122506141662598
training loss = 0.4274153709411621
training loss = 0.2637510597705841
training loss = 0.07523751258850098
rep 1 done out of 1
reduced chi^2 level 2 = 0.0743040218949318
Constrained alpha: 1.4596822261810303
Constrained beta: 8.450515747070312
Constrained gamma: 30.06662368774414
(1, 6)
(1, 0)
Thanks for using LHAPDF 6.5.4. Please make sure to cite the paper:
  Eur.Phys.J. C75 (2015) 3, 132  (http://arxiv.org/abs/1412.7420)
