LHAPDF 6.5.4 loading /data/theorie/jjohn/miniconda3/envs/nnpdf_dev/share/LHAPDF/FASERv_EPOS+POWHEG_7TeV/FASERv_EPOS+POWHEG_7TeV_0000.dat
FASERv_EPOS+POWHEG_7TeV PDF set, member #0, version 1; LHAPDF ID = 70001000
LHAPDF 6.5.4 loading /data/theorie/jjohn/miniconda3/envs/nnpdf_dev/share/LHAPDF/FASERv_EPOS+POWHEG_7TeV/FASERv_EPOS+POWHEG_7TeV_0000.dat
FASERv_EPOS+POWHEG_7TeV PDF set, member #0, version 1; LHAPDF ID = 70001000
1.682888555461342 10.403697276012737 50.05232648961676
val isze = 0
idinces = [2 5 0 3 4 1]
training loss = 2.581718921661377
training loss = 2.565967321395874
training loss = 2.5590498447418213
training loss = 2.5517258644104004
training loss = 2.5437772274017334
training loss = 2.534160852432251
training loss = 2.5201830863952637
training loss = 2.494256019592285
training loss = 2.424729108810425
training loss = 2.0251176357269287
training loss = 0.043653782457113266
training loss = 0.01569865271449089
training loss = 0.01254657469689846
training loss = 0.01272535789757967
rep 1 done out of 1
reduced chi^2 level 2 = 0.012849144637584686
Constrained alpha: 1.8818514347076416
Constrained beta: 8.992408752441406
Constrained gamma: 48.22385025024414
(1, 6)
(1, 0)
Thanks for using LHAPDF 6.5.4. Please make sure to cite the paper:
  Eur.Phys.J. C75 (2015) 3, 132  (http://arxiv.org/abs/1412.7420)
