LHAPDF 6.5.4 loading /data/theorie/jjohn/miniconda3/envs/nnpdf_dev/share/LHAPDF/FASERv_EPOS+POWHEG_7TeV/FASERv_EPOS+POWHEG_7TeV_0000.dat
FASERv_EPOS+POWHEG_7TeV PDF set, member #0, version 1; LHAPDF ID = 70001000
LHAPDF 6.5.4 loading /data/theorie/jjohn/miniconda3/envs/nnpdf_dev/share/LHAPDF/FASERv_EPOS+POWHEG_7TeV/FASERv_EPOS+POWHEG_7TeV_0000.dat
FASERv_EPOS+POWHEG_7TeV PDF set, member #0, version 1; LHAPDF ID = 70001000
2.1250364085678077 5.122724580331854 88.4775977928008
val isze = 0
idinces = [2 5 0 3 4 1]
training loss = 1.9870710372924805
training loss = 1.7762157917022705
training loss = 1.5793094635009766
training loss = 1.4205410480499268
training loss = 1.2967865467071533
training loss = 1.1730318069458008
training loss = 0.9723132848739624
training loss = 0.8610953092575073
training loss = 0.8316388726234436
training loss = 0.8150700330734253
training loss = 0.7998511791229248
training loss = 0.7778384685516357
training loss = 1.168530821800232
training loss = 0.6603599786758423
training loss = 0.438697874546051
training loss = 0.04496891796588898
training loss = 0.00114442128688097
training loss = 0.0034002866595983505
rep 1 done out of 1
reduced chi^2 level 2 = 0.0011272041592746973
Constrained alpha: 1.9700309038162231
Constrained beta: 6.072651386260986
Constrained gamma: 76.18448638916016
(1, 6)
(1, 0)
Thanks for using LHAPDF 6.5.4. Please make sure to cite the paper:
  Eur.Phys.J. C75 (2015) 3, 132  (http://arxiv.org/abs/1412.7420)
