LHAPDF 6.5.4 loading /data/theorie/jjohn/miniconda3/envs/nnpdf_dev/share/LHAPDF/FASERv_EPOS+POWHEG_7TeV/FASERv_EPOS+POWHEG_7TeV_0000.dat
FASERv_EPOS+POWHEG_7TeV PDF set, member #0, version 1; LHAPDF ID = 70001000
LHAPDF 6.5.4 loading /data/theorie/jjohn/miniconda3/envs/nnpdf_dev/share/LHAPDF/FASERv_EPOS+POWHEG_7TeV/FASERv_EPOS+POWHEG_7TeV_0000.dat
FASERv_EPOS+POWHEG_7TeV PDF set, member #0, version 1; LHAPDF ID = 70001000
4.0743207144691045 7.148432159071567 35.7705344668218
val isze = 0
idinces = [2 5 0 3 4 1]
training loss = 3172.042236328125
training loss = 562.5777587890625
training loss = 399.03546142578125
training loss = 373.9931945800781
training loss = 368.5813903808594
training loss = 366.71588134765625
training loss = 365.44830322265625
training loss = 364.21630859375
training loss = 362.9302978515625
training loss = 361.57720947265625
training loss = 360.1607360839844
training loss = 358.6803894042969
training loss = 357.1315002441406
training loss = 355.50653076171875
training loss = 353.7919921875
training loss = 351.9750671386719
training loss = 350.0411376953125
training loss = 347.97088623046875
training loss = 345.7425537109375
training loss = 343.32867431640625
(1, 6)
(1, 0)
Thanks for using LHAPDF 6.5.4. Please make sure to cite the paper:
  Eur.Phys.J. C75 (2015) 3, 132  (http://arxiv.org/abs/1412.7420)
