LHAPDF 6.5.4 loading /data/theorie/jjohn/miniconda3/envs/nnpdf_dev/share/LHAPDF/FASERv_EPOS+POWHEG_7TeV/FASERv_EPOS+POWHEG_7TeV_0000.dat
FASERv_EPOS+POWHEG_7TeV PDF set, member #0, version 1; LHAPDF ID = 70001000
LHAPDF 6.5.4 loading /data/theorie/jjohn/miniconda3/envs/nnpdf_dev/share/LHAPDF/FASERv_EPOS+POWHEG_7TeV/FASERv_EPOS+POWHEG_7TeV_0000.dat
FASERv_EPOS+POWHEG_7TeV PDF set, member #0, version 1; LHAPDF ID = 70001000
1.8878816467113857 5.306369664600405 42.65199801994941
val isze = 0
idinces = [2 5 0 3 4 1]
training loss = 16.266937255859375
training loss = 14.817584991455078
training loss = 13.321203231811523
training loss = 11.980573654174805
training loss = 10.859743118286133
training loss = 9.867788314819336
training loss = 7.963685035705566
training loss = 1.51509428024292
training loss = 1.1378251314163208
training loss = 1.026023268699646
training loss = 0.941326379776001
training loss = 0.8296217918395996
training loss = 0.6724951863288879
training loss = 0.4690307378768921
training loss = 0.2605820596218109
training loss = 0.17141889035701752
training loss = 0.04220332205295563
training loss = 0.016438854858279228
training loss = 0.006481125019490719
training loss = 0.0031595558393746614
rep 1 done out of 1
reduced chi^2 level 2 = 0.003142171073704958
Constrained alpha: 1.3762328624725342
Constrained beta: 8.043193817138672
Constrained gamma: 40.43337631225586
(1, 6)
(1, 0)
Thanks for using LHAPDF 6.5.4. Please make sure to cite the paper:
  Eur.Phys.J. C75 (2015) 3, 132  (http://arxiv.org/abs/1412.7420)
