LHAPDF 6.5.4 loading /data/theorie/jjohn/miniconda3/envs/nnpdf_dev/share/LHAPDF/FASERv_EPOS+POWHEG_7TeV/FASERv_EPOS+POWHEG_7TeV_0000.dat
FASERv_EPOS+POWHEG_7TeV PDF set, member #0, version 1; LHAPDF ID = 70001000
LHAPDF 6.5.4 loading /data/theorie/jjohn/miniconda3/envs/nnpdf_dev/share/LHAPDF/FASERv_EPOS+POWHEG_7TeV/FASERv_EPOS+POWHEG_7TeV_0000.dat
FASERv_EPOS+POWHEG_7TeV PDF set, member #0, version 1; LHAPDF ID = 70001000
3.045925732519015 9.722052307857377 27.353934495267985
val isze = 0
idinces = [2 5 0 3 4 1]
training loss = 161.23004150390625
training loss = 114.00833129882812
training loss = 24.140220642089844
training loss = 15.756601333618164
training loss = 11.768808364868164
training loss = 7.663849830627441
training loss = 4.11952543258667
training loss = 2.9995265007019043
training loss = 2.431419849395752
training loss = 2.065450429916382
training loss = 1.7970585823059082
training loss = 1.575702428817749
training loss = 1.3723576068878174
training loss = 1.168581485748291
training loss = 0.9548215270042419
training loss = 0.7180768251419067
training loss = 0.48856669664382935
training loss = 0.30923551321029663
training loss = 0.30538612604141235
training loss = 0.11103766411542892
rep 1 done out of 1
reduced chi^2 level 2 = 0.11045602709054947
Constrained alpha: 2.365649938583374
Constrained beta: 7.486152172088623
Constrained gamma: 26.970176696777344
(1, 6)
(1, 0)
Thanks for using LHAPDF 6.5.4. Please make sure to cite the paper:
  Eur.Phys.J. C75 (2015) 3, 132  (http://arxiv.org/abs/1412.7420)
