LHAPDF 6.5.4 loading /data/theorie/jjohn/miniconda3/envs/nnpdf_dev/share/LHAPDF/FASERv_EPOS+POWHEG_7TeV/FASERv_EPOS+POWHEG_7TeV_0000.dat
FASERv_EPOS+POWHEG_7TeV PDF set, member #0, version 1; LHAPDF ID = 70001000
LHAPDF 6.5.4 loading /data/theorie/jjohn/miniconda3/envs/nnpdf_dev/share/LHAPDF/FASERv_EPOS+POWHEG_7TeV/FASERv_EPOS+POWHEG_7TeV_0000.dat
FASERv_EPOS+POWHEG_7TeV PDF set, member #0, version 1; LHAPDF ID = 70001000
2.5060186036462726 12.721310383929705 9.374133343003654
val isze = 0
idinces = [2 5 0 3 4 1]
training loss = 2.4162368774414062
training loss = 2.0462450981140137
training loss = 1.9335829019546509
training loss = 1.8514671325683594
training loss = 1.7974083423614502
training loss = 1.7641805410385132
training loss = 1.7444853782653809
training loss = 1.7326172590255737
training loss = 1.7246918678283691
training loss = 1.7182557582855225
training loss = 1.7117973566055298
training loss = 1.7042481899261475
training loss = 1.6945648193359375
training loss = 1.6811612844467163
training loss = 1.6606776714324951
training loss = 1.6233675479888916
training loss = 1.5199158191680908
training loss = 0.8139585852622986
training loss = 0.41420698165893555
training loss = 0.40491336584091187
rep 1 done out of 1
reduced chi^2 level 2 = 0.40488284826278687
Constrained alpha: 1.9380617141723633
Constrained beta: 11.025096893310547
Constrained gamma: 10.146759033203125
(1, 6)
(1, 0)
Thanks for using LHAPDF 6.5.4. Please make sure to cite the paper:
  Eur.Phys.J. C75 (2015) 3, 132  (http://arxiv.org/abs/1412.7420)
