LHAPDF 6.5.4 loading /data/theorie/jjohn/miniconda3/envs/nnpdf_dev/share/LHAPDF/FASERv_EPOS+POWHEG_7TeV/FASERv_EPOS+POWHEG_7TeV_0000.dat
FASERv_EPOS+POWHEG_7TeV PDF set, member #0, version 1; LHAPDF ID = 70001000
LHAPDF 6.5.4 loading /data/theorie/jjohn/miniconda3/envs/nnpdf_dev/share/LHAPDF/FASERv_EPOS+POWHEG_7TeV/FASERv_EPOS+POWHEG_7TeV_0000.dat
FASERv_EPOS+POWHEG_7TeV PDF set, member #0, version 1; LHAPDF ID = 70001000
0.6452604128136585 17.84728504571845 51.53528745075802
val isze = 0
idinces = [2 5 0 3 4 1]
training loss = 13.767170906066895
training loss = 9.701032638549805
training loss = 7.450257301330566
training loss = 4.707297325134277
training loss = 1.9443683624267578
training loss = 0.5694323778152466
training loss = 0.3517111837863922
training loss = 0.3145982027053833
training loss = 0.2878054678440094
training loss = 0.26203787326812744
training loss = 0.23573920130729675
training loss = 0.20835177600383759
training loss = 0.18010467290878296
training loss = 0.15081818401813507
training loss = 0.11972631514072418
training loss = 0.08763039857149124
training loss = 0.057832106947898865
training loss = 0.034416913986206055
training loss = 0.019172828644514084
training loss = 0.010739210061728954
rep 1 done out of 1
reduced chi^2 level 2 = 0.010680901817977428
Constrained alpha: 1.6825810670852661
Constrained beta: 12.731561660766602
Constrained gamma: 48.104496002197266
(1, 6)
(1, 0)
Thanks for using LHAPDF 6.5.4. Please make sure to cite the paper:
  Eur.Phys.J. C75 (2015) 3, 132  (http://arxiv.org/abs/1412.7420)
