LHAPDF 6.5.4 loading /data/theorie/jjohn/miniconda3/envs/nnpdf_dev/share/LHAPDF/FASERv_EPOS+POWHEG_7TeV/FASERv_EPOS+POWHEG_7TeV_0000.dat
FASERv_EPOS+POWHEG_7TeV PDF set, member #0, version 1; LHAPDF ID = 70001000
LHAPDF 6.5.4 loading /data/theorie/jjohn/miniconda3/envs/nnpdf_dev/share/LHAPDF/FASERv_EPOS+POWHEG_7TeV/FASERv_EPOS+POWHEG_7TeV_0000.dat
FASERv_EPOS+POWHEG_7TeV PDF set, member #0, version 1; LHAPDF ID = 70001000
1.8004417779638455 13.67420324354806 64.404878570751
val isze = 0
idinces = [2 5 0 3 4 1]
training loss = 0.483044296503067
training loss = 0.3400576412677765
training loss = 0.31822794675827026
training loss = 0.3021814525127411
training loss = 0.29280728101730347
training loss = 0.2886694669723511
training loss = 0.287182092666626
training loss = 0.28651952743530273
training loss = 0.28597038984298706
training loss = 0.2853553295135498
training loss = 0.28462323546409607
training loss = 0.2837388515472412
training loss = 0.2826569378376007
training loss = 0.2813199758529663
training loss = 0.2797207236289978
training loss = 0.27769553661346436
training loss = 0.2752686142921448
training loss = 0.2783774435520172
training loss = 0.26873940229415894
training loss = 0.2649259567260742
rep 1 done out of 1
reduced chi^2 level 2 = 0.26484212279319763
Constrained alpha: 1.7733025550842285
Constrained beta: 11.39432430267334
Constrained gamma: 49.82805252075195
(1, 6)
(1, 0)
Thanks for using LHAPDF 6.5.4. Please make sure to cite the paper:
  Eur.Phys.J. C75 (2015) 3, 132  (http://arxiv.org/abs/1412.7420)
