LHAPDF 6.5.4 loading /data/theorie/jjohn/miniconda3/envs/nnpdf_dev/share/LHAPDF/FASERv_EPOS+POWHEG_7TeV/FASERv_EPOS+POWHEG_7TeV_0000.dat
FASERv_EPOS+POWHEG_7TeV PDF set, member #0, version 1; LHAPDF ID = 70001000
LHAPDF 6.5.4 loading /data/theorie/jjohn/miniconda3/envs/nnpdf_dev/share/LHAPDF/FASERv_EPOS+POWHEG_7TeV/FASERv_EPOS+POWHEG_7TeV_0000.dat
FASERv_EPOS+POWHEG_7TeV PDF set, member #0, version 1; LHAPDF ID = 70001000
3.240140444901382 10.392471402018533 37.385596618134784
val isze = 0
idinces = [2 5 0 3 4 1]
training loss = 256.04327392578125
training loss = 221.98895263671875
training loss = 207.05984497070312
training loss = 187.4129638671875
training loss = 162.32565307617188
training loss = 131.2823486328125
training loss = 95.00068664550781
training loss = 57.458473205566406
training loss = 27.268409729003906
training loss = 11.625614166259766
training loss = 7.0544328689575195
training loss = 6.015031814575195
training loss = 5.481081008911133
training loss = 4.989636421203613
training loss = 4.4796648025512695
training loss = 3.921314239501953
training loss = 3.3015198707580566
training loss = 2.6349456310272217
training loss = 1.970290184020996
training loss = 1.376713514328003
rep 1 done out of 1
reduced chi^2 level 2 = 1.3713572025299072
Constrained alpha: 2.484870433807373
Constrained beta: 4.170997142791748
Constrained gamma: 37.48771667480469
(1, 6)
(1, 0)
Thanks for using LHAPDF 6.5.4. Please make sure to cite the paper:
  Eur.Phys.J. C75 (2015) 3, 132  (http://arxiv.org/abs/1412.7420)
