LHAPDF 6.5.4 loading /data/theorie/jjohn/miniconda3/envs/nnpdf_dev/share/LHAPDF/FASERv_EPOS+POWHEG_7TeV/FASERv_EPOS+POWHEG_7TeV_0000.dat
FASERv_EPOS+POWHEG_7TeV PDF set, member #0, version 1; LHAPDF ID = 70001000
LHAPDF 6.5.4 loading /data/theorie/jjohn/miniconda3/envs/nnpdf_dev/share/LHAPDF/FASERv_EPOS+POWHEG_7TeV/FASERv_EPOS+POWHEG_7TeV_0000.dat
FASERv_EPOS+POWHEG_7TeV PDF set, member #0, version 1; LHAPDF ID = 70001000
2.3141181554647594 16.87599595906438 80.65771284426509
val isze = 0
idinces = [2 5 0 3 4 1]
training loss = 7.895175933837891
training loss = 5.6339030265808105
training loss = 3.322350025177002
training loss = 1.2944912910461426
training loss = 0.23861819505691528
training loss = 0.09504736959934235
training loss = 0.06368010491132736
training loss = 0.07252318412065506
training loss = 0.03397469222545624
training loss = 0.030324794352054596
training loss = 0.026045596227049828
training loss = 0.024386852979660034
training loss = 0.02190529927611351
training loss = 0.02067428082227707
training loss = 0.01887565292418003
training loss = 0.017739394679665565
training loss = 0.016110539436340332
training loss = 0.015960965305566788
training loss = 0.01436770148575306
training loss = 0.017586417496204376
rep 1 done out of 1
reduced chi^2 level 2 = 0.0452626571059227
Constrained alpha: 1.8970762491226196
Constrained beta: 12.411349296569824
Constrained gamma: 58.49516296386719
(1, 6)
(1, 0)
Thanks for using LHAPDF 6.5.4. Please make sure to cite the paper:
  Eur.Phys.J. C75 (2015) 3, 132  (http://arxiv.org/abs/1412.7420)
