LHAPDF 6.5.4 loading /data/theorie/jjohn/miniconda3/envs/nnpdf_dev/share/LHAPDF/FASERv_EPOS+POWHEG_7TeV/FASERv_EPOS+POWHEG_7TeV_0000.dat
FASERv_EPOS+POWHEG_7TeV PDF set, member #0, version 1; LHAPDF ID = 70001000
LHAPDF 6.5.4 loading /data/theorie/jjohn/miniconda3/envs/nnpdf_dev/share/LHAPDF/FASERv_EPOS+POWHEG_7TeV/FASERv_EPOS+POWHEG_7TeV_0000.dat
FASERv_EPOS+POWHEG_7TeV PDF set, member #0, version 1; LHAPDF ID = 70001000
3.380779812178252 13.85151981239857 0.9194950476124619
val isze = 0
idinces = [2 5 0 3 4 1]
training loss = 2.2894420623779297
training loss = 2.2852704524993896
training loss = 2.284881353378296
training loss = 2.28456449508667
training loss = 2.284257650375366
training loss = 2.283937454223633
training loss = 2.283592939376831
training loss = 2.2832295894622803
training loss = 2.2828269004821777
training loss = 2.282384157180786
training loss = 2.281909227371216
training loss = 2.2813870906829834
training loss = 2.280808925628662
training loss = 2.2801809310913086
training loss = 2.2794907093048096
training loss = 2.2787325382232666
training loss = 2.277904748916626
training loss = 2.2769863605499268
training loss = 2.27618145942688
training loss = 2.2749109268188477
rep 1 done out of 1
reduced chi^2 level 2 = 2.2749006748199463
Constrained alpha: 1.8272289037704468
Constrained beta: 10.585790634155273
Constrained gamma: 1.8541486263275146
(1, 6)
(1, 0)
Thanks for using LHAPDF 6.5.4. Please make sure to cite the paper:
  Eur.Phys.J. C75 (2015) 3, 132  (http://arxiv.org/abs/1412.7420)
