LHAPDF 6.5.4 loading /data/theorie/jjohn/miniconda3/envs/nnpdf_dev/share/LHAPDF/FASERv_EPOS+POWHEG_7TeV/FASERv_EPOS+POWHEG_7TeV_0000.dat
FASERv_EPOS+POWHEG_7TeV PDF set, member #0, version 1; LHAPDF ID = 70001000
LHAPDF 6.5.4 loading /data/theorie/jjohn/miniconda3/envs/nnpdf_dev/share/LHAPDF/FASERv_EPOS+POWHEG_7TeV/FASERv_EPOS+POWHEG_7TeV_0000.dat
FASERv_EPOS+POWHEG_7TeV PDF set, member #0, version 1; LHAPDF ID = 70001000
1.8443111458245949 1.3507873309174623 65.08187593507044
val isze = 0
idinces = [2 5 0 3 4 1]
training loss = 22.599153518676758
training loss = 18.600271224975586
training loss = 2.983837604522705
training loss = 2.3404674530029297
training loss = 1.8006486892700195
training loss = 1.292426586151123
training loss = 0.5249758958816528
training loss = 0.09438085556030273
training loss = 0.004708141088485718
training loss = 0.14021697640419006
rep 1 done out of 1
reduced chi^2 level 2 = 0.0005887437146157026
Constrained alpha: 2.0556976795196533
Constrained beta: 2.753704786300659
Constrained gamma: 62.14863586425781
(1, 6)
(1, 0)
Thanks for using LHAPDF 6.5.4. Please make sure to cite the paper:
  Eur.Phys.J. C75 (2015) 3, 132  (http://arxiv.org/abs/1412.7420)
