LHAPDF 6.5.4 loading /data/theorie/jjohn/miniconda3/envs/nnpdf_dev/share/LHAPDF/FASERv_EPOS+POWHEG_7TeV/FASERv_EPOS+POWHEG_7TeV_0000.dat
FASERv_EPOS+POWHEG_7TeV PDF set, member #0, version 1; LHAPDF ID = 70001000
LHAPDF 6.5.4 loading /data/theorie/jjohn/miniconda3/envs/nnpdf_dev/share/LHAPDF/FASERv_EPOS+POWHEG_7TeV/FASERv_EPOS+POWHEG_7TeV_0000.dat
FASERv_EPOS+POWHEG_7TeV PDF set, member #0, version 1; LHAPDF ID = 70001000
3.093225529958837 8.469492918189168 68.82961188066197
val isze = 0
idinces = [2 5 0 3 4 1]
training loss = 158.0819091796875
training loss = 148.38522338867188
training loss = 141.3357391357422
training loss = 130.85958862304688
training loss = 101.61849975585938
training loss = 19.939678192138672
training loss = 14.083365440368652
training loss = 10.020590782165527
training loss = 7.296889781951904
training loss = 5.401374340057373
training loss = 3.9864675998687744
training loss = 2.8663036823272705
training loss = 1.9679453372955322
training loss = 1.2750389575958252
training loss = 0.7784794569015503
training loss = 0.4515531659126282
training loss = 0.25209152698516846
training loss = 0.1370881199836731
training loss = 0.0731167197227478
training loss = 0.03827818110585213
rep 1 done out of 1
reduced chi^2 level 2 = 0.0380278080701828
Constrained alpha: 2.6686644554138184
Constrained beta: 7.2836503982543945
Constrained gamma: 68.52947998046875
(1, 6)
(1, 0)
Thanks for using LHAPDF 6.5.4. Please make sure to cite the paper:
  Eur.Phys.J. C75 (2015) 3, 132  (http://arxiv.org/abs/1412.7420)
