data before
341734.2541035156
1
data after
341734.25410351576
5
data,sig_tot
[  201.69548438  2186.596       4741.1725      6806.304
  8415.142       9508.04       10293.872      10803.613
 11059.951      11244.94       11193.59       11106.22
 10915.06       10726.921      10398.065       9973.075
  9756.218       9357.004       9043.926       8619.225
  8341.463       8044.5045      7649.2345      7374.9705
  7005.915       6710.51        6467.6685      6197.199
  5833.9995      5635.4955      5329.8425      5074.8935
  4867.8355      4646.638       4429.836       4197.9315
  3945.307       3797.69        3620.51425     3463.5615
  3250.57        3098.35525     2943.80975     2799.6775
  2622.84425     2537.9205      2403.97025     2251.1695
  2126.283       2034.685875    1892.43925     1769.9575
  1668.828       1579.421875    1493.573625    1383.66375
  1293.98175     1226.202       1117.2615      1098.675625
  1027.611        972.4194375    871.5859375    789.113625
   748.63625      691.513        636.5791875    601.02075
   573.4458125    528.88525      479.33321875   415.75921875
   391.03565625   356.03071875   342.6669375    315.17771875
   272.60125      261.47465625   229.28953125   194.09942187
   181.34415625   163.05475      143.99895313   132.63742188
   117.78934375   102.31896875    91.19404687    75.37598438
    69.23158594    57.61450781    55.16546484    50.61793359
    44.56195313    35.34457422    34.54191016    28.24605664
    24.52100195    49.48642773    75.74399219   804.709125
  1763.31675     2504.259       3019.62675     3301.88875
  3459.874       3528.952       3494.8165      3421.0445
  3289.662       3155.9175      3023.6105      2839.2995
  2644.43775     2518.6575      2372.192       2216.62325
  2034.74975     1905.980375    1789.7635      1666.338
  1538.839375    1436.9455      1335.904375    1229.661625
  1144.643375    1058.539875     980.8401875    916.3586875
   842.4764375    779.5256875    715.1693125    681.832875
   620.082        586.245625     530.67075      490.98796875
   458.21353125   411.08625      390.2181875    352.11384375
   336.40353125   305.11284375   275.9941875    259.87478125
   224.37195313   215.4056875    199.71892188   185.792625
   172.99051563   152.30403125   140.4808125    126.99416406
   113.67026562   108.17124219    97.68226562    84.38951563
    82.0724375     76.03239063    65.07246484    56.03773828
    56.06823438    49.56273047    45.12332422    40.58268359
    40.0164375     31.57017187    31.18983984    29.12374805
    26.76495117    21.12873047    20.3756543     31.54842969
    27.04654102    22.25835938    22.87860156    21.58001465
    24.13499445]
[  201.69548438  2186.596       4741.1725      6806.304
  8415.142       9508.04       10293.872      10803.613
 11059.951      11244.94       11193.59       11106.22
 10915.06       10726.921      10398.065       9973.075
  9756.218       9357.004       9043.926       8619.225
  8341.463       8044.5045      7649.2345      7374.9705
  7005.915       6710.51        6467.6685      6197.199
  5833.9995      5635.4955      5329.8425      5074.8935
  4867.8355      4646.638       4429.836       4197.9315
  3945.307       3797.69        3620.51425     3463.5615
  3250.57        3098.35525     2943.80975     2799.6775
  2622.84425     2537.9205      2403.97025     2251.1695
  2126.283       2034.685875    1892.43925     1769.9575
  1668.828       1579.421875    1493.573625    1383.66375
  1293.98175     1226.202       1117.2615      1098.675625
  1027.611        972.4194375    871.5859375    789.113625
   748.63625      691.513        636.5791875    601.02075
   573.4458125    528.88525      479.33321875   415.75921875
   391.03565625   356.03071875   342.6669375    315.17771875
   272.60125      261.47465625   229.28953125   194.09942187
   181.34415625   163.05475      143.99895313   132.63742188
   117.78934375   102.31896875    91.19404687    75.37598438
    69.23158594    57.61450781    55.16546484    50.61793359
    44.56195313    35.34457422    34.54191016    28.24605664
    24.52100195    49.48642773    75.74399219   804.709125
  1763.31675     2504.259       3019.62675     3301.88875
  3459.874       3528.952       3494.8165      3421.0445
  3289.662       3155.9175      3023.6105      2839.2995
  2644.43775     2518.6575      2372.192       2216.62325
  2034.74975     1905.980375    1789.7635      1666.338
  1538.839375    1436.9455      1335.904375    1229.661625
  1144.643375    1058.539875     980.8401875    916.3586875
   842.4764375    779.5256875    715.1693125    681.832875
   620.082        586.245625     530.67075      490.98796875
   458.21353125   411.08625      390.2181875    352.11384375
   336.40353125   305.11284375   275.9941875    259.87478125
   224.37195313   215.4056875    199.71892188   185.792625
   172.99051563   152.30403125   140.4808125    126.99416406
   113.67026563   108.17124219    97.68226562    84.38951563
    82.0724375     76.03239062    65.07246484    56.03773828
    56.06823438    49.56273047    45.12332422    40.58268359
    40.0164375     31.57017187    31.18983984    29.12374805
    26.76495117    21.12873047    20.3756543     31.54842969
    27.04654102    22.25835938    22.87860156    21.58001465
    24.13499445]
4.856183179973163 9.527777842030822 70.08657452807182
val isze = 0
idinces = [ 69 103  20 116  56  97 117  39 171  10  19  66  55  61 102  59  83  78
 110 163   1 160  47  49  67 136  68 133  60  76 170 169  70 167 124  26
  95  91  24 109 121  21 175  63  58  99 144  81  87  43 150 120 138  35
 173  82   2 114 153  38  52 142 176 146 148 101  80  72 145  98  41  32
 105  48  25  53  90 149  51  14 162  29   3  23 131 165  37 166 164  45
 111 134  42  79 143 155 119 147  12 127  22  85   6 106 112 135 132 104
  34 152 108  50 168 130 129   4   5  44 128  96  84 154  28  75   7  46
  17  11 158  71 118 137 174  74  94 151  93  18  27  36  57  31  65 140
  89  30  86  92 141 126  13  77 159 161  33  62 122 107  88  54 139 100
  16 115  40   0  73   8 172 157 156 123 113  64  15 125   9]
training loss = 6.473711967468262 500
training loss = 4.347840785980225 1000
training loss = 2.390145778656006 1500
training loss = 2.184380531311035 2000
training loss = 2.154353380203247 2500
training loss = 2.1603455543518066 3000
training loss = 2.2826337814331055 3500
training loss = 2.160109043121338 4000
training loss = 2.160112142562866 4500
training loss = 2.1158101558685303 5000
training loss = 2.109565258026123 5500
training loss = 2.1033458709716797 6000
training loss = 2.097842216491699 6500
training loss = 2.193535327911377 7000
training loss = 2.1008739471435547 7500
training loss = 2.4704339504241943 8000
training loss = 2.0717785358428955 8500
training loss = 2.0653634071350098 9000
training loss = 2.0592081546783447 9500
training loss = 2.052887201309204 10000
training loss = 2.0469515323638916 10500
training loss = 2.0935428142547607 11000
training loss = 2.0362040996551514 11500
training loss = 2.0400619506835938 12000
training loss = 2.025825023651123 12500
training loss = 2.0210537910461426 13000
training loss = 2.0438220500946045 13500
training loss = 2.0098488330841064 14000
training loss = 2.005385637283325 14500
training loss = 2.001512050628662 15000
training loss = 1.998012900352478 15500
training loss = 1.9948842525482178 16000
training loss = 1.992087483406067 16500
training loss = 2.75821590423584 17000
training loss = 2.2344930171966553 17500
training loss = 1.9851067066192627 18000
training loss = 2.020219326019287 18500
training loss = 2.2991549968719482 19000
training loss = 2.634742259979248 19500
training loss = 1.987757921218872 20000
training loss = 1.9794316291809082 20500
training loss = 1.976395606994629 21000
training loss = 1.9890445470809937 21500
training loss = 1.972959041595459 22000
training loss = 1.971724510192871 22500
training loss = 1.9705203771591187 23000
training loss = 1.969341516494751 23500
training loss = 1.968162178993225 24000
training loss = 1.9669533967971802 24500
training loss = 1.9657601118087769 25000
training loss = 1.964577078819275 25500
training loss = 2.098083734512329 26000
training loss = 1.9621987342834473 26500
training loss = 1.9610556364059448 27000
training loss = 1.9599273204803467 27500
training loss = 1.9588568210601807 28000
training loss = 1.9578408002853394 28500
training loss = 1.9711642265319824 29000
training loss = 1.955772042274475 29500
training loss = 1.9548217058181763 30000
training loss = 1.9538977146148682 30500
training loss = 1.953045129776001 31000
training loss = 1.9524258375167847 31500
training loss = 1.9541196823120117 32000
training loss = 2.000208854675293 32500
training loss = 1.9499725103378296 33000
training loss = 1.959029197692871 33500
training loss = 1.9521324634552002 34000
training loss = 1.9480606317520142 34500
training loss = 1.9473698139190674 35000
reduced chi^2 level 2 = 1.947366714477539
Constrained alpha: 2.862483263015747
Constrained beta: 4.841402530670166
Constrained gamma: 15.344356536865234
(1, 177)
(1, 0)
