data before
341734.2541035156
1
data after
341734.25410351576
5
data,sig_tot
[  201.69548438  2186.596       4741.1725      6806.304
  8415.142       9508.04       10293.872      10803.613
 11059.951      11244.94       11193.59       11106.22
 10915.06       10726.921      10398.065       9973.075
  9756.218       9357.004       9043.926       8619.225
  8341.463       8044.5045      7649.2345      7374.9705
  7005.915       6710.51        6467.6685      6197.199
  5833.9995      5635.4955      5329.8425      5074.8935
  4867.8355      4646.638       4429.836       4197.9315
  3945.307       3797.69        3620.51425     3463.5615
  3250.57        3098.35525     2943.80975     2799.6775
  2622.84425     2537.9205      2403.97025     2251.1695
  2126.283       2034.685875    1892.43925     1769.9575
  1668.828       1579.421875    1493.573625    1383.66375
  1293.98175     1226.202       1117.2615      1098.675625
  1027.611        972.4194375    871.5859375    789.113625
   748.63625      691.513        636.5791875    601.02075
   573.4458125    528.88525      479.33321875   415.75921875
   391.03565625   356.03071875   342.6669375    315.17771875
   272.60125      261.47465625   229.28953125   194.09942187
   181.34415625   163.05475      143.99895313   132.63742188
   117.78934375   102.31896875    91.19404687    75.37598438
    69.23158594    57.61450781    55.16546484    50.61793359
    44.56195313    35.34457422    34.54191016    28.24605664
    24.52100195    49.48642773    75.74399219   804.709125
  1763.31675     2504.259       3019.62675     3301.88875
  3459.874       3528.952       3494.8165      3421.0445
  3289.662       3155.9175      3023.6105      2839.2995
  2644.43775     2518.6575      2372.192       2216.62325
  2034.74975     1905.980375    1789.7635      1666.338
  1538.839375    1436.9455      1335.904375    1229.661625
  1144.643375    1058.539875     980.8401875    916.3586875
   842.4764375    779.5256875    715.1693125    681.832875
   620.082        586.245625     530.67075      490.98796875
   458.21353125   411.08625      390.2181875    352.11384375
   336.40353125   305.11284375   275.9941875    259.87478125
   224.37195313   215.4056875    199.71892188   185.792625
   172.99051563   152.30403125   140.4808125    126.99416406
   113.67026562   108.17124219    97.68226562    84.38951563
    82.0724375     76.03239063    65.07246484    56.03773828
    56.06823438    49.56273047    45.12332422    40.58268359
    40.0164375     31.57017187    31.18983984    29.12374805
    26.76495117    21.12873047    20.3756543     31.54842969
    27.04654102    22.25835938    22.87860156    21.58001465
    24.13499445]
[  201.69548438  2186.596       4741.1725      6806.304
  8415.142       9508.04       10293.872      10803.613
 11059.951      11244.94       11193.59       11106.22
 10915.06       10726.921      10398.065       9973.075
  9756.218       9357.004       9043.926       8619.225
  8341.463       8044.5045      7649.2345      7374.9705
  7005.915       6710.51        6467.6685      6197.199
  5833.9995      5635.4955      5329.8425      5074.8935
  4867.8355      4646.638       4429.836       4197.9315
  3945.307       3797.69        3620.51425     3463.5615
  3250.57        3098.35525     2943.80975     2799.6775
  2622.84425     2537.9205      2403.97025     2251.1695
  2126.283       2034.685875    1892.43925     1769.9575
  1668.828       1579.421875    1493.573625    1383.66375
  1293.98175     1226.202       1117.2615      1098.675625
  1027.611        972.4194375    871.5859375    789.113625
   748.63625      691.513        636.5791875    601.02075
   573.4458125    528.88525      479.33321875   415.75921875
   391.03565625   356.03071875   342.6669375    315.17771875
   272.60125      261.47465625   229.28953125   194.09942187
   181.34415625   163.05475      143.99895313   132.63742188
   117.78934375   102.31896875    91.19404687    75.37598438
    69.23158594    57.61450781    55.16546484    50.61793359
    44.56195313    35.34457422    34.54191016    28.24605664
    24.52100195    49.48642773    75.74399219   804.709125
  1763.31675     2504.259       3019.62675     3301.88875
  3459.874       3528.952       3494.8165      3421.0445
  3289.662       3155.9175      3023.6105      2839.2995
  2644.43775     2518.6575      2372.192       2216.62325
  2034.74975     1905.980375    1789.7635      1666.338
  1538.839375    1436.9455      1335.904375    1229.661625
  1144.643375    1058.539875     980.8401875    916.3586875
   842.4764375    779.5256875    715.1693125    681.832875
   620.082        586.245625     530.67075      490.98796875
   458.21353125   411.08625      390.2181875    352.11384375
   336.40353125   305.11284375   275.9941875    259.87478125
   224.37195313   215.4056875    199.71892188   185.792625
   172.99051563   152.30403125   140.4808125    126.99416406
   113.67026563   108.17124219    97.68226562    84.38951563
    82.0724375     76.03239062    65.07246484    56.03773828
    56.06823438    49.56273047    45.12332422    40.58268359
    40.0164375     31.57017187    31.18983984    29.12374805
    26.76495117    21.12873047    20.3756543     31.54842969
    27.04654102    22.25835938    22.87860156    21.58001465
    24.13499445]
1.3658256473004637 17.871644894386016 20.525809895328393
val isze = 0
idinces = [ 69 103  20 116  56  97 117  39 171  10  19  66  55  61 102  59  83  78
 110 163   1 160  47  49  67 136  68 133  60  76 170 169  70 167 124  26
  95  91  24 109 121  21 175  63  58  99 144  81  87  43 150 120 138  35
 173  82   2 114 153  38  52 142 176 146 148 101  80  72 145  98  41  32
 105  48  25  53  90 149  51  14 162  29   3  23 131 165  37 166 164  45
 111 134  42  79 143 155 119 147  12 127  22  85   6 106 112 135 132 104
  34 152 108  50 168 130 129   4   5  44 128  96  84 154  28  75   7  46
  17  11 158  71 118 137 174  74  94 151  93  18  27  36  57  31  65 140
  89  30  86  92 141 126  13  77 159 161  33  62 122 107  88  54 139 100
  16 115  40   0  73   8 172 157 156 123 113  64  15 125   9]
training loss = 5.519726753234863 500
training loss = 5.336265563964844 1000
training loss = 5.082128047943115 1500
training loss = 4.775918006896973 2000
training loss = 4.456288814544678 2500
training loss = 4.186832904815674 3000
training loss = 4.02410888671875 3500
training loss = 3.9583301544189453 4000
training loss = 3.930417060852051 4500
training loss = 3.9012815952301025 5000
training loss = 3.84153413772583 5500
training loss = 3.5315630435943604 6000
training loss = 2.0256898403167725 6500
training loss = 1.9059529304504395 7000
training loss = 1.881538987159729 7500
training loss = 1.8708051443099976 8000
training loss = 1.8630294799804688 8500
training loss = 1.8561787605285645 9000
training loss = 1.8496845960617065 9500
training loss = 2.5585241317749023 10000
training loss = 2.1961519718170166 10500
training loss = 1.9076658487319946 11000
training loss = 1.8272080421447754 11500
training loss = 1.8223904371261597 12000
training loss = 1.8179045915603638 12500
training loss = 1.8136953115463257 13000
training loss = 1.8097801208496094 13500
training loss = 1.8067530393600464 14000
training loss = 1.8101027011871338 14500
training loss = 1.8919217586517334 15000
training loss = 1.9948878288269043 15500
training loss = 1.7941298484802246 16000
training loss = 1.7906354665756226 16500
training loss = 1.7881755828857422 17000
training loss = 1.7856240272521973 17500
training loss = 1.783430576324463 18000
training loss = 1.781154990196228 18500
training loss = 2.0349810123443604 19000
training loss = 1.777328610420227 19500
training loss = 1.794669508934021 20000
training loss = 1.7867300510406494 20500
training loss = 1.7826589345932007 21000
training loss = 1.7708324193954468 21500
training loss = 1.7695682048797607 22000
training loss = 1.768396019935608 22500
training loss = 1.767143964767456 23000
training loss = 1.7660170793533325 23500
training loss = 1.7650501728057861 24000
training loss = 1.7641855478286743 24500
training loss = 1.763398289680481 25000
training loss = 1.7626211643218994 25500
training loss = 1.7620046138763428 26000
training loss = 1.7614268064498901 26500
training loss = 1.7607887983322144 27000
training loss = 1.7603094577789307 27500
training loss = 1.7599050998687744 28000
training loss = 1.759509801864624 28500
training loss = 1.759164571762085 29000
training loss = 1.7660372257232666 29500
training loss = 1.7592618465423584 30000
training loss = 1.760244607925415 30500
training loss = 1.7582393884658813 31000
training loss = 1.7579010725021362 31500
training loss = 1.7577403783798218 32000
training loss = 1.757580041885376 32500
training loss = 1.7576069831848145 33000
training loss = 1.7579066753387451 33500
training loss = 1.7581714391708374 34000
training loss = 1.8546462059020996 34500
training loss = 1.7572312355041504 35000
reduced chi^2 level 2 = 1.7572323083877563
Constrained alpha: 2.862659215927124
Constrained beta: 4.5569000244140625
Constrained gamma: 12.647518157958984
(1, 177)
(1, 0)
