data before
341734.2541035156
1
data after
341734.25410351576
5
data,sig_tot
[  201.69548438  2186.596       4741.1725      6806.304
  8415.142       9508.04       10293.872      10803.613
 11059.951      11244.94       11193.59       11106.22
 10915.06       10726.921      10398.065       9973.075
  9756.218       9357.004       9043.926       8619.225
  8341.463       8044.5045      7649.2345      7374.9705
  7005.915       6710.51        6467.6685      6197.199
  5833.9995      5635.4955      5329.8425      5074.8935
  4867.8355      4646.638       4429.836       4197.9315
  3945.307       3797.69        3620.51425     3463.5615
  3250.57        3098.35525     2943.80975     2799.6775
  2622.84425     2537.9205      2403.97025     2251.1695
  2126.283       2034.685875    1892.43925     1769.9575
  1668.828       1579.421875    1493.573625    1383.66375
  1293.98175     1226.202       1117.2615      1098.675625
  1027.611        972.4194375    871.5859375    789.113625
   748.63625      691.513        636.5791875    601.02075
   573.4458125    528.88525      479.33321875   415.75921875
   391.03565625   356.03071875   342.6669375    315.17771875
   272.60125      261.47465625   229.28953125   194.09942187
   181.34415625   163.05475      143.99895313   132.63742188
   117.78934375   102.31896875    91.19404687    75.37598438
    69.23158594    57.61450781    55.16546484    50.61793359
    44.56195313    35.34457422    34.54191016    28.24605664
    24.52100195    49.48642773    75.74399219   804.709125
  1763.31675     2504.259       3019.62675     3301.88875
  3459.874       3528.952       3494.8165      3421.0445
  3289.662       3155.9175      3023.6105      2839.2995
  2644.43775     2518.6575      2372.192       2216.62325
  2034.74975     1905.980375    1789.7635      1666.338
  1538.839375    1436.9455      1335.904375    1229.661625
  1144.643375    1058.539875     980.8401875    916.3586875
   842.4764375    779.5256875    715.1693125    681.832875
   620.082        586.245625     530.67075      490.98796875
   458.21353125   411.08625      390.2181875    352.11384375
   336.40353125   305.11284375   275.9941875    259.87478125
   224.37195313   215.4056875    199.71892188   185.792625
   172.99051563   152.30403125   140.4808125    126.99416406
   113.67026562   108.17124219    97.68226562    84.38951563
    82.0724375     76.03239063    65.07246484    56.03773828
    56.06823438    49.56273047    45.12332422    40.58268359
    40.0164375     31.57017187    31.18983984    29.12374805
    26.76495117    21.12873047    20.3756543     31.54842969
    27.04654102    22.25835938    22.87860156    21.58001465
    24.13499445]
[  201.69548438  2186.596       4741.1725      6806.304
  8415.142       9508.04       10293.872      10803.613
 11059.951      11244.94       11193.59       11106.22
 10915.06       10726.921      10398.065       9973.075
  9756.218       9357.004       9043.926       8619.225
  8341.463       8044.5045      7649.2345      7374.9705
  7005.915       6710.51        6467.6685      6197.199
  5833.9995      5635.4955      5329.8425      5074.8935
  4867.8355      4646.638       4429.836       4197.9315
  3945.307       3797.69        3620.51425     3463.5615
  3250.57        3098.35525     2943.80975     2799.6775
  2622.84425     2537.9205      2403.97025     2251.1695
  2126.283       2034.685875    1892.43925     1769.9575
  1668.828       1579.421875    1493.573625    1383.66375
  1293.98175     1226.202       1117.2615      1098.675625
  1027.611        972.4194375    871.5859375    789.113625
   748.63625      691.513        636.5791875    601.02075
   573.4458125    528.88525      479.33321875   415.75921875
   391.03565625   356.03071875   342.6669375    315.17771875
   272.60125      261.47465625   229.28953125   194.09942187
   181.34415625   163.05475      143.99895313   132.63742188
   117.78934375   102.31896875    91.19404687    75.37598438
    69.23158594    57.61450781    55.16546484    50.61793359
    44.56195313    35.34457422    34.54191016    28.24605664
    24.52100195    49.48642773    75.74399219   804.709125
  1763.31675     2504.259       3019.62675     3301.88875
  3459.874       3528.952       3494.8165      3421.0445
  3289.662       3155.9175      3023.6105      2839.2995
  2644.43775     2518.6575      2372.192       2216.62325
  2034.74975     1905.980375    1789.7635      1666.338
  1538.839375    1436.9455      1335.904375    1229.661625
  1144.643375    1058.539875     980.8401875    916.3586875
   842.4764375    779.5256875    715.1693125    681.832875
   620.082        586.245625     530.67075      490.98796875
   458.21353125   411.08625      390.2181875    352.11384375
   336.40353125   305.11284375   275.9941875    259.87478125
   224.37195313   215.4056875    199.71892188   185.792625
   172.99051563   152.30403125   140.4808125    126.99416406
   113.67026563   108.17124219    97.68226562    84.38951563
    82.0724375     76.03239062    65.07246484    56.03773828
    56.06823438    49.56273047    45.12332422    40.58268359
    40.0164375     31.57017187    31.18983984    29.12374805
    26.76495117    21.12873047    20.3756543     31.54842969
    27.04654102    22.25835938    22.87860156    21.58001465
    24.13499445]
1.4058906631173245 5.704910850890405 98.77161861404538
val isze = 0
idinces = [ 69 103  20 116  56  97 117  39 171  10  19  66  55  61 102  59  83  78
 110 163   1 160  47  49  67 136  68 133  60  76 170 169  70 167 124  26
  95  91  24 109 121  21 175  63  58  99 144  81  87  43 150 120 138  35
 173  82   2 114 153  38  52 142 176 146 148 101  80  72 145  98  41  32
 105  48  25  53  90 149  51  14 162  29   3  23 131 165  37 166 164  45
 111 134  42  79 143 155 119 147  12 127  22  85   6 106 112 135 132 104
  34 152 108  50 168 130 129   4   5  44 128  96  84 154  28  75   7  46
  17  11 158  71 118 137 174  74  94 151  93  18  27  36  57  31  65 140
  89  30  86  92 141 126  13  77 159 161  33  62 122 107  88  54 139 100
  16 115  40   0  73   8 172 157 156 123 113  64  15 125   9]
training loss = 4.210522651672363 500
training loss = 4.15556526184082 1000
training loss = 4.102539539337158 1500
training loss = 4.060912132263184 2000
training loss = 4.0324602127075195 2500
training loss = 4.014348983764648 3000
training loss = 4.001986026763916 3500
training loss = 3.99075984954834 4000
training loss = 3.9760215282440186 4500
training loss = 3.949867010116577 5000
training loss = 3.8839566707611084 5500
training loss = 3.3115158081054688 6000
training loss = 1.9668269157409668 6500
training loss = 1.9284002780914307 7000
training loss = 1.9206149578094482 7500
training loss = 1.918044924736023 8000
training loss = 1.9166666269302368 8500
training loss = 1.915752649307251 9000
training loss = 1.9149479866027832 9500
training loss = 1.914223551750183 10000
training loss = 1.9135273694992065 10500
training loss = 1.9128739833831787 11000
training loss = 1.9121453762054443 11500
training loss = 1.911576271057129 12000
training loss = 1.9109752178192139 12500
training loss = 1.9103857278823853 13000
training loss = 1.9098838567733765 13500
training loss = 1.9093800783157349 14000
training loss = 1.9088993072509766 14500
training loss = 1.9084523916244507 15000
training loss = 1.9080637693405151 15500
training loss = 2.4790852069854736 16000
training loss = 1.9783217906951904 16500
training loss = 1.9068409204483032 17000
training loss = 1.9064582586288452 17500
training loss = 1.906129002571106 18000
training loss = 1.9058010578155518 18500
training loss = 1.9105966091156006 19000
training loss = 1.9990999698638916 19500
training loss = 1.934633731842041 20000
training loss = 1.9167180061340332 20500
training loss = 1.9047924280166626 21000
training loss = 1.9043949842453003 21500
training loss = 1.904197335243225 22000
training loss = 1.9040547609329224 22500
training loss = 1.9038082361221313 23000
training loss = 1.9036232233047485 23500
training loss = 1.9034720659255981 24000
training loss = 1.9032187461853027 24500
training loss = 1.9030386209487915 25000
training loss = 1.902816891670227 25500
training loss = 1.9025925397872925 26000
training loss = 1.9023351669311523 26500
training loss = 1.9020668268203735 27000
training loss = 2.097676992416382 27500
training loss = 1.9013292789459229 28000
training loss = 1.90093994140625 28500
training loss = 1.9005385637283325 29000
training loss = 1.9343106746673584 29500
training loss = 1.9032573699951172 30000
training loss = 1.9058544635772705 30500
training loss = 1.9017704725265503 31000
training loss = 2.078299045562744 31500
training loss = 1.9138283729553223 32000
training loss = 1.8979580402374268 32500
training loss = 1.8976640701293945 33000
training loss = 1.89738130569458 33500
training loss = 1.8971097469329834 34000
training loss = 1.8968775272369385 34500
training loss = 1.8966302871704102 35000
reduced chi^2 level 2 = 1.8966312408447266
Constrained alpha: 2.775137186050415
Constrained beta: 4.778748989105225
Constrained gamma: 15.745142936706543
(1, 177)
(1, 0)
