data before
341734.2541035156
1
data after
341734.25410351576
5
data,sig_tot
[  201.69548438  2186.596       4741.1725      6806.304
  8415.142       9508.04       10293.872      10803.613
 11059.951      11244.94       11193.59       11106.22
 10915.06       10726.921      10398.065       9973.075
  9756.218       9357.004       9043.926       8619.225
  8341.463       8044.5045      7649.2345      7374.9705
  7005.915       6710.51        6467.6685      6197.199
  5833.9995      5635.4955      5329.8425      5074.8935
  4867.8355      4646.638       4429.836       4197.9315
  3945.307       3797.69        3620.51425     3463.5615
  3250.57        3098.35525     2943.80975     2799.6775
  2622.84425     2537.9205      2403.97025     2251.1695
  2126.283       2034.685875    1892.43925     1769.9575
  1668.828       1579.421875    1493.573625    1383.66375
  1293.98175     1226.202       1117.2615      1098.675625
  1027.611        972.4194375    871.5859375    789.113625
   748.63625      691.513        636.5791875    601.02075
   573.4458125    528.88525      479.33321875   415.75921875
   391.03565625   356.03071875   342.6669375    315.17771875
   272.60125      261.47465625   229.28953125   194.09942187
   181.34415625   163.05475      143.99895313   132.63742188
   117.78934375   102.31896875    91.19404687    75.37598438
    69.23158594    57.61450781    55.16546484    50.61793359
    44.56195313    35.34457422    34.54191016    28.24605664
    24.52100195    49.48642773    75.74399219   804.709125
  1763.31675     2504.259       3019.62675     3301.88875
  3459.874       3528.952       3494.8165      3421.0445
  3289.662       3155.9175      3023.6105      2839.2995
  2644.43775     2518.6575      2372.192       2216.62325
  2034.74975     1905.980375    1789.7635      1666.338
  1538.839375    1436.9455      1335.904375    1229.661625
  1144.643375    1058.539875     980.8401875    916.3586875
   842.4764375    779.5256875    715.1693125    681.832875
   620.082        586.245625     530.67075      490.98796875
   458.21353125   411.08625      390.2181875    352.11384375
   336.40353125   305.11284375   275.9941875    259.87478125
   224.37195313   215.4056875    199.71892188   185.792625
   172.99051563   152.30403125   140.4808125    126.99416406
   113.67026562   108.17124219    97.68226562    84.38951563
    82.0724375     76.03239063    65.07246484    56.03773828
    56.06823438    49.56273047    45.12332422    40.58268359
    40.0164375     31.57017187    31.18983984    29.12374805
    26.76495117    21.12873047    20.3756543     31.54842969
    27.04654102    22.25835938    22.87860156    21.58001465
    24.13499445]
[  201.69548438  2186.596       4741.1725      6806.304
  8415.142       9508.04       10293.872      10803.613
 11059.951      11244.94       11193.59       11106.22
 10915.06       10726.921      10398.065       9973.075
  9756.218       9357.004       9043.926       8619.225
  8341.463       8044.5045      7649.2345      7374.9705
  7005.915       6710.51        6467.6685      6197.199
  5833.9995      5635.4955      5329.8425      5074.8935
  4867.8355      4646.638       4429.836       4197.9315
  3945.307       3797.69        3620.51425     3463.5615
  3250.57        3098.35525     2943.80975     2799.6775
  2622.84425     2537.9205      2403.97025     2251.1695
  2126.283       2034.685875    1892.43925     1769.9575
  1668.828       1579.421875    1493.573625    1383.66375
  1293.98175     1226.202       1117.2615      1098.675625
  1027.611        972.4194375    871.5859375    789.113625
   748.63625      691.513        636.5791875    601.02075
   573.4458125    528.88525      479.33321875   415.75921875
   391.03565625   356.03071875   342.6669375    315.17771875
   272.60125      261.47465625   229.28953125   194.09942187
   181.34415625   163.05475      143.99895313   132.63742188
   117.78934375   102.31896875    91.19404687    75.37598438
    69.23158594    57.61450781    55.16546484    50.61793359
    44.56195313    35.34457422    34.54191016    28.24605664
    24.52100195    49.48642773    75.74399219   804.709125
  1763.31675     2504.259       3019.62675     3301.88875
  3459.874       3528.952       3494.8165      3421.0445
  3289.662       3155.9175      3023.6105      2839.2995
  2644.43775     2518.6575      2372.192       2216.62325
  2034.74975     1905.980375    1789.7635      1666.338
  1538.839375    1436.9455      1335.904375    1229.661625
  1144.643375    1058.539875     980.8401875    916.3586875
   842.4764375    779.5256875    715.1693125    681.832875
   620.082        586.245625     530.67075      490.98796875
   458.21353125   411.08625      390.2181875    352.11384375
   336.40353125   305.11284375   275.9941875    259.87478125
   224.37195313   215.4056875    199.71892188   185.792625
   172.99051563   152.30403125   140.4808125    126.99416406
   113.67026563   108.17124219    97.68226562    84.38951563
    82.0724375     76.03239062    65.07246484    56.03773828
    56.06823438    49.56273047    45.12332422    40.58268359
    40.0164375     31.57017187    31.18983984    29.12374805
    26.76495117    21.12873047    20.3756543     31.54842969
    27.04654102    22.25835938    22.87860156    21.58001465
    24.13499445]
2.864389758793615 1.834830171986166 83.96883320933696
val isze = 0
idinces = [ 69 103  20 116  56  97 117  39 171  10  19  66  55  61 102  59  83  78
 110 163   1 160  47  49  67 136  68 133  60  76 170 169  70 167 124  26
  95  91  24 109 121  21 175  63  58  99 144  81  87  43 150 120 138  35
 173  82   2 114 153  38  52 142 176 146 148 101  80  72 145  98  41  32
 105  48  25  53  90 149  51  14 162  29   3  23 131 165  37 166 164  45
 111 134  42  79 143 155 119 147  12 127  22  85   6 106 112 135 132 104
  34 152 108  50 168 130 129   4   5  44 128  96  84 154  28  75   7  46
  17  11 158  71 118 137 174  74  94 151  93  18  27  36  57  31  65 140
  89  30  86  92 141 126  13  77 159 161  33  62 122 107  88  54 139 100
  16 115  40   0  73   8 172 157 156 123 113  64  15 125   9]
training loss = 12.029114723205566 500
training loss = 7.370933532714844 1000
training loss = 5.532121658325195 1500
training loss = 4.8130388259887695 2000
training loss = 4.535746097564697 2500
training loss = 4.434964179992676 3000
training loss = 4.401731967926025 3500
training loss = 4.39168643951416 4000
training loss = 4.3884992599487305 4500
training loss = 4.387115478515625 5000
training loss = 4.385979652404785 5500
training loss = 4.384626388549805 6000
training loss = 4.382481575012207 6500
training loss = 4.378349304199219 7000
training loss = 4.3666911125183105 7500
training loss = 4.28424596786499 8000
training loss = 2.020616054534912 8500
training loss = 1.9729862213134766 9000
training loss = 1.9680615663528442 9500
training loss = 1.9685237407684326 10000
training loss = 1.973217248916626 10500
training loss = 2.0051441192626953 11000
training loss = 1.9627236127853394 11500
training loss = 1.9673802852630615 12000
training loss = 1.9579746723175049 12500
training loss = 1.9528414011001587 13000
training loss = 1.9472084045410156 13500
training loss = 1.9410380125045776 14000
training loss = 1.935646891593933 14500
training loss = 1.9314072132110596 15000
training loss = 1.9280931949615479 15500
training loss = 1.925401210784912 16000
training loss = 1.9231104850769043 16500
training loss = 1.921100378036499 17000
training loss = 1.9192932844161987 17500
training loss = 1.9176260232925415 18000
training loss = 1.916077733039856 18500
training loss = 1.9146411418914795 19000
training loss = 1.9132903814315796 19500
training loss = 1.9120211601257324 20000
training loss = 1.9107882976531982 20500
training loss = 1.9096311330795288 21000
training loss = 1.9085667133331299 21500
training loss = 1.9080220460891724 22000
training loss = 1.906605839729309 22500
training loss = 1.9055999517440796 23000
training loss = 1.904717206954956 23500
training loss = 1.903859257698059 24000
training loss = 1.9030603170394897 24500
training loss = 1.9022949934005737 25000
training loss = 1.9015854597091675 25500
training loss = 1.9008837938308716 26000
training loss = 1.9002161026000977 26500
training loss = 1.8995603322982788 27000
training loss = 1.8989578485488892 27500
training loss = 1.8983644247055054 28000
training loss = 1.8978129625320435 28500
training loss = 1.897296667098999 29000
training loss = 1.8967981338500977 29500
training loss = 1.896308183670044 30000
training loss = 1.897838830947876 30500
training loss = 2.0478878021240234 31000
training loss = 1.938183069229126 31500
training loss = 1.8968336582183838 32000
training loss = 1.94584321975708 32500
training loss = 1.8937844038009644 33000
training loss = 1.8938285112380981 33500
training loss = 2.161254405975342 34000
training loss = 1.9196641445159912 34500
training loss = 1.8926557302474976 35000
reduced chi^2 level 2 = 1.8927584886550903
Constrained alpha: 2.737683057785034
Constrained beta: 3.6333494186401367
Constrained gamma: 15.700753211975098
(1, 177)
(1, 0)
