data before
341734.2541035156
1
data after
341734.25410351576
5
data,sig_tot
[  201.69548438  2186.596       4741.1725      6806.304
  8415.142       9508.04       10293.872      10803.613
 11059.951      11244.94       11193.59       11106.22
 10915.06       10726.921      10398.065       9973.075
  9756.218       9357.004       9043.926       8619.225
  8341.463       8044.5045      7649.2345      7374.9705
  7005.915       6710.51        6467.6685      6197.199
  5833.9995      5635.4955      5329.8425      5074.8935
  4867.8355      4646.638       4429.836       4197.9315
  3945.307       3797.69        3620.51425     3463.5615
  3250.57        3098.35525     2943.80975     2799.6775
  2622.84425     2537.9205      2403.97025     2251.1695
  2126.283       2034.685875    1892.43925     1769.9575
  1668.828       1579.421875    1493.573625    1383.66375
  1293.98175     1226.202       1117.2615      1098.675625
  1027.611        972.4194375    871.5859375    789.113625
   748.63625      691.513        636.5791875    601.02075
   573.4458125    528.88525      479.33321875   415.75921875
   391.03565625   356.03071875   342.6669375    315.17771875
   272.60125      261.47465625   229.28953125   194.09942187
   181.34415625   163.05475      143.99895313   132.63742188
   117.78934375   102.31896875    91.19404687    75.37598438
    69.23158594    57.61450781    55.16546484    50.61793359
    44.56195313    35.34457422    34.54191016    28.24605664
    24.52100195    49.48642773    75.74399219   804.709125
  1763.31675     2504.259       3019.62675     3301.88875
  3459.874       3528.952       3494.8165      3421.0445
  3289.662       3155.9175      3023.6105      2839.2995
  2644.43775     2518.6575      2372.192       2216.62325
  2034.74975     1905.980375    1789.7635      1666.338
  1538.839375    1436.9455      1335.904375    1229.661625
  1144.643375    1058.539875     980.8401875    916.3586875
   842.4764375    779.5256875    715.1693125    681.832875
   620.082        586.245625     530.67075      490.98796875
   458.21353125   411.08625      390.2181875    352.11384375
   336.40353125   305.11284375   275.9941875    259.87478125
   224.37195313   215.4056875    199.71892188   185.792625
   172.99051563   152.30403125   140.4808125    126.99416406
   113.67026562   108.17124219    97.68226562    84.38951563
    82.0724375     76.03239063    65.07246484    56.03773828
    56.06823438    49.56273047    45.12332422    40.58268359
    40.0164375     31.57017187    31.18983984    29.12374805
    26.76495117    21.12873047    20.3756543     31.54842969
    27.04654102    22.25835938    22.87860156    21.58001465
    24.13499445]
[  201.69548438  2186.596       4741.1725      6806.304
  8415.142       9508.04       10293.872      10803.613
 11059.951      11244.94       11193.59       11106.22
 10915.06       10726.921      10398.065       9973.075
  9756.218       9357.004       9043.926       8619.225
  8341.463       8044.5045      7649.2345      7374.9705
  7005.915       6710.51        6467.6685      6197.199
  5833.9995      5635.4955      5329.8425      5074.8935
  4867.8355      4646.638       4429.836       4197.9315
  3945.307       3797.69        3620.51425     3463.5615
  3250.57        3098.35525     2943.80975     2799.6775
  2622.84425     2537.9205      2403.97025     2251.1695
  2126.283       2034.685875    1892.43925     1769.9575
  1668.828       1579.421875    1493.573625    1383.66375
  1293.98175     1226.202       1117.2615      1098.675625
  1027.611        972.4194375    871.5859375    789.113625
   748.63625      691.513        636.5791875    601.02075
   573.4458125    528.88525      479.33321875   415.75921875
   391.03565625   356.03071875   342.6669375    315.17771875
   272.60125      261.47465625   229.28953125   194.09942187
   181.34415625   163.05475      143.99895313   132.63742188
   117.78934375   102.31896875    91.19404687    75.37598438
    69.23158594    57.61450781    55.16546484    50.61793359
    44.56195313    35.34457422    34.54191016    28.24605664
    24.52100195    49.48642773    75.74399219   804.709125
  1763.31675     2504.259       3019.62675     3301.88875
  3459.874       3528.952       3494.8165      3421.0445
  3289.662       3155.9175      3023.6105      2839.2995
  2644.43775     2518.6575      2372.192       2216.62325
  2034.74975     1905.980375    1789.7635      1666.338
  1538.839375    1436.9455      1335.904375    1229.661625
  1144.643375    1058.539875     980.8401875    916.3586875
   842.4764375    779.5256875    715.1693125    681.832875
   620.082        586.245625     530.67075      490.98796875
   458.21353125   411.08625      390.2181875    352.11384375
   336.40353125   305.11284375   275.9941875    259.87478125
   224.37195313   215.4056875    199.71892188   185.792625
   172.99051563   152.30403125   140.4808125    126.99416406
   113.67026563   108.17124219    97.68226562    84.38951563
    82.0724375     76.03239062    65.07246484    56.03773828
    56.06823438    49.56273047    45.12332422    40.58268359
    40.0164375     31.57017187    31.18983984    29.12374805
    26.76495117    21.12873047    20.3756543     31.54842969
    27.04654102    22.25835938    22.87860156    21.58001465
    24.13499445]
1.3237598733578197 16.203575368951224 20.272836378686897
val isze = 0
idinces = [ 69 103  20 116  56  97 117  39 171  10  19  66  55  61 102  59  83  78
 110 163   1 160  47  49  67 136  68 133  60  76 170 169  70 167 124  26
  95  91  24 109 121  21 175  63  58  99 144  81  87  43 150 120 138  35
 173  82   2 114 153  38  52 142 176 146 148 101  80  72 145  98  41  32
 105  48  25  53  90 149  51  14 162  29   3  23 131 165  37 166 164  45
 111 134  42  79 143 155 119 147  12 127  22  85   6 106 112 135 132 104
  34 152 108  50 168 130 129   4   5  44 128  96  84 154  28  75   7  46
  17  11 158  71 118 137 174  74  94 151  93  18  27  36  57  31  65 140
  89  30  86  92 141 126  13  77 159 161  33  62 122 107  88  54 139 100
  16 115  40   0  73   8 172 157 156 123 113  64  15 125   9]
training loss = 5.135742664337158 500
training loss = 5.011680603027344 1000
training loss = 4.847588062286377 1500
training loss = 4.6632585525512695 2000
training loss = 4.488185882568359 2500
training loss = 4.3555779457092285 3000
training loss = 4.280531883239746 3500
training loss = 4.244853973388672 4000
training loss = 4.215481281280518 4500
training loss = 4.148197650909424 5000
training loss = 3.742277145385742 5500
training loss = 2.2512166500091553 6000
training loss = 2.161116600036621 6500
training loss = 2.1373093128204346 7000
training loss = 2.123995780944824 7500
training loss = 2.113482713699341 8000
training loss = 2.104142427444458 8500
training loss = 2.095561981201172 9000
training loss = 2.0875988006591797 9500
training loss = 2.08015775680542 10000
training loss = 2.0732250213623047 10500
training loss = 2.0667243003845215 11000
training loss = 2.060647487640381 11500
training loss = 2.0549259185791016 12000
training loss = 2.049605131149292 12500
training loss = 2.044581174850464 13000
training loss = 2.0400097370147705 13500
training loss = 2.0413625240325928 14000
training loss = 2.0707592964172363 14500
training loss = 2.032457113265991 15000
training loss = 2.0241143703460693 15500
training loss = 2.0209553241729736 16000
training loss = 2.0292623043060303 16500
training loss = 2.0152316093444824 17000
training loss = 2.0127971172332764 17500
training loss = 2.0105974674224854 18000
training loss = 2.008484125137329 18500
training loss = 2.006885051727295 19000
training loss = 2.005237579345703 19500
training loss = 2.0361361503601074 20000
training loss = 2.012507677078247 20500
training loss = 2.005488634109497 21000
training loss = 2.00032377243042 21500
training loss = 1.9994615316390991 22000
training loss = 1.9986927509307861 22500
training loss = 1.9980268478393555 23000
training loss = 1.997430443763733 23500
training loss = 1.9969184398651123 24000
training loss = 1.9964499473571777 24500
training loss = 1.996072769165039 25000
training loss = 1.9957433938980103 25500
training loss = 1.9954794645309448 26000
training loss = 1.9952465295791626 26500
training loss = 2.019038200378418 27000
training loss = 2.0019943714141846 27500
training loss = 1.994943380355835 28000
training loss = 1.9945975542068481 28500
training loss = 1.994465947151184 29000
training loss = 1.994397521018982 29500
training loss = 1.994336724281311 30000
training loss = 1.9942967891693115 30500
training loss = 1.9942643642425537 31000
training loss = 1.9942526817321777 31500
training loss = 1.9942461252212524 32000
training loss = 1.9942433834075928 32500
training loss = 1.9942013025283813 33000
reduced chi^2 level 2 = 1.9943286180496216
Constrained alpha: 2.826760768890381
Constrained beta: 4.474765777587891
Constrained gamma: 12.784683227539062
(1, 177)
(1, 0)
