data before
341734.2541035156
1
data after
341734.25410351576
5
data,sig_tot
[  201.69548438  2186.596       4741.1725      6806.304
  8415.142       9508.04       10293.872      10803.613
 11059.951      11244.94       11193.59       11106.22
 10915.06       10726.921      10398.065       9973.075
  9756.218       9357.004       9043.926       8619.225
  8341.463       8044.5045      7649.2345      7374.9705
  7005.915       6710.51        6467.6685      6197.199
  5833.9995      5635.4955      5329.8425      5074.8935
  4867.8355      4646.638       4429.836       4197.9315
  3945.307       3797.69        3620.51425     3463.5615
  3250.57        3098.35525     2943.80975     2799.6775
  2622.84425     2537.9205      2403.97025     2251.1695
  2126.283       2034.685875    1892.43925     1769.9575
  1668.828       1579.421875    1493.573625    1383.66375
  1293.98175     1226.202       1117.2615      1098.675625
  1027.611        972.4194375    871.5859375    789.113625
   748.63625      691.513        636.5791875    601.02075
   573.4458125    528.88525      479.33321875   415.75921875
   391.03565625   356.03071875   342.6669375    315.17771875
   272.60125      261.47465625   229.28953125   194.09942187
   181.34415625   163.05475      143.99895313   132.63742188
   117.78934375   102.31896875    91.19404687    75.37598438
    69.23158594    57.61450781    55.16546484    50.61793359
    44.56195313    35.34457422    34.54191016    28.24605664
    24.52100195    49.48642773    75.74399219   804.709125
  1763.31675     2504.259       3019.62675     3301.88875
  3459.874       3528.952       3494.8165      3421.0445
  3289.662       3155.9175      3023.6105      2839.2995
  2644.43775     2518.6575      2372.192       2216.62325
  2034.74975     1905.980375    1789.7635      1666.338
  1538.839375    1436.9455      1335.904375    1229.661625
  1144.643375    1058.539875     980.8401875    916.3586875
   842.4764375    779.5256875    715.1693125    681.832875
   620.082        586.245625     530.67075      490.98796875
   458.21353125   411.08625      390.2181875    352.11384375
   336.40353125   305.11284375   275.9941875    259.87478125
   224.37195313   215.4056875    199.71892188   185.792625
   172.99051563   152.30403125   140.4808125    126.99416406
   113.67026562   108.17124219    97.68226562    84.38951563
    82.0724375     76.03239063    65.07246484    56.03773828
    56.06823438    49.56273047    45.12332422    40.58268359
    40.0164375     31.57017187    31.18983984    29.12374805
    26.76495117    21.12873047    20.3756543     31.54842969
    27.04654102    22.25835938    22.87860156    21.58001465
    24.13499445]
[  201.69548438  2186.596       4741.1725      6806.304
  8415.142       9508.04       10293.872      10803.613
 11059.951      11244.94       11193.59       11106.22
 10915.06       10726.921      10398.065       9973.075
  9756.218       9357.004       9043.926       8619.225
  8341.463       8044.5045      7649.2345      7374.9705
  7005.915       6710.51        6467.6685      6197.199
  5833.9995      5635.4955      5329.8425      5074.8935
  4867.8355      4646.638       4429.836       4197.9315
  3945.307       3797.69        3620.51425     3463.5615
  3250.57        3098.35525     2943.80975     2799.6775
  2622.84425     2537.9205      2403.97025     2251.1695
  2126.283       2034.685875    1892.43925     1769.9575
  1668.828       1579.421875    1493.573625    1383.66375
  1293.98175     1226.202       1117.2615      1098.675625
  1027.611        972.4194375    871.5859375    789.113625
   748.63625      691.513        636.5791875    601.02075
   573.4458125    528.88525      479.33321875   415.75921875
   391.03565625   356.03071875   342.6669375    315.17771875
   272.60125      261.47465625   229.28953125   194.09942187
   181.34415625   163.05475      143.99895313   132.63742188
   117.78934375   102.31896875    91.19404687    75.37598438
    69.23158594    57.61450781    55.16546484    50.61793359
    44.56195313    35.34457422    34.54191016    28.24605664
    24.52100195    49.48642773    75.74399219   804.709125
  1763.31675     2504.259       3019.62675     3301.88875
  3459.874       3528.952       3494.8165      3421.0445
  3289.662       3155.9175      3023.6105      2839.2995
  2644.43775     2518.6575      2372.192       2216.62325
  2034.74975     1905.980375    1789.7635      1666.338
  1538.839375    1436.9455      1335.904375    1229.661625
  1144.643375    1058.539875     980.8401875    916.3586875
   842.4764375    779.5256875    715.1693125    681.832875
   620.082        586.245625     530.67075      490.98796875
   458.21353125   411.08625      390.2181875    352.11384375
   336.40353125   305.11284375   275.9941875    259.87478125
   224.37195313   215.4056875    199.71892188   185.792625
   172.99051563   152.30403125   140.4808125    126.99416406
   113.67026563   108.17124219    97.68226562    84.38951563
    82.0724375     76.03239062    65.07246484    56.03773828
    56.06823438    49.56273047    45.12332422    40.58268359
    40.0164375     31.57017187    31.18983984    29.12374805
    26.76495117    21.12873047    20.3756543     31.54842969
    27.04654102    22.25835938    22.87860156    21.58001465
    24.13499445]
2.628834936274198 12.54256507994189 33.1210985362449
val isze = 0
idinces = [ 69 103  20 116  56  97 117  39 171  10  19  66  55  61 102  59  83  78
 110 163   1 160  47  49  67 136  68 133  60  76 170 169  70 167 124  26
  95  91  24 109 121  21 175  63  58  99 144  81  87  43 150 120 138  35
 173  82   2 114 153  38  52 142 176 146 148 101  80  72 145  98  41  32
 105  48  25  53  90 149  51  14 162  29   3  23 131 165  37 166 164  45
 111 134  42  79 143 155 119 147  12 127  22  85   6 106 112 135 132 104
  34 152 108  50 168 130 129   4   5  44 128  96  84 154  28  75   7  46
  17  11 158  71 118 137 174  74  94 151  93  18  27  36  57  31  65 140
  89  30  86  92 141 126  13  77 159 161  33  62 122 107  88  54 139 100
  16 115  40   0  73   8 172 157 156 123 113  64  15 125   9]
training loss = 4.6895432472229 500
training loss = 4.5403852462768555 1000
training loss = 4.407688617706299 1500
training loss = 4.31069803237915 2000
training loss = 4.246243476867676 2500
training loss = 4.202672481536865 3000
training loss = 4.163736343383789 3500
training loss = 4.083166599273682 4000
training loss = 2.872971773147583 4500
training loss = 1.8901503086090088 5000
training loss = 1.8714247941970825 5500
training loss = 1.8538269996643066 6000
training loss = 1.8444395065307617 6500
training loss = 1.8610825538635254 7000
training loss = 1.8395617008209229 7500
training loss = 1.8839508295059204 8000
training loss = 1.8298014402389526 8500
training loss = 1.8678789138793945 9000
training loss = 1.8187612295150757 9500
training loss = 1.8156057596206665 10000
training loss = 1.8127351999282837 10500
training loss = 1.810034990310669 11000
training loss = 1.8424485921859741 11500
training loss = 1.8252053260803223 12000
training loss = 2.025521993637085 12500
training loss = 1.8443200588226318 13000
training loss = 1.8104727268218994 13500
training loss = 1.7972288131713867 14000
training loss = 1.7951325178146362 14500
training loss = 1.793433427810669 15000
training loss = 1.7917715311050415 15500
training loss = 1.7901495695114136 16000
training loss = 1.7885756492614746 16500
training loss = 1.7870553731918335 17000
training loss = 1.7856247425079346 17500
training loss = 1.7842878103256226 18000
training loss = 1.7911690473556519 18500
training loss = 1.7817449569702148 19000
training loss = 1.7805368900299072 19500
training loss = 1.7805840969085693 20000
training loss = 1.784388542175293 20500
training loss = 1.7792428731918335 21000
training loss = 1.7761658430099487 21500
training loss = 1.8150241374969482 22000
training loss = 1.7740848064422607 22500
training loss = 1.7731049060821533 23000
training loss = 1.860667109489441 23500
training loss = 1.7715984582901 24000
training loss = 1.770573377609253 24500
training loss = 1.7726012468338013 25000
training loss = 1.7692064046859741 25500
training loss = 1.8204519748687744 26000
training loss = 1.7699155807495117 26500
training loss = 1.76725435256958 27000
training loss = 1.8918591737747192 27500
training loss = 1.7683650255203247 28000
training loss = 1.7654043436050415 28500
training loss = 1.7648653984069824 29000
training loss = 1.9585520029067993 29500
training loss = 1.7639987468719482 30000
training loss = 1.7633832693099976 30500
training loss = 1.7846699953079224 31000
training loss = 1.95023775100708 31500
training loss = 1.804919958114624 32000
training loss = 1.8412944078445435 32500
training loss = 1.761015772819519 33000
training loss = 1.7605462074279785 33500
training loss = 1.7664570808410645 34000
training loss = 1.7599918842315674 34500
training loss = 1.7937960624694824 35000
reduced chi^2 level 2 = 1.7775282859802246
Constrained alpha: 2.7129929065704346
Constrained beta: 4.721675395965576
Constrained gamma: 13.624312400817871
(1, 177)
(1, 0)
