data before
341734.2541035156
1
data after
341734.25410351576
5
data,sig_tot
[  201.69548438  2186.596       4741.1725      6806.304
  8415.142       9508.04       10293.872      10803.613
 11059.951      11244.94       11193.59       11106.22
 10915.06       10726.921      10398.065       9973.075
  9756.218       9357.004       9043.926       8619.225
  8341.463       8044.5045      7649.2345      7374.9705
  7005.915       6710.51        6467.6685      6197.199
  5833.9995      5635.4955      5329.8425      5074.8935
  4867.8355      4646.638       4429.836       4197.9315
  3945.307       3797.69        3620.51425     3463.5615
  3250.57        3098.35525     2943.80975     2799.6775
  2622.84425     2537.9205      2403.97025     2251.1695
  2126.283       2034.685875    1892.43925     1769.9575
  1668.828       1579.421875    1493.573625    1383.66375
  1293.98175     1226.202       1117.2615      1098.675625
  1027.611        972.4194375    871.5859375    789.113625
   748.63625      691.513        636.5791875    601.02075
   573.4458125    528.88525      479.33321875   415.75921875
   391.03565625   356.03071875   342.6669375    315.17771875
   272.60125      261.47465625   229.28953125   194.09942187
   181.34415625   163.05475      143.99895313   132.63742188
   117.78934375   102.31896875    91.19404687    75.37598438
    69.23158594    57.61450781    55.16546484    50.61793359
    44.56195313    35.34457422    34.54191016    28.24605664
    24.52100195    49.48642773    75.74399219   804.709125
  1763.31675     2504.259       3019.62675     3301.88875
  3459.874       3528.952       3494.8165      3421.0445
  3289.662       3155.9175      3023.6105      2839.2995
  2644.43775     2518.6575      2372.192       2216.62325
  2034.74975     1905.980375    1789.7635      1666.338
  1538.839375    1436.9455      1335.904375    1229.661625
  1144.643375    1058.539875     980.8401875    916.3586875
   842.4764375    779.5256875    715.1693125    681.832875
   620.082        586.245625     530.67075      490.98796875
   458.21353125   411.08625      390.2181875    352.11384375
   336.40353125   305.11284375   275.9941875    259.87478125
   224.37195313   215.4056875    199.71892188   185.792625
   172.99051563   152.30403125   140.4808125    126.99416406
   113.67026562   108.17124219    97.68226562    84.38951563
    82.0724375     76.03239063    65.07246484    56.03773828
    56.06823438    49.56273047    45.12332422    40.58268359
    40.0164375     31.57017187    31.18983984    29.12374805
    26.76495117    21.12873047    20.3756543     31.54842969
    27.04654102    22.25835938    22.87860156    21.58001465
    24.13499445]
[  201.69548438  2186.596       4741.1725      6806.304
  8415.142       9508.04       10293.872      10803.613
 11059.951      11244.94       11193.59       11106.22
 10915.06       10726.921      10398.065       9973.075
  9756.218       9357.004       9043.926       8619.225
  8341.463       8044.5045      7649.2345      7374.9705
  7005.915       6710.51        6467.6685      6197.199
  5833.9995      5635.4955      5329.8425      5074.8935
  4867.8355      4646.638       4429.836       4197.9315
  3945.307       3797.69        3620.51425     3463.5615
  3250.57        3098.35525     2943.80975     2799.6775
  2622.84425     2537.9205      2403.97025     2251.1695
  2126.283       2034.685875    1892.43925     1769.9575
  1668.828       1579.421875    1493.573625    1383.66375
  1293.98175     1226.202       1117.2615      1098.675625
  1027.611        972.4194375    871.5859375    789.113625
   748.63625      691.513        636.5791875    601.02075
   573.4458125    528.88525      479.33321875   415.75921875
   391.03565625   356.03071875   342.6669375    315.17771875
   272.60125      261.47465625   229.28953125   194.09942187
   181.34415625   163.05475      143.99895313   132.63742188
   117.78934375   102.31896875    91.19404687    75.37598438
    69.23158594    57.61450781    55.16546484    50.61793359
    44.56195313    35.34457422    34.54191016    28.24605664
    24.52100195    49.48642773    75.74399219   804.709125
  1763.31675     2504.259       3019.62675     3301.88875
  3459.874       3528.952       3494.8165      3421.0445
  3289.662       3155.9175      3023.6105      2839.2995
  2644.43775     2518.6575      2372.192       2216.62325
  2034.74975     1905.980375    1789.7635      1666.338
  1538.839375    1436.9455      1335.904375    1229.661625
  1144.643375    1058.539875     980.8401875    916.3586875
   842.4764375    779.5256875    715.1693125    681.832875
   620.082        586.245625     530.67075      490.98796875
   458.21353125   411.08625      390.2181875    352.11384375
   336.40353125   305.11284375   275.9941875    259.87478125
   224.37195313   215.4056875    199.71892188   185.792625
   172.99051563   152.30403125   140.4808125    126.99416406
   113.67026563   108.17124219    97.68226562    84.38951563
    82.0724375     76.03239062    65.07246484    56.03773828
    56.06823438    49.56273047    45.12332422    40.58268359
    40.0164375     31.57017187    31.18983984    29.12374805
    26.76495117    21.12873047    20.3756543     31.54842969
    27.04654102    22.25835938    22.87860156    21.58001465
    24.13499445]
1.3471877327259891 7.390949116454171 66.19103928843329
val isze = 0
idinces = [ 69 103  20 116  56  97 117  39 171  10  19  66  55  61 102  59  83  78
 110 163   1 160  47  49  67 136  68 133  60  76 170 169  70 167 124  26
  95  91  24 109 121  21 175  63  58  99 144  81  87  43 150 120 138  35
 173  82   2 114 153  38  52 142 176 146 148 101  80  72 145  98  41  32
 105  48  25  53  90 149  51  14 162  29   3  23 131 165  37 166 164  45
 111 134  42  79 143 155 119 147  12 127  22  85   6 106 112 135 132 104
  34 152 108  50 168 130 129   4   5  44 128  96  84 154  28  75   7  46
  17  11 158  71 118 137 174  74  94 151  93  18  27  36  57  31  65 140
  89  30  86  92 141 126  13  77 159 161  33  62 122 107  88  54 139 100
  16 115  40   0  73   8 172 157 156 123 113  64  15 125   9]
training loss = 4.451719284057617 500
training loss = 4.446154594421387 1000
training loss = 4.438205718994141 1500
training loss = 4.4275641441345215 2000
training loss = 4.413169860839844 2500
training loss = 4.3921685218811035 3000
training loss = 4.355521202087402 3500
training loss = 4.251987457275391 4000
training loss = 2.4171931743621826 4500
training loss = 2.2792205810546875 5000
training loss = 2.262016773223877 5500
training loss = 2.2553956508636475 6000
training loss = 2.251171112060547 6500
training loss = 2.247922658920288 7000
training loss = 2.2452850341796875 7500
training loss = 2.243016481399536 8000
training loss = 2.241013765335083 8500
training loss = 2.2390894889831543 9000
training loss = 2.237029552459717 9500
training loss = 2.2346251010894775 10000
training loss = 2.2318828105926514 10500
training loss = 3.044351816177368 11000
training loss = 2.2627902030944824 11500
training loss = 2.5407814979553223 12000
training loss = 2.2193803787231445 12500
training loss = 2.2235989570617676 13000
training loss = 2.21382737159729 13500
training loss = 2.2108147144317627 14000
training loss = 2.208275318145752 14500
training loss = 2.2058374881744385 15000
training loss = 2.204214572906494 15500
training loss = 2.2332236766815186 16000
training loss = 2.208810329437256 16500
training loss = 2.2413737773895264 17000
training loss = 2.243008613586426 17500
training loss = 2.427053451538086 18000
training loss = 2.1924986839294434 18500
training loss = 2.1943843364715576 19000
training loss = 2.189164876937866 19500
training loss = 2.187885284423828 20000
training loss = 2.186706781387329 20500
training loss = 2.204617738723755 21000
training loss = 2.1987245082855225 21500
training loss = 2.1911799907684326 22000
training loss = 2.2727651596069336 22500
training loss = 2.1821088790893555 23000
training loss = 2.181382179260254 23500
training loss = 2.1807496547698975 24000
training loss = 2.180159330368042 24500
training loss = 2.1796233654022217 25000
training loss = 2.1791322231292725 25500
training loss = 2.178673505783081 26000
training loss = 2.17824125289917 26500
training loss = 2.1778926849365234 27000
training loss = 2.1775319576263428 27500
training loss = 2.177232265472412 28000
training loss = 2.1847074031829834 28500
training loss = 2.1816792488098145 29000
training loss = 2.465207576751709 29500
training loss = 2.176271677017212 30000
training loss = 2.180911064147949 30500
training loss = 2.1756529808044434 31000
training loss = 2.1756303310394287 31500
training loss = 2.1755170822143555 32000
training loss = 2.1750643253326416 32500
training loss = 2.174894094467163 33000
training loss = 2.174783229827881 33500
training loss = 2.1750729084014893 34000
training loss = 2.877666473388672 34500
training loss = 2.3407726287841797 35000
reduced chi^2 level 2 = 2.281663417816162
Constrained alpha: 2.7580060958862305
Constrained beta: 3.3596866130828857
Constrained gamma: 15.406893730163574
(1, 177)
(1, 0)
