LHAPDF 6.5.4 loading /data/theorie/jjohn/miniconda3/envs/nnpdf_dev/share/LHAPDF/FASERv_EPOS+POWHEG_7TeV/FASERv_EPOS+POWHEG_7TeV_0000.dat
FASERv_EPOS+POWHEG_7TeV PDF set, member #0, version 1; LHAPDF ID = 70001000
LHAPDF 6.5.4 loading /data/theorie/jjohn/miniconda3/envs/nnpdf_dev/share/LHAPDF/FASERv_EPOS+POWHEG_7TeV/FASERv_EPOS+POWHEG_7TeV_0000.dat
FASERv_EPOS+POWHEG_7TeV PDF set, member #0, version 1; LHAPDF ID = 70001000
2.4800991902275755 12.386775149790632 61.75865499620103
val isze = 0
idinces = [5 2 4 1 0 3]
training loss = 2.1419191360473633
training loss = 2.1270036697387695
training loss = 2.1216955184936523
training loss = 2.11779522895813
training loss = 2.1147408485412598
training loss = 2.1117091178894043
training loss = 2.107703924179077
training loss = 2.101200580596924
training loss = 2.0889856815338135
training loss = 2.0620641708374023
training loss = 1.9767875671386719
training loss = 0.5258874893188477
training loss = 0.3757801651954651
training loss = 0.3538423776626587
training loss = 0.33677953481674194
training loss = 0.3116762638092041
training loss = 0.2913961410522461
training loss = 0.2701551616191864
training loss = 0.24435284733772278
training loss = 0.2189844846725464
rep 1 done out of 1
reduced chi^2 level 2 = 0.21930083632469177
Constrained alpha: 1.488602876663208
Constrained beta: 10.359432220458984
Constrained gamma: 45.767677307128906
(1, 6)
(1, 0)
Thanks for using LHAPDF 6.5.4. Please make sure to cite the paper:
  Eur.Phys.J. C75 (2015) 3, 132  (http://arxiv.org/abs/1412.7420)
