LHAPDF 6.5.4 loading /data/theorie/jjohn/miniconda3/envs/nnpdf_dev/share/LHAPDF/FASERv_EPOS+POWHEG_7TeV/FASERv_EPOS+POWHEG_7TeV_0000.dat
FASERv_EPOS+POWHEG_7TeV PDF set, member #0, version 1; LHAPDF ID = 70001000
LHAPDF 6.5.4 loading /data/theorie/jjohn/miniconda3/envs/nnpdf_dev/share/LHAPDF/FASERv_EPOS+POWHEG_7TeV/FASERv_EPOS+POWHEG_7TeV_0000.dat
FASERv_EPOS+POWHEG_7TeV PDF set, member #0, version 1; LHAPDF ID = 70001000
0.022302082378652943 14.041968254943678 48.728452552806466
val isze = 0
idinces = [5 2 4 1 0 3]
training loss = 16.456653594970703
training loss = 11.87751293182373
training loss = 10.01980209350586
training loss = 8.076488494873047
training loss = 6.199700355529785
training loss = 4.500240325927734
training loss = 3.051950216293335
training loss = 1.897434115409851
training loss = 1.053714632987976
training loss = 0.5123549699783325
training loss = 0.23021087050437927
training loss = 0.12218564003705978
training loss = 0.09274409711360931
training loss = 0.08604054152965546
training loss = 0.08428438752889633
training loss = 0.08358834683895111
training loss = 0.08314408361911774
training loss = 0.08275920152664185
training loss = 0.08237816393375397
training loss = 0.08203776180744171
rep 1 done out of 1
reduced chi^2 level 2 = 0.08278994262218475
Constrained alpha: 1.9962166547775269
Constrained beta: 9.124022483825684
Constrained gamma: 46.126426696777344
(1, 6)
(1, 0)
Thanks for using LHAPDF 6.5.4. Please make sure to cite the paper:
  Eur.Phys.J. C75 (2015) 3, 132  (http://arxiv.org/abs/1412.7420)
