LHAPDF 6.5.4 loading /data/theorie/jjohn/miniconda3/envs/nnpdf_dev/share/LHAPDF/FASERv_EPOS+POWHEG_7TeV/FASERv_EPOS+POWHEG_7TeV_0000.dat
FASERv_EPOS+POWHEG_7TeV PDF set, member #0, version 1; LHAPDF ID = 70001000
LHAPDF 6.5.4 loading /data/theorie/jjohn/miniconda3/envs/nnpdf_dev/share/LHAPDF/FASERv_EPOS+POWHEG_7TeV/FASERv_EPOS+POWHEG_7TeV_0000.dat
FASERv_EPOS+POWHEG_7TeV PDF set, member #0, version 1; LHAPDF ID = 70001000
3.330530557835811 9.271721427683453 28.5992943978705
val isze = 0
idinces = [5 2 4 1 0 3]
training loss = 301.5594482421875
training loss = 283.2299499511719
training loss = 274.47906494140625
training loss = 263.1822509765625
training loss = 248.6815948486328
training loss = 229.5349578857422
training loss = 200.6231689453125
training loss = 116.56226348876953
training loss = 22.573047637939453
training loss = 7.997274398803711
training loss = 2.972907304763794
training loss = 1.5809438228607178
training loss = 0.9928479194641113
training loss = 0.6249155402183533
training loss = 0.3841351568698883
training loss = 0.23063507676124573
training loss = 0.1358933001756668
training loss = 0.07912373542785645
training loss = 0.045934949070215225
training loss = 0.026896897703409195
rep 1 done out of 1
reduced chi^2 level 2 = 0.026755889877676964
Constrained alpha: 2.8452017307281494
Constrained beta: 6.063934326171875
Constrained gamma: 28.469568252563477
(1, 6)
(1, 0)
Thanks for using LHAPDF 6.5.4. Please make sure to cite the paper:
  Eur.Phys.J. C75 (2015) 3, 132  (http://arxiv.org/abs/1412.7420)
