LHAPDF 6.5.4 loading /data/theorie/jjohn/miniconda3/envs/nnpdf_dev/share/LHAPDF/FASERv_EPOS+POWHEG_7TeV/FASERv_EPOS+POWHEG_7TeV_0000.dat
FASERv_EPOS+POWHEG_7TeV PDF set, member #0, version 1; LHAPDF ID = 70001000
LHAPDF 6.5.4 loading /data/theorie/jjohn/miniconda3/envs/nnpdf_dev/share/LHAPDF/FASERv_EPOS+POWHEG_7TeV/FASERv_EPOS+POWHEG_7TeV_0000.dat
FASERv_EPOS+POWHEG_7TeV PDF set, member #0, version 1; LHAPDF ID = 70001000
1.226810686283497 4.508599433336002 94.21262540915562
val isze = 0
idinces = [5 2 4 1 0 3]
training loss = 12.046481132507324
training loss = 11.2129487991333
training loss = 10.176887512207031
training loss = 7.766932010650635
training loss = 2.7741756439208984
training loss = 0.005456050857901573
training loss = 0.0006759738316759467
training loss = 0.0004643140418920666
training loss = 0.0004020982305519283
training loss = 0.00037227774737402797
training loss = 0.001901053823530674
training loss = 0.014604199677705765
training loss = 0.00023154685914050788
training loss = 0.00029763003112748265
training loss = 0.0016847816295921803
training loss = 0.0002300107153132558
rep 1 done out of 1
reduced chi^2 level 2 = 0.00016337195120286196
Constrained alpha: 1.665579915046692
Constrained beta: 5.972411155700684
Constrained gamma: 80.361572265625
(1, 6)
(1, 0)
Thanks for using LHAPDF 6.5.4. Please make sure to cite the paper:
  Eur.Phys.J. C75 (2015) 3, 132  (http://arxiv.org/abs/1412.7420)
