LHAPDF 6.5.4 loading /data/theorie/jjohn/miniconda3/envs/nnpdf_dev/share/LHAPDF/FASERv_EPOS+POWHEG_7TeV/FASERv_EPOS+POWHEG_7TeV_0000.dat
FASERv_EPOS+POWHEG_7TeV PDF set, member #0, version 1; LHAPDF ID = 70001000
LHAPDF 6.5.4 loading /data/theorie/jjohn/miniconda3/envs/nnpdf_dev/share/LHAPDF/FASERv_EPOS+POWHEG_7TeV/FASERv_EPOS+POWHEG_7TeV_0000.dat
FASERv_EPOS+POWHEG_7TeV PDF set, member #0, version 1; LHAPDF ID = 70001000
0.8925590378301806 2.538696368858162 94.87797953631676
val isze = 0
idinces = [5 2 4 1 0 3]
training loss = 33.19375228881836
training loss = 29.75831413269043
training loss = 26.22344207763672
training loss = 22.589826583862305
training loss = 18.920459747314453
training loss = 13.894798278808594
training loss = 3.641181230545044
training loss = 0.3778408169746399
training loss = 0.3210257291793823
training loss = 0.2139982432126999
training loss = 0.24571748077869415
training loss = 0.19610613584518433
training loss = 0.20571279525756836
training loss = 0.18272146582603455
training loss = 0.20232415199279785
training loss = 0.17187096178531647
training loss = 0.17104388773441315
training loss = 0.16235435009002686
training loss = 0.156806081533432
training loss = 0.15611499547958374
rep 1 done out of 1
reduced chi^2 level 2 = 0.15446218848228455
Constrained alpha: 1.540596842765808
Constrained beta: 6.596569061279297
Constrained gamma: 78.382568359375
(1, 6)
(1, 0)
Thanks for using LHAPDF 6.5.4. Please make sure to cite the paper:
  Eur.Phys.J. C75 (2015) 3, 132  (http://arxiv.org/abs/1412.7420)
