LHAPDF 6.5.4 loading /data/theorie/jjohn/miniconda3/envs/nnpdf_dev/share/LHAPDF/FASERv_EPOS+POWHEG_7TeV/FASERv_EPOS+POWHEG_7TeV_0000.dat
FASERv_EPOS+POWHEG_7TeV PDF set, member #0, version 1; LHAPDF ID = 70001000
LHAPDF 6.5.4 loading /data/theorie/jjohn/miniconda3/envs/nnpdf_dev/share/LHAPDF/FASERv_EPOS+POWHEG_7TeV/FASERv_EPOS+POWHEG_7TeV_0000.dat
FASERv_EPOS+POWHEG_7TeV PDF set, member #0, version 1; LHAPDF ID = 70001000
0.9659086402314288 0.972850637663536 6.3071919920578035
val isze = 0
idinces = [5 2 4 1 0 3]
training loss = 16.291988372802734
training loss = 14.138982772827148
training loss = 12.387341499328613
training loss = 10.629347801208496
training loss = 8.980968475341797
training loss = 7.47840690612793
training loss = 5.928532123565674
training loss = 3.262819766998291
training loss = 2.5175013542175293
training loss = 2.4205727577209473
training loss = 2.286992311477661
training loss = 2.1029727458953857
training loss = 1.863460898399353
training loss = 1.5549677610397339
training loss = 1.1560144424438477
training loss = 0.653154730796814
training loss = 0.2544136643409729
training loss = 0.09440413117408752
training loss = 0.04668416082859039
training loss = 0.031217478215694427
rep 1 done out of 1
reduced chi^2 level 2 = 0.03095288760960102
Constrained alpha: 1.368506908416748
Constrained beta: 4.07545804977417
Constrained gamma: 7.431445121765137
(1, 6)
(1, 0)
Thanks for using LHAPDF 6.5.4. Please make sure to cite the paper:
  Eur.Phys.J. C75 (2015) 3, 132  (http://arxiv.org/abs/1412.7420)
