LHAPDF 6.5.4 loading /data/theorie/jjohn/miniconda3/envs/nnpdf_dev/share/LHAPDF/FASERv_EPOS+POWHEG_7TeV/FASERv_EPOS+POWHEG_7TeV_0000.dat
FASERv_EPOS+POWHEG_7TeV PDF set, member #0, version 1; LHAPDF ID = 70001000
LHAPDF 6.5.4 loading /data/theorie/jjohn/miniconda3/envs/nnpdf_dev/share/LHAPDF/FASERv_EPOS+POWHEG_7TeV/FASERv_EPOS+POWHEG_7TeV_0000.dat
FASERv_EPOS+POWHEG_7TeV PDF set, member #0, version 1; LHAPDF ID = 70001000
0.026338090233608002 0.590830227047674 73.65974608509786
val isze = 0
idinces = [5 2 4 1 0 3]
training loss = 23.312217712402344
training loss = 15.019989013671875
training loss = 12.608804702758789
training loss = 10.284963607788086
training loss = 8.190478324890137
training loss = 6.361016273498535
training loss = 4.747227191925049
training loss = 3.243678331375122
training loss = 1.9385895729064941
training loss = 1.3971598148345947
training loss = 1.3451383113861084
training loss = 1.3369884490966797
training loss = 1.3295904397964478
training loss = 1.3217049837112427
training loss = 1.313030481338501
training loss = 1.3036203384399414
training loss = 1.3016510009765625
training loss = 1.28104567527771
training loss = 1.2674232721328735
training loss = 1.2522189617156982
rep 1 done out of 1
reduced chi^2 level 2 = 1.2521872520446777
Constrained alpha: 1.697149395942688
Constrained beta: 6.5558929443359375
Constrained gamma: 59.5257682800293
(1, 6)
(1, 0)
Thanks for using LHAPDF 6.5.4. Please make sure to cite the paper:
  Eur.Phys.J. C75 (2015) 3, 132  (http://arxiv.org/abs/1412.7420)
