LHAPDF 6.5.4 loading /data/theorie/jjohn/miniconda3/envs/nnpdf_dev/share/LHAPDF/FASERv_EPOS+POWHEG_7TeV/FASERv_EPOS+POWHEG_7TeV_0000.dat
FASERv_EPOS+POWHEG_7TeV PDF set, member #0, version 1; LHAPDF ID = 70001000
LHAPDF 6.5.4 loading /data/theorie/jjohn/miniconda3/envs/nnpdf_dev/share/LHAPDF/FASERv_EPOS+POWHEG_7TeV/FASERv_EPOS+POWHEG_7TeV_0000.dat
FASERv_EPOS+POWHEG_7TeV PDF set, member #0, version 1; LHAPDF ID = 70001000
4.568116736264312 5.473922074975621 25.345222102104582
val isze = 0
idinces = [5 2 4 1 0 3]
training loss = 6835.38134765625
training loss = 4175.37744140625
training loss = 2564.9541015625
training loss = 1674.899658203125
training loss = 1183.1728515625
training loss = 903.4646606445312
training loss = 738.649169921875
training loss = 638.189697265625
training loss = 575.2025756835938
training loss = 534.6829223632812
training loss = 508.143310546875
training loss = 490.4744873046875
training loss = 478.54736328125
training loss = 470.4158020019531
training loss = 464.8244323730469
training loss = 460.94781494140625
training loss = 458.2349548339844
training loss = 456.3131103515625
training loss = 454.93939208984375
training loss = 453.92535400390625
(1, 6)
(1, 0)
Thanks for using LHAPDF 6.5.4. Please make sure to cite the paper:
  Eur.Phys.J. C75 (2015) 3, 132  (http://arxiv.org/abs/1412.7420)
