LHAPDF 6.5.4 loading /data/theorie/jjohn/miniconda3/envs/nnpdf_dev/share/LHAPDF/FASERv_EPOS+POWHEG_7TeV/FASERv_EPOS+POWHEG_7TeV_0000.dat
FASERv_EPOS+POWHEG_7TeV PDF set, member #0, version 1; LHAPDF ID = 70001000
LHAPDF 6.5.4 loading /data/theorie/jjohn/miniconda3/envs/nnpdf_dev/share/LHAPDF/FASERv_EPOS+POWHEG_7TeV/FASERv_EPOS+POWHEG_7TeV_0000.dat
FASERv_EPOS+POWHEG_7TeV PDF set, member #0, version 1; LHAPDF ID = 70001000
4.4621566456582515 9.176214653567765 25.652130552416807
val isze = 0
idinces = [5 2 4 1 0 3]
training loss = 3337.240478515625
training loss = 2425.506591796875
training loss = 1778.5281982421875
training loss = 1358.989501953125
training loss = 1090.338134765625
training loss = 915.6939697265625
training loss = 799.5670776367188
training loss = 720.5293579101562
training loss = 665.5599975585938
training loss = 626.5711669921875
training loss = 598.5276489257812
training loss = 578.0304565429688
training loss = 562.8897705078125
training loss = 551.6328125
training loss = 543.1708984375
training loss = 536.7735595703125
training loss = 531.9154052734375
training loss = 528.2138671875
training loss = 525.4039306640625
training loss = 523.2498779296875
(1, 6)
(1, 0)
Thanks for using LHAPDF 6.5.4. Please make sure to cite the paper:
  Eur.Phys.J. C75 (2015) 3, 132  (http://arxiv.org/abs/1412.7420)
