LHAPDF 6.5.4 loading /data/theorie/jjohn/miniconda3/envs/nnpdf_dev/share/LHAPDF/FASERv_EPOS+POWHEG_7TeV/FASERv_EPOS+POWHEG_7TeV_0000.dat
FASERv_EPOS+POWHEG_7TeV PDF set, member #0, version 1; LHAPDF ID = 70001000
LHAPDF 6.5.4 loading /data/theorie/jjohn/miniconda3/envs/nnpdf_dev/share/LHAPDF/FASERv_EPOS+POWHEG_7TeV/FASERv_EPOS+POWHEG_7TeV_0000.dat
FASERv_EPOS+POWHEG_7TeV PDF set, member #0, version 1; LHAPDF ID = 70001000
4.16053555355094 17.644461251027867 94.74370461595396
val isze = 0
idinces = [5 2 4 1 0 3]
training loss = 12009.4248046875
training loss = 4700.5634765625
training loss = 2380.469482421875
training loss = 1465.0025634765625
training loss = 1037.736572265625
training loss = 813.6027221679688
training loss = 685.8711547851562
training loss = 608.5609741210938
training loss = 559.5955810546875
training loss = 527.4998779296875
training loss = 505.8880310058594
training loss = 491.02044677734375
training loss = 480.6316833496094
training loss = 473.2589416503906
training loss = 467.97186279296875
training loss = 464.1378173828125
training loss = 461.3228759765625
training loss = 459.2294006347656
training loss = 457.64849853515625
training loss = 456.4306640625
(1, 6)
(1, 0)
Thanks for using LHAPDF 6.5.4. Please make sure to cite the paper:
  Eur.Phys.J. C75 (2015) 3, 132  (http://arxiv.org/abs/1412.7420)
