LHAPDF 6.5.4 loading /data/theorie/jjohn/miniconda3/envs/nnpdf_dev/share/LHAPDF/FASERv_EPOS+POWHEG_7TeV/FASERv_EPOS+POWHEG_7TeV_0000.dat
FASERv_EPOS+POWHEG_7TeV PDF set, member #0, version 1; LHAPDF ID = 70001000
LHAPDF 6.5.4 loading /data/theorie/jjohn/miniconda3/envs/nnpdf_dev/share/LHAPDF/FASERv_EPOS+POWHEG_7TeV/FASERv_EPOS+POWHEG_7TeV_0000.dat
FASERv_EPOS+POWHEG_7TeV PDF set, member #0, version 1; LHAPDF ID = 70001000
1.0939500859587654 14.721350740190841 13.555206362459005
val isze = 0
idinces = [5 2 4 1 0 3]
training loss = 1.597577452659607
training loss = 0.8952113389968872
training loss = 0.8867786526679993
training loss = 0.8789323568344116
training loss = 0.8722831606864929
training loss = 0.8670698404312134
training loss = 0.8632214069366455
training loss = 0.8605419993400574
training loss = 0.8587507605552673
training loss = 0.8575863838195801
training loss = 0.8568047881126404
training loss = 0.8562475442886353
training loss = 0.8557852506637573
training loss = 0.8553528785705566
training loss = 0.8549115657806396
training loss = 0.8544343113899231
training loss = 0.8539091944694519
training loss = 0.8533310890197754
training loss = 0.852696418762207
training loss = 0.8520040512084961
rep 1 done out of 1
reduced chi^2 level 2 = 0.8519940376281738
Constrained alpha: 1.6369656324386597
Constrained beta: 11.978861808776855
Constrained gamma: 14.120436668395996
(1, 6)
(1, 0)
Thanks for using LHAPDF 6.5.4. Please make sure to cite the paper:
  Eur.Phys.J. C75 (2015) 3, 132  (http://arxiv.org/abs/1412.7420)
