LHAPDF 6.5.4 loading /data/theorie/jjohn/miniconda3/envs/nnpdf_dev/share/LHAPDF/FASERv_EPOS+POWHEG_7TeV/FASERv_EPOS+POWHEG_7TeV_0000.dat
FASERv_EPOS+POWHEG_7TeV PDF set, member #0, version 1; LHAPDF ID = 70001000
LHAPDF 6.5.4 loading /data/theorie/jjohn/miniconda3/envs/nnpdf_dev/share/LHAPDF/FASERv_EPOS+POWHEG_7TeV/FASERv_EPOS+POWHEG_7TeV_0000.dat
FASERv_EPOS+POWHEG_7TeV PDF set, member #0, version 1; LHAPDF ID = 70001000
2.8582438049688013 1.2034509154652961 25.22782359347655
val isze = 0
idinces = [5 2 4 1 0 3]
training loss = 12.78796100616455
training loss = 10.732505798339844
training loss = 7.945572853088379
training loss = 5.102516174316406
training loss = 3.6124253273010254
training loss = 3.28961181640625
training loss = 3.2126264572143555
training loss = 3.1457178592681885
training loss = 3.113541603088379
training loss = 2.964923858642578
training loss = 2.8277039527893066
training loss = 2.6465578079223633
training loss = 2.4377710819244385
training loss = 2.28000545501709
training loss = 2.0713226795196533
training loss = 1.7808785438537598
training loss = 1.4903948307037354
training loss = 1.2336058616638184
training loss = 1.0431957244873047
training loss = 0.7143981456756592
rep 1 done out of 1
reduced chi^2 level 2 = 0.7070859670639038
Constrained alpha: 2.2678768634796143
Constrained beta: 1.4850687980651855
Constrained gamma: 23.647241592407227
(1, 6)
(1, 0)
Thanks for using LHAPDF 6.5.4. Please make sure to cite the paper:
  Eur.Phys.J. C75 (2015) 3, 132  (http://arxiv.org/abs/1412.7420)
