LHAPDF 6.5.4 loading /data/theorie/jjohn/miniconda3/envs/nnpdf_dev/share/LHAPDF/FASERv_EPOS+POWHEG_7TeV/FASERv_EPOS+POWHEG_7TeV_0000.dat
FASERv_EPOS+POWHEG_7TeV PDF set, member #0, version 1; LHAPDF ID = 70001000
LHAPDF 6.5.4 loading /data/theorie/jjohn/miniconda3/envs/nnpdf_dev/share/LHAPDF/FASERv_EPOS+POWHEG_7TeV/FASERv_EPOS+POWHEG_7TeV_0000.dat
FASERv_EPOS+POWHEG_7TeV PDF set, member #0, version 1; LHAPDF ID = 70001000
1.5142165940526913 19.250307045276944 98.68412500295437
val isze = 0
idinces = [5 2 4 1 0 3]
training loss = 19.498775482177734
training loss = 5.89323616027832
training loss = 4.834711074829102
training loss = 2.9305665493011475
training loss = 1.820227861404419
training loss = 1.5884894132614136
training loss = 1.4257843494415283
training loss = 1.2353030443191528
training loss = 1.0481956005096436
training loss = 0.805783748626709
training loss = 0.60090172290802
training loss = 0.29118847846984863
training loss = 0.12371286749839783
training loss = 0.03964268043637276
training loss = 0.008477514609694481
training loss = 0.004165465012192726
training loss = 0.00015906858607195318
training loss = 0.002307184971868992
training loss = 4.24453683081083e-05
training loss = 0.04798924922943115
rep 1 done out of 1
reduced chi^2 level 2 = 0.016710715368390083
Constrained alpha: 1.8886624574661255
Constrained beta: 16.47247314453125
Constrained gamma: 83.0891342163086
(1, 6)
(1, 0)
Thanks for using LHAPDF 6.5.4. Please make sure to cite the paper:
  Eur.Phys.J. C75 (2015) 3, 132  (http://arxiv.org/abs/1412.7420)
