LHAPDF 6.5.4 loading /data/theorie/jjohn/miniconda3/envs/nnpdf_dev/share/LHAPDF/FASERv_EPOS+POWHEG_7TeV/FASERv_EPOS+POWHEG_7TeV_0000.dat
FASERv_EPOS+POWHEG_7TeV PDF set, member #0, version 1; LHAPDF ID = 70001000
LHAPDF 6.5.4 loading /data/theorie/jjohn/miniconda3/envs/nnpdf_dev/share/LHAPDF/FASERv_EPOS+POWHEG_7TeV/FASERv_EPOS+POWHEG_7TeV_0000.dat
FASERv_EPOS+POWHEG_7TeV PDF set, member #0, version 1; LHAPDF ID = 70001000
2.7079469154049827 18.454189181947967 67.89820061419783
val isze = 0
idinces = [5 2 4 1 0 3]
training loss = 264.90374755859375
training loss = 88.58718872070312
training loss = 6.093186378479004
training loss = 4.743741989135742
training loss = 2.8461201190948486
training loss = 1.9047701358795166
training loss = 1.765953540802002
training loss = 1.5910753011703491
training loss = 1.3691630363464355
training loss = 1.1281182765960693
training loss = 0.784406304359436
training loss = 0.47319257259368896
training loss = 0.23003113269805908
training loss = 0.09001000225543976
training loss = 0.02978668548166752
training loss = 0.008950780145823956
training loss = 0.00956356804817915
training loss = 0.0009892546804621816
training loss = 0.0007285806932486594
training loss = 0.00032817022292874753
rep 1 done out of 1
reduced chi^2 level 2 = 0.00031273768399842083
Constrained alpha: 2.2642602920532227
Constrained beta: 14.596048355102539
Constrained gamma: 65.48304748535156
(1, 6)
(1, 0)
Thanks for using LHAPDF 6.5.4. Please make sure to cite the paper:
  Eur.Phys.J. C75 (2015) 3, 132  (http://arxiv.org/abs/1412.7420)
