LHAPDF 6.5.4 loading /data/theorie/jjohn/miniconda3/envs/nnpdf_dev/share/LHAPDF/FASERv_EPOS+POWHEG_7TeV/FASERv_EPOS+POWHEG_7TeV_0000.dat
FASERv_EPOS+POWHEG_7TeV PDF set, member #0, version 1; LHAPDF ID = 70001000
LHAPDF 6.5.4 loading /data/theorie/jjohn/miniconda3/envs/nnpdf_dev/share/LHAPDF/FASERv_EPOS+POWHEG_7TeV/FASERv_EPOS+POWHEG_7TeV_0000.dat
FASERv_EPOS+POWHEG_7TeV PDF set, member #0, version 1; LHAPDF ID = 70001000
0.7636197592340216 6.275252388423002 87.41122294878595
val isze = 0
idinces = [5 2 4 1 0 3]
training loss = 1.3939801454544067
training loss = 1.1816434860229492
training loss = 1.106320858001709
training loss = 1.029009461402893
training loss = 0.9552696943283081
training loss = 0.8885782957077026
training loss = 0.8307957649230957
training loss = 0.7825432419776917
training loss = 0.7435546517372131
training loss = 0.7129876017570496
training loss = 0.6896729469299316
training loss = 0.6723212003707886
training loss = 0.6596541404724121
training loss = 0.6504939794540405
training loss = 0.6438035368919373
training loss = 0.6386449337005615
training loss = 0.6340698003768921
training loss = 0.6288134455680847
training loss = 0.620090126991272
training loss = 0.5975903868675232
rep 1 done out of 1
reduced chi^2 level 2 = 0.5971918702125549
Constrained alpha: 1.8469358682632446
Constrained beta: 8.050400733947754
Constrained gamma: 76.35806274414062
(1, 6)
(1, 0)
Thanks for using LHAPDF 6.5.4. Please make sure to cite the paper:
  Eur.Phys.J. C75 (2015) 3, 132  (http://arxiv.org/abs/1412.7420)
