LHAPDF 6.5.4 loading /data/theorie/jjohn/miniconda3/envs/nnpdf_dev/share/LHAPDF/FASERv_EPOS+POWHEG_7TeV/FASERv_EPOS+POWHEG_7TeV_0000.dat
FASERv_EPOS+POWHEG_7TeV PDF set, member #0, version 1; LHAPDF ID = 70001000
LHAPDF 6.5.4 loading /data/theorie/jjohn/miniconda3/envs/nnpdf_dev/share/LHAPDF/FASERv_EPOS+POWHEG_7TeV/FASERv_EPOS+POWHEG_7TeV_0000.dat
FASERv_EPOS+POWHEG_7TeV PDF set, member #0, version 1; LHAPDF ID = 70001000
0.5388994263454588 8.419698705451022 42.177874539140106
val isze = 0
idinces = [5 2 4 1 0 3]
training loss = 4.236815929412842
training loss = 3.6951732635498047
training loss = 3.4854989051818848
training loss = 3.274271011352539
training loss = 3.077120304107666
training loss = 2.9032232761383057
training loss = 2.7568812370300293
training loss = 2.638845443725586
training loss = 2.5473930835723877
training loss = 2.479255199432373
training loss = 2.4304094314575195
training loss = 2.396641731262207
training loss = 2.3740625381469727
training loss = 2.3593125343322754
training loss = 2.349811553955078
training loss = 2.343629837036133
training loss = 2.339495897293091
training loss = 2.3365817070007324
training loss = 2.3343987464904785
training loss = 2.3326644897460938
rep 1 done out of 1
reduced chi^2 level 2 = 2.3326454162597656
Constrained alpha: 1.5257062911987305
Constrained beta: 10.717933654785156
Constrained gamma: 40.106910705566406
(1, 6)
(1, 0)
Thanks for using LHAPDF 6.5.4. Please make sure to cite the paper:
  Eur.Phys.J. C75 (2015) 3, 132  (http://arxiv.org/abs/1412.7420)
