LHAPDF 6.5.4 loading /data/theorie/jjohn/miniconda3/envs/nnpdf_dev/share/LHAPDF/FASERv_EPOS+POWHEG_7TeV/FASERv_EPOS+POWHEG_7TeV_0000.dat
FASERv_EPOS+POWHEG_7TeV PDF set, member #0, version 1; LHAPDF ID = 70001000
LHAPDF 6.5.4 loading /data/theorie/jjohn/miniconda3/envs/nnpdf_dev/share/LHAPDF/FASERv_EPOS+POWHEG_7TeV/FASERv_EPOS+POWHEG_7TeV_0000.dat
FASERv_EPOS+POWHEG_7TeV PDF set, member #0, version 1; LHAPDF ID = 70001000
2.709465072590888 3.3609579564053615 94.69707903010311
val isze = 0
idinces = [5 2 4 1 0 3]
training loss = 16.6055908203125
training loss = 15.315528869628906
training loss = 14.632425308227539
training loss = 14.136468887329102
training loss = 13.772900581359863
training loss = 13.473535537719727
training loss = 13.192813873291016
training loss = 12.908669471740723
training loss = 12.613329887390137
training loss = 12.305404663085938
training loss = 11.98580265045166
training loss = 11.656024932861328
training loss = 11.317684173583984
training loss = 10.972293853759766
training loss = 10.621292114257812
training loss = 10.265996932983398
training loss = 9.907604217529297
training loss = 9.547208786010742
training loss = 9.18579387664795
training loss = 8.824254989624023
(1, 6)
(1, 0)
Thanks for using LHAPDF 6.5.4. Please make sure to cite the paper:
  Eur.Phys.J. C75 (2015) 3, 132  (http://arxiv.org/abs/1412.7420)
