LHAPDF 6.5.4 loading /data/theorie/jjohn/miniconda3/envs/nnpdf_dev/share/LHAPDF/FASERv_EPOS+POWHEG_7TeV/FASERv_EPOS+POWHEG_7TeV_0000.dat
FASERv_EPOS+POWHEG_7TeV PDF set, member #0, version 1; LHAPDF ID = 70001000
LHAPDF 6.5.4 loading /data/theorie/jjohn/miniconda3/envs/nnpdf_dev/share/LHAPDF/FASERv_EPOS+POWHEG_7TeV/FASERv_EPOS+POWHEG_7TeV_0000.dat
FASERv_EPOS+POWHEG_7TeV PDF set, member #0, version 1; LHAPDF ID = 70001000
1.3735389507857865 15.241314364782681 15.736075057131337
val isze = 0
idinces = [5 2 4 1 0 3]
training loss = 8.991363525390625
training loss = 4.1588521003723145
training loss = 3.689578056335449
training loss = 3.243429660797119
training loss = 2.857982873916626
training loss = 2.5477793216705322
training loss = 2.308187961578369
training loss = 2.120018243789673
training loss = 1.953649640083313
training loss = 1.7706940174102783
training loss = 1.5211334228515625
training loss = 1.1201821565628052
training loss = 0.4354965388774872
training loss = 0.08118182420730591
training loss = 0.04726880043745041
training loss = 0.038719236850738525
training loss = 0.036512866616249084
training loss = 0.03588970750570297
training loss = 0.03567195683717728
training loss = 0.03557322174310684
rep 1 done out of 1
reduced chi^2 level 2 = 0.035572800785303116
Constrained alpha: 1.8753803968429565
Constrained beta: 10.58319091796875
Constrained gamma: 16.268056869506836
(1, 6)
(1, 0)
Thanks for using LHAPDF 6.5.4. Please make sure to cite the paper:
  Eur.Phys.J. C75 (2015) 3, 132  (http://arxiv.org/abs/1412.7420)
