LHAPDF 6.5.4 loading /data/theorie/jjohn/miniconda3/envs/nnpdf_dev/share/LHAPDF/FASERv_EPOS+POWHEG_7TeV/FASERv_EPOS+POWHEG_7TeV_0000.dat
FASERv_EPOS+POWHEG_7TeV PDF set, member #0, version 1; LHAPDF ID = 70001000
LHAPDF 6.5.4 loading /data/theorie/jjohn/miniconda3/envs/nnpdf_dev/share/LHAPDF/FASERv_EPOS+POWHEG_7TeV/FASERv_EPOS+POWHEG_7TeV_0000.dat
FASERv_EPOS+POWHEG_7TeV PDF set, member #0, version 1; LHAPDF ID = 70001000
0.26041365489179735 3.279078026144544 14.93537682430388
val isze = 0
idinces = [4 5 0 3 1 2]
training loss = 19.741308212280273
training loss = 15.608429908752441
training loss = 13.753803253173828
training loss = 11.818309783935547
training loss = 9.778789520263672
training loss = 7.320544242858887
training loss = 4.967774391174316
training loss = 3.997811794281006
training loss = 3.7560648918151855
training loss = 3.6004269123077393
training loss = 3.4174580574035645
training loss = 3.2095584869384766
training loss = 2.972649097442627
training loss = 2.696878671646118
training loss = 2.369454860687256
training loss = 1.97812020778656
training loss = 1.5207524299621582
training loss = 1.0301055908203125
training loss = 0.6017625331878662
training loss = 0.3158203363418579
rep 1 done out of 1
reduced chi^2 level 2 = 0.31370919942855835
Constrained alpha: 1.3186925649642944
Constrained beta: 6.048792362213135
Constrained gamma: 15.799182891845703
(1, 6)
(1, 0)
Thanks for using LHAPDF 6.5.4. Please make sure to cite the paper:
  Eur.Phys.J. C75 (2015) 3, 132  (http://arxiv.org/abs/1412.7420)
