LHAPDF 6.5.4 loading /data/theorie/jjohn/miniconda3/envs/nnpdf_dev/share/LHAPDF/FASERv_EPOS+POWHEG_7TeV/FASERv_EPOS+POWHEG_7TeV_0000.dat
FASERv_EPOS+POWHEG_7TeV PDF set, member #0, version 1; LHAPDF ID = 70001000
LHAPDF 6.5.4 loading /data/theorie/jjohn/miniconda3/envs/nnpdf_dev/share/LHAPDF/FASERv_EPOS+POWHEG_7TeV/FASERv_EPOS+POWHEG_7TeV_0000.dat
FASERv_EPOS+POWHEG_7TeV PDF set, member #0, version 1; LHAPDF ID = 70001000
0.9994950051061863 14.084237753023723 64.6385251297428
val isze = 0
idinces = [5 2 4 1 0 3]
training loss = 0.8480746746063232
training loss = 0.6090319156646729
training loss = 0.6066309809684753
training loss = 0.604320228099823
training loss = 0.6022640466690063
training loss = 0.6005284786224365
training loss = 0.5991151332855225
training loss = 0.5979886054992676
training loss = 0.5970927476882935
training loss = 0.5963729619979858
training loss = 0.5957719087600708
training loss = 0.5952404141426086
training loss = 0.5947338342666626
training loss = 0.5941876173019409
training loss = 0.5935161113739014
training loss = 0.5925872325897217
training loss = 0.5913558602333069
training loss = 0.5896407961845398
training loss = 0.5868363976478577
training loss = 0.5818257331848145
rep 1 done out of 1
reduced chi^2 level 2 = 0.5817595720291138
Constrained alpha: 1.5226582288742065
Constrained beta: 12.052743911743164
Constrained gamma: 59.31510925292969
(1, 6)
(1, 0)
Thanks for using LHAPDF 6.5.4. Please make sure to cite the paper:
  Eur.Phys.J. C75 (2015) 3, 132  (http://arxiv.org/abs/1412.7420)
