LHAPDF 6.5.4 loading /data/theorie/jjohn/miniconda3/envs/nnpdf_dev/share/LHAPDF/FASERv_EPOS+POWHEG_7TeV/FASERv_EPOS+POWHEG_7TeV_0000.dat
FASERv_EPOS+POWHEG_7TeV PDF set, member #0, version 1; LHAPDF ID = 70001000
LHAPDF 6.5.4 loading /data/theorie/jjohn/miniconda3/envs/nnpdf_dev/share/LHAPDF/FASERv_EPOS+POWHEG_7TeV/FASERv_EPOS+POWHEG_7TeV_0000.dat
FASERv_EPOS+POWHEG_7TeV PDF set, member #0, version 1; LHAPDF ID = 70001000
3.25447176511358 10.236859795672629 40.90212133500469
val isze = 0
idinces = [5 2 4 1 0 3]
training loss = 319.35400390625
training loss = 298.839599609375
training loss = 279.93994140625
training loss = 253.1333770751953
training loss = 215.73789978027344
training loss = 164.904541015625
training loss = 101.8799057006836
training loss = 43.83856964111328
training loss = 16.059724807739258
training loss = 10.222536087036133
training loss = 9.393362998962402
training loss = 9.117142677307129
training loss = 8.875755310058594
training loss = 8.630329132080078
training loss = 8.379478454589844
training loss = 8.123971939086914
training loss = 7.864589691162109
training loss = 7.602120399475098
training loss = 7.3373122215271
training loss = 7.070875644683838
(1, 6)
(1, 0)
Thanks for using LHAPDF 6.5.4. Please make sure to cite the paper:
  Eur.Phys.J. C75 (2015) 3, 132  (http://arxiv.org/abs/1412.7420)
