LHAPDF 6.5.4 loading /data/theorie/jjohn/miniconda3/envs/nnpdf_dev/share/LHAPDF/FASERv_EPOS+POWHEG_7TeV/FASERv_EPOS+POWHEG_7TeV_0000.dat
FASERv_EPOS+POWHEG_7TeV PDF set, member #0, version 1; LHAPDF ID = 70001000
LHAPDF 6.5.4 loading /data/theorie/jjohn/miniconda3/envs/nnpdf_dev/share/LHAPDF/FASERv_EPOS+POWHEG_7TeV/FASERv_EPOS+POWHEG_7TeV_0000.dat
FASERv_EPOS+POWHEG_7TeV PDF set, member #0, version 1; LHAPDF ID = 70001000
0.2684370740230513 15.331048360657235 99.65427489195655
val isze = 0
idinces = [4 5 3 0 1 2]
training loss = 13.743999481201172
training loss = 12.330903053283691
training loss = 11.481154441833496
training loss = 10.594009399414062
training loss = 9.726048469543457
training loss = 8.90056037902832
training loss = 8.085844039916992
training loss = 7.088830947875977
training loss = 4.900339126586914
training loss = 2.9801130294799805
training loss = 2.9290809631347656
training loss = 2.8534603118896484
training loss = 2.757559061050415
training loss = 2.648594856262207
training loss = 2.524218797683716
training loss = 2.379009246826172
training loss = 2.1916985511779785
training loss = 1.8814637660980225
training loss = 1.2586863040924072
training loss = 0.1231641173362732
rep 1 done out of 1
reduced chi^2 level 2 = 0.11607182770967484
Constrained alpha: 1.7544429302215576
Constrained beta: 11.801193237304688
Constrained gamma: 87.09738159179688
(1, 6)
(1, 0)
Thanks for using LHAPDF 6.5.4. Please make sure to cite the paper:
  Eur.Phys.J. C75 (2015) 3, 132  (http://arxiv.org/abs/1412.7420)
