LHAPDF 6.5.4 loading /data/theorie/jjohn/miniconda3/envs/nnpdf_dev/share/LHAPDF/FASERv_EPOS+POWHEG_7TeV/FASERv_EPOS+POWHEG_7TeV_0000.dat
FASERv_EPOS+POWHEG_7TeV PDF set, member #0, version 1; LHAPDF ID = 70001000
LHAPDF 6.5.4 loading /data/theorie/jjohn/miniconda3/envs/nnpdf_dev/share/LHAPDF/FASERv_EPOS+POWHEG_7TeV/FASERv_EPOS+POWHEG_7TeV_0000.dat
FASERv_EPOS+POWHEG_7TeV PDF set, member #0, version 1; LHAPDF ID = 70001000
3.4967508325168204 17.094572654805162 64.5683512454473
val isze = 0
idinces = [5 2 4 1 0 3]
training loss = 515.5887451171875
training loss = 477.0521240234375
training loss = 423.1849670410156
training loss = 396.0812072753906
training loss = 390.91009521484375
training loss = 389.4943542480469
training loss = 388.99932861328125
training loss = 388.73309326171875
training loss = 388.5110168457031
training loss = 388.28411865234375
training loss = 388.04058837890625
training loss = 387.7772521972656
training loss = 387.49273681640625
training loss = 387.1861572265625
training loss = 386.856201171875
training loss = 386.50164794921875
training loss = 386.1207580566406
training loss = 385.71185302734375
training loss = 385.27288818359375
training loss = 384.8014831542969
(1, 6)
(1, 0)
Thanks for using LHAPDF 6.5.4. Please make sure to cite the paper:
  Eur.Phys.J. C75 (2015) 3, 132  (http://arxiv.org/abs/1412.7420)
