LHAPDF 6.5.4 loading /data/theorie/jjohn/miniconda3/envs/nnpdf_dev/share/LHAPDF/FASERv_EPOS+POWHEG_7TeV/FASERv_EPOS+POWHEG_7TeV_0000.dat
FASERv_EPOS+POWHEG_7TeV PDF set, member #0, version 1; LHAPDF ID = 70001000
LHAPDF 6.5.4 loading /data/theorie/jjohn/miniconda3/envs/nnpdf_dev/share/LHAPDF/FASERv_EPOS+POWHEG_7TeV/FASERv_EPOS+POWHEG_7TeV_0000.dat
FASERv_EPOS+POWHEG_7TeV PDF set, member #0, version 1; LHAPDF ID = 70001000
1.2447837904855734 14.52026895980233 34.426385832299154
val isze = 0
idinces = [5 2 4 1 0 3]
training loss = 2.90969181060791
training loss = 2.4415230751037598
training loss = 2.292844295501709
training loss = 2.1568970680236816
training loss = 2.0447373390197754
training loss = 1.9593758583068848
training loss = 1.8984647989273071
training loss = 1.8568884134292603
training loss = 1.8288815021514893
training loss = 1.809325098991394
training loss = 1.7943394184112549
training loss = 1.7812045812606812
training loss = 1.7680425643920898
training loss = 1.7533762454986572
training loss = 1.7356919050216675
training loss = 1.7129075527191162
training loss = 1.6816163063049316
training loss = 1.6357059478759766
training loss = 1.563529133796692
training loss = 1.4415485858917236
rep 1 done out of 1
reduced chi^2 level 2 = 1.4399404525756836
Constrained alpha: 1.7279258966445923
Constrained beta: 11.333549499511719
Constrained gamma: 33.09902572631836
(1, 6)
(1, 0)
Thanks for using LHAPDF 6.5.4. Please make sure to cite the paper:
  Eur.Phys.J. C75 (2015) 3, 132  (http://arxiv.org/abs/1412.7420)
