LHAPDF 6.5.4 loading /data/theorie/jjohn/miniconda3/envs/nnpdf_dev/share/LHAPDF/FASERv_EPOS+POWHEG_7TeV/FASERv_EPOS+POWHEG_7TeV_0000.dat
FASERv_EPOS+POWHEG_7TeV PDF set, member #0, version 1; LHAPDF ID = 70001000
LHAPDF 6.5.4 loading /data/theorie/jjohn/miniconda3/envs/nnpdf_dev/share/LHAPDF/FASERv_EPOS+POWHEG_7TeV/FASERv_EPOS+POWHEG_7TeV_0000.dat
FASERv_EPOS+POWHEG_7TeV PDF set, member #0, version 1; LHAPDF ID = 70001000
1.472469028577671 6.289525537165126 7.065712022878312
val isze = 0
idinces = [5 2 4 1 0 3]
training loss = 15.785460472106934
training loss = 14.642876625061035
training loss = 13.509381294250488
training loss = 12.484317779541016
training loss = 11.638317108154297
training loss = 10.98686695098877
training loss = 10.514813423156738
training loss = 10.193585395812988
training loss = 9.99028205871582
training loss = 9.870908737182617
training loss = 9.8056058883667
training loss = 9.770578384399414
training loss = 9.748025894165039
training loss = 9.719749450683594
training loss = 9.608354568481445
training loss = 8.538887023925781
training loss = 8.194841384887695
training loss = 7.358375072479248
training loss = 5.23420524597168
training loss = 0.3336285948753357
rep 1 done out of 1
reduced chi^2 level 2 = 0.31868305802345276
Constrained alpha: 2.0528039932250977
Constrained beta: 11.574000358581543
Constrained gamma: 7.8425750732421875
(1, 6)
(1, 0)
Thanks for using LHAPDF 6.5.4. Please make sure to cite the paper:
  Eur.Phys.J. C75 (2015) 3, 132  (http://arxiv.org/abs/1412.7420)
