data before
[0.00000000e+00 0.00000000e+00 0.00000000e+00 0.00000000e+00
 0.00000000e+00 0.00000000e+00 0.00000000e+00 0.00000000e+00
 0.00000000e+00 0.00000000e+00 0.00000000e+00 0.00000000e+00
 0.00000000e+00 0.00000000e+00 0.00000000e+00 0.00000000e+00
 0.00000000e+00 0.00000000e+00 0.00000000e+00 0.00000000e+00
 0.00000000e+00 0.00000000e+00 0.00000000e+00 0.00000000e+00
 0.00000000e+00 0.00000000e+00 0.00000000e+00 0.00000000e+00
 0.00000000e+00 0.00000000e+00 0.00000000e+00 0.00000000e+00
 0.00000000e+00 0.00000000e+00 0.00000000e+00 0.00000000e+00
 0.00000000e+00 0.00000000e+00 0.00000000e+00 0.00000000e+00
 0.00000000e+00 0.00000000e+00 0.00000000e+00 0.00000000e+00
 0.00000000e+00 0.00000000e+00 0.00000000e+00 0.00000000e+00
 0.00000000e+00 0.00000000e+00 0.00000000e+00 0.00000000e+00
 0.00000000e+00 0.00000000e+00 0.00000000e+00 0.00000000e+00
 0.00000000e+00 0.00000000e+00 0.00000000e+00 0.00000000e+00
 0.00000000e+00 0.00000000e+00 0.00000000e+00 0.00000000e+00
 0.00000000e+00 0.00000000e+00 0.00000000e+00 0.00000000e+00
 0.00000000e+00 0.00000000e+00 0.00000000e+00 0.00000000e+00
 0.00000000e+00 0.00000000e+00 0.00000000e+00 0.00000000e+00
 0.00000000e+00 0.00000000e+00 0.00000000e+00 0.00000000e+00
 0.00000000e+00 0.00000000e+00 0.00000000e+00 0.00000000e+00
 0.00000000e+00 0.00000000e+00 0.00000000e+00 0.00000000e+00
 0.00000000e+00 0.00000000e+00 0.00000000e+00 0.00000000e+00
 0.00000000e+00 0.00000000e+00 0.00000000e+00 0.00000000e+00
 0.00000000e+00 0.00000000e+00 0.00000000e+00 0.00000000e+00
 4.70161489e+03 4.79488307e+03 4.88063322e+03 5.02296008e+03
 5.17483211e+03 5.40375702e+03 5.48432860e+03 5.47994484e+03
 5.68556139e+03 5.78642431e+03 5.82687977e+03 5.99703953e+03
 6.11161127e+03 6.12000289e+03 6.31421919e+03 6.39396947e+03
 6.48895533e+03 6.50773738e+03 6.58488554e+03 6.61135754e+03
 6.72702061e+03 6.79414329e+03 6.83233009e+03 6.88307024e+03
 6.88997798e+03 6.89259405e+03 6.80585090e+03 6.82313003e+03
 6.75519764e+03 6.76012009e+03 6.72468218e+03 6.66692058e+03
 6.62102877e+03 6.53526290e+03 6.36128388e+03 6.27438796e+03
 6.18462147e+03 6.08325791e+03 5.99157607e+03 5.83176498e+03
 5.65307576e+03 5.47272753e+03 5.25693560e+03 5.12370742e+03
 4.95491618e+03 4.76766969e+03 4.58136907e+03 4.38437029e+03
 4.18571289e+03 3.98735292e+03 3.77217694e+03 3.58726520e+03
 3.41017278e+03 3.16408534e+03 2.97074715e+03 2.80867191e+03
 2.59704857e+03 2.41458188e+03 2.27139044e+03 2.13437490e+03
 1.96909135e+03 1.83925446e+03 1.69072259e+03 1.54417473e+03
 1.39250617e+03 1.25691949e+03 1.13022399e+03 1.02321516e+03
 9.12200221e+02 7.90054485e+02 6.86333539e+02 5.92038193e+02
 5.01726259e+02 4.30372520e+02 3.61237536e+02 3.02438195e+02
 2.48363360e+02 1.93919901e+02 1.53436904e+02 1.16109943e+02
 8.85914354e+01 7.20950981e+01 5.71894853e+01 4.51703276e+01
 3.29165119e+01 2.32622360e+01 1.62905953e+01 1.05487463e+01
 7.78452366e+00 2.85280301e+00 9.97703979e-02 0.00000000e+00
 0.00000000e+00 0.00000000e+00 0.00000000e+00 0.00000000e+00
 0.00000000e+00 0.00000000e+00 0.00000000e+00 0.00000000e+00
 0.00000000e+00]
13
data after
[4701.614888015693, 4794.883074040708, 4880.633218665407, 5022.960077779338, 5174.8321056693185, 5403.757024870885, 5484.328596704904, 5479.94484218651, 5685.561390188395, 5786.424311474477, 5826.879773527136, 5997.0395273405475, 6111.611271891161, 6120.002892823478, 6314.219186025864, 6393.969466482894, 6488.955325135584, 6507.737381042026, 6584.885541071144, 6611.357542004464, 6727.020608462492, 6794.143294717644, 6832.330085235454, 6883.070235349527, 6889.977982608227, 6892.594052883156, 6805.850903684239, 6823.1300291890675, 6755.197641533244, 6760.120093676978, 6724.682178637437, 6666.92058446592, 6621.028768061573, 6535.26290071892, 6361.283880172547, 6274.387962951333, 6184.621472521894, 6083.257912513874, 5991.576074249133, 5831.764983534993, 5653.075757498765, 5472.7275299475805, 5256.9355956660165, 5123.707424404356, 4954.916184223431, 4767.669693940305, 4581.369069430099, 4384.370287335603, 4185.712889720844, 3987.352919167038, 3772.1769395198235, 3587.2651971152877, 3410.172782094591, 3164.085335164193, 2970.7471547722516, 2808.6719130371835, 2597.0485661797156, 2414.581875098495, 2271.3904402459566, 2134.3749003419457, 1969.0913490908367, 1839.2544646950557, 1690.7225854748847, 1544.1747331634808, 1392.5061735778877, 1256.9194913852336, 1130.2239910400403, 1023.2151616632732, 912.2002206798255, 790.0544854946825, 686.333538746179, 592.03819305595, 501.7262590959149, 430.3725202242339, 361.237536193757, 302.4381946761423, 248.363360262724, 193.9199006147372, 153.4369041304979, 116.10994344644638, 88.59143539384752, 72.09509808744248, 57.18948527096734, 45.1703276083295, 32.91651188051178, 23.262235984381935, 37.576438718312005]
12
data,sig_tot
[4701.61488802 4794.88307404 4880.63321867 5022.96007778 5174.83210567
 5403.75702487 5484.3285967  5479.94484219 5685.56139019 5786.42431147
 5826.87977353 5997.03952734 6111.61127189 6120.00289282 6314.21918603
 6393.96946648 6488.95532514 6507.73738104 6584.88554107 6611.357542
 6727.02060846 6794.14329472 6832.33008524 6883.07023535 6889.97798261
 6892.59405288 6805.85090368 6823.13002919 6755.19764153 6760.12009368
 6724.68217864 6666.92058447 6621.02876806 6535.26290072 6361.28388017
 6274.38796295 6184.62147252 6083.25791251 5991.57607425 5831.76498353
 5653.0757575  5472.72752995 5256.93559567 5123.7074244  4954.91618422
 4767.66969394 4581.36906943 4384.37028734 4185.71288972 3987.35291917
 3772.17693952 3587.26519712 3410.17278209 3164.08533516 2970.74715477
 2808.67191304 2597.04856618 2414.5818751  2271.39044025 2134.37490034
 1969.09134909 1839.2544647  1690.72258547 1544.17473316 1392.50617358
 1256.91949139 1130.22399104 1023.21516166  912.20022068  790.05448549
  686.33353875  592.03819306  501.7262591   430.37252022  361.23753619
  302.43819468  248.36336026  193.91990061  153.43690413  116.10994345
   88.59143539   72.09509809   57.18948527   45.17032761   32.91651188
   23.26223598   37.57643872  779.76115757  819.33217103  853.43042069
  884.65267688  905.17657488  936.43865356  980.37304356 1027.01367349
 1051.38187235 1068.91684383 1110.52455855 1135.04707121 1192.86763646
 1191.06345875 1256.598203   1279.39982714 1292.55025959 1326.24235813
 1371.17906226 1383.39877461 1409.54882409 1440.35174162 1460.91223039
 1495.95384783 1499.85710062 1490.91907337 1518.89062738 1528.01817606
 1529.21479258 1539.75390574 1539.64933353 1533.97032378 1539.72900948
 1522.9274859  1516.18075167 1486.97149422 1468.42868357 1447.53539461
 1410.13886827 1401.85149154 1372.01665223 1337.1199038  1292.16995907
 1254.66423566 1225.9759354  1168.9167834  1138.15522019 1090.81463438
 1046.20720118  993.68326062  942.38183126  887.57792407  841.33509808
  786.62063997  740.35718354  685.13950905  638.57034564  599.23479559
  555.42460834  518.73884448  485.43492206  446.38917151  415.74835233
  378.13193845  345.07563002  310.85938377  281.28047609  252.35790433
  223.51141521  194.5085539   170.15787088  145.40697576  125.54449957
  107.71333166   95.97335247   83.7134781    70.73280236   59.5188732
   48.96558417   39.57817109   32.23744109   26.15284914   21.09817715
   28.97030946   23.63710235]
[4701.61488802 4794.88307404 4880.63321867 5022.96007778 5174.83210567
 5403.75702487 5484.3285967  5479.94484219 5685.56139019 5786.42431147
 5826.87977353 5997.03952734 6111.61127189 6120.00289282 6314.21918603
 6393.96946648 6488.95532514 6507.73738104 6584.88554107 6611.357542
 6727.02060846 6794.14329472 6832.33008524 6883.07023535 6889.97798261
 6892.59405288 6805.85090368 6823.13002919 6755.19764153 6760.12009368
 6724.68217864 6666.92058447 6621.02876806 6535.26290072 6361.28388017
 6274.38796295 6184.62147252 6083.25791251 5991.57607425 5831.76498353
 5653.0757575  5472.72752995 5256.93559567 5123.7074244  4954.91618422
 4767.66969394 4581.36906943 4384.37028734 4185.71288972 3987.35291917
 3772.17693952 3587.26519712 3410.17278209 3164.08533516 2970.74715477
 2808.67191304 2597.04856618 2414.5818751  2271.39044025 2134.37490034
 1969.09134909 1839.2544647  1690.72258547 1544.17473316 1392.50617358
 1256.91949139 1130.22399104 1023.21516166  912.20022068  790.05448549
  686.33353875  592.03819306  501.7262591   430.37252022  361.23753619
  302.43819468  248.36336026  193.91990061  153.43690413  116.10994345
   88.59143539   72.09509809   57.18948527   45.17032761   32.91651188
   23.26223598   37.57643872  779.76115757  819.33217103  853.43042069
  884.65267688  905.17657488  936.43865356  980.37304356 1027.01367349
 1051.38187235 1068.91684383 1110.52455855 1135.04707121 1192.86763646
 1191.06345875 1256.598203   1279.39982714 1292.55025959 1326.24235813
 1371.17906226 1383.39877461 1409.54882409 1440.35174162 1460.91223039
 1495.95384783 1499.85710062 1490.91907337 1518.89062738 1528.01817606
 1529.21479258 1539.75390574 1539.64933353 1533.97032378 1539.72900948
 1522.9274859  1516.18075167 1486.97149422 1468.42868357 1447.53539461
 1410.13886827 1401.85149154 1372.01665223 1337.1199038  1292.16995907
 1254.66423566 1225.9759354  1168.9167834  1138.15522019 1090.81463438
 1046.20720118  993.68326062  942.38183126  887.57792407  841.33509808
  786.62063997  740.35718354  685.13950905  638.57034564  599.23479559
  555.42460834  518.73884448  485.43492206  446.38917151  415.74835233
  378.13193845  345.07563002  310.85938377  281.28047609  252.35790433
  223.51141521  194.5085539   170.15787088  145.40697576  125.54449957
  107.71333166   95.97335247   83.7134781    70.73280236   59.5188732
   48.96558417   39.57817109   32.23744109   26.15284914   21.09817715
   28.97030946   23.63710235]
3.781504948043006 14.367072316113898 9.124507923407755
val isze = 17
idinces = [111  19  68 105  66  67  90  47  10  49 148  98  59  99 168  20  81  39
 110   1  76 120 155 138 102 104  72 129 109 117 135 143 162 119  26  60
  55  24  58 116  21 112  61  56 114  87  91  43 145  82 134  35 132 144
   2  69  97  38  52  63 171 158 137  83  78  70 140  95  41  32 170  48
  25  53 101 121  51  14 164  29   3  23 127 160  37 161 159  45 106 130
  42  79 136 150 142  12 151  22  85   6 103 152 131 128  34 147  50 108
 163 124   4   5  44 166  96  84 149  28  75   7  46  17  11 153  71 118
  80 133 169  74  94 146  93  18  27  36  57  31  65  89  30  86  92 141
 126  13  77 154 165  33  62 122 107  88  54 139 100  16 115  40   0  73
   8 167 157 156 123 113  64  15 125   9]
we are doing training validation split
training loss = 17.34529685974121 500
val loss = 17.47749900817871
training loss = 15.95139217376709 1000
val loss = 13.027417182922363
training loss = 15.283407211303711 1500
val loss = 11.645376205444336
training loss = 14.701918601989746 2000
val loss = 11.047027587890625
training loss = 14.146673202514648 2500
val loss = 10.473140716552734
training loss = 13.352401733398438 3000
val loss = 9.384324073791504
training loss = 2.7055776119232178 3500
val loss = 1.9598177671432495
training loss = 2.3883185386657715 4000
val loss = 1.8264918327331543
training loss = 2.328460454940796 4500
val loss = 1.6921180486679077
training loss = 2.230541944503784 5000
val loss = 1.815674901008606
training loss = 2.1772043704986572 5500
val loss = 1.7689892053604126
training loss = 2.1236732006073 6000
val loss = 1.703521490097046
training loss = 2.0949971675872803 6500
val loss = 1.7626389265060425
training loss = 2.048457622528076 7000
val loss = 1.7002869844436646
training loss = 2.029308319091797 7500
val loss = 1.6639617681503296
training loss = 2.0158114433288574 8000
val loss = 1.646143913269043
training loss = 2.0116162300109863 8500
val loss = 1.5984219312667847
training loss = 2.003693103790283 9000
val loss = 1.6121165752410889
training loss = 2.0005416870117188 9500
val loss = 1.604845404624939
training loss = 1.9978859424591064 10000
val loss = 1.6001471281051636
training loss = 1.9941343069076538 10500
val loss = 1.604523777961731
training loss = 1.9915603399276733 11000
val loss = 1.6016933917999268
training loss = 1.9895234107971191 11500
val loss = 1.597157597541809
training loss = 1.9874765872955322 12000
val loss = 1.5945597887039185
training loss = 1.9857048988342285 12500
val loss = 1.5929888486862183
training loss = 1.984146237373352 13000
val loss = 1.591412901878357
training loss = 1.9825860261917114 13500
val loss = 1.5905678272247314
training loss = 3.5864923000335693 14000
val loss = 3.5869288444519043
training loss = 1.9883570671081543 14500
val loss = 1.5602151155471802
training loss = 1.9808368682861328 15000
val loss = 1.571424126625061
training loss = 1.9779726266860962 15500
val loss = 1.5810476541519165
training loss = 1.9807491302490234 16000
val loss = 1.5664318799972534
training loss = 1.9760501384735107 16500
val loss = 1.5962066650390625
training loss = 1.97427499294281 17000
val loss = 1.5863580703735352
training loss = 1.9735065698623657 17500
val loss = 1.585644006729126
training loss = 1.9736549854278564 18000
val loss = 1.59578275680542
training loss = 1.9791570901870728 18500
val loss = 1.6247366666793823
training loss = 1.9710642099380493 19000
val loss = 1.5835870504379272
training loss = 1.9703774452209473 19500
val loss = 1.5826634168624878
training loss = 1.9698994159698486 20000
val loss = 1.5783628225326538
training loss = 1.9687660932540894 20500
val loss = 1.5850478410720825
training loss = 1.9680376052856445 21000
val loss = 1.5842349529266357
training loss = 1.9673985242843628 21500
val loss = 1.5845586061477661
training loss = 2.266371488571167 22000
val loss = 1.6477506160736084
training loss = 1.966853141784668 22500
val loss = 1.5855473279953003
reduced chi^2 level 2 = 1.9682400226593018
Constrained alpha: 2.3108084201812744
Constrained beta: 3.7105884552001953
Constrained gamma: 11.116354942321777
(1, 155)
(1, 17)
