data before
[0.00000000e+00 0.00000000e+00 0.00000000e+00 0.00000000e+00
 0.00000000e+00 0.00000000e+00 0.00000000e+00 0.00000000e+00
 0.00000000e+00 0.00000000e+00 0.00000000e+00 0.00000000e+00
 0.00000000e+00 0.00000000e+00 0.00000000e+00 0.00000000e+00
 0.00000000e+00 0.00000000e+00 0.00000000e+00 0.00000000e+00
 0.00000000e+00 0.00000000e+00 0.00000000e+00 0.00000000e+00
 0.00000000e+00 0.00000000e+00 0.00000000e+00 0.00000000e+00
 0.00000000e+00 0.00000000e+00 0.00000000e+00 0.00000000e+00
 0.00000000e+00 0.00000000e+00 0.00000000e+00 0.00000000e+00
 0.00000000e+00 0.00000000e+00 0.00000000e+00 0.00000000e+00
 0.00000000e+00 0.00000000e+00 0.00000000e+00 0.00000000e+00
 0.00000000e+00 0.00000000e+00 0.00000000e+00 0.00000000e+00
 0.00000000e+00 0.00000000e+00 0.00000000e+00 0.00000000e+00
 0.00000000e+00 0.00000000e+00 0.00000000e+00 0.00000000e+00
 0.00000000e+00 0.00000000e+00 0.00000000e+00 0.00000000e+00
 0.00000000e+00 0.00000000e+00 0.00000000e+00 0.00000000e+00
 0.00000000e+00 0.00000000e+00 0.00000000e+00 0.00000000e+00
 0.00000000e+00 0.00000000e+00 0.00000000e+00 0.00000000e+00
 0.00000000e+00 0.00000000e+00 0.00000000e+00 0.00000000e+00
 0.00000000e+00 0.00000000e+00 0.00000000e+00 0.00000000e+00
 0.00000000e+00 0.00000000e+00 0.00000000e+00 0.00000000e+00
 0.00000000e+00 0.00000000e+00 0.00000000e+00 0.00000000e+00
 0.00000000e+00 0.00000000e+00 0.00000000e+00 0.00000000e+00
 0.00000000e+00 0.00000000e+00 0.00000000e+00 0.00000000e+00
 0.00000000e+00 0.00000000e+00 0.00000000e+00 0.00000000e+00
 3.99917285e+03 4.09349307e+03 4.18900919e+03 4.31761486e+03
 4.46858124e+03 4.67214498e+03 4.77040354e+03 4.78990898e+03
 4.99249271e+03 5.09890959e+03 5.16257346e+03 5.33621830e+03
 5.46901496e+03 5.50925597e+03 5.71845049e+03 5.81377899e+03
 5.95499518e+03 5.99846194e+03 6.12520484e+03 6.20136950e+03
 6.36030222e+03 6.46620880e+03 6.55786221e+03 6.65638113e+03
 6.73027045e+03 6.79599240e+03 6.77075421e+03 6.85627622e+03
 6.86751745e+03 6.93362963e+03 6.97398978e+03 6.99102463e+03
 7.02194552e+03 7.01510865e+03 6.91348295e+03 6.90618433e+03
 6.88736804e+03 6.85222686e+03 6.83607985e+03 6.74953048e+03
 6.63129537e+03 6.49702784e+03 6.33064651e+03 6.24349259e+03
 6.12486547e+03 5.96797485e+03 5.81289482e+03 5.64500456e+03
 5.46445199e+03 5.28570721e+03 5.07112051e+03 4.88662006e+03
 4.71410164e+03 4.43596625e+03 4.22275235e+03 4.04409316e+03
 3.78567216e+03 3.55706684e+03 3.37276675e+03 3.18573196e+03
 2.95298609e+03 2.77170255e+03 2.56364505e+03 2.36076223e+03
 2.14762994e+03 1.95972088e+03 1.78405415e+03 1.63717694e+03
 1.48212717e+03 1.30862759e+03 1.15881785e+03 1.01973555e+03
 8.82572782e+02 7.69731047e+02 6.55579332e+02 5.56825612e+02
 4.65788875e+02 3.72412625e+02 3.02654031e+02 2.35827382e+02
 1.84919251e+02 1.51748449e+02 1.20339923e+02 9.51942940e+01
 6.98915359e+01 4.97278668e+01 3.50183706e+01 2.27935627e+01
 1.67224834e+01 6.11254536e+00 2.13772191e-01 0.00000000e+00
 0.00000000e+00 0.00000000e+00 0.00000000e+00 0.00000000e+00
 0.00000000e+00 0.00000000e+00 0.00000000e+00 0.00000000e+00
 0.00000000e+00]
11
data after
[3999.172853990216, 4093.4930679617564, 4189.009186950694, 4317.614862069198, 4468.581244980631, 4672.14498396161, 4770.403539529381, 4789.908982225598, 4992.4927111342095, 5098.909585106079, 5162.573457747849, 5336.218298014386, 5469.0149597177315, 5509.2559725793435, 5718.45048557639, 5813.778985874477, 5954.995177961661, 5998.4619416566375, 6125.204837122925, 6201.3695033776285, 6360.302222248993, 6466.2088037369, 6557.862207685114, 6656.381129803694, 6730.270452696272, 6795.9924020571225, 6770.7542059695415, 6856.276223225938, 6867.51745248695, 6933.629633867718, 6973.989777905922, 6991.024634719257, 7021.945515468467, 7015.10865205828, 6913.482947139102, 6906.184333525683, 6887.368040462674, 6852.226857707736, 6836.079850301795, 6749.530478621285, 6631.295374865141, 6497.027837117781, 6330.646505500835, 6243.492588721901, 6124.865469135418, 5967.974854497105, 5812.89481761292, 5645.0045595941865, 5464.451989655234, 5285.707205782858, 5071.120510259974, 4886.6200607872415, 4714.101638130021, 4435.966247861008, 4222.7523526978375, 4044.0931593391174, 3785.672155598102, 3557.0668384849773, 3372.766747817556, 3185.7319563724063, 2952.9860921182244, 2771.7025545072506, 2563.6450484441666, 2360.7622294012963, 2147.6299393595787, 1959.7208755913837, 1784.0541493253472, 1637.1769434108212, 1482.1271663498176, 1308.627592907726, 1158.8178497061658, 1019.7355476341888, 882.5727819812581, 769.7310468790099, 655.5793316375116, 556.8256123217536, 465.78887510781067, 372.4126250548374, 302.6540305397017, 235.82738249113035, 184.9192511929056, 151.74844850173486, 120.33992349047594, 95.19429401027713, 69.89153594805428, 49.727866765873046, 35.01837056810998, 22.793562691953895, 23.048800915341364]
17
data,sig_tot
[3999.17285399 4093.49306796 4189.00918695 4317.61486207 4468.58124498
 4672.14498396 4770.40353953 4789.90898223 4992.49271113 5098.90958511
 5162.57345775 5336.21829801 5469.01495972 5509.25597258 5718.45048558
 5813.77898587 5954.99517796 5998.46194166 6125.20483712 6201.36950338
 6360.30222225 6466.20880374 6557.86220769 6656.3811298  6730.2704527
 6795.99240206 6770.75420597 6856.27622323 6867.51745249 6933.62963387
 6973.98977791 6991.02463472 7021.94551547 7015.10865206 6913.48294714
 6906.18433353 6887.36804046 6852.22685771 6836.0798503  6749.53047862
 6631.29537487 6497.02783712 6330.6465055  6243.49258872 6124.86546914
 5967.9748545  5812.89481761 5645.00455959 5464.45198966 5285.70720578
 5071.12051026 4886.62006079 4714.10163813 4435.96624786 4222.7523527
 4044.09315934 3785.6721556  3557.06683848 3372.76674782 3185.73195637
 2952.98609212 2771.70255451 2563.64504844 2360.7622294  2147.62993936
 1959.72087559 1784.05414933 1637.17694341 1482.12716635 1308.62759291
 1158.81784971 1019.73554763  882.57278198  769.73104688  655.57933164
  556.82561232  465.78887511  372.41262505  302.65403054  235.82738249
  184.91925119  151.7484485   120.33992349   95.19429401   69.89153595
   49.72786677   35.01837057   22.79356269   23.04880092  573.1436874
  603.79489472  631.05573529  655.40962781  672.24402913  699.02747651
  732.23805934  769.00827711  790.18637722  808.42985995  842.30515638
  863.7593593   913.19289361  915.52032569  968.69163291  991.637138
 1007.43296418 1038.30017656 1080.1833786  1095.55652063 1123.14568643
 1155.84492328 1178.45794324 1214.31853403 1224.89240197 1226.01054277
 1259.60171201 1273.95491271 1286.54032426 1306.7678866  1316.75930566
 1322.60851819 1338.00322713 1335.94047679 1340.65369346 1326.88026875
 1323.44727481 1314.62219199 1292.95375127 1296.30441677 1279.44456291
 1257.1801007  1225.58386077 1199.59280425 1180.85433805 1135.71006714
 1112.88059028 1075.41181626 1039.96097342  995.45870338  950.47090402
  901.37289244  859.49711452  807.33746422  762.55759869  706.58901582
  657.40893761  613.44347661  562.2454875   516.61910935  472.60484671
  423.66312885  384.25763245  340.01415764  300.88719732  263.15014207
  231.59569911  202.0479232   173.77056482  145.27741205  121.07690242
   97.65623543   78.7396764    62.93550825   52.50849306   42.54736837
   32.45089191   23.95386191   27.41271738   28.25799328]
[3999.17285399 4093.49306796 4189.00918695 4317.61486207 4468.58124498
 4672.14498396 4770.40353953 4789.90898223 4992.49271113 5098.90958511
 5162.57345775 5336.21829801 5469.01495972 5509.25597258 5718.45048558
 5813.77898587 5954.99517796 5998.46194166 6125.20483712 6201.36950338
 6360.30222225 6466.20880374 6557.86220769 6656.3811298  6730.2704527
 6795.99240206 6770.75420597 6856.27622323 6867.51745249 6933.62963387
 6973.98977791 6991.02463472 7021.94551547 7015.10865206 6913.48294714
 6906.18433353 6887.36804046 6852.22685771 6836.0798503  6749.53047862
 6631.29537487 6497.02783712 6330.6465055  6243.49258872 6124.86546914
 5967.9748545  5812.89481761 5645.00455959 5464.45198966 5285.70720578
 5071.12051026 4886.62006079 4714.10163813 4435.96624786 4222.7523527
 4044.09315934 3785.6721556  3557.06683848 3372.76674782 3185.73195637
 2952.98609212 2771.70255451 2563.64504844 2360.7622294  2147.62993936
 1959.72087559 1784.05414933 1637.17694341 1482.12716635 1308.62759291
 1158.81784971 1019.73554763  882.57278198  769.73104688  655.57933164
  556.82561232  465.78887511  372.41262505  302.65403054  235.82738249
  184.91925119  151.7484485   120.33992349   95.19429401   69.89153595
   49.72786677   35.01837057   22.79356269   23.04880092  573.1436874
  603.79489472  631.05573529  655.40962781  672.24402913  699.02747651
  732.23805934  769.00827711  790.18637722  808.42985995  842.30515638
  863.7593593   913.19289361  915.52032569  968.69163291  991.637138
 1007.43296418 1038.30017656 1080.1833786  1095.55652063 1123.14568643
 1155.84492328 1178.45794324 1214.31853403 1224.89240197 1226.01054277
 1259.60171201 1273.95491271 1286.54032426 1306.7678866  1316.75930566
 1322.60851819 1338.00322713 1335.94047679 1340.65369346 1326.88026875
 1323.44727481 1314.62219199 1292.95375127 1296.30441677 1279.44456291
 1257.1801007  1225.58386077 1199.59280425 1180.85433805 1135.71006714
 1112.88059028 1075.41181626 1039.96097342  995.45870338  950.47090402
  901.37289244  859.49711452  807.33746422  762.55759869  706.58901582
  657.40893761  613.44347661  562.2454875   516.61910935  472.60484671
  423.66312885  384.25763245  340.01415764  300.88719732  263.15014207
  231.59569911  202.0479232   173.77056482  145.27741205  121.07690242
   97.65623543   78.7396764    62.93550825   52.50849306   42.54736837
   32.45089191   23.95386191   27.41271738   28.25799328]
1.0613412346477396 12.796506879899635 77.39973705724276
val isze = 0
idinces = [ 52  43 133  19  67 108 110 140  10 130  97  83 105 103  59  58 160 102
  49  20  66 112 111  55  39 159 136 104  47  24 109   1  21 119  81 137
  91 142  76 132  35  56 124   2  63  90  38  70 148  78 135  95  60  98
  87 138  68 128  26  61  72  41 165  32  69  48  25  53  82 114  51  14
 154  29   3  23 127 161  37 158 162  45  99 152  42  79 134 147  12 155
  22  85   6 149 145 129 121  34 144  50 101 106 117   4   5  44 116  96
  84 146 167  75   7  46  17 141 163  71 118  80 131 166 168 150  74  28
  11 120  94 143  93  18  27  36  57  31  65  89  30  86  92 126  13  77
 151 153  33  62 122 107  88  54 139 100  16 115  40   0  73   8 164 157
 156 123 113  64  15 125   9]
training loss = 50.68291091918945 500
training loss = 36.1944694519043 1000
training loss = 34.759761810302734 1500
training loss = 32.78782653808594 2000
training loss = 7.372847080230713 2500
training loss = 5.804737567901611 3000
training loss = 3.807140588760376 3500
training loss = 2.548203945159912 4000
training loss = 2.0518252849578857 4500
training loss = 2.005873441696167 5000
training loss = 1.9653241634368896 5500
training loss = 1.9447635412216187 6000
training loss = 1.9241820573806763 6500
training loss = 1.906538724899292 7000
training loss = 1.8927090167999268 7500
training loss = 1.8809601068496704 8000
training loss = 2.182194948196411 8500
training loss = 1.8622868061065674 9000
training loss = 1.8568247556686401 9500
training loss = 1.8544405698776245 10000
training loss = 2.1146392822265625 10500
training loss = 1.8399162292480469 11000
training loss = 1.8362704515457153 11500
training loss = 1.8336992263793945 12000
training loss = 1.8345637321472168 12500
training loss = 1.8972413539886475 13000
training loss = 1.824522852897644 13500
training loss = 1.8208715915679932 14000
training loss = 1.8197742700576782 14500
training loss = 1.9065595865249634 15000
training loss = 1.8164423704147339 15500
training loss = 1.8167169094085693 16000
training loss = 1.815266489982605 16500
training loss = 1.8156940937042236 17000
training loss = 1.8269968032836914 17500
training loss = 1.8142229318618774 18000
training loss = 1.8141125440597534 18500
training loss = 1.8142646551132202 19000
training loss = 1.814465045928955 19500
training loss = 1.8176836967468262 20000
training loss = 2.0237009525299072 20500
training loss = 1.8127589225769043 21000
training loss = 1.8128948211669922 21500
training loss = 1.8130193948745728 22000
training loss = 1.8183990716934204 22500
training loss = 1.813140869140625 23000
training loss = 1.8116461038589478 23500
training loss = 1.8121024370193481 24000
training loss = 1.816554307937622 24500
training loss = 1.810795783996582 25000
training loss = 1.8109508752822876 25500
training loss = 1.8109408617019653 26000
training loss = 1.8110175132751465 26500
training loss = 1.8137016296386719 27000
training loss = 1.809495449066162 27500
training loss = 1.8096450567245483 28000
training loss = 1.8094590902328491 28500
training loss = 1.8094381093978882 29000
training loss = 1.8083949089050293 29500
training loss = 1.8082737922668457 30000
reduced chi^2 level 2 = 1.8082680702209473
Constrained alpha: 2.209519624710083
Constrained beta: 3.462244749069214
Constrained gamma: 27.530179977416992
(1, 169)
(1, 0)
