LHAPDF 6.5.4 loading /data/theorie/jjohn/miniconda3/envs/nnpdf_dev/share/LHAPDF/FASERv_EPOS+POWHEG_7TeV/FASERv_EPOS+POWHEG_7TeV_0000.dat
FASERv_EPOS+POWHEG_7TeV PDF set, member #0, version 1; LHAPDF ID = 70001000
LHAPDF 6.5.4 loading /data/theorie/jjohn/miniconda3/envs/nnpdf_dev/share/LHAPDF/FASERv_EPOS+POWHEG_7TeV/FASERv_EPOS+POWHEG_7TeV_0000.dat
FASERv_EPOS+POWHEG_7TeV PDF set, member #0, version 1; LHAPDF ID = 70001000
2.204462410391307 1.794763744070822 7.901890125805022
val isze = 0
idinces = [4 1 3 2 5 0]
training loss = 31.774879455566406
training loss = 27.010299682617188
training loss = 21.28681182861328
training loss = 14.004618644714355
training loss = 6.205622673034668
training loss = 3.2396373748779297
training loss = 2.7476911544799805
training loss = 2.605369806289673
training loss = 2.4154202938079834
training loss = 2.14799165725708
training loss = 1.9976377487182617
training loss = 1.9286948442459106
training loss = 1.8663692474365234
training loss = 1.8093080520629883
training loss = 1.7553043365478516
training loss = 1.6981499195098877
training loss = 1.6401736736297607
training loss = 2.502692937850952
training loss = 1.498220682144165
training loss = 1.5150822401046753
rep 1 done out of 1
reduced chi^2 level 2 = 1.5014407634735107
Constrained alpha: 1.9800615310668945
Constrained beta: 4.448669910430908
Constrained gamma: 8.34085464477539
(1, 6)
(1, 0)
Thanks for using LHAPDF 6.5.4. Please make sure to cite the paper:
  Eur.Phys.J. C75 (2015) 3, 132  (http://arxiv.org/abs/1412.7420)
