LHAPDF 6.5.4 loading /data/theorie/jjohn/miniconda3/envs/nnpdf_dev/share/LHAPDF/FASERv_EPOS+POWHEG_7TeV/FASERv_EPOS+POWHEG_7TeV_0000.dat
FASERv_EPOS+POWHEG_7TeV PDF set, member #0, version 1; LHAPDF ID = 70001000
LHAPDF 6.5.4 loading /data/theorie/jjohn/miniconda3/envs/nnpdf_dev/share/LHAPDF/FASERv_EPOS+POWHEG_7TeV/FASERv_EPOS+POWHEG_7TeV_0000.dat
FASERv_EPOS+POWHEG_7TeV PDF set, member #0, version 1; LHAPDF ID = 70001000
1.8878310441800434 2.7023022580816236 41.301952367504036
val isze = 0
idinces = [4 1 3 2 5 0]
training loss = 34.536094665527344
training loss = 30.4910888671875
training loss = 25.851430892944336
training loss = 20.981477737426758
training loss = 15.684867858886719
training loss = 9.462160110473633
training loss = 4.390290260314941
training loss = 2.667217254638672
training loss = 2.438265800476074
training loss = 2.280529737472534
training loss = 1.969874382019043
training loss = 1.1693840026855469
training loss = 0.9073519706726074
training loss = 0.8248593807220459
training loss = 0.7277148365974426
training loss = 0.6006866097450256
training loss = 0.5248917937278748
training loss = 0.2653405964374542
training loss = 0.15165363252162933
training loss = 0.08405125141143799
rep 1 done out of 1
reduced chi^2 level 2 = 0.08355678617954254
Constrained alpha: 1.4243420362472534
Constrained beta: 7.831521987915039
Constrained gamma: 39.177330017089844
(1, 6)
(1, 0)
Thanks for using LHAPDF 6.5.4. Please make sure to cite the paper:
  Eur.Phys.J. C75 (2015) 3, 132  (http://arxiv.org/abs/1412.7420)
