LHAPDF 6.5.4 loading /data/theorie/jjohn/miniconda3/envs/nnpdf_dev/share/LHAPDF/FASERv_EPOS+POWHEG_7TeV/FASERv_EPOS+POWHEG_7TeV_0000.dat
FASERv_EPOS+POWHEG_7TeV PDF set, member #0, version 1; LHAPDF ID = 70001000
LHAPDF 6.5.4 loading /data/theorie/jjohn/miniconda3/envs/nnpdf_dev/share/LHAPDF/FASERv_EPOS+POWHEG_7TeV/FASERv_EPOS+POWHEG_7TeV_0000.dat
FASERv_EPOS+POWHEG_7TeV PDF set, member #0, version 1; LHAPDF ID = 70001000
0.045100680918828684 8.003403222728092 36.01130999439193
val isze = 0
idinces = [4 1 3 2 5 0]
training loss = 14.142389297485352
training loss = 12.744135856628418
training loss = 11.48682975769043
training loss = 10.161890983581543
training loss = 8.850506782531738
training loss = 7.607332229614258
training loss = 6.466181755065918
training loss = 5.376795291900635
training loss = 3.431274890899658
training loss = 1.3462766408920288
training loss = 0.3883325755596161
training loss = 0.10308799892663956
training loss = 0.0424344539642334
training loss = 0.009381696581840515
training loss = 0.0037943972274661064
training loss = 0.014202157966792583
training loss = 0.0019933783914893866
training loss = 0.0016676762606948614
training loss = 0.0018492091912776232
rep 1 done out of 1
reduced chi^2 level 2 = 0.0020545637235045433
Constrained alpha: 1.5395077466964722
Constrained beta: 11.51499080657959
Constrained gamma: 34.91212463378906
(1, 6)
(1, 0)
Thanks for using LHAPDF 6.5.4. Please make sure to cite the paper:
  Eur.Phys.J. C75 (2015) 3, 132  (http://arxiv.org/abs/1412.7420)
