LHAPDF 6.5.4 loading /data/theorie/jjohn/miniconda3/envs/nnpdf_dev/share/LHAPDF/FASERv_EPOS+POWHEG_7TeV/FASERv_EPOS+POWHEG_7TeV_0000.dat
FASERv_EPOS+POWHEG_7TeV PDF set, member #0, version 1; LHAPDF ID = 70001000
LHAPDF 6.5.4 loading /data/theorie/jjohn/miniconda3/envs/nnpdf_dev/share/LHAPDF/FASERv_EPOS+POWHEG_7TeV/FASERv_EPOS+POWHEG_7TeV_0000.dat
FASERv_EPOS+POWHEG_7TeV PDF set, member #0, version 1; LHAPDF ID = 70001000
1.8447486832319133 3.9428236774293235 92.63662674958492
val isze = 0
idinces = [4 1 3 2 5 0]
training loss = 14.806185722351074
training loss = 12.304686546325684
training loss = 8.091997146606445
training loss = 2.202744245529175
training loss = 1.8072543144226074
training loss = 1.487652063369751
training loss = 1.0910276174545288
training loss = 0.5674697160720825
training loss = 0.4143502414226532
training loss = 0.027172883972525597
training loss = 0.0011568795889616013
training loss = 0.0014684612397104502
rep 1 done out of 1
reduced chi^2 level 2 = 0.000896844023372978
Constrained alpha: 2.191969633102417
Constrained beta: 6.3446364402771
Constrained gamma: 78.5110855102539
(1, 6)
(1, 0)
Thanks for using LHAPDF 6.5.4. Please make sure to cite the paper:
  Eur.Phys.J. C75 (2015) 3, 132  (http://arxiv.org/abs/1412.7420)
