LHAPDF 6.5.4 loading /data/theorie/jjohn/miniconda3/envs/nnpdf_dev/share/LHAPDF/FASERv_EPOS+POWHEG_7TeV/FASERv_EPOS+POWHEG_7TeV_0000.dat
FASERv_EPOS+POWHEG_7TeV PDF set, member #0, version 1; LHAPDF ID = 70001000
LHAPDF 6.5.4 loading /data/theorie/jjohn/miniconda3/envs/nnpdf_dev/share/LHAPDF/FASERv_EPOS+POWHEG_7TeV/FASERv_EPOS+POWHEG_7TeV_0000.dat
FASERv_EPOS+POWHEG_7TeV PDF set, member #0, version 1; LHAPDF ID = 70001000
0.7598286034741086 4.1783637812618935 67.43849618918257
val isze = 0
idinces = [2 1 4 0 3 5]
training loss = 22.29212760925293
training loss = 20.274335861206055
training loss = 18.275766372680664
training loss = 16.238079071044922
training loss = 14.291766166687012
training loss = 12.509124755859375
training loss = 10.914762496948242
training loss = 9.493452072143555
training loss = 8.263113021850586
training loss = 7.155892848968506
training loss = 5.826247692108154
training loss = 3.7741310596466064
training loss = 2.3190417289733887
training loss = 2.0967624187469482
training loss = 2.0012879371643066
training loss = 1.8542087078094482
training loss = 1.6219737529754639
training loss = 1.3006731271743774
training loss = 0.9257898330688477
training loss = 0.5639965534210205
rep 1 done out of 1
reduced chi^2 level 2 = 0.5607085824012756
Constrained alpha: 1.3598217964172363
Constrained beta: 9.995308876037598
Constrained gamma: 59.06611251831055
(1, 6)
(1, 0)
Thanks for using LHAPDF 6.5.4. Please make sure to cite the paper:
  Eur.Phys.J. C75 (2015) 3, 132  (http://arxiv.org/abs/1412.7420)
