LHAPDF 6.5.4 loading /data/theorie/jjohn/miniconda3/envs/nnpdf_dev/share/LHAPDF/FASERv_EPOS+POWHEG_7TeV/FASERv_EPOS+POWHEG_7TeV_0000.dat
FASERv_EPOS+POWHEG_7TeV PDF set, member #0, version 1; LHAPDF ID = 70001000
LHAPDF 6.5.4 loading /data/theorie/jjohn/miniconda3/envs/nnpdf_dev/share/LHAPDF/FASERv_EPOS+POWHEG_7TeV/FASERv_EPOS+POWHEG_7TeV_0000.dat
FASERv_EPOS+POWHEG_7TeV PDF set, member #0, version 1; LHAPDF ID = 70001000
0.07482443535019312 17.391482857009443 76.66403841675582
val isze = 0
idinces = [3 5 4 1 0 2]
training loss = 28.533084869384766
training loss = 25.217777252197266
training loss = 21.232364654541016
training loss = 16.98134994506836
training loss = 12.816327095031738
training loss = 8.997486114501953
training loss = 5.71468448638916
training loss = 3.2406671047210693
training loss = 2.217348575592041
training loss = 1.9638876914978027
training loss = 1.8891836404800415
training loss = 1.8374089002609253
training loss = 1.7907240390777588
training loss = 1.747212290763855
training loss = 1.7056330442428589
training loss = 1.6647371053695679
training loss = 1.623199224472046
training loss = 1.5794546604156494
training loss = 1.5314490795135498
training loss = 1.4761922359466553
rep 1 done out of 1
reduced chi^2 level 2 = 1.4755886793136597
Constrained alpha: 1.9326080083847046
Constrained beta: 9.395124435424805
Constrained gamma: 69.81499481201172
(1, 6)
(1, 0)
Thanks for using LHAPDF 6.5.4. Please make sure to cite the paper:
  Eur.Phys.J. C75 (2015) 3, 132  (http://arxiv.org/abs/1412.7420)
