LHAPDF 6.5.4 loading /data/theorie/jjohn/miniconda3/envs/nnpdf_dev/share/LHAPDF/FASERv_EPOS+POWHEG_7TeV/FASERv_EPOS+POWHEG_7TeV_0000.dat
FASERv_EPOS+POWHEG_7TeV PDF set, member #0, version 1; LHAPDF ID = 70001000
LHAPDF 6.5.4 loading /data/theorie/jjohn/miniconda3/envs/nnpdf_dev/share/LHAPDF/FASERv_EPOS+POWHEG_7TeV/FASERv_EPOS+POWHEG_7TeV_0000.dat
FASERv_EPOS+POWHEG_7TeV PDF set, member #0, version 1; LHAPDF ID = 70001000
0.02799555845348578 7.026964768265356 88.01007949148772
val isze = 0
idinces = [4 1 3 2 5 0]
training loss = 6.197613716125488
training loss = 4.889318943023682
training loss = 4.519996643066406
training loss = 4.136028289794922
training loss = 3.761306047439575
training loss = 3.4085264205932617
training loss = 3.080876588821411
training loss = 2.7739107608795166
training loss = 2.4800972938537598
training loss = 2.2015063762664795
training loss = 1.9701063632965088
training loss = 1.8360594511032104
training loss = 1.800400733947754
training loss = 1.7825472354888916
training loss = 1.7748308181762695
training loss = 1.7731671333312988
training loss = 1.7679007053375244
training loss = 2.5518712997436523
training loss = 1.762056589126587
training loss = 1.757575273513794
rep 1 done out of 1
reduced chi^2 level 2 = 1.7575345039367676
Constrained alpha: 1.7921291589736938
Constrained beta: 9.706486701965332
Constrained gamma: 73.7711410522461
(1, 6)
(1, 0)
Thanks for using LHAPDF 6.5.4. Please make sure to cite the paper:
  Eur.Phys.J. C75 (2015) 3, 132  (http://arxiv.org/abs/1412.7420)
