LHAPDF 6.5.4 loading /data/theorie/jjohn/miniconda3/envs/nnpdf_dev/share/LHAPDF/FASERv_EPOS+POWHEG_7TeV/FASERv_EPOS+POWHEG_7TeV_0000.dat
FASERv_EPOS+POWHEG_7TeV PDF set, member #0, version 1; LHAPDF ID = 70001000
LHAPDF 6.5.4 loading /data/theorie/jjohn/miniconda3/envs/nnpdf_dev/share/LHAPDF/FASERv_EPOS+POWHEG_7TeV/FASERv_EPOS+POWHEG_7TeV_0000.dat
FASERv_EPOS+POWHEG_7TeV PDF set, member #0, version 1; LHAPDF ID = 70001000
0.17457070128832464 4.0429791801595165 90.34470949378289
val isze = 0
idinces = [4 1 3 2 5 0]
training loss = 20.606842041015625
training loss = 17.30300521850586
training loss = 15.294839859008789
training loss = 13.287435531616211
training loss = 11.418128967285156
training loss = 9.758377075195312
training loss = 8.333789825439453
training loss = 7.134957790374756
training loss = 6.086676597595215
training loss = 4.7122015953063965
training loss = 2.5225064754486084
training loss = 1.0016777515411377
training loss = 0.6052041053771973
training loss = 0.35211610794067383
training loss = 0.15981832146644592
training loss = 0.06872593611478806
training loss = 0.02198476344347
training loss = 0.009953416883945465
training loss = 0.00602584145963192
training loss = 0.004674600437283516
rep 1 done out of 1
reduced chi^2 level 2 = 0.004666805732995272
Constrained alpha: 1.359561800956726
Constrained beta: 9.335563659667969
Constrained gamma: 70.62124633789062
(1, 6)
(1, 0)
Thanks for using LHAPDF 6.5.4. Please make sure to cite the paper:
  Eur.Phys.J. C75 (2015) 3, 132  (http://arxiv.org/abs/1412.7420)
