LHAPDF 6.5.4 loading /data/theorie/jjohn/miniconda3/envs/nnpdf_dev/share/LHAPDF/FASERv_EPOS+POWHEG_7TeV/FASERv_EPOS+POWHEG_7TeV_0000.dat
FASERv_EPOS+POWHEG_7TeV PDF set, member #0, version 1; LHAPDF ID = 70001000
LHAPDF 6.5.4 loading /data/theorie/jjohn/miniconda3/envs/nnpdf_dev/share/LHAPDF/FASERv_EPOS+POWHEG_7TeV/FASERv_EPOS+POWHEG_7TeV_0000.dat
FASERv_EPOS+POWHEG_7TeV PDF set, member #0, version 1; LHAPDF ID = 70001000
4.5185760407973286 15.991341219161006 92.31132618876802
val isze = 0
idinces = [3 5 4 1 0 2]
training loss = 1187.2958984375
training loss = 1162.9920654296875
training loss = 1135.02099609375
training loss = 1103.6549072265625
training loss = 1070.326171875
training loss = 1036.1253662109375
training loss = 1001.8840942382812
training loss = 968.2322387695312
training loss = 935.640869140625
training loss = 904.4461059570312
training loss = 874.8701782226562
training loss = 847.0350341796875
training loss = 821.0323486328125
training loss = 796.8858032226562
training loss = 774.5411376953125
training loss = 753.9829711914062
training loss = 735.1057739257812
training loss = 717.8394165039062
training loss = 702.0796508789062
training loss = 687.7320556640625
(1, 6)
(1, 0)
Thanks for using LHAPDF 6.5.4. Please make sure to cite the paper:
  Eur.Phys.J. C75 (2015) 3, 132  (http://arxiv.org/abs/1412.7420)
