LHAPDF 6.5.4 loading /data/theorie/jjohn/miniconda3/envs/nnpdf_dev/share/LHAPDF/FASERv_EPOS+POWHEG_7TeV/FASERv_EPOS+POWHEG_7TeV_0000.dat
FASERv_EPOS+POWHEG_7TeV PDF set, member #0, version 1; LHAPDF ID = 70001000
LHAPDF 6.5.4 loading /data/theorie/jjohn/miniconda3/envs/nnpdf_dev/share/LHAPDF/FASERv_EPOS+POWHEG_7TeV/FASERv_EPOS+POWHEG_7TeV_0000.dat
FASERv_EPOS+POWHEG_7TeV PDF set, member #0, version 1; LHAPDF ID = 70001000
2.197179902853594 9.990871844399987 48.15156160764157
val isze = 0
idinces = [4 1 3 2 5 0]
training loss = 8.998289108276367
training loss = 6.473703384399414
training loss = 3.8745126724243164
training loss = 1.7710256576538086
training loss = 0.6972708702087402
training loss = 0.38190698623657227
training loss = 0.3195354640483856
training loss = 0.30624496936798096
training loss = 0.29994627833366394
training loss = 0.29450738430023193
training loss = 0.28903424739837646
training loss = 0.28335410356521606
training loss = 0.27741700410842896
training loss = 0.271187424659729
training loss = 0.2646314203739166
training loss = 0.2577041685581207
training loss = 0.25034934282302856
training loss = 0.25229978561401367
training loss = 0.23405349254608154
training loss = 0.22782790660858154
rep 1 done out of 1
reduced chi^2 level 2 = 0.2337939739227295
Constrained alpha: 1.5789504051208496
Constrained beta: 10.3850679397583
Constrained gamma: 43.52009963989258
(1, 6)
(1, 0)
Thanks for using LHAPDF 6.5.4. Please make sure to cite the paper:
  Eur.Phys.J. C75 (2015) 3, 132  (http://arxiv.org/abs/1412.7420)
