LHAPDF 6.5.4 loading /data/theorie/jjohn/miniconda3/envs/nnpdf_dev/share/LHAPDF/FASERv_EPOS+POWHEG_7TeV/FASERv_EPOS+POWHEG_7TeV_0000.dat
FASERv_EPOS+POWHEG_7TeV PDF set, member #0, version 1; LHAPDF ID = 70001000
LHAPDF 6.5.4 loading /data/theorie/jjohn/miniconda3/envs/nnpdf_dev/share/LHAPDF/FASERv_EPOS+POWHEG_7TeV/FASERv_EPOS+POWHEG_7TeV_0000.dat
FASERv_EPOS+POWHEG_7TeV PDF set, member #0, version 1; LHAPDF ID = 70001000
0.05183794612797388 16.019205641552134 65.62278347095301
val isze = 0
idinces = [4 1 3 2 5 0]
training loss = 9.268669128417969
training loss = 6.189167022705078
training loss = 5.974302768707275
training loss = 5.7497100830078125
training loss = 5.531131267547607
training loss = 5.329771995544434
training loss = 5.152538299560547
training loss = 5.002516269683838
training loss = 4.879574298858643
training loss = 4.781073570251465
training loss = 4.702505111694336
training loss = 4.638031005859375
training loss = 4.5806169509887695
training loss = 4.521121978759766
training loss = 4.445627689361572
training loss = 4.3269758224487305
training loss = 4.096597194671631
training loss = 3.5235297679901123
training loss = 2.0309395790100098
training loss = 1.5090364217758179
rep 1 done out of 1
reduced chi^2 level 2 = 1.506993055343628
Constrained alpha: 1.6942405700683594
Constrained beta: 14.29126262664795
Constrained gamma: 60.575767517089844
(1, 6)
(1, 0)
Thanks for using LHAPDF 6.5.4. Please make sure to cite the paper:
  Eur.Phys.J. C75 (2015) 3, 132  (http://arxiv.org/abs/1412.7420)
