LHAPDF 6.5.4 loading /data/theorie/jjohn/miniconda3/envs/nnpdf_dev/share/LHAPDF/FASERv_EPOS+POWHEG_7TeV/FASERv_EPOS+POWHEG_7TeV_0000.dat
FASERv_EPOS+POWHEG_7TeV PDF set, member #0, version 1; LHAPDF ID = 70001000
LHAPDF 6.5.4 loading /data/theorie/jjohn/miniconda3/envs/nnpdf_dev/share/LHAPDF/FASERv_EPOS+POWHEG_7TeV/FASERv_EPOS+POWHEG_7TeV_0000.dat
FASERv_EPOS+POWHEG_7TeV PDF set, member #0, version 1; LHAPDF ID = 70001000
0.7226855975021129 14.963297886526778 93.52554316795947
val isze = 0
idinces = [4 1 3 2 5 0]
training loss = 1.6986083984375
training loss = 1.5940072536468506
training loss = 1.582504153251648
training loss = 1.571260690689087
training loss = 1.5611391067504883
training loss = 1.5525591373443604
training loss = 1.5456407070159912
training loss = 1.5402803421020508
training loss = 1.5362628698349
training loss = 1.5333505868911743
training loss = 1.5312763452529907
training loss = 1.529834508895874
training loss = 1.5288171768188477
training loss = 1.5281161069869995
training loss = 1.527618408203125
training loss = 1.5272517204284668
training loss = 1.5269749164581299
training loss = 1.5267457962036133
training loss = 1.5265552997589111
training loss = 1.5263687372207642
rep 1 done out of 1
reduced chi^2 level 2 = 1.5263609886169434
Constrained alpha: 1.4911764860153198
Constrained beta: 14.708623886108398
Constrained gamma: 83.82325744628906
(1, 6)
(1, 0)
Thanks for using LHAPDF 6.5.4. Please make sure to cite the paper:
  Eur.Phys.J. C75 (2015) 3, 132  (http://arxiv.org/abs/1412.7420)
