LHAPDF 6.5.4 loading /data/theorie/jjohn/miniconda3/envs/nnpdf_dev/share/LHAPDF/FASERv_EPOS+POWHEG_7TeV/FASERv_EPOS+POWHEG_7TeV_0000.dat
FASERv_EPOS+POWHEG_7TeV PDF set, member #0, version 1; LHAPDF ID = 70001000
LHAPDF 6.5.4 loading /data/theorie/jjohn/miniconda3/envs/nnpdf_dev/share/LHAPDF/FASERv_EPOS+POWHEG_7TeV/FASERv_EPOS+POWHEG_7TeV_0000.dat
FASERv_EPOS+POWHEG_7TeV PDF set, member #0, version 1; LHAPDF ID = 70001000
2.879090064548701 10.285039094176145 87.04359595625402
val isze = 0
idinces = [4 1 3 2 5 0]
training loss = 147.96644592285156
training loss = 129.70111083984375
training loss = 110.20787048339844
training loss = 90.13217163085938
training loss = 70.7726821899414
training loss = 53.37954330444336
training loss = 40.101192474365234
training loss = 32.05302429199219
training loss = 28.239980697631836
training loss = 26.677339553833008
training loss = 25.933122634887695
training loss = 25.395729064941406
training loss = 24.881624221801758
training loss = 24.346790313720703
training loss = 23.781280517578125
training loss = 23.183561325073242
training loss = 22.555246353149414
training loss = 21.8985595703125
training loss = 21.21152114868164
training loss = 20.483381271362305
(1, 6)
(1, 0)
Thanks for using LHAPDF 6.5.4. Please make sure to cite the paper:
  Eur.Phys.J. C75 (2015) 3, 132  (http://arxiv.org/abs/1412.7420)
