LHAPDF 6.5.4 loading /data/theorie/jjohn/miniconda3/envs/nnpdf_dev/share/LHAPDF/FASERv_EPOS+POWHEG_7TeV/FASERv_EPOS+POWHEG_7TeV_0000.dat
FASERv_EPOS+POWHEG_7TeV PDF set, member #0, version 1; LHAPDF ID = 70001000
LHAPDF 6.5.4 loading /data/theorie/jjohn/miniconda3/envs/nnpdf_dev/share/LHAPDF/FASERv_EPOS+POWHEG_7TeV/FASERv_EPOS+POWHEG_7TeV_0000.dat
FASERv_EPOS+POWHEG_7TeV PDF set, member #0, version 1; LHAPDF ID = 70001000
0.8004040453609873 10.192797690641758 27.419198344479124
val isze = 0
idinces = [4 1 3 2 5 0]
training loss = 8.360437393188477
training loss = 7.188387393951416
training loss = 6.132559776306152
training loss = 5.082549095153809
training loss = 4.110591888427734
training loss = 3.2553019523620605
training loss = 2.5329041481018066
training loss = 1.945218563079834
training loss = 1.4846405982971191
training loss = 1.1371748447418213
training loss = 0.8848990797996521
training loss = 0.7085122466087341
training loss = 0.5895869731903076
training loss = 0.5121273994445801
training loss = 0.46325767040252686
training loss = 0.4332878291606903
training loss = 0.415321409702301
training loss = 0.40469610691070557
training loss = 0.3984149098396301
training loss = 0.3946308493614197
rep 1 done out of 1
reduced chi^2 level 2 = 0.39460182189941406
Constrained alpha: 1.345975399017334
Constrained beta: 15.192861557006836
Constrained gamma: 27.342199325561523
(1, 6)
(1, 0)
Thanks for using LHAPDF 6.5.4. Please make sure to cite the paper:
  Eur.Phys.J. C75 (2015) 3, 132  (http://arxiv.org/abs/1412.7420)
