LHAPDF 6.5.4 loading /data/theorie/jjohn/miniconda3/envs/nnpdf_dev/share/LHAPDF/FASERv_EPOS+POWHEG_7TeV/FASERv_EPOS+POWHEG_7TeV_0000.dat
FASERv_EPOS+POWHEG_7TeV PDF set, member #0, version 1; LHAPDF ID = 70001000
LHAPDF 6.5.4 loading /data/theorie/jjohn/miniconda3/envs/nnpdf_dev/share/LHAPDF/FASERv_EPOS+POWHEG_7TeV/FASERv_EPOS+POWHEG_7TeV_0000.dat
FASERv_EPOS+POWHEG_7TeV PDF set, member #0, version 1; LHAPDF ID = 70001000
2.6072822694716127 3.152841713965715 0.29894230556793966
val isze = 0
idinces = [4 1 3 2 5 0]
training loss = 42.9395637512207
training loss = 32.403804779052734
training loss = 21.899272918701172
training loss = 12.143827438354492
training loss = 4.654008865356445
training loss = 0.9410199522972107
training loss = 0.38180381059646606
training loss = 0.3482849895954132
training loss = 0.3120587170124054
training loss = 0.25938230752944946
training loss = 0.17406581342220306
training loss = 0.0608765184879303
training loss = 0.01481165923178196
training loss = 0.00952565111219883
training loss = 0.009142155759036541
training loss = 0.008090360090136528
training loss = 0.0077001312747597694
training loss = 0.007223771885037422
training loss = 0.006863353308290243
training loss = 0.006392141804099083
rep 1 done out of 1
reduced chi^2 level 2 = 0.006388348061591387
Constrained alpha: 1.71690833568573
Constrained beta: 5.370112895965576
Constrained gamma: 1.5262023210525513
(1, 6)
(1, 0)
Thanks for using LHAPDF 6.5.4. Please make sure to cite the paper:
  Eur.Phys.J. C75 (2015) 3, 132  (http://arxiv.org/abs/1412.7420)
