LHAPDF 6.5.4 loading /data/theorie/jjohn/miniconda3/envs/nnpdf_dev/share/LHAPDF/FASERv_EPOS+POWHEG_7TeV/FASERv_EPOS+POWHEG_7TeV_0000.dat
FASERv_EPOS+POWHEG_7TeV PDF set, member #0, version 1; LHAPDF ID = 70001000
LHAPDF 6.5.4 loading /data/theorie/jjohn/miniconda3/envs/nnpdf_dev/share/LHAPDF/FASERv_EPOS+POWHEG_7TeV/FASERv_EPOS+POWHEG_7TeV_0000.dat
FASERv_EPOS+POWHEG_7TeV PDF set, member #0, version 1; LHAPDF ID = 70001000
0.9037155568996902 13.233907078703508 90.6777344126408
val isze = 0
idinces = [4 1 3 2 5 0]
training loss = 2.5745744705200195
training loss = 2.4228477478027344
training loss = 2.422633171081543
training loss = 2.4224061965942383
training loss = 2.42215633392334
training loss = 2.4219021797180176
training loss = 2.421643018722534
training loss = 2.4213733673095703
training loss = 2.421095609664917
training loss = 2.4208154678344727
training loss = 2.4205331802368164
training loss = 2.420231342315674
training loss = 2.419905424118042
training loss = 2.419551372528076
training loss = 2.4191460609436035
training loss = 2.4186768531799316
training loss = 2.418099880218506
training loss = 2.4173741340637207
training loss = 2.4164066314697266
training loss = 2.4150452613830566
rep 1 done out of 1
reduced chi^2 level 2 = 2.4150288105010986
Constrained alpha: 1.6442773342132568
Constrained beta: 13.476555824279785
Constrained gamma: 76.0527114868164
(1, 6)
(1, 0)
Thanks for using LHAPDF 6.5.4. Please make sure to cite the paper:
  Eur.Phys.J. C75 (2015) 3, 132  (http://arxiv.org/abs/1412.7420)
