LHAPDF 6.5.4 loading /data/theorie/jjohn/miniconda3/envs/nnpdf_dev/share/LHAPDF/FASERv_EPOS+POWHEG_7TeV/FASERv_EPOS+POWHEG_7TeV_0000.dat
FASERv_EPOS+POWHEG_7TeV PDF set, member #0, version 1; LHAPDF ID = 70001000
LHAPDF 6.5.4 loading /data/theorie/jjohn/miniconda3/envs/nnpdf_dev/share/LHAPDF/FASERv_EPOS+POWHEG_7TeV/FASERv_EPOS+POWHEG_7TeV_0000.dat
FASERv_EPOS+POWHEG_7TeV PDF set, member #0, version 1; LHAPDF ID = 70001000
0.2559275726364596 16.000436697123163 27.137034695035446
val isze = 0
idinces = [4 1 3 2 5 0]
training loss = 10.058967590332031
training loss = 8.744985580444336
training loss = 8.197437286376953
training loss = 7.621179580688477
training loss = 7.059898376464844
training loss = 6.545144081115723
training loss = 6.095968246459961
training loss = 5.718149185180664
training loss = 5.403253555297852
training loss = 5.1253557205200195
training loss = 4.82600736618042
training loss = 4.344636917114258
training loss = 3.121316432952881
training loss = 1.7776740789413452
training loss = 1.6920483112335205
training loss = 1.6336413621902466
training loss = 1.5811996459960938
training loss = 1.5185785293579102
training loss = 1.4376208782196045
training loss = 1.3261642456054688
rep 1 done out of 1
reduced chi^2 level 2 = 1.3247580528259277
Constrained alpha: 1.8673118352890015
Constrained beta: 11.053659439086914
Constrained gamma: 27.020915985107422
(1, 6)
(1, 0)
Thanks for using LHAPDF 6.5.4. Please make sure to cite the paper:
  Eur.Phys.J. C75 (2015) 3, 132  (http://arxiv.org/abs/1412.7420)
