LHAPDF 6.5.4 loading /data/theorie/jjohn/miniconda3/envs/nnpdf_dev/share/LHAPDF/FASERv_EPOS+POWHEG_7TeV/FASERv_EPOS+POWHEG_7TeV_0000.dat
FASERv_EPOS+POWHEG_7TeV PDF set, member #0, version 1; LHAPDF ID = 70001000
LHAPDF 6.5.4 loading /data/theorie/jjohn/miniconda3/envs/nnpdf_dev/share/LHAPDF/FASERv_EPOS+POWHEG_7TeV/FASERv_EPOS+POWHEG_7TeV_0000.dat
FASERv_EPOS+POWHEG_7TeV PDF set, member #0, version 1; LHAPDF ID = 70001000
3.154170172129219 15.466578716182555 67.24030340824255
val isze = 0
idinces = [4 1 3 2 5 0]
training loss = 259.07080078125
training loss = 253.46202087402344
training loss = 249.08729553222656
training loss = 244.33135986328125
training loss = 238.642822265625
training loss = 231.53781127929688
training loss = 221.45005798339844
training loss = 206.52687072753906
training loss = 192.09609985351562
training loss = 176.92750549316406
training loss = 153.90203857421875
training loss = 112.20946502685547
training loss = 60.095218658447266
training loss = 35.68053436279297
training loss = 22.57182502746582
training loss = 13.865764617919922
training loss = 9.232420921325684
training loss = 6.927102565765381
training loss = 5.443632125854492
training loss = 3.975031852722168
rep 1 done out of 1
reduced chi^2 level 2 = 3.9601292610168457
Constrained alpha: 2.7942934036254883
Constrained beta: 11.137425422668457
Constrained gamma: 67.31734466552734
(1, 6)
(1, 0)
Thanks for using LHAPDF 6.5.4. Please make sure to cite the paper:
  Eur.Phys.J. C75 (2015) 3, 132  (http://arxiv.org/abs/1412.7420)
