LHAPDF 6.5.4 loading /data/theorie/jjohn/miniconda3/envs/nnpdf_dev/share/LHAPDF/FASERv_EPOS+POWHEG_7TeV/FASERv_EPOS+POWHEG_7TeV_0000.dat
FASERv_EPOS+POWHEG_7TeV PDF set, member #0, version 1; LHAPDF ID = 70001000
LHAPDF 6.5.4 loading /data/theorie/jjohn/miniconda3/envs/nnpdf_dev/share/LHAPDF/FASERv_EPOS+POWHEG_7TeV/FASERv_EPOS+POWHEG_7TeV_0000.dat
FASERv_EPOS+POWHEG_7TeV PDF set, member #0, version 1; LHAPDF ID = 70001000
1.5109613786330156 13.679929012986417 56.2437651048591
val isze = 0
idinces = [4 1 3 2 5 0]
training loss = 2.602015733718872
training loss = 2.494248867034912
training loss = 2.4824647903442383
training loss = 2.472188949584961
training loss = 2.464024305343628
training loss = 2.457911491394043
training loss = 2.4534387588500977
training loss = 2.4500532150268555
training loss = 2.4471747875213623
training loss = 2.444183349609375
training loss = 2.4403467178344727
training loss = 2.4345765113830566
training loss = 2.4248299598693848
training loss = 2.406513214111328
training loss = 2.3664450645446777
training loss = 2.243999719619751
training loss = 1.1881704330444336
training loss = 0.8765313625335693
training loss = 0.766668975353241
training loss = 0.7083518505096436
rep 1 done out of 1
reduced chi^2 level 2 = 0.7538818120956421
Constrained alpha: 1.7138378620147705
Constrained beta: 12.639771461486816
Constrained gamma: 50.729557037353516
(1, 6)
(1, 0)
Thanks for using LHAPDF 6.5.4. Please make sure to cite the paper:
  Eur.Phys.J. C75 (2015) 3, 132  (http://arxiv.org/abs/1412.7420)
