LHAPDF 6.5.4 loading /data/theorie/jjohn/miniconda3/envs/nnpdf_dev/share/LHAPDF/FASERv_EPOS+POWHEG_7TeV/FASERv_EPOS+POWHEG_7TeV_0000.dat
FASERv_EPOS+POWHEG_7TeV PDF set, member #0, version 1; LHAPDF ID = 70001000
LHAPDF 6.5.4 loading /data/theorie/jjohn/miniconda3/envs/nnpdf_dev/share/LHAPDF/FASERv_EPOS+POWHEG_7TeV/FASERv_EPOS+POWHEG_7TeV_0000.dat
FASERv_EPOS+POWHEG_7TeV PDF set, member #0, version 1; LHAPDF ID = 70001000
1.3280084166341721 10.037223337409582 4.345312425734327
val isze = 0
idinces = [4 1 3 2 5 0]
training loss = 6.773674964904785
training loss = 5.653937816619873
training loss = 4.666382312774658
training loss = 3.8650412559509277
training loss = 3.2749452590942383
training loss = 2.8689918518066406
training loss = 2.6086349487304688
training loss = 2.464468240737915
training loss = 2.4019827842712402
training loss = 2.3797311782836914
training loss = 2.371649742126465
training loss = 2.36799693107605
training loss = 2.365917205810547
training loss = 2.364537000656128
training loss = 2.3634915351867676
training loss = 2.362612009048462
training loss = 2.361780881881714
training loss = 2.3609015941619873
training loss = 2.3598310947418213
training loss = 2.3583853244781494
rep 1 done out of 1
reduced chi^2 level 2 = 2.358372211456299
Constrained alpha: 1.6140844821929932
Constrained beta: 11.404813766479492
Constrained gamma: 5.730717182159424
(1, 6)
(1, 0)
Thanks for using LHAPDF 6.5.4. Please make sure to cite the paper:
  Eur.Phys.J. C75 (2015) 3, 132  (http://arxiv.org/abs/1412.7420)
