LHAPDF 6.5.4 loading /data/theorie/jjohn/miniconda3/envs/nnpdf_dev/share/LHAPDF/FASERv_EPOS+POWHEG_7TeV/FASERv_EPOS+POWHEG_7TeV_0000.dat
FASERv_EPOS+POWHEG_7TeV PDF set, member #0, version 1; LHAPDF ID = 70001000
LHAPDF 6.5.4 loading /data/theorie/jjohn/miniconda3/envs/nnpdf_dev/share/LHAPDF/FASERv_EPOS+POWHEG_7TeV/FASERv_EPOS+POWHEG_7TeV_0000.dat
FASERv_EPOS+POWHEG_7TeV PDF set, member #0, version 1; LHAPDF ID = 70001000
2.745888677001162 8.65167080805582 11.675839998490778
val isze = 0
idinces = [4 1 3 2 5 0]
training loss = 23.984981536865234
training loss = 17.006484985351562
training loss = 9.004438400268555
training loss = 2.1206631660461426
training loss = 0.5191564559936523
training loss = 0.33503255248069763
training loss = 0.3024444580078125
training loss = 0.28453510999679565
training loss = 0.25064709782600403
training loss = 0.22271785140037537
training loss = 0.19456449151039124
training loss = 0.1691831648349762
training loss = 0.1458592265844345
training loss = 0.12599557638168335
training loss = 0.1090514287352562
training loss = 0.09635979682207108
training loss = 0.08324410021305084
training loss = 0.07449433952569962
training loss = 0.06583544611930847
training loss = 0.06870870292186737
rep 1 done out of 1
reduced chi^2 level 2 = 0.059960052371025085
Constrained alpha: 1.079511284828186
Constrained beta: 9.694579124450684
Constrained gamma: 12.478048324584961
(1, 6)
(1, 0)
Thanks for using LHAPDF 6.5.4. Please make sure to cite the paper:
  Eur.Phys.J. C75 (2015) 3, 132  (http://arxiv.org/abs/1412.7420)
