LHAPDF 6.5.4 loading /data/theorie/jjohn/miniconda3/envs/nnpdf_dev/share/LHAPDF/FASERv_EPOS+POWHEG_7TeV/FASERv_EPOS+POWHEG_7TeV_0000.dat
FASERv_EPOS+POWHEG_7TeV PDF set, member #0, version 1; LHAPDF ID = 70001000
LHAPDF 6.5.4 loading /data/theorie/jjohn/miniconda3/envs/nnpdf_dev/share/LHAPDF/FASERv_EPOS+POWHEG_7TeV/FASERv_EPOS+POWHEG_7TeV_0000.dat
FASERv_EPOS+POWHEG_7TeV PDF set, member #0, version 1; LHAPDF ID = 70001000
3.7663564729244725 15.367225094532081 8.583818360552343
val isze = 0
idinces = [4 1 3 2 5 0]
training loss = 449.4931945800781
training loss = 434.906005859375
training loss = 428.5113830566406
training loss = 422.1494140625
training loss = 411.30950927734375
training loss = 394.10546875
training loss = 360.12060546875
training loss = 272.81103515625
training loss = 157.59693908691406
training loss = 119.80525970458984
training loss = 91.71763610839844
training loss = 54.322776794433594
training loss = 29.393617630004883
training loss = 21.754220962524414
training loss = 19.96521759033203
training loss = 18.805313110351562
training loss = 17.635164260864258
training loss = 16.312904357910156
training loss = 15.062531471252441
training loss = 13.746471405029297
(1, 6)
(1, 0)
Thanks for using LHAPDF 6.5.4. Please make sure to cite the paper:
  Eur.Phys.J. C75 (2015) 3, 132  (http://arxiv.org/abs/1412.7420)
