LHAPDF 6.5.4 loading /data/theorie/jjohn/miniconda3/envs/nnpdf_dev/share/LHAPDF/FASERv_EPOS+POWHEG_7TeV/FASERv_EPOS+POWHEG_7TeV_0000.dat
FASERv_EPOS+POWHEG_7TeV PDF set, member #0, version 1; LHAPDF ID = 70001000
LHAPDF 6.5.4 loading /data/theorie/jjohn/miniconda3/envs/nnpdf_dev/share/LHAPDF/FASERv_EPOS+POWHEG_7TeV/FASERv_EPOS+POWHEG_7TeV_0000.dat
FASERv_EPOS+POWHEG_7TeV PDF set, member #0, version 1; LHAPDF ID = 70001000
1.254972506409091 9.289614774658997 26.44894266325514
val isze = 0
idinces = [4 1 3 2 5 0]
training loss = 2.035853385925293
training loss = 1.828629970550537
training loss = 1.6644631624221802
training loss = 1.5092676877975464
training loss = 1.3748711347579956
training loss = 1.2659882307052612
training loss = 1.1825311183929443
training loss = 1.1215976476669312
training loss = 1.0789544582366943
training loss = 1.0501229763031006
training loss = 1.0309584140777588
training loss = 1.0179343223571777
training loss = 1.0079717636108398
training loss = 0.9978786706924438
training loss = 0.9844769835472107
training loss = 0.9628109335899353
training loss = 0.9131830930709839
training loss = 0.7567917108535767
training loss = 0.5608307719230652
training loss = 0.5424919724464417
rep 1 done out of 1
reduced chi^2 level 2 = 0.5422754883766174
Constrained alpha: 1.7761571407318115
Constrained beta: 10.345061302185059
Constrained gamma: 26.244487762451172
(1, 6)
(1, 0)
Thanks for using LHAPDF 6.5.4. Please make sure to cite the paper:
  Eur.Phys.J. C75 (2015) 3, 132  (http://arxiv.org/abs/1412.7420)
