LHAPDF 6.5.4 loading /data/theorie/jjohn/miniconda3/envs/nnpdf_dev/share/LHAPDF/FASERv_EPOS+POWHEG_7TeV/FASERv_EPOS+POWHEG_7TeV_0000.dat
FASERv_EPOS+POWHEG_7TeV PDF set, member #0, version 1; LHAPDF ID = 70001000
LHAPDF 6.5.4 loading /data/theorie/jjohn/miniconda3/envs/nnpdf_dev/share/LHAPDF/FASERv_EPOS+POWHEG_7TeV/FASERv_EPOS+POWHEG_7TeV_0000.dat
FASERv_EPOS+POWHEG_7TeV PDF set, member #0, version 1; LHAPDF ID = 70001000
4.951951806168054 15.36269466324351 16.89424103709014
val isze = 0
idinces = [4 1 3 2 5 0]
training loss = 15086.3349609375
training loss = 11972.734375
training loss = 9218.888671875
training loss = 7053.20556640625
training loss = 5429.94091796875
training loss = 4234.58203125
training loss = 3354.0703125
training loss = 2701.1708984375
training loss = 2212.675537109375
training loss = 1842.38916015625
training loss = 1558.5390625
training loss = 1338.5369873046875
training loss = 1166.5809326171875
training loss = 1030.6669921875
training loss = 922.2428588867188
training loss = 835.0808715820312
training loss = 764.529541015625
training loss = 707.0650024414062
training loss = 660.0064086914062
training loss = 621.2823486328125
(1, 6)
(1, 0)
Thanks for using LHAPDF 6.5.4. Please make sure to cite the paper:
  Eur.Phys.J. C75 (2015) 3, 132  (http://arxiv.org/abs/1412.7420)
