LHAPDF 6.5.4 loading /data/theorie/jjohn/miniconda3/envs/nnpdf_dev/share/LHAPDF/FASERv_EPOS+POWHEG_7TeV/FASERv_EPOS+POWHEG_7TeV_0000.dat
FASERv_EPOS+POWHEG_7TeV PDF set, member #0, version 1; LHAPDF ID = 70001000
LHAPDF 6.5.4 loading /data/theorie/jjohn/miniconda3/envs/nnpdf_dev/share/LHAPDF/FASERv_EPOS+POWHEG_7TeV/FASERv_EPOS+POWHEG_7TeV_0000.dat
FASERv_EPOS+POWHEG_7TeV PDF set, member #0, version 1; LHAPDF ID = 70001000
2.2669462605256063 4.836560503688833 0.30061598250837873
val isze = 0
idinces = [4 1 3 2 5 0]
training loss = 27.71845245361328
training loss = 21.49980926513672
training loss = 15.485593795776367
training loss = 10.253190994262695
training loss = 6.1128950119018555
training loss = 3.320859909057617
training loss = 1.8324774503707886
training loss = 1.2027583122253418
training loss = 0.9812130331993103
training loss = 0.9122614860534668
training loss = 0.890994668006897
training loss = 0.8830722570419312
training loss = 0.8788703680038452
training loss = 0.8758635520935059
training loss = 0.8733338713645935
training loss = 0.8710353374481201
training loss = 0.8688663840293884
training loss = 0.8667580485343933
training loss = 0.8646875023841858
training loss = 0.862616240978241
rep 1 done out of 1
reduced chi^2 level 2 = 0.8625930547714233
Constrained alpha: 1.7835228443145752
Constrained beta: 8.141786575317383
Constrained gamma: 1.5277377367019653
(1, 6)
(1, 0)
Thanks for using LHAPDF 6.5.4. Please make sure to cite the paper:
  Eur.Phys.J. C75 (2015) 3, 132  (http://arxiv.org/abs/1412.7420)
