LHAPDF 6.5.4 loading /data/theorie/jjohn/miniconda3/envs/nnpdf_dev/share/LHAPDF/FASERv_EPOS+POWHEG_7TeV/FASERv_EPOS+POWHEG_7TeV_0000.dat
FASERv_EPOS+POWHEG_7TeV PDF set, member #0, version 1; LHAPDF ID = 70001000
LHAPDF 6.5.4 loading /data/theorie/jjohn/miniconda3/envs/nnpdf_dev/share/LHAPDF/FASERv_EPOS+POWHEG_7TeV/FASERv_EPOS+POWHEG_7TeV_0000.dat
FASERv_EPOS+POWHEG_7TeV PDF set, member #0, version 1; LHAPDF ID = 70001000
2.565594503546254 10.783337171044465 41.438468729595165
val isze = 0
idinces = [4 1 3 2 5 0]
training loss = 12.789958953857422
training loss = 8.20301628112793
training loss = 3.569434642791748
training loss = 2.699276924133301
training loss = 2.573228597640991
training loss = 2.5187532901763916
training loss = 2.473029851913452
training loss = 2.4313173294067383
training loss = 2.3895630836486816
training loss = 2.345069408416748
training loss = 2.2968926429748535
training loss = 2.2438318729400635
training loss = 2.1781535148620605
training loss = 2.09975004196167
training loss = 1.9861339330673218
training loss = 1.7923786640167236
training loss = 1.4757990837097168
training loss = 1.1309998035430908
training loss = 0.8361478447914124
training loss = 0.5677629709243774
rep 1 done out of 1
reduced chi^2 level 2 = 0.5686663389205933
Constrained alpha: 1.6599494218826294
Constrained beta: 7.533878803253174
Constrained gamma: 33.955379486083984
(1, 6)
(1, 0)
Thanks for using LHAPDF 6.5.4. Please make sure to cite the paper:
  Eur.Phys.J. C75 (2015) 3, 132  (http://arxiv.org/abs/1412.7420)
