LHAPDF 6.5.4 loading /data/theorie/jjohn/miniconda3/envs/nnpdf_dev/share/LHAPDF/FASERv_EPOS+POWHEG_7TeV/FASERv_EPOS+POWHEG_7TeV_0000.dat
FASERv_EPOS+POWHEG_7TeV PDF set, member #0, version 1; LHAPDF ID = 70001000
LHAPDF 6.5.4 loading /data/theorie/jjohn/miniconda3/envs/nnpdf_dev/share/LHAPDF/FASERv_EPOS+POWHEG_7TeV/FASERv_EPOS+POWHEG_7TeV_0000.dat
FASERv_EPOS+POWHEG_7TeV PDF set, member #0, version 1; LHAPDF ID = 70001000
2.3989991876687218 17.981652287328952 27.483134093158846
val isze = 0
idinces = [4 1 3 2 5 0]
training loss = 8.498661041259766
training loss = 2.591700553894043
training loss = 2.518831491470337
training loss = 2.4624624252319336
training loss = 2.424309492111206
training loss = 2.3994741439819336
training loss = 2.382256507873535
training loss = 2.3689804077148438
training loss = 2.3578648567199707
training loss = 2.348111391067505
training loss = 2.339427947998047
training loss = 2.331099033355713
training loss = 2.3221874237060547
training loss = 2.308840274810791
training loss = 2.2780299186706543
training loss = 2.154528856277466
training loss = 1.648104190826416
training loss = 1.016006350517273
training loss = 0.5407294631004333
training loss = 0.2148180902004242
rep 1 done out of 1
reduced chi^2 level 2 = 0.21444062888622284
Constrained alpha: 1.2362666130065918
Constrained beta: 13.515264511108398
Constrained gamma: 25.80061149597168
(1, 6)
(1, 0)
Thanks for using LHAPDF 6.5.4. Please make sure to cite the paper:
  Eur.Phys.J. C75 (2015) 3, 132  (http://arxiv.org/abs/1412.7420)
