LHAPDF 6.5.4 loading /data/theorie/jjohn/miniconda3/envs/nnpdf_dev/share/LHAPDF/FASERv_EPOS+POWHEG_7TeV/FASERv_EPOS+POWHEG_7TeV_0000.dat
FASERv_EPOS+POWHEG_7TeV PDF set, member #0, version 1; LHAPDF ID = 70001000
LHAPDF 6.5.4 loading /data/theorie/jjohn/miniconda3/envs/nnpdf_dev/share/LHAPDF/FASERv_EPOS+POWHEG_7TeV/FASERv_EPOS+POWHEG_7TeV_0000.dat
FASERv_EPOS+POWHEG_7TeV PDF set, member #0, version 1; LHAPDF ID = 70001000
4.356376745658193 9.324370395778143 88.40839169664615
val isze = 0
idinces = [2 1 4 0 3 5]
training loss = 403.91156005859375
training loss = 344.82763671875
training loss = 290.6924133300781
training loss = 246.73239135742188
training loss = 213.07675170898438
training loss = 187.9270477294922
training loss = 169.33807373046875
training loss = 155.57081604003906
training loss = 145.33663940429688
training loss = 137.67181396484375
training loss = 131.86981201171875
training loss = 127.431884765625
training loss = 124.00289154052734
training loss = 121.31678009033203
training loss = 119.17829895019531
training loss = 117.44729614257812
training loss = 116.01947784423828
training loss = 114.81655883789062
training loss = 113.77924346923828
training loss = 112.86241912841797
(1, 6)
(1, 0)
Thanks for using LHAPDF 6.5.4. Please make sure to cite the paper:
  Eur.Phys.J. C75 (2015) 3, 132  (http://arxiv.org/abs/1412.7420)
