LHAPDF 6.5.4 loading /data/theorie/jjohn/miniconda3/envs/nnpdf_dev/share/LHAPDF/FASERv_EPOS+POWHEG_7TeV/FASERv_EPOS+POWHEG_7TeV_0000.dat
FASERv_EPOS+POWHEG_7TeV PDF set, member #0, version 1; LHAPDF ID = 70001000
LHAPDF 6.5.4 loading /data/theorie/jjohn/miniconda3/envs/nnpdf_dev/share/LHAPDF/FASERv_EPOS+POWHEG_7TeV/FASERv_EPOS+POWHEG_7TeV_0000.dat
FASERv_EPOS+POWHEG_7TeV PDF set, member #0, version 1; LHAPDF ID = 70001000
0.4930581665262257 12.451048172846145 37.01652335059278
val isze = 0
idinces = [2 1 4 0 3 5]
training loss = 7.892452716827393
training loss = 6.767434597015381
training loss = 6.736349105834961
training loss = 6.701839923858643
training loss = 6.665544509887695
training loss = 6.6287641525268555
training loss = 6.592386245727539
training loss = 6.556838035583496
training loss = 6.521790504455566
training loss = 6.484940528869629
training loss = 6.431995391845703
training loss = 6.0967230796813965
training loss = 2.831843376159668
training loss = 2.6022579669952393
training loss = 2.459491491317749
training loss = 2.2796595096588135
training loss = 2.03981351852417
training loss = 1.7601087093353271
training loss = 1.5081095695495605
training loss = 1.3034260272979736
rep 1 done out of 1
reduced chi^2 level 2 = 1.3015758991241455
Constrained alpha: 2.468395233154297
Constrained beta: 11.076298713684082
Constrained gamma: 29.70195770263672
(1, 6)
(1, 0)
Thanks for using LHAPDF 6.5.4. Please make sure to cite the paper:
  Eur.Phys.J. C75 (2015) 3, 132  (http://arxiv.org/abs/1412.7420)
