LHAPDF 6.5.4 loading /data/theorie/jjohn/miniconda3/envs/nnpdf_dev/share/LHAPDF/FASERv_EPOS+POWHEG_7TeV/FASERv_EPOS+POWHEG_7TeV_0000.dat
FASERv_EPOS+POWHEG_7TeV PDF set, member #0, version 1; LHAPDF ID = 70001000
LHAPDF 6.5.4 loading /data/theorie/jjohn/miniconda3/envs/nnpdf_dev/share/LHAPDF/FASERv_EPOS+POWHEG_7TeV/FASERv_EPOS+POWHEG_7TeV_0000.dat
FASERv_EPOS+POWHEG_7TeV PDF set, member #0, version 1; LHAPDF ID = 70001000
0.8414950193605947 10.803921897338286 62.4325600782391
val isze = 0
idinces = [2 1 4 0 3 5]
training loss = 6.855146408081055
training loss = 6.55037260055542
training loss = 6.41103458404541
training loss = 6.255419731140137
training loss = 6.090908527374268
training loss = 5.9228973388671875
training loss = 5.755346775054932
training loss = 5.5909624099731445
training loss = 5.430104732513428
training loss = 5.267033576965332
training loss = 5.107250213623047
training loss = 4.960469722747803
training loss = 4.826155185699463
training loss = 4.697235107421875
training loss = 4.537236213684082
training loss = 3.929908037185669
training loss = 1.913895606994629
training loss = 1.2739990949630737
training loss = 0.5637527704238892
training loss = 0.36151832342147827
rep 1 done out of 1
reduced chi^2 level 2 = 0.3603922426700592
Constrained alpha: 1.4963618516921997
Constrained beta: 13.948999404907227
Constrained gamma: 49.67824935913086
(1, 6)
(1, 0)
Thanks for using LHAPDF 6.5.4. Please make sure to cite the paper:
  Eur.Phys.J. C75 (2015) 3, 132  (http://arxiv.org/abs/1412.7420)
