LHAPDF 6.5.4 loading /data/theorie/jjohn/miniconda3/envs/nnpdf_dev/share/LHAPDF/FASERv_EPOS+POWHEG_7TeV/FASERv_EPOS+POWHEG_7TeV_0000.dat
FASERv_EPOS+POWHEG_7TeV PDF set, member #0, version 1; LHAPDF ID = 70001000
LHAPDF 6.5.4 loading /data/theorie/jjohn/miniconda3/envs/nnpdf_dev/share/LHAPDF/FASERv_EPOS+POWHEG_7TeV/FASERv_EPOS+POWHEG_7TeV_0000.dat
FASERv_EPOS+POWHEG_7TeV PDF set, member #0, version 1; LHAPDF ID = 70001000
4.959351889365779 17.787593516969118 21.414140296330597
val isze = 0
idinces = [2 1 4 0 3 5]
training loss = 51655.56640625
training loss = 19407.55078125
training loss = 8961.439453125
training loss = 4917.021484375
training loss = 3044.8154296875
training loss = 2055.2578125
training loss = 1479.4093017578125
training loss = 1119.3487548828125
training loss = 881.5119018554688
training loss = 717.6847534179688
training loss = 600.72509765625
training loss = 515.0148315429688
training loss = 450.65472412109375
training loss = 401.373046875
training loss = 363.01727294921875
training loss = 332.75885009765625
training loss = 308.6481018066406
training loss = 289.1777648925781
training loss = 273.3142395019531
training loss = 260.28753662109375
(1, 6)
(1, 0)
Thanks for using LHAPDF 6.5.4. Please make sure to cite the paper:
  Eur.Phys.J. C75 (2015) 3, 132  (http://arxiv.org/abs/1412.7420)
