LHAPDF 6.5.4 loading /data/theorie/jjohn/miniconda3/envs/nnpdf_dev/share/LHAPDF/FASERv_EPOS+POWHEG_7TeV/FASERv_EPOS+POWHEG_7TeV_0000.dat
FASERv_EPOS+POWHEG_7TeV PDF set, member #0, version 1; LHAPDF ID = 70001000
LHAPDF 6.5.4 loading /data/theorie/jjohn/miniconda3/envs/nnpdf_dev/share/LHAPDF/FASERv_EPOS+POWHEG_7TeV/FASERv_EPOS+POWHEG_7TeV_0000.dat
FASERv_EPOS+POWHEG_7TeV PDF set, member #0, version 1; LHAPDF ID = 70001000
2.8157971884487654 0.932338077639594 13.160628840723243
val isze = 0
idinces = [2 1 4 0 3 5]
training loss = 5.990738868713379
training loss = 5.5350728034973145
training loss = 4.995970726013184
training loss = 4.439896583557129
training loss = 3.6817383766174316
training loss = 2.5604119300842285
training loss = 1.361928939819336
training loss = 0.4428098499774933
training loss = 0.18705573678016663
training loss = 0.10714974254369736
training loss = 0.06622331589460373
training loss = 0.06713690608739853
training loss = 0.033636607229709625
training loss = 0.02580145187675953
training loss = 0.05695921927690506
training loss = 0.01632857322692871
training loss = 0.014649299904704094
training loss = 0.011215527541935444
training loss = 0.019529469311237335
training loss = 0.008271879516541958
rep 1 done out of 1
reduced chi^2 level 2 = 0.008260396309196949
Constrained alpha: 1.7457342147827148
Constrained beta: 2.9019460678100586
Constrained gamma: 13.009624481201172
(1, 6)
(1, 0)
Thanks for using LHAPDF 6.5.4. Please make sure to cite the paper:
  Eur.Phys.J. C75 (2015) 3, 132  (http://arxiv.org/abs/1412.7420)
