LHAPDF 6.5.4 loading /data/theorie/jjohn/miniconda3/envs/nnpdf_dev/share/LHAPDF/FASERv_EPOS+POWHEG_7TeV/FASERv_EPOS+POWHEG_7TeV_0000.dat
FASERv_EPOS+POWHEG_7TeV PDF set, member #0, version 1; LHAPDF ID = 70001000
LHAPDF 6.5.4 loading /data/theorie/jjohn/miniconda3/envs/nnpdf_dev/share/LHAPDF/FASERv_EPOS+POWHEG_7TeV/FASERv_EPOS+POWHEG_7TeV_0000.dat
FASERv_EPOS+POWHEG_7TeV PDF set, member #0, version 1; LHAPDF ID = 70001000
4.404837903906124 11.621294353070104 19.25664825238239
val isze = 0
idinces = [2 1 4 0 3 5]
training loss = 679.84375
training loss = 305.6954345703125
training loss = 196.43165588378906
training loss = 161.72979736328125
training loss = 149.24783325195312
training loss = 144.29933166503906
training loss = 142.18821716308594
training loss = 141.2215576171875
training loss = 140.73004150390625
training loss = 140.43531799316406
training loss = 140.21701049804688
training loss = 140.0244903564453
training loss = 139.83656311035156
training loss = 139.64508056640625
training loss = 139.4468994140625
training loss = 139.24102783203125
training loss = 139.0269317626953
training loss = 138.80441284179688
training loss = 138.57281494140625
training loss = 138.3316192626953
(1, 6)
(1, 0)
Thanks for using LHAPDF 6.5.4. Please make sure to cite the paper:
  Eur.Phys.J. C75 (2015) 3, 132  (http://arxiv.org/abs/1412.7420)
