LHAPDF 6.5.4 loading /data/theorie/jjohn/miniconda3/envs/nnpdf_dev/share/LHAPDF/FASERv_EPOS+POWHEG_7TeV/FASERv_EPOS+POWHEG_7TeV_0000.dat
FASERv_EPOS+POWHEG_7TeV PDF set, member #0, version 1; LHAPDF ID = 70001000
LHAPDF 6.5.4 loading /data/theorie/jjohn/miniconda3/envs/nnpdf_dev/share/LHAPDF/FASERv_EPOS+POWHEG_7TeV/FASERv_EPOS+POWHEG_7TeV_0000.dat
FASERv_EPOS+POWHEG_7TeV PDF set, member #0, version 1; LHAPDF ID = 70001000
0.9682942216889651 5.015324746041747 44.77685545657578
val isze = 0
idinces = [2 1 4 0 3 5]
training loss = 7.217226505279541
training loss = 6.571682929992676
training loss = 6.090571880340576
training loss = 5.557599067687988
training loss = 4.998934745788574
training loss = 4.432319641113281
training loss = 3.866544723510742
training loss = 3.296699047088623
training loss = 2.696958541870117
training loss = 2.0405845642089844
training loss = 1.3853983879089355
training loss = 0.8524183630943298
training loss = 0.49425286054611206
training loss = 0.2888861894607544
training loss = 0.1856180727481842
training loss = 0.13849028944969177
training loss = 0.11815597862005234
training loss = 0.10947254300117493
training loss = 0.10562656074762344
training loss = 0.10378935933113098
rep 1 done out of 1
reduced chi^2 level 2 = 0.10377699881792068
Constrained alpha: 1.456424593925476
Constrained beta: 11.22451114654541
Constrained gamma: 36.81952667236328
(1, 6)
(1, 0)
Thanks for using LHAPDF 6.5.4. Please make sure to cite the paper:
  Eur.Phys.J. C75 (2015) 3, 132  (http://arxiv.org/abs/1412.7420)
