LHAPDF 6.5.4 loading /data/theorie/jjohn/miniconda3/envs/nnpdf_dev/share/LHAPDF/FASERv_EPOS+POWHEG_7TeV/FASERv_EPOS+POWHEG_7TeV_0000.dat
FASERv_EPOS+POWHEG_7TeV PDF set, member #0, version 1; LHAPDF ID = 70001000
LHAPDF 6.5.4 loading /data/theorie/jjohn/miniconda3/envs/nnpdf_dev/share/LHAPDF/FASERv_EPOS+POWHEG_7TeV/FASERv_EPOS+POWHEG_7TeV_0000.dat
FASERv_EPOS+POWHEG_7TeV PDF set, member #0, version 1; LHAPDF ID = 70001000
0.43791123358197737 16.019081078034418 55.30716856581384
val isze = 0
idinces = [2 1 4 0 3 5]
training loss = 2.636556625366211
training loss = 2.3649144172668457
training loss = 2.061444044113159
training loss = 1.7339982986450195
training loss = 1.4005738496780396
training loss = 1.074354648590088
training loss = 0.764387309551239
training loss = 0.4844356179237366
training loss = 0.2903635501861572
training loss = 0.2291431874036789
training loss = 0.21711167693138123
training loss = 0.2098604440689087
training loss = 0.2019309103488922
training loss = 0.20393747091293335
training loss = 0.17594750225543976
training loss = 0.15124577283859253
training loss = 0.11487112939357758
training loss = 0.07374086230993271
training loss = 0.039303481578826904
training loss = 0.019521549344062805
rep 1 done out of 1
reduced chi^2 level 2 = 0.019384317100048065
Constrained alpha: 1.895132303237915
Constrained beta: 8.530993461608887
Constrained gamma: 32.54817199707031
(1, 6)
(1, 0)
Thanks for using LHAPDF 6.5.4. Please make sure to cite the paper:
  Eur.Phys.J. C75 (2015) 3, 132  (http://arxiv.org/abs/1412.7420)
