LHAPDF 6.5.4 loading /data/theorie/jjohn/miniconda3/envs/nnpdf_dev/share/LHAPDF/FASERv_EPOS+POWHEG_7TeV/FASERv_EPOS+POWHEG_7TeV_0000.dat
FASERv_EPOS+POWHEG_7TeV PDF set, member #0, version 1; LHAPDF ID = 70001000
LHAPDF 6.5.4 loading /data/theorie/jjohn/miniconda3/envs/nnpdf_dev/share/LHAPDF/FASERv_EPOS+POWHEG_7TeV/FASERv_EPOS+POWHEG_7TeV_0000.dat
FASERv_EPOS+POWHEG_7TeV PDF set, member #0, version 1; LHAPDF ID = 70001000
4.896403018289365 13.712081546644264 84.63047104382196
val isze = 0
idinces = [2 1 4 0 3 5]
training loss = 368126.1875
training loss = 149505.3125
training loss = 75838.15625
training loss = 44705.39453125
training loss = 29090.771484375
training loss = 20264.15234375
training loss = 14829.134765625
training loss = 11262.5185546875
training loss = 8805.0244140625
training loss = 7044.5947265625
training loss = 5745.046875
training loss = 4759.328125
training loss = 3995.618408203125
training loss = 3393.12939453125
training loss = 2911.007080078125
training loss = 2519.77734375
training loss = 2198.16064453125
training loss = 1931.045166015625
training loss = 1707.166259765625
training loss = 1517.9901123046875
(1, 6)
(1, 0)
Thanks for using LHAPDF 6.5.4. Please make sure to cite the paper:
  Eur.Phys.J. C75 (2015) 3, 132  (http://arxiv.org/abs/1412.7420)
