LHAPDF 6.5.4 loading /data/theorie/jjohn/miniconda3/envs/nnpdf_dev/share/LHAPDF/FASERv_EPOS+POWHEG_7TeV/FASERv_EPOS+POWHEG_7TeV_0000.dat
FASERv_EPOS+POWHEG_7TeV PDF set, member #0, version 1; LHAPDF ID = 70001000
LHAPDF 6.5.4 loading /data/theorie/jjohn/miniconda3/envs/nnpdf_dev/share/LHAPDF/FASERv_EPOS+POWHEG_7TeV/FASERv_EPOS+POWHEG_7TeV_0000.dat
FASERv_EPOS+POWHEG_7TeV PDF set, member #0, version 1; LHAPDF ID = 70001000
1.2369908156004201 18.851636216064207 65.36941063321258
val isze = 0
idinces = [2 1 4 0 3 5]
training loss = 3.1848061084747314
training loss = 2.646998643875122
training loss = 2.640188217163086
training loss = 2.6323204040527344
training loss = 2.623328447341919
training loss = 2.612525701522827
training loss = 2.597440242767334
training loss = 2.5669775009155273
training loss = 2.4054906368255615
training loss = 0.536177933216095
training loss = 0.3744252026081085
training loss = 0.2955775260925293
training loss = 0.2328428030014038
training loss = 0.18646585941314697
training loss = 0.15408727526664734
training loss = 0.13117387890815735
training loss = 0.1155584305524826
training loss = 0.1036626547574997
training loss = 0.11903062462806702
training loss = 0.0840509906411171
rep 1 done out of 1
reduced chi^2 level 2 = 0.08396773040294647
Constrained alpha: 1.979613184928894
Constrained beta: 14.92016315460205
Constrained gamma: 42.0213508605957
(1, 6)
(1, 0)
Thanks for using LHAPDF 6.5.4. Please make sure to cite the paper:
  Eur.Phys.J. C75 (2015) 3, 132  (http://arxiv.org/abs/1412.7420)
