LHAPDF 6.5.4 loading /data/theorie/jjohn/miniconda3/envs/nnpdf_dev/share/LHAPDF/FASERv_EPOS+POWHEG_7TeV/FASERv_EPOS+POWHEG_7TeV_0000.dat
FASERv_EPOS+POWHEG_7TeV PDF set, member #0, version 1; LHAPDF ID = 70001000
LHAPDF 6.5.4 loading /data/theorie/jjohn/miniconda3/envs/nnpdf_dev/share/LHAPDF/FASERv_EPOS+POWHEG_7TeV/FASERv_EPOS+POWHEG_7TeV_0000.dat
FASERv_EPOS+POWHEG_7TeV PDF set, member #0, version 1; LHAPDF ID = 70001000
2.6821013888919176 8.224960145564715 70.62452999007274
val isze = 0
idinces = [4 5 0 3 1 2]
training loss = 53.17692565917969
training loss = 27.485063552856445
training loss = 25.541349411010742
training loss = 23.521381378173828
training loss = 21.431852340698242
training loss = 19.32405662536621
training loss = 17.2061767578125
training loss = 15.193059921264648
training loss = 13.358644485473633
training loss = 11.586164474487305
training loss = 9.705329895019531
training loss = 8.271312713623047
training loss = 7.608077049255371
training loss = 7.048877716064453
training loss = 6.250162124633789
training loss = 5.12498140335083
training loss = 3.6065502166748047
training loss = 2.2926526069641113
training loss = 1.2577016353607178
training loss = 0.6281623244285583
rep 1 done out of 1
reduced chi^2 level 2 = 0.6236502528190613
Constrained alpha: 1.0893363952636719
Constrained beta: 8.380167961120605
Constrained gamma: 68.81024169921875
(1, 6)
(1, 0)
Thanks for using LHAPDF 6.5.4. Please make sure to cite the paper:
  Eur.Phys.J. C75 (2015) 3, 132  (http://arxiv.org/abs/1412.7420)
