LHAPDF 6.5.4 loading /data/theorie/jjohn/miniconda3/envs/nnpdf_dev/share/LHAPDF/FASERv_EPOS+POWHEG_7TeV/FASERv_EPOS+POWHEG_7TeV_0000.dat
FASERv_EPOS+POWHEG_7TeV PDF set, member #0, version 1; LHAPDF ID = 70001000
LHAPDF 6.5.4 loading /data/theorie/jjohn/miniconda3/envs/nnpdf_dev/share/LHAPDF/FASERv_EPOS+POWHEG_7TeV/FASERv_EPOS+POWHEG_7TeV_0000.dat
FASERv_EPOS+POWHEG_7TeV PDF set, member #0, version 1; LHAPDF ID = 70001000
1.1746187783913236 18.29749873471368 68.03867438617452
val isze = 0
idinces = [3 5 0 2 1 4]
training loss = 9.229976654052734
training loss = 3.3113203048706055
training loss = 3.30940580368042
training loss = 3.307544708251953
training loss = 3.3057408332824707
training loss = 3.304025888442993
training loss = 3.3023903369903564
training loss = 3.300764560699463
training loss = 3.2991113662719727
training loss = 3.2973239421844482
training loss = 3.29532790184021
training loss = 3.293017864227295
training loss = 3.2902421951293945
training loss = 3.2868165969848633
training loss = 3.2824244499206543
training loss = 3.2765450477600098
training loss = 3.268195152282715
training loss = 3.2551441192626953
training loss = 3.231407403945923
training loss = 3.176793098449707
rep 1 done out of 1
reduced chi^2 level 2 = 3.17592191696167
Constrained alpha: 1.4805772304534912
Constrained beta: 15.166193008422852
Constrained gamma: 61.37583541870117
(1, 6)
(1, 0)
Thanks for using LHAPDF 6.5.4. Please make sure to cite the paper:
  Eur.Phys.J. C75 (2015) 3, 132  (http://arxiv.org/abs/1412.7420)
