LHAPDF 6.5.4 loading /data/theorie/jjohn/miniconda3/envs/nnpdf_dev/share/LHAPDF/FASERv_EPOS+POWHEG_7TeV/FASERv_EPOS+POWHEG_7TeV_0000.dat
FASERv_EPOS+POWHEG_7TeV PDF set, member #0, version 1; LHAPDF ID = 70001000
LHAPDF 6.5.4 loading /data/theorie/jjohn/miniconda3/envs/nnpdf_dev/share/LHAPDF/FASERv_EPOS+POWHEG_7TeV/FASERv_EPOS+POWHEG_7TeV_0000.dat
FASERv_EPOS+POWHEG_7TeV PDF set, member #0, version 1; LHAPDF ID = 70001000
3.2728845049124002 18.449648885556595 29.864616878725492
val isze = 0
idinces = [4 5 0 3 1 2]
training loss = 373.0311584472656
training loss = 367.78826904296875
training loss = 360.68804931640625
training loss = 351.60406494140625
training loss = 341.56134033203125
training loss = 332.1664733886719
training loss = 322.5821533203125
training loss = 311.55999755859375
training loss = 298.28131103515625
training loss = 281.5946350097656
training loss = 257.39617919921875
training loss = 181.63491821289062
training loss = 48.98761749267578
training loss = 18.441741943359375
training loss = 11.71074104309082
training loss = 7.385028839111328
training loss = 3.9136645793914795
training loss = 2.003704786300659
training loss = 1.028157114982605
training loss = 0.5346335768699646
rep 1 done out of 1
reduced chi^2 level 2 = 0.5311833620071411
Constrained alpha: 3.019676446914673
Constrained beta: 9.296308517456055
Constrained gamma: 30.55156135559082
(1, 6)
(1, 0)
Thanks for using LHAPDF 6.5.4. Please make sure to cite the paper:
  Eur.Phys.J. C75 (2015) 3, 132  (http://arxiv.org/abs/1412.7420)
