LHAPDF 6.5.4 loading /data/theorie/jjohn/miniconda3/envs/nnpdf_dev/share/LHAPDF/FASERv_EPOS+POWHEG_7TeV/FASERv_EPOS+POWHEG_7TeV_0000.dat
FASERv_EPOS+POWHEG_7TeV PDF set, member #0, version 1; LHAPDF ID = 70001000
LHAPDF 6.5.4 loading /data/theorie/jjohn/miniconda3/envs/nnpdf_dev/share/LHAPDF/FASERv_EPOS+POWHEG_7TeV/FASERv_EPOS+POWHEG_7TeV_0000.dat
FASERv_EPOS+POWHEG_7TeV PDF set, member #0, version 1; LHAPDF ID = 70001000
4.764354212625314 9.331590029559129 57.94031105202182
val isze = 0
idinces = [0 2 5 1 4 3]
training loss = 5885.23681640625
training loss = 5611.38525390625
training loss = 5296.7822265625
training loss = 4955.6875
training loss = 4606.45556640625
training loss = 4261.6181640625
training loss = 3929.498046875
training loss = 3615.2998046875
training loss = 3321.95654296875
training loss = 3050.829833984375
training loss = 2802.03515625
training loss = 2574.937744140625
training loss = 2368.5634765625
training loss = 2181.562744140625
training loss = 2012.4539794921875
training loss = 1859.7596435546875
training loss = 1722.0225830078125
training loss = 1597.83984375
training loss = 1485.9134521484375
training loss = 1385.0166015625
(1, 6)
(1, 0)
Thanks for using LHAPDF 6.5.4. Please make sure to cite the paper:
  Eur.Phys.J. C75 (2015) 3, 132  (http://arxiv.org/abs/1412.7420)
