LHAPDF 6.5.4 loading /data/theorie/jjohn/miniconda3/envs/nnpdf_dev/share/LHAPDF/FASERv_EPOS+POWHEG_7TeV/FASERv_EPOS+POWHEG_7TeV_0000.dat
FASERv_EPOS+POWHEG_7TeV PDF set, member #0, version 1; LHAPDF ID = 70001000
LHAPDF 6.5.4 loading /data/theorie/jjohn/miniconda3/envs/nnpdf_dev/share/LHAPDF/FASERv_EPOS+POWHEG_7TeV/FASERv_EPOS+POWHEG_7TeV_0000.dat
FASERv_EPOS+POWHEG_7TeV PDF set, member #0, version 1; LHAPDF ID = 70001000
1.3523114909533784 16.33464487695862 68.8678957998266
val isze = 0
idinces = [3 5 0 2 1 4]
training loss = 4.598744869232178
training loss = 2.24849534034729
training loss = 2.1757333278656006
training loss = 2.1036243438720703
training loss = 2.037844657897949
training loss = 1.9822545051574707
training loss = 1.9384515285491943
training loss = 1.9051439762115479
training loss = 1.8790761232376099
training loss = 1.8567954301834106
training loss = 1.8356515169143677
training loss = 1.8137365579605103
training loss = 1.7893397808074951
training loss = 1.7600467205047607
training loss = 1.7206534147262573
training loss = 1.6536993980407715
training loss = 1.2328805923461914
training loss = 0.37059029936790466
training loss = 0.05693132430315018
training loss = 0.009321686811745167
rep 1 done out of 1
reduced chi^2 level 2 = 0.009254599921405315
Constrained alpha: 1.458272099494934
Constrained beta: 12.853397369384766
Constrained gamma: 62.46876525878906
(1, 6)
(1, 0)
Thanks for using LHAPDF 6.5.4. Please make sure to cite the paper:
  Eur.Phys.J. C75 (2015) 3, 132  (http://arxiv.org/abs/1412.7420)
