LHAPDF 6.5.4 loading /data/theorie/jjohn/miniconda3/envs/nnpdf_dev/share/LHAPDF/FASERv_EPOS+POWHEG_7TeV/FASERv_EPOS+POWHEG_7TeV_0000.dat
FASERv_EPOS+POWHEG_7TeV PDF set, member #0, version 1; LHAPDF ID = 70001000
LHAPDF 6.5.4 loading /data/theorie/jjohn/miniconda3/envs/nnpdf_dev/share/LHAPDF/FASERv_EPOS+POWHEG_7TeV/FASERv_EPOS+POWHEG_7TeV_0000.dat
FASERv_EPOS+POWHEG_7TeV PDF set, member #0, version 1; LHAPDF ID = 70001000
3.845117193801466 12.799228517978303 35.92668768818664
val isze = 0
idinces = [3 5 0 2 1 4]
training loss = 347.58624267578125
training loss = 345.7181701660156
training loss = 344.43878173828125
training loss = 343.26751708984375
training loss = 342.01031494140625
training loss = 340.6343994140625
training loss = 339.1568298339844
training loss = 337.6043395996094
training loss = 336.00665283203125
training loss = 334.394775390625
training loss = 332.7998046875
training loss = 331.2485656738281
training loss = 329.76031494140625
training loss = 328.344970703125
training loss = 327.0003662109375
training loss = 325.71240234375
training loss = 324.4586181640625
training loss = 323.2100830078125
training loss = 321.93377685546875
training loss = 320.59710693359375
(1, 6)
(1, 0)
Thanks for using LHAPDF 6.5.4. Please make sure to cite the paper:
  Eur.Phys.J. C75 (2015) 3, 132  (http://arxiv.org/abs/1412.7420)
