LHAPDF 6.5.4 loading /data/theorie/jjohn/miniconda3/envs/nnpdf_dev/share/LHAPDF/FASERv_EPOS+POWHEG_7TeV/FASERv_EPOS+POWHEG_7TeV_0000.dat
FASERv_EPOS+POWHEG_7TeV PDF set, member #0, version 1; LHAPDF ID = 70001000
LHAPDF 6.5.4 loading /data/theorie/jjohn/miniconda3/envs/nnpdf_dev/share/LHAPDF/FASERv_EPOS+POWHEG_7TeV/FASERv_EPOS+POWHEG_7TeV_0000.dat
FASERv_EPOS+POWHEG_7TeV PDF set, member #0, version 1; LHAPDF ID = 70001000
0.7938132677730625 0.8235013194475904 85.63042583049076
val isze = 0
idinces = [3 5 0 2 1 4]
training loss = 32.082698822021484
training loss = 28.91942024230957
training loss = 25.865604400634766
training loss = 21.889537811279297
training loss = 2.8065404891967773
training loss = 0.739990770816803
training loss = 0.5378713607788086
training loss = 0.3837878108024597
training loss = 0.26709097623825073
training loss = 0.16379712522029877
training loss = 0.07019544392824173
training loss = 0.015008697286248207
training loss = 0.044950831681489944
training loss = 5.77163154957816e-05
training loss = 1.6568260434723925e-06
rep 1 done out of 1
reduced chi^2 level 2 = 0.0015372633934020996
Constrained alpha: 2.160562753677368
Constrained beta: 3.763929843902588
Constrained gamma: 71.1336898803711
(1, 6)
(1, 0)
Thanks for using LHAPDF 6.5.4. Please make sure to cite the paper:
  Eur.Phys.J. C75 (2015) 3, 132  (http://arxiv.org/abs/1412.7420)
