LHAPDF 6.5.4 loading /data/theorie/jjohn/miniconda3/envs/nnpdf_dev/share/LHAPDF/FASERv_EPOS+POWHEG_7TeV/FASERv_EPOS+POWHEG_7TeV_0000.dat
FASERv_EPOS+POWHEG_7TeV PDF set, member #0, version 1; LHAPDF ID = 70001000
LHAPDF 6.5.4 loading /data/theorie/jjohn/miniconda3/envs/nnpdf_dev/share/LHAPDF/FASERv_EPOS+POWHEG_7TeV/FASERv_EPOS+POWHEG_7TeV_0000.dat
FASERv_EPOS+POWHEG_7TeV PDF set, member #0, version 1; LHAPDF ID = 70001000
4.508690621334256 18.17643541737142 17.054792650782336
val isze = 0
idinces = [3 5 0 2 1 4]
training loss = 2960.08447265625
training loss = 1639.2332763671875
training loss = 1045.2989501953125
training loss = 764.5145263671875
training loss = 619.9893188476562
training loss = 539.8040771484375
training loss = 492.61956787109375
training loss = 463.4816589355469
training loss = 444.802734375
training loss = 432.42010498046875
training loss = 423.9441833496094
training loss = 417.9593811035156
training loss = 413.5884704589844
training loss = 410.27252197265625
training loss = 407.6531066894531
training loss = 405.48516845703125
training loss = 403.60693359375
training loss = 401.91412353515625
training loss = 400.3382568359375
training loss = 398.836181640625
(1, 6)
(1, 0)
Thanks for using LHAPDF 6.5.4. Please make sure to cite the paper:
  Eur.Phys.J. C75 (2015) 3, 132  (http://arxiv.org/abs/1412.7420)
