LHAPDF 6.5.4 loading /data/theorie/jjohn/miniconda3/envs/nnpdf_dev/share/LHAPDF/FASERv_EPOS+POWHEG_7TeV/FASERv_EPOS+POWHEG_7TeV_0000.dat
FASERv_EPOS+POWHEG_7TeV PDF set, member #0, version 1; LHAPDF ID = 70001000
LHAPDF 6.5.4 loading /data/theorie/jjohn/miniconda3/envs/nnpdf_dev/share/LHAPDF/FASERv_EPOS+POWHEG_7TeV/FASERv_EPOS+POWHEG_7TeV_0000.dat
FASERv_EPOS+POWHEG_7TeV PDF set, member #0, version 1; LHAPDF ID = 70001000
1.575624524821682 3.560725394653601 82.9238752203995
val isze = 0
idinces = [3 5 0 2 1 4]
training loss = 9.054163932800293
training loss = 7.498104572296143
training loss = 6.672178745269775
training loss = 5.814987659454346
training loss = 4.982556343078613
training loss = 4.209200859069824
training loss = 3.51214861869812
training loss = 2.8941032886505127
training loss = 2.3439974784851074
training loss = 1.8368291854858398
training loss = 1.3303992748260498
training loss = 0.22924241423606873
training loss = 0.006844417192041874
training loss = 0.004742756485939026
training loss = 0.0036969012580811977
training loss = 0.0030949392821639776
training loss = 0.007373969070613384
training loss = 0.002430008025839925
training loss = 0.002210908569395542
training loss = 0.002059753518551588
rep 1 done out of 1
reduced chi^2 level 2 = 0.002058145124465227
Constrained alpha: 1.950696587562561
Constrained beta: 7.945474147796631
Constrained gamma: 73.18247985839844
(1, 6)
(1, 0)
Thanks for using LHAPDF 6.5.4. Please make sure to cite the paper:
  Eur.Phys.J. C75 (2015) 3, 132  (http://arxiv.org/abs/1412.7420)
