LHAPDF 6.5.4 loading /data/theorie/jjohn/miniconda3/envs/nnpdf_dev/share/LHAPDF/FASERv_EPOS+POWHEG_7TeV/FASERv_EPOS+POWHEG_7TeV_0000.dat
FASERv_EPOS+POWHEG_7TeV PDF set, member #0, version 1; LHAPDF ID = 70001000
LHAPDF 6.5.4 loading /data/theorie/jjohn/miniconda3/envs/nnpdf_dev/share/LHAPDF/FASERv_EPOS+POWHEG_7TeV/FASERv_EPOS+POWHEG_7TeV_0000.dat
FASERv_EPOS+POWHEG_7TeV PDF set, member #0, version 1; LHAPDF ID = 70001000
4.4696669694096105 7.855353099564153 38.56188775648578
val isze = 0
idinces = [3 5 0 2 1 4]
training loss = 463.3829650878906
training loss = 457.74847412109375
training loss = 451.3591613769531
training loss = 444.28216552734375
training loss = 436.8721923828125
training loss = 429.392578125
training loss = 422.0391845703125
training loss = 414.957275390625
training loss = 408.24713134765625
training loss = 401.97784423828125
training loss = 396.1830139160156
training loss = 390.8755187988281
training loss = 386.0633239746094
training loss = 381.72821044921875
training loss = 377.84906005859375
training loss = 374.3985900878906
training loss = 371.34649658203125
training loss = 368.6602783203125
training loss = 366.30645751953125
training loss = 364.25244140625
(1, 6)
(1, 0)
Thanks for using LHAPDF 6.5.4. Please make sure to cite the paper:
  Eur.Phys.J. C75 (2015) 3, 132  (http://arxiv.org/abs/1412.7420)
