LHAPDF 6.5.4 loading /data/theorie/jjohn/miniconda3/envs/nnpdf_dev/share/LHAPDF/FASERv_EPOS+POWHEG_7TeV/FASERv_EPOS+POWHEG_7TeV_0000.dat
FASERv_EPOS+POWHEG_7TeV PDF set, member #0, version 1; LHAPDF ID = 70001000
LHAPDF 6.5.4 loading /data/theorie/jjohn/miniconda3/envs/nnpdf_dev/share/LHAPDF/FASERv_EPOS+POWHEG_7TeV/FASERv_EPOS+POWHEG_7TeV_0000.dat
FASERv_EPOS+POWHEG_7TeV PDF set, member #0, version 1; LHAPDF ID = 70001000
4.926244066036575 14.558642852940626 63.90580217563523
val isze = 0
idinces = [3 5 0 2 1 4]
training loss = 4615943.0
training loss = 1032963.25
training loss = 406929.28125
training loss = 212932.53125
training loss = 129814.5859375
training loss = 86924.9609375
training loss = 62000.79296875
training loss = 46261.18359375
training loss = 35710.35546875
training loss = 28306.76953125
training loss = 22914.9609375
training loss = 18872.41796875
training loss = 15768.1357421875
training loss = 13335.9306640625
training loss = 11397.615234375
training loss = 9830.255859375
training loss = 8546.6123046875
training loss = 7483.7119140625
training loss = 6594.9208984375
training loss = 5845.982421875
(1, 6)
(1, 0)
Thanks for using LHAPDF 6.5.4. Please make sure to cite the paper:
  Eur.Phys.J. C75 (2015) 3, 132  (http://arxiv.org/abs/1412.7420)
