LHAPDF 6.5.4 loading /data/theorie/jjohn/miniconda3/envs/nnpdf_dev/share/LHAPDF/FASERv_EPOS+POWHEG_7TeV/FASERv_EPOS+POWHEG_7TeV_0000.dat
FASERv_EPOS+POWHEG_7TeV PDF set, member #0, version 1; LHAPDF ID = 70001000
LHAPDF 6.5.4 loading /data/theorie/jjohn/miniconda3/envs/nnpdf_dev/share/LHAPDF/FASERv_EPOS+POWHEG_7TeV/FASERv_EPOS+POWHEG_7TeV_0000.dat
FASERv_EPOS+POWHEG_7TeV PDF set, member #0, version 1; LHAPDF ID = 70001000
2.8479072906666083 8.726630695900294 60.15659335228487
val isze = 0
idinces = [3 5 0 2 1 4]
training loss = 117.81565856933594
training loss = 85.06812286376953
training loss = 53.61015701293945
training loss = 34.35883331298828
training loss = 27.6729793548584
training loss = 25.921314239501953
training loss = 24.981719970703125
training loss = 24.04755973815918
training loss = 23.02286720275879
training loss = 21.85930061340332
training loss = 20.44615364074707
training loss = 18.511550903320312
training loss = 15.52902889251709
training loss = 11.147319793701172
training loss = 6.322920799255371
training loss = 2.675189256668091
training loss = 0.8041308522224426
training loss = 0.20163586735725403
training loss = 0.06090063601732254
training loss = 0.023631740361452103
rep 1 done out of 1
reduced chi^2 level 2 = 0.023425854742527008
Constrained alpha: 2.151796579360962
Constrained beta: 9.195733070373535
Constrained gamma: 60.02544021606445
(1, 6)
(1, 0)
Thanks for using LHAPDF 6.5.4. Please make sure to cite the paper:
  Eur.Phys.J. C75 (2015) 3, 132  (http://arxiv.org/abs/1412.7420)
