LHAPDF 6.5.4 loading /data/theorie/jjohn/miniconda3/envs/nnpdf_dev/share/LHAPDF/FASERv_EPOS+POWHEG_7TeV/FASERv_EPOS+POWHEG_7TeV_0000.dat
FASERv_EPOS+POWHEG_7TeV PDF set, member #0, version 1; LHAPDF ID = 70001000
LHAPDF 6.5.4 loading /data/theorie/jjohn/miniconda3/envs/nnpdf_dev/share/LHAPDF/FASERv_EPOS+POWHEG_7TeV/FASERv_EPOS+POWHEG_7TeV_0000.dat
FASERv_EPOS+POWHEG_7TeV PDF set, member #0, version 1; LHAPDF ID = 70001000
2.8876264812219423 19.00383943217528 61.64320539324131
val isze = 0
idinces = [4 5 0 3 1 2]
training loss = 349.01446533203125
training loss = 324.7257080078125
training loss = 289.47991943359375
training loss = 240.61178588867188
training loss = 169.8048095703125
training loss = 75.17906188964844
training loss = 15.825782775878906
training loss = 12.677133560180664
training loss = 12.473108291625977
training loss = 12.302111625671387
training loss = 12.161800384521484
training loss = 12.049388885498047
training loss = 11.9608154296875
training loss = 11.890932083129883
training loss = 11.834747314453125
training loss = 11.788261413574219
training loss = 11.748743057250977
training loss = 11.714360237121582
training loss = 11.68400764465332
training loss = 11.656929016113281
(1, 6)
(1, 0)
Thanks for using LHAPDF 6.5.4. Please make sure to cite the paper:
  Eur.Phys.J. C75 (2015) 3, 132  (http://arxiv.org/abs/1412.7420)
