LHAPDF 6.5.4 loading /data/theorie/jjohn/miniconda3/envs/nnpdf_dev/share/LHAPDF/FASERv_EPOS+POWHEG_7TeV/FASERv_EPOS+POWHEG_7TeV_0000.dat
FASERv_EPOS+POWHEG_7TeV PDF set, member #0, version 1; LHAPDF ID = 70001000
LHAPDF 6.5.4 loading /data/theorie/jjohn/miniconda3/envs/nnpdf_dev/share/LHAPDF/FASERv_EPOS+POWHEG_7TeV/FASERv_EPOS+POWHEG_7TeV_0000.dat
FASERv_EPOS+POWHEG_7TeV PDF set, member #0, version 1; LHAPDF ID = 70001000
2.8514255102872124 18.753844684142006 32.39215665592363
val isze = 0
idinces = [3 5 0 2 1 4]
training loss = 234.74169921875
training loss = 165.9854736328125
training loss = 1.1830624341964722
training loss = 1.0441057682037354
training loss = 0.9868130087852478
training loss = 0.9423643946647644
training loss = 0.9031128883361816
training loss = 0.8649662137031555
training loss = 0.8258768320083618
training loss = 0.7837783098220825
training loss = 0.7371663451194763
training loss = 0.6838522553443909
training loss = 0.6226608753204346
training loss = 0.5524202585220337
training loss = 0.47455716133117676
training loss = 0.41297799348831177
training loss = 0.30661725997924805
training loss = 0.23038926720619202
training loss = 0.1548289656639099
training loss = 0.09835205972194672
rep 1 done out of 1
reduced chi^2 level 2 = 0.09729588031768799
Constrained alpha: 2.3611176013946533
Constrained beta: 15.167412757873535
Constrained gamma: 32.158790588378906
(1, 6)
(1, 0)
Thanks for using LHAPDF 6.5.4. Please make sure to cite the paper:
  Eur.Phys.J. C75 (2015) 3, 132  (http://arxiv.org/abs/1412.7420)
