LHAPDF 6.5.4 loading /data/theorie/jjohn/miniconda3/envs/nnpdf_dev/share/LHAPDF/FASERv_EPOS+POWHEG_7TeV/FASERv_EPOS+POWHEG_7TeV_0000.dat
FASERv_EPOS+POWHEG_7TeV PDF set, member #0, version 1; LHAPDF ID = 70001000
LHAPDF 6.5.4 loading /data/theorie/jjohn/miniconda3/envs/nnpdf_dev/share/LHAPDF/FASERv_EPOS+POWHEG_7TeV/FASERv_EPOS+POWHEG_7TeV_0000.dat
FASERv_EPOS+POWHEG_7TeV PDF set, member #0, version 1; LHAPDF ID = 70001000
4.305546511248784 1.3525549084047062 25.355071345834755
val isze = 0
idinces = [3 5 0 2 1 4]
training loss = 174886.46875
training loss = 12208.3515625
training loss = 3186.907958984375
training loss = 1447.220947265625
training loss = 869.7236938476562
training loss = 623.3834228515625
training loss = 502.24285888671875
training loss = 437.0664367675781
training loss = 399.7998962402344
training loss = 377.5438232421875
training loss = 363.8036804199219
training loss = 355.08880615234375
training loss = 349.4150695800781
training loss = 345.61065673828125
training loss = 342.9710693359375
training loss = 341.0642395019531
training loss = 339.614013671875
training loss = 338.44427490234375
training loss = 337.4473876953125
training loss = 336.5560302734375
(1, 6)
(1, 0)
Thanks for using LHAPDF 6.5.4. Please make sure to cite the paper:
  Eur.Phys.J. C75 (2015) 3, 132  (http://arxiv.org/abs/1412.7420)
