LHAPDF 6.5.4 loading /data/theorie/jjohn/miniconda3/envs/nnpdf_dev/share/LHAPDF/FASERv_EPOS+POWHEG_7TeV/FASERv_EPOS+POWHEG_7TeV_0000.dat
FASERv_EPOS+POWHEG_7TeV PDF set, member #0, version 1; LHAPDF ID = 70001000
LHAPDF 6.5.4 loading /data/theorie/jjohn/miniconda3/envs/nnpdf_dev/share/LHAPDF/FASERv_EPOS+POWHEG_7TeV/FASERv_EPOS+POWHEG_7TeV_0000.dat
FASERv_EPOS+POWHEG_7TeV PDF set, member #0, version 1; LHAPDF ID = 70001000
2.880843731437524 1.452631901246726 63.04884126659128
val isze = 0
idinces = [3 5 0 2 1 4]
training loss = 43.825462341308594
training loss = 41.97206115722656
training loss = 40.770301818847656
training loss = 39.79706573486328
training loss = 38.84740447998047
training loss = 37.847686767578125
training loss = 36.78853225708008
training loss = 35.67933654785156
training loss = 34.533084869384766
training loss = 33.36275100708008
training loss = 32.18079376220703
training loss = 30.998619079589844
training loss = 29.826675415039062
training loss = 28.673904418945312
training loss = 27.54792022705078
training loss = 26.45446014404297
training loss = 25.39739227294922
training loss = 24.378677368164062
training loss = 23.398208618164062
training loss = 22.453861236572266
(1, 6)
(1, 0)
Thanks for using LHAPDF 6.5.4. Please make sure to cite the paper:
  Eur.Phys.J. C75 (2015) 3, 132  (http://arxiv.org/abs/1412.7420)
