LHAPDF 6.5.4 loading /data/theorie/jjohn/miniconda3/envs/nnpdf_dev/share/LHAPDF/FASERv_EPOS+POWHEG_7TeV/FASERv_EPOS+POWHEG_7TeV_0000.dat
FASERv_EPOS+POWHEG_7TeV PDF set, member #0, version 1; LHAPDF ID = 70001000
LHAPDF 6.5.4 loading /data/theorie/jjohn/miniconda3/envs/nnpdf_dev/share/LHAPDF/FASERv_EPOS+POWHEG_7TeV/FASERv_EPOS+POWHEG_7TeV_0000.dat
FASERv_EPOS+POWHEG_7TeV PDF set, member #0, version 1; LHAPDF ID = 70001000
4.261347061880005 12.745951165774569 57.59666083453114
val isze = 0
idinces = [3 5 0 2 1 4]
training loss = 473.5737609863281
training loss = 468.15472412109375
training loss = 462.392822265625
training loss = 456.69512939453125
training loss = 451.4423828125
training loss = 446.8186950683594
training loss = 442.88336181640625
training loss = 439.61431884765625
training loss = 436.9474792480469
training loss = 434.79937744140625
training loss = 433.0823059082031
training loss = 431.71295166015625
training loss = 430.6168518066406
training loss = 429.73065185546875
training loss = 429.0052490234375
training loss = 428.39239501953125
training loss = 427.85894775390625
training loss = 427.37957763671875
training loss = 426.9351806640625
training loss = 426.5121154785156
(1, 6)
(1, 0)
Thanks for using LHAPDF 6.5.4. Please make sure to cite the paper:
  Eur.Phys.J. C75 (2015) 3, 132  (http://arxiv.org/abs/1412.7420)
