LHAPDF 6.5.4 loading /data/theorie/jjohn/miniconda3/envs/nnpdf_dev/share/LHAPDF/FASERv_EPOS+POWHEG_7TeV/FASERv_EPOS+POWHEG_7TeV_0000.dat
FASERv_EPOS+POWHEG_7TeV PDF set, member #0, version 1; LHAPDF ID = 70001000
LHAPDF 6.5.4 loading /data/theorie/jjohn/miniconda3/envs/nnpdf_dev/share/LHAPDF/FASERv_EPOS+POWHEG_7TeV/FASERv_EPOS+POWHEG_7TeV_0000.dat
FASERv_EPOS+POWHEG_7TeV PDF set, member #0, version 1; LHAPDF ID = 70001000
0.8404960738965811 1.7456889759624206 74.20169648057247
val isze = 0
idinces = [4 5 0 3 1 2]
training loss = 9.449790000915527
training loss = 7.832054615020752
training loss = 6.702151298522949
training loss = 5.502943992614746
training loss = 3.3362998962402344
training loss = 0.7816416025161743
training loss = 0.30209478735923767
training loss = 0.10768239945173264
training loss = 0.03595590218901634
training loss = 0.013073479756712914
training loss = 0.006041069980710745
training loss = 0.004142681136727333
training loss = 0.00295669911429286
training loss = 0.002582934685051441
training loss = 0.002517556771636009
training loss = 0.0027439454570412636
training loss = 0.0019117208430543542
training loss = 0.0018347904551774263
training loss = 0.0037981593050062656
training loss = 0.0014089520554989576
rep 1 done out of 1
reduced chi^2 level 2 = 0.0014071865007281303
Constrained alpha: 2.0834338665008545
Constrained beta: 4.128455638885498
Constrained gamma: 60.72880935668945
(1, 6)
(1, 0)
Thanks for using LHAPDF 6.5.4. Please make sure to cite the paper:
  Eur.Phys.J. C75 (2015) 3, 132  (http://arxiv.org/abs/1412.7420)
