LHAPDF 6.5.4 loading /data/theorie/jjohn/miniconda3/envs/nnpdf_dev/share/LHAPDF/FASERv_EPOS+POWHEG_7TeV/FASERv_EPOS+POWHEG_7TeV_0000.dat
FASERv_EPOS+POWHEG_7TeV PDF set, member #0, version 1; LHAPDF ID = 70001000
LHAPDF 6.5.4 loading /data/theorie/jjohn/miniconda3/envs/nnpdf_dev/share/LHAPDF/FASERv_EPOS+POWHEG_7TeV/FASERv_EPOS+POWHEG_7TeV_0000.dat
FASERv_EPOS+POWHEG_7TeV PDF set, member #0, version 1; LHAPDF ID = 70001000
4.480778616193553 12.984298892344054 19.956416192662818
val isze = 0
idinces = [3 5 0 2 1 4]
training loss = 941.5393676757812
training loss = 856.5052490234375
training loss = 772.817626953125
training loss = 699.2787475585938
training loss = 638.6483154296875
training loss = 590.3507690429688
training loss = 552.6072998046875
training loss = 523.4589233398438
training loss = 500.99249267578125
training loss = 483.71392822265625
training loss = 470.46209716796875
training loss = 460.2904052734375
training loss = 452.46734619140625
training loss = 446.45086669921875
training loss = 441.8265380859375
training loss = 438.2778015136719
training loss = 435.5754699707031
training loss = 433.50726318359375
training loss = 431.929443359375
training loss = 430.7303161621094
(1, 6)
(1, 0)
Thanks for using LHAPDF 6.5.4. Please make sure to cite the paper:
  Eur.Phys.J. C75 (2015) 3, 132  (http://arxiv.org/abs/1412.7420)
