LHAPDF 6.5.4 loading /data/theorie/jjohn/miniconda3/envs/nnpdf_dev/share/LHAPDF/FASERv_EPOS+POWHEG_7TeV/FASERv_EPOS+POWHEG_7TeV_0000.dat
FASERv_EPOS+POWHEG_7TeV PDF set, member #0, version 1; LHAPDF ID = 70001000
LHAPDF 6.5.4 loading /data/theorie/jjohn/miniconda3/envs/nnpdf_dev/share/LHAPDF/FASERv_EPOS+POWHEG_7TeV/FASERv_EPOS+POWHEG_7TeV_0000.dat
FASERv_EPOS+POWHEG_7TeV PDF set, member #0, version 1; LHAPDF ID = 70001000
2.308348428965438 17.80772527695332 95.20230291481815
val isze = 0
idinces = [3 5 0 2 1 4]
training loss = 6.194185256958008
training loss = 4.135267734527588
training loss = 1.6699881553649902
training loss = 0.2658063471317291
training loss = 0.13151589035987854
training loss = 0.132218599319458
training loss = 0.1137380301952362
training loss = 0.10601750016212463
training loss = 0.12172877788543701
training loss = 0.09110452234745026
training loss = 0.08238072693347931
training loss = 0.07731160521507263
training loss = 0.06897513568401337
training loss = 0.11896529048681259
training loss = 0.056034013628959656
training loss = 0.04829929769039154
training loss = 0.04440378397703171
training loss = 0.037138596177101135
training loss = 0.21324530243873596
training loss = 0.027926024049520493
rep 1 done out of 1
reduced chi^2 level 2 = 0.02787252701818943
Constrained alpha: 1.8907822370529175
Constrained beta: 15.044878005981445
Constrained gamma: 64.5057144165039
(1, 6)
(1, 0)
Thanks for using LHAPDF 6.5.4. Please make sure to cite the paper:
  Eur.Phys.J. C75 (2015) 3, 132  (http://arxiv.org/abs/1412.7420)
