LHAPDF 6.5.4 loading /data/theorie/jjohn/miniconda3/envs/nnpdf_dev/share/LHAPDF/FASERv_EPOS+POWHEG_7TeV/FASERv_EPOS+POWHEG_7TeV_0000.dat
FASERv_EPOS+POWHEG_7TeV PDF set, member #0, version 1; LHAPDF ID = 70001000
LHAPDF 6.5.4 loading /data/theorie/jjohn/miniconda3/envs/nnpdf_dev/share/LHAPDF/FASERv_EPOS+POWHEG_7TeV/FASERv_EPOS+POWHEG_7TeV_0000.dat
FASERv_EPOS+POWHEG_7TeV PDF set, member #0, version 1; LHAPDF ID = 70001000
4.466364965399238 3.7679259838917645 69.1082732863027
val isze = 0
idinces = [3 5 0 2 1 4]
training loss = 125629.9609375
training loss = 46107.33203125
training loss = 20674.935546875
training loss = 11073.5712890625
training loss = 6735.01220703125
training loss = 4489.8388671875
training loss = 3206.38525390625
training loss = 2417.36865234375
training loss = 1903.7645263671875
training loss = 1554.4046630859375
training loss = 1308.300048828125
training loss = 1129.9234619140625
training loss = 997.5578002929688
training loss = 897.3834228515625
training loss = 820.4359130859375
training loss = 760.395263671875
training loss = 712.9327392578125
training loss = 675.0179443359375
training loss = 644.4530029296875
training loss = 619.6143188476562
(1, 6)
(1, 0)
Thanks for using LHAPDF 6.5.4. Please make sure to cite the paper:
  Eur.Phys.J. C75 (2015) 3, 132  (http://arxiv.org/abs/1412.7420)
