LHAPDF 6.5.4 loading /data/theorie/jjohn/miniconda3/envs/nnpdf_dev/share/LHAPDF/FASERv_EPOS+POWHEG_7TeV/FASERv_EPOS+POWHEG_7TeV_0000.dat
FASERv_EPOS+POWHEG_7TeV PDF set, member #0, version 1; LHAPDF ID = 70001000
LHAPDF 6.5.4 loading /data/theorie/jjohn/miniconda3/envs/nnpdf_dev/share/LHAPDF/FASERv_EPOS+POWHEG_7TeV/FASERv_EPOS+POWHEG_7TeV_0000.dat
FASERv_EPOS+POWHEG_7TeV PDF set, member #0, version 1; LHAPDF ID = 70001000
2.365958569656504 6.415443711348403 79.76845868233873
val isze = 0
idinces = [3 5 0 2 1 4]
training loss = 15.14982795715332
training loss = 10.00855827331543
training loss = 5.143956184387207
training loss = 1.455467700958252
training loss = 0.3660217523574829
training loss = 0.22314517199993134
training loss = 0.10404206812381744
training loss = 0.044690392911434174
training loss = 0.018022289499640465
training loss = 0.00932234339416027
training loss = 0.004028756637126207
training loss = 0.033881381154060364
training loss = 0.0017168184276670218
training loss = 0.001267655985429883
training loss = 0.0016872924752533436
rep 1 done out of 1
reduced chi^2 level 2 = 0.00130521843675524
Constrained alpha: 1.3795808553695679
Constrained beta: 9.993572235107422
Constrained gamma: 65.54371643066406
(1, 6)
(1, 0)
Thanks for using LHAPDF 6.5.4. Please make sure to cite the paper:
  Eur.Phys.J. C75 (2015) 3, 132  (http://arxiv.org/abs/1412.7420)
