LHAPDF 6.5.4 loading /data/theorie/jjohn/miniconda3/envs/nnpdf_dev/share/LHAPDF/FASERv_EPOS+POWHEG_7TeV/FASERv_EPOS+POWHEG_7TeV_0000.dat
FASERv_EPOS+POWHEG_7TeV PDF set, member #0, version 1; LHAPDF ID = 70001000
LHAPDF 6.5.4 loading /data/theorie/jjohn/miniconda3/envs/nnpdf_dev/share/LHAPDF/FASERv_EPOS+POWHEG_7TeV/FASERv_EPOS+POWHEG_7TeV_0000.dat
FASERv_EPOS+POWHEG_7TeV PDF set, member #0, version 1; LHAPDF ID = 70001000
3.536353037349323 10.616454176473749 94.16712960603068
val isze = 0
idinces = [3 5 0 2 1 4]
training loss = 638.2772216796875
training loss = 361.697265625
training loss = 329.29541015625
training loss = 313.3179016113281
training loss = 302.8022766113281
training loss = 293.868896484375
training loss = 284.89349365234375
training loss = 275.1759033203125
training loss = 264.37347412109375
training loss = 252.2754364013672
training loss = 238.70689392089844
training loss = 223.51385498046875
training loss = 206.5780029296875
training loss = 187.8651123046875
training loss = 167.50057983398438
training loss = 145.85867309570312
training loss = 123.62242889404297
training loss = 101.76837158203125
training loss = 81.43641662597656
training loss = 63.69550704956055
(1, 6)
(1, 0)
Thanks for using LHAPDF 6.5.4. Please make sure to cite the paper:
  Eur.Phys.J. C75 (2015) 3, 132  (http://arxiv.org/abs/1412.7420)
