LHAPDF 6.5.4 loading /data/theorie/jjohn/miniconda3/envs/nnpdf_dev/share/LHAPDF/FASERv_EPOS+POWHEG_7TeV/FASERv_EPOS+POWHEG_7TeV_0000.dat
FASERv_EPOS+POWHEG_7TeV PDF set, member #0, version 1; LHAPDF ID = 70001000
LHAPDF 6.5.4 loading /data/theorie/jjohn/miniconda3/envs/nnpdf_dev/share/LHAPDF/FASERv_EPOS+POWHEG_7TeV/FASERv_EPOS+POWHEG_7TeV_0000.dat
FASERv_EPOS+POWHEG_7TeV PDF set, member #0, version 1; LHAPDF ID = 70001000
3.2638659341825456 8.015091319947947 78.00458865433131
val isze = 0
idinces = [4 5 0 3 1 2]
training loss = 255.25819396972656
training loss = 193.69610595703125
training loss = 189.6334991455078
training loss = 186.30865478515625
training loss = 182.7328338623047
training loss = 178.58676147460938
training loss = 173.7088165283203
training loss = 167.84376525878906
training loss = 160.43313598632812
training loss = 150.1477508544922
training loss = 134.01199340820312
training loss = 108.87531280517578
training loss = 79.7099838256836
training loss = 57.56013488769531
training loss = 45.569862365722656
training loss = 39.940757751464844
training loss = 36.9449462890625
training loss = 34.77042770385742
training loss = 32.74892044067383
training loss = 30.66095733642578
(1, 6)
(1, 0)
Thanks for using LHAPDF 6.5.4. Please make sure to cite the paper:
  Eur.Phys.J. C75 (2015) 3, 132  (http://arxiv.org/abs/1412.7420)
