LHAPDF 6.5.4 loading /data/theorie/jjohn/miniconda3/envs/nnpdf_dev/share/LHAPDF/FASERv_EPOS+POWHEG_7TeV/FASERv_EPOS+POWHEG_7TeV_0000.dat
FASERv_EPOS+POWHEG_7TeV PDF set, member #0, version 1; LHAPDF ID = 70001000
LHAPDF 6.5.4 loading /data/theorie/jjohn/miniconda3/envs/nnpdf_dev/share/LHAPDF/FASERv_EPOS+POWHEG_7TeV/FASERv_EPOS+POWHEG_7TeV_0000.dat
FASERv_EPOS+POWHEG_7TeV PDF set, member #0, version 1; LHAPDF ID = 70001000
1.4398029134956087 15.263005149192333 37.7097380495096
val isze = 0
idinces = [2 1 4 0 3 5]
training loss = 13.576534271240234
training loss = 10.322617530822754
training loss = 10.28844928741455
training loss = 10.246143341064453
training loss = 10.17768669128418
training loss = 9.987944602966309
training loss = 8.2066011428833
training loss = 0.047952309250831604
training loss = 0.019473634660243988
training loss = 0.009708628058433533
training loss = 0.00497082807123661
training loss = 0.0026285569183528423
training loss = 0.001459193415939808
training loss = 0.0008718897588551044
training loss = 0.005228182766586542
training loss = 0.0005304349469952285
training loss = 0.09978677332401276
rep 1 done out of 1
reduced chi^2 level 2 = 0.0005360215436667204
Constrained alpha: 1.7293622493743896
Constrained beta: 12.133999824523926
Constrained gamma: 36.93592834472656
(1, 6)
(1, 0)
Thanks for using LHAPDF 6.5.4. Please make sure to cite the paper:
  Eur.Phys.J. C75 (2015) 3, 132  (http://arxiv.org/abs/1412.7420)
