LHAPDF 6.5.4 loading /data/theorie/jjohn/miniconda3/envs/nnpdf_dev/share/LHAPDF/FASERv_EPOS+POWHEG_7TeV/FASERv_EPOS+POWHEG_7TeV_0000.dat
FASERv_EPOS+POWHEG_7TeV PDF set, member #0, version 1; LHAPDF ID = 70001000
LHAPDF 6.5.4 loading /data/theorie/jjohn/miniconda3/envs/nnpdf_dev/share/LHAPDF/FASERv_EPOS+POWHEG_7TeV/FASERv_EPOS+POWHEG_7TeV_0000.dat
FASERv_EPOS+POWHEG_7TeV PDF set, member #0, version 1; LHAPDF ID = 70001000
2.8166478133296122 0.0018651564367533346 31.640475829697944
val isze = 0
idinces = [2 1 4 0 3 5]
training loss = 43.49209976196289
training loss = 38.77442932128906
training loss = 33.78147888183594
training loss = 28.928932189941406
training loss = 24.293270111083984
training loss = 19.971240997314453
training loss = 16.000619888305664
training loss = 10.31789779663086
training loss = 5.111083984375
training loss = 2.6886515617370605
training loss = 1.87358820438385
training loss = 1.050500750541687
training loss = 0.4850504398345947
training loss = 0.2775106430053711
training loss = 0.06838466227054596
training loss = 0.03263841196894646
training loss = 0.009276943281292915
training loss = 0.004004551563411951
training loss = 0.0023486788850277662
training loss = 0.0012935526901856065
rep 1 done out of 1
reduced chi^2 level 2 = 0.0012888307683169842
Constrained alpha: 1.3684333562850952
Constrained beta: 5.923774719238281
Constrained gamma: 31.3939151763916
(1, 6)
(1, 0)
Thanks for using LHAPDF 6.5.4. Please make sure to cite the paper:
  Eur.Phys.J. C75 (2015) 3, 132  (http://arxiv.org/abs/1412.7420)
