LHAPDF 6.5.4 loading /data/theorie/jjohn/miniconda3/envs/nnpdf_dev/share/LHAPDF/FASERv_EPOS+POWHEG_7TeV/FASERv_EPOS+POWHEG_7TeV_0000.dat
FASERv_EPOS+POWHEG_7TeV PDF set, member #0, version 1; LHAPDF ID = 70001000
LHAPDF 6.5.4 loading /data/theorie/jjohn/miniconda3/envs/nnpdf_dev/share/LHAPDF/FASERv_EPOS+POWHEG_7TeV/FASERv_EPOS+POWHEG_7TeV_0000.dat
FASERv_EPOS+POWHEG_7TeV PDF set, member #0, version 1; LHAPDF ID = 70001000
0.14180640257881516 2.545195284473909 87.99933717395689
val isze = 0
idinces = [2 1 4 0 3 5]
training loss = 34.40435028076172
training loss = 28.522125244140625
training loss = 25.146146774291992
training loss = 21.80038070678711
training loss = 18.648414611816406
training loss = 10.725831985473633
training loss = 0.8104168176651001
training loss = 0.5499366521835327
training loss = 0.4902772605419159
training loss = 0.4659997820854187
training loss = 0.44256263971328735
training loss = 0.4190966486930847
training loss = 0.3955709934234619
training loss = 0.3720611333847046
training loss = 0.34886157512664795
training loss = 0.3302111327648163
training loss = 0.3019463121891022
training loss = 0.3572039008140564
training loss = 0.254405677318573
training loss = 0.8969180583953857
rep 1 done out of 1
reduced chi^2 level 2 = 0.5912162661552429
Constrained alpha: 1.7635966539382935
Constrained beta: 6.452503204345703
Constrained gamma: 71.6209945678711
(1, 6)
(1, 0)
Thanks for using LHAPDF 6.5.4. Please make sure to cite the paper:
  Eur.Phys.J. C75 (2015) 3, 132  (http://arxiv.org/abs/1412.7420)
