LHAPDF 6.5.4 loading /data/theorie/jjohn/miniconda3/envs/nnpdf_dev/share/LHAPDF/FASERv_EPOS+POWHEG_7TeV/FASERv_EPOS+POWHEG_7TeV_0000.dat
FASERv_EPOS+POWHEG_7TeV PDF set, member #0, version 1; LHAPDF ID = 70001000
LHAPDF 6.5.4 loading /data/theorie/jjohn/miniconda3/envs/nnpdf_dev/share/LHAPDF/FASERv_EPOS+POWHEG_7TeV/FASERv_EPOS+POWHEG_7TeV_0000.dat
FASERv_EPOS+POWHEG_7TeV PDF set, member #0, version 1; LHAPDF ID = 70001000
4.66630720638011 0.5586456118034522 85.66979662939154
val isze = 0
idinces = [4 1 3 2 5 0]
training loss = 205529.859375
training loss = 162681.21875
training loss = 125094.390625
training loss = 95639.3125
training loss = 73537.8046875
training loss = 57148.93359375
training loss = 44963.96484375
training loss = 35825.8125
training loss = 28889.28125
training loss = 23556.974609375
training loss = 19407.3828125
training loss = 16140.9150390625
training loss = 13538.0888671875
training loss = 11443.8857421875
training loss = 9745.794921875
training loss = 8353.8388671875
training loss = 7203.98876953125
training loss = 6247.34765625
training loss = 5446.22509765625
training loss = 4771.30419921875
(1, 6)
(1, 0)
Thanks for using LHAPDF 6.5.4. Please make sure to cite the paper:
  Eur.Phys.J. C75 (2015) 3, 132  (http://arxiv.org/abs/1412.7420)
