LHAPDF 6.5.4 loading /data/theorie/jjohn/miniconda3/envs/nnpdf_dev/share/LHAPDF/FASERv_EPOS+POWHEG_7TeV/FASERv_EPOS+POWHEG_7TeV_0000.dat
FASERv_EPOS+POWHEG_7TeV PDF set, member #0, version 1; LHAPDF ID = 70001000
LHAPDF 6.5.4 loading /data/theorie/jjohn/miniconda3/envs/nnpdf_dev/share/LHAPDF/FASERv_EPOS+POWHEG_7TeV/FASERv_EPOS+POWHEG_7TeV_0000.dat
FASERv_EPOS+POWHEG_7TeV PDF set, member #0, version 1; LHAPDF ID = 70001000
1.7126802772659733 3.7090773175447134 52.44725577712506
val isze = 0
idinces = [2 1 4 0 3 5]
training loss = 19.857576370239258
training loss = 18.1815242767334
training loss = 16.140832901000977
training loss = 12.661680221557617
training loss = 2.21885085105896
training loss = 0.0993063896894455
training loss = 0.003520588856190443
training loss = 0.003617859212681651
training loss = 0.0003396874526515603
training loss = 0.0009810023475438356
training loss = 0.00027716817567124963
training loss = 0.0002739425399340689
training loss = 0.021941229701042175
rep 1 done out of 1
reduced chi^2 level 2 = 0.0003018890565726906
Constrained alpha: 1.7620866298675537
Constrained beta: 5.858430862426758
Constrained gamma: 50.640872955322266
(1, 6)
(1, 0)
Thanks for using LHAPDF 6.5.4. Please make sure to cite the paper:
  Eur.Phys.J. C75 (2015) 3, 132  (http://arxiv.org/abs/1412.7420)
