LHAPDF 6.5.4 loading /data/theorie/jjohn/miniconda3/envs/nnpdf_dev/share/LHAPDF/FASERv_EPOS+POWHEG_7TeV/FASERv_EPOS+POWHEG_7TeV_0000.dat
FASERv_EPOS+POWHEG_7TeV PDF set, member #0, version 1; LHAPDF ID = 70001000
LHAPDF 6.5.4 loading /data/theorie/jjohn/miniconda3/envs/nnpdf_dev/share/LHAPDF/FASERv_EPOS+POWHEG_7TeV/FASERv_EPOS+POWHEG_7TeV_0000.dat
FASERv_EPOS+POWHEG_7TeV PDF set, member #0, version 1; LHAPDF ID = 70001000
0.6238087209294702 15.18346795085513 72.03633733526553
val isze = 0
idinces = [2 1 4 0 3 5]
training loss = 5.274900436401367
training loss = 4.99327278137207
training loss = 4.938527584075928
training loss = 4.8813371658325195
training loss = 4.825052738189697
training loss = 4.770102500915527
training loss = 4.696200370788574
training loss = 3.8568618297576904
training loss = 0.8458069562911987
training loss = 0.794701337814331
training loss = 0.7262994050979614
training loss = 0.643441379070282
training loss = 0.5495604276657104
training loss = 0.4448864459991455
training loss = 0.33985987305641174
training loss = 0.2511708736419678
training loss = 0.18450962007045746
training loss = 0.13576671481132507
training loss = 0.09960757195949554
training loss = 0.07228760421276093
rep 1 done out of 1
reduced chi^2 level 2 = 0.07205037027597427
Constrained alpha: 1.7237039804458618
Constrained beta: 13.874783515930176
Constrained gamma: 65.6748275756836
(1, 6)
(1, 0)
Thanks for using LHAPDF 6.5.4. Please make sure to cite the paper:
  Eur.Phys.J. C75 (2015) 3, 132  (http://arxiv.org/abs/1412.7420)
