LHAPDF 6.5.4 loading /data/theorie/jjohn/miniconda3/envs/nnpdf_dev/share/LHAPDF/FASERv_EPOS+POWHEG_7TeV/FASERv_EPOS+POWHEG_7TeV_0000.dat
FASERv_EPOS+POWHEG_7TeV PDF set, member #0, version 1; LHAPDF ID = 70001000
LHAPDF 6.5.4 loading /data/theorie/jjohn/miniconda3/envs/nnpdf_dev/share/LHAPDF/FASERv_EPOS+POWHEG_7TeV/FASERv_EPOS+POWHEG_7TeV_0000.dat
FASERv_EPOS+POWHEG_7TeV PDF set, member #0, version 1; LHAPDF ID = 70001000
1.2011221566685375 7.235455640660636 23.336170908985
val isze = 0
idinces = [2 1 4 0 3 5]
training loss = 20.092567443847656
training loss = 18.549762725830078
training loss = 16.91878318786621
training loss = 15.309033393859863
training loss = 13.845300674438477
training loss = 12.595606803894043
training loss = 11.584674835205078
training loss = 10.806093215942383
training loss = 10.233268737792969
training loss = 9.82913589477539
training loss = 9.553836822509766
training loss = 9.370401382446289
training loss = 9.247489929199219
training loss = 9.126664161682129
training loss = 7.452129364013672
training loss = 1.619606614112854
training loss = 1.3292808532714844
training loss = 1.2659893035888672
training loss = 1.2376813888549805
training loss = 1.2217392921447754
rep 1 done out of 1
reduced chi^2 level 2 = 1.2216222286224365
Constrained alpha: 1.5072354078292847
Constrained beta: 11.179252624511719
Constrained gamma: 24.18435287475586
(1, 6)
(1, 0)
Thanks for using LHAPDF 6.5.4. Please make sure to cite the paper:
  Eur.Phys.J. C75 (2015) 3, 132  (http://arxiv.org/abs/1412.7420)
