LHAPDF 6.5.4 loading /data/theorie/jjohn/miniconda3/envs/nnpdf_dev/share/LHAPDF/FASERv_EPOS+POWHEG_7TeV/FASERv_EPOS+POWHEG_7TeV_0000.dat
FASERv_EPOS+POWHEG_7TeV PDF set, member #0, version 1; LHAPDF ID = 70001000
LHAPDF 6.5.4 loading /data/theorie/jjohn/miniconda3/envs/nnpdf_dev/share/LHAPDF/FASERv_EPOS+POWHEG_7TeV/FASERv_EPOS+POWHEG_7TeV_0000.dat
FASERv_EPOS+POWHEG_7TeV PDF set, member #0, version 1; LHAPDF ID = 70001000
4.539076600013957 2.545038420167667 75.07492885908096
val isze = 0
idinces = [2 1 4 0 3 5]
training loss = 328078.3125
training loss = 142001.890625
training loss = 72700.4765625
training loss = 42617.73828125
training loss = 27481.90234375
training loss = 18969.111328125
training loss = 13770.7802734375
training loss = 10391.794921875
training loss = 8084.99853515625
training loss = 6450.265625
training loss = 5253.89892578125
training loss = 4355.3525390625
training loss = 3665.933349609375
training loss = 3127.968017578125
training loss = 2701.380859375
training loss = 2358.137451171875
training loss = 2078.7265625
training loss = 1848.955810546875
training loss = 1658.2996826171875
training loss = 1498.8316650390625
(1, 6)
(1, 0)
Thanks for using LHAPDF 6.5.4. Please make sure to cite the paper:
  Eur.Phys.J. C75 (2015) 3, 132  (http://arxiv.org/abs/1412.7420)
