LHAPDF 6.5.4 loading /data/theorie/jjohn/miniconda3/envs/nnpdf_dev/share/LHAPDF/FASERv_EPOS+POWHEG_7TeV/FASERv_EPOS+POWHEG_7TeV_0000.dat
FASERv_EPOS+POWHEG_7TeV PDF set, member #0, version 1; LHAPDF ID = 70001000
LHAPDF 6.5.4 loading /data/theorie/jjohn/miniconda3/envs/nnpdf_dev/share/LHAPDF/FASERv_EPOS+POWHEG_7TeV/FASERv_EPOS+POWHEG_7TeV_0000.dat
FASERv_EPOS+POWHEG_7TeV PDF set, member #0, version 1; LHAPDF ID = 70001000
2.334748666472483 14.171055050009924 6.146829307993751
val isze = 0
idinces = [2 1 4 0 3 5]
training loss = 12.828359603881836
training loss = 4.795138359069824
training loss = 4.623212814331055
training loss = 4.4843268394470215
training loss = 4.382874488830566
training loss = 4.314253807067871
training loss = 4.270685195922852
training loss = 4.244476795196533
training loss = 4.229365825653076
training loss = 4.22088623046875
training loss = 4.216076850891113
training loss = 4.213174343109131
training loss = 4.21115779876709
training loss = 4.209497928619385
training loss = 4.207919120788574
training loss = 4.206279754638672
training loss = 4.204502105712891
training loss = 4.2025299072265625
training loss = 4.200310707092285
training loss = 4.197797775268555
rep 1 done out of 1
reduced chi^2 level 2 = 4.197777271270752
Constrained alpha: 1.6935935020446777
Constrained beta: 11.814933776855469
Constrained gamma: 7.0350871086120605
(1, 6)
(1, 0)
Thanks for using LHAPDF 6.5.4. Please make sure to cite the paper:
  Eur.Phys.J. C75 (2015) 3, 132  (http://arxiv.org/abs/1412.7420)
