LHAPDF 6.5.4 loading /data/theorie/jjohn/miniconda3/envs/nnpdf_dev/share/LHAPDF/FASERv_EPOS+POWHEG_7TeV/FASERv_EPOS+POWHEG_7TeV_0000.dat
FASERv_EPOS+POWHEG_7TeV PDF set, member #0, version 1; LHAPDF ID = 70001000
LHAPDF 6.5.4 loading /data/theorie/jjohn/miniconda3/envs/nnpdf_dev/share/LHAPDF/FASERv_EPOS+POWHEG_7TeV/FASERv_EPOS+POWHEG_7TeV_0000.dat
FASERv_EPOS+POWHEG_7TeV PDF set, member #0, version 1; LHAPDF ID = 70001000
4.4070616065509896 10.168392795531888 67.51618286868764
val isze = 0
idinces = [2 1 4 0 3 5]
training loss = 63002.41015625
training loss = 23985.78125
training loss = 11383.8095703125
training loss = 6379.0751953125
training loss = 4026.96923828125
training loss = 2778.48681640625
training loss = 2054.275634765625
training loss = 1605.3448486328125
training loss = 1312.41650390625
training loss = 1113.36279296875
training loss = 973.7109375
training loss = 873.05712890625
training loss = 798.8917236328125
training loss = 743.2359619140625
training loss = 700.8726806640625
training loss = 668.1492919921875
training loss = 642.58154296875
training loss = 622.4082641601562
training loss = 606.351806640625
training loss = 593.4705810546875
(1, 6)
(1, 0)
Thanks for using LHAPDF 6.5.4. Please make sure to cite the paper:
  Eur.Phys.J. C75 (2015) 3, 132  (http://arxiv.org/abs/1412.7420)
