LHAPDF 6.5.4 loading /data/theorie/jjohn/miniconda3/envs/nnpdf_dev/share/LHAPDF/FASERv_EPOS+POWHEG_7TeV/FASERv_EPOS+POWHEG_7TeV_0000.dat
FASERv_EPOS+POWHEG_7TeV PDF set, member #0, version 1; LHAPDF ID = 70001000
LHAPDF 6.5.4 loading /data/theorie/jjohn/miniconda3/envs/nnpdf_dev/share/LHAPDF/FASERv_EPOS+POWHEG_7TeV/FASERv_EPOS+POWHEG_7TeV_0000.dat
FASERv_EPOS+POWHEG_7TeV PDF set, member #0, version 1; LHAPDF ID = 70001000
1.9411759380013698 7.277438763029059 14.151013642020882
val isze = 0
idinces = [2 1 4 0 3 5]
training loss = 12.391077995300293
training loss = 10.295573234558105
training loss = 8.175905227661133
training loss = 6.244332313537598
training loss = 4.640038013458252
training loss = 3.604717969894409
training loss = 3.2072925567626953
training loss = 3.105457305908203
training loss = 3.064558506011963
training loss = 3.0197389125823975
training loss = 2.934030532836914
training loss = 2.6523780822753906
training loss = 1.3188443183898926
training loss = 0.8935580253601074
training loss = 0.7003564834594727
training loss = 0.5440834760665894
training loss = 0.4062243103981018
training loss = 0.28744882345199585
training loss = 0.21528872847557068
training loss = 0.11643888801336288
rep 1 done out of 1
reduced chi^2 level 2 = 0.11578381806612015
Constrained alpha: 1.3735318183898926
Constrained beta: 8.029096603393555
Constrained gamma: 15.059033393859863
(1, 6)
(1, 0)
Thanks for using LHAPDF 6.5.4. Please make sure to cite the paper:
  Eur.Phys.J. C75 (2015) 3, 132  (http://arxiv.org/abs/1412.7420)
