LHAPDF 6.5.4 loading /data/theorie/jjohn/miniconda3/envs/nnpdf_dev/share/LHAPDF/FASERv_EPOS+POWHEG_7TeV/FASERv_EPOS+POWHEG_7TeV_0000.dat
FASERv_EPOS+POWHEG_7TeV PDF set, member #0, version 1; LHAPDF ID = 70001000
LHAPDF 6.5.4 loading /data/theorie/jjohn/miniconda3/envs/nnpdf_dev/share/LHAPDF/FASERv_EPOS+POWHEG_7TeV/FASERv_EPOS+POWHEG_7TeV_0000.dat
FASERv_EPOS+POWHEG_7TeV PDF set, member #0, version 1; LHAPDF ID = 70001000
1.0361389033991553 16.57008245698349 52.260837434608284
val isze = 0
idinces = [2 1 4 0 3 5]
training loss = 3.5415267944335938
training loss = 3.058378219604492
training loss = 2.8194398880004883
training loss = 2.5895750522613525
training loss = 2.3878731727600098
training loss = 2.2225558757781982
training loss = 2.0932021141052246
training loss = 1.9932475090026855
training loss = 1.9125396013259888
training loss = 1.838940143585205
training loss = 1.758549690246582
training loss = 1.6538279056549072
training loss = 1.4980632066726685
training loss = 1.2410017251968384
training loss = 0.7978522777557373
training loss = 0.2566677927970886
training loss = 0.06634876132011414
training loss = 0.0265619158744812
training loss = 0.011871501803398132
training loss = 0.006193192210048437
rep 1 done out of 1
reduced chi^2 level 2 = 0.006159111391752958
Constrained alpha: 1.6303497552871704
Constrained beta: 13.646528244018555
Constrained gamma: 49.44701385498047
(1, 6)
(1, 0)
Thanks for using LHAPDF 6.5.4. Please make sure to cite the paper:
  Eur.Phys.J. C75 (2015) 3, 132  (http://arxiv.org/abs/1412.7420)
