LHAPDF 6.5.4 loading /data/theorie/jjohn/miniconda3/envs/nnpdf_dev/share/LHAPDF/FASERv_EPOS+POWHEG_7TeV/FASERv_EPOS+POWHEG_7TeV_0000.dat
FASERv_EPOS+POWHEG_7TeV PDF set, member #0, version 1; LHAPDF ID = 70001000
LHAPDF 6.5.4 loading /data/theorie/jjohn/miniconda3/envs/nnpdf_dev/share/LHAPDF/FASERv_EPOS+POWHEG_7TeV/FASERv_EPOS+POWHEG_7TeV_0000.dat
FASERv_EPOS+POWHEG_7TeV PDF set, member #0, version 1; LHAPDF ID = 70001000
1.3265732072123915 15.164476685121217 32.26088179060459
val isze = 0
idinces = [2 1 4 0 3 5]
training loss = 2.5215437412261963
training loss = 2.0390877723693848
training loss = 2.0079212188720703
training loss = 1.979050636291504
training loss = 1.9547772407531738
training loss = 1.9358563423156738
training loss = 1.9219856262207031
training loss = 1.912278413772583
training loss = 1.9056718349456787
training loss = 1.9011545181274414
training loss = 1.897911548614502
training loss = 1.895363450050354
training loss = 1.8931373357772827
training loss = 1.8909969329833984
training loss = 1.888824701309204
training loss = 1.886541485786438
training loss = 1.8840855360031128
training loss = 1.8814175128936768
training loss = 1.8784652948379517
training loss = 1.8751533031463623
rep 1 done out of 1
reduced chi^2 level 2 = 1.8751168251037598
Constrained alpha: 1.6586551666259766
Constrained beta: 12.318047523498535
Constrained gamma: 31.37906837463379
(1, 6)
(1, 0)
Thanks for using LHAPDF 6.5.4. Please make sure to cite the paper:
  Eur.Phys.J. C75 (2015) 3, 132  (http://arxiv.org/abs/1412.7420)
