LHAPDF 6.5.4 loading /data/theorie/jjohn/miniconda3/envs/nnpdf_dev/share/LHAPDF/FASERv_EPOS+POWHEG_7TeV/FASERv_EPOS+POWHEG_7TeV_0000.dat
FASERv_EPOS+POWHEG_7TeV PDF set, member #0, version 1; LHAPDF ID = 70001000
LHAPDF 6.5.4 loading /data/theorie/jjohn/miniconda3/envs/nnpdf_dev/share/LHAPDF/FASERv_EPOS+POWHEG_7TeV/FASERv_EPOS+POWHEG_7TeV_0000.dat
FASERv_EPOS+POWHEG_7TeV PDF set, member #0, version 1; LHAPDF ID = 70001000
4.924327001099856 7.76335128639551 45.43949326614649
val isze = 0
idinces = [2 1 4 0 3 5]
training loss = 55503.2421875
training loss = 51291.44140625
training loss = 46587.34765625
training loss = 41791.09765625
training loss = 37196.17578125
training loss = 32950.7109375
training loss = 29117.73046875
training loss = 25708.18359375
training loss = 22703.935546875
training loss = 20072.248046875
training loss = 17775.86328125
training loss = 15778.00390625
training loss = 14035.3447265625
training loss = 12514.3310546875
training loss = 11185.0712890625
training loss = 10021.4013671875
training loss = 9000.7314453125
training loss = 8103.5283203125
training loss = 7313.0966796875
training loss = 6615.14794921875
(1, 6)
(1, 0)
Thanks for using LHAPDF 6.5.4. Please make sure to cite the paper:
  Eur.Phys.J. C75 (2015) 3, 132  (http://arxiv.org/abs/1412.7420)
