LHAPDF 6.5.4 loading /data/theorie/jjohn/miniconda3/envs/nnpdf_dev/share/LHAPDF/FASERv_EPOS+POWHEG_7TeV/FASERv_EPOS+POWHEG_7TeV_0000.dat
FASERv_EPOS+POWHEG_7TeV PDF set, member #0, version 1; LHAPDF ID = 70001000
LHAPDF 6.5.4 loading /data/theorie/jjohn/miniconda3/envs/nnpdf_dev/share/LHAPDF/FASERv_EPOS+POWHEG_7TeV/FASERv_EPOS+POWHEG_7TeV_0000.dat
FASERv_EPOS+POWHEG_7TeV PDF set, member #0, version 1; LHAPDF ID = 70001000
3.0350811123071204 14.906150199888106 21.664290092354264
val isze = 0
idinces = [2 1 4 0 3 5]
training loss = 279.5491943359375
training loss = 134.80064392089844
training loss = 15.327615737915039
training loss = 11.912433624267578
training loss = 7.720789909362793
training loss = 2.6171672344207764
training loss = 0.6190878748893738
training loss = 0.25847601890563965
training loss = 0.19257330894470215
training loss = 0.15085646510124207
training loss = 0.1210675984621048
training loss = 0.12296442687511444
training loss = 0.08167190849781036
training loss = 0.06848213821649551
training loss = 0.05738992244005203
training loss = 0.04909805208444595
training loss = 0.1504715532064438
training loss = 0.03614743798971176
training loss = 0.03175658360123634
training loss = 0.10628195106983185
rep 1 done out of 1
reduced chi^2 level 2 = 0.04034499451518059
Constrained alpha: 2.1242306232452393
Constrained beta: 9.353439331054688
Constrained gamma: 22.132736206054688
(1, 6)
(1, 0)
Thanks for using LHAPDF 6.5.4. Please make sure to cite the paper:
  Eur.Phys.J. C75 (2015) 3, 132  (http://arxiv.org/abs/1412.7420)
