LHAPDF 6.5.4 loading /data/theorie/jjohn/miniconda3/envs/nnpdf_dev/share/LHAPDF/FASERv_EPOS+POWHEG_7TeV/FASERv_EPOS+POWHEG_7TeV_0000.dat
FASERv_EPOS+POWHEG_7TeV PDF set, member #0, version 1; LHAPDF ID = 70001000
LHAPDF 6.5.4 loading /data/theorie/jjohn/miniconda3/envs/nnpdf_dev/share/LHAPDF/FASERv_EPOS+POWHEG_7TeV/FASERv_EPOS+POWHEG_7TeV_0000.dat
FASERv_EPOS+POWHEG_7TeV PDF set, member #0, version 1; LHAPDF ID = 70001000
2.7654691109994434 9.040759329294952 11.76966278307786
val isze = 0
idinces = [2 1 4 0 3 5]
training loss = 4.1316118240356445
training loss = 2.823798179626465
training loss = 1.8483736515045166
training loss = 1.2299659252166748
training loss = 0.9104675054550171
training loss = 0.7796463966369629
training loss = 0.7569231986999512
training loss = 0.7259388566017151
training loss = 0.7232422828674316
training loss = 0.7618219256401062
training loss = 0.7213241457939148
training loss = 0.7209025025367737
training loss = 0.8269498944282532
training loss = 0.7196601629257202
training loss = 0.7209650278091431
training loss = 0.7183069586753845
training loss = 0.7174801230430603
training loss = 0.7167361974716187
training loss = 0.7155585885047913
training loss = 0.7142627835273743
rep 1 done out of 1
reduced chi^2 level 2 = 0.7142491340637207
Constrained alpha: 1.7151120901107788
Constrained beta: 9.664379119873047
Constrained gamma: 12.052488327026367
(1, 6)
(1, 0)
Thanks for using LHAPDF 6.5.4. Please make sure to cite the paper:
  Eur.Phys.J. C75 (2015) 3, 132  (http://arxiv.org/abs/1412.7420)
