LHAPDF 6.5.4 loading /data/theorie/jjohn/miniconda3/envs/nnpdf_dev/share/LHAPDF/FASERv_EPOS+POWHEG_7TeV/FASERv_EPOS+POWHEG_7TeV_0000.dat
FASERv_EPOS+POWHEG_7TeV PDF set, member #0, version 1; LHAPDF ID = 70001000
LHAPDF 6.5.4 loading /data/theorie/jjohn/miniconda3/envs/nnpdf_dev/share/LHAPDF/FASERv_EPOS+POWHEG_7TeV/FASERv_EPOS+POWHEG_7TeV_0000.dat
FASERv_EPOS+POWHEG_7TeV PDF set, member #0, version 1; LHAPDF ID = 70001000
2.27402878202639 6.250726395112547 2.9204477678352103
val isze = 0
idinces = [2 1 4 0 3 5]
training loss = 17.97272491455078
training loss = 13.610818862915039
training loss = 9.362846374511719
training loss = 5.6620025634765625
training loss = 2.947892189025879
training loss = 1.4485104084014893
training loss = 0.8474879264831543
training loss = 0.6697482466697693
training loss = 0.6218829154968262
training loss = 0.5998045206069946
training loss = 0.5784378051757812
training loss = 0.5516754388809204
training loss = 0.5157818794250488
training loss = 0.46564626693725586
training loss = 0.3932236135005951
training loss = 0.2878803014755249
training loss = 0.15069693326950073
training loss = 0.03984919935464859
training loss = 0.009292368777096272
training loss = 0.006055739708244801
rep 1 done out of 1
reduced chi^2 level 2 = 0.006048549897968769
Constrained alpha: 1.7645498514175415
Constrained beta: 7.521621227264404
Constrained gamma: 4.278672695159912
(1, 6)
(1, 0)
Thanks for using LHAPDF 6.5.4. Please make sure to cite the paper:
  Eur.Phys.J. C75 (2015) 3, 132  (http://arxiv.org/abs/1412.7420)
