LHAPDF 6.5.4 loading /data/theorie/jjohn/miniconda3/envs/nnpdf_dev/share/LHAPDF/FASERv_EPOS+POWHEG_7TeV/FASERv_EPOS+POWHEG_7TeV_0000.dat
FASERv_EPOS+POWHEG_7TeV PDF set, member #0, version 1; LHAPDF ID = 70001000
LHAPDF 6.5.4 loading /data/theorie/jjohn/miniconda3/envs/nnpdf_dev/share/LHAPDF/FASERv_EPOS+POWHEG_7TeV/FASERv_EPOS+POWHEG_7TeV_0000.dat
FASERv_EPOS+POWHEG_7TeV PDF set, member #0, version 1; LHAPDF ID = 70001000
1.2247099275036648 14.907223722817529 55.227532040111285
val isze = 0
idinces = [2 1 4 0 3 5]
training loss = 2.6078219413757324
training loss = 2.2649033069610596
training loss = 2.2379167079925537
training loss = 2.2126119136810303
training loss = 2.1908442974090576
training loss = 2.1732547283172607
training loss = 2.1597049236297607
training loss = 2.1496121883392334
training loss = 2.1422486305236816
training loss = 2.1368706226348877
training loss = 2.132840633392334
training loss = 2.1296346187591553
training loss = 2.1268649101257324
training loss = 2.1242387294769287
training loss = 2.121530532836914
training loss = 2.1185474395751953
training loss = 2.1151013374328613
training loss = 2.1109864711761475
training loss = 2.1059515476226807
training loss = 2.0996341705322266
rep 1 done out of 1
reduced chi^2 level 2 = 2.09956431388855
Constrained alpha: 1.442118525505066
Constrained beta: 13.635150909423828
Constrained gamma: 51.930179595947266
(1, 6)
(1, 0)
Thanks for using LHAPDF 6.5.4. Please make sure to cite the paper:
  Eur.Phys.J. C75 (2015) 3, 132  (http://arxiv.org/abs/1412.7420)
