LHAPDF 6.5.4 loading /data/theorie/jjohn/miniconda3/envs/nnpdf_dev/share/LHAPDF/FASERv_EPOS+POWHEG_7TeV/FASERv_EPOS+POWHEG_7TeV_0000.dat
FASERv_EPOS+POWHEG_7TeV PDF set, member #0, version 1; LHAPDF ID = 70001000
LHAPDF 6.5.4 loading /data/theorie/jjohn/miniconda3/envs/nnpdf_dev/share/LHAPDF/FASERv_EPOS+POWHEG_7TeV/FASERv_EPOS+POWHEG_7TeV_0000.dat
FASERv_EPOS+POWHEG_7TeV PDF set, member #0, version 1; LHAPDF ID = 70001000
0.2903224294623358 16.503805468916887 16.03438809192467
val isze = 0
idinces = [2 1 4 0 3 5]
training loss = 5.667795658111572
training loss = 5.437565326690674
training loss = 5.426904678344727
training loss = 5.416219711303711
training loss = 5.4063191413879395
training loss = 5.397621154785156
training loss = 5.390264511108398
training loss = 5.38417387008667
training loss = 5.379127025604248
training loss = 5.374848365783691
training loss = 5.371036529541016
training loss = 5.367389678955078
training loss = 5.363656044006348
training loss = 5.359616279602051
training loss = 5.355063438415527
training loss = 5.349785804748535
training loss = 5.343599319458008
training loss = 5.336221694946289
training loss = 5.3273773193359375
training loss = 5.316634178161621
(1, 6)
(1, 0)
Thanks for using LHAPDF 6.5.4. Please make sure to cite the paper:
  Eur.Phys.J. C75 (2015) 3, 132  (http://arxiv.org/abs/1412.7420)
