LHAPDF 6.5.4 loading /data/theorie/jjohn/miniconda3/envs/nnpdf_dev/share/LHAPDF/FASERv_EPOS+POWHEG_7TeV/FASERv_EPOS+POWHEG_7TeV_0000.dat
FASERv_EPOS+POWHEG_7TeV PDF set, member #0, version 1; LHAPDF ID = 70001000
LHAPDF 6.5.4 loading /data/theorie/jjohn/miniconda3/envs/nnpdf_dev/share/LHAPDF/FASERv_EPOS+POWHEG_7TeV/FASERv_EPOS+POWHEG_7TeV_0000.dat
FASERv_EPOS+POWHEG_7TeV PDF set, member #0, version 1; LHAPDF ID = 70001000
2.6045483565212053 6.742893547857185 36.765429921533595
val isze = 0
idinces = [2 1 4 0 3 5]
training loss = 9.312082290649414
training loss = 4.12778902053833
training loss = 2.1892359256744385
training loss = 1.4213770627975464
training loss = 0.45863619446754456
training loss = 0.348960280418396
training loss = 0.23338335752487183
training loss = 0.13430975377559662
training loss = 0.06560177356004715
training loss = 0.02701227180659771
training loss = 0.012302522547543049
training loss = 0.0038219140842556953
training loss = 0.0018573577981442213
training loss = 0.0201759934425354
training loss = 0.0007714968523941934
training loss = 0.0018830335466191173
training loss = 0.0005656013381667435
training loss = 0.006973390467464924
training loss = 0.0004722674493677914
training loss = 0.0005148681811988354
rep 1 done out of 1
reduced chi^2 level 2 = 0.0031916422303766012
Constrained alpha: 1.5724177360534668
Constrained beta: 6.866397380828857
Constrained gamma: 31.07068634033203
(1, 6)
(1, 0)
Thanks for using LHAPDF 6.5.4. Please make sure to cite the paper:
  Eur.Phys.J. C75 (2015) 3, 132  (http://arxiv.org/abs/1412.7420)
