LHAPDF 6.5.4 loading /data/theorie/jjohn/miniconda3/envs/nnpdf_dev/share/LHAPDF/FASERv_EPOS+POWHEG_7TeV/FASERv_EPOS+POWHEG_7TeV_0000.dat
FASERv_EPOS+POWHEG_7TeV PDF set, member #0, version 1; LHAPDF ID = 70001000
LHAPDF 6.5.4 loading /data/theorie/jjohn/miniconda3/envs/nnpdf_dev/share/LHAPDF/FASERv_EPOS+POWHEG_7TeV/FASERv_EPOS+POWHEG_7TeV_0000.dat
FASERv_EPOS+POWHEG_7TeV PDF set, member #0, version 1; LHAPDF ID = 70001000
2.5072702214273415 8.565653360506872 62.8371947347933
val isze = 0
idinces = [2 1 4 0 3 5]
training loss = 1.0836005210876465
training loss = 0.40738773345947266
training loss = 0.24337688088417053
training loss = 0.10911676287651062
training loss = 0.023836543783545494
training loss = 0.08810222148895264
training loss = 0.0026627841871231794
training loss = 0.08522017300128937
rep 1 done out of 1
reduced chi^2 level 2 = 0.001416137209162116
Constrained alpha: 1.7662423849105835
Constrained beta: 8.763487815856934
Constrained gamma: 53.049842834472656
(1, 6)
(1, 0)
Thanks for using LHAPDF 6.5.4. Please make sure to cite the paper:
  Eur.Phys.J. C75 (2015) 3, 132  (http://arxiv.org/abs/1412.7420)
