LHAPDF 6.5.4 loading /data/theorie/jjohn/miniconda3/envs/nnpdf_dev/share/LHAPDF/FASERv_EPOS+POWHEG_7TeV/FASERv_EPOS+POWHEG_7TeV_0000.dat
FASERv_EPOS+POWHEG_7TeV PDF set, member #0, version 1; LHAPDF ID = 70001000
LHAPDF 6.5.4 loading /data/theorie/jjohn/miniconda3/envs/nnpdf_dev/share/LHAPDF/FASERv_EPOS+POWHEG_7TeV/FASERv_EPOS+POWHEG_7TeV_0000.dat
FASERv_EPOS+POWHEG_7TeV PDF set, member #0, version 1; LHAPDF ID = 70001000
0.6356431866689816 14.957029333647618 48.89559359721548
val isze = 0
idinces = [2 1 4 0 3 5]
training loss = 8.67143726348877
training loss = 8.475172996520996
training loss = 8.256381034851074
training loss = 8.036700248718262
training loss = 7.830535411834717
training loss = 7.642303943634033
training loss = 7.466193675994873
training loss = 7.2809062004089355
training loss = 6.963169097900391
training loss = 1.7839391231536865
training loss = 0.04084799438714981
training loss = 0.03765350207686424
training loss = 0.034821800887584686
training loss = 0.032107871025800705
training loss = 0.0294235497713089
training loss = 0.02673068828880787
training loss = 0.024027109146118164
training loss = 0.02133871242403984
training loss = 0.018707172945141792
training loss = 0.016179431229829788
rep 1 done out of 1
reduced chi^2 level 2 = 0.016155077144503593
Constrained alpha: 1.6825251579284668
Constrained beta: 12.652750015258789
Constrained gamma: 46.241207122802734
(1, 6)
(1, 0)
Thanks for using LHAPDF 6.5.4. Please make sure to cite the paper:
  Eur.Phys.J. C75 (2015) 3, 132  (http://arxiv.org/abs/1412.7420)
