LHAPDF 6.5.4 loading /data/theorie/jjohn/miniconda3/envs/nnpdf_dev/share/LHAPDF/FASERv_EPOS+POWHEG_7TeV/FASERv_EPOS+POWHEG_7TeV_0000.dat
FASERv_EPOS+POWHEG_7TeV PDF set, member #0, version 1; LHAPDF ID = 70001000
LHAPDF 6.5.4 loading /data/theorie/jjohn/miniconda3/envs/nnpdf_dev/share/LHAPDF/FASERv_EPOS+POWHEG_7TeV/FASERv_EPOS+POWHEG_7TeV_0000.dat
FASERv_EPOS+POWHEG_7TeV PDF set, member #0, version 1; LHAPDF ID = 70001000
0.11537545810688832 16.80124540221007 34.05530407822249
val isze = 0
idinces = [2 1 4 0 3 5]
training loss = 2.0041027069091797
training loss = 1.478451132774353
training loss = 1.459940791130066
training loss = 1.4412310123443604
training loss = 1.4237788915634155
training loss = 1.4084763526916504
training loss = 1.395760416984558
training loss = 1.3856889009475708
training loss = 1.3780697584152222
training loss = 1.3725520372390747
training loss = 1.3687084913253784
training loss = 1.3661201000213623
training loss = 1.364411473274231
training loss = 1.3632819652557373
training loss = 1.3624993562698364
training loss = 1.3619091510772705
training loss = 1.3614100217819214
training loss = 1.3609395027160645
training loss = 1.3604570627212524
training loss = 1.359948992729187
rep 1 done out of 1
reduced chi^2 level 2 = 1.3599478006362915
Constrained alpha: 1.4818147420883179
Constrained beta: 15.337846755981445
Constrained gamma: 33.03487014770508
(1, 6)
(1, 0)
Thanks for using LHAPDF 6.5.4. Please make sure to cite the paper:
  Eur.Phys.J. C75 (2015) 3, 132  (http://arxiv.org/abs/1412.7420)
