LHAPDF 6.5.4 loading /data/theorie/jjohn/miniconda3/envs/nnpdf_dev/share/LHAPDF/FASERv_EPOS+POWHEG_7TeV/FASERv_EPOS+POWHEG_7TeV_0000.dat
FASERv_EPOS+POWHEG_7TeV PDF set, member #0, version 1; LHAPDF ID = 70001000
LHAPDF 6.5.4 loading /data/theorie/jjohn/miniconda3/envs/nnpdf_dev/share/LHAPDF/FASERv_EPOS+POWHEG_7TeV/FASERv_EPOS+POWHEG_7TeV_0000.dat
FASERv_EPOS+POWHEG_7TeV PDF set, member #0, version 1; LHAPDF ID = 70001000
0.16271394940586215 16.564301655416187 66.39718229453251
val isze = 0
idinces = [2 1 4 0 3 5]
training loss = 4.011470794677734
training loss = 3.3502707481384277
training loss = 3.0478739738464355
training loss = 2.739175319671631
training loss = 2.448246479034424
training loss = 2.1902499198913574
training loss = 1.9726322889328003
training loss = 1.7963415384292603
training loss = 1.6572117805480957
training loss = 1.5474127531051636
training loss = 1.4566915035247803
training loss = 1.3730088472366333
training loss = 1.2821787595748901
training loss = 1.166133165359497
training loss = 0.9999421834945679
training loss = 0.7528010010719299
training loss = 0.42706412076950073
training loss = 0.16973626613616943
training loss = 0.08111323416233063
training loss = 0.050290726125240326
rep 1 done out of 1
reduced chi^2 level 2 = 0.05008702725172043
Constrained alpha: 1.6417680978775024
Constrained beta: 13.648015975952148
Constrained gamma: 61.344268798828125
(1, 6)
(1, 0)
Thanks for using LHAPDF 6.5.4. Please make sure to cite the paper:
  Eur.Phys.J. C75 (2015) 3, 132  (http://arxiv.org/abs/1412.7420)
