LHAPDF 6.5.4 loading /data/theorie/jjohn/miniconda3/envs/nnpdf_dev/share/LHAPDF/FASERv_EPOS+POWHEG_7TeV/FASERv_EPOS+POWHEG_7TeV_0000.dat
FASERv_EPOS+POWHEG_7TeV PDF set, member #0, version 1; LHAPDF ID = 70001000
LHAPDF 6.5.4 loading /data/theorie/jjohn/miniconda3/envs/nnpdf_dev/share/LHAPDF/FASERv_EPOS+POWHEG_7TeV/FASERv_EPOS+POWHEG_7TeV_0000.dat
FASERv_EPOS+POWHEG_7TeV PDF set, member #0, version 1; LHAPDF ID = 70001000
3.501250622079881 17.72002741474643 9.320037013760697
val isze = 0
idinces = [2 1 4 0 3 5]
training loss = 432.3843994140625
training loss = 423.2371520996094
training loss = 410.9058837890625
training loss = 394.7441711425781
training loss = 374.078857421875
training loss = 346.5440673828125
training loss = 298.3946533203125
training loss = 7.4660444259643555
training loss = 5.251461982727051
training loss = 4.687469005584717
training loss = 4.322422027587891
training loss = 4.040171146392822
training loss = 3.783015727996826
training loss = 3.565009117126465
training loss = 3.3157925605773926
training loss = 3.0923104286193848
training loss = 2.881957530975342
training loss = 2.728762626647949
training loss = 2.535553216934204
training loss = 2.3304829597473145
rep 1 done out of 1
reduced chi^2 level 2 = 2.3287601470947266
Constrained alpha: 2.6589083671569824
Constrained beta: 9.551996231079102
Constrained gamma: 9.372889518737793
(1, 6)
(1, 0)
Thanks for using LHAPDF 6.5.4. Please make sure to cite the paper:
  Eur.Phys.J. C75 (2015) 3, 132  (http://arxiv.org/abs/1412.7420)
