LHAPDF 6.5.4 loading /data/theorie/jjohn/miniconda3/envs/nnpdf_dev/share/LHAPDF/FASERv_EPOS+POWHEG_7TeV/FASERv_EPOS+POWHEG_7TeV_0000.dat
FASERv_EPOS+POWHEG_7TeV PDF set, member #0, version 1; LHAPDF ID = 70001000
LHAPDF 6.5.4 loading /data/theorie/jjohn/miniconda3/envs/nnpdf_dev/share/LHAPDF/FASERv_EPOS+POWHEG_7TeV/FASERv_EPOS+POWHEG_7TeV_0000.dat
FASERv_EPOS+POWHEG_7TeV PDF set, member #0, version 1; LHAPDF ID = 70001000
0.8192372975106005 3.696465466702361 29.927020754016752
val isze = 0
idinces = [2 1 4 0 3 5]
training loss = 20.389347076416016
training loss = 18.577938079833984
training loss = 17.141433715820312
training loss = 15.596193313598633
training loss = 13.790534973144531
training loss = 9.955788612365723
training loss = 4.289628982543945
training loss = 3.5473556518554688
training loss = 3.375964641571045
training loss = 3.1678695678710938
training loss = 2.8874616622924805
training loss = 2.4303526878356934
training loss = 1.3986657857894897
training loss = 0.5592344999313354
training loss = 0.16671045124530792
training loss = 0.04059275612235069
training loss = 0.010153373703360558
training loss = 0.0030977269634604454
training loss = 0.0016531248111277819
training loss = 0.0008246594225056469
rep 1 done out of 1
reduced chi^2 level 2 = 0.0008218442089855671
Constrained alpha: 1.434397578239441
Constrained beta: 6.074493408203125
Constrained gamma: 29.283599853515625
(1, 6)
(1, 0)
Thanks for using LHAPDF 6.5.4. Please make sure to cite the paper:
  Eur.Phys.J. C75 (2015) 3, 132  (http://arxiv.org/abs/1412.7420)
