LHAPDF 6.5.4 loading /data/theorie/jjohn/miniconda3/envs/nnpdf_dev/share/LHAPDF/FASERv_EPOS+POWHEG_7TeV/FASERv_EPOS+POWHEG_7TeV_0000.dat
FASERv_EPOS+POWHEG_7TeV PDF set, member #0, version 1; LHAPDF ID = 70001000
LHAPDF 6.5.4 loading /data/theorie/jjohn/miniconda3/envs/nnpdf_dev/share/LHAPDF/FASERv_EPOS+POWHEG_7TeV/FASERv_EPOS+POWHEG_7TeV_0000.dat
FASERv_EPOS+POWHEG_7TeV PDF set, member #0, version 1; LHAPDF ID = 70001000
2.531613787236515 6.612000092244166 49.22388409095079
val isze = 0
idinces = [2 1 4 0 3 5]
training loss = 4.733657360076904
training loss = 3.3268489837646484
training loss = 1.8579462766647339
training loss = 0.7501705884933472
training loss = 0.5862516164779663
training loss = 0.5601569414138794
training loss = 0.5301651954650879
training loss = 0.4867725968360901
training loss = 0.42019087076187134
training loss = 0.3266655206680298
training loss = 0.24767889082431793
training loss = 0.20493993163108826
training loss = 0.16851162910461426
training loss = 0.13410180807113647
training loss = 0.1047685369849205
training loss = 0.08424744755029678
training loss = 0.05733548477292061
training loss = 0.04290920868515968
training loss = 0.028101133182644844
training loss = 0.0188337080180645
rep 1 done out of 1
reduced chi^2 level 2 = 0.018754560500383377
Constrained alpha: 1.6619555950164795
Constrained beta: 6.573479652404785
Constrained gamma: 41.15052795410156
(1, 6)
(1, 0)
Thanks for using LHAPDF 6.5.4. Please make sure to cite the paper:
  Eur.Phys.J. C75 (2015) 3, 132  (http://arxiv.org/abs/1412.7420)
