LHAPDF 6.5.4 loading /data/theorie/jjohn/miniconda3/envs/nnpdf_dev/share/LHAPDF/FASERv_EPOS+POWHEG_7TeV/FASERv_EPOS+POWHEG_7TeV_0000.dat
FASERv_EPOS+POWHEG_7TeV PDF set, member #0, version 1; LHAPDF ID = 70001000
LHAPDF 6.5.4 loading /data/theorie/jjohn/miniconda3/envs/nnpdf_dev/share/LHAPDF/FASERv_EPOS+POWHEG_7TeV/FASERv_EPOS+POWHEG_7TeV_0000.dat
FASERv_EPOS+POWHEG_7TeV PDF set, member #0, version 1; LHAPDF ID = 70001000
3.001543254145563 10.7826496048399 67.04128459429654
val isze = 0
idinces = [4 1 3 2 5 0]
training loss = 105.45372009277344
training loss = 95.42384338378906
training loss = 83.35795593261719
training loss = 68.7895278930664
training loss = 49.45635986328125
training loss = 34.665496826171875
training loss = 19.93366241455078
training loss = 8.37510871887207
training loss = 3.3627495765686035
training loss = 2.239090919494629
training loss = 1.8437174558639526
training loss = 1.5802736282348633
training loss = 1.3631746768951416
training loss = 1.170683741569519
training loss = 0.99861079454422
training loss = 0.846055805683136
training loss = 0.7119905948638916
training loss = 0.5951323509216309
training loss = 0.4940710663795471
training loss = 0.40736109018325806
rep 1 done out of 1
reduced chi^2 level 2 = 0.40656304359436035
Constrained alpha: 2.604863166809082
Constrained beta: 8.852123260498047
Constrained gamma: 66.8680419921875
(1, 6)
(1, 0)
Thanks for using LHAPDF 6.5.4. Please make sure to cite the paper:
  Eur.Phys.J. C75 (2015) 3, 132  (http://arxiv.org/abs/1412.7420)
