LHAPDF 6.5.4 loading /data/theorie/jjohn/miniconda3/envs/nnpdf_dev/share/LHAPDF/FASERv_EPOS+POWHEG_7TeV/FASERv_EPOS+POWHEG_7TeV_0000.dat
FASERv_EPOS+POWHEG_7TeV PDF set, member #0, version 1; LHAPDF ID = 70001000
LHAPDF 6.5.4 loading /data/theorie/jjohn/miniconda3/envs/nnpdf_dev/share/LHAPDF/FASERv_EPOS+POWHEG_7TeV/FASERv_EPOS+POWHEG_7TeV_0000.dat
FASERv_EPOS+POWHEG_7TeV PDF set, member #0, version 1; LHAPDF ID = 70001000
0.8799375270926812 7.078595059570308 6.182013115204499
val isze = 0
idinces = [2 1 4 0 3 5]
training loss = 11.225448608398438
training loss = 10.52279281616211
training loss = 9.789234161376953
training loss = 9.052855491638184
training loss = 8.366267204284668
training loss = 7.759296417236328
training loss = 7.245079040527344
training loss = 6.8245720863342285
training loss = 6.49090576171875
training loss = 6.233014106750488
training loss = 6.03836727142334
training loss = 5.893548965454102
training loss = 5.78363037109375
training loss = 5.690462112426758
training loss = 5.587101459503174
training loss = 5.411996364593506
training loss = 4.915259838104248
training loss = 2.5782456398010254
training loss = 1.5509331226348877
training loss = 1.4263302087783813
rep 1 done out of 1
reduced chi^2 level 2 = 1.4251413345336914
Constrained alpha: 1.6707124710083008
Constrained beta: 9.995070457458496
Constrained gamma: 7.456299781799316
(1, 6)
(1, 0)
Thanks for using LHAPDF 6.5.4. Please make sure to cite the paper:
  Eur.Phys.J. C75 (2015) 3, 132  (http://arxiv.org/abs/1412.7420)
