LHAPDF 6.5.4 loading /data/theorie/jjohn/miniconda3/envs/nnpdf_dev/share/LHAPDF/FASERv_EPOS+POWHEG_7TeV/FASERv_EPOS+POWHEG_7TeV_0000.dat
FASERv_EPOS+POWHEG_7TeV PDF set, member #0, version 1; LHAPDF ID = 70001000
LHAPDF 6.5.4 loading /data/theorie/jjohn/miniconda3/envs/nnpdf_dev/share/LHAPDF/FASERv_EPOS+POWHEG_7TeV/FASERv_EPOS+POWHEG_7TeV_0000.dat
FASERv_EPOS+POWHEG_7TeV PDF set, member #0, version 1; LHAPDF ID = 70001000
2.3163481065404516 13.633617718195074 84.16357129586025
val isze = 0
idinces = [2 1 4 0 3 5]
training loss = 3.6825358867645264
training loss = 1.6246328353881836
training loss = 0.3441489040851593
training loss = 0.2397077977657318
training loss = 0.23010817170143127
training loss = 0.20905929803848267
training loss = 0.19718587398529053
training loss = 0.18488377332687378
training loss = 0.17800994217395782
training loss = 0.1650126874446869
training loss = 0.1565074622631073
training loss = 0.14775937795639038
training loss = 0.1397782564163208
training loss = 0.13154421746730804
training loss = 0.12342291325330734
training loss = 0.11476965993642807
training loss = 0.1056843101978302
training loss = 0.09715781360864639
training loss = 0.08558985590934753
training loss = 0.07397216558456421
rep 1 done out of 1
reduced chi^2 level 2 = 0.07384639978408813
Constrained alpha: 1.8071033954620361
Constrained beta: 11.365876197814941
Constrained gamma: 57.22779846191406
(1, 6)
(1, 0)
Thanks for using LHAPDF 6.5.4. Please make sure to cite the paper:
  Eur.Phys.J. C75 (2015) 3, 132  (http://arxiv.org/abs/1412.7420)
