LHAPDF 6.5.4 loading /data/theorie/jjohn/miniconda3/envs/nnpdf_dev/share/LHAPDF/FASERv_EPOS+POWHEG_7TeV/FASERv_EPOS+POWHEG_7TeV_0000.dat
FASERv_EPOS+POWHEG_7TeV PDF set, member #0, version 1; LHAPDF ID = 70001000
LHAPDF 6.5.4 loading /data/theorie/jjohn/miniconda3/envs/nnpdf_dev/share/LHAPDF/FASERv_EPOS+POWHEG_7TeV/FASERv_EPOS+POWHEG_7TeV_0000.dat
FASERv_EPOS+POWHEG_7TeV PDF set, member #0, version 1; LHAPDF ID = 70001000
2.6982346868376546 17.743112939657717 30.536691659132874
val isze = 0
idinces = [2 1 4 0 3 5]
training loss = 13.103700637817383
training loss = 10.742317199707031
training loss = 8.169594764709473
training loss = 5.449361801147461
training loss = 3.196444511413574
training loss = 1.7504816055297852
training loss = 1.6473100185394287
training loss = 1.5291786193847656
training loss = 1.3794300556182861
training loss = 1.174434781074524
training loss = 0.8339511156082153
training loss = 0.3704875409603119
training loss = 0.09489073604345322
training loss = 0.022629862651228905
training loss = 0.009102513082325459
training loss = 0.005984378978610039
training loss = 0.005010377615690231
training loss = 0.039344340562820435
training loss = 0.004266579635441303
training loss = 0.0075562321580946445
rep 1 done out of 1
reduced chi^2 level 2 = 0.007147228345274925
Constrained alpha: 1.460854172706604
Constrained beta: 11.759135246276855
Constrained gamma: 27.212800979614258
(1, 6)
(1, 0)
Thanks for using LHAPDF 6.5.4. Please make sure to cite the paper:
  Eur.Phys.J. C75 (2015) 3, 132  (http://arxiv.org/abs/1412.7420)
