data before
[0.00000000e+00 0.00000000e+00 0.00000000e+00 0.00000000e+00
 0.00000000e+00 0.00000000e+00 0.00000000e+00 0.00000000e+00
 0.00000000e+00 0.00000000e+00 0.00000000e+00 5.57657739e-04
 1.71135155e-02 1.52347393e-01 4.11047088e-01 7.62033217e-01
 1.28459682e+00 2.04822352e+00 3.04780042e+00 4.78439220e+00
 7.34570329e+00 1.02073014e+01 1.49571227e+01 2.31990165e+01
 2.72081787e+01 2.91976000e+01 3.11090995e+01 3.24987602e+01
 3.29278008e+01 3.11299224e+01 2.71913177e+01 2.21718881e+01
 1.65541988e+01 1.15686996e+01 7.49874866e+00 4.79488960e+00
 3.30518493e+00 2.81167137e+00 3.25595671e-01 0.00000000e+00
 0.00000000e+00]
7
data after
[30.061116575363595, 38.15613917980373, 27.208178735984266, 29.197599971288444, 31.10909952982128, 32.498760232516524, 32.92780081108138, 31.129922380243542, 27.191317670272294, 22.171888085323573, 46.85898872553864]
12
data,sig_tot
[30.06111658 38.15613918 27.20817874 29.19759997 31.10909953 32.49876023
 32.92780081 31.12992238 27.19131767 22.17188809 46.85898873 24.49231035
 31.84445334]
[30.06111658 38.15613918 27.20817874 29.19759997 31.10909953 32.49876023
 32.92780081 31.12992238 27.19131767 22.17188809 46.85898873 24.49231035
 31.84445334]
1.0622532396943734 17.05931341244156 69.6139498010084
val isze = 0
idinces = [ 3  7 11  6  8  2 12  5 10  1  0  4  9]
training loss = 1.5300378799438477 500
training loss = 0.5879344940185547 1000
reduced chi^2 level 2 = 0.5824974179267883
Constrained alpha: 2.6957848072052
Constrained beta: 3.2822890281677246
Constrained gamma: 32.27979278564453
(1, 13)
(1, 0)
