data before
[0.00000000e+00 0.00000000e+00 0.00000000e+00 0.00000000e+00
 0.00000000e+00 0.00000000e+00 0.00000000e+00 0.00000000e+00
 0.00000000e+00 0.00000000e+00 0.00000000e+00 0.00000000e+00
 0.00000000e+00 0.00000000e+00 0.00000000e+00 0.00000000e+00
 0.00000000e+00 0.00000000e+00 0.00000000e+00 0.00000000e+00
 0.00000000e+00 0.00000000e+00 0.00000000e+00 0.00000000e+00
 0.00000000e+00 0.00000000e+00 0.00000000e+00 0.00000000e+00
 0.00000000e+00 0.00000000e+00 0.00000000e+00 0.00000000e+00
 0.00000000e+00 0.00000000e+00 0.00000000e+00 0.00000000e+00
 0.00000000e+00 0.00000000e+00 0.00000000e+00 0.00000000e+00
 0.00000000e+00 0.00000000e+00 0.00000000e+00 0.00000000e+00
 0.00000000e+00 0.00000000e+00 0.00000000e+00 0.00000000e+00
 0.00000000e+00 0.00000000e+00 0.00000000e+00 0.00000000e+00
 0.00000000e+00 0.00000000e+00 0.00000000e+00 0.00000000e+00
 0.00000000e+00 0.00000000e+00 0.00000000e+00 0.00000000e+00
 0.00000000e+00 0.00000000e+00 0.00000000e+00 0.00000000e+00
 0.00000000e+00 0.00000000e+00 0.00000000e+00 0.00000000e+00
 0.00000000e+00 0.00000000e+00 0.00000000e+00 0.00000000e+00
 0.00000000e+00 0.00000000e+00 0.00000000e+00 0.00000000e+00
 0.00000000e+00 0.00000000e+00 0.00000000e+00 0.00000000e+00
 0.00000000e+00 0.00000000e+00 0.00000000e+00 0.00000000e+00
 0.00000000e+00 0.00000000e+00 0.00000000e+00 0.00000000e+00
 0.00000000e+00 0.00000000e+00 0.00000000e+00 0.00000000e+00
 0.00000000e+00 0.00000000e+00 0.00000000e+00 0.00000000e+00
 0.00000000e+00 0.00000000e+00 0.00000000e+00 0.00000000e+00
 0.00000000e+00 0.00000000e+00 0.00000000e+00 9.66321388e-01
 1.16194771e+01 3.55700633e+01 6.63247672e+01 1.04905155e+02
 1.51816599e+02 2.16550834e+02 2.94110976e+02 3.65159694e+02
 4.50370746e+02 5.58528815e+02 6.87236470e+02 8.22889297e+02
 9.99647120e+02 1.17895489e+03 1.39050453e+03 1.58079089e+03
 1.78576279e+03 2.05825151e+03 2.25501447e+03 2.53518312e+03
 2.88173348e+03 3.28608209e+03 3.60491434e+03 4.05738095e+03
 4.43109855e+03 4.78319872e+03 5.12770569e+03 5.50633097e+03
 5.83125567e+03 6.16876130e+03 6.57987090e+03 6.73799402e+03
 7.01004330e+03 7.28389978e+03 7.42381928e+03 7.72071856e+03
 7.87390115e+03 8.03349326e+03 8.29978516e+03 8.27396845e+03
 8.34746592e+03 8.39382457e+03 8.35971966e+03 8.45016216e+03
 8.41538015e+03 8.30628115e+03 8.21147640e+03 8.03298279e+03
 7.81975362e+03 7.58775680e+03 7.38996835e+03 7.26247361e+03
 7.10566373e+03 6.78341136e+03 6.42447871e+03 6.00539192e+03
 5.56218233e+03 5.24144920e+03 5.04992771e+03 4.79289472e+03
 4.47727816e+03 4.10058340e+03 3.64428474e+03 3.18716938e+03
 2.83517080e+03 2.70977294e+03 2.51756828e+03 2.25127829e+03
 1.96640913e+03 1.62661259e+03 1.29725883e+03 1.07485201e+03
 9.90169927e+02 9.12698734e+02 7.42571299e+02 5.98687789e+02
 4.22726573e+02 2.34736781e+02 1.34163249e+02 1.34012112e+02
 1.34105057e+02 9.86975786e+01 7.47940105e+01 5.38227733e+01
 2.63476737e+01 5.35255393e+01 2.57041861e+01 0.00000000e+00
 0.00000000e+00 0.00000000e+00 0.00000000e+00 0.00000000e+00
 0.00000000e+00 0.00000000e+00 0.00000000e+00 0.00000000e+00
 0.00000000e+00]
10
data after
[48.1558618280347, 66.32476722890316, 104.90515537726725, 151.8165988291391, 216.55083398851752, 294.1109761803914, 365.1596936407548, 450.37074610046477, 558.5288154526453, 687.2364695117395, 822.8892972184527, 999.6471196243849, 1178.9548862164613, 1390.504525319912, 1580.7908870887193, 1785.7627893390065, 2058.251513783646, 2255.014469455388, 2535.183121186772, 2881.7334765823202, 3286.0820892604024, 3604.9143433379922, 4057.3809490205776, 4431.098553115855, 4783.198716051853, 5127.705690257599, 5506.3309655968, 5831.2556670824315, 6168.761295735425, 6579.870895161007, 6737.994018660834, 7010.04329620162, 7283.899782796245, 7423.81928115596, 7720.718563404216, 7873.901149759188, 8033.493264181245, 8299.785163868844, 8273.968447990575, 8347.465915023575, 8393.824573420488, 8359.719657320782, 8450.162159306907, 8415.38015077666, 8306.281148972945, 8211.476397285924, 8032.98279395277, 7819.75362082539, 7587.756804728058, 7389.968350642459, 7262.473612981671, 7105.663731178343, 6783.411360927893, 6424.478705086842, 6005.391915612425, 5562.182325451038, 5241.449200123656, 5049.92771058851, 4792.894717731239, 4477.278162372318, 4100.583399840021, 3644.28473550159, 3187.169382227387, 2835.17079941993, 2709.7729407409356, 2517.5682838782927, 2251.2782929359155, 1966.4091267792994, 1626.6125905126173, 1297.2588313237993, 1074.85201035779, 990.1699270719319, 912.6987343031608, 742.5712992334563, 598.6877885015302, 422.7265727955282, 234.73678076555137, 134.16324890576362, 134.01211160157294, 134.10505660343077, 98.69757864843578, 74.79401054113623, 53.82277334094459, 26.34767371644005, 53.525539343455755, 25.70418607826935]
11
data,sig_tot
[  48.15586183   66.32476723  104.90515538  151.81659883  216.55083399
  294.11097618  365.15969364  450.3707461   558.52881545  687.23646951
  822.88929722  999.64711962 1178.95488622 1390.50452532 1580.79088709
 1785.76278934 2058.25151378 2255.01446946 2535.18312119 2881.73347658
 3286.08208926 3604.91434334 4057.38094902 4431.09855312 4783.19871605
 5127.70569026 5506.3309656  5831.25566708 6168.76129574 6579.87089516
 6737.99401866 7010.0432962  7283.8997828  7423.81928116 7720.7185634
 7873.90114976 8033.49326418 8299.78516387 8273.96844799 8347.46591502
 8393.82457342 8359.71965732 8450.16215931 8415.38015078 8306.28114897
 8211.47639729 8032.98279395 7819.75362083 7587.75680473 7389.96835064
 7262.47361298 7105.66373118 6783.41136093 6424.47870509 6005.39191561
 5562.18232545 5241.44920012 5049.92771059 4792.89471773 4477.27816237
 4100.58339984 3644.2847355  3187.16938223 2835.17079942 2709.77294074
 2517.56828388 2251.27829294 1966.40912678 1626.61259051 1297.25883132
 1074.85201036  990.16992707  912.6987343   742.57129923  598.6877885
  422.7265728   234.73678077  134.16324891  134.0121116   134.1050566
   98.69757865   74.79401054   53.82277334   26.34767372   53.52553934
   25.70418608   21.59455659   32.70299314   53.80332245   80.51339712
  114.78284053  149.20266814  186.05332109  216.35991861  266.25424663
  309.587033    353.92031413  407.99122154  462.85396286  521.62881348
  577.39244085  650.71533279  722.90009726  813.48849422  909.10373699
  991.09735735 1102.58549484 1191.00452497 1252.55119363 1339.97889781
 1395.63927203 1482.39135091 1532.5985606  1578.1544148  1658.35104479
 1688.96027523 1752.41100124 1827.51234892 1824.76407926 1884.81845096
 1926.87781992 1934.86961935 1969.85408156 1953.92695251 1953.0018441
 1908.99786181 1897.68625315 1910.58313729 1870.1012932  1843.67807207
 1785.61508106 1738.38457715 1649.00756279 1588.86359335 1519.70877563
 1487.94230688 1447.39498318 1373.72839612 1289.05910712 1187.39330242
 1093.96977014 1018.73301327  969.83359821  929.28741273  855.46209058
  771.46701132  679.35110891  583.90371001  507.62288915  480.75872063
  449.93324216  394.09887064  336.30653096  270.38056474  198.72546211
  156.03343122  146.96358378  137.76325729  111.32461623   86.99916295
   59.44401338   28.95232665   27.72796541   27.05468083   28.18821838]
[  48.15586183   66.32476723  104.90515538  151.81659883  216.55083399
  294.11097618  365.15969364  450.3707461   558.52881545  687.23646951
  822.88929722  999.64711962 1178.95488622 1390.50452532 1580.79088709
 1785.76278934 2058.25151378 2255.01446946 2535.18312119 2881.73347658
 3286.08208926 3604.91434334 4057.38094902 4431.09855312 4783.19871605
 5127.70569026 5506.3309656  5831.25566708 6168.76129574 6579.87089516
 6737.99401866 7010.0432962  7283.8997828  7423.81928116 7720.7185634
 7873.90114976 8033.49326418 8299.78516387 8273.96844799 8347.46591502
 8393.82457342 8359.71965732 8450.16215931 8415.38015078 8306.28114897
 8211.47639729 8032.98279395 7819.75362083 7587.75680473 7389.96835064
 7262.47361298 7105.66373118 6783.41136093 6424.47870509 6005.39191561
 5562.18232545 5241.44920012 5049.92771059 4792.89471773 4477.27816237
 4100.58339984 3644.2847355  3187.16938223 2835.17079942 2709.77294074
 2517.56828388 2251.27829294 1966.40912678 1626.61259051 1297.25883132
 1074.85201036  990.16992707  912.6987343   742.57129923  598.6877885
  422.7265728   234.73678077  134.16324891  134.0121116   134.1050566
   98.69757865   74.79401054   53.82277334   26.34767372   53.52553934
   25.70418608   21.59455659   32.70299314   53.80332245   80.51339712
  114.78284053  149.20266814  186.05332109  216.35991861  266.25424663
  309.587033    353.92031413  407.99122154  462.85396286  521.62881348
  577.39244085  650.71533279  722.90009726  813.48849422  909.10373699
  991.09735735 1102.58549484 1191.00452497 1252.55119363 1339.97889781
 1395.63927203 1482.39135091 1532.5985606  1578.1544148  1658.35104479
 1688.96027523 1752.41100124 1827.51234892 1824.76407926 1884.81845096
 1926.87781992 1934.86961935 1969.85408156 1953.92695251 1953.0018441
 1908.99786181 1897.68625315 1910.58313729 1870.1012932  1843.67807207
 1785.61508106 1738.38457715 1649.00756279 1588.86359335 1519.70877563
 1487.94230688 1447.39498318 1373.72839612 1289.05910712 1187.39330242
 1093.96977014 1018.73301327  969.83359821  929.28741273  855.46209058
  771.46701132  679.35110891  583.90371001  507.62288915  480.75872063
  449.93324216  394.09887064  336.30653096  270.38056474  198.72546211
  156.03343122  146.96358378  137.76325729  111.32461623   86.99916295
   59.44401338   28.95232665   27.72796541   27.05468083   28.18821838]
1.0234862804176192 18.744019821602368 50.578177352198765
val isze = 0
idinces = [ 43  63  87  20 129  68  98 104  66 133 145  10 136  24  61 155  58  70
  52 105   1  35  99  39  19  47  49 106  21  60 103 132 138  97 128 141
  69   2  56 135  38  76 116 118 131  72  82  59  55 134  83  26 137  67
  41  78  32 161 158  48 108  25  53  90 109  51  14 150  29   3 159 114
 153  37 154 152  45 144  81  42  79 130 143  12 110 124  85   6  91  95
 163 151  34 140  50 102 101 112   4   5  44 111  96  84 142 119  75   7
  46  17 121 117  71  80 127 162 164 146  74  28  11 120  94  23  22 148
  93  18  27  36  57  31  65  89  30  86  92 126  13  77 147 149  33  62
 122 107  88  54 139 100  16 115  40   0  73   8 160 157 156 123 113  64
  15 125   9]
training loss = 55.460105895996094 500
training loss = 27.270183563232422 1000
training loss = 25.259824752807617 1500
training loss = 23.37117576599121 2000
training loss = 18.956233978271484 2500
training loss = 6.152894496917725 3000
training loss = 4.663082122802734 3500
training loss = 4.171125888824463 4000
training loss = 4.042538642883301 4500
training loss = 4.065974235534668 5000
training loss = 4.005783557891846 5500
training loss = 3.987746238708496 6000
training loss = 3.965404510498047 6500
training loss = 3.9389162063598633 7000
training loss = 3.897681713104248 7500
training loss = 3.7921547889709473 8000
training loss = 3.6515209674835205 8500
training loss = 3.5174684524536133 9000
training loss = 3.443899393081665 9500
training loss = 3.3892340660095215 10000
training loss = 3.2748734951019287 10500
training loss = 3.0745019912719727 11000
training loss = 3.0572102069854736 11500
training loss = 3.0511796474456787 12000
training loss = 3.0467090606689453 12500
training loss = 3.042036533355713 13000
training loss = 3.142764091491699 13500
training loss = 3.065506935119629 14000
training loss = 3.0461888313293457 14500
training loss = 2.9970476627349854 15000
training loss = 2.9692766666412354 15500
training loss = 2.9167985916137695 16000
training loss = 2.870750665664673 16500
training loss = 2.874770164489746 17000
training loss = 2.81095552444458 17500
training loss = 2.7755274772644043 18000
training loss = 2.7573299407958984 18500
training loss = 2.732358694076538 19000
training loss = 2.723175525665283 19500
training loss = 3.3648014068603516 20000
training loss = 3.0882644653320312 20500
training loss = 2.659865379333496 21000
training loss = 2.647487163543701 21500
training loss = 2.6377222537994385 22000
training loss = 2.6288554668426514 22500
training loss = 2.620504379272461 23000
training loss = 2.6128664016723633 23500
training loss = 2.6053547859191895 24000
training loss = 2.6016793251037598 24500
training loss = 2.592543363571167 25000
training loss = 2.5859787464141846 25500
training loss = 2.5822412967681885 26000
training loss = 2.577552080154419 26500
training loss = 2.5700206756591797 27000
training loss = 2.564649820327759 27500
training loss = 2.559028387069702 28000
training loss = 2.553534746170044 28500
training loss = 2.605633020401001 29000
training loss = 2.5430614948272705 29500
training loss = 2.5361921787261963 30000
reduced chi^2 level 2 = 2.5361766815185547
Constrained alpha: 2.2801411151885986
Constrained beta: 3.092442035675049
Constrained gamma: 19.643798828125
(1, 165)
(1, 0)
